2024-05-06 12:10:27.366 [info] Log level: Info
2024-05-06 12:10:27.366 [info] Validating found git in: "git"
2024-05-06 12:10:27.366 [info] Using git "2.39.2" from "git"
2024-05-06 12:10:27.366 [info] > git rev-parse --show-toplevel [112ms]
2024-05-06 12:10:27.366 [info] > git rev-parse --git-dir --git-common-dir [18ms]
2024-05-06 12:10:27.366 [info] Open repository: /home/louis
2024-05-06 12:10:27.366 [info] > git rev-parse --show-toplevel [177ms]
2024-05-06 12:10:27.366 [info] > git config --get commit.template [204ms]
2024-05-06 12:10:27.366 [info] > git check-ignore -v -z --stdin [991ms]
2024-05-06 12:10:27.366 [info] > git rev-parse --show-toplevel [803ms]
2024-05-06 12:10:27.366 [info] > git for-each-ref --format=%(refname)%00%(upstream:short)%00%(objectname)%00%(upstream:track)%00%(upstream:remotename)%00%(upstream:remoteref) refs/heads/main refs/remotes/main [752ms]
2024-05-06 12:10:27.433 [info] > git rev-parse --show-toplevel [69ms]
2024-05-06 12:10:27.612 [info] > git rev-parse --show-toplevel [115ms]
2024-05-06 12:10:27.747 [info] > git rev-parse --show-toplevel [73ms]
2024-05-06 12:10:27.853 [info] > git check-ignore -v -z --stdin [526ms]
2024-05-06 12:10:27.867 [info] > git rev-parse --show-toplevel [29ms]
2024-05-06 12:10:27.895 [info] > git rev-parse --show-toplevel [6ms]
2024-05-06 12:10:27.911 [info] > git rev-parse --show-toplevel [3ms]
2024-05-06 12:10:30.050 [info] > git status -z -uall [2625ms]
2024-05-06 12:10:30.162 [info] > git rev-parse --show-toplevel [2218ms]
2024-05-06 12:10:30.798 [info] > git merge-base refs/heads/main refs/remotes/origin/main [690ms]
2024-05-06 12:10:30.918 [info] > git rev-parse --show-toplevel [121ms]
2024-05-06 12:10:30.926 [info] > git config --get commit.template [154ms]
2024-05-06 12:10:31.025 [info] > git rev-list --count --left-right refs/heads/main...refs/remotes/origin/main [172ms]
2024-05-06 12:10:31.234 [info] > git rev-parse --show-toplevel [227ms]
2024-05-06 12:10:31.729 [info] > git for-each-ref --format=%(refname)%00%(upstream:short)%00%(objectname)%00%(upstream:track)%00%(upstream:remotename)%00%(upstream:remoteref) refs/heads/main refs/remotes/main [584ms]
2024-05-06 12:10:31.730 [info] > git diff --name-status -z --diff-filter=ADMR 016921bdb49c091c7a583b20acbbadb709a9c4fb...refs/remotes/origin/main [645ms]
2024-05-06 12:10:31.749 [info] > git rev-parse --show-toplevel [41ms]
2024-05-06 12:10:31.852 [info] > git rev-parse --show-toplevel [41ms]
2024-05-06 12:10:32.117 [info] > git show --textconv :ligue1-frontend/src/pages/User/User.js [158ms]
2024-05-06 12:10:32.244 [info] > git ls-files --stage -- /home/louis/ligue1-frontend/src/pages/User/User.js [201ms]
2024-05-06 12:10:33.961 [info] > git status -z -uall [1867ms]
2024-05-06 12:10:33.972 [info] > git cat-file -s ac72be0625c86d3d5db830bd5b5ac225c9d36bf3 [1663ms]
2024-05-06 12:10:43.668 [info] > git config --get commit.template [33ms]
2024-05-06 12:10:43.680 [info] > git for-each-ref --format=%(refname)%00%(upstream:short)%00%(objectname)%00%(upstream:track)%00%(upstream:remotename)%00%(upstream:remoteref) refs/heads/main refs/remotes/main [13ms]
2024-05-06 12:10:44.226 [info] > git status -z -uall [520ms]
2024-05-06 12:11:08.095 [info] > git check-ignore -v -z --stdin [23ms]
2024-05-06 12:11:56.779 [info] > git check-ignore -v -z --stdin [40ms]
2024-05-06 12:12:09.761 [info] > git config --get commit.template [24ms]
2024-05-06 12:12:09.762 [info] > git for-each-ref --format=%(refname)%00%(upstream:short)%00%(objectname)%00%(upstream:track)%00%(upstream:remotename)%00%(upstream:remoteref) refs/heads/main refs/remotes/main [3ms]
2024-05-06 12:12:10.058 [info] > git status -z -uall [275ms]
2024-05-06 12:12:15.129 [info] > git config --get commit.template [31ms]
2024-05-06 12:12:15.130 [info] > git for-each-ref --format=%(refname)%00%(upstream:short)%00%(objectname)%00%(upstream:track)%00%(upstream:remotename)%00%(upstream:remoteref) refs/heads/main refs/remotes/main [3ms]
2024-05-06 12:12:15.427 [info] > git status -z -uall [271ms]
2024-05-06 12:12:22.904 [info] > git check-ignore -v -z --stdin [19ms]
2024-05-06 12:12:27.006 [info] > git check-ignore -v -z --stdin [25ms]
2024-05-06 12:12:31.714 [info] > git show --textconv :api_louis/database/migrations/2014_10_12_000000_create_users_table.php [105ms]
2024-05-06 12:12:31.715 [info] > git ls-files --stage -- /home/louis/api_louis/database/migrations/2014_10_12_000000_create_users_table.php [65ms]
2024-05-06 12:12:31.791 [info] > git cat-file -s 6b557f6d7385406a32e5359427f27166ffabdfcb [46ms]
2024-05-06 12:12:53.757 [info] > git config --get commit.template [28ms]
2024-05-06 12:12:53.759 [info] > git for-each-ref --format=%(refname)%00%(upstream:short)%00%(objectname)%00%(upstream:track)%00%(upstream:remotename)%00%(upstream:remoteref) refs/heads/main refs/remotes/main [5ms]
2024-05-06 12:12:54.798 [info] > git status -z -uall [1006ms]
2024-05-06 12:26:38.616 [info] > git config --get commit.template [24ms]
2024-05-06 12:26:38.617 [info] > git for-each-ref --format=%(refname)%00%(upstream:short)%00%(objectname)%00%(upstream:track)%00%(upstream:remotename)%00%(upstream:remoteref) refs/heads/main refs/remotes/main [2ms]
2024-05-06 12:26:39.026 [info] > git status -z -uall [388ms]
2024-05-06 12:26:44.093 [info] > git config --get commit.template [33ms]
2024-05-06 12:26:44.097 [info] > git for-each-ref --format=%(refname)%00%(upstream:short)%00%(objectname)%00%(upstream:track)%00%(upstream:remotename)%00%(upstream:remoteref) refs/heads/main refs/remotes/main [6ms]
2024-05-06 12:26:44.535 [info] > git status -z -uall [407ms]
2024-05-06 12:26:49.581 [info] > git config --get commit.template [4ms]
2024-05-06 12:26:49.622 [info] > git for-each-ref --format=%(refname)%00%(upstream:short)%00%(objectname)%00%(upstream:track)%00%(upstream:remotename)%00%(upstream:remoteref) refs/heads/main refs/remotes/main [3ms]
2024-05-06 12:26:50.103 [info] > git status -z -uall [451ms]
2024-05-06 12:27:15.195 [info] > git config --get commit.template [31ms]
2024-05-06 12:27:15.196 [info] > git for-each-ref --format=%(refname)%00%(upstream:short)%00%(objectname)%00%(upstream:track)%00%(upstream:remotename)%00%(upstream:remoteref) refs/heads/main refs/remotes/main [3ms]
2024-05-06 12:27:15.691 [info] > git status -z -uall [462ms]
2024-05-06 12:27:20.725 [info] > git config --get commit.template [2ms]
2024-05-06 12:27:20.757 [info] > git for-each-ref --format=%(refname)%00%(upstream:short)%00%(objectname)%00%(upstream:track)%00%(upstream:remotename)%00%(upstream:remoteref) refs/heads/main refs/remotes/main [8ms]
2024-05-06 12:27:21.157 [info] > git status -z -uall [374ms]
2024-05-06 12:27:40.601 [info] > git config --get commit.template [2ms]
2024-05-06 12:27:40.628 [info] > git for-each-ref --format=%(refname)%00%(upstream:short)%00%(objectname)%00%(upstream:track)%00%(upstream:remotename)%00%(upstream:remoteref) refs/heads/main refs/remotes/main [3ms]
2024-05-06 12:27:40.992 [info] > git status -z -uall [339ms]
2024-05-06 12:28:57.513 [info] > git config --get commit.template [26ms]
2024-05-06 12:28:57.515 [info] > git for-each-ref --format=%(refname)%00%(upstream:short)%00%(objectname)%00%(upstream:track)%00%(upstream:remotename)%00%(upstream:remoteref) refs/heads/main refs/remotes/main [3ms]
2024-05-06 12:28:57.926 [info] > git status -z -uall [387ms]
2024-05-06 12:29:02.964 [info] > git config --get commit.template [2ms]
2024-05-06 12:29:02.996 [info] > git for-each-ref --format=%(refname)%00%(upstream:short)%00%(objectname)%00%(upstream:track)%00%(upstream:remotename)%00%(upstream:remoteref) refs/heads/main refs/remotes/main [3ms]
2024-05-06 12:29:03.436 [info] > git status -z -uall [397ms]
2024-05-06 12:29:07.524 [info] > git check-ignore -v -z --stdin [17ms]
2024-05-06 12:29:08.488 [info] > git config --get commit.template [10ms]
2024-05-06 12:29:08.592 [info] > git for-each-ref --format=%(refname)%00%(upstream:short)%00%(objectname)%00%(upstream:track)%00%(upstream:remotename)%00%(upstream:remoteref) refs/heads/main refs/remotes/main [73ms]
2024-05-06 12:29:08.856 [info] > git show --textconv :ligue1-frontend/src/api/LoginPageApi.js [58ms]
2024-05-06 12:29:08.868 [info] > git ls-files --stage -- /home/louis/ligue1-frontend/src/api/LoginPageApi.js [22ms]
2024-05-06 12:29:08.931 [info] > git cat-file -s c0a416698035ebdfa4a54233d39def7db6fd724f [29ms]
2024-05-06 12:29:09.251 [info] > git status -z -uall [621ms]
2024-05-06 12:29:13.375 [info] > git check-ignore -v -z --stdin [21ms]
2024-05-06 12:29:14.308 [info] > git config --get commit.template [22ms]
2024-05-06 12:29:14.309 [info] > git for-each-ref --format=%(refname)%00%(upstream:short)%00%(objectname)%00%(upstream:track)%00%(upstream:remotename)%00%(upstream:remoteref) refs/heads/main refs/remotes/main [3ms]
2024-05-06 12:29:14.595 [info] > git check-ignore -v -z --stdin [15ms]
2024-05-06 12:29:14.671 [info] > git status -z -uall [339ms]
2024-05-06 12:29:15.468 [info] > git check-ignore -v -z --stdin [13ms]
2024-05-06 12:29:16.319 [info] > git show --textconv :ligue1-frontend/src/components/forms/LoginForm/LoginForm.js [87ms]
2024-05-06 12:29:16.329 [info] > git ls-files --stage -- /home/louis/ligue1-frontend/src/components/forms/LoginForm/LoginForm.js [18ms]
2024-05-06 12:29:16.368 [info] > git cat-file -s 9a3651fd9469a6a2f68feaec7c46b919f6d64ea6 [11ms]
2024-05-06 12:29:19.731 [info] > git config --get commit.template [27ms]
2024-05-06 12:29:19.735 [info] > git for-each-ref --format=%(refname)%00%(upstream:short)%00%(objectname)%00%(upstream:track)%00%(upstream:remotename)%00%(upstream:remoteref) refs/heads/main refs/remotes/main [4ms]
2024-05-06 12:29:20.176 [info] > git status -z -uall [413ms]
2024-05-06 12:29:25.216 [info] > git config --get commit.template [4ms]
2024-05-06 12:29:25.247 [info] > git for-each-ref --format=%(refname)%00%(upstream:short)%00%(objectname)%00%(upstream:track)%00%(upstream:remotename)%00%(upstream:remoteref) refs/heads/main refs/remotes/main [3ms]
2024-05-06 12:29:25.672 [info] > git status -z -uall [397ms]
2024-05-06 12:29:31.177 [info] > git config --get commit.template [107ms]
2024-05-06 12:29:31.200 [info] > git for-each-ref --format=%(refname)%00%(upstream:short)%00%(objectname)%00%(upstream:track)%00%(upstream:remotename)%00%(upstream:remoteref) refs/heads/main refs/remotes/main [25ms]
2024-05-06 12:29:32.755 [info] > git status -z -uall [1481ms]
2024-05-06 12:29:37.900 [info] > git config --get commit.template [63ms]
2024-05-06 12:29:37.901 [info] > git for-each-ref --format=%(refname)%00%(upstream:short)%00%(objectname)%00%(upstream:track)%00%(upstream:remotename)%00%(upstream:remoteref) refs/heads/main refs/remotes/main [5ms]
2024-05-06 12:29:38.303 [info] > git status -z -uall [363ms]
2024-05-06 12:29:43.381 [info] > git config --get commit.template [26ms]
2024-05-06 12:29:43.434 [info] > git for-each-ref --format=%(refname)%00%(upstream:short)%00%(objectname)%00%(upstream:track)%00%(upstream:remotename)%00%(upstream:remoteref) refs/heads/main refs/remotes/main [3ms]
2024-05-06 12:29:43.873 [info] > git status -z -uall [390ms]
2024-05-06 12:29:48.987 [info] > git config --get commit.template [52ms]
2024-05-06 12:29:48.992 [info] > git for-each-ref --format=%(refname)%00%(upstream:short)%00%(objectname)%00%(upstream:track)%00%(upstream:remotename)%00%(upstream:remoteref) refs/heads/main refs/remotes/main [6ms]
2024-05-06 12:29:49.430 [info] > git status -z -uall [372ms]
2024-05-06 12:29:54.681 [info] > git config --get commit.template [6ms]
2024-05-06 12:29:54.831 [info] > git for-each-ref --format=%(refname)%00%(upstream:short)%00%(objectname)%00%(upstream:track)%00%(upstream:remotename)%00%(upstream:remoteref) refs/heads/main refs/remotes/main [4ms]
2024-05-06 12:29:55.340 [info] > git status -z -uall [447ms]
2024-05-06 12:30:00.482 [info] > git config --get commit.template [55ms]
2024-05-06 12:30:00.559 [info] > git for-each-ref --format=%(refname)%00%(upstream:short)%00%(objectname)%00%(upstream:track)%00%(upstream:remotename)%00%(upstream:remoteref) refs/heads/main refs/remotes/main [11ms]
2024-05-06 12:30:01.518 [info] > git status -z -uall [880ms]
2024-05-06 12:30:07.732 [info] > git config --get commit.template [57ms]
2024-05-06 12:30:07.734 [info] > git for-each-ref --format=%(refname)%00%(upstream:short)%00%(objectname)%00%(upstream:track)%00%(upstream:remotename)%00%(upstream:remoteref) refs/heads/main refs/remotes/main [4ms]
2024-05-06 12:30:08.219 [info] > git status -z -uall [432ms]
2024-05-06 12:30:13.280 [info] > git config --get commit.template [3ms]
2024-05-06 12:30:13.333 [info] > git for-each-ref --format=%(refname)%00%(upstream:short)%00%(objectname)%00%(upstream:track)%00%(upstream:remotename)%00%(upstream:remoteref) refs/heads/main refs/remotes/main [4ms]
2024-05-06 12:30:13.808 [info] > git status -z -uall [430ms]
2024-05-06 12:30:18.871 [info] > git config --get commit.template [4ms]
2024-05-06 12:30:18.927 [info] > git for-each-ref --format=%(refname)%00%(upstream:short)%00%(objectname)%00%(upstream:track)%00%(upstream:remotename)%00%(upstream:remoteref) refs/heads/main refs/remotes/main [3ms]
2024-05-06 12:30:19.379 [info] > git status -z -uall [397ms]
2024-05-06 12:30:24.491 [info] > git config --get commit.template [48ms]
2024-05-06 12:30:24.492 [info] > git for-each-ref --format=%(refname)%00%(upstream:short)%00%(objectname)%00%(upstream:track)%00%(upstream:remotename)%00%(upstream:remoteref) refs/heads/main refs/remotes/main [2ms]
2024-05-06 12:30:24.900 [info] > git status -z -uall [363ms]
2024-05-06 12:30:30.088 [info] > git config --get commit.template [106ms]
2024-05-06 12:30:30.089 [info] > git for-each-ref --format=%(refname)%00%(upstream:short)%00%(objectname)%00%(upstream:track)%00%(upstream:remotename)%00%(upstream:remoteref) refs/heads/main refs/remotes/main [3ms]
2024-05-06 12:30:30.563 [info] > git status -z -uall [420ms]
2024-05-06 12:30:35.678 [info] > git config --get commit.template [54ms]
2024-05-06 12:30:35.680 [info] > git for-each-ref --format=%(refname)%00%(upstream:short)%00%(objectname)%00%(upstream:track)%00%(upstream:remotename)%00%(upstream:remoteref) refs/heads/main refs/remotes/main [5ms]
2024-05-06 12:30:36.141 [info] > git status -z -uall [409ms]
2024-05-06 12:30:41.197 [info] > git config --get commit.template [1ms]
2024-05-06 12:30:41.245 [info] > git for-each-ref --format=%(refname)%00%(upstream:short)%00%(objectname)%00%(upstream:track)%00%(upstream:remotename)%00%(upstream:remoteref) refs/heads/main refs/remotes/main [2ms]
2024-05-06 12:30:41.684 [info] > git status -z -uall [393ms]
2024-05-06 12:30:46.794 [info] > git config --get commit.template [52ms]
2024-05-06 12:30:46.795 [info] > git for-each-ref --format=%(refname)%00%(upstream:short)%00%(objectname)%00%(upstream:track)%00%(upstream:remotename)%00%(upstream:remoteref) refs/heads/main refs/remotes/main [4ms]
2024-05-06 12:30:47.464 [info] > git status -z -uall [621ms]
2024-05-06 12:31:35.929 [info] > git config --get commit.template [38ms]
2024-05-06 12:31:35.932 [info] > git for-each-ref --format=%(refname)%00%(upstream:short)%00%(objectname)%00%(upstream:track)%00%(upstream:remotename)%00%(upstream:remoteref) refs/heads/main refs/remotes/main [3ms]
2024-05-06 12:31:36.366 [info] > git status -z -uall [394ms]
2024-05-06 12:31:41.454 [info] > git config --get commit.template [39ms]
2024-05-06 12:31:41.457 [info] > git for-each-ref --format=%(refname)%00%(upstream:short)%00%(objectname)%00%(upstream:track)%00%(upstream:remotename)%00%(upstream:remoteref) refs/heads/main refs/remotes/main [4ms]
2024-05-06 12:31:41.838 [info] > git status -z -uall [344ms]
2024-05-06 12:31:44.813 [info] > git show --textconv :ligue1-frontend/src/pages/User/User.js [73ms]
2024-05-06 12:31:44.823 [info] > git ls-files --stage -- /home/louis/ligue1-frontend/src/pages/User/User.js [20ms]
2024-05-06 12:31:44.870 [info] > git cat-file -s ac72be0625c86d3d5db830bd5b5ac225c9d36bf3 [5ms]
2024-05-06 12:31:47.029 [info] > git config --get commit.template [25ms]
2024-05-06 12:31:47.633 [info] > git for-each-ref --format=%(refname)%00%(upstream:short)%00%(objectname)%00%(upstream:track)%00%(upstream:remotename)%00%(upstream:remoteref) refs/heads/main refs/remotes/main [440ms]
2024-05-06 12:31:49.072 [info] > git status -z -uall [1316ms]
2024-05-06 12:31:54.193 [info] > git config --get commit.template [19ms]
2024-05-06 12:31:54.233 [info] > git for-each-ref --format=%(refname)%00%(upstream:short)%00%(objectname)%00%(upstream:track)%00%(upstream:remotename)%00%(upstream:remoteref) refs/heads/main refs/remotes/main [4ms]
2024-05-06 12:31:54.605 [info] > git status -z -uall [340ms]
2024-05-06 12:31:59.701 [info] > git config --get commit.template [47ms]
2024-05-06 12:31:59.702 [info] > git for-each-ref --format=%(refname)%00%(upstream:short)%00%(objectname)%00%(upstream:track)%00%(upstream:remotename)%00%(upstream:remoteref) refs/heads/main refs/remotes/main [10ms]
2024-05-06 12:32:00.145 [info] > git status -z -uall [404ms]
2024-05-06 12:32:23.505 [info] > git config --get commit.template [2ms]
2024-05-06 12:32:23.547 [info] > git for-each-ref --format=%(refname)%00%(upstream:short)%00%(objectname)%00%(upstream:track)%00%(upstream:remotename)%00%(upstream:remoteref) refs/heads/main refs/remotes/main [2ms]
2024-05-06 12:32:23.934 [info] > git status -z -uall [349ms]
2024-05-06 12:32:29.027 [info] > git config --get commit.template [43ms]
2024-05-06 12:32:29.028 [info] > git for-each-ref --format=%(refname)%00%(upstream:short)%00%(objectname)%00%(upstream:track)%00%(upstream:remotename)%00%(upstream:remoteref) refs/heads/main refs/remotes/main [6ms]
2024-05-06 12:32:29.454 [info] > git status -z -uall [370ms]
2024-05-06 12:32:34.508 [info] > git config --get commit.template [2ms]
2024-05-06 12:32:34.551 [info] > git for-each-ref --format=%(refname)%00%(upstream:short)%00%(objectname)%00%(upstream:track)%00%(upstream:remotename)%00%(upstream:remoteref) refs/heads/main refs/remotes/main [2ms]
2024-05-06 12:32:35.429 [info] > git status -z -uall [835ms]
2024-05-06 12:32:41.216 [info] > git config --get commit.template [3ms]
2024-05-06 12:32:41.264 [info] > git for-each-ref --format=%(refname)%00%(upstream:short)%00%(objectname)%00%(upstream:track)%00%(upstream:remotename)%00%(upstream:remoteref) refs/heads/main refs/remotes/main [3ms]
2024-05-06 12:32:41.667 [info] > git status -z -uall [353ms]
2024-05-06 12:32:46.759 [info] > git config --get commit.template [42ms]
2024-05-06 12:32:46.760 [info] > git for-each-ref --format=%(refname)%00%(upstream:short)%00%(objectname)%00%(upstream:track)%00%(upstream:remotename)%00%(upstream:remoteref) refs/heads/main refs/remotes/main [3ms]
2024-05-06 12:32:47.186 [info] > git status -z -uall [387ms]
2024-05-06 12:32:52.276 [info] > git config --get commit.template [45ms]
2024-05-06 12:32:52.277 [info] > git for-each-ref --format=%(refname)%00%(upstream:short)%00%(objectname)%00%(upstream:track)%00%(upstream:remotename)%00%(upstream:remoteref) refs/heads/main refs/remotes/main [4ms]
2024-05-06 12:32:52.703 [info] > git status -z -uall [381ms]
2024-05-06 12:32:57.770 [info] > git config --get commit.template [5ms]
2024-05-06 12:32:57.827 [info] > git for-each-ref --format=%(refname)%00%(upstream:short)%00%(objectname)%00%(upstream:track)%00%(upstream:remotename)%00%(upstream:remoteref) refs/heads/main refs/remotes/main [3ms]
2024-05-06 12:32:58.232 [info] > git status -z -uall [360ms]
2024-05-06 12:33:07.301 [info] > git config --get commit.template [40ms]
2024-05-06 12:33:07.305 [info] > git for-each-ref --format=%(refname)%00%(upstream:short)%00%(objectname)%00%(upstream:track)%00%(upstream:remotename)%00%(upstream:remoteref) refs/heads/main refs/remotes/main [5ms]
2024-05-06 12:33:07.744 [info] > git status -z -uall [401ms]
2024-05-06 12:33:12.836 [info] > git config --get commit.template [41ms]
2024-05-06 12:33:12.839 [info] > git for-each-ref --format=%(refname)%00%(upstream:short)%00%(objectname)%00%(upstream:track)%00%(upstream:remotename)%00%(upstream:remoteref) refs/heads/main refs/remotes/main [5ms]
2024-05-06 12:33:13.251 [info] > git status -z -uall [368ms]
2024-05-06 12:33:18.336 [info] > git config --get commit.template [37ms]
2024-05-06 12:33:18.336 [info] > git for-each-ref --format=%(refname)%00%(upstream:short)%00%(objectname)%00%(upstream:track)%00%(upstream:remotename)%00%(upstream:remoteref) refs/heads/main refs/remotes/main [2ms]
2024-05-06 12:33:18.737 [info] > git status -z -uall [361ms]
2024-05-06 12:33:23.794 [info] > git config --get commit.template [2ms]
2024-05-06 12:33:23.839 [info] > git for-each-ref --format=%(refname)%00%(upstream:short)%00%(objectname)%00%(upstream:track)%00%(upstream:remotename)%00%(upstream:remoteref) refs/heads/main refs/remotes/main [5ms]
2024-05-06 12:33:24.262 [info] > git status -z -uall [380ms]
2024-05-06 12:33:29.412 [info] > git config --get commit.template [84ms]
2024-05-06 12:33:29.416 [info] > git for-each-ref --format=%(refname)%00%(upstream:short)%00%(objectname)%00%(upstream:track)%00%(upstream:remotename)%00%(upstream:remoteref) refs/heads/main refs/remotes/main [4ms]
2024-05-06 12:33:29.884 [info] > git status -z -uall [429ms]
2024-05-06 12:33:34.944 [info] > git config --get commit.template [10ms]
2024-05-06 12:33:34.991 [info] > git for-each-ref --format=%(refname)%00%(upstream:short)%00%(objectname)%00%(upstream:track)%00%(upstream:remotename)%00%(upstream:remoteref) refs/heads/main refs/remotes/main [7ms]
2024-05-06 12:33:35.423 [info] > git status -z -uall [388ms]
2024-05-06 12:33:40.744 [info] > git config --get commit.template [38ms]
2024-05-06 12:33:40.745 [info] > git for-each-ref --format=%(refname)%00%(upstream:short)%00%(objectname)%00%(upstream:track)%00%(upstream:remotename)%00%(upstream:remoteref) refs/heads/main refs/remotes/main [2ms]
2024-05-06 12:33:41.146 [info] > git status -z -uall [361ms]
2024-05-06 12:33:46.225 [info] > git config --get commit.template [37ms]
2024-05-06 12:33:46.226 [info] > git for-each-ref --format=%(refname)%00%(upstream:short)%00%(objectname)%00%(upstream:track)%00%(upstream:remotename)%00%(upstream:remoteref) refs/heads/main refs/remotes/main [2ms]
2024-05-06 12:33:46.649 [info] > git status -z -uall [384ms]
2024-05-06 12:33:51.705 [info] > git config --get commit.template [5ms]
2024-05-06 12:33:51.751 [info] > git for-each-ref --format=%(refname)%00%(upstream:short)%00%(objectname)%00%(upstream:track)%00%(upstream:remotename)%00%(upstream:remoteref) refs/heads/main refs/remotes/main [5ms]
2024-05-06 12:33:52.195 [info] > git status -z -uall [403ms]
2024-05-06 12:33:57.980 [info] > git for-each-ref --format=%(refname)%00%(upstream:short)%00%(objectname)%00%(upstream:track)%00%(upstream:remotename)%00%(upstream:remoteref) refs/heads/main refs/remotes/main [57ms]
2024-05-06 12:33:57.980 [info] > git config --get commit.template [640ms]
2024-05-06 12:33:58.865 [info] > git status -z -uall [669ms]
2024-05-06 12:34:03.984 [info] > git config --get commit.template [48ms]
2024-05-06 12:34:03.985 [info] > git for-each-ref --format=%(refname)%00%(upstream:short)%00%(objectname)%00%(upstream:track)%00%(upstream:remotename)%00%(upstream:remoteref) refs/heads/main refs/remotes/main [3ms]
2024-05-06 12:34:05.000 [info] > git status -z -uall [972ms]
2024-05-06 12:34:10.106 [info] > git config --get commit.template [46ms]
2024-05-06 12:34:10.107 [info] > git for-each-ref --format=%(refname)%00%(upstream:short)%00%(objectname)%00%(upstream:track)%00%(upstream:remotename)%00%(upstream:remoteref) refs/heads/main refs/remotes/main [3ms]
2024-05-06 12:34:10.516 [info] > git status -z -uall [363ms]
2024-05-06 12:34:19.043 [info] > git config --get commit.template [3ms]
2024-05-06 12:34:19.095 [info] > git for-each-ref --format=%(refname)%00%(upstream:short)%00%(objectname)%00%(upstream:track)%00%(upstream:remotename)%00%(upstream:remoteref) refs/heads/main refs/remotes/main [3ms]
2024-05-06 12:34:19.539 [info] > git status -z -uall [390ms]
2024-05-06 12:44:13.508 [info] > git config --get commit.template [42ms]
2024-05-06 12:44:13.509 [info] > git for-each-ref --format=%(refname)%00%(upstream:short)%00%(objectname)%00%(upstream:track)%00%(upstream:remotename)%00%(upstream:remoteref) refs/heads/main refs/remotes/main [3ms]
2024-05-06 12:44:13.974 [info] > git status -z -uall [420ms]
2024-05-06 12:44:17.221 [info] > git check-ignore -v -z --stdin [44ms]
2024-05-06 12:44:19.064 [info] > git config --get commit.template [43ms]
2024-05-06 12:44:19.065 [info] > git for-each-ref --format=%(refname)%00%(upstream:short)%00%(objectname)%00%(upstream:track)%00%(upstream:remotename)%00%(upstream:remoteref) refs/heads/main refs/remotes/main [3ms]
2024-05-06 12:44:19.435 [info] > git status -z -uall [333ms]
2024-05-06 12:44:24.536 [info] > git config --get commit.template [47ms]
2024-05-06 12:44:24.538 [info] > git for-each-ref --format=%(refname)%00%(upstream:short)%00%(objectname)%00%(upstream:track)%00%(upstream:remotename)%00%(upstream:remoteref) refs/heads/main refs/remotes/main [3ms]
2024-05-06 12:44:24.953 [info] > git status -z -uall [374ms]
2024-05-06 12:44:30.783 [info] > git config --get commit.template [59ms]
2024-05-06 12:44:30.796 [info] > git for-each-ref --format=%(refname)%00%(upstream:short)%00%(objectname)%00%(upstream:track)%00%(upstream:remotename)%00%(upstream:remoteref) refs/heads/main refs/remotes/main [15ms]
2024-05-06 12:44:31.270 [info] > git status -z -uall [426ms]
2024-05-06 12:47:46.719 [info] > git config --get commit.template [47ms]
2024-05-06 12:47:46.720 [info] > git for-each-ref --format=%(refname)%00%(upstream:short)%00%(objectname)%00%(upstream:track)%00%(upstream:remotename)%00%(upstream:remoteref) refs/heads/main refs/remotes/main [4ms]
2024-05-06 12:47:47.134 [info] > git status -z -uall [371ms]
2024-05-06 12:47:52.253 [info] > git config --get commit.template [55ms]
2024-05-06 12:47:52.255 [info] > git for-each-ref --format=%(refname)%00%(upstream:short)%00%(objectname)%00%(upstream:track)%00%(upstream:remotename)%00%(upstream:remoteref) refs/heads/main refs/remotes/main [4ms]
2024-05-06 12:47:52.725 [info] > git status -z -uall [418ms]
2024-05-06 12:47:57.837 [info] > git config --get commit.template [49ms]
2024-05-06 12:47:57.839 [info] > git for-each-ref --format=%(refname)%00%(upstream:short)%00%(objectname)%00%(upstream:track)%00%(upstream:remotename)%00%(upstream:remoteref) refs/heads/main refs/remotes/main [3ms]
2024-05-06 12:47:58.223 [info] > git status -z -uall [346ms]
2024-05-06 12:48:03.281 [info] > git config --get commit.template [2ms]
2024-05-06 12:48:03.325 [info] > git for-each-ref --format=%(refname)%00%(upstream:short)%00%(objectname)%00%(upstream:track)%00%(upstream:remotename)%00%(upstream:remoteref) refs/heads/main refs/remotes/main [3ms]
2024-05-06 12:48:03.776 [info] > git status -z -uall [401ms]
2024-05-06 12:48:08.880 [info] > git config --get commit.template [49ms]
2024-05-06 12:48:08.881 [info] > git for-each-ref --format=%(refname)%00%(upstream:short)%00%(objectname)%00%(upstream:track)%00%(upstream:remotename)%00%(upstream:remoteref) refs/heads/main refs/remotes/main [3ms]
2024-05-06 12:48:09.319 [info] > git status -z -uall [390ms]
2024-05-06 12:48:14.376 [info] > git config --get commit.template [2ms]
2024-05-06 12:48:14.423 [info] > git for-each-ref --format=%(refname)%00%(upstream:short)%00%(objectname)%00%(upstream:track)%00%(upstream:remotename)%00%(upstream:remoteref) refs/heads/main refs/remotes/main [3ms]
2024-05-06 12:48:14.829 [info] > git status -z -uall [366ms]
2024-05-06 12:48:19.944 [info] > git config --get commit.template [55ms]
2024-05-06 12:48:19.948 [info] > git for-each-ref --format=%(refname)%00%(upstream:short)%00%(objectname)%00%(upstream:track)%00%(upstream:remotename)%00%(upstream:remoteref) refs/heads/main refs/remotes/main [7ms]
2024-05-06 12:48:20.439 [info] > git status -z -uall [438ms]
2024-05-06 12:48:25.543 [info] > git config --get commit.template [47ms]
2024-05-06 12:48:25.544 [info] > git for-each-ref --format=%(refname)%00%(upstream:short)%00%(objectname)%00%(upstream:track)%00%(upstream:remotename)%00%(upstream:remoteref) refs/heads/main refs/remotes/main [3ms]
2024-05-06 12:48:26.009 [info] > git status -z -uall [417ms]
2024-05-06 12:48:31.108 [info] > git config --get commit.template [50ms]
2024-05-06 12:48:31.109 [info] > git for-each-ref --format=%(refname)%00%(upstream:short)%00%(objectname)%00%(upstream:track)%00%(upstream:remotename)%00%(upstream:remoteref) refs/heads/main refs/remotes/main [3ms]
2024-05-06 12:48:31.640 [info] > git status -z -uall [485ms]
2024-05-06 12:48:56.869 [info] > git config --get commit.template [2ms]
2024-05-06 12:48:56.921 [info] > git for-each-ref --format=%(refname)%00%(upstream:short)%00%(objectname)%00%(upstream:track)%00%(upstream:remotename)%00%(upstream:remoteref) refs/heads/main refs/remotes/main [3ms]
2024-05-06 12:48:57.379 [info] > git status -z -uall [417ms]
2024-05-06 12:49:02.483 [info] > git config --get commit.template [49ms]
2024-05-06 12:49:02.484 [info] > git for-each-ref --format=%(refname)%00%(upstream:short)%00%(objectname)%00%(upstream:track)%00%(upstream:remotename)%00%(upstream:remoteref) refs/heads/main refs/remotes/main [3ms]
2024-05-06 12:49:02.984 [info] > git status -z -uall [455ms]
2024-05-06 12:49:08.043 [info] > git config --get commit.template [3ms]
2024-05-06 12:49:08.086 [info] > git for-each-ref --format=%(refname)%00%(upstream:short)%00%(objectname)%00%(upstream:track)%00%(upstream:remotename)%00%(upstream:remoteref) refs/heads/main refs/remotes/main [3ms]
2024-05-06 12:49:08.500 [info] > git status -z -uall [367ms]
2024-05-06 12:49:13.590 [info] > git config --get commit.template [43ms]
2024-05-06 12:49:13.592 [info] > git for-each-ref --format=%(refname)%00%(upstream:short)%00%(objectname)%00%(upstream:track)%00%(upstream:remotename)%00%(upstream:remoteref) refs/heads/main refs/remotes/main [3ms]
2024-05-06 12:49:14.029 [info] > git status -z -uall [395ms]
2024-05-06 12:49:19.089 [info] > git config --get commit.template [2ms]
2024-05-06 12:49:19.139 [info] > git for-each-ref --format=%(refname)%00%(upstream:short)%00%(objectname)%00%(upstream:track)%00%(upstream:remotename)%00%(upstream:remoteref) refs/heads/main refs/remotes/main [3ms]
2024-05-06 12:49:19.569 [info] > git status -z -uall [381ms]
2024-05-06 12:49:24.735 [info] > git config --get commit.template [15ms]
2024-05-06 12:49:24.789 [info] > git for-each-ref --format=%(refname)%00%(upstream:short)%00%(objectname)%00%(upstream:track)%00%(upstream:remotename)%00%(upstream:remoteref) refs/heads/main refs/remotes/main [6ms]
2024-05-06 12:49:25.250 [info] > git status -z -uall [419ms]
2024-05-06 12:49:30.357 [info] > git config --get commit.template [51ms]
2024-05-06 12:49:30.358 [info] > git for-each-ref --format=%(refname)%00%(upstream:short)%00%(objectname)%00%(upstream:track)%00%(upstream:remotename)%00%(upstream:remoteref) refs/heads/main refs/remotes/main [3ms]
2024-05-06 12:49:30.811 [info] > git status -z -uall [406ms]
2024-05-06 12:49:35.899 [info] > git config --get commit.template [44ms]
2024-05-06 12:49:35.900 [info] > git for-each-ref --format=%(refname)%00%(upstream:short)%00%(objectname)%00%(upstream:track)%00%(upstream:remotename)%00%(upstream:remoteref) refs/heads/main refs/remotes/main [6ms]
2024-05-06 12:49:36.329 [info] > git status -z -uall [383ms]
2024-05-06 12:49:41.578 [info] > git config --get commit.template [9ms]
2024-05-06 12:49:41.680 [info] > git for-each-ref --format=%(refname)%00%(upstream:short)%00%(objectname)%00%(upstream:track)%00%(upstream:remotename)%00%(upstream:remoteref) refs/heads/main refs/remotes/main [14ms]
2024-05-06 12:49:42.206 [info] > git status -z -uall [465ms]
2024-05-06 12:49:47.339 [info] > git config --get commit.template [3ms]
2024-05-06 12:49:47.379 [info] > git for-each-ref --format=%(refname)%00%(upstream:short)%00%(objectname)%00%(upstream:track)%00%(upstream:remotename)%00%(upstream:remoteref) refs/heads/main refs/remotes/main [2ms]
2024-05-06 12:49:47.803 [info] > git status -z -uall [383ms]
2024-05-06 12:49:52.902 [info] > git config --get commit.template [47ms]
2024-05-06 12:49:52.904 [info] > git for-each-ref --format=%(refname)%00%(upstream:short)%00%(objectname)%00%(upstream:track)%00%(upstream:remotename)%00%(upstream:remoteref) refs/heads/main refs/remotes/main [3ms]
2024-05-06 12:49:53.313 [info] > git status -z -uall [366ms]
2024-05-06 12:49:58.723 [info] > git config --get commit.template [87ms]
2024-05-06 12:49:58.748 [info] > git for-each-ref --format=%(refname)%00%(upstream:short)%00%(objectname)%00%(upstream:track)%00%(upstream:remotename)%00%(upstream:remoteref) refs/heads/main refs/remotes/main [29ms]
2024-05-06 12:49:59.287 [info] > git status -z -uall [414ms]
2024-05-06 12:50:04.400 [info] > git config --get commit.template [59ms]
2024-05-06 12:50:04.401 [info] > git for-each-ref --format=%(refname)%00%(upstream:short)%00%(objectname)%00%(upstream:track)%00%(upstream:remotename)%00%(upstream:remoteref) refs/heads/main refs/remotes/main [3ms]
2024-05-06 12:50:04.866 [info] > git status -z -uall [408ms]
2024-05-06 12:50:24.088 [info] > git config --get commit.template [53ms]
2024-05-06 12:50:24.089 [info] > git for-each-ref --format=%(refname)%00%(upstream:short)%00%(objectname)%00%(upstream:track)%00%(upstream:remotename)%00%(upstream:remoteref) refs/heads/main refs/remotes/main [4ms]
2024-05-06 12:50:24.501 [info] > git status -z -uall [363ms]
2024-05-06 12:50:29.555 [info] > git config --get commit.template [3ms]
2024-05-06 12:50:29.613 [info] > git for-each-ref --format=%(refname)%00%(upstream:short)%00%(objectname)%00%(upstream:track)%00%(upstream:remotename)%00%(upstream:remoteref) refs/heads/main refs/remotes/main [3ms]
2024-05-06 12:50:30.031 [info] > git status -z -uall [370ms]
2024-05-06 12:50:35.152 [info] > git config --get commit.template [57ms]
2024-05-06 12:50:35.157 [info] > git for-each-ref --format=%(refname)%00%(upstream:short)%00%(objectname)%00%(upstream:track)%00%(upstream:remotename)%00%(upstream:remoteref) refs/heads/main refs/remotes/main [8ms]
2024-05-06 12:50:35.628 [info] > git status -z -uall [418ms]
2024-05-06 12:50:49.370 [info] > git config --get commit.template [48ms]
2024-05-06 12:50:49.372 [info] > git for-each-ref --format=%(refname)%00%(upstream:short)%00%(objectname)%00%(upstream:track)%00%(upstream:remotename)%00%(upstream:remoteref) refs/heads/main refs/remotes/main [3ms]
2024-05-06 12:50:49.828 [info] > git status -z -uall [403ms]
2024-05-06 12:50:54.892 [info] > git config --get commit.template [2ms]
2024-05-06 12:50:54.944 [info] > git for-each-ref --format=%(refname)%00%(upstream:short)%00%(objectname)%00%(upstream:track)%00%(upstream:remotename)%00%(upstream:remoteref) refs/heads/main refs/remotes/main [3ms]
2024-05-06 12:50:55.452 [info] > git status -z -uall [460ms]
2024-05-06 12:51:00.564 [info] > git config --get commit.template [49ms]
2024-05-06 12:51:00.567 [info] > git for-each-ref --format=%(refname)%00%(upstream:short)%00%(objectname)%00%(upstream:track)%00%(upstream:remotename)%00%(upstream:remoteref) refs/heads/main refs/remotes/main [5ms]
2024-05-06 12:51:01.068 [info] > git status -z -uall [452ms]
2024-05-06 12:51:06.180 [info] > git config --get commit.template [54ms]
2024-05-06 12:51:06.181 [info] > git for-each-ref --format=%(refname)%00%(upstream:short)%00%(objectname)%00%(upstream:track)%00%(upstream:remotename)%00%(upstream:remoteref) refs/heads/main refs/remotes/main [3ms]
2024-05-06 12:51:06.626 [info] > git status -z -uall [400ms]
2024-05-06 12:51:20.781 [info] > git config --get commit.template [2ms]
2024-05-06 12:51:20.831 [info] > git for-each-ref --format=%(refname)%00%(upstream:short)%00%(objectname)%00%(upstream:track)%00%(upstream:remotename)%00%(upstream:remoteref) refs/heads/main refs/remotes/main [3ms]
2024-05-06 12:51:21.303 [info] > git status -z -uall [415ms]
2024-05-06 12:51:24.544 [info] > git show --textconv :ligue1-frontend/src/pages/Menu/Menu.js [63ms]
2024-05-06 12:51:24.562 [info] > git ls-files --stage -- /home/louis/ligue1-frontend/src/pages/Menu/Menu.js [22ms]
2024-05-06 12:51:24.618 [info] > git cat-file -s 56f7bc5c33b4dd67cc3c2dcc400779725f78fa6b [8ms]
2024-05-06 12:51:26.424 [info] > git config --get commit.template [65ms]
2024-05-06 12:51:26.425 [info] > git for-each-ref --format=%(refname)%00%(upstream:short)%00%(objectname)%00%(upstream:track)%00%(upstream:remotename)%00%(upstream:remoteref) refs/heads/main refs/remotes/main [3ms]
2024-05-06 12:51:26.875 [info] > git status -z -uall [406ms]
2024-05-06 12:51:31.979 [info] > git config --get commit.template [45ms]
2024-05-06 12:51:31.980 [info] > git for-each-ref --format=%(refname)%00%(upstream:short)%00%(objectname)%00%(upstream:track)%00%(upstream:remotename)%00%(upstream:remoteref) refs/heads/main refs/remotes/main [3ms]
2024-05-06 12:51:32.408 [info] > git status -z -uall [382ms]
2024-05-06 12:51:36.957 [info] > git show --textconv :ligue1-frontend/src/pages/User/User.js [65ms]
2024-05-06 12:51:36.962 [info] > git ls-files --stage -- /home/louis/ligue1-frontend/src/pages/User/User.js [24ms]
2024-05-06 12:51:37.018 [info] > git cat-file -s ac72be0625c86d3d5db830bd5b5ac225c9d36bf3 [6ms]
2024-05-06 12:51:37.504 [info] > git config --get commit.template [45ms]
2024-05-06 12:51:37.505 [info] > git for-each-ref --format=%(refname)%00%(upstream:short)%00%(objectname)%00%(upstream:track)%00%(upstream:remotename)%00%(upstream:remoteref) refs/heads/main refs/remotes/main [3ms]
2024-05-06 12:51:37.916 [info] > git status -z -uall [366ms]
2024-05-06 12:51:38.480 [info] > git show --textconv :ligue1-frontend/src/components/forms/LoginForm/LoginForm.js [49ms]
2024-05-06 12:51:38.492 [info] > git ls-files --stage -- /home/louis/ligue1-frontend/src/components/forms/LoginForm/LoginForm.js [13ms]
2024-05-06 12:51:38.537 [info] > git cat-file -s 9a3651fd9469a6a2f68feaec7c46b919f6d64ea6 [2ms]
2024-05-06 12:51:42.085 [info] > git show --textconv :ligue1-frontend/src/pages/User/User.js [48ms]
2024-05-06 12:51:42.105 [info] > git ls-files --stage -- /home/louis/ligue1-frontend/src/pages/User/User.js [26ms]
2024-05-06 12:51:42.144 [info] > git cat-file -s ac72be0625c86d3d5db830bd5b5ac225c9d36bf3 [2ms]
2024-05-06 12:51:43.024 [info] > git config --get commit.template [47ms]
2024-05-06 12:51:43.025 [info] > git for-each-ref --format=%(refname)%00%(upstream:short)%00%(objectname)%00%(upstream:track)%00%(upstream:remotename)%00%(upstream:remoteref) refs/heads/main refs/remotes/main [4ms]
2024-05-06 12:51:43.469 [info] > git status -z -uall [399ms]
2024-05-06 12:51:48.527 [info] > git config --get commit.template [2ms]
2024-05-06 12:51:48.573 [info] > git for-each-ref --format=%(refname)%00%(upstream:short)%00%(objectname)%00%(upstream:track)%00%(upstream:remotename)%00%(upstream:remoteref) refs/heads/main refs/remotes/main [3ms]
2024-05-06 12:51:49.001 [info] > git status -z -uall [382ms]
2024-05-06 12:51:53.592 [info] > git show --textconv :ligue1-frontend/src/pages/Menu/Menu.js [62ms]
2024-05-06 12:51:53.612 [info] > git ls-files --stage -- /home/louis/ligue1-frontend/src/pages/Menu/Menu.js [30ms]
2024-05-06 12:51:53.688 [info] > git cat-file -s 56f7bc5c33b4dd67cc3c2dcc400779725f78fa6b [5ms]
2024-05-06 12:51:54.110 [info] > git config --get commit.template [48ms]
2024-05-06 12:51:54.113 [info] > git for-each-ref --format=%(refname)%00%(upstream:short)%00%(objectname)%00%(upstream:track)%00%(upstream:remotename)%00%(upstream:remoteref) refs/heads/main refs/remotes/main [4ms]
2024-05-06 12:51:54.490 [info] > git status -z -uall [332ms]
2024-05-06 12:51:59.408 [info] > git show --textconv :ligue1-frontend/src/pages/User/User.js [43ms]
2024-05-06 12:51:59.427 [info] > git ls-files --stage -- /home/louis/ligue1-frontend/src/pages/User/User.js [22ms]
2024-05-06 12:51:59.474 [info] > git cat-file -s ac72be0625c86d3d5db830bd5b5ac225c9d36bf3 [3ms]
2024-05-06 12:51:59.594 [info] > git config --get commit.template [52ms]
2024-05-06 12:51:59.596 [info] > git for-each-ref --format=%(refname)%00%(upstream:short)%00%(objectname)%00%(upstream:track)%00%(upstream:remotename)%00%(upstream:remoteref) refs/heads/main refs/remotes/main [5ms]
2024-05-06 12:52:00.019 [info] > git status -z -uall [377ms]
2024-05-06 12:52:05.147 [info] > git config --get commit.template [68ms]
2024-05-06 12:52:05.152 [info] > git for-each-ref --format=%(refname)%00%(upstream:short)%00%(objectname)%00%(upstream:track)%00%(upstream:remotename)%00%(upstream:remoteref) refs/heads/main refs/remotes/main [7ms]
2024-05-06 12:52:05.614 [info] > git status -z -uall [413ms]
2024-05-06 12:53:58.274 [info] > git config --get commit.template [51ms]
2024-05-06 12:53:58.276 [info] > git for-each-ref --format=%(refname)%00%(upstream:short)%00%(objectname)%00%(upstream:track)%00%(upstream:remotename)%00%(upstream:remoteref) refs/heads/main refs/remotes/main [3ms]
2024-05-06 12:53:58.752 [info] > git status -z -uall [429ms]
2024-05-06 13:14:28.149 [info] > git config --get commit.template [36ms]
2024-05-06 13:14:28.150 [info] > git for-each-ref --format=%(refname)%00%(upstream:short)%00%(objectname)%00%(upstream:track)%00%(upstream:remotename)%00%(upstream:remoteref) refs/heads/main refs/remotes/main [2ms]
2024-05-06 13:14:28.532 [info] > git status -z -uall [342ms]
2024-05-06 13:34:23.755 [info] > git config --get commit.template [43ms]
2024-05-06 13:34:23.759 [info] > git for-each-ref --format=%(refname)%00%(upstream:short)%00%(objectname)%00%(upstream:track)%00%(upstream:remotename)%00%(upstream:remoteref) refs/heads/main refs/remotes/main [4ms]
2024-05-06 13:34:24.104 [info] > git status -z -uall [306ms]
2024-05-06 13:38:06.396 [info] > git config --get commit.template [45ms]
2024-05-06 13:38:06.398 [info] > git for-each-ref --format=%(refname)%00%(upstream:short)%00%(objectname)%00%(upstream:track)%00%(upstream:remotename)%00%(upstream:remoteref) refs/heads/main refs/remotes/main [4ms]
2024-05-06 13:38:06.812 [info] > git status -z -uall [374ms]
2024-05-06 13:38:11.901 [info] > git config --get commit.template [43ms]
2024-05-06 13:38:11.902 [info] > git for-each-ref --format=%(refname)%00%(upstream:short)%00%(objectname)%00%(upstream:track)%00%(upstream:remotename)%00%(upstream:remoteref) refs/heads/main refs/remotes/main [2ms]
2024-05-06 13:38:12.349 [info] > git status -z -uall [409ms]
2024-05-06 13:38:17.464 [info] > git config --get commit.template [53ms]
2024-05-06 13:38:17.465 [info] > git for-each-ref --format=%(refname)%00%(upstream:short)%00%(objectname)%00%(upstream:track)%00%(upstream:remotename)%00%(upstream:remoteref) refs/heads/main refs/remotes/main [3ms]
2024-05-06 13:38:17.894 [info] > git status -z -uall [382ms]
2024-05-06 13:38:23.000 [info] > git config --get commit.template [42ms]
2024-05-06 13:38:23.001 [info] > git for-each-ref --format=%(refname)%00%(upstream:short)%00%(objectname)%00%(upstream:track)%00%(upstream:remotename)%00%(upstream:remoteref) refs/heads/main refs/remotes/main [3ms]
2024-05-06 13:38:23.401 [info] > git status -z -uall [351ms]
2024-05-06 13:38:28.512 [info] > git config --get commit.template [45ms]
2024-05-06 13:38:28.513 [info] > git for-each-ref --format=%(refname)%00%(upstream:short)%00%(objectname)%00%(upstream:track)%00%(upstream:remotename)%00%(upstream:remoteref) refs/heads/main refs/remotes/main [3ms]
2024-05-06 13:38:28.925 [info] > git status -z -uall [363ms]
2024-05-06 13:38:34.018 [info] > git config --get commit.template [42ms]
2024-05-06 13:38:34.020 [info] > git for-each-ref --format=%(refname)%00%(upstream:short)%00%(objectname)%00%(upstream:track)%00%(upstream:remotename)%00%(upstream:remoteref) refs/heads/main refs/remotes/main [3ms]
2024-05-06 13:38:34.400 [info] > git status -z -uall [338ms]
2024-05-06 13:38:39.492 [info] > git config --get commit.template [42ms]
2024-05-06 13:38:39.493 [info] > git for-each-ref --format=%(refname)%00%(upstream:short)%00%(objectname)%00%(upstream:track)%00%(upstream:remotename)%00%(upstream:remoteref) refs/heads/main refs/remotes/main [3ms]
2024-05-06 13:38:39.895 [info] > git status -z -uall [359ms]
2024-05-06 13:38:44.985 [info] > git config --get commit.template [41ms]
2024-05-06 13:38:44.985 [info] > git for-each-ref --format=%(refname)%00%(upstream:short)%00%(objectname)%00%(upstream:track)%00%(upstream:remotename)%00%(upstream:remoteref) refs/heads/main refs/remotes/main [4ms]
2024-05-06 13:38:45.409 [info] > git status -z -uall [377ms]
2024-05-06 13:38:50.464 [info] > git config --get commit.template [2ms]
2024-05-06 13:38:50.505 [info] > git for-each-ref --format=%(refname)%00%(upstream:short)%00%(objectname)%00%(upstream:track)%00%(upstream:remotename)%00%(upstream:remoteref) refs/heads/main refs/remotes/main [3ms]
2024-05-06 13:38:50.915 [info] > git status -z -uall [369ms]
2024-05-06 13:38:56.023 [info] > git config --get commit.template [48ms]
2024-05-06 13:38:56.024 [info] > git for-each-ref --format=%(refname)%00%(upstream:short)%00%(objectname)%00%(upstream:track)%00%(upstream:remotename)%00%(upstream:remoteref) refs/heads/main refs/remotes/main [3ms]
2024-05-06 13:38:56.454 [info] > git status -z -uall [381ms]
2024-05-06 13:39:01.568 [info] > git config --get commit.template [50ms]
2024-05-06 13:39:01.569 [info] > git for-each-ref --format=%(refname)%00%(upstream:short)%00%(objectname)%00%(upstream:track)%00%(upstream:remotename)%00%(upstream:remoteref) refs/heads/main refs/remotes/main [2ms]
2024-05-06 13:39:02.038 [info] > git status -z -uall [421ms]
2024-05-06 13:39:06.266 [info] > git show --textconv :ligue1-frontend/src/pages/Menu/Menu.js [50ms]
2024-05-06 13:39:06.291 [info] > git ls-files --stage -- /home/louis/ligue1-frontend/src/pages/Menu/Menu.js [28ms]
2024-05-06 13:39:06.345 [info] > git cat-file -s 56f7bc5c33b4dd67cc3c2dcc400779725f78fa6b [4ms]
2024-05-06 13:39:07.138 [info] > git for-each-ref --format=%(refname)%00%(upstream:short)%00%(objectname)%00%(upstream:track)%00%(upstream:remotename)%00%(upstream:remoteref) refs/heads/main refs/remotes/main [4ms]
2024-05-06 13:39:07.139 [info] > git config --get commit.template [50ms]
2024-05-06 13:39:07.542 [info] > git status -z -uall [362ms]
2024-05-06 13:39:12.654 [info] > git config --get commit.template [53ms]
2024-05-06 13:39:12.656 [info] > git for-each-ref --format=%(refname)%00%(upstream:short)%00%(objectname)%00%(upstream:track)%00%(upstream:remotename)%00%(upstream:remoteref) refs/heads/main refs/remotes/main [4ms]
2024-05-06 13:39:13.102 [info] > git status -z -uall [390ms]
2024-05-06 13:39:18.197 [info] > git config --get commit.template [43ms]
2024-05-06 13:39:18.197 [info] > git for-each-ref --format=%(refname)%00%(upstream:short)%00%(objectname)%00%(upstream:track)%00%(upstream:remotename)%00%(upstream:remoteref) refs/heads/main refs/remotes/main [2ms]
2024-05-06 13:39:18.570 [info] > git status -z -uall [331ms]
2024-05-06 13:39:23.620 [info] > git config --get commit.template [1ms]
2024-05-06 13:39:23.662 [info] > git for-each-ref --format=%(refname)%00%(upstream:short)%00%(objectname)%00%(upstream:track)%00%(upstream:remotename)%00%(upstream:remoteref) refs/heads/main refs/remotes/main [2ms]
2024-05-06 13:39:24.090 [info] > git status -z -uall [382ms]
2024-05-06 13:39:29.151 [info] > git config --get commit.template [7ms]
2024-05-06 13:39:29.206 [info] > git for-each-ref --format=%(refname)%00%(upstream:short)%00%(objectname)%00%(upstream:track)%00%(upstream:remotename)%00%(upstream:remoteref) refs/heads/main refs/remotes/main [6ms]
2024-05-06 13:39:29.594 [info] > git status -z -uall [341ms]
2024-05-06 13:39:34.648 [info] > git config --get commit.template [6ms]
2024-05-06 13:39:34.689 [info] > git for-each-ref --format=%(refname)%00%(upstream:short)%00%(objectname)%00%(upstream:track)%00%(upstream:remotename)%00%(upstream:remoteref) refs/heads/main refs/remotes/main [3ms]
2024-05-06 13:39:35.094 [info] > git status -z -uall [364ms]
2024-05-06 13:39:40.175 [info] > git config --get commit.template [39ms]
2024-05-06 13:39:40.176 [info] > git for-each-ref --format=%(refname)%00%(upstream:short)%00%(objectname)%00%(upstream:track)%00%(upstream:remotename)%00%(upstream:remoteref) refs/heads/main refs/remotes/main [2ms]
2024-05-06 13:39:40.542 [info] > git status -z -uall [329ms]
2024-05-06 13:39:45.642 [info] > git config --get commit.template [46ms]
2024-05-06 13:39:45.644 [info] > git for-each-ref --format=%(refname)%00%(upstream:short)%00%(objectname)%00%(upstream:track)%00%(upstream:remotename)%00%(upstream:remoteref) refs/heads/main refs/remotes/main [3ms]
2024-05-06 13:39:46.041 [info] > git status -z -uall [354ms]
2024-05-06 13:39:51.144 [info] > git config --get commit.template [49ms]
2024-05-06 13:39:51.144 [info] > git for-each-ref --format=%(refname)%00%(upstream:short)%00%(objectname)%00%(upstream:track)%00%(upstream:remotename)%00%(upstream:remoteref) refs/heads/main refs/remotes/main [3ms]
2024-05-06 13:39:51.555 [info] > git status -z -uall [362ms]
2024-05-06 13:39:56.660 [info] > git config --get commit.template [44ms]
2024-05-06 13:39:56.661 [info] > git for-each-ref --format=%(refname)%00%(upstream:short)%00%(objectname)%00%(upstream:track)%00%(upstream:remotename)%00%(upstream:remoteref) refs/heads/main refs/remotes/main [3ms]
2024-05-06 13:39:57.139 [info] > git status -z -uall [440ms]
2024-05-06 13:40:02.268 [info] > git config --get commit.template [65ms]
2024-05-06 13:40:02.269 [info] > git for-each-ref --format=%(refname)%00%(upstream:short)%00%(objectname)%00%(upstream:track)%00%(upstream:remotename)%00%(upstream:remoteref) refs/heads/main refs/remotes/main [5ms]
2024-05-06 13:40:02.750 [info] > git status -z -uall [427ms]
2024-05-06 13:40:07.863 [info] > git config --get commit.template [51ms]
2024-05-06 13:40:07.865 [info] > git for-each-ref --format=%(refname)%00%(upstream:short)%00%(objectname)%00%(upstream:track)%00%(upstream:remotename)%00%(upstream:remoteref) refs/heads/main refs/remotes/main [8ms]
2024-05-06 13:40:08.333 [info] > git status -z -uall [405ms]
2024-05-06 13:40:13.405 [info] > git config --get commit.template [1ms]
2024-05-06 13:40:13.460 [info] > git for-each-ref --format=%(refname)%00%(upstream:short)%00%(objectname)%00%(upstream:track)%00%(upstream:remotename)%00%(upstream:remoteref) refs/heads/main refs/remotes/main [2ms]
2024-05-06 13:40:13.918 [info] > git status -z -uall [409ms]
2024-05-06 13:40:19.080 [info] > git config --get commit.template [53ms]
2024-05-06 13:40:19.082 [info] > git for-each-ref --format=%(refname)%00%(upstream:short)%00%(objectname)%00%(upstream:track)%00%(upstream:remotename)%00%(upstream:remoteref) refs/heads/main refs/remotes/main [4ms]
2024-05-06 13:40:19.509 [info] > git status -z -uall [382ms]
2024-05-06 13:40:24.600 [info] > git config --get commit.template [43ms]
2024-05-06 13:40:24.601 [info] > git for-each-ref --format=%(refname)%00%(upstream:short)%00%(objectname)%00%(upstream:track)%00%(upstream:remotename)%00%(upstream:remoteref) refs/heads/main refs/remotes/main [2ms]
2024-05-06 13:40:25.023 [info] > git status -z -uall [382ms]
2024-05-06 13:40:30.156 [info] > git config --get commit.template [67ms]
2024-05-06 13:40:30.157 [info] > git for-each-ref --format=%(refname)%00%(upstream:short)%00%(objectname)%00%(upstream:track)%00%(upstream:remotename)%00%(upstream:remoteref) refs/heads/main refs/remotes/main [8ms]
2024-05-06 13:40:30.695 [info] > git status -z -uall [456ms]
2024-05-06 13:40:35.798 [info] > git config --get commit.template [48ms]
2024-05-06 13:40:35.800 [info] > git for-each-ref --format=%(refname)%00%(upstream:short)%00%(objectname)%00%(upstream:track)%00%(upstream:remotename)%00%(upstream:remoteref) refs/heads/main refs/remotes/main [2ms]
2024-05-06 13:40:36.240 [info] > git status -z -uall [391ms]
2024-05-06 13:40:39.955 [info] > git check-ignore -v -z --stdin [17ms]
2024-05-06 13:40:41.342 [info] > git config --get commit.template [45ms]
2024-05-06 13:40:41.343 [info] > git for-each-ref --format=%(refname)%00%(upstream:short)%00%(objectname)%00%(upstream:track)%00%(upstream:remotename)%00%(upstream:remoteref) refs/heads/main refs/remotes/main [3ms]
2024-05-06 13:40:41.834 [info] > git status -z -uall [444ms]
2024-05-06 13:40:44.644 [info] > git check-ignore -v -z --stdin [17ms]
2024-05-06 13:40:45.344 [info] > git show --textconv :ligue1-frontend/src/app/App.js [126ms]
2024-05-06 13:40:45.388 [info] > git ls-files --stage -- /home/louis/ligue1-frontend/src/app/App.js [49ms]
2024-05-06 13:40:45.456 [info] > git cat-file -s 5a91e6b5ebcdea366b6e723d817f1be8d40d923c [10ms]
2024-05-06 13:40:46.938 [info] > git config --get commit.template [47ms]
2024-05-06 13:40:46.942 [info] > git for-each-ref --format=%(refname)%00%(upstream:short)%00%(objectname)%00%(upstream:track)%00%(upstream:remotename)%00%(upstream:remoteref) refs/heads/main refs/remotes/main [6ms]
2024-05-06 13:40:47.700 [info] > git status -z -uall [708ms]
2024-05-06 13:40:52.762 [info] > git config --get commit.template [1ms]
2024-05-06 13:40:52.808 [info] > git for-each-ref --format=%(refname)%00%(upstream:short)%00%(objectname)%00%(upstream:track)%00%(upstream:remotename)%00%(upstream:remoteref) refs/heads/main refs/remotes/main [3ms]
2024-05-06 13:40:53.213 [info] > git status -z -uall [356ms]
2024-05-06 13:40:58.262 [info] > git config --get commit.template [2ms]
2024-05-06 13:40:58.306 [info] > git for-each-ref --format=%(refname)%00%(upstream:short)%00%(objectname)%00%(upstream:track)%00%(upstream:remotename)%00%(upstream:remoteref) refs/heads/main refs/remotes/main [3ms]
2024-05-06 13:40:58.766 [info] > git status -z -uall [416ms]
2024-05-06 13:41:03.880 [info] > git config --get commit.template [49ms]
2024-05-06 13:41:03.881 [info] > git for-each-ref --format=%(refname)%00%(upstream:short)%00%(objectname)%00%(upstream:track)%00%(upstream:remotename)%00%(upstream:remoteref) refs/heads/main refs/remotes/main [4ms]
2024-05-06 13:41:04.291 [info] > git status -z -uall [368ms]
2024-05-06 13:41:09.390 [info] > git config --get commit.template [46ms]
2024-05-06 13:41:09.391 [info] > git for-each-ref --format=%(refname)%00%(upstream:short)%00%(objectname)%00%(upstream:track)%00%(upstream:remotename)%00%(upstream:remoteref) refs/heads/main refs/remotes/main [3ms]
2024-05-06 13:41:09.841 [info] > git status -z -uall [403ms]
2024-05-06 13:41:14.894 [info] > git config --get commit.template [2ms]
2024-05-06 13:41:14.947 [info] > git for-each-ref --format=%(refname)%00%(upstream:short)%00%(objectname)%00%(upstream:track)%00%(upstream:remotename)%00%(upstream:remoteref) refs/heads/main refs/remotes/main [2ms]
2024-05-06 13:41:15.376 [info] > git status -z -uall [380ms]
2024-05-06 13:41:20.476 [info] > git config --get commit.template [47ms]
2024-05-06 13:41:20.477 [info] > git for-each-ref --format=%(refname)%00%(upstream:short)%00%(objectname)%00%(upstream:track)%00%(upstream:remotename)%00%(upstream:remoteref) refs/heads/main refs/remotes/main [3ms]
2024-05-06 13:41:20.879 [info] > git status -z -uall [361ms]
2024-05-06 13:41:25.932 [info] > git config --get commit.template [3ms]
2024-05-06 13:41:25.975 [info] > git for-each-ref --format=%(refname)%00%(upstream:short)%00%(objectname)%00%(upstream:track)%00%(upstream:remotename)%00%(upstream:remoteref) refs/heads/main refs/remotes/main [2ms]
2024-05-06 13:41:26.383 [info] > git status -z -uall [361ms]
2024-05-06 13:41:31.444 [info] > git config --get commit.template [6ms]
2024-05-06 13:41:31.501 [info] > git for-each-ref --format=%(refname)%00%(upstream:short)%00%(objectname)%00%(upstream:track)%00%(upstream:remotename)%00%(upstream:remoteref) refs/heads/main refs/remotes/main [16ms]
2024-05-06 13:41:31.916 [info] > git status -z -uall [373ms]
2024-05-06 13:41:37.002 [info] > git config --get commit.template [40ms]
2024-05-06 13:41:37.006 [info] > git for-each-ref --format=%(refname)%00%(upstream:short)%00%(objectname)%00%(upstream:track)%00%(upstream:remotename)%00%(upstream:remoteref) refs/heads/main refs/remotes/main [3ms]
2024-05-06 13:41:37.365 [info] > git status -z -uall [319ms]
2024-05-06 13:41:42.457 [info] > git config --get commit.template [43ms]
2024-05-06 13:41:42.458 [info] > git for-each-ref --format=%(refname)%00%(upstream:short)%00%(objectname)%00%(upstream:track)%00%(upstream:remotename)%00%(upstream:remoteref) refs/heads/main refs/remotes/main [3ms]
2024-05-06 13:41:42.833 [info] > git status -z -uall [338ms]
2024-05-06 13:41:48.033 [info] > git config --get commit.template [102ms]
2024-05-06 13:41:48.053 [info] > git for-each-ref --format=%(refname)%00%(upstream:short)%00%(objectname)%00%(upstream:track)%00%(upstream:remotename)%00%(upstream:remoteref) refs/heads/main refs/remotes/main [29ms]
2024-05-06 13:43:50.953 [info] > git status -z -uall [122824ms]
