2024-05-20 08:53:14.619 [info] Log level: Info
2024-05-20 08:53:14.619 [info] Validating found git in: "git"
2024-05-20 08:53:14.619 [info] Using git "2.39.2" from "git"
2024-05-20 08:53:14.619 [info] > git rev-parse --show-toplevel [68ms]
2024-05-20 08:53:14.709 [info] > git rev-parse --git-dir --git-common-dir [106ms]
2024-05-20 08:53:14.768 [info] Open repository: /home/louis
2024-05-20 08:53:14.981 [info] > git rev-parse --show-toplevel [133ms]
2024-05-20 08:53:14.983 [info] > git config --get commit.template [162ms]
2024-05-20 08:53:15.121 [info] > git rev-parse --show-toplevel [77ms]
2024-05-20 08:53:15.159 [info] > git for-each-ref --format=%(refname)%00%(upstream:short)%00%(objectname)%00%(upstream:track)%00%(upstream:remotename)%00%(upstream:remoteref) refs/heads/main refs/remotes/main [44ms]
2024-05-20 08:53:15.180 [info] > git rev-parse --show-toplevel [22ms]
2024-05-20 08:53:15.255 [info] > git rev-parse --show-toplevel [34ms]
2024-05-20 08:53:15.304 [info] > git rev-parse --show-toplevel [13ms]
2024-05-20 08:53:15.451 [info] > git rev-parse --show-toplevel [28ms]
2024-05-20 08:53:15.528 [info] > git rev-parse --show-toplevel [2ms]
2024-05-20 08:53:15.559 [info] > git rev-parse --show-toplevel [2ms]
2024-05-20 08:53:15.596 [info] > git rev-parse --show-toplevel [2ms]
2024-05-20 08:53:15.636 [info] > git rev-parse --show-toplevel [12ms]
2024-05-20 08:53:16.936 [info] > git status -z -uall [1683ms]
2024-05-20 08:53:16.937 [info] > git check-ignore -v -z --stdin [1498ms]
2024-05-20 08:53:16.941 [info] > git rev-parse --show-toplevel [1283ms]
2024-05-20 08:53:18.078 [info] > git merge-base refs/heads/main refs/remotes/origin/main [700ms]
2024-05-20 08:53:18.098 [info] > git rev-parse --show-toplevel [761ms]
2024-05-20 08:53:18.200 [info] > git show --textconv :.env [73ms]
2024-05-20 08:53:18.202 [info] > git rev-list --count --left-right refs/heads/main...refs/remotes/origin/main [105ms]
2024-05-20 08:53:18.223 [info] > git config --get commit.template [159ms]
2024-05-20 08:53:18.235 [info] > git ls-files --stage -- /home/louis/.env [73ms]
2024-05-20 08:53:18.731 [info] > git diff --name-status -z --diff-filter=ADMR c39fbc83ba21de7cd455ff8891e187b85d4fc759...refs/remotes/origin/main [508ms]
2024-05-20 08:53:18.736 [info] > git for-each-ref --format=%(refname)%00%(upstream:short)%00%(objectname)%00%(upstream:track)%00%(upstream:remotename)%00%(upstream:remoteref) refs/heads/main refs/remotes/main [39ms]
2024-05-20 08:53:18.737 [info] > git cat-file -s 28df13dd21920d55eba6449dab51cee4b5da50f6 [482ms]
2024-05-20 08:53:20.010 [info] > git status -z -uall [973ms]
2024-05-20 08:53:29.082 [info] > git config --get commit.template [21ms]
2024-05-20 08:53:29.083 [info] > git for-each-ref --format=%(refname)%00%(upstream:short)%00%(objectname)%00%(upstream:track)%00%(upstream:remotename)%00%(upstream:remoteref) refs/heads/main refs/remotes/main [4ms]
2024-05-20 08:53:29.522 [info] > git status -z -uall [416ms]
