2024-04-02 09:53:41.779 [info] Log level: Info
2024-04-02 09:53:41.779 [info] Validating found git in: "git"
2024-04-02 09:53:41.779 [info] Using git "2.39.2" from "git"
2024-04-02 09:53:41.779 [info] > git rev-parse --show-toplevel [740ms]
2024-04-02 09:53:41.779 [info] > git rev-parse --git-dir --git-common-dir [110ms]
2024-04-02 09:53:41.779 [info] Open repository: /home/louis/api_louis
2024-04-02 09:53:41.779 [info] > git rev-parse --show-toplevel [160ms]
2024-04-02 09:53:41.779 [info] > git config --get commit.template [185ms]
2024-04-02 09:53:41.880 [info] > git for-each-ref --format=%(refname)%00%(upstream:short)%00%(objectname)%00%(upstream:track)%00%(upstream:remotename)%00%(upstream:remoteref) refs/heads/main refs/remotes/main [81ms]
2024-04-02 09:53:41.882 [info] > git rev-parse --git-dir --git-common-dir [104ms]
2024-04-02 09:53:41.891 [info] Open repository: /home/louis/api_louis/_data
2024-04-02 09:53:41.969 [info] > git rev-parse --show-toplevel [34ms]
2024-04-02 09:53:41.971 [info] > git config --get commit.template [60ms]
2024-04-02 09:53:42.108 [info] > git status -z -uall [35ms]
2024-04-02 09:53:42.110 [info] > git rev-parse --show-toplevel [85ms]
2024-04-02 09:53:42.152 [info] > git for-each-ref --format=%(refname)%00%(upstream:short)%00%(objectname)%00%(upstream:track)%00%(upstream:remotename)%00%(upstream:remoteref) refs/heads/main refs/remotes/main [47ms]
2024-04-02 09:53:42.201 [warning] ENOENT: no such file or directory, open '/home/louis/api_louis/_data/.git/refs/remotes/origin/main'
2024-04-02 09:53:42.210 [info] > git rev-parse --show-toplevel [68ms]
2024-04-02 09:53:42.279 [info] > git rev-parse refs/remotes/origin/main [78ms]
2024-04-02 09:53:42.364 [info] > git status -z -uall [59ms]
2024-04-02 09:53:42.410 [info] > git rev-parse --show-toplevel [142ms]
2024-04-02 09:53:42.411 [info] > git config --get commit.template [179ms]
2024-04-02 09:53:43.802 [info] > git rev-parse --show-toplevel [1291ms]
2024-04-02 09:53:43.804 [info] > git config --get commit.template [1310ms]
2024-04-02 09:53:43.804 [info] > git for-each-ref --format=%(refname)%00%(upstream:short)%00%(objectname)%00%(upstream:track)%00%(upstream:remotename)%00%(upstream:remoteref) refs/heads/main refs/remotes/main [1344ms]
2024-04-02 09:53:44.590 [info] > git check-ignore -v -z --stdin [744ms]
2024-04-02 09:53:44.593 [info] > git check-ignore -v -z --stdin [715ms]
2024-04-02 09:53:44.595 [info] > git rev-parse --show-toplevel [465ms]
2024-04-02 09:53:44.671 [info] > git for-each-ref --format=%(refname)%00%(upstream:short)%00%(objectname)%00%(upstream:track)%00%(upstream:remotename)%00%(upstream:remoteref) refs/heads/main refs/remotes/main [112ms]
2024-04-02 09:53:44.775 [warning] ENOENT: no such file or directory, open '/home/louis/api_louis/_data/.git/refs/remotes/origin/main'
2024-04-02 09:53:44.785 [info] > git status -z -uall [79ms]
2024-04-02 09:53:44.787 [info] > git rev-parse --show-toplevel [129ms]
2024-04-02 09:53:44.941 [info] > git rev-parse refs/remotes/origin/main [166ms]
2024-04-02 09:53:45.345 [info] > git status -z -uall [352ms]
2024-04-02 09:53:45.358 [info] > git rev-parse --show-toplevel [503ms]
2024-04-02 09:53:45.633 [info] > git rev-parse --show-toplevel [210ms]
2024-04-02 09:53:46.833 [info] > git rev-parse --show-toplevel [1131ms]
2024-04-02 09:53:48.206 [info] > git show --textconv :dockerfile [1338ms]
2024-04-02 09:53:48.206 [info] > git check-ignore -v -z --stdin [1247ms]
2024-04-02 09:53:48.225 [info] > git ls-files --stage -- /home/louis/api_louis/dockerfile [1324ms]
2024-04-02 09:53:49.094 [info] > git show --textconv :routes/api.php [151ms]
2024-04-02 09:53:49.112 [info] > git cat-file -s 3994dd79f1912c9e0de31f09dd226b4ad4c2a2d0 [758ms]
2024-04-02 09:53:49.115 [info] > git config --get commit.template [2017ms]
2024-04-02 09:53:49.260 [info] > git ls-files --stage -- /home/louis/api_louis/routes/api.php [277ms]
2024-04-02 09:53:49.750 [info] > git cat-file -s 9171dd7f57a796943faecc067acbf867ee146375 [399ms]
2024-04-02 09:53:50.282 [info] > git for-each-ref --format=%(refname)%00%(upstream:short)%00%(objectname)%00%(upstream:track)%00%(upstream:remotename)%00%(upstream:remoteref) refs/heads/main refs/remotes/main [841ms]
2024-04-02 09:53:50.938 [info] > git status -z -uall [469ms]
2024-04-02 10:02:18.817 [info] > git config --get commit.template [26ms]
2024-04-02 10:02:18.818 [info] > git for-each-ref --format=%(refname)%00%(upstream:short)%00%(objectname)%00%(upstream:track)%00%(upstream:remotename)%00%(upstream:remoteref) refs/heads/main refs/remotes/main [3ms]
2024-04-02 10:02:18.857 [info] > git status -z -uall [11ms]
2024-04-02 10:02:23.922 [info] > git config --get commit.template [26ms]
2024-04-02 10:02:23.923 [info] > git for-each-ref --format=%(refname)%00%(upstream:short)%00%(objectname)%00%(upstream:track)%00%(upstream:remotename)%00%(upstream:remoteref) refs/heads/main refs/remotes/main [3ms]
2024-04-02 10:02:23.954 [info] > git status -z -uall [9ms]
2024-04-02 10:02:27.101 [info] > git check-ignore -v -z --stdin [2ms]
2024-04-02 10:02:29.757 [info] > git check-ignore -v -z --stdin [2ms]
2024-04-02 10:02:35.385 [info] > git show --textconv :app/Models/Equipe.php [28ms]
2024-04-02 10:02:35.390 [info] > git ls-files --stage -- /home/louis/api_louis/app/Models/Equipe.php [7ms]
2024-04-02 10:02:35.423 [info] > git cat-file -s 6b8bb4ed212399034e14a9d42b1707316d974444 [4ms]
2024-04-02 10:02:36.795 [info] > git show --textconv :app/Models/Post.php [27ms]
2024-04-02 10:02:36.797 [info] > git ls-files --stage -- /home/louis/api_louis/app/Models/Post.php [3ms]
2024-04-02 10:02:36.828 [info] > git cat-file -s 089656b3e7a1ad14282f97dce9062c98da6dbb1a [3ms]
2024-04-02 10:02:37.724 [info] > git show --textconv :app/Models/User.php [24ms]
2024-04-02 10:02:37.726 [info] > git ls-files --stage -- /home/louis/api_louis/app/Models/User.php [2ms]
2024-04-02 10:02:37.750 [info] > git cat-file -s 4d7f70f568fe2e9eff23fa12f309a10bf1e74e3c [2ms]
2024-04-02 10:02:44.574 [info] > git check-ignore -v -z --stdin [4ms]
2024-04-02 10:02:46.613 [info] > git check-ignore -v -z --stdin [3ms]
2024-04-02 10:02:47.874 [info] > git check-ignore -v -z --stdin [2ms]
2024-04-02 10:03:08.721 [info] > git show --textconv :app/Http/Controllers/Api/ClassementController.php [37ms]
2024-04-02 10:03:08.723 [info] > git ls-files --stage -- /home/louis/api_louis/app/Http/Controllers/Api/ClassementController.php [5ms]
2024-04-02 10:03:08.761 [info] > git cat-file -s ca66ceb5b6310f739c7288080416a6bee5b8004b [8ms]
