2024-04-25 07:29:39.468 [info] Log level: Info
2024-04-25 07:29:39.468 [info] Validating found git in: "git"
2024-04-25 07:29:39.468 [info] Using git "2.39.2" from "git"
2024-04-25 07:29:39.468 [info] > git rev-parse --show-toplevel [61ms]
2024-04-25 07:29:39.468 [info] > git rev-parse --git-dir --git-common-dir [13ms]
2024-04-25 07:29:39.468 [info] Open repository: /home/louis
2024-04-25 07:29:39.472 [info] > git config --get commit.template [25ms]
2024-04-25 07:29:39.514 [info] > git rev-parse --show-toplevel [46ms]
2024-04-25 07:29:39.688 [info] > git for-each-ref --format=%(refname)%00%(upstream:short)%00%(objectname)%00%(upstream:track)%00%(upstream:remotename)%00%(upstream:remoteref) refs/heads/main refs/remotes/main [178ms]
2024-04-25 07:29:39.728 [info] > git rev-parse --show-toplevel [168ms]
2024-04-25 07:29:39.796 [info] > git rev-parse --show-toplevel [37ms]
2024-04-25 07:29:39.884 [info] > git rev-parse --show-toplevel [57ms]
2024-04-25 07:29:39.934 [info] > git rev-parse --show-toplevel [7ms]
2024-04-25 07:29:39.988 [info] > git rev-parse --show-toplevel [12ms]
2024-04-25 07:29:40.027 [info] > git rev-parse --show-toplevel [9ms]
2024-04-25 07:29:40.081 [info] > git rev-parse --show-toplevel [11ms]
2024-04-25 07:29:40.179 [info] > git rev-parse --show-toplevel [50ms]
2024-04-25 07:29:40.268 [info] > git rev-parse --show-toplevel [16ms]
2024-04-25 07:29:40.361 [info] > git rev-parse --show-toplevel [18ms]
2024-04-25 07:29:40.441 [info] > git rev-parse --show-toplevel [20ms]
2024-04-25 07:29:40.465 [info] > git rev-parse --show-toplevel [1ms]
2024-04-25 07:29:40.588 [info] > git check-ignore -v -z --stdin [411ms]
2024-04-25 07:29:40.591 [info] > git show --textconv :ligue1-frontend/src/pages/Equipe/Equipe.css [74ms]
2024-04-25 07:29:40.606 [info] > git status -z -uall [813ms]
2024-04-25 07:29:40.673 [info] > git merge-base refs/heads/main refs/remotes/origin/main [40ms]
2024-04-25 07:29:40.701 [info] > git ls-files --stage -- /home/louis/ligue1-frontend/src/pages/Equipe/Equipe.css [115ms]
2024-04-25 07:29:40.956 [info] > git cat-file -s 21c7c53ef76a42c4cea3df2f78ea4c122d462b0a [206ms]
2024-04-25 07:29:40.958 [info] > git rev-list --count --left-right refs/heads/main...refs/remotes/origin/main [258ms]
2024-04-25 07:29:40.976 [info] > git config --get commit.template [303ms]
2024-04-25 07:29:40.989 [info] > git diff --name-status -z --diff-filter=ADMR 0b25762d77507ec4418cff933308f90e6c71cf21...refs/remotes/origin/main [15ms]
2024-04-25 07:29:40.994 [info] > git for-each-ref --format=%(refname)%00%(upstream:short)%00%(objectname)%00%(upstream:track)%00%(upstream:remotename)%00%(upstream:remoteref) refs/heads/main refs/remotes/main [6ms]
2024-04-25 07:29:41.344 [info] > git status -z -uall [336ms]
2024-04-25 07:29:53.570 [info] > git show --textconv :ligue1-frontend/src/pages/Equipe/Equipe.css [235ms]
2024-04-25 07:29:53.576 [info] > git ls-files --stage -- /home/louis/ligue1-frontend/src/pages/Equipe/Equipe.css [143ms]
2024-04-25 07:29:53.826 [info] > git check-ignore -v -z --stdin [266ms]
2024-04-25 07:29:53.844 [info] > git cat-file -s 21c7c53ef76a42c4cea3df2f78ea4c122d462b0a [193ms]
2024-04-25 07:29:57.049 [info] > git show --textconv :ligue1-frontend/src/pages/User/User.js [59ms]
2024-04-25 07:29:57.064 [info] > git ls-files --stage -- /home/louis/ligue1-frontend/src/pages/User/User.js [44ms]
2024-04-25 07:29:57.122 [info] > git cat-file -s 4010beb989723d09da0febd1620260dc301a11ff [8ms]
2024-04-25 07:29:58.233 [info] > git config --get commit.template [38ms]
2024-04-25 07:29:58.237 [info] > git for-each-ref --format=%(refname)%00%(upstream:short)%00%(objectname)%00%(upstream:track)%00%(upstream:remotename)%00%(upstream:remoteref) refs/heads/main refs/remotes/main [7ms]
2024-04-25 07:29:58.758 [info] > git status -z -uall [482ms]
2024-04-25 07:30:03.858 [info] > git config --get commit.template [42ms]
2024-04-25 07:30:03.864 [info] > git for-each-ref --format=%(refname)%00%(upstream:short)%00%(objectname)%00%(upstream:track)%00%(upstream:remotename)%00%(upstream:remoteref) refs/heads/main refs/remotes/main [8ms]
2024-04-25 07:30:04.264 [info] > git status -z -uall [366ms]
2024-04-25 07:30:12.093 [info] > git config --get commit.template [67ms]
2024-04-25 07:30:12.096 [info] > git for-each-ref --format=%(refname)%00%(upstream:short)%00%(objectname)%00%(upstream:track)%00%(upstream:remotename)%00%(upstream:remoteref) refs/heads/main refs/remotes/main [7ms]
2024-04-25 07:30:12.536 [info] > git status -z -uall [389ms]
2024-04-25 07:30:18.946 [info] > git show --textconv :ligue1-frontend/src/pages/User/User.css [49ms]
2024-04-25 07:30:18.954 [info] > git ls-files --stage -- /home/louis/ligue1-frontend/src/pages/User/User.css [12ms]
2024-04-25 07:30:19.014 [info] > git cat-file -s e69de29bb2d1d6434b8b29ae775ad8c2e48c5391 [16ms]
2024-04-25 07:30:19.208 [info] > git config --get commit.template [6ms]
2024-04-25 07:30:19.257 [info] > git for-each-ref --format=%(refname)%00%(upstream:short)%00%(objectname)%00%(upstream:track)%00%(upstream:remotename)%00%(upstream:remoteref) refs/heads/main refs/remotes/main [3ms]
2024-04-25 07:30:19.592 [info] > git status -z -uall [290ms]
2024-04-25 07:30:20.207 [info] > git show --textconv :ligue1-frontend/src/pages/Equipe/Equipe.css [61ms]
2024-04-25 07:30:20.210 [info] > git ls-files --stage -- /home/louis/ligue1-frontend/src/pages/Equipe/Equipe.css [14ms]
2024-04-25 07:30:20.261 [info] > git cat-file -s 21c7c53ef76a42c4cea3df2f78ea4c122d462b0a [3ms]
2024-04-25 07:30:24.694 [info] > git config --get commit.template [43ms]
2024-04-25 07:30:24.695 [info] > git for-each-ref --format=%(refname)%00%(upstream:short)%00%(objectname)%00%(upstream:track)%00%(upstream:remotename)%00%(upstream:remoteref) refs/heads/main refs/remotes/main [3ms]
2024-04-25 07:30:25.013 [info] > git status -z -uall [277ms]
2024-04-25 07:30:40.834 [info] > git config --get commit.template [44ms]
2024-04-25 07:30:40.836 [info] > git for-each-ref --format=%(refname)%00%(upstream:short)%00%(objectname)%00%(upstream:track)%00%(upstream:remotename)%00%(upstream:remoteref) refs/heads/main refs/remotes/main [3ms]
2024-04-25 07:30:41.161 [info] > git status -z -uall [285ms]
2024-04-25 07:30:44.744 [info] > git show --textconv :ligue1-frontend/src/pages/Match/Match.css [45ms]
2024-04-25 07:30:44.757 [info] > git ls-files --stage -- /home/louis/ligue1-frontend/src/pages/Match/Match.css [19ms]
2024-04-25 07:30:44.810 [info] > git cat-file -s d36356abc40b3bee009e4613c362c8142d62e637 [4ms]
2024-04-25 07:30:45.770 [info] > git show --textconv :ligue1-frontend/src/pages/Match/Match.js [47ms]
2024-04-25 07:30:45.786 [info] > git ls-files --stage -- /home/louis/ligue1-frontend/src/pages/Match/Match.js [20ms]
2024-04-25 07:30:45.860 [info] > git cat-file -s 60ccd8804e092b22fbe285ca2592615f98b89c68 [12ms]
2024-04-25 07:30:46.267 [info] > git config --get commit.template [3ms]
2024-04-25 07:30:46.315 [info] > git for-each-ref --format=%(refname)%00%(upstream:short)%00%(objectname)%00%(upstream:track)%00%(upstream:remotename)%00%(upstream:remoteref) refs/heads/main refs/remotes/main [6ms]
2024-04-25 07:30:46.638 [info] > git status -z -uall [284ms]
2024-04-25 07:30:47.482 [info] > git show --textconv :ligue1-frontend/src/pages/ShowPlayer/ShowPlayer.js [50ms]
2024-04-25 07:30:47.485 [info] > git ls-files --stage -- /home/louis/ligue1-frontend/src/pages/ShowPlayer/ShowPlayer.js [18ms]
2024-04-25 07:30:47.537 [info] > git cat-file -s 565a725b005f8cbd2b068ceda266ea1eeb93e718 [4ms]
2024-04-25 07:30:48.106 [info] > git show --textconv :ligue1-frontend/src/pages/Match/Match.js [107ms]
2024-04-25 07:30:48.127 [info] > git ls-files --stage -- /home/louis/ligue1-frontend/src/pages/Match/Match.js [47ms]
2024-04-25 07:30:48.216 [info] > git cat-file -s 60ccd8804e092b22fbe285ca2592615f98b89c68 [9ms]
2024-04-25 07:30:49.825 [info] > git show --textconv :ligue1-frontend/src/pages/TopPlayer/TopPlayer.css [47ms]
2024-04-25 07:30:49.838 [info] > git ls-files --stage -- /home/louis/ligue1-frontend/src/pages/TopPlayer/TopPlayer.css [19ms]
2024-04-25 07:30:50.560 [info] > git show --textconv :ligue1-frontend/public/index.html [62ms]
2024-04-25 07:30:50.575 [info] > git ls-files --stage -- /home/louis/ligue1-frontend/public/index.html [20ms]
2024-04-25 07:30:50.630 [info] > git cat-file -s cf917925af65c3a6f8562c1f67c795b2fab5944c [6ms]
2024-04-25 07:30:51.056 [info] > git check-ignore -v -z --stdin [62ms]
2024-04-25 07:30:51.446 [info] > git show --textconv :ligue1-frontend/src/pages/TopPlayer/TopPlayer.css [51ms]
2024-04-25 07:30:51.452 [info] > git ls-files --stage -- /home/louis/ligue1-frontend/src/pages/TopPlayer/TopPlayer.css [12ms]
2024-04-25 07:30:51.700 [info] > git config --get commit.template [2ms]
2024-04-25 07:30:51.746 [info] > git for-each-ref --format=%(refname)%00%(upstream:short)%00%(objectname)%00%(upstream:track)%00%(upstream:remotename)%00%(upstream:remoteref) refs/heads/main refs/remotes/main [3ms]
2024-04-25 07:30:52.071 [info] > git status -z -uall [281ms]
2024-04-25 07:30:57.282 [info] > git show --textconv :ligue1-frontend/src/pages/Match/Match.js [62ms]
2024-04-25 07:30:57.290 [info] > git ls-files --stage -- /home/louis/ligue1-frontend/src/pages/Match/Match.js [22ms]
2024-04-25 07:30:57.336 [info] > git cat-file -s 60ccd8804e092b22fbe285ca2592615f98b89c68 [5ms]
2024-04-25 07:30:57.424 [info] > git config --get commit.template [5ms]
2024-04-25 07:30:57.468 [info] > git for-each-ref --format=%(refname)%00%(upstream:short)%00%(objectname)%00%(upstream:track)%00%(upstream:remotename)%00%(upstream:remoteref) refs/heads/main refs/remotes/main [5ms]
2024-04-25 07:30:57.783 [info] > git status -z -uall [272ms]
2024-04-25 07:31:02.886 [info] > git config --get commit.template [42ms]
2024-04-25 07:31:02.887 [info] > git for-each-ref --format=%(refname)%00%(upstream:short)%00%(objectname)%00%(upstream:track)%00%(upstream:remotename)%00%(upstream:remoteref) refs/heads/main refs/remotes/main [3ms]
2024-04-25 07:31:03.253 [info] > git status -z -uall [318ms]
2024-04-25 07:31:08.359 [info] > git config --get commit.template [44ms]
2024-04-25 07:31:08.360 [info] > git for-each-ref --format=%(refname)%00%(upstream:short)%00%(objectname)%00%(upstream:track)%00%(upstream:remotename)%00%(upstream:remoteref) refs/heads/main refs/remotes/main [3ms]
2024-04-25 07:31:08.681 [info] > git status -z -uall [279ms]
2024-04-25 07:31:13.783 [info] > git config --get commit.template [42ms]
2024-04-25 07:31:13.785 [info] > git for-each-ref --format=%(refname)%00%(upstream:short)%00%(objectname)%00%(upstream:track)%00%(upstream:remotename)%00%(upstream:remoteref) refs/heads/main refs/remotes/main [3ms]
2024-04-25 07:31:14.110 [info] > git status -z -uall [281ms]
2024-04-25 07:31:19.210 [info] > git config --get commit.template [39ms]
2024-04-25 07:31:19.214 [info] > git for-each-ref --format=%(refname)%00%(upstream:short)%00%(objectname)%00%(upstream:track)%00%(upstream:remotename)%00%(upstream:remoteref) refs/heads/main refs/remotes/main [6ms]
2024-04-25 07:31:19.547 [info] > git status -z -uall [291ms]
2024-04-25 07:31:24.638 [info] > git config --get commit.template [40ms]
2024-04-25 07:31:24.639 [info] > git for-each-ref --format=%(refname)%00%(upstream:short)%00%(objectname)%00%(upstream:track)%00%(upstream:remotename)%00%(upstream:remoteref) refs/heads/main refs/remotes/main [2ms]
2024-04-25 07:31:24.937 [info] > git status -z -uall [260ms]
2024-04-25 07:31:30.021 [info] > git config --get commit.template [40ms]
2024-04-25 07:31:30.024 [info] > git for-each-ref --format=%(refname)%00%(upstream:short)%00%(objectname)%00%(upstream:track)%00%(upstream:remotename)%00%(upstream:remoteref) refs/heads/main refs/remotes/main [5ms]
2024-04-25 07:31:30.344 [info] > git status -z -uall [278ms]
2024-04-25 07:31:34.695 [info] > git check-ignore -v -z --stdin [16ms]
2024-04-25 07:31:35.442 [info] > git config --get commit.template [44ms]
2024-04-25 07:31:35.443 [info] > git for-each-ref --format=%(refname)%00%(upstream:short)%00%(objectname)%00%(upstream:track)%00%(upstream:remotename)%00%(upstream:remoteref) refs/heads/main refs/remotes/main [4ms]
2024-04-25 07:31:35.766 [info] > git status -z -uall [273ms]
2024-04-25 07:31:40.860 [info] > git config --get commit.template [46ms]
2024-04-25 07:31:40.862 [info] > git for-each-ref --format=%(refname)%00%(upstream:short)%00%(objectname)%00%(upstream:track)%00%(upstream:remotename)%00%(upstream:remoteref) refs/heads/main refs/remotes/main [3ms]
2024-04-25 07:31:41.169 [info] > git status -z -uall [261ms]
2024-04-25 07:31:45.412 [info] > git show --textconv :ligue1-frontend/src/pages/ResumeVideo/ResumeVideo.js [68ms]
2024-04-25 07:31:45.416 [info] > git ls-files --stage -- /home/louis/ligue1-frontend/src/pages/ResumeVideo/ResumeVideo.js [28ms]
2024-04-25 07:31:45.599 [info] > git check-ignore -v -z --stdin [33ms]
2024-04-25 07:31:46.287 [info] > git config --get commit.template [46ms]
2024-04-25 07:31:46.289 [info] > git for-each-ref --format=%(refname)%00%(upstream:short)%00%(objectname)%00%(upstream:track)%00%(upstream:remotename)%00%(upstream:remoteref) refs/heads/main refs/remotes/main [3ms]
2024-04-25 07:31:46.638 [info] > git status -z -uall [306ms]
2024-04-25 07:31:51.887 [info] > git for-each-ref --format=%(refname)%00%(upstream:short)%00%(objectname)%00%(upstream:track)%00%(upstream:remotename)%00%(upstream:remoteref) refs/heads/main refs/remotes/main [5ms]
2024-04-25 07:31:51.892 [info] > git config --get commit.template [124ms]
2024-04-25 07:31:52.300 [info] > git status -z -uall [339ms]
2024-04-25 07:31:57.355 [info] > git config --get commit.template [2ms]
2024-04-25 07:31:57.393 [info] > git for-each-ref --format=%(refname)%00%(upstream:short)%00%(objectname)%00%(upstream:track)%00%(upstream:remotename)%00%(upstream:remoteref) refs/heads/main refs/remotes/main [3ms]
2024-04-25 07:31:57.725 [info] > git status -z -uall [290ms]
2024-04-25 07:31:57.926 [info] > git show --textconv :ligue1-frontend/src/pages/ResumeVideo/ResumeVideo.css [133ms]
2024-04-25 07:31:57.927 [info] > git ls-files --stage -- /home/louis/ligue1-frontend/src/pages/ResumeVideo/ResumeVideo.css [91ms]
2024-04-25 07:31:57.998 [info] > git check-ignore -v -z --stdin [19ms]
2024-04-25 07:31:59.555 [info] > git show --textconv :ligue1-frontend/src/pages/ResumeVideo/ResumeVideo.js [43ms]
2024-04-25 07:31:59.564 [info] > git ls-files --stage -- /home/louis/ligue1-frontend/src/pages/ResumeVideo/ResumeVideo.js [14ms]
2024-04-25 07:32:02.839 [info] > git config --get commit.template [42ms]
2024-04-25 07:32:02.843 [info] > git for-each-ref --format=%(refname)%00%(upstream:short)%00%(objectname)%00%(upstream:track)%00%(upstream:remotename)%00%(upstream:remoteref) refs/heads/main refs/remotes/main [2ms]
2024-04-25 07:32:03.164 [info] > git status -z -uall [282ms]
2024-04-25 07:32:04.575 [info] > git show --textconv :ligue1-frontend/src/pages/User/User.js [46ms]
2024-04-25 07:32:04.589 [info] > git ls-files --stage -- /home/louis/ligue1-frontend/src/pages/User/User.js [23ms]
2024-04-25 07:32:04.633 [info] > git cat-file -s 4010beb989723d09da0febd1620260dc301a11ff [7ms]
2024-04-25 07:32:08.275 [info] > git config --get commit.template [43ms]
2024-04-25 07:32:08.276 [info] > git for-each-ref --format=%(refname)%00%(upstream:short)%00%(objectname)%00%(upstream:track)%00%(upstream:remotename)%00%(upstream:remoteref) refs/heads/main refs/remotes/main [2ms]
2024-04-25 07:32:08.625 [info] > git status -z -uall [306ms]
2024-04-25 07:32:08.626 [info] > git show --textconv :ligue1-frontend/src/pages/ResumeVideo/ResumeVideo.js [42ms]
2024-04-25 07:32:08.654 [info] > git ls-files --stage -- /home/louis/ligue1-frontend/src/pages/ResumeVideo/ResumeVideo.js [32ms]
2024-04-25 07:32:13.704 [info] > git config --get commit.template [8ms]
2024-04-25 07:32:13.753 [info] > git for-each-ref --format=%(refname)%00%(upstream:short)%00%(objectname)%00%(upstream:track)%00%(upstream:remotename)%00%(upstream:remoteref) refs/heads/main refs/remotes/main [7ms]
2024-04-25 07:32:14.094 [info] > git status -z -uall [297ms]
2024-04-25 07:32:19.157 [info] > git config --get commit.template [6ms]
2024-04-25 07:32:19.214 [info] > git for-each-ref --format=%(refname)%00%(upstream:short)%00%(objectname)%00%(upstream:track)%00%(upstream:remotename)%00%(upstream:remoteref) refs/heads/main refs/remotes/main [8ms]
2024-04-25 07:32:19.800 [info] > git status -z -uall [507ms]
2024-04-25 07:32:24.855 [info] > git config --get commit.template [4ms]
2024-04-25 07:32:24.899 [info] > git for-each-ref --format=%(refname)%00%(upstream:short)%00%(objectname)%00%(upstream:track)%00%(upstream:remotename)%00%(upstream:remoteref) refs/heads/main refs/remotes/main [6ms]
2024-04-25 07:32:25.305 [info] > git status -z -uall [350ms]
2024-04-25 07:34:17.903 [info] > git config --get commit.template [5ms]
2024-04-25 07:34:17.949 [info] > git for-each-ref --format=%(refname)%00%(upstream:short)%00%(objectname)%00%(upstream:track)%00%(upstream:remotename)%00%(upstream:remoteref) refs/heads/main refs/remotes/main [3ms]
2024-04-25 07:34:18.251 [info] > git status -z -uall [263ms]
2024-04-25 07:34:21.866 [info] > git show --textconv :ligue1-frontend/src/pages/Menu/Menu.js [59ms]
2024-04-25 07:34:21.870 [info] > git ls-files --stage -- /home/louis/ligue1-frontend/src/pages/Menu/Menu.js [26ms]
2024-04-25 07:34:21.934 [info] > git cat-file -s 2eea905ad047d4b4d1ca030cda00d81bfba1c3bf [5ms]
2024-04-25 07:34:23.318 [info] > git config --get commit.template [3ms]
2024-04-25 07:34:23.360 [info] > git for-each-ref --format=%(refname)%00%(upstream:short)%00%(objectname)%00%(upstream:track)%00%(upstream:remotename)%00%(upstream:remoteref) refs/heads/main refs/remotes/main [3ms]
2024-04-25 07:34:23.668 [info] > git status -z -uall [264ms]
2024-04-25 07:35:16.799 [info] > git config --get commit.template [46ms]
2024-04-25 07:35:16.800 [info] > git for-each-ref --format=%(refname)%00%(upstream:short)%00%(objectname)%00%(upstream:track)%00%(upstream:remotename)%00%(upstream:remoteref) refs/heads/main refs/remotes/main [3ms]
2024-04-25 07:35:17.129 [info] > git status -z -uall [291ms]
2024-04-25 07:35:22.226 [info] > git config --get commit.template [41ms]
2024-04-25 07:35:22.227 [info] > git for-each-ref --format=%(refname)%00%(upstream:short)%00%(objectname)%00%(upstream:track)%00%(upstream:remotename)%00%(upstream:remoteref) refs/heads/main refs/remotes/main [3ms]
2024-04-25 07:35:22.555 [info] > git status -z -uall [290ms]
2024-04-25 07:35:28.886 [info] > git config --get commit.template [1073ms]
2024-04-25 07:35:29.113 [info] > git for-each-ref --format=%(refname)%00%(upstream:short)%00%(objectname)%00%(upstream:track)%00%(upstream:remotename)%00%(upstream:remoteref) refs/heads/main refs/remotes/main [587ms]
2024-04-25 07:35:30.555 [info] > git status -z -uall [1247ms]
2024-04-25 07:35:35.990 [info] > git config --get commit.template [80ms]
2024-04-25 07:35:36.031 [info] > git for-each-ref --format=%(refname)%00%(upstream:short)%00%(objectname)%00%(upstream:track)%00%(upstream:remotename)%00%(upstream:remoteref) refs/heads/main refs/remotes/main [38ms]
2024-04-25 07:35:36.975 [info] > git status -z -uall [839ms]
2024-04-25 07:35:42.095 [info] > git config --get commit.template [4ms]
2024-04-25 07:35:42.145 [info] > git for-each-ref --format=%(refname)%00%(upstream:short)%00%(objectname)%00%(upstream:track)%00%(upstream:remotename)%00%(upstream:remoteref) refs/heads/main refs/remotes/main [2ms]
2024-04-25 07:35:43.207 [info] > git status -z -uall [1018ms]
2024-04-25 07:35:50.297 [info] > git config --get commit.template [4ms]
2024-04-25 07:35:50.359 [info] > git for-each-ref --format=%(refname)%00%(upstream:short)%00%(objectname)%00%(upstream:track)%00%(upstream:remotename)%00%(upstream:remoteref) refs/heads/main refs/remotes/main [2ms]
2024-04-25 07:35:50.701 [info] > git status -z -uall [296ms]
2024-04-25 07:36:00.326 [info] > git config --get commit.template [2ms]
2024-04-25 07:36:00.377 [info] > git for-each-ref --format=%(refname)%00%(upstream:short)%00%(objectname)%00%(upstream:track)%00%(upstream:remotename)%00%(upstream:remoteref) refs/heads/main refs/remotes/main [3ms]
2024-04-25 07:36:00.712 [info] > git status -z -uall [292ms]
2024-04-25 07:36:16.667 [info] > git config --get commit.template [7ms]
2024-04-25 07:36:16.722 [info] > git for-each-ref --format=%(refname)%00%(upstream:short)%00%(objectname)%00%(upstream:track)%00%(upstream:remotename)%00%(upstream:remoteref) refs/heads/main refs/remotes/main [4ms]
2024-04-25 07:36:17.072 [info] > git status -z -uall [303ms]
2024-04-25 07:36:39.829 [info] > git config --get commit.template [3ms]
2024-04-25 07:36:39.875 [info] > git for-each-ref --format=%(refname)%00%(upstream:short)%00%(objectname)%00%(upstream:track)%00%(upstream:remotename)%00%(upstream:remoteref) refs/heads/main refs/remotes/main [3ms]
2024-04-25 07:36:40.216 [info] > git status -z -uall [296ms]
2024-04-25 07:37:11.650 [info] > git config --get commit.template [37ms]
2024-04-25 07:37:11.653 [info] > git for-each-ref --format=%(refname)%00%(upstream:short)%00%(objectname)%00%(upstream:track)%00%(upstream:remotename)%00%(upstream:remoteref) refs/heads/main refs/remotes/main [4ms]
2024-04-25 07:37:11.938 [info] > git status -z -uall [252ms]
2024-04-25 07:37:17.046 [info] > git config --get commit.template [46ms]
2024-04-25 07:37:17.049 [info] > git for-each-ref --format=%(refname)%00%(upstream:short)%00%(objectname)%00%(upstream:track)%00%(upstream:remotename)%00%(upstream:remoteref) refs/heads/main refs/remotes/main [5ms]
2024-04-25 07:37:17.388 [info] > git status -z -uall [293ms]
2024-04-25 07:37:21.090 [info] > git show --textconv :ligue1-frontend/src/app/App.js [54ms]
2024-04-25 07:37:21.094 [info] > git ls-files --stage -- /home/louis/ligue1-frontend/src/app/App.js [17ms]
2024-04-25 07:37:21.139 [info] > git cat-file -s 49733d1c662c47fb8a41ba597efff1f6fc488c04 [4ms]
2024-04-25 07:37:22.446 [info] > git config --get commit.template [1ms]
2024-04-25 07:37:22.482 [info] > git for-each-ref --format=%(refname)%00%(upstream:short)%00%(objectname)%00%(upstream:track)%00%(upstream:remotename)%00%(upstream:remoteref) refs/heads/main refs/remotes/main [2ms]
2024-04-25 07:37:22.766 [info] > git status -z -uall [242ms]
2024-04-25 07:37:27.821 [info] > git config --get commit.template [2ms]
2024-04-25 07:37:27.863 [info] > git for-each-ref --format=%(refname)%00%(upstream:short)%00%(objectname)%00%(upstream:track)%00%(upstream:remotename)%00%(upstream:remoteref) refs/heads/main refs/remotes/main [3ms]
2024-04-25 07:37:28.169 [info] > git status -z -uall [268ms]
2024-04-25 07:37:33.228 [info] > git config --get commit.template [5ms]
2024-04-25 07:37:33.267 [info] > git for-each-ref --format=%(refname)%00%(upstream:short)%00%(objectname)%00%(upstream:track)%00%(upstream:remotename)%00%(upstream:remoteref) refs/heads/main refs/remotes/main [3ms]
2024-04-25 07:37:33.619 [info] > git status -z -uall [311ms]
2024-04-25 07:37:38.861 [info] > git config --get commit.template [48ms]
2024-04-25 07:37:38.944 [info] > git for-each-ref --format=%(refname)%00%(upstream:short)%00%(objectname)%00%(upstream:track)%00%(upstream:remotename)%00%(upstream:remoteref) refs/heads/main refs/remotes/main [30ms]
2024-04-25 07:37:39.611 [info] > git status -z -uall [507ms]
2024-04-25 07:37:44.900 [info] > git config --get commit.template [161ms]
2024-04-25 07:37:44.906 [info] > git for-each-ref --format=%(refname)%00%(upstream:short)%00%(objectname)%00%(upstream:track)%00%(upstream:remotename)%00%(upstream:remoteref) refs/heads/main refs/remotes/main [7ms]
2024-04-25 07:37:45.902 [info] > git status -z -uall [858ms]
2024-04-25 07:37:51.794 [info] > git config --get commit.template [31ms]
2024-04-25 07:37:51.946 [info] > git for-each-ref --format=%(refname)%00%(upstream:short)%00%(objectname)%00%(upstream:track)%00%(upstream:remotename)%00%(upstream:remoteref) refs/heads/main refs/remotes/main [73ms]
2024-04-25 07:37:52.772 [info] > git status -z -uall [638ms]
2024-04-25 07:37:57.833 [info] > git config --get commit.template [2ms]
2024-04-25 07:37:57.880 [info] > git for-each-ref --format=%(refname)%00%(upstream:short)%00%(objectname)%00%(upstream:track)%00%(upstream:remotename)%00%(upstream:remoteref) refs/heads/main refs/remotes/main [3ms]
2024-04-25 07:37:58.208 [info] > git status -z -uall [280ms]
2024-04-25 07:38:10.220 [info] > git config --get commit.template [3ms]
2024-04-25 07:38:10.276 [info] > git for-each-ref --format=%(refname)%00%(upstream:short)%00%(objectname)%00%(upstream:track)%00%(upstream:remotename)%00%(upstream:remoteref) refs/heads/main refs/remotes/main [4ms]
2024-04-25 07:38:10.652 [info] > git status -z -uall [328ms]
2024-04-25 07:38:15.716 [info] > git config --get commit.template [5ms]
2024-04-25 07:38:15.764 [info] > git for-each-ref --format=%(refname)%00%(upstream:short)%00%(objectname)%00%(upstream:track)%00%(upstream:remotename)%00%(upstream:remoteref) refs/heads/main refs/remotes/main [4ms]
2024-04-25 07:38:16.129 [info] > git status -z -uall [316ms]
2024-04-25 07:45:52.254 [info] > git for-each-ref --format=%(refname)%00%(upstream:short)%00%(objectname)%00%(upstream:track)%00%(upstream:remotename)%00%(upstream:remoteref) refs/heads/main refs/remotes/main [2ms]
2024-04-25 07:45:52.255 [info] > git config --get commit.template [101ms]
2024-04-25 07:45:52.678 [info] > git status -z -uall [375ms]
2024-04-25 07:46:36.649 [info] > git config --get commit.template [46ms]
2024-04-25 07:46:36.650 [info] > git for-each-ref --format=%(refname)%00%(upstream:short)%00%(objectname)%00%(upstream:track)%00%(upstream:remotename)%00%(upstream:remoteref) refs/heads/main refs/remotes/main [3ms]
2024-04-25 07:46:36.993 [info] > git status -z -uall [293ms]
2024-04-25 07:48:22.125 [info] > git config --get commit.template [46ms]
2024-04-25 07:48:22.127 [info] > git for-each-ref --format=%(refname)%00%(upstream:short)%00%(objectname)%00%(upstream:track)%00%(upstream:remotename)%00%(upstream:remoteref) refs/heads/main refs/remotes/main [5ms]
2024-04-25 07:48:22.453 [info] > git status -z -uall [282ms]
2024-04-25 07:48:24.271 [info] > git show --textconv :ligue1-frontend/src/pages/ResumeVideo/ResumeVideo.js [54ms]
2024-04-25 07:48:24.285 [info] > git ls-files --stage -- /home/louis/ligue1-frontend/src/pages/ResumeVideo/ResumeVideo.js [26ms]
2024-04-25 07:48:30.983 [info] > git config --get commit.template [43ms]
2024-04-25 07:48:30.983 [info] > git for-each-ref --format=%(refname)%00%(upstream:short)%00%(objectname)%00%(upstream:track)%00%(upstream:remotename)%00%(upstream:remoteref) refs/heads/main refs/remotes/main [2ms]
2024-04-25 07:48:31.314 [info] > git status -z -uall [285ms]
2024-04-25 07:48:33.160 [info] > git show --textconv :ligue1-frontend/src/pages/ResumeVideo/ResumeVideo.css [52ms]
2024-04-25 07:48:33.171 [info] > git ls-files --stage -- /home/louis/ligue1-frontend/src/pages/ResumeVideo/ResumeVideo.css [15ms]
2024-04-25 07:48:36.382 [info] > git config --get commit.template [3ms]
2024-04-25 07:48:36.423 [info] > git for-each-ref --format=%(refname)%00%(upstream:short)%00%(objectname)%00%(upstream:track)%00%(upstream:remotename)%00%(upstream:remoteref) refs/heads/main refs/remotes/main [4ms]
2024-04-25 07:48:36.732 [info] > git status -z -uall [265ms]
2024-04-25 07:48:41.801 [info] > git config --get commit.template [4ms]
2024-04-25 07:48:41.858 [info] > git for-each-ref --format=%(refname)%00%(upstream:short)%00%(objectname)%00%(upstream:track)%00%(upstream:remotename)%00%(upstream:remoteref) refs/heads/main refs/remotes/main [6ms]
2024-04-25 07:48:42.212 [info] > git status -z -uall [292ms]
2024-04-25 07:48:47.278 [info] > git config --get commit.template [2ms]
2024-04-25 07:48:47.328 [info] > git for-each-ref --format=%(refname)%00%(upstream:short)%00%(objectname)%00%(upstream:track)%00%(upstream:remotename)%00%(upstream:remoteref) refs/heads/main refs/remotes/main [6ms]
2024-04-25 07:48:47.710 [info] > git status -z -uall [324ms]
2024-04-25 07:48:50.849 [info] > git show --textconv :ligue1-frontend/src/app/App.js [65ms]
2024-04-25 07:48:50.852 [info] > git ls-files --stage -- /home/louis/ligue1-frontend/src/app/App.js [22ms]
2024-04-25 07:48:50.900 [info] > git cat-file -s 49733d1c662c47fb8a41ba597efff1f6fc488c04 [4ms]
2024-04-25 07:48:51.810 [info] > git show --textconv :ligue1-frontend/src/pages/Menu/Menu.js [46ms]
2024-04-25 07:48:51.856 [info] > git ls-files --stage -- /home/louis/ligue1-frontend/src/pages/Menu/Menu.js [47ms]
2024-04-25 07:48:51.902 [info] > git cat-file -s 2eea905ad047d4b4d1ca030cda00d81bfba1c3bf [3ms]
2024-04-25 07:48:52.354 [info] > git show --textconv :ligue1-frontend/src/pages/ResumeVideo/ResumeVideo.js [66ms]
2024-04-25 07:48:52.363 [info] > git ls-files --stage -- /home/louis/ligue1-frontend/src/pages/ResumeVideo/ResumeVideo.js [28ms]
2024-04-25 07:48:52.796 [info] > git config --get commit.template [10ms]
2024-04-25 07:48:52.842 [info] > git for-each-ref --format=%(refname)%00%(upstream:short)%00%(objectname)%00%(upstream:track)%00%(upstream:remotename)%00%(upstream:remoteref) refs/heads/main refs/remotes/main [3ms]
2024-04-25 07:48:53.167 [info] > git status -z -uall [280ms]
2024-04-25 07:48:58.831 [info] > git config --get commit.template [59ms]
2024-04-25 07:48:58.833 [info] > git for-each-ref --format=%(refname)%00%(upstream:short)%00%(objectname)%00%(upstream:track)%00%(upstream:remotename)%00%(upstream:remoteref) refs/heads/main refs/remotes/main [4ms]
2024-04-25 07:48:59.190 [info] > git status -z -uall [307ms]
2024-04-25 07:49:04.262 [info] > git config --get commit.template [9ms]
2024-04-25 07:49:04.311 [info] > git for-each-ref --format=%(refname)%00%(upstream:short)%00%(objectname)%00%(upstream:track)%00%(upstream:remotename)%00%(upstream:remoteref) refs/heads/main refs/remotes/main [3ms]
2024-04-25 07:49:04.653 [info] > git status -z -uall [292ms]
2024-04-25 07:49:09.758 [info] > git config --get commit.template [42ms]
2024-04-25 07:49:09.760 [info] > git for-each-ref --format=%(refname)%00%(upstream:short)%00%(objectname)%00%(upstream:track)%00%(upstream:remotename)%00%(upstream:remoteref) refs/heads/main refs/remotes/main [3ms]
2024-04-25 07:49:10.224 [info] > git status -z -uall [424ms]
2024-04-25 07:49:15.338 [info] > git config --get commit.template [48ms]
2024-04-25 07:49:15.339 [info] > git for-each-ref --format=%(refname)%00%(upstream:short)%00%(objectname)%00%(upstream:track)%00%(upstream:remotename)%00%(upstream:remoteref) refs/heads/main refs/remotes/main [3ms]
2024-04-25 07:49:15.659 [info] > git status -z -uall [277ms]
2024-04-25 07:49:20.776 [info] > git config --get commit.template [49ms]
2024-04-25 07:49:20.778 [info] > git for-each-ref --format=%(refname)%00%(upstream:short)%00%(objectname)%00%(upstream:track)%00%(upstream:remotename)%00%(upstream:remoteref) refs/heads/main refs/remotes/main [5ms]
2024-04-25 07:49:21.096 [info] > git status -z -uall [271ms]
2024-04-25 07:49:26.893 [info] > git config --get commit.template [6ms]
2024-04-25 07:49:26.952 [info] > git for-each-ref --format=%(refname)%00%(upstream:short)%00%(objectname)%00%(upstream:track)%00%(upstream:remotename)%00%(upstream:remoteref) refs/heads/main refs/remotes/main [14ms]
2024-04-25 07:49:27.321 [info] > git status -z -uall [323ms]
2024-04-25 07:49:32.993 [info] > git config --get commit.template [3ms]
2024-04-25 07:49:33.046 [info] > git for-each-ref --format=%(refname)%00%(upstream:short)%00%(objectname)%00%(upstream:track)%00%(upstream:remotename)%00%(upstream:remoteref) refs/heads/main refs/remotes/main [4ms]
2024-04-25 07:49:33.402 [info] > git status -z -uall [309ms]
2024-04-25 07:49:38.511 [info] > git config --get commit.template [49ms]
2024-04-25 07:49:38.513 [info] > git for-each-ref --format=%(refname)%00%(upstream:short)%00%(objectname)%00%(upstream:track)%00%(upstream:remotename)%00%(upstream:remoteref) refs/heads/main refs/remotes/main [8ms]
2024-04-25 07:49:38.861 [info] > git status -z -uall [304ms]
2024-04-25 07:49:44.516 [info] > git config --get commit.template [11ms]
2024-04-25 07:49:44.575 [info] > git for-each-ref --format=%(refname)%00%(upstream:short)%00%(objectname)%00%(upstream:track)%00%(upstream:remotename)%00%(upstream:remoteref) refs/heads/main refs/remotes/main [3ms]
2024-04-25 07:49:44.897 [info] > git status -z -uall [278ms]
2024-04-25 07:49:49.970 [info] > git config --get commit.template [5ms]
2024-04-25 07:49:50.023 [info] > git for-each-ref --format=%(refname)%00%(upstream:short)%00%(objectname)%00%(upstream:track)%00%(upstream:remotename)%00%(upstream:remoteref) refs/heads/main refs/remotes/main [3ms]
2024-04-25 07:49:50.382 [info] > git status -z -uall [309ms]
2024-04-25 07:50:43.440 [info] > git config --get commit.template [137ms]
2024-04-25 07:50:43.516 [info] > git for-each-ref --format=%(refname)%00%(upstream:short)%00%(objectname)%00%(upstream:track)%00%(upstream:remotename)%00%(upstream:remoteref) refs/heads/main refs/remotes/main [131ms]
2024-04-25 07:50:45.149 [info] > git status -z -uall [1579ms]
2024-04-25 07:50:50.283 [info] > git config --get commit.template [51ms]
2024-04-25 07:50:50.285 [info] > git for-each-ref --format=%(refname)%00%(upstream:short)%00%(objectname)%00%(upstream:track)%00%(upstream:remotename)%00%(upstream:remoteref) refs/heads/main refs/remotes/main [3ms]
2024-04-25 07:50:50.649 [info] > git status -z -uall [309ms]
2024-04-25 07:50:55.794 [info] > git config --get commit.template [53ms]
2024-04-25 07:50:55.796 [info] > git for-each-ref --format=%(refname)%00%(upstream:short)%00%(objectname)%00%(upstream:track)%00%(upstream:remotename)%00%(upstream:remoteref) refs/heads/main refs/remotes/main [4ms]
2024-04-25 07:50:56.211 [info] > git status -z -uall [351ms]
2024-04-25 07:51:01.291 [info] > git config --get commit.template [3ms]
2024-04-25 07:51:01.348 [info] > git for-each-ref --format=%(refname)%00%(upstream:short)%00%(objectname)%00%(upstream:track)%00%(upstream:remotename)%00%(upstream:remoteref) refs/heads/main refs/remotes/main [3ms]
2024-04-25 07:51:01.769 [info] > git status -z -uall [352ms]
2024-04-25 07:51:04.231 [info] > git show --textconv :ligue1-frontend/src/pages/ResumeVideo/ResumeVideo.css [56ms]
2024-04-25 07:51:04.236 [info] > git ls-files --stage -- /home/louis/ligue1-frontend/src/pages/ResumeVideo/ResumeVideo.css [15ms]
2024-04-25 07:51:09.155 [info] > git config --get commit.template [3ms]
2024-04-25 07:51:09.225 [info] > git for-each-ref --format=%(refname)%00%(upstream:short)%00%(objectname)%00%(upstream:track)%00%(upstream:remotename)%00%(upstream:remoteref) refs/heads/main refs/remotes/main [3ms]
2024-04-25 07:51:09.572 [info] > git status -z -uall [296ms]
2024-04-25 07:51:14.694 [info] > git config --get commit.template [50ms]
2024-04-25 07:51:14.696 [info] > git for-each-ref --format=%(refname)%00%(upstream:short)%00%(objectname)%00%(upstream:track)%00%(upstream:remotename)%00%(upstream:remoteref) refs/heads/main refs/remotes/main [4ms]
2024-04-25 07:51:15.013 [info] > git status -z -uall [273ms]
2024-04-25 07:51:20.139 [info] > git config --get commit.template [50ms]
2024-04-25 07:51:20.140 [info] > git for-each-ref --format=%(refname)%00%(upstream:short)%00%(objectname)%00%(upstream:track)%00%(upstream:remotename)%00%(upstream:remoteref) refs/heads/main refs/remotes/main [4ms]
2024-04-25 07:51:20.481 [info] > git status -z -uall [294ms]
2024-04-25 07:51:25.607 [info] > git config --get commit.template [55ms]
2024-04-25 07:51:25.609 [info] > git for-each-ref --format=%(refname)%00%(upstream:short)%00%(objectname)%00%(upstream:track)%00%(upstream:remotename)%00%(upstream:remoteref) refs/heads/main refs/remotes/main [4ms]
2024-04-25 07:51:25.964 [info] > git status -z -uall [304ms]
2024-04-25 07:52:13.943 [info] > git config --get commit.template [39ms]
2024-04-25 07:52:13.945 [info] > git for-each-ref --format=%(refname)%00%(upstream:short)%00%(objectname)%00%(upstream:track)%00%(upstream:remotename)%00%(upstream:remoteref) refs/heads/main refs/remotes/main [4ms]
2024-04-25 07:52:14.267 [info] > git status -z -uall [273ms]
2024-04-25 07:52:19.337 [info] > git config --get commit.template [3ms]
2024-04-25 07:52:19.384 [info] > git for-each-ref --format=%(refname)%00%(upstream:short)%00%(objectname)%00%(upstream:track)%00%(upstream:remotename)%00%(upstream:remoteref) refs/heads/main refs/remotes/main [3ms]
2024-04-25 07:52:19.692 [info] > git status -z -uall [263ms]
2024-04-25 07:52:26.245 [info] > git config --get commit.template [2ms]
2024-04-25 07:52:26.290 [info] > git for-each-ref --format=%(refname)%00%(upstream:short)%00%(objectname)%00%(upstream:track)%00%(upstream:remotename)%00%(upstream:remoteref) refs/heads/main refs/remotes/main [2ms]
2024-04-25 07:52:26.641 [info] > git status -z -uall [309ms]
2024-04-25 07:53:11.701 [info] > git config --get commit.template [42ms]
2024-04-25 07:53:11.702 [info] > git for-each-ref --format=%(refname)%00%(upstream:short)%00%(objectname)%00%(upstream:track)%00%(upstream:remotename)%00%(upstream:remoteref) refs/heads/main refs/remotes/main [2ms]
2024-04-25 07:53:12.042 [info] > git status -z -uall [294ms]
2024-04-25 07:53:49.881 [info] > git config --get commit.template [60ms]
2024-04-25 07:53:49.884 [info] > git for-each-ref --format=%(refname)%00%(upstream:short)%00%(objectname)%00%(upstream:track)%00%(upstream:remotename)%00%(upstream:remoteref) refs/heads/main refs/remotes/main [5ms]
2024-04-25 07:53:50.237 [info] > git status -z -uall [302ms]
2024-04-25 07:54:10.936 [info] > git config --get commit.template [50ms]
2024-04-25 07:54:10.937 [info] > git for-each-ref --format=%(refname)%00%(upstream:short)%00%(objectname)%00%(upstream:track)%00%(upstream:remotename)%00%(upstream:remoteref) refs/heads/main refs/remotes/main [3ms]
2024-04-25 07:54:11.280 [info] > git status -z -uall [295ms]
2024-04-25 08:05:39.853 [info] > git config --get commit.template [45ms]
2024-04-25 08:05:39.856 [info] > git for-each-ref --format=%(refname)%00%(upstream:short)%00%(objectname)%00%(upstream:track)%00%(upstream:remotename)%00%(upstream:remoteref) refs/heads/main refs/remotes/main [4ms]
2024-04-25 08:05:40.185 [info] > git status -z -uall [277ms]
2024-04-25 08:08:22.224 [info] > git config --get commit.template [40ms]
2024-04-25 08:08:22.227 [info] > git for-each-ref --format=%(refname)%00%(upstream:short)%00%(objectname)%00%(upstream:track)%00%(upstream:remotename)%00%(upstream:remoteref) refs/heads/main refs/remotes/main [5ms]
2024-04-25 08:08:22.524 [info] > git status -z -uall [262ms]
2024-04-25 08:08:27.616 [info] > git config --get commit.template [38ms]
2024-04-25 08:08:27.619 [info] > git for-each-ref --format=%(refname)%00%(upstream:short)%00%(objectname)%00%(upstream:track)%00%(upstream:remotename)%00%(upstream:remoteref) refs/heads/main refs/remotes/main [3ms]
2024-04-25 08:08:27.952 [info] > git status -z -uall [298ms]
2024-04-25 08:08:30.575 [info] > git show --textconv :ligue1-frontend/src/pages/ResumeVideo/ResumeVideo.js [44ms]
2024-04-25 08:08:30.593 [info] > git ls-files --stage -- /home/louis/ligue1-frontend/src/pages/ResumeVideo/ResumeVideo.js [25ms]
2024-04-25 08:08:33.040 [info] > git config --get commit.template [35ms]
2024-04-25 08:08:33.041 [info] > git for-each-ref --format=%(refname)%00%(upstream:short)%00%(objectname)%00%(upstream:track)%00%(upstream:remotename)%00%(upstream:remoteref) refs/heads/main refs/remotes/main [3ms]
2024-04-25 08:08:33.306 [info] > git status -z -uall [228ms]
2024-04-25 08:08:38.422 [info] > git config --get commit.template [46ms]
2024-04-25 08:08:38.423 [info] > git for-each-ref --format=%(refname)%00%(upstream:short)%00%(objectname)%00%(upstream:track)%00%(upstream:remotename)%00%(upstream:remoteref) refs/heads/main refs/remotes/main [3ms]
2024-04-25 08:08:38.709 [info] > git status -z -uall [250ms]
2024-04-25 08:08:43.817 [info] > git config --get commit.template [43ms]
2024-04-25 08:08:43.818 [info] > git for-each-ref --format=%(refname)%00%(upstream:short)%00%(objectname)%00%(upstream:track)%00%(upstream:remotename)%00%(upstream:remoteref) refs/heads/main refs/remotes/main [3ms]
2024-04-25 08:08:44.102 [info] > git status -z -uall [246ms]
2024-04-25 08:14:42.832 [info] > git config --get commit.template [2ms]
2024-04-25 08:14:42.868 [info] > git for-each-ref --format=%(refname)%00%(upstream:short)%00%(objectname)%00%(upstream:track)%00%(upstream:remotename)%00%(upstream:remoteref) refs/heads/main refs/remotes/main [2ms]
2024-04-25 08:14:43.166 [info] > git status -z -uall [262ms]
2024-04-25 08:14:48.341 [info] > git for-each-ref --format=%(refname)%00%(upstream:short)%00%(objectname)%00%(upstream:track)%00%(upstream:remotename)%00%(upstream:remoteref) refs/heads/main refs/remotes/main [2ms]
2024-04-25 08:14:48.342 [info] > git config --get commit.template [69ms]
2024-04-25 08:14:48.734 [info] > git status -z -uall [334ms]
2024-04-25 08:14:53.835 [info] > git config --get commit.template [41ms]
2024-04-25 08:14:53.836 [info] > git for-each-ref --format=%(refname)%00%(upstream:short)%00%(objectname)%00%(upstream:track)%00%(upstream:remotename)%00%(upstream:remoteref) refs/heads/main refs/remotes/main [3ms]
2024-04-25 08:14:54.166 [info] > git status -z -uall [287ms]
2024-04-25 08:14:59.231 [info] > git config --get commit.template [2ms]
2024-04-25 08:14:59.279 [info] > git for-each-ref --format=%(refname)%00%(upstream:short)%00%(objectname)%00%(upstream:track)%00%(upstream:remotename)%00%(upstream:remoteref) refs/heads/main refs/remotes/main [3ms]
2024-04-25 08:14:59.579 [info] > git status -z -uall [254ms]
2024-04-25 08:15:04.724 [info] > git config --get commit.template [53ms]
2024-04-25 08:15:04.819 [info] > git for-each-ref --format=%(refname)%00%(upstream:short)%00%(objectname)%00%(upstream:track)%00%(upstream:remotename)%00%(upstream:remoteref) refs/heads/main refs/remotes/main [98ms]
2024-04-25 08:15:05.171 [info] > git status -z -uall [302ms]
2024-04-25 08:15:10.300 [info] > git config --get commit.template [53ms]
2024-04-25 08:15:10.304 [info] > git for-each-ref --format=%(refname)%00%(upstream:short)%00%(objectname)%00%(upstream:track)%00%(upstream:remotename)%00%(upstream:remoteref) refs/heads/main refs/remotes/main [8ms]
2024-04-25 08:15:10.635 [info] > git status -z -uall [274ms]
2024-04-25 08:15:15.778 [info] > git config --get commit.template [51ms]
2024-04-25 08:15:15.780 [info] > git for-each-ref --format=%(refname)%00%(upstream:short)%00%(objectname)%00%(upstream:track)%00%(upstream:remotename)%00%(upstream:remoteref) refs/heads/main refs/remotes/main [4ms]
2024-04-25 08:15:16.114 [info] > git status -z -uall [285ms]
2024-04-25 08:15:21.245 [info] > git config --get commit.template [62ms]
2024-04-25 08:15:21.246 [info] > git for-each-ref --format=%(refname)%00%(upstream:short)%00%(objectname)%00%(upstream:track)%00%(upstream:remotename)%00%(upstream:remoteref) refs/heads/main refs/remotes/main [2ms]
2024-04-25 08:15:21.602 [info] > git status -z -uall [305ms]
2024-04-25 08:18:47.065 [info] > git config --get commit.template [36ms]
2024-04-25 08:18:47.067 [info] > git for-each-ref --format=%(refname)%00%(upstream:short)%00%(objectname)%00%(upstream:track)%00%(upstream:remotename)%00%(upstream:remoteref) refs/heads/main refs/remotes/main [4ms]
2024-04-25 08:18:47.326 [info] > git status -z -uall [222ms]
2024-04-25 08:24:28.776 [info] > git config --get commit.template [45ms]
2024-04-25 08:24:28.777 [info] > git for-each-ref --format=%(refname)%00%(upstream:short)%00%(objectname)%00%(upstream:track)%00%(upstream:remotename)%00%(upstream:remoteref) refs/heads/main refs/remotes/main [3ms]
2024-04-25 08:24:29.177 [info] > git status -z -uall [348ms]
2024-04-25 08:24:34.277 [info] > git config --get commit.template [40ms]
2024-04-25 08:24:34.278 [info] > git for-each-ref --format=%(refname)%00%(upstream:short)%00%(objectname)%00%(upstream:track)%00%(upstream:remotename)%00%(upstream:remoteref) refs/heads/main refs/remotes/main [2ms]
2024-04-25 08:24:34.576 [info] > git status -z -uall [259ms]
2024-04-25 08:26:33.089 [info] > git config --get commit.template [43ms]
2024-04-25 08:26:33.090 [info] > git for-each-ref --format=%(refname)%00%(upstream:short)%00%(objectname)%00%(upstream:track)%00%(upstream:remotename)%00%(upstream:remoteref) refs/heads/main refs/remotes/main [4ms]
2024-04-25 08:26:33.400 [info] > git status -z -uall [265ms]
2024-04-25 08:26:59.322 [info] > git config --get commit.template [47ms]
2024-04-25 08:26:59.323 [info] > git for-each-ref --format=%(refname)%00%(upstream:short)%00%(objectname)%00%(upstream:track)%00%(upstream:remotename)%00%(upstream:remoteref) refs/heads/main refs/remotes/main [3ms]
2024-04-25 08:26:59.633 [info] > git status -z -uall [269ms]
2024-04-25 08:27:04.750 [info] > git config --get commit.template [48ms]
2024-04-25 08:27:04.752 [info] > git for-each-ref --format=%(refname)%00%(upstream:short)%00%(objectname)%00%(upstream:track)%00%(upstream:remotename)%00%(upstream:remoteref) refs/heads/main refs/remotes/main [3ms]
2024-04-25 08:27:05.099 [info] > git status -z -uall [300ms]
2024-04-25 08:27:09.348 [info] > git show --textconv :ligue1-frontend/src/pages/ResumeVideo/ResumeVideo.css [52ms]
2024-04-25 08:27:09.356 [info] > git ls-files --stage -- /home/louis/ligue1-frontend/src/pages/ResumeVideo/ResumeVideo.css [14ms]
2024-04-25 08:27:10.215 [info] > git config --get commit.template [48ms]
2024-04-25 08:27:10.216 [info] > git for-each-ref --format=%(refname)%00%(upstream:short)%00%(objectname)%00%(upstream:track)%00%(upstream:remotename)%00%(upstream:remoteref) refs/heads/main refs/remotes/main [3ms]
2024-04-25 08:27:10.532 [info] > git status -z -uall [272ms]
2024-04-25 08:27:15.642 [info] > git config --get commit.template [46ms]
2024-04-25 08:27:15.643 [info] > git for-each-ref --format=%(refname)%00%(upstream:short)%00%(objectname)%00%(upstream:track)%00%(upstream:remotename)%00%(upstream:remoteref) refs/heads/main refs/remotes/main [2ms]
2024-04-25 08:27:15.952 [info] > git status -z -uall [265ms]
2024-04-25 08:27:17.283 [info] > git show --textconv :ligue1-frontend/src/pages/ResumeVideo/ResumeVideo.js [52ms]
2024-04-25 08:27:17.290 [info] > git ls-files --stage -- /home/louis/ligue1-frontend/src/pages/ResumeVideo/ResumeVideo.js [21ms]
2024-04-25 08:27:18.704 [info] > git show --textconv :ligue1-frontend/src/pages/ResumeVideo/ResumeVideo.css [49ms]
2024-04-25 08:27:18.710 [info] > git ls-files --stage -- /home/louis/ligue1-frontend/src/pages/ResumeVideo/ResumeVideo.css [12ms]
2024-04-25 08:27:21.033 [info] > git show --textconv :ligue1-frontend/src/pages/ResumeVideo/ResumeVideo.js [113ms]
2024-04-25 08:27:21.038 [info] > git config --get commit.template [5ms]
2024-04-25 08:27:21.038 [info] > git ls-files --stage -- /home/louis/ligue1-frontend/src/pages/ResumeVideo/ResumeVideo.js [65ms]
2024-04-25 08:27:21.080 [info] > git for-each-ref --format=%(refname)%00%(upstream:short)%00%(objectname)%00%(upstream:track)%00%(upstream:remotename)%00%(upstream:remoteref) refs/heads/main refs/remotes/main [3ms]
2024-04-25 08:27:21.392 [info] > git status -z -uall [270ms]
2024-04-25 08:27:26.505 [info] > git config --get commit.template [42ms]
2024-04-25 08:27:26.506 [info] > git for-each-ref --format=%(refname)%00%(upstream:short)%00%(objectname)%00%(upstream:track)%00%(upstream:remotename)%00%(upstream:remoteref) refs/heads/main refs/remotes/main [2ms]
2024-04-25 08:27:26.828 [info] > git status -z -uall [269ms]
2024-04-25 08:27:32.053 [info] > git for-each-ref --format=%(refname)%00%(upstream:short)%00%(objectname)%00%(upstream:track)%00%(upstream:remotename)%00%(upstream:remoteref) refs/heads/main refs/remotes/main [93ms]
2024-04-25 08:27:32.054 [info] > git config --get commit.template [150ms]
2024-04-25 08:27:32.342 [info] > git status -z -uall [243ms]
2024-04-25 08:27:42.788 [info] > git config --get commit.template [47ms]
2024-04-25 08:27:42.791 [info] > git for-each-ref --format=%(refname)%00%(upstream:short)%00%(objectname)%00%(upstream:track)%00%(upstream:remotename)%00%(upstream:remoteref) refs/heads/main refs/remotes/main [5ms]
2024-04-25 08:27:43.122 [info] > git status -z -uall [281ms]
2024-04-25 08:27:48.881 [info] > git config --get commit.template [10ms]
2024-04-25 08:27:48.936 [info] > git for-each-ref --format=%(refname)%00%(upstream:short)%00%(objectname)%00%(upstream:track)%00%(upstream:remotename)%00%(upstream:remoteref) refs/heads/main refs/remotes/main [6ms]
2024-04-25 08:27:49.293 [info] > git status -z -uall [307ms]
2024-04-25 08:27:55.073 [info] > git config --get commit.template [55ms]
2024-04-25 08:27:55.404 [info] > git for-each-ref --format=%(refname)%00%(upstream:short)%00%(objectname)%00%(upstream:track)%00%(upstream:remotename)%00%(upstream:remoteref) refs/heads/main refs/remotes/main [22ms]
2024-04-25 08:27:56.223 [info] > git status -z -uall [673ms]
2024-04-25 08:28:20.520 [info] > git config --get commit.template [54ms]
2024-04-25 08:28:20.521 [info] > git for-each-ref --format=%(refname)%00%(upstream:short)%00%(objectname)%00%(upstream:track)%00%(upstream:remotename)%00%(upstream:remoteref) refs/heads/main refs/remotes/main [4ms]
2024-04-25 08:28:20.846 [info] > git status -z -uall [277ms]
2024-04-25 08:28:25.959 [info] > git config --get commit.template [13ms]
2024-04-25 08:28:26.029 [info] > git for-each-ref --format=%(refname)%00%(upstream:short)%00%(objectname)%00%(upstream:track)%00%(upstream:remotename)%00%(upstream:remoteref) refs/heads/main refs/remotes/main [17ms]
2024-04-25 08:28:26.780 [info] > git status -z -uall [691ms]
2024-04-25 08:28:31.910 [info] > git config --get commit.template [51ms]
2024-04-25 08:28:31.915 [info] > git for-each-ref --format=%(refname)%00%(upstream:short)%00%(objectname)%00%(upstream:track)%00%(upstream:remotename)%00%(upstream:remoteref) refs/heads/main refs/remotes/main [7ms]
2024-04-25 08:28:32.246 [info] > git status -z -uall [289ms]
2024-04-25 08:28:41.020 [info] > git config --get commit.template [3ms]
2024-04-25 08:28:41.067 [info] > git for-each-ref --format=%(refname)%00%(upstream:short)%00%(objectname)%00%(upstream:track)%00%(upstream:remotename)%00%(upstream:remoteref) refs/heads/main refs/remotes/main [2ms]
2024-04-25 08:28:41.377 [info] > git status -z -uall [269ms]
2024-04-25 08:28:54.016 [info] > git config --get commit.template [3ms]
2024-04-25 08:28:54.060 [info] > git for-each-ref --format=%(refname)%00%(upstream:short)%00%(objectname)%00%(upstream:track)%00%(upstream:remotename)%00%(upstream:remoteref) refs/heads/main refs/remotes/main [3ms]
2024-04-25 08:28:54.405 [info] > git status -z -uall [297ms]
2024-04-25 08:30:47.710 [info] > git config --get commit.template [45ms]
2024-04-25 08:30:47.712 [info] > git for-each-ref --format=%(refname)%00%(upstream:short)%00%(objectname)%00%(upstream:track)%00%(upstream:remotename)%00%(upstream:remoteref) refs/heads/main refs/remotes/main [3ms]
2024-04-25 08:30:48.045 [info] > git status -z -uall [277ms]
2024-04-25 08:31:24.602 [info] > git config --get commit.template [42ms]
2024-04-25 08:31:24.603 [info] > git for-each-ref --format=%(refname)%00%(upstream:short)%00%(objectname)%00%(upstream:track)%00%(upstream:remotename)%00%(upstream:remoteref) refs/heads/main refs/remotes/main [3ms]
2024-04-25 08:31:24.908 [info] > git status -z -uall [263ms]
2024-04-25 08:31:26.795 [info] > git show --textconv :ligue1-frontend/src/pages/ResumeVideo/ResumeVideo.css [47ms]
2024-04-25 08:31:26.805 [info] > git ls-files --stage -- /home/louis/ligue1-frontend/src/pages/ResumeVideo/ResumeVideo.css [14ms]
2024-04-25 08:31:44.102 [info] > git config --get commit.template [48ms]
2024-04-25 08:31:44.103 [info] > git for-each-ref --format=%(refname)%00%(upstream:short)%00%(objectname)%00%(upstream:track)%00%(upstream:remotename)%00%(upstream:remoteref) refs/heads/main refs/remotes/main [3ms]
2024-04-25 08:31:44.434 [info] > git status -z -uall [272ms]
2024-04-25 08:32:13.999 [info] > git config --get commit.template [41ms]
2024-04-25 08:32:14.001 [info] > git for-each-ref --format=%(refname)%00%(upstream:short)%00%(objectname)%00%(upstream:track)%00%(upstream:remotename)%00%(upstream:remoteref) refs/heads/main refs/remotes/main [4ms]
2024-04-25 08:32:14.331 [info] > git status -z -uall [281ms]
2024-04-25 08:32:19.429 [info] > git config --get commit.template [27ms]
2024-04-25 08:32:19.536 [info] > git for-each-ref --format=%(refname)%00%(upstream:short)%00%(objectname)%00%(upstream:track)%00%(upstream:remotename)%00%(upstream:remoteref) refs/heads/main refs/remotes/main [41ms]
2024-04-25 08:32:19.965 [info] > git status -z -uall [379ms]
2024-04-25 08:33:27.257 [info] > git config --get commit.template [2ms]
2024-04-25 08:33:27.309 [info] > git for-each-ref --format=%(refname)%00%(upstream:short)%00%(objectname)%00%(upstream:track)%00%(upstream:remotename)%00%(upstream:remoteref) refs/heads/main refs/remotes/main [5ms]
2024-04-25 08:33:27.669 [info] > git status -z -uall [301ms]
2024-04-25 08:33:38.801 [info] > git config --get commit.template [43ms]
2024-04-25 08:33:38.802 [info] > git for-each-ref --format=%(refname)%00%(upstream:short)%00%(objectname)%00%(upstream:track)%00%(upstream:remotename)%00%(upstream:remoteref) refs/heads/main refs/remotes/main [3ms]
2024-04-25 08:33:39.105 [info] > git status -z -uall [261ms]
2024-04-25 08:33:40.973 [info] > git show --textconv :ligue1-frontend/src/pages/ResumeVideo/ResumeVideo.js [47ms]
2024-04-25 08:33:40.977 [info] > git ls-files --stage -- /home/louis/ligue1-frontend/src/pages/ResumeVideo/ResumeVideo.js [11ms]
2024-04-25 08:33:44.313 [info] > git config --get commit.template [56ms]
2024-04-25 08:33:44.339 [info] > git for-each-ref --format=%(refname)%00%(upstream:short)%00%(objectname)%00%(upstream:track)%00%(upstream:remotename)%00%(upstream:remoteref) refs/heads/main refs/remotes/main [28ms]
2024-04-25 08:33:44.742 [info] > git status -z -uall [262ms]
2024-04-25 08:50:30.062 [info] > git config --get commit.template [53ms]
2024-04-25 08:50:30.064 [info] > git for-each-ref --format=%(refname)%00%(upstream:short)%00%(objectname)%00%(upstream:track)%00%(upstream:remotename)%00%(upstream:remoteref) refs/heads/main refs/remotes/main [3ms]
2024-04-25 08:50:30.427 [info] > git status -z -uall [312ms]
2024-04-25 08:51:03.722 [info] > git config --get commit.template [49ms]
2024-04-25 08:51:03.723 [info] > git for-each-ref --format=%(refname)%00%(upstream:short)%00%(objectname)%00%(upstream:track)%00%(upstream:remotename)%00%(upstream:remoteref) refs/heads/main refs/remotes/main [3ms]
2024-04-25 08:51:04.061 [info] > git status -z -uall [292ms]
2024-04-25 08:51:05.164 [info] > git show --textconv :ligue1-frontend/src/pages/ResumeVideo/ResumeVideo.css [54ms]
2024-04-25 08:51:05.175 [info] > git ls-files --stage -- /home/louis/ligue1-frontend/src/pages/ResumeVideo/ResumeVideo.css [14ms]
2024-04-25 08:51:27.459 [info] > git config --get commit.template [62ms]
2024-04-25 08:51:27.461 [info] > git for-each-ref --format=%(refname)%00%(upstream:short)%00%(objectname)%00%(upstream:track)%00%(upstream:remotename)%00%(upstream:remoteref) refs/heads/main refs/remotes/main [4ms]
2024-04-25 08:51:27.789 [info] > git status -z -uall [281ms]
2024-04-25 08:53:45.989 [info] > git config --get commit.template [40ms]
2024-04-25 08:53:45.990 [info] > git for-each-ref --format=%(refname)%00%(upstream:short)%00%(objectname)%00%(upstream:track)%00%(upstream:remotename)%00%(upstream:remoteref) refs/heads/main refs/remotes/main [2ms]
2024-04-25 08:53:46.293 [info] > git status -z -uall [260ms]
2024-04-25 09:16:57.153 [info] > git config --get commit.template [58ms]
2024-04-25 09:16:57.154 [info] > git for-each-ref --format=%(refname)%00%(upstream:short)%00%(objectname)%00%(upstream:track)%00%(upstream:remotename)%00%(upstream:remoteref) refs/heads/main refs/remotes/main [3ms]
2024-04-25 09:16:57.511 [info] > git status -z -uall [292ms]
2024-04-25 09:17:04.252 [info] > git config --get commit.template [2ms]
2024-04-25 09:17:04.310 [info] > git for-each-ref --format=%(refname)%00%(upstream:short)%00%(objectname)%00%(upstream:track)%00%(upstream:remotename)%00%(upstream:remoteref) refs/heads/main refs/remotes/main [3ms]
2024-04-25 09:17:04.701 [info] > git status -z -uall [326ms]
2024-04-25 09:17:16.471 [info] > git config --get commit.template [39ms]
2024-04-25 09:17:16.472 [info] > git for-each-ref --format=%(refname)%00%(upstream:short)%00%(objectname)%00%(upstream:track)%00%(upstream:remotename)%00%(upstream:remoteref) refs/heads/main refs/remotes/main [3ms]
2024-04-25 09:17:16.795 [info] > git status -z -uall [284ms]
2024-04-25 09:17:21.857 [info] > git config --get commit.template [3ms]
2024-04-25 09:17:21.897 [info] > git for-each-ref --format=%(refname)%00%(upstream:short)%00%(objectname)%00%(upstream:track)%00%(upstream:remotename)%00%(upstream:remoteref) refs/heads/main refs/remotes/main [2ms]
2024-04-25 09:17:22.212 [info] > git status -z -uall [277ms]
2024-04-25 09:17:27.345 [info] > git config --get commit.template [62ms]
2024-04-25 09:17:27.349 [info] > git for-each-ref --format=%(refname)%00%(upstream:short)%00%(objectname)%00%(upstream:track)%00%(upstream:remotename)%00%(upstream:remoteref) refs/heads/main refs/remotes/main [9ms]
2024-04-25 09:17:27.695 [info] > git status -z -uall [302ms]
2024-04-25 09:22:11.190 [info] > git config --get commit.template [1ms]
2024-04-25 09:22:11.228 [info] > git for-each-ref --format=%(refname)%00%(upstream:short)%00%(objectname)%00%(upstream:track)%00%(upstream:remotename)%00%(upstream:remoteref) refs/heads/main refs/remotes/main [2ms]
2024-04-25 09:22:11.534 [info] > git status -z -uall [268ms]
2024-04-25 09:24:44.572 [info] > git config --get commit.template [43ms]
2024-04-25 09:24:44.573 [info] > git for-each-ref --format=%(refname)%00%(upstream:short)%00%(objectname)%00%(upstream:track)%00%(upstream:remotename)%00%(upstream:remoteref) refs/heads/main refs/remotes/main [3ms]
2024-04-25 09:24:44.928 [info] > git status -z -uall [309ms]
2024-04-25 09:25:00.841 [info] > git config --get commit.template [44ms]
2024-04-25 09:25:00.842 [info] > git for-each-ref --format=%(refname)%00%(upstream:short)%00%(objectname)%00%(upstream:track)%00%(upstream:remotename)%00%(upstream:remoteref) refs/heads/main refs/remotes/main [3ms]
2024-04-25 09:25:01.153 [info] > git status -z -uall [270ms]
2024-04-25 09:26:07.954 [info] > git config --get commit.template [47ms]
2024-04-25 09:26:07.956 [info] > git for-each-ref --format=%(refname)%00%(upstream:short)%00%(objectname)%00%(upstream:track)%00%(upstream:remotename)%00%(upstream:remoteref) refs/heads/main refs/remotes/main [3ms]
2024-04-25 09:26:08.288 [info] > git status -z -uall [289ms]
2024-04-25 09:30:48.397 [info] > git config --get commit.template [44ms]
2024-04-25 09:30:48.398 [info] > git for-each-ref --format=%(refname)%00%(upstream:short)%00%(objectname)%00%(upstream:track)%00%(upstream:remotename)%00%(upstream:remoteref) refs/heads/main refs/remotes/main [4ms]
2024-04-25 09:30:48.718 [info] > git status -z -uall [273ms]
2024-04-25 09:32:28.740 [info] > git config --get commit.template [48ms]
2024-04-25 09:32:28.741 [info] > git for-each-ref --format=%(refname)%00%(upstream:short)%00%(objectname)%00%(upstream:track)%00%(upstream:remotename)%00%(upstream:remoteref) refs/heads/main refs/remotes/main [3ms]
2024-04-25 09:32:29.041 [info] > git status -z -uall [258ms]
