2024-04-29 07:23:17.268 [info] Log level: Info
2024-04-29 07:23:17.268 [info] Validating found git in: "git"
2024-04-29 07:23:17.268 [info] Using git "2.39.2" from "git"
2024-04-29 07:23:17.268 [info] > git rev-parse --show-toplevel [23ms]
2024-04-29 07:23:17.268 [info] > git rev-parse --git-dir --git-common-dir [26ms]
2024-04-29 07:23:17.268 [info] Open repository: /home/louis
2024-04-29 07:23:17.268 [info] > git rev-parse --show-toplevel [21ms]
2024-04-29 07:23:17.268 [info] > git config --get commit.template [41ms]
2024-04-29 07:23:17.268 [info] > git for-each-ref --format=%(refname)%00%(upstream:short)%00%(objectname)%00%(upstream:track)%00%(upstream:remotename)%00%(upstream:remoteref) refs/heads/main refs/remotes/main [15ms]
2024-04-29 07:23:17.268 [info] > git rev-parse --show-toplevel [37ms]
2024-04-29 07:23:17.268 [info] > git rev-parse --show-toplevel [16ms]
2024-04-29 07:23:17.268 [info] > git rev-parse --show-toplevel [7ms]
2024-04-29 07:23:17.268 [info] > git rev-parse --show-toplevel [3ms]
2024-04-29 07:23:17.268 [info] > git rev-parse --show-toplevel [3ms]
2024-04-29 07:23:17.268 [info] > git rev-parse --show-toplevel [8ms]
2024-04-29 07:23:17.268 [info] > git rev-parse --show-toplevel [4ms]
2024-04-29 07:23:17.268 [info] > git rev-parse --show-toplevel [3ms]
2024-04-29 07:23:17.268 [info] > git rev-parse --show-toplevel [3ms]
2024-04-29 07:23:17.268 [info] > git rev-parse --show-toplevel [3ms]
2024-04-29 07:23:17.268 [info] > git rev-parse --show-toplevel [4ms]
2024-04-29 07:23:17.268 [info] > git rev-parse --show-toplevel [24ms]
2024-04-29 07:23:17.268 [info] > git status -z -uall [337ms]
2024-04-29 07:23:17.268 [info] > git merge-base refs/heads/main refs/remotes/origin/main [91ms]
2024-04-29 07:23:17.268 [info] > git rev-list --count --left-right refs/heads/main...refs/remotes/origin/main [113ms]
2024-04-29 07:23:17.268 [info] > git config --get commit.template [197ms]
2024-04-29 07:23:17.268 [info] > git diff --name-status -z --diff-filter=ADMR 0150d2175f205dc0848f182fc55ac2dff31a60ef...refs/remotes/origin/main [26ms]
2024-04-29 07:23:17.268 [info] > git for-each-ref --format=%(refname)%00%(upstream:short)%00%(objectname)%00%(upstream:track)%00%(upstream:remotename)%00%(upstream:remoteref) refs/heads/main refs/remotes/main [4ms]
2024-04-29 07:23:17.268 [info] > git status -z -uall [264ms]
2024-04-29 07:23:18.161 [info] > git check-ignore -v -z --stdin [83ms]
2024-04-29 07:23:18.547 [info] > git config --get commit.template [27ms]
2024-04-29 07:23:18.548 [info] > git for-each-ref --format=%(refname)%00%(upstream:short)%00%(objectname)%00%(upstream:track)%00%(upstream:remotename)%00%(upstream:remoteref) refs/heads/main refs/remotes/main [3ms]
2024-04-29 07:23:18.871 [info] > git status -z -uall [297ms]
2024-04-29 07:23:21.076 [info] > git show --textconv :ligue1-frontend/dockerfile [253ms]
2024-04-29 07:23:21.090 [info] > git ls-files --stage -- /home/louis/ligue1-frontend/dockerfile [161ms]
2024-04-29 07:23:21.433 [info] > git cat-file -s 7efeb110b53ac6130b4953ead41ead574ece5cdf [293ms]
2024-04-29 07:23:23.945 [info] > git config --get commit.template [27ms]
2024-04-29 07:23:23.946 [info] > git for-each-ref --format=%(refname)%00%(upstream:short)%00%(objectname)%00%(upstream:track)%00%(upstream:remotename)%00%(upstream:remoteref) refs/heads/main refs/remotes/main [3ms]
2024-04-29 07:23:24.208 [info] > git status -z -uall [239ms]
