2024-03-22 08:01:15.686 [info] Log level: Info
2024-03-22 08:01:15.686 [info] Validating found git in: "git"
2024-03-22 08:01:15.686 [info] Using git "2.39.2" from "git"
2024-03-22 08:01:15.686 [info] > git rev-parse --show-toplevel [364ms]
2024-03-22 08:01:15.686 [info] > git rev-parse --git-dir --git-common-dir [15ms]
2024-03-22 08:01:15.686 [info] Open repository: /home/louis
2024-03-22 08:01:15.686 [info] > git rev-parse --show-toplevel [25ms]
2024-03-22 08:01:15.686 [info] > git config --get commit.template [42ms]
2024-03-22 08:01:15.686 [info] > git rev-parse --show-toplevel [51ms]
2024-03-22 08:01:15.686 [info] > git for-each-ref --format=%(refname)%00%(upstream:short)%00%(objectname)%00%(upstream:track)%00%(upstream:remotename)%00%(upstream:remoteref) refs/heads/main refs/remotes/main [39ms]
2024-03-22 08:01:15.686 [info] > git rev-parse --show-toplevel [50ms]
2024-03-22 08:01:15.686 [info] > git rev-parse --show-toplevel [22ms]
2024-03-22 08:01:15.702 [info] > git rev-parse --show-toplevel [16ms]
2024-03-22 08:01:15.782 [info] > git rev-parse --show-toplevel [57ms]
2024-03-22 08:01:15.819 [info] > git rev-parse --show-toplevel [18ms]
2024-03-22 08:01:15.867 [info] > git rev-parse --show-toplevel [21ms]
2024-03-22 08:01:15.944 [info] > git rev-parse --show-toplevel [35ms]
2024-03-22 08:01:17.315 [info] > git status -z -uall [1757ms] (cancelled)
2024-03-22 08:01:17.315 [info] > git check-ignore -v -z --stdin [486ms]
2024-03-22 08:01:17.317 [info] > git rev-parse --git-dir --git-common-dir [1349ms]
2024-03-22 08:01:17.323 [info] Open repository: /home/louis/api_louis
2024-03-22 08:01:19.856 [info] > git rev-parse --show-toplevel [32ms]
2024-03-22 08:01:19.858 [info] > git config --get commit.template [55ms]
2024-03-22 08:01:19.859 [info] > git config --get commit.template [76ms]
2024-03-22 08:01:19.933 [info] > git for-each-ref --format=%(refname)%00%(upstream:short)%00%(objectname)%00%(upstream:track)%00%(upstream:remotename)%00%(upstream:remoteref) refs/heads/main refs/remotes/main [31ms]
2024-03-22 08:01:19.934 [info] > git rev-parse --show-toplevel [56ms]
2024-03-22 08:01:19.942 [info] > git for-each-ref --format=%(refname)%00%(upstream:short)%00%(objectname)%00%(upstream:track)%00%(upstream:remotename)%00%(upstream:remoteref) refs/heads/main refs/remotes/main [17ms]
2024-03-22 08:01:20.042 [info] > git status -z -uall [32ms]
2024-03-22 08:01:20.181 [info] > git config --get commit.template [52ms]
2024-03-22 08:01:20.196 [info] > git for-each-ref --format=%(refname)%00%(upstream:short)%00%(objectname)%00%(upstream:track)%00%(upstream:remotename)%00%(upstream:remoteref) refs/heads/main refs/remotes/main [20ms]
2024-03-22 08:01:20.296 [info] > git status -z -uall [42ms]
2024-03-22 08:01:23.184 [info] > git status -z -uall [3218ms] (cancelled)
2024-03-22 08:01:23.184 [info] > git check-ignore -v -z --stdin [2334ms]
2024-03-22 08:01:23.186 [info] > git check-ignore -v -z --stdin [2309ms]
2024-03-22 08:01:24.736 [info] > git show --textconv :.env [36ms]
2024-03-22 08:01:24.743 [info] > git ls-files --stage -- /home/louis/.env [10ms]
2024-03-22 08:01:31.545 [info] > git show --textconv :docker-compose.yml [80ms]
2024-03-22 08:01:31.588 [info] > git ls-files --stage -- /home/louis/docker-compose.yml [44ms]
2024-03-22 08:03:35.613 [info] > git show --textconv :.env [30ms]
2024-03-22 08:03:35.618 [info] > git ls-files --stage -- /home/louis/api_louis/.env [7ms]
2024-03-22 08:03:56.612 [info] > git check-ignore -v -z --stdin [28ms]
2024-03-22 08:03:56.614 [info] > git check-ignore -v -z --stdin [4ms]
2024-03-22 08:04:01.201 [info] > git show --textconv :docker-compose.yml [30ms]
2024-03-22 08:04:01.201 [info] > git ls-files --stage -- /home/louis/docker-compose.yml [3ms]
2024-03-22 08:05:04.174 [info] > git show --textconv :.env [33ms]
2024-03-22 08:05:04.177 [info] > git ls-files --stage -- /home/louis/.env [4ms]
