2024-04-02 12:59:53.981 [info] Log level: Info
2024-04-02 12:59:53.983 [info] Validating found git in: "git"
2024-04-02 12:59:53.983 [info] Using git "2.39.2" from "git"
2024-04-02 12:59:53.984 [info] > git rev-parse --show-toplevel [65ms]
2024-04-02 12:59:54.005 [info] > git rev-parse --git-dir --git-common-dir [85ms]
2024-04-02 12:59:54.075 [info] Open repository: /home/louis
2024-04-02 12:59:54.236 [info] > git rev-parse --show-toplevel [112ms]
2024-04-02 12:59:54.239 [info] > git config --get commit.template [130ms]
2024-04-02 12:59:54.298 [info] > git rev-parse --show-toplevel [33ms]
2024-04-02 12:59:54.327 [info] > git for-each-ref --format=%(refname)%00%(upstream:short)%00%(objectname)%00%(upstream:track)%00%(upstream:remotename)%00%(upstream:remoteref) refs/heads/main refs/remotes/main [41ms]
2024-04-02 12:59:54.384 [info] > git rev-parse --show-toplevel [59ms]
2024-04-02 12:59:54.469 [info] > git rev-parse --show-toplevel [47ms]
2024-04-02 12:59:54.545 [info] > git rev-parse --show-toplevel [11ms]
2024-04-02 12:59:54.869 [info] > git rev-parse --show-toplevel [276ms]
2024-04-02 12:59:55.432 [info] > git status -z -uall [1051ms] (cancelled)
2024-04-02 12:59:55.433 [info] > git check-ignore -v -z --stdin [499ms]
2024-04-02 12:59:58.611 [info] > git rev-parse --show-toplevel [3623ms]
2024-04-02 12:59:58.726 [info] > git config --get commit.template [971ms]
2024-04-02 12:59:58.780 [info] > git rev-parse --show-toplevel [71ms]
2024-04-02 12:59:58.916 [info] > git for-each-ref --format=%(refname)%00%(upstream:short)%00%(objectname)%00%(upstream:track)%00%(upstream:remotename)%00%(upstream:remoteref) refs/heads/main refs/remotes/main [138ms]
2024-04-02 12:59:58.922 [info] > git rev-parse --show-toplevel [71ms]
2024-04-02 12:59:58.993 [info] > git rev-parse --git-dir --git-common-dir [29ms]
2024-04-02 12:59:59.001 [info] Open repository: /home/louis/api_louis
2024-04-02 12:59:59.057 [info] > git config --get commit.template [28ms]
2024-04-02 12:59:59.087 [info] > git rev-parse --show-toplevel [33ms]
2024-04-02 12:59:59.119 [info] > git for-each-ref --format=%(refname)%00%(upstream:short)%00%(objectname)%00%(upstream:track)%00%(upstream:remotename)%00%(upstream:remoteref) refs/heads/main refs/remotes/main [34ms]
2024-04-02 12:59:59.145 [info] > git rev-parse --show-toplevel [28ms]
2024-04-02 12:59:59.206 [info] > git show --textconv :docker-compose.yml [29ms]
2024-04-02 12:59:59.212 [info] > git ls-files --stage -- /home/louis/docker-compose.yml [8ms]
2024-04-02 12:59:59.230 [info] > git status -z -uall [86ms]
2024-04-02 12:59:59.280 [info] > git config --get commit.template [9ms]
2024-04-02 12:59:59.331 [info] > git for-each-ref --format=%(refname)%00%(upstream:short)%00%(objectname)%00%(upstream:track)%00%(upstream:remotename)%00%(upstream:remoteref) refs/heads/main refs/remotes/main [18ms]
2024-04-02 12:59:59.405 [info] > git status -z -uall [30ms]
2024-04-02 13:00:02.831 [info] > git status -z -uall [3840ms] (cancelled)
2024-04-02 13:00:04.432 [info] > git check-ignore -v -z --stdin [68ms]
2024-04-02 13:00:04.434 [info] > git check-ignore -v -z --stdin [35ms]
2024-04-02 13:10:53.341 [info] > git check-ignore -v -z --stdin [3ms]
2024-04-02 13:10:54.159 [info] > git check-ignore -v -z --stdin [5ms]
2024-04-02 13:10:55.467 [info] > git show --textconv :dockerfile [27ms]
2024-04-02 13:10:55.471 [info] > git ls-files --stage -- /home/louis/api_louis/dockerfile [8ms]
2024-04-02 13:10:55.497 [info] > git cat-file -s 3994dd79f1912c9e0de31f09dd226b4ad4c2a2d0 [3ms]
2024-04-02 13:14:12.321 [info] > git show --textconv :docker-compose.yml [27ms]
2024-04-02 13:14:12.324 [info] > git ls-files --stage -- /home/louis/docker-compose.yml [5ms]
