2024-04-26 07:26:54.787 [info] Log level: Info
2024-04-26 07:26:54.788 [info] Validating found git in: "git"
2024-04-26 07:26:54.788 [info] Using git "2.39.2" from "git"
2024-04-26 07:26:54.788 [info] > git rev-parse --show-toplevel [259ms]
2024-04-26 07:26:54.793 [info] > git rev-parse --git-dir --git-common-dir [8ms]
2024-04-26 07:26:54.814 [info] Open repository: /home/louis
2024-04-26 07:26:54.848 [info] > git config --get commit.template [18ms]
2024-04-26 07:26:54.853 [info] > git rev-parse --show-toplevel [11ms]
2024-04-26 07:26:54.890 [info] > git for-each-ref --format=%(refname)%00%(upstream:short)%00%(objectname)%00%(upstream:track)%00%(upstream:remotename)%00%(upstream:remoteref) refs/heads/main refs/remotes/main [23ms]
2024-04-26 07:26:54.894 [info] > git rev-parse --show-toplevel [13ms]
2024-04-26 07:26:54.923 [info] > git rev-parse --show-toplevel [18ms]
2024-04-26 07:26:54.958 [info] > git rev-parse --show-toplevel [21ms]
2024-04-26 07:26:54.986 [info] > git rev-parse --show-toplevel [1ms]
2024-04-26 07:26:55.057 [info] > git rev-parse --show-toplevel [0ms]
2024-04-26 07:26:55.109 [info] > git rev-parse --show-toplevel [2ms]
2024-04-26 07:26:55.141 [info] > git rev-parse --show-toplevel [2ms]
2024-04-26 07:26:55.175 [info] > git rev-parse --show-toplevel [3ms]
2024-04-26 07:26:55.211 [info] > git rev-parse --show-toplevel [3ms]
2024-04-26 07:26:55.241 [info] > git rev-parse --show-toplevel [2ms]
2024-04-26 07:26:55.275 [info] > git rev-parse --show-toplevel [2ms]
2024-04-26 07:26:55.309 [info] > git rev-parse --show-toplevel [6ms]
2024-04-26 07:26:55.424 [info] > git show --textconv :ligue1-frontend/src/pages/ResumeVideo/ResumeVideo.css [65ms]
2024-04-26 07:26:55.439 [info] > git ls-files --stage -- /home/louis/ligue1-frontend/src/pages/ResumeVideo/ResumeVideo.css [60ms]
2024-04-26 07:26:55.476 [info] > git cat-file -s 2d22a21098e7436c6e3b09b894ed38aabc37ccfd [16ms]
2024-04-26 07:26:55.501 [info] > git check-ignore -v -z --stdin [79ms]
2024-04-26 07:26:55.548 [info] > git status -z -uall [627ms]
2024-04-26 07:26:55.598 [info] > git merge-base refs/heads/main refs/remotes/origin/main [29ms]
2024-04-26 07:26:55.615 [info] > git config --get commit.template [17ms]
2024-04-26 07:26:56.697 [info] > git for-each-ref --format=%(refname)%00%(upstream:short)%00%(objectname)%00%(upstream:track)%00%(upstream:remotename)%00%(upstream:remoteref) refs/heads/main refs/remotes/main [1067ms]
2024-04-26 07:26:56.698 [info] > git rev-list --count --left-right refs/heads/main...refs/remotes/origin/main [1086ms]
2024-04-26 07:26:57.292 [info] > git check-ignore -v -z --stdin [534ms]
2024-04-26 07:26:57.294 [info] > git diff --name-status -z --diff-filter=ADMR 0150d2175f205dc0848f182fc55ac2dff31a60ef...refs/remotes/origin/main [582ms]
2024-04-26 07:26:58.145 [info] > git status -z -uall [758ms]
2024-04-26 07:26:59.255 [info] > git check-ignore -v -z --stdin [16ms]
2024-04-26 07:27:01.205 [info] > git check-ignore -v -z --stdin [35ms]
2024-04-26 07:27:26.296 [info] > git check-ignore -v -z --stdin [22ms]
2024-04-26 07:27:37.790 [info] > git show --textconv :ligue1-frontend/src/pages/Match/Match.js [236ms]
2024-04-26 07:27:37.807 [info] > git ls-files --stage -- /home/louis/ligue1-frontend/src/pages/Match/Match.js [215ms]
2024-04-26 07:27:37.896 [info] > git cat-file -s 60ccd8804e092b22fbe285ca2592615f98b89c68 [37ms]
2024-04-26 07:27:38.381 [info] > git show --textconv :ligue1-frontend/src/pages/Match/Match.css [66ms]
2024-04-26 07:27:38.400 [info] > git ls-files --stage -- /home/louis/ligue1-frontend/src/pages/Match/Match.css [27ms]
2024-04-26 07:27:38.464 [info] > git cat-file -s d36356abc40b3bee009e4613c362c8142d62e637 [2ms]
2024-04-26 07:27:43.100 [info] > git config --get commit.template [36ms]
2024-04-26 07:27:43.115 [info] > git for-each-ref --format=%(refname)%00%(upstream:short)%00%(objectname)%00%(upstream:track)%00%(upstream:remotename)%00%(upstream:remoteref) refs/heads/main refs/remotes/main [21ms]
2024-04-26 07:27:43.657 [info] > git status -z -uall [501ms]
2024-04-26 07:27:45.940 [info] > git show --textconv :ligue1-frontend/src/pages/Equipe/Equipe.css [41ms]
2024-04-26 07:27:45.948 [info] > git ls-files --stage -- /home/louis/ligue1-frontend/src/pages/Equipe/Equipe.css [14ms]
2024-04-26 07:27:45.980 [info] > git cat-file -s 7d3d1e4acccdd2e5245a5329fa0bd9da28cca385 [8ms]
2024-04-26 07:27:51.097 [info] > git config --get commit.template [29ms]
2024-04-26 07:27:51.101 [info] > git for-each-ref --format=%(refname)%00%(upstream:short)%00%(objectname)%00%(upstream:track)%00%(upstream:remotename)%00%(upstream:remoteref) refs/heads/main refs/remotes/main [6ms]
2024-04-26 07:27:51.518 [info] > git status -z -uall [371ms]
2024-04-26 07:27:55.059 [info] > git show --textconv :ligue1-frontend/src/pages/Match/Match.js [41ms]
2024-04-26 07:27:55.064 [info] > git ls-files --stage -- /home/louis/ligue1-frontend/src/pages/Match/Match.js [22ms]
2024-04-26 07:27:55.088 [info] > git cat-file -s 60ccd8804e092b22fbe285ca2592615f98b89c68 [3ms]
2024-04-26 07:27:56.579 [info] > git config --get commit.template [27ms]
2024-04-26 07:27:56.581 [info] > git for-each-ref --format=%(refname)%00%(upstream:short)%00%(objectname)%00%(upstream:track)%00%(upstream:remotename)%00%(upstream:remoteref) refs/heads/main refs/remotes/main [4ms]
2024-04-26 07:27:56.880 [info] > git status -z -uall [276ms]
2024-04-26 07:28:01.953 [info] > git config --get commit.template [27ms]
2024-04-26 07:28:01.974 [info] > git for-each-ref --format=%(refname)%00%(upstream:short)%00%(objectname)%00%(upstream:track)%00%(upstream:remotename)%00%(upstream:remoteref) refs/heads/main refs/remotes/main [23ms]
2024-04-26 07:28:02.325 [info] > git status -z -uall [325ms]
2024-04-26 07:28:03.130 [info] > git show --textconv :ligue1-frontend/src/pages/Equipe/Equipe.css [31ms]
2024-04-26 07:28:03.149 [info] > git ls-files --stage -- /home/louis/ligue1-frontend/src/pages/Equipe/Equipe.css [25ms]
2024-04-26 07:28:03.176 [info] > git cat-file -s 7d3d1e4acccdd2e5245a5329fa0bd9da28cca385 [3ms]
2024-04-26 07:28:05.399 [info] > git show --textconv :ligue1-frontend/src/pages/Equipe/Equipe.js [102ms]
2024-04-26 07:28:05.404 [info] > git ls-files --stage -- /home/louis/ligue1-frontend/src/pages/Equipe/Equipe.js [52ms]
2024-04-26 07:28:05.450 [info] > git cat-file -s b766d466e6ecfe9e1b2646e34919cc1d372ae819 [9ms]
2024-04-26 07:28:07.386 [info] > git config --get commit.template [28ms]
2024-04-26 07:28:07.388 [info] > git for-each-ref --format=%(refname)%00%(upstream:short)%00%(objectname)%00%(upstream:track)%00%(upstream:remotename)%00%(upstream:remoteref) refs/heads/main refs/remotes/main [4ms]
2024-04-26 07:28:07.701 [info] > git status -z -uall [289ms]
2024-04-26 07:28:10.577 [info] > git show --textconv :ligue1-frontend/src/pages/Equipe/Equipe.css [47ms]
2024-04-26 07:28:10.593 [info] > git ls-files --stage -- /home/louis/ligue1-frontend/src/pages/Equipe/Equipe.css [24ms]
2024-04-26 07:28:10.619 [info] > git cat-file -s 7d3d1e4acccdd2e5245a5329fa0bd9da28cca385 [4ms]
2024-04-26 07:28:12.733 [info] > git config --get commit.template [2ms]
2024-04-26 07:28:12.763 [info] > git for-each-ref --format=%(refname)%00%(upstream:short)%00%(objectname)%00%(upstream:track)%00%(upstream:remotename)%00%(upstream:remoteref) refs/heads/main refs/remotes/main [4ms]
2024-04-26 07:28:13.083 [info] > git status -z -uall [289ms]
2024-04-26 07:28:18.159 [info] > git show --textconv :ligue1-frontend/src/pages/Match/Match.js [73ms]
2024-04-26 07:28:18.167 [info] > git config --get commit.template [10ms]
2024-04-26 07:28:18.168 [info] > git ls-files --stage -- /home/louis/ligue1-frontend/src/pages/Match/Match.js [60ms]
2024-04-26 07:28:18.195 [info] > git cat-file -s 60ccd8804e092b22fbe285ca2592615f98b89c68 [6ms]
2024-04-26 07:28:18.221 [info] > git for-each-ref --format=%(refname)%00%(upstream:short)%00%(objectname)%00%(upstream:track)%00%(upstream:remotename)%00%(upstream:remoteref) refs/heads/main refs/remotes/main [2ms]
2024-04-26 07:28:18.538 [info] > git status -z -uall [290ms]
2024-04-26 07:28:19.330 [info] > git show --textconv :ligue1-frontend/src/pages/Match/Match.css [23ms]
2024-04-26 07:28:19.350 [info] > git ls-files --stage -- /home/louis/ligue1-frontend/src/pages/Match/Match.css [22ms]
2024-04-26 07:28:19.374 [info] > git cat-file -s d36356abc40b3bee009e4613c362c8142d62e637 [2ms]
2024-04-26 07:28:23.594 [info] > git config --get commit.template [23ms]
2024-04-26 07:28:23.595 [info] > git for-each-ref --format=%(refname)%00%(upstream:short)%00%(objectname)%00%(upstream:track)%00%(upstream:remotename)%00%(upstream:remoteref) refs/heads/main refs/remotes/main [3ms]
2024-04-26 07:28:23.901 [info] > git status -z -uall [283ms]
2024-04-26 07:28:29.038 [info] > git config --get commit.template [11ms]
2024-04-26 07:28:29.189 [info] > git for-each-ref --format=%(refname)%00%(upstream:short)%00%(objectname)%00%(upstream:track)%00%(upstream:remotename)%00%(upstream:remoteref) refs/heads/main refs/remotes/main [22ms]
2024-04-26 07:28:30.372 [info] > git status -z -uall [1067ms]
2024-04-26 07:28:30.373 [info] > git show --textconv :ligue1-frontend/src/pages/Match/Match.js [82ms]
2024-04-26 07:28:30.391 [info] > git ls-files --stage -- /home/louis/ligue1-frontend/src/pages/Match/Match.js [66ms]
2024-04-26 07:28:30.430 [info] > git cat-file -s 60ccd8804e092b22fbe285ca2592615f98b89c68 [8ms]
2024-04-26 07:28:35.458 [info] > git config --get commit.template [37ms]
2024-04-26 07:28:35.458 [info] > git for-each-ref --format=%(refname)%00%(upstream:short)%00%(objectname)%00%(upstream:track)%00%(upstream:remotename)%00%(upstream:remoteref) refs/heads/main refs/remotes/main [3ms]
2024-04-26 07:28:35.792 [info] > git status -z -uall [302ms]
2024-04-26 07:29:06.086 [info] > git show --textconv :ligue1-frontend/src/pages/Equipe/Equipe.css [89ms]
2024-04-26 07:29:06.100 [info] > git ls-files --stage -- /home/louis/ligue1-frontend/src/pages/Equipe/Equipe.css [27ms]
2024-04-26 07:29:06.154 [info] > git cat-file -s 7d3d1e4acccdd2e5245a5329fa0bd9da28cca385 [7ms]
2024-04-26 07:29:08.522 [info] > git show --textconv :ligue1-frontend/src/pages/Match/Match.css [31ms]
2024-04-26 07:29:08.533 [info] > git ls-files --stage -- /home/louis/ligue1-frontend/src/pages/Match/Match.css [14ms]
2024-04-26 07:29:08.568 [info] > git cat-file -s d36356abc40b3bee009e4613c362c8142d62e637 [2ms]
2024-04-26 07:29:10.516 [info] > git show --textconv :ligue1-frontend/src/pages/Match/Match.js [44ms]
2024-04-26 07:29:10.534 [info] > git ls-files --stage -- /home/louis/ligue1-frontend/src/pages/Match/Match.js [24ms]
2024-04-26 07:29:10.570 [info] > git cat-file -s 60ccd8804e092b22fbe285ca2592615f98b89c68 [2ms]
2024-04-26 07:29:38.428 [info] > git config --get commit.template [40ms]
2024-04-26 07:29:38.429 [info] > git for-each-ref --format=%(refname)%00%(upstream:short)%00%(objectname)%00%(upstream:track)%00%(upstream:remotename)%00%(upstream:remoteref) refs/heads/main refs/remotes/main [8ms]
2024-04-26 07:29:39.218 [info] > git status -z -uall [754ms]
2024-04-26 07:29:43.724 [info] > git show --textconv :ligue1-frontend/src/pages/Match/Match.css [37ms]
2024-04-26 07:29:43.737 [info] > git ls-files --stage -- /home/louis/ligue1-frontend/src/pages/Match/Match.css [16ms]
2024-04-26 07:29:43.771 [info] > git cat-file -s d36356abc40b3bee009e4613c362c8142d62e637 [2ms]
2024-04-26 07:30:01.695 [info] > git show --textconv :ligue1-frontend/src/pages/Match/Match.js [69ms]
2024-04-26 07:30:01.713 [info] > git ls-files --stage -- /home/louis/ligue1-frontend/src/pages/Match/Match.js [26ms]
2024-04-26 07:30:01.772 [info] > git cat-file -s 60ccd8804e092b22fbe285ca2592615f98b89c68 [8ms]
2024-04-26 07:30:29.330 [info] > git show --textconv :ligue1-frontend/src/pages/Match/Match.css [43ms]
2024-04-26 07:30:29.342 [info] > git ls-files --stage -- /home/louis/ligue1-frontend/src/pages/Match/Match.css [15ms]
2024-04-26 07:30:29.381 [info] > git cat-file -s d36356abc40b3bee009e4613c362c8142d62e637 [3ms]
2024-04-26 07:31:18.409 [info] > git config --get commit.template [43ms]
2024-04-26 07:31:18.416 [info] > git for-each-ref --format=%(refname)%00%(upstream:short)%00%(objectname)%00%(upstream:track)%00%(upstream:remotename)%00%(upstream:remoteref) refs/heads/main refs/remotes/main [10ms]
2024-04-26 07:31:18.778 [info] > git status -z -uall [324ms]
2024-04-26 07:31:20.994 [info] > git show --textconv :ligue1-frontend/src/pages/Equipe/Equipe.css [38ms]
2024-04-26 07:31:21.005 [info] > git ls-files --stage -- /home/louis/ligue1-frontend/src/pages/Equipe/Equipe.css [15ms]
2024-04-26 07:31:21.047 [info] > git cat-file -s 7d3d1e4acccdd2e5245a5329fa0bd9da28cca385 [3ms]
2024-04-26 07:31:23.826 [info] > git config --get commit.template [2ms]
2024-04-26 07:31:23.871 [info] > git for-each-ref --format=%(refname)%00%(upstream:short)%00%(objectname)%00%(upstream:track)%00%(upstream:remotename)%00%(upstream:remoteref) refs/heads/main refs/remotes/main [3ms]
2024-04-26 07:31:24.188 [info] > git status -z -uall [274ms]
2024-04-26 07:31:34.199 [info] > git show --textconv :ligue1-frontend/src/pages/Match/Match.css [40ms]
2024-04-26 07:31:34.208 [info] > git ls-files --stage -- /home/louis/ligue1-frontend/src/pages/Match/Match.css [14ms]
2024-04-26 07:31:34.246 [info] > git cat-file -s d36356abc40b3bee009e4613c362c8142d62e637 [2ms]
2024-04-26 07:31:53.557 [info] > git config --get commit.template [3ms]
2024-04-26 07:31:53.604 [info] > git for-each-ref --format=%(refname)%00%(upstream:short)%00%(objectname)%00%(upstream:track)%00%(upstream:remotename)%00%(upstream:remoteref) refs/heads/main refs/remotes/main [4ms]
2024-04-26 07:31:53.881 [info] > git status -z -uall [244ms]
2024-04-26 07:31:56.426 [info] > git show --textconv :ligue1-frontend/src/pages/Equipe/Equipe.css [44ms]
2024-04-26 07:31:56.434 [info] > git ls-files --stage -- /home/louis/ligue1-frontend/src/pages/Equipe/Equipe.css [13ms]
2024-04-26 07:31:56.473 [info] > git cat-file -s 7d3d1e4acccdd2e5245a5329fa0bd9da28cca385 [3ms]
2024-04-26 07:31:58.961 [info] > git config --get commit.template [36ms]
2024-04-26 07:31:58.965 [info] > git for-each-ref --format=%(refname)%00%(upstream:short)%00%(objectname)%00%(upstream:track)%00%(upstream:remotename)%00%(upstream:remoteref) refs/heads/main refs/remotes/main [5ms]
2024-04-26 07:31:59.283 [info] > git status -z -uall [280ms]
2024-04-26 07:32:04.391 [info] > git config --get commit.template [62ms]
2024-04-26 07:32:04.398 [info] > git for-each-ref --format=%(refname)%00%(upstream:short)%00%(objectname)%00%(upstream:track)%00%(upstream:remotename)%00%(upstream:remoteref) refs/heads/main refs/remotes/main [25ms]
2024-04-26 07:32:04.922 [info] > git status -z -uall [478ms]
2024-04-26 07:32:19.349 [info] > git config --get commit.template [39ms]
2024-04-26 07:32:19.351 [info] > git for-each-ref --format=%(refname)%00%(upstream:short)%00%(objectname)%00%(upstream:track)%00%(upstream:remotename)%00%(upstream:remoteref) refs/heads/main refs/remotes/main [4ms]
2024-04-26 07:32:19.862 [info] > git status -z -uall [470ms]
2024-04-26 07:32:24.952 [info] > git config --get commit.template [42ms]
2024-04-26 07:32:24.954 [info] > git for-each-ref --format=%(refname)%00%(upstream:short)%00%(objectname)%00%(upstream:track)%00%(upstream:remotename)%00%(upstream:remoteref) refs/heads/main refs/remotes/main [5ms]
2024-04-26 07:32:25.269 [info] > git status -z -uall [273ms]
2024-04-26 07:32:30.356 [info] > git config --get commit.template [39ms]
2024-04-26 07:32:30.357 [info] > git for-each-ref --format=%(refname)%00%(upstream:short)%00%(objectname)%00%(upstream:track)%00%(upstream:remotename)%00%(upstream:remoteref) refs/heads/main refs/remotes/main [3ms]
2024-04-26 07:32:30.684 [info] > git status -z -uall [286ms]
2024-04-26 07:32:35.822 [info] > git config --get commit.template [17ms]
2024-04-26 07:32:35.861 [info] > git for-each-ref --format=%(refname)%00%(upstream:short)%00%(objectname)%00%(upstream:track)%00%(upstream:remotename)%00%(upstream:remoteref) refs/heads/main refs/remotes/main [5ms]
2024-04-26 07:32:36.375 [info] > git status -z -uall [480ms]
2024-04-26 07:32:50.150 [info] > git config --get commit.template [43ms]
2024-04-26 07:32:50.152 [info] > git for-each-ref --format=%(refname)%00%(upstream:short)%00%(objectname)%00%(upstream:track)%00%(upstream:remotename)%00%(upstream:remoteref) refs/heads/main refs/remotes/main [4ms]
2024-04-26 07:32:50.515 [info] > git status -z -uall [320ms]
2024-04-26 07:32:55.571 [info] > git config --get commit.template [6ms]
2024-04-26 07:32:55.613 [info] > git for-each-ref --format=%(refname)%00%(upstream:short)%00%(objectname)%00%(upstream:track)%00%(upstream:remotename)%00%(upstream:remoteref) refs/heads/main refs/remotes/main [3ms]
2024-04-26 07:32:55.914 [info] > git status -z -uall [268ms]
2024-04-26 07:33:01.012 [info] > git config --get commit.template [41ms]
2024-04-26 07:33:01.016 [info] > git for-each-ref --format=%(refname)%00%(upstream:short)%00%(objectname)%00%(upstream:track)%00%(upstream:remotename)%00%(upstream:remoteref) refs/heads/main refs/remotes/main [6ms]
2024-04-26 07:33:01.328 [info] > git status -z -uall [272ms]
2024-04-26 07:33:10.916 [info] > git config --get commit.template [2ms]
2024-04-26 07:33:10.954 [info] > git for-each-ref --format=%(refname)%00%(upstream:short)%00%(objectname)%00%(upstream:track)%00%(upstream:remotename)%00%(upstream:remoteref) refs/heads/main refs/remotes/main [3ms]
2024-04-26 07:33:11.244 [info] > git status -z -uall [251ms]
2024-04-26 07:33:16.316 [info] > git config --get commit.template [35ms]
2024-04-26 07:33:16.317 [info] > git for-each-ref --format=%(refname)%00%(upstream:short)%00%(objectname)%00%(upstream:track)%00%(upstream:remotename)%00%(upstream:remoteref) refs/heads/main refs/remotes/main [2ms]
2024-04-26 07:33:16.650 [info] > git status -z -uall [300ms]
2024-04-26 07:35:13.125 [info] > git config --get commit.template [41ms]
2024-04-26 07:35:13.127 [info] > git for-each-ref --format=%(refname)%00%(upstream:short)%00%(objectname)%00%(upstream:track)%00%(upstream:remotename)%00%(upstream:remoteref) refs/heads/main refs/remotes/main [3ms]
2024-04-26 07:35:13.472 [info] > git status -z -uall [301ms]
2024-04-26 07:35:18.577 [info] > git for-each-ref --format=%(refname)%00%(upstream:short)%00%(objectname)%00%(upstream:track)%00%(upstream:remotename)%00%(upstream:remoteref) refs/heads/main refs/remotes/main [3ms]
2024-04-26 07:35:18.578 [info] > git config --get commit.template [57ms]
2024-04-26 07:35:18.988 [info] > git status -z -uall [331ms]
2024-04-26 07:35:27.128 [info] > git show --textconv :ligue1-frontend/src/pages/Equipe/Equipe.js [70ms]
2024-04-26 07:35:27.161 [info] > git ls-files --stage -- /home/louis/ligue1-frontend/src/pages/Equipe/Equipe.js [48ms]
2024-04-26 07:35:27.207 [info] > git cat-file -s b766d466e6ecfe9e1b2646e34919cc1d372ae819 [7ms]
2024-04-26 07:35:50.266 [info] > git config --get commit.template [3ms]
2024-04-26 07:35:50.310 [info] > git for-each-ref --format=%(refname)%00%(upstream:short)%00%(objectname)%00%(upstream:track)%00%(upstream:remotename)%00%(upstream:remoteref) refs/heads/main refs/remotes/main [2ms]
2024-04-26 07:35:50.667 [info] > git status -z -uall [304ms]
2024-04-26 07:37:12.598 [info] > git config --get commit.template [39ms]
2024-04-26 07:37:12.600 [info] > git for-each-ref --format=%(refname)%00%(upstream:short)%00%(objectname)%00%(upstream:track)%00%(upstream:remotename)%00%(upstream:remoteref) refs/heads/main refs/remotes/main [3ms]
2024-04-26 07:37:12.922 [info] > git status -z -uall [279ms]
2024-04-26 07:37:17.965 [info] > git config --get commit.template [2ms]
2024-04-26 07:37:18.007 [info] > git for-each-ref --format=%(refname)%00%(upstream:short)%00%(objectname)%00%(upstream:track)%00%(upstream:remotename)%00%(upstream:remoteref) refs/heads/main refs/remotes/main [3ms]
2024-04-26 07:37:18.294 [info] > git status -z -uall [250ms]
2024-04-26 07:37:23.372 [info] > git config --get commit.template [34ms]
2024-04-26 07:37:23.373 [info] > git for-each-ref --format=%(refname)%00%(upstream:short)%00%(objectname)%00%(upstream:track)%00%(upstream:remotename)%00%(upstream:remoteref) refs/heads/main refs/remotes/main [2ms]
2024-04-26 07:37:23.682 [info] > git status -z -uall [269ms]
2024-04-26 07:37:44.263 [info] > git config --get commit.template [41ms]
2024-04-26 07:37:44.267 [info] > git for-each-ref --format=%(refname)%00%(upstream:short)%00%(objectname)%00%(upstream:track)%00%(upstream:remotename)%00%(upstream:remoteref) refs/heads/main refs/remotes/main [5ms]
2024-04-26 07:37:44.580 [info] > git status -z -uall [275ms]
2024-04-26 07:37:49.674 [info] > git config --get commit.template [38ms]
2024-04-26 07:37:49.677 [info] > git for-each-ref --format=%(refname)%00%(upstream:short)%00%(objectname)%00%(upstream:track)%00%(upstream:remotename)%00%(upstream:remoteref) refs/heads/main refs/remotes/main [3ms]
2024-04-26 07:37:49.972 [info] > git status -z -uall [258ms]
2024-04-26 07:37:52.316 [info] > git show --textconv :ligue1-frontend/src/pages/ResumeVideo/ResumeVideo.css [49ms]
2024-04-26 07:37:52.324 [info] > git ls-files --stage -- /home/louis/ligue1-frontend/src/pages/ResumeVideo/ResumeVideo.css [14ms]
2024-04-26 07:37:52.369 [info] > git cat-file -s 2d22a21098e7436c6e3b09b894ed38aabc37ccfd [3ms]
2024-04-26 07:37:55.021 [info] > git config --get commit.template [2ms]
2024-04-26 07:37:55.065 [info] > git for-each-ref --format=%(refname)%00%(upstream:short)%00%(objectname)%00%(upstream:track)%00%(upstream:remotename)%00%(upstream:remoteref) refs/heads/main refs/remotes/main [4ms]
2024-04-26 07:37:55.432 [info] > git status -z -uall [323ms]
2024-04-26 07:38:00.536 [info] > git config --get commit.template [49ms]
2024-04-26 07:38:00.536 [info] > git for-each-ref --format=%(refname)%00%(upstream:short)%00%(objectname)%00%(upstream:track)%00%(upstream:remotename)%00%(upstream:remoteref) refs/heads/main refs/remotes/main [3ms]
2024-04-26 07:38:00.868 [info] > git status -z -uall [290ms]
2024-04-26 07:38:05.946 [info] > git config --get commit.template [12ms]
2024-04-26 07:38:06.018 [info] > git for-each-ref --format=%(refname)%00%(upstream:short)%00%(objectname)%00%(upstream:track)%00%(upstream:remotename)%00%(upstream:remoteref) refs/heads/main refs/remotes/main [13ms]
2024-04-26 07:38:06.381 [info] > git status -z -uall [323ms]
2024-04-26 07:38:21.243 [info] > git config --get commit.template [3ms]
2024-04-26 07:38:21.284 [info] > git for-each-ref --format=%(refname)%00%(upstream:short)%00%(objectname)%00%(upstream:track)%00%(upstream:remotename)%00%(upstream:remoteref) refs/heads/main refs/remotes/main [3ms]
2024-04-26 07:38:21.588 [info] > git status -z -uall [263ms]
2024-04-26 07:38:26.636 [info] > git config --get commit.template [2ms]
2024-04-26 07:38:26.679 [info] > git for-each-ref --format=%(refname)%00%(upstream:short)%00%(objectname)%00%(upstream:track)%00%(upstream:remotename)%00%(upstream:remoteref) refs/heads/main refs/remotes/main [3ms]
2024-04-26 07:38:26.974 [info] > git status -z -uall [252ms]
2024-04-26 07:48:19.570 [info] > git config --get commit.template [2ms]
2024-04-26 07:48:19.613 [info] > git for-each-ref --format=%(refname)%00%(upstream:short)%00%(objectname)%00%(upstream:track)%00%(upstream:remotename)%00%(upstream:remoteref) refs/heads/main refs/remotes/main [3ms]
2024-04-26 07:48:19.925 [info] > git status -z -uall [271ms]
2024-04-26 07:48:21.296 [info] > git show --textconv :ligue1-frontend/src/pages/Equipe/Equipe.css [53ms]
2024-04-26 07:48:21.310 [info] > git ls-files --stage -- /home/louis/ligue1-frontend/src/pages/Equipe/Equipe.css [18ms]
2024-04-26 07:48:21.352 [info] > git cat-file -s 7d3d1e4acccdd2e5245a5329fa0bd9da28cca385 [2ms]
2024-04-26 07:48:49.848 [info] > git config --get commit.template [52ms]
2024-04-26 07:48:49.849 [info] > git for-each-ref --format=%(refname)%00%(upstream:short)%00%(objectname)%00%(upstream:track)%00%(upstream:remotename)%00%(upstream:remoteref) refs/heads/main refs/remotes/main [4ms]
2024-04-26 07:48:50.166 [info] > git status -z -uall [277ms]
2024-04-26 07:48:54.499 [info] > git check-ignore -v -z --stdin [18ms]
2024-04-26 07:48:55.259 [info] > git config --get commit.template [42ms]
2024-04-26 07:48:55.261 [info] > git for-each-ref --format=%(refname)%00%(upstream:short)%00%(objectname)%00%(upstream:track)%00%(upstream:remotename)%00%(upstream:remoteref) refs/heads/main refs/remotes/main [4ms]
2024-04-26 07:48:55.579 [info] > git status -z -uall [277ms]
2024-04-26 07:49:00.630 [info] > git config --get commit.template [4ms]
2024-04-26 07:49:00.672 [info] > git for-each-ref --format=%(refname)%00%(upstream:short)%00%(objectname)%00%(upstream:track)%00%(upstream:remotename)%00%(upstream:remoteref) refs/heads/main refs/remotes/main [2ms]
2024-04-26 07:49:00.985 [info] > git status -z -uall [272ms]
2024-04-26 07:49:06.081 [info] > git config --get commit.template [44ms]
2024-04-26 07:49:06.082 [info] > git for-each-ref --format=%(refname)%00%(upstream:short)%00%(objectname)%00%(upstream:track)%00%(upstream:remotename)%00%(upstream:remoteref) refs/heads/main refs/remotes/main [3ms]
2024-04-26 07:49:06.386 [info] > git status -z -uall [264ms]
2024-04-26 07:49:11.480 [info] > git config --get commit.template [43ms]
2024-04-26 07:49:11.481 [info] > git for-each-ref --format=%(refname)%00%(upstream:short)%00%(objectname)%00%(upstream:track)%00%(upstream:remotename)%00%(upstream:remoteref) refs/heads/main refs/remotes/main [3ms]
2024-04-26 07:49:11.800 [info] > git status -z -uall [278ms]
2024-04-26 07:49:16.887 [info] > git config --get commit.template [36ms]
2024-04-26 07:49:16.888 [info] > git for-each-ref --format=%(refname)%00%(upstream:short)%00%(objectname)%00%(upstream:track)%00%(upstream:remotename)%00%(upstream:remoteref) refs/heads/main refs/remotes/main [2ms]
2024-04-26 07:49:17.211 [info] > git status -z -uall [282ms]
2024-04-26 07:49:22.297 [info] > git config --get commit.template [40ms]
2024-04-26 07:49:22.298 [info] > git for-each-ref --format=%(refname)%00%(upstream:short)%00%(objectname)%00%(upstream:track)%00%(upstream:remotename)%00%(upstream:remoteref) refs/heads/main refs/remotes/main [3ms]
2024-04-26 07:49:22.613 [info] > git status -z -uall [273ms]
2024-04-26 07:49:27.700 [info] > git config --get commit.template [45ms]
2024-04-26 07:49:27.702 [info] > git for-each-ref --format=%(refname)%00%(upstream:short)%00%(objectname)%00%(upstream:track)%00%(upstream:remotename)%00%(upstream:remoteref) refs/heads/main refs/remotes/main [3ms]
2024-04-26 07:49:28.007 [info] > git status -z -uall [261ms]
2024-04-26 07:49:33.100 [info] > git config --get commit.template [45ms]
2024-04-26 07:49:33.101 [info] > git for-each-ref --format=%(refname)%00%(upstream:short)%00%(objectname)%00%(upstream:track)%00%(upstream:remotename)%00%(upstream:remoteref) refs/heads/main refs/remotes/main [3ms]
2024-04-26 07:49:33.436 [info] > git status -z -uall [293ms]
2024-04-26 07:49:38.956 [info] > git config --get commit.template [71ms]
2024-04-26 07:49:38.957 [info] > git for-each-ref --format=%(refname)%00%(upstream:short)%00%(objectname)%00%(upstream:track)%00%(upstream:remotename)%00%(upstream:remoteref) refs/heads/main refs/remotes/main [21ms]
2024-04-26 07:49:39.310 [info] > git status -z -uall [286ms]
2024-04-26 07:49:44.412 [info] > git config --get commit.template [46ms]
2024-04-26 07:49:44.414 [info] > git for-each-ref --format=%(refname)%00%(upstream:short)%00%(objectname)%00%(upstream:track)%00%(upstream:remotename)%00%(upstream:remoteref) refs/heads/main refs/remotes/main [4ms]
2024-04-26 07:49:44.769 [info] > git status -z -uall [303ms]
2024-04-26 07:49:49.867 [info] > git config --get commit.template [49ms]
2024-04-26 07:49:49.869 [info] > git for-each-ref --format=%(refname)%00%(upstream:short)%00%(objectname)%00%(upstream:track)%00%(upstream:remotename)%00%(upstream:remoteref) refs/heads/main refs/remotes/main [3ms]
2024-04-26 07:49:50.178 [info] > git status -z -uall [264ms]
2024-04-26 07:49:55.277 [info] > git config --get commit.template [55ms]
2024-04-26 07:49:55.282 [info] > git for-each-ref --format=%(refname)%00%(upstream:short)%00%(objectname)%00%(upstream:track)%00%(upstream:remotename)%00%(upstream:remoteref) refs/heads/main refs/remotes/main [12ms]
2024-04-26 07:49:55.733 [info] > git status -z -uall [407ms]
2024-04-26 07:50:00.795 [info] > git config --get commit.template [2ms]
2024-04-26 07:50:00.879 [info] > git for-each-ref --format=%(refname)%00%(upstream:short)%00%(objectname)%00%(upstream:track)%00%(upstream:remotename)%00%(upstream:remoteref) refs/heads/main refs/remotes/main [9ms]
2024-04-26 07:50:01.272 [info] > git status -z -uall [323ms]
2024-04-26 07:50:06.372 [info] > git config --get commit.template [46ms]
2024-04-26 07:50:06.373 [info] > git for-each-ref --format=%(refname)%00%(upstream:short)%00%(objectname)%00%(upstream:track)%00%(upstream:remotename)%00%(upstream:remoteref) refs/heads/main refs/remotes/main [4ms]
2024-04-26 07:50:06.658 [info] > git check-ignore -v -z --stdin [17ms]
2024-04-26 07:50:06.696 [info] > git status -z -uall [275ms]
2024-04-26 07:50:07.770 [info] > git show --textconv :ligue1-frontend/src/pages/ShowEquipe/ShowEquipe.css [52ms]
2024-04-26 07:50:07.782 [info] > git ls-files --stage -- /home/louis/ligue1-frontend/src/pages/ShowEquipe/ShowEquipe.css [15ms]
2024-04-26 07:50:07.832 [info] > git cat-file -s 8b899d9be694cb5ce042dee78d29330f61aa25c7 [3ms]
2024-04-26 07:50:11.798 [info] > git config --get commit.template [48ms]
2024-04-26 07:50:11.800 [info] > git for-each-ref --format=%(refname)%00%(upstream:short)%00%(objectname)%00%(upstream:track)%00%(upstream:remotename)%00%(upstream:remoteref) refs/heads/main refs/remotes/main [2ms]
2024-04-26 07:50:12.142 [info] > git status -z -uall [300ms]
2024-04-26 07:50:17.230 [info] > git config --get commit.template [7ms]
2024-04-26 07:50:17.601 [info] > git for-each-ref --format=%(refname)%00%(upstream:short)%00%(objectname)%00%(upstream:track)%00%(upstream:remotename)%00%(upstream:remoteref) refs/heads/main refs/remotes/main [322ms]
2024-04-26 07:50:18.020 [info] > git status -z -uall [359ms]
2024-04-26 07:50:36.123 [info] > git config --get commit.template [3ms]
2024-04-26 07:50:36.176 [info] > git for-each-ref --format=%(refname)%00%(upstream:short)%00%(objectname)%00%(upstream:track)%00%(upstream:remotename)%00%(upstream:remoteref) refs/heads/main refs/remotes/main [3ms]
2024-04-26 07:50:36.518 [info] > git status -z -uall [293ms]
2024-04-26 07:50:41.614 [info] > git config --get commit.template [43ms]
2024-04-26 07:50:41.616 [info] > git for-each-ref --format=%(refname)%00%(upstream:short)%00%(objectname)%00%(upstream:track)%00%(upstream:remotename)%00%(upstream:remoteref) refs/heads/main refs/remotes/main [3ms]
2024-04-26 07:50:41.937 [info] > git status -z -uall [277ms]
2024-04-26 07:50:46.997 [info] > git config --get commit.template [3ms]
2024-04-26 07:50:47.046 [info] > git for-each-ref --format=%(refname)%00%(upstream:short)%00%(objectname)%00%(upstream:track)%00%(upstream:remotename)%00%(upstream:remoteref) refs/heads/main refs/remotes/main [3ms]
2024-04-26 07:50:47.430 [info] > git status -z -uall [336ms]
2024-04-26 07:50:52.522 [info] > git config --get commit.template [16ms]
2024-04-26 07:50:52.574 [info] > git for-each-ref --format=%(refname)%00%(upstream:short)%00%(objectname)%00%(upstream:track)%00%(upstream:remotename)%00%(upstream:remoteref) refs/heads/main refs/remotes/main [3ms]
2024-04-26 07:50:52.960 [info] > git status -z -uall [327ms]
2024-04-26 07:52:06.038 [info] > git config --get commit.template [2ms]
2024-04-26 07:52:06.397 [info] > git for-each-ref --format=%(refname)%00%(upstream:short)%00%(objectname)%00%(upstream:track)%00%(upstream:remotename)%00%(upstream:remoteref) refs/heads/main refs/remotes/main [314ms]
2024-04-26 07:52:06.810 [info] > git status -z -uall [370ms]
2024-04-26 07:52:11.901 [info] > git config --get commit.template [39ms]
2024-04-26 07:52:11.902 [info] > git for-each-ref --format=%(refname)%00%(upstream:short)%00%(objectname)%00%(upstream:track)%00%(upstream:remotename)%00%(upstream:remoteref) refs/heads/main refs/remotes/main [2ms]
2024-04-26 07:52:12.171 [info] > git status -z -uall [233ms]
2024-04-26 07:52:17.287 [info] > git config --get commit.template [57ms]
2024-04-26 07:52:17.288 [info] > git for-each-ref --format=%(refname)%00%(upstream:short)%00%(objectname)%00%(upstream:track)%00%(upstream:remotename)%00%(upstream:remoteref) refs/heads/main refs/remotes/main [4ms]
2024-04-26 07:52:17.600 [info] > git status -z -uall [264ms]
2024-04-26 07:52:22.707 [info] > git config --get commit.template [46ms]
2024-04-26 07:52:22.709 [info] > git for-each-ref --format=%(refname)%00%(upstream:short)%00%(objectname)%00%(upstream:track)%00%(upstream:remotename)%00%(upstream:remoteref) refs/heads/main refs/remotes/main [3ms]
2024-04-26 07:52:22.995 [info] > git status -z -uall [246ms]
2024-04-26 07:52:25.874 [info] > git show --textconv :ligue1-frontend/src/pages/ShowEquipe/ShowEquipe.js [59ms]
2024-04-26 07:52:25.875 [info] > git ls-files --stage -- /home/louis/ligue1-frontend/src/pages/ShowEquipe/ShowEquipe.js [17ms]
2024-04-26 07:52:25.931 [info] > git cat-file -s c5b833fc7f4a4dd1eb3ea983726320261dda27f2 [5ms]
2024-04-26 07:52:28.093 [info] > git config --get commit.template [45ms]
2024-04-26 07:52:28.094 [info] > git for-each-ref --format=%(refname)%00%(upstream:short)%00%(objectname)%00%(upstream:track)%00%(upstream:remotename)%00%(upstream:remoteref) refs/heads/main refs/remotes/main [3ms]
2024-04-26 07:52:28.412 [info] > git status -z -uall [270ms]
2024-04-26 07:52:33.774 [info] > git config --get commit.template [307ms]
2024-04-26 07:52:33.836 [info] > git for-each-ref --format=%(refname)%00%(upstream:short)%00%(objectname)%00%(upstream:track)%00%(upstream:remotename)%00%(upstream:remoteref) refs/heads/main refs/remotes/main [4ms]
2024-04-26 07:52:34.174 [info] > git status -z -uall [289ms]
2024-04-26 07:52:39.261 [info] > git config --get commit.template [40ms]
2024-04-26 07:52:39.262 [info] > git for-each-ref --format=%(refname)%00%(upstream:short)%00%(objectname)%00%(upstream:track)%00%(upstream:remotename)%00%(upstream:remoteref) refs/heads/main refs/remotes/main [2ms]
2024-04-26 07:52:39.586 [info] > git status -z -uall [280ms]
2024-04-26 07:52:44.706 [info] > git config --get commit.template [66ms]
2024-04-26 07:52:44.711 [info] > git for-each-ref --format=%(refname)%00%(upstream:short)%00%(objectname)%00%(upstream:track)%00%(upstream:remotename)%00%(upstream:remoteref) refs/heads/main refs/remotes/main [5ms]
2024-04-26 07:52:45.188 [info] > git status -z -uall [398ms]
2024-04-26 07:52:49.618 [info] > git show --textconv :ligue1-frontend/src/pages/ShowEquipe/ShowEquipe.css [47ms]
2024-04-26 07:52:49.625 [info] > git ls-files --stage -- /home/louis/ligue1-frontend/src/pages/ShowEquipe/ShowEquipe.css [11ms]
2024-04-26 07:52:49.669 [info] > git cat-file -s 8b899d9be694cb5ce042dee78d29330f61aa25c7 [2ms]
2024-04-26 07:52:50.541 [info] > git config --get commit.template [56ms]
2024-04-26 07:52:50.543 [info] > git for-each-ref --format=%(refname)%00%(upstream:short)%00%(objectname)%00%(upstream:track)%00%(upstream:remotename)%00%(upstream:remoteref) refs/heads/main refs/remotes/main [2ms]
2024-04-26 07:52:51.178 [info] > git status -z -uall [586ms]
2024-04-26 07:52:51.734 [info] > git show --textconv :ligue1-frontend/src/pages/ShowEquipe/ShowEquipe.js [92ms]
2024-04-26 07:52:51.734 [info] > git ls-files --stage -- /home/louis/ligue1-frontend/src/pages/ShowEquipe/ShowEquipe.js [5ms]
2024-04-26 07:52:51.786 [info] > git cat-file -s c5b833fc7f4a4dd1eb3ea983726320261dda27f2 [4ms]
2024-04-26 07:52:56.242 [info] > git config --get commit.template [1ms]
2024-04-26 07:52:56.294 [info] > git for-each-ref --format=%(refname)%00%(upstream:short)%00%(objectname)%00%(upstream:track)%00%(upstream:remotename)%00%(upstream:remoteref) refs/heads/main refs/remotes/main [4ms]
2024-04-26 07:52:56.618 [info] > git status -z -uall [274ms]
2024-04-26 07:53:01.709 [info] > git config --get commit.template [3ms]
2024-04-26 07:53:01.822 [info] > git for-each-ref --format=%(refname)%00%(upstream:short)%00%(objectname)%00%(upstream:track)%00%(upstream:remotename)%00%(upstream:remoteref) refs/heads/main refs/remotes/main [7ms]
2024-04-26 07:53:02.159 [info] > git status -z -uall [290ms]
2024-04-26 07:53:07.257 [info] > git config --get commit.template [45ms]
2024-04-26 07:53:07.258 [info] > git for-each-ref --format=%(refname)%00%(upstream:short)%00%(objectname)%00%(upstream:track)%00%(upstream:remotename)%00%(upstream:remoteref) refs/heads/main refs/remotes/main [2ms]
2024-04-26 07:53:07.577 [info] > git status -z -uall [271ms]
2024-04-26 07:53:12.694 [info] > git for-each-ref --format=%(refname)%00%(upstream:short)%00%(objectname)%00%(upstream:track)%00%(upstream:remotename)%00%(upstream:remoteref) refs/heads/main refs/remotes/main [1ms]
2024-04-26 07:53:12.695 [info] > git config --get commit.template [60ms]
2024-04-26 07:53:13.035 [info] > git status -z -uall [293ms]
2024-04-26 07:53:18.167 [info] > git config --get commit.template [56ms]
2024-04-26 07:53:18.173 [info] > git for-each-ref --format=%(refname)%00%(upstream:short)%00%(objectname)%00%(upstream:track)%00%(upstream:remotename)%00%(upstream:remoteref) refs/heads/main refs/remotes/main [9ms]
2024-04-26 07:53:18.815 [info] > git status -z -uall [592ms]
2024-04-26 07:53:22.392 [info] > git show --textconv :ligue1-frontend/src/pages/ShowEquipe/ShowEquipe.css [47ms]
2024-04-26 07:53:22.403 [info] > git ls-files --stage -- /home/louis/ligue1-frontend/src/pages/ShowEquipe/ShowEquipe.css [14ms]
2024-04-26 07:53:22.453 [info] > git cat-file -s 8b899d9be694cb5ce042dee78d29330f61aa25c7 [2ms]
2024-04-26 07:53:23.951 [info] > git config --get commit.template [42ms]
2024-04-26 07:53:23.953 [info] > git for-each-ref --format=%(refname)%00%(upstream:short)%00%(objectname)%00%(upstream:track)%00%(upstream:remotename)%00%(upstream:remoteref) refs/heads/main refs/remotes/main [3ms]
2024-04-26 07:53:24.241 [info] > git status -z -uall [248ms]
2024-04-26 07:53:29.599 [info] > git config --get commit.template [26ms]
2024-04-26 07:53:29.685 [info] > git for-each-ref --format=%(refname)%00%(upstream:short)%00%(objectname)%00%(upstream:track)%00%(upstream:remotename)%00%(upstream:remoteref) refs/heads/main refs/remotes/main [43ms]
2024-04-26 07:53:30.290 [info] > git status -z -uall [559ms]
2024-04-26 07:54:50.570 [info] > git config --get commit.template [2ms]
2024-04-26 07:54:50.629 [info] > git for-each-ref --format=%(refname)%00%(upstream:short)%00%(objectname)%00%(upstream:track)%00%(upstream:remotename)%00%(upstream:remoteref) refs/heads/main refs/remotes/main [11ms]
2024-04-26 07:54:50.966 [info] > git status -z -uall [285ms]
2024-04-26 07:54:56.062 [info] > git config --get commit.template [46ms]
2024-04-26 07:54:56.066 [info] > git for-each-ref --format=%(refname)%00%(upstream:short)%00%(objectname)%00%(upstream:track)%00%(upstream:remotename)%00%(upstream:remoteref) refs/heads/main refs/remotes/main [5ms]
2024-04-26 07:54:56.373 [info] > git status -z -uall [261ms]
2024-04-26 07:55:01.414 [info] > git show --textconv :ligue1-frontend/src/pages/Equipe/Equipe.css [57ms]
2024-04-26 07:55:01.430 [info] > git ls-files --stage -- /home/louis/ligue1-frontend/src/pages/Equipe/Equipe.css [20ms]
2024-04-26 07:55:01.488 [info] > git cat-file -s 7d3d1e4acccdd2e5245a5329fa0bd9da28cca385 [3ms]
2024-04-26 07:55:01.576 [info] > git config --get commit.template [4ms]
2024-04-26 07:55:01.629 [info] > git for-each-ref --format=%(refname)%00%(upstream:short)%00%(objectname)%00%(upstream:track)%00%(upstream:remotename)%00%(upstream:remoteref) refs/heads/main refs/remotes/main [3ms]
2024-04-26 07:55:01.999 [info] > git status -z -uall [311ms]
2024-04-26 07:55:50.182 [info] > git config --get commit.template [2ms]
2024-04-26 07:55:50.234 [info] > git for-each-ref --format=%(refname)%00%(upstream:short)%00%(objectname)%00%(upstream:track)%00%(upstream:remotename)%00%(upstream:remoteref) refs/heads/main refs/remotes/main [3ms]
2024-04-26 07:55:50.561 [info] > git status -z -uall [276ms]
2024-04-26 07:55:52.909 [info] > git show --textconv :ligue1-frontend/src/pages/Equipe/Equipe.js [275ms]
2024-04-26 07:55:52.945 [info] > git ls-files --stage -- /home/louis/ligue1-frontend/src/pages/Equipe/Equipe.js [78ms]
2024-04-26 07:55:52.998 [info] > git cat-file -s b766d466e6ecfe9e1b2646e34919cc1d372ae819 [7ms]
2024-04-26 07:55:55.669 [info] > git config --get commit.template [49ms]
2024-04-26 07:55:55.671 [info] > git for-each-ref --format=%(refname)%00%(upstream:short)%00%(objectname)%00%(upstream:track)%00%(upstream:remotename)%00%(upstream:remoteref) refs/heads/main refs/remotes/main [3ms]
2024-04-26 07:55:55.985 [info] > git status -z -uall [269ms]
2024-04-26 07:56:01.092 [info] > git config --get commit.template [44ms]
2024-04-26 07:56:01.097 [info] > git for-each-ref --format=%(refname)%00%(upstream:short)%00%(objectname)%00%(upstream:track)%00%(upstream:remotename)%00%(upstream:remoteref) refs/heads/main refs/remotes/main [6ms]
2024-04-26 07:56:01.428 [info] > git status -z -uall [284ms]
2024-04-26 07:56:06.525 [info] > git config --get commit.template [46ms]
2024-04-26 07:56:06.526 [info] > git for-each-ref --format=%(refname)%00%(upstream:short)%00%(objectname)%00%(upstream:track)%00%(upstream:remotename)%00%(upstream:remoteref) refs/heads/main refs/remotes/main [3ms]
2024-04-26 07:56:06.843 [info] > git status -z -uall [272ms]
2024-04-26 07:56:11.950 [info] > git config --get commit.template [52ms]
2024-04-26 07:56:11.952 [info] > git for-each-ref --format=%(refname)%00%(upstream:short)%00%(objectname)%00%(upstream:track)%00%(upstream:remotename)%00%(upstream:remoteref) refs/heads/main refs/remotes/main [4ms]
2024-04-26 07:56:12.295 [info] > git status -z -uall [296ms]
2024-04-26 07:56:17.445 [info] > git config --get commit.template [70ms]
2024-04-26 07:56:17.454 [info] > git for-each-ref --format=%(refname)%00%(upstream:short)%00%(objectname)%00%(upstream:track)%00%(upstream:remotename)%00%(upstream:remoteref) refs/heads/main refs/remotes/main [9ms]
2024-04-26 07:56:17.822 [info] > git status -z -uall [284ms]
2024-04-26 07:56:22.877 [info] > git config --get commit.template [2ms]
2024-04-26 07:56:22.927 [info] > git for-each-ref --format=%(refname)%00%(upstream:short)%00%(objectname)%00%(upstream:track)%00%(upstream:remotename)%00%(upstream:remoteref) refs/heads/main refs/remotes/main [4ms]
2024-04-26 07:56:23.234 [info] > git status -z -uall [258ms]
2024-04-26 07:56:28.327 [info] > git config --get commit.template [43ms]
2024-04-26 07:56:28.328 [info] > git for-each-ref --format=%(refname)%00%(upstream:short)%00%(objectname)%00%(upstream:track)%00%(upstream:remotename)%00%(upstream:remoteref) refs/heads/main refs/remotes/main [3ms]
2024-04-26 07:56:28.664 [info] > git status -z -uall [272ms]
2024-04-26 07:56:33.753 [info] > git config --get commit.template [41ms]
2024-04-26 07:56:33.754 [info] > git for-each-ref --format=%(refname)%00%(upstream:short)%00%(objectname)%00%(upstream:track)%00%(upstream:remotename)%00%(upstream:remoteref) refs/heads/main refs/remotes/main [3ms]
2024-04-26 07:56:34.041 [info] > git status -z -uall [244ms]
2024-04-26 07:56:39.136 [info] > git config --get commit.template [47ms]
2024-04-26 07:56:39.137 [info] > git for-each-ref --format=%(refname)%00%(upstream:short)%00%(objectname)%00%(upstream:track)%00%(upstream:remotename)%00%(upstream:remoteref) refs/heads/main refs/remotes/main [4ms]
2024-04-26 07:56:39.442 [info] > git status -z -uall [263ms]
2024-04-26 07:56:44.531 [info] > git config --get commit.template [43ms]
2024-04-26 07:56:44.532 [info] > git for-each-ref --format=%(refname)%00%(upstream:short)%00%(objectname)%00%(upstream:track)%00%(upstream:remotename)%00%(upstream:remoteref) refs/heads/main refs/remotes/main [5ms]
2024-04-26 07:56:44.808 [info] > git status -z -uall [234ms]
2024-04-26 07:56:49.921 [info] > git config --get commit.template [56ms]
2024-04-26 07:56:49.924 [info] > git for-each-ref --format=%(refname)%00%(upstream:short)%00%(objectname)%00%(upstream:track)%00%(upstream:remotename)%00%(upstream:remoteref) refs/heads/main refs/remotes/main [4ms]
2024-04-26 07:56:50.247 [info] > git status -z -uall [271ms]
2024-04-26 07:56:55.340 [info] > git config --get commit.template [46ms]
2024-04-26 07:56:55.342 [info] > git for-each-ref --format=%(refname)%00%(upstream:short)%00%(objectname)%00%(upstream:track)%00%(upstream:remotename)%00%(upstream:remoteref) refs/heads/main refs/remotes/main [2ms]
2024-04-26 07:56:55.640 [info] > git status -z -uall [254ms]
2024-04-26 07:56:57.460 [info] > git show --textconv :ligue1-frontend/src/pages/ShowEquipe/ShowEquipe.css [142ms]
2024-04-26 07:56:57.462 [info] > git ls-files --stage -- /home/louis/ligue1-frontend/src/pages/ShowEquipe/ShowEquipe.css [97ms]
2024-04-26 07:56:57.512 [info] > git cat-file -s 8b899d9be694cb5ce042dee78d29330f61aa25c7 [3ms]
2024-04-26 07:57:00.748 [info] > git config --get commit.template [50ms]
2024-04-26 07:57:00.749 [info] > git for-each-ref --format=%(refname)%00%(upstream:short)%00%(objectname)%00%(upstream:track)%00%(upstream:remotename)%00%(upstream:remoteref) refs/heads/main refs/remotes/main [4ms]
2024-04-26 07:57:01.068 [info] > git status -z -uall [270ms]
2024-04-26 07:57:03.983 [info] > git show --textconv :ligue1-frontend/src/pages/Equipe/Equipe.css [49ms]
2024-04-26 07:57:03.992 [info] > git ls-files --stage -- /home/louis/ligue1-frontend/src/pages/Equipe/Equipe.css [14ms]
2024-04-26 07:57:04.043 [info] > git cat-file -s 7d3d1e4acccdd2e5245a5329fa0bd9da28cca385 [3ms]
2024-04-26 07:57:06.166 [info] > git config --get commit.template [45ms]
2024-04-26 07:57:06.168 [info] > git for-each-ref --format=%(refname)%00%(upstream:short)%00%(objectname)%00%(upstream:track)%00%(upstream:remotename)%00%(upstream:remoteref) refs/heads/main refs/remotes/main [4ms]
2024-04-26 07:57:06.449 [info] > git status -z -uall [240ms]
2024-04-26 07:57:11.561 [info] > git config --get commit.template [56ms]
2024-04-26 07:57:11.568 [info] > git for-each-ref --format=%(refname)%00%(upstream:short)%00%(objectname)%00%(upstream:track)%00%(upstream:remotename)%00%(upstream:remoteref) refs/heads/main refs/remotes/main [10ms]
2024-04-26 07:57:11.973 [info] > git status -z -uall [360ms]
2024-04-26 07:57:28.201 [info] > git config --get commit.template [44ms]
2024-04-26 07:57:28.202 [info] > git for-each-ref --format=%(refname)%00%(upstream:short)%00%(objectname)%00%(upstream:track)%00%(upstream:remotename)%00%(upstream:remoteref) refs/heads/main refs/remotes/main [3ms]
2024-04-26 07:57:28.513 [info] > git status -z -uall [269ms]
2024-04-26 07:57:33.640 [info] > git config --get commit.template [58ms]
2024-04-26 07:57:33.643 [info] > git for-each-ref --format=%(refname)%00%(upstream:short)%00%(objectname)%00%(upstream:track)%00%(upstream:remotename)%00%(upstream:remoteref) refs/heads/main refs/remotes/main [7ms]
2024-04-26 07:57:34.040 [info] > git status -z -uall [351ms]
2024-04-26 07:57:39.045 [info] > git show --textconv :ligue1-frontend/src/pages/ShowEquipe/ShowEquipe.css [46ms]
2024-04-26 07:57:39.098 [info] > git config --get commit.template [4ms]
2024-04-26 07:57:39.103 [info] > git ls-files --stage -- /home/louis/ligue1-frontend/src/pages/ShowEquipe/ShowEquipe.css [59ms]
2024-04-26 07:57:39.195 [info] > git cat-file -s 8b899d9be694cb5ce042dee78d29330f61aa25c7 [48ms]
2024-04-26 07:57:39.197 [info] > git for-each-ref --format=%(refname)%00%(upstream:short)%00%(objectname)%00%(upstream:track)%00%(upstream:remotename)%00%(upstream:remoteref) refs/heads/main refs/remotes/main [5ms]
2024-04-26 07:57:39.528 [info] > git status -z -uall [289ms]
2024-04-26 07:57:44.622 [info] > git config --get commit.template [43ms]
2024-04-26 07:57:44.624 [info] > git for-each-ref --format=%(refname)%00%(upstream:short)%00%(objectname)%00%(upstream:track)%00%(upstream:remotename)%00%(upstream:remoteref) refs/heads/main refs/remotes/main [4ms]
2024-04-26 07:57:44.956 [info] > git status -z -uall [290ms]
2024-04-26 07:57:50.014 [info] > git config --get commit.template [3ms]
2024-04-26 07:57:50.072 [info] > git for-each-ref --format=%(refname)%00%(upstream:short)%00%(objectname)%00%(upstream:track)%00%(upstream:remotename)%00%(upstream:remoteref) refs/heads/main refs/remotes/main [3ms]
2024-04-26 07:57:51.135 [info] > git status -z -uall [1007ms]
2024-04-26 07:58:01.549 [info] > git config --get commit.template [2ms]
2024-04-26 07:58:01.623 [info] > git for-each-ref --format=%(refname)%00%(upstream:short)%00%(objectname)%00%(upstream:track)%00%(upstream:remotename)%00%(upstream:remoteref) refs/heads/main refs/remotes/main [5ms]
2024-04-26 07:58:02.030 [info] > git status -z -uall [346ms]
2024-04-26 07:58:07.379 [info] > git config --get commit.template [25ms]
2024-04-26 07:58:07.453 [info] > git for-each-ref --format=%(refname)%00%(upstream:short)%00%(objectname)%00%(upstream:track)%00%(upstream:remotename)%00%(upstream:remoteref) refs/heads/main refs/remotes/main [17ms]
2024-04-26 07:58:08.188 [info] > git status -z -uall [663ms]
2024-04-26 07:58:13.307 [info] > git for-each-ref --format=%(refname)%00%(upstream:short)%00%(objectname)%00%(upstream:track)%00%(upstream:remotename)%00%(upstream:remoteref) refs/heads/main refs/remotes/main [2ms]
2024-04-26 07:58:13.308 [info] > git config --get commit.template [60ms]
2024-04-26 07:58:13.707 [info] > git status -z -uall [328ms]
2024-04-26 07:58:29.346 [info] > git config --get commit.template [53ms]
2024-04-26 07:58:29.348 [info] > git for-each-ref --format=%(refname)%00%(upstream:short)%00%(objectname)%00%(upstream:track)%00%(upstream:remotename)%00%(upstream:remoteref) refs/heads/main refs/remotes/main [5ms]
2024-04-26 07:58:29.695 [info] > git status -z -uall [295ms]
2024-04-26 07:58:34.850 [info] > git config --get commit.template [22ms]
2024-04-26 07:58:34.903 [info] > git for-each-ref --format=%(refname)%00%(upstream:short)%00%(objectname)%00%(upstream:track)%00%(upstream:remotename)%00%(upstream:remoteref) refs/heads/main refs/remotes/main [7ms]
2024-04-26 07:58:35.629 [info] > git status -z -uall [671ms]
2024-04-26 07:58:40.743 [info] > git config --get commit.template [60ms]
2024-04-26 07:58:40.744 [info] > git for-each-ref --format=%(refname)%00%(upstream:short)%00%(objectname)%00%(upstream:track)%00%(upstream:remotename)%00%(upstream:remoteref) refs/heads/main refs/remotes/main [4ms]
2024-04-26 07:58:41.075 [info] > git status -z -uall [284ms]
2024-04-26 07:58:46.183 [info] > git config --get commit.template [48ms]
2024-04-26 07:58:46.184 [info] > git for-each-ref --format=%(refname)%00%(upstream:short)%00%(objectname)%00%(upstream:track)%00%(upstream:remotename)%00%(upstream:remoteref) refs/heads/main refs/remotes/main [3ms]
2024-04-26 07:58:46.546 [info] > git status -z -uall [306ms]
2024-04-26 07:58:51.652 [info] > git config --get commit.template [47ms]
2024-04-26 07:58:51.653 [info] > git for-each-ref --format=%(refname)%00%(upstream:short)%00%(objectname)%00%(upstream:track)%00%(upstream:remotename)%00%(upstream:remoteref) refs/heads/main refs/remotes/main [3ms]
2024-04-26 07:58:51.980 [info] > git status -z -uall [279ms]
2024-04-26 07:58:57.088 [info] > git config --get commit.template [45ms]
2024-04-26 07:58:57.089 [info] > git for-each-ref --format=%(refname)%00%(upstream:short)%00%(objectname)%00%(upstream:track)%00%(upstream:remotename)%00%(upstream:remoteref) refs/heads/main refs/remotes/main [3ms]
2024-04-26 07:58:57.392 [info] > git status -z -uall [259ms]
2024-04-26 07:59:02.509 [info] > git config --get commit.template [60ms]
2024-04-26 07:59:02.511 [info] > git for-each-ref --format=%(refname)%00%(upstream:short)%00%(objectname)%00%(upstream:track)%00%(upstream:remotename)%00%(upstream:remoteref) refs/heads/main refs/remotes/main [2ms]
2024-04-26 07:59:02.885 [info] > git status -z -uall [323ms]
2024-04-26 07:59:03.667 [info] > git show --textconv :ligue1-frontend/src/pages/ShowEquipe/ShowEquipe.js [108ms]
2024-04-26 07:59:03.673 [info] > git ls-files --stage -- /home/louis/ligue1-frontend/src/pages/ShowEquipe/ShowEquipe.js [27ms]
2024-04-26 07:59:03.724 [info] > git cat-file -s c5b833fc7f4a4dd1eb3ea983726320261dda27f2 [4ms]
2024-04-26 07:59:07.941 [info] > git config --get commit.template [3ms]
2024-04-26 07:59:07.993 [info] > git for-each-ref --format=%(refname)%00%(upstream:short)%00%(objectname)%00%(upstream:track)%00%(upstream:remotename)%00%(upstream:remoteref) refs/heads/main refs/remotes/main [3ms]
2024-04-26 07:59:08.306 [info] > git status -z -uall [260ms]
2024-04-26 07:59:13.413 [info] > git config --get commit.template [53ms]
2024-04-26 07:59:13.414 [info] > git for-each-ref --format=%(refname)%00%(upstream:short)%00%(objectname)%00%(upstream:track)%00%(upstream:remotename)%00%(upstream:remoteref) refs/heads/main refs/remotes/main [3ms]
2024-04-26 07:59:13.774 [info] > git status -z -uall [308ms]
2024-04-26 07:59:18.890 [info] > git config --get commit.template [50ms]
2024-04-26 07:59:18.891 [info] > git for-each-ref --format=%(refname)%00%(upstream:short)%00%(objectname)%00%(upstream:track)%00%(upstream:remotename)%00%(upstream:remoteref) refs/heads/main refs/remotes/main [3ms]
2024-04-26 07:59:19.210 [info] > git status -z -uall [269ms]
2024-04-26 07:59:21.575 [info] > git show --textconv :ligue1-frontend/src/pages/ShowEquipe/ShowEquipe.css [49ms]
2024-04-26 07:59:21.582 [info] > git ls-files --stage -- /home/louis/ligue1-frontend/src/pages/ShowEquipe/ShowEquipe.css [12ms]
2024-04-26 07:59:21.630 [info] > git cat-file -s 8b899d9be694cb5ce042dee78d29330f61aa25c7 [3ms]
2024-04-26 07:59:24.311 [info] > git config --get commit.template [51ms]
2024-04-26 07:59:24.313 [info] > git for-each-ref --format=%(refname)%00%(upstream:short)%00%(objectname)%00%(upstream:track)%00%(upstream:remotename)%00%(upstream:remoteref) refs/heads/main refs/remotes/main [3ms]
2024-04-26 07:59:24.625 [info] > git status -z -uall [269ms]
2024-04-26 07:59:29.721 [info] > git config --get commit.template [45ms]
2024-04-26 07:59:29.722 [info] > git for-each-ref --format=%(refname)%00%(upstream:short)%00%(objectname)%00%(upstream:track)%00%(upstream:remotename)%00%(upstream:remoteref) refs/heads/main refs/remotes/main [2ms]
2024-04-26 07:59:30.058 [info] > git status -z -uall [288ms]
2024-04-26 08:01:41.265 [info] > git config --get commit.template [51ms]
2024-04-26 08:01:41.266 [info] > git for-each-ref --format=%(refname)%00%(upstream:short)%00%(objectname)%00%(upstream:track)%00%(upstream:remotename)%00%(upstream:remoteref) refs/heads/main refs/remotes/main [4ms]
2024-04-26 08:01:41.602 [info] > git status -z -uall [292ms]
2024-04-26 08:01:45.343 [info] > git show --textconv :ligue1-frontend/src/pages/ResumeVideo/ResumeVideo.css [60ms]
2024-04-26 08:01:45.355 [info] > git ls-files --stage -- /home/louis/ligue1-frontend/src/pages/ResumeVideo/ResumeVideo.css [15ms]
2024-04-26 08:01:45.409 [info] > git cat-file -s 2d22a21098e7436c6e3b09b894ed38aabc37ccfd [2ms]
2024-04-26 08:01:45.909 [info] > git show --textconv :ligue1-frontend/src/pages/ShowEquipe/ShowEquipe.css [58ms]
2024-04-26 08:01:45.924 [info] > git ls-files --stage -- /home/louis/ligue1-frontend/src/pages/ShowEquipe/ShowEquipe.css [20ms]
2024-04-26 08:01:45.986 [info] > git cat-file -s 8b899d9be694cb5ce042dee78d29330f61aa25c7 [4ms]
2024-04-26 08:01:46.712 [info] > git config --get commit.template [49ms]
2024-04-26 08:01:46.713 [info] > git for-each-ref --format=%(refname)%00%(upstream:short)%00%(objectname)%00%(upstream:track)%00%(upstream:remotename)%00%(upstream:remoteref) refs/heads/main refs/remotes/main [5ms]
2024-04-26 08:01:47.163 [info] > git status -z -uall [400ms]
2024-04-26 08:01:47.164 [info] > git show --textconv :ligue1-frontend/src/pages/ShowEquipe/ShowEquipe.js [66ms]
2024-04-26 08:01:47.173 [info] > git ls-files --stage -- /home/louis/ligue1-frontend/src/pages/ShowEquipe/ShowEquipe.js [24ms]
2024-04-26 08:01:47.226 [info] > git cat-file -s c5b833fc7f4a4dd1eb3ea983726320261dda27f2 [7ms]
2024-04-26 08:01:48.242 [info] > git show --textconv :ligue1-frontend/src/pages/Match/Match.js [54ms]
2024-04-26 08:01:48.263 [info] > git ls-files --stage -- /home/louis/ligue1-frontend/src/pages/Match/Match.js [26ms]
2024-04-26 08:01:48.312 [info] > git cat-file -s 60ccd8804e092b22fbe285ca2592615f98b89c68 [2ms]
2024-04-26 08:01:52.270 [info] > git config --get commit.template [52ms]
2024-04-26 08:01:52.288 [info] > git for-each-ref --format=%(refname)%00%(upstream:short)%00%(objectname)%00%(upstream:track)%00%(upstream:remotename)%00%(upstream:remoteref) refs/heads/main refs/remotes/main [19ms]
2024-04-26 08:01:52.627 [info] > git status -z -uall [288ms]
2024-04-26 08:02:30.230 [info] > git config --get commit.template [53ms]
2024-04-26 08:02:30.231 [info] > git for-each-ref --format=%(refname)%00%(upstream:short)%00%(objectname)%00%(upstream:track)%00%(upstream:remotename)%00%(upstream:remoteref) refs/heads/main refs/remotes/main [3ms]
2024-04-26 08:02:30.581 [info] > git status -z -uall [295ms]
2024-04-26 08:02:32.031 [info] > git show --textconv :ligue1-frontend/src/pages/Match/Match.css [55ms]
2024-04-26 08:02:32.041 [info] > git ls-files --stage -- /home/louis/ligue1-frontend/src/pages/Match/Match.css [15ms]
2024-04-26 08:02:32.092 [info] > git cat-file -s d36356abc40b3bee009e4613c362c8142d62e637 [2ms]
2024-04-26 08:03:28.367 [info] > git config --get commit.template [42ms]
2024-04-26 08:03:28.368 [info] > git for-each-ref --format=%(refname)%00%(upstream:short)%00%(objectname)%00%(upstream:track)%00%(upstream:remotename)%00%(upstream:remoteref) refs/heads/main refs/remotes/main [3ms]
2024-04-26 08:03:28.680 [info] > git status -z -uall [269ms]
2024-04-26 08:04:08.144 [info] > git config --get commit.template [50ms]
2024-04-26 08:04:08.147 [info] > git for-each-ref --format=%(refname)%00%(upstream:short)%00%(objectname)%00%(upstream:track)%00%(upstream:remotename)%00%(upstream:remoteref) refs/heads/main refs/remotes/main [4ms]
2024-04-26 08:04:08.456 [info] > git status -z -uall [265ms]
2024-04-26 08:04:13.552 [info] > git config --get commit.template [45ms]
2024-04-26 08:04:13.553 [info] > git for-each-ref --format=%(refname)%00%(upstream:short)%00%(objectname)%00%(upstream:track)%00%(upstream:remotename)%00%(upstream:remoteref) refs/heads/main refs/remotes/main [2ms]
2024-04-26 08:04:13.861 [info] > git status -z -uall [264ms]
2024-04-26 08:04:19.405 [info] > git config --get commit.template [3ms]
2024-04-26 08:04:19.457 [info] > git for-each-ref --format=%(refname)%00%(upstream:short)%00%(objectname)%00%(upstream:track)%00%(upstream:remotename)%00%(upstream:remoteref) refs/heads/main refs/remotes/main [3ms]
2024-04-26 08:04:19.778 [info] > git status -z -uall [267ms]
2024-04-26 08:04:25.411 [info] > git config --get commit.template [3ms]
2024-04-26 08:04:25.457 [info] > git for-each-ref --format=%(refname)%00%(upstream:short)%00%(objectname)%00%(upstream:track)%00%(upstream:remotename)%00%(upstream:remoteref) refs/heads/main refs/remotes/main [3ms]
2024-04-26 08:04:25.760 [info] > git status -z -uall [256ms]
2024-04-26 08:04:38.744 [info] > git config --get commit.template [53ms]
2024-04-26 08:04:38.746 [info] > git for-each-ref --format=%(refname)%00%(upstream:short)%00%(objectname)%00%(upstream:track)%00%(upstream:remotename)%00%(upstream:remoteref) refs/heads/main refs/remotes/main [3ms]
2024-04-26 08:04:39.084 [info] > git status -z -uall [287ms]
2024-04-26 08:04:47.610 [info] > git config --get commit.template [66ms]
2024-04-26 08:04:47.612 [info] > git for-each-ref --format=%(refname)%00%(upstream:short)%00%(objectname)%00%(upstream:track)%00%(upstream:remotename)%00%(upstream:remoteref) refs/heads/main refs/remotes/main [15ms]
2024-04-26 08:04:48.006 [info] > git status -z -uall [344ms]
2024-04-26 08:05:46.227 [info] > git config --get commit.template [47ms]
2024-04-26 08:05:46.228 [info] > git for-each-ref --format=%(refname)%00%(upstream:short)%00%(objectname)%00%(upstream:track)%00%(upstream:remotename)%00%(upstream:remoteref) refs/heads/main refs/remotes/main [3ms]
2024-04-26 08:05:46.642 [info] > git status -z -uall [364ms]
2024-04-26 08:08:27.907 [info] > git config --get commit.template [53ms]
2024-04-26 08:08:27.909 [info] > git for-each-ref --format=%(refname)%00%(upstream:short)%00%(objectname)%00%(upstream:track)%00%(upstream:remotename)%00%(upstream:remoteref) refs/heads/main refs/remotes/main [4ms]
2024-04-26 08:08:28.236 [info] > git status -z -uall [285ms]
2024-04-26 08:08:33.341 [info] > git config --get commit.template [44ms]
2024-04-26 08:08:33.342 [info] > git for-each-ref --format=%(refname)%00%(upstream:short)%00%(objectname)%00%(upstream:track)%00%(upstream:remotename)%00%(upstream:remoteref) refs/heads/main refs/remotes/main [3ms]
2024-04-26 08:08:33.657 [info] > git status -z -uall [266ms]
2024-04-26 08:09:47.565 [info] > git config --get commit.template [2ms]
2024-04-26 08:09:47.614 [info] > git for-each-ref --format=%(refname)%00%(upstream:short)%00%(objectname)%00%(upstream:track)%00%(upstream:remotename)%00%(upstream:remoteref) refs/heads/main refs/remotes/main [3ms]
2024-04-26 08:09:47.948 [info] > git status -z -uall [286ms]
2024-04-26 08:09:53.045 [info] > git config --get commit.template [53ms]
2024-04-26 08:09:53.046 [info] > git for-each-ref --format=%(refname)%00%(upstream:short)%00%(objectname)%00%(upstream:track)%00%(upstream:remotename)%00%(upstream:remoteref) refs/heads/main refs/remotes/main [3ms]
2024-04-26 08:09:53.363 [info] > git status -z -uall [274ms]
2024-04-26 08:10:27.164 [info] > git config --get commit.template [49ms]
2024-04-26 08:10:27.166 [info] > git for-each-ref --format=%(refname)%00%(upstream:short)%00%(objectname)%00%(upstream:track)%00%(upstream:remotename)%00%(upstream:remoteref) refs/heads/main refs/remotes/main [4ms]
2024-04-26 08:10:27.506 [info] > git status -z -uall [290ms]
2024-04-26 08:10:32.601 [info] > git config --get commit.template [48ms]
2024-04-26 08:10:32.603 [info] > git for-each-ref --format=%(refname)%00%(upstream:short)%00%(objectname)%00%(upstream:track)%00%(upstream:remotename)%00%(upstream:remoteref) refs/heads/main refs/remotes/main [4ms]
2024-04-26 08:10:32.940 [info] > git status -z -uall [290ms]
2024-04-26 08:10:38.051 [info] > git config --get commit.template [46ms]
2024-04-26 08:10:38.052 [info] > git for-each-ref --format=%(refname)%00%(upstream:short)%00%(objectname)%00%(upstream:track)%00%(upstream:remotename)%00%(upstream:remoteref) refs/heads/main refs/remotes/main [3ms]
2024-04-26 08:10:38.353 [info] > git status -z -uall [264ms]
2024-04-26 08:10:43.452 [info] > git config --get commit.template [48ms]
2024-04-26 08:10:43.453 [info] > git for-each-ref --format=%(refname)%00%(upstream:short)%00%(objectname)%00%(upstream:track)%00%(upstream:remotename)%00%(upstream:remoteref) refs/heads/main refs/remotes/main [3ms]
2024-04-26 08:10:43.784 [info] > git status -z -uall [286ms]
2024-04-26 08:10:48.886 [info] > git config --get commit.template [45ms]
2024-04-26 08:10:48.889 [info] > git for-each-ref --format=%(refname)%00%(upstream:short)%00%(objectname)%00%(upstream:track)%00%(upstream:remotename)%00%(upstream:remoteref) refs/heads/main refs/remotes/main [5ms]
2024-04-26 08:10:49.213 [info] > git status -z -uall [278ms]
2024-04-26 08:11:13.565 [info] > git config --get commit.template [49ms]
2024-04-26 08:11:13.567 [info] > git for-each-ref --format=%(refname)%00%(upstream:short)%00%(objectname)%00%(upstream:track)%00%(upstream:remotename)%00%(upstream:remoteref) refs/heads/main refs/remotes/main [3ms]
2024-04-26 08:11:13.939 [info] > git status -z -uall [327ms]
2024-04-26 08:11:19.044 [info] > git config --get commit.template [50ms]
2024-04-26 08:11:19.045 [info] > git for-each-ref --format=%(refname)%00%(upstream:short)%00%(objectname)%00%(upstream:track)%00%(upstream:remotename)%00%(upstream:remoteref) refs/heads/main refs/remotes/main [3ms]
2024-04-26 08:11:19.400 [info] > git status -z -uall [309ms]
2024-04-26 08:11:33.148 [info] > git config --get commit.template [44ms]
2024-04-26 08:11:33.149 [info] > git for-each-ref --format=%(refname)%00%(upstream:short)%00%(objectname)%00%(upstream:track)%00%(upstream:remotename)%00%(upstream:remoteref) refs/heads/main refs/remotes/main [3ms]
2024-04-26 08:11:33.455 [info] > git status -z -uall [266ms]
2024-04-26 08:11:38.560 [info] > git config --get commit.template [45ms]
2024-04-26 08:11:38.562 [info] > git for-each-ref --format=%(refname)%00%(upstream:short)%00%(objectname)%00%(upstream:track)%00%(upstream:remotename)%00%(upstream:remoteref) refs/heads/main refs/remotes/main [3ms]
2024-04-26 08:11:38.867 [info] > git status -z -uall [261ms]
2024-04-26 08:11:43.964 [info] > git config --get commit.template [43ms]
2024-04-26 08:11:43.965 [info] > git for-each-ref --format=%(refname)%00%(upstream:short)%00%(objectname)%00%(upstream:track)%00%(upstream:remotename)%00%(upstream:remoteref) refs/heads/main refs/remotes/main [3ms]
2024-04-26 08:11:44.252 [info] > git status -z -uall [244ms]
2024-04-26 08:11:49.356 [info] > git config --get commit.template [50ms]
2024-04-26 08:11:49.357 [info] > git for-each-ref --format=%(refname)%00%(upstream:short)%00%(objectname)%00%(upstream:track)%00%(upstream:remotename)%00%(upstream:remoteref) refs/heads/main refs/remotes/main [3ms]
2024-04-26 08:11:49.691 [info] > git status -z -uall [286ms]
2024-04-26 08:12:58.228 [info] > git config --get commit.template [47ms]
2024-04-26 08:12:58.229 [info] > git for-each-ref --format=%(refname)%00%(upstream:short)%00%(objectname)%00%(upstream:track)%00%(upstream:remotename)%00%(upstream:remoteref) refs/heads/main refs/remotes/main [3ms]
2024-04-26 08:12:58.564 [info] > git status -z -uall [291ms]
2024-04-26 08:13:31.951 [info] > git config --get commit.template [45ms]
2024-04-26 08:13:31.952 [info] > git for-each-ref --format=%(refname)%00%(upstream:short)%00%(objectname)%00%(upstream:track)%00%(upstream:remotename)%00%(upstream:remoteref) refs/heads/main refs/remotes/main [2ms]
2024-04-26 08:13:32.267 [info] > git status -z -uall [275ms]
2024-04-26 08:13:45.788 [info] > git config --get commit.template [2ms]
2024-04-26 08:13:45.836 [info] > git for-each-ref --format=%(refname)%00%(upstream:short)%00%(objectname)%00%(upstream:track)%00%(upstream:remotename)%00%(upstream:remoteref) refs/heads/main refs/remotes/main [3ms]
2024-04-26 08:13:46.169 [info] > git status -z -uall [289ms]
2024-04-26 08:14:00.417 [info] > git config --get commit.template [47ms]
2024-04-26 08:14:00.418 [info] > git for-each-ref --format=%(refname)%00%(upstream:short)%00%(objectname)%00%(upstream:track)%00%(upstream:remotename)%00%(upstream:remoteref) refs/heads/main refs/remotes/main [3ms]
2024-04-26 08:14:00.713 [info] > git status -z -uall [250ms]
2024-04-26 08:14:08.850 [info] > git config --get commit.template [45ms]
2024-04-26 08:14:08.852 [info] > git for-each-ref --format=%(refname)%00%(upstream:short)%00%(objectname)%00%(upstream:track)%00%(upstream:remotename)%00%(upstream:remoteref) refs/heads/main refs/remotes/main [4ms]
2024-04-26 08:14:09.189 [info] > git status -z -uall [290ms]
2024-04-26 08:14:17.884 [info] > git config --get commit.template [46ms]
2024-04-26 08:14:17.886 [info] > git for-each-ref --format=%(refname)%00%(upstream:short)%00%(objectname)%00%(upstream:track)%00%(upstream:remotename)%00%(upstream:remoteref) refs/heads/main refs/remotes/main [3ms]
2024-04-26 08:14:18.216 [info] > git status -z -uall [282ms]
2024-04-26 08:14:23.340 [info] > git config --get commit.template [52ms]
2024-04-26 08:14:23.344 [info] > git for-each-ref --format=%(refname)%00%(upstream:short)%00%(objectname)%00%(upstream:track)%00%(upstream:remotename)%00%(upstream:remoteref) refs/heads/main refs/remotes/main [5ms]
2024-04-26 08:14:23.667 [info] > git status -z -uall [277ms]
2024-04-26 08:14:28.771 [info] > git config --get commit.template [53ms]
2024-04-26 08:14:28.773 [info] > git for-each-ref --format=%(refname)%00%(upstream:short)%00%(objectname)%00%(upstream:track)%00%(upstream:remotename)%00%(upstream:remoteref) refs/heads/main refs/remotes/main [4ms]
2024-04-26 08:14:29.096 [info] > git status -z -uall [277ms]
2024-04-26 08:14:34.141 [info] > git config --get commit.template [2ms]
2024-04-26 08:14:34.189 [info] > git for-each-ref --format=%(refname)%00%(upstream:short)%00%(objectname)%00%(upstream:track)%00%(upstream:remotename)%00%(upstream:remoteref) refs/heads/main refs/remotes/main [3ms]
2024-04-26 08:14:34.472 [info] > git status -z -uall [245ms]
2024-04-26 08:14:39.562 [info] > git config --get commit.template [40ms]
2024-04-26 08:14:39.563 [info] > git for-each-ref --format=%(refname)%00%(upstream:short)%00%(objectname)%00%(upstream:track)%00%(upstream:remotename)%00%(upstream:remoteref) refs/heads/main refs/remotes/main [3ms]
2024-04-26 08:14:39.861 [info] > git status -z -uall [249ms]
2024-04-26 08:14:45.148 [info] > git config --get commit.template [4ms]
2024-04-26 08:14:45.201 [info] > git for-each-ref --format=%(refname)%00%(upstream:short)%00%(objectname)%00%(upstream:track)%00%(upstream:remotename)%00%(upstream:remoteref) refs/heads/main refs/remotes/main [4ms]
2024-04-26 08:14:45.519 [info] > git status -z -uall [268ms]
2024-04-26 08:14:50.613 [info] > git config --get commit.template [39ms]
2024-04-26 08:14:50.614 [info] > git for-each-ref --format=%(refname)%00%(upstream:short)%00%(objectname)%00%(upstream:track)%00%(upstream:remotename)%00%(upstream:remoteref) refs/heads/main refs/remotes/main [3ms]
2024-04-26 08:14:50.906 [info] > git status -z -uall [251ms]
2024-04-26 08:15:16.729 [info] > git config --get commit.template [46ms]
2024-04-26 08:15:16.730 [info] > git for-each-ref --format=%(refname)%00%(upstream:short)%00%(objectname)%00%(upstream:track)%00%(upstream:remotename)%00%(upstream:remoteref) refs/heads/main refs/remotes/main [2ms]
2024-04-26 08:15:17.021 [info] > git status -z -uall [251ms]
2024-04-26 08:15:22.122 [info] > git config --get commit.template [44ms]
2024-04-26 08:15:22.123 [info] > git for-each-ref --format=%(refname)%00%(upstream:short)%00%(objectname)%00%(upstream:track)%00%(upstream:remotename)%00%(upstream:remoteref) refs/heads/main refs/remotes/main [3ms]
2024-04-26 08:15:22.453 [info] > git status -z -uall [282ms]
2024-04-26 08:15:23.816 [info] > git check-ignore -v -z --stdin [16ms]
2024-04-26 08:15:24.546 [info] > git show --textconv :ligue1-frontend/src/pages/HomePage/HomePage.css [53ms]
2024-04-26 08:15:24.555 [info] > git ls-files --stage -- /home/louis/ligue1-frontend/src/pages/HomePage/HomePage.css [13ms]
2024-04-26 08:15:24.600 [info] > git cat-file -s 93dd83022765d534045f4d0292d4c62389b18dd6 [3ms]
2024-04-26 08:15:27.574 [info] > git config --get commit.template [55ms]
2024-04-26 08:15:27.575 [info] > git for-each-ref --format=%(refname)%00%(upstream:short)%00%(objectname)%00%(upstream:track)%00%(upstream:remotename)%00%(upstream:remoteref) refs/heads/main refs/remotes/main [3ms]
2024-04-26 08:15:27.907 [info] > git status -z -uall [282ms]
2024-04-26 08:15:30.996 [info] > git show --textconv :ligue1-frontend/src/pages/Match/Match.css [58ms]
2024-04-26 08:15:31.026 [info] > git ls-files --stage -- /home/louis/ligue1-frontend/src/pages/Match/Match.css [36ms]
2024-04-26 08:15:31.073 [info] > git cat-file -s d36356abc40b3bee009e4613c362c8142d62e637 [2ms]
2024-04-26 08:15:33.286 [info] > git config --get commit.template [69ms]
2024-04-26 08:15:33.287 [info] > git for-each-ref --format=%(refname)%00%(upstream:short)%00%(objectname)%00%(upstream:track)%00%(upstream:remotename)%00%(upstream:remoteref) refs/heads/main refs/remotes/main [14ms]
2024-04-26 08:15:34.002 [info] > git status -z -uall [661ms]
2024-04-26 08:15:52.440 [info] > git config --get commit.template [46ms]
2024-04-26 08:15:52.443 [info] > git for-each-ref --format=%(refname)%00%(upstream:short)%00%(objectname)%00%(upstream:track)%00%(upstream:remotename)%00%(upstream:remoteref) refs/heads/main refs/remotes/main [5ms]
2024-04-26 08:15:52.761 [info] > git status -z -uall [271ms]
2024-04-26 08:15:57.856 [info] > git config --get commit.template [48ms]
2024-04-26 08:15:57.857 [info] > git for-each-ref --format=%(refname)%00%(upstream:short)%00%(objectname)%00%(upstream:track)%00%(upstream:remotename)%00%(upstream:remoteref) refs/heads/main refs/remotes/main [3ms]
2024-04-26 08:15:58.162 [info] > git status -z -uall [258ms]
2024-04-26 08:16:03.267 [info] > git config --get commit.template [46ms]
2024-04-26 08:16:03.268 [info] > git for-each-ref --format=%(refname)%00%(upstream:short)%00%(objectname)%00%(upstream:track)%00%(upstream:remotename)%00%(upstream:remoteref) refs/heads/main refs/remotes/main [3ms]
2024-04-26 08:16:03.616 [info] > git status -z -uall [299ms]
2024-04-26 08:16:11.932 [info] > git config --get commit.template [49ms]
2024-04-26 08:16:11.933 [info] > git for-each-ref --format=%(refname)%00%(upstream:short)%00%(objectname)%00%(upstream:track)%00%(upstream:remotename)%00%(upstream:remoteref) refs/heads/main refs/remotes/main [3ms]
2024-04-26 08:16:12.296 [info] > git status -z -uall [302ms]
2024-04-26 08:16:16.158 [info] > git show --textconv :ligue1-frontend/src/pages/HomePage/HomePage.css [54ms]
2024-04-26 08:16:16.164 [info] > git ls-files --stage -- /home/louis/ligue1-frontend/src/pages/HomePage/HomePage.css [14ms]
2024-04-26 08:16:16.208 [info] > git cat-file -s 93dd83022765d534045f4d0292d4c62389b18dd6 [2ms]
2024-04-26 08:16:17.387 [info] > git config --get commit.template [41ms]
2024-04-26 08:16:17.388 [info] > git for-each-ref --format=%(refname)%00%(upstream:short)%00%(objectname)%00%(upstream:track)%00%(upstream:remotename)%00%(upstream:remoteref) refs/heads/main refs/remotes/main [3ms]
2024-04-26 08:16:17.668 [info] > git status -z -uall [237ms]
2024-04-26 08:16:22.723 [info] > git config --get commit.template [2ms]
2024-04-26 08:16:22.773 [info] > git for-each-ref --format=%(refname)%00%(upstream:short)%00%(objectname)%00%(upstream:track)%00%(upstream:remotename)%00%(upstream:remoteref) refs/heads/main refs/remotes/main [3ms]
2024-04-26 08:16:23.107 [info] > git status -z -uall [294ms]
2024-04-26 08:16:28.162 [info] > git config --get commit.template [2ms]
2024-04-26 08:16:28.208 [info] > git for-each-ref --format=%(refname)%00%(upstream:short)%00%(objectname)%00%(upstream:track)%00%(upstream:remotename)%00%(upstream:remoteref) refs/heads/main refs/remotes/main [3ms]
2024-04-26 08:16:28.508 [info] > git status -z -uall [254ms]
2024-04-26 08:16:30.401 [info] > git show --textconv :ligue1-frontend/src/pages/Match/Match.css [54ms]
2024-04-26 08:16:30.416 [info] > git ls-files --stage -- /home/louis/ligue1-frontend/src/pages/Match/Match.css [19ms]
2024-04-26 08:16:30.470 [info] > git cat-file -s d36356abc40b3bee009e4613c362c8142d62e637 [3ms]
2024-04-26 08:17:38.792 [info] > git config --get commit.template [4ms]
2024-04-26 08:17:38.845 [info] > git for-each-ref --format=%(refname)%00%(upstream:short)%00%(objectname)%00%(upstream:track)%00%(upstream:remotename)%00%(upstream:remoteref) refs/heads/main refs/remotes/main [4ms]
2024-04-26 08:17:39.197 [info] > git status -z -uall [296ms]
2024-04-26 08:18:00.301 [info] > git config --get commit.template [47ms]
2024-04-26 08:18:00.303 [info] > git for-each-ref --format=%(refname)%00%(upstream:short)%00%(objectname)%00%(upstream:track)%00%(upstream:remotename)%00%(upstream:remoteref) refs/heads/main refs/remotes/main [4ms]
2024-04-26 08:18:00.625 [info] > git status -z -uall [275ms]
2024-04-26 08:18:05.722 [info] > git config --get commit.template [49ms]
2024-04-26 08:18:05.723 [info] > git for-each-ref --format=%(refname)%00%(upstream:short)%00%(objectname)%00%(upstream:track)%00%(upstream:remotename)%00%(upstream:remoteref) refs/heads/main refs/remotes/main [2ms]
2024-04-26 08:18:06.044 [info] > git status -z -uall [274ms]
2024-04-26 08:19:00.164 [info] > git config --get commit.template [52ms]
2024-04-26 08:19:00.166 [info] > git for-each-ref --format=%(refname)%00%(upstream:short)%00%(objectname)%00%(upstream:track)%00%(upstream:remotename)%00%(upstream:remoteref) refs/heads/main refs/remotes/main [3ms]
2024-04-26 08:19:00.507 [info] > git status -z -uall [287ms]
2024-04-26 08:19:18.378 [info] > git config --get commit.template [44ms]
2024-04-26 08:19:18.379 [info] > git for-each-ref --format=%(refname)%00%(upstream:short)%00%(objectname)%00%(upstream:track)%00%(upstream:remotename)%00%(upstream:remoteref) refs/heads/main refs/remotes/main [3ms]
2024-04-26 08:19:18.692 [info] > git status -z -uall [265ms]
2024-04-26 08:19:26.603 [info] > git config --get commit.template [39ms]
2024-04-26 08:19:26.605 [info] > git for-each-ref --format=%(refname)%00%(upstream:short)%00%(objectname)%00%(upstream:track)%00%(upstream:remotename)%00%(upstream:remoteref) refs/heads/main refs/remotes/main [4ms]
2024-04-26 08:19:26.924 [info] > git status -z -uall [275ms]
2024-04-26 08:20:10.289 [info] > git config --get commit.template [57ms]
2024-04-26 08:20:10.290 [info] > git for-each-ref --format=%(refname)%00%(upstream:short)%00%(objectname)%00%(upstream:track)%00%(upstream:remotename)%00%(upstream:remoteref) refs/heads/main refs/remotes/main [4ms]
2024-04-26 08:20:10.649 [info] > git status -z -uall [299ms]
2024-04-26 08:20:42.676 [info] > git config --get commit.template [49ms]
2024-04-26 08:20:42.677 [info] > git for-each-ref --format=%(refname)%00%(upstream:short)%00%(objectname)%00%(upstream:track)%00%(upstream:remotename)%00%(upstream:remoteref) refs/heads/main refs/remotes/main [4ms]
2024-04-26 08:20:43.014 [info] > git status -z -uall [289ms]
2024-04-26 08:20:56.344 [info] > git config --get commit.template [1ms]
2024-04-26 08:20:56.396 [info] > git for-each-ref --format=%(refname)%00%(upstream:short)%00%(objectname)%00%(upstream:track)%00%(upstream:remotename)%00%(upstream:remoteref) refs/heads/main refs/remotes/main [3ms]
2024-04-26 08:20:56.772 [info] > git status -z -uall [324ms]
2024-04-26 08:23:57.709 [info] > git config --get commit.template [39ms]
2024-04-26 08:23:57.710 [info] > git for-each-ref --format=%(refname)%00%(upstream:short)%00%(objectname)%00%(upstream:track)%00%(upstream:remotename)%00%(upstream:remoteref) refs/heads/main refs/remotes/main [4ms]
2024-04-26 08:23:58.002 [info] > git status -z -uall [251ms]
2024-04-26 08:24:11.020 [info] > git config --get commit.template [44ms]
2024-04-26 08:24:11.021 [info] > git for-each-ref --format=%(refname)%00%(upstream:short)%00%(objectname)%00%(upstream:track)%00%(upstream:remotename)%00%(upstream:remoteref) refs/heads/main refs/remotes/main [3ms]
2024-04-26 08:24:11.359 [info] > git status -z -uall [277ms]
2024-04-26 08:24:58.904 [info] > git config --get commit.template [56ms]
2024-04-26 08:24:58.905 [info] > git for-each-ref --format=%(refname)%00%(upstream:short)%00%(objectname)%00%(upstream:track)%00%(upstream:remotename)%00%(upstream:remoteref) refs/heads/main refs/remotes/main [3ms]
2024-04-26 08:24:59.262 [info] > git status -z -uall [298ms]
2024-04-26 08:25:04.366 [info] > git config --get commit.template [48ms]
2024-04-26 08:25:04.370 [info] > git for-each-ref --format=%(refname)%00%(upstream:short)%00%(objectname)%00%(upstream:track)%00%(upstream:remotename)%00%(upstream:remoteref) refs/heads/main refs/remotes/main [5ms]
2024-04-26 08:25:04.708 [info] > git status -z -uall [295ms]
2024-04-26 08:25:09.773 [info] > git config --get commit.template [3ms]
2024-04-26 08:25:09.835 [info] > git for-each-ref --format=%(refname)%00%(upstream:short)%00%(objectname)%00%(upstream:track)%00%(upstream:remotename)%00%(upstream:remoteref) refs/heads/main refs/remotes/main [4ms]
2024-04-26 08:25:10.190 [info] > git status -z -uall [305ms]
2024-04-26 08:25:15.266 [info] > git config --get commit.template [9ms]
2024-04-26 08:25:15.322 [info] > git for-each-ref --format=%(refname)%00%(upstream:short)%00%(objectname)%00%(upstream:track)%00%(upstream:remotename)%00%(upstream:remoteref) refs/heads/main refs/remotes/main [3ms]
2024-04-26 08:25:15.675 [info] > git status -z -uall [297ms]
2024-04-26 08:25:20.736 [info] > git config --get commit.template [8ms]
2024-04-26 08:25:20.795 [info] > git for-each-ref --format=%(refname)%00%(upstream:short)%00%(objectname)%00%(upstream:track)%00%(upstream:remotename)%00%(upstream:remoteref) refs/heads/main refs/remotes/main [13ms]
2024-04-26 08:25:21.186 [info] > git status -z -uall [310ms]
2024-04-26 08:25:26.309 [info] > git config --get commit.template [56ms]
2024-04-26 08:25:26.310 [info] > git for-each-ref --format=%(refname)%00%(upstream:short)%00%(objectname)%00%(upstream:track)%00%(upstream:remotename)%00%(upstream:remoteref) refs/heads/main refs/remotes/main [5ms]
2024-04-26 08:25:26.684 [info] > git status -z -uall [318ms]
2024-04-26 08:25:31.742 [info] > git config --get commit.template [2ms]
2024-04-26 08:25:31.794 [info] > git for-each-ref --format=%(refname)%00%(upstream:short)%00%(objectname)%00%(upstream:track)%00%(upstream:remotename)%00%(upstream:remoteref) refs/heads/main refs/remotes/main [3ms]
2024-04-26 08:25:32.156 [info] > git status -z -uall [306ms]
2024-04-26 08:25:40.109 [info] > git config --get commit.template [10ms]
2024-04-26 08:25:40.161 [info] > git for-each-ref --format=%(refname)%00%(upstream:short)%00%(objectname)%00%(upstream:track)%00%(upstream:remotename)%00%(upstream:remoteref) refs/heads/main refs/remotes/main [3ms]
2024-04-26 08:25:40.491 [info] > git status -z -uall [281ms]
2024-04-26 08:25:45.605 [info] > git config --get commit.template [52ms]
2024-04-26 08:25:45.606 [info] > git for-each-ref --format=%(refname)%00%(upstream:short)%00%(objectname)%00%(upstream:track)%00%(upstream:remotename)%00%(upstream:remoteref) refs/heads/main refs/remotes/main [3ms]
2024-04-26 08:25:46.060 [info] > git status -z -uall [400ms]
2024-04-26 08:25:51.179 [info] > git config --get commit.template [54ms]
2024-04-26 08:25:51.180 [info] > git for-each-ref --format=%(refname)%00%(upstream:short)%00%(objectname)%00%(upstream:track)%00%(upstream:remotename)%00%(upstream:remoteref) refs/heads/main refs/remotes/main [4ms]
2024-04-26 08:25:51.548 [info] > git status -z -uall [319ms]
2024-04-26 08:25:56.688 [info] > git config --get commit.template [52ms]
2024-04-26 08:25:56.689 [info] > git for-each-ref --format=%(refname)%00%(upstream:short)%00%(objectname)%00%(upstream:track)%00%(upstream:remotename)%00%(upstream:remoteref) refs/heads/main refs/remotes/main [5ms]
2024-04-26 08:25:57.016 [info] > git status -z -uall [279ms]
2024-04-26 08:26:02.101 [info] > git config --get commit.template [2ms]
2024-04-26 08:26:02.164 [info] > git for-each-ref --format=%(refname)%00%(upstream:short)%00%(objectname)%00%(upstream:track)%00%(upstream:remotename)%00%(upstream:remoteref) refs/heads/main refs/remotes/main [7ms]
2024-04-26 08:26:02.522 [info] > git status -z -uall [297ms]
2024-04-26 08:26:07.598 [info] > git config --get commit.template [1ms]
2024-04-26 08:26:07.672 [info] > git for-each-ref --format=%(refname)%00%(upstream:short)%00%(objectname)%00%(upstream:track)%00%(upstream:remotename)%00%(upstream:remoteref) refs/heads/main refs/remotes/main [20ms]
2024-04-26 08:26:08.040 [info] > git status -z -uall [312ms]
2024-04-26 08:26:13.165 [info] > git for-each-ref --format=%(refname)%00%(upstream:short)%00%(objectname)%00%(upstream:track)%00%(upstream:remotename)%00%(upstream:remoteref) refs/heads/main refs/remotes/main [4ms]
2024-04-26 08:26:13.166 [info] > git config --get commit.template [59ms]
2024-04-26 08:26:13.528 [info] > git status -z -uall [308ms]
2024-04-26 08:28:26.721 [info] > git config --get commit.template [57ms]
2024-04-26 08:28:26.723 [info] > git for-each-ref --format=%(refname)%00%(upstream:short)%00%(objectname)%00%(upstream:track)%00%(upstream:remotename)%00%(upstream:remoteref) refs/heads/main refs/remotes/main [3ms]
2024-04-26 08:28:27.105 [info] > git status -z -uall [324ms]
2024-04-26 08:28:32.214 [info] > git config --get commit.template [50ms]
2024-04-26 08:28:32.216 [info] > git for-each-ref --format=%(refname)%00%(upstream:short)%00%(objectname)%00%(upstream:track)%00%(upstream:remotename)%00%(upstream:remoteref) refs/heads/main refs/remotes/main [3ms]
2024-04-26 08:28:32.546 [info] > git status -z -uall [281ms]
2024-04-26 08:28:37.643 [info] > git config --get commit.template [44ms]
2024-04-26 08:28:37.644 [info] > git for-each-ref --format=%(refname)%00%(upstream:short)%00%(objectname)%00%(upstream:track)%00%(upstream:remotename)%00%(upstream:remoteref) refs/heads/main refs/remotes/main [3ms]
2024-04-26 08:28:37.959 [info] > git status -z -uall [266ms]
2024-04-26 08:28:43.018 [info] > git config --get commit.template [2ms]
2024-04-26 08:28:43.067 [info] > git for-each-ref --format=%(refname)%00%(upstream:short)%00%(objectname)%00%(upstream:track)%00%(upstream:remotename)%00%(upstream:remoteref) refs/heads/main refs/remotes/main [3ms]
2024-04-26 08:28:43.389 [info] > git status -z -uall [277ms]
2024-04-26 08:28:48.496 [info] > git config --get commit.template [48ms]
2024-04-26 08:28:48.498 [info] > git for-each-ref --format=%(refname)%00%(upstream:short)%00%(objectname)%00%(upstream:track)%00%(upstream:remotename)%00%(upstream:remoteref) refs/heads/main refs/remotes/main [2ms]
2024-04-26 08:28:48.825 [info] > git status -z -uall [283ms]
2024-04-26 08:28:53.881 [info] > git config --get commit.template [1ms]
2024-04-26 08:28:53.925 [info] > git for-each-ref --format=%(refname)%00%(upstream:short)%00%(objectname)%00%(upstream:track)%00%(upstream:remotename)%00%(upstream:remoteref) refs/heads/main refs/remotes/main [3ms]
2024-04-26 08:28:54.251 [info] > git status -z -uall [283ms]
2024-04-26 08:28:59.359 [info] > git config --get commit.template [49ms]
2024-04-26 08:28:59.360 [info] > git for-each-ref --format=%(refname)%00%(upstream:short)%00%(objectname)%00%(upstream:track)%00%(upstream:remotename)%00%(upstream:remoteref) refs/heads/main refs/remotes/main [3ms]
2024-04-26 08:28:59.669 [info] > git status -z -uall [262ms]
2024-04-26 08:29:04.734 [info] > git config --get commit.template [2ms]
2024-04-26 08:29:04.792 [info] > git for-each-ref --format=%(refname)%00%(upstream:short)%00%(objectname)%00%(upstream:track)%00%(upstream:remotename)%00%(upstream:remoteref) refs/heads/main refs/remotes/main [3ms]
2024-04-26 08:29:05.170 [info] > git status -z -uall [320ms]
2024-04-26 08:29:10.293 [info] > git config --get commit.template [48ms]
2024-04-26 08:29:10.295 [info] > git for-each-ref --format=%(refname)%00%(upstream:short)%00%(objectname)%00%(upstream:track)%00%(upstream:remotename)%00%(upstream:remoteref) refs/heads/main refs/remotes/main [2ms]
2024-04-26 08:29:10.629 [info] > git status -z -uall [280ms]
2024-04-26 08:29:15.728 [info] > git config --get commit.template [46ms]
2024-04-26 08:29:15.729 [info] > git for-each-ref --format=%(refname)%00%(upstream:short)%00%(objectname)%00%(upstream:track)%00%(upstream:remotename)%00%(upstream:remoteref) refs/heads/main refs/remotes/main [2ms]
2024-04-26 08:29:16.036 [info] > git status -z -uall [264ms]
2024-04-26 08:29:21.141 [info] > git config --get commit.template [50ms]
2024-04-26 08:29:21.143 [info] > git for-each-ref --format=%(refname)%00%(upstream:short)%00%(objectname)%00%(upstream:track)%00%(upstream:remotename)%00%(upstream:remoteref) refs/heads/main refs/remotes/main [2ms]
2024-04-26 08:29:21.473 [info] > git status -z -uall [286ms]
2024-04-26 08:29:26.585 [info] > git config --get commit.template [52ms]
2024-04-26 08:29:26.586 [info] > git for-each-ref --format=%(refname)%00%(upstream:short)%00%(objectname)%00%(upstream:track)%00%(upstream:remotename)%00%(upstream:remoteref) refs/heads/main refs/remotes/main [2ms]
2024-04-26 08:29:26.912 [info] > git status -z -uall [279ms]
2024-04-26 08:29:32.022 [info] > git config --get commit.template [50ms]
2024-04-26 08:29:32.024 [info] > git for-each-ref --format=%(refname)%00%(upstream:short)%00%(objectname)%00%(upstream:track)%00%(upstream:remotename)%00%(upstream:remoteref) refs/heads/main refs/remotes/main [3ms]
2024-04-26 08:29:32.325 [info] > git status -z -uall [252ms]
2024-04-26 08:29:37.388 [info] > git config --get commit.template [2ms]
2024-04-26 08:29:37.444 [info] > git for-each-ref --format=%(refname)%00%(upstream:short)%00%(objectname)%00%(upstream:track)%00%(upstream:remotename)%00%(upstream:remoteref) refs/heads/main refs/remotes/main [9ms]
2024-04-26 08:29:37.747 [info] > git status -z -uall [257ms]
2024-04-26 08:29:42.846 [info] > git config --get commit.template [52ms]
2024-04-26 08:29:42.847 [info] > git for-each-ref --format=%(refname)%00%(upstream:short)%00%(objectname)%00%(upstream:track)%00%(upstream:remotename)%00%(upstream:remoteref) refs/heads/main refs/remotes/main [6ms]
2024-04-26 08:29:43.174 [info] > git status -z -uall [281ms]
2024-04-26 08:29:48.269 [info] > git config --get commit.template [45ms]
2024-04-26 08:29:48.270 [info] > git for-each-ref --format=%(refname)%00%(upstream:short)%00%(objectname)%00%(upstream:track)%00%(upstream:remotename)%00%(upstream:remoteref) refs/heads/main refs/remotes/main [3ms]
2024-04-26 08:29:48.582 [info] > git status -z -uall [269ms]
2024-04-26 08:29:53.685 [info] > git config --get commit.template [47ms]
2024-04-26 08:29:53.686 [info] > git for-each-ref --format=%(refname)%00%(upstream:short)%00%(objectname)%00%(upstream:track)%00%(upstream:remotename)%00%(upstream:remoteref) refs/heads/main refs/remotes/main [2ms]
2024-04-26 08:29:54.020 [info] > git status -z -uall [286ms]
2024-04-26 08:29:59.126 [info] > git config --get commit.template [44ms]
2024-04-26 08:29:59.127 [info] > git for-each-ref --format=%(refname)%00%(upstream:short)%00%(objectname)%00%(upstream:track)%00%(upstream:remotename)%00%(upstream:remoteref) refs/heads/main refs/remotes/main [2ms]
2024-04-26 08:29:59.442 [info] > git status -z -uall [266ms]
2024-04-26 08:30:04.547 [info] > git config --get commit.template [50ms]
2024-04-26 08:30:04.548 [info] > git for-each-ref --format=%(refname)%00%(upstream:short)%00%(objectname)%00%(upstream:track)%00%(upstream:remotename)%00%(upstream:remoteref) refs/heads/main refs/remotes/main [3ms]
2024-04-26 08:30:04.874 [info] > git status -z -uall [280ms]
2024-04-26 08:30:09.983 [info] > git config --get commit.template [51ms]
2024-04-26 08:30:09.984 [info] > git for-each-ref --format=%(refname)%00%(upstream:short)%00%(objectname)%00%(upstream:track)%00%(upstream:remotename)%00%(upstream:remoteref) refs/heads/main refs/remotes/main [4ms]
2024-04-26 08:30:10.304 [info] > git status -z -uall [272ms]
2024-04-26 08:30:15.408 [info] > git config --get commit.template [48ms]
2024-04-26 08:30:15.410 [info] > git for-each-ref --format=%(refname)%00%(upstream:short)%00%(objectname)%00%(upstream:track)%00%(upstream:remotename)%00%(upstream:remoteref) refs/heads/main refs/remotes/main [3ms]
2024-04-26 08:30:15.730 [info] > git status -z -uall [275ms]
2024-04-26 08:30:20.869 [info] > git config --get commit.template [83ms]
2024-04-26 08:30:20.875 [info] > git for-each-ref --format=%(refname)%00%(upstream:short)%00%(objectname)%00%(upstream:track)%00%(upstream:remotename)%00%(upstream:remoteref) refs/heads/main refs/remotes/main [8ms]
2024-04-26 08:30:21.231 [info] > git status -z -uall [299ms]
2024-04-26 08:30:39.198 [info] > git config --get commit.template [3ms]
2024-04-26 08:30:39.274 [info] > git for-each-ref --format=%(refname)%00%(upstream:short)%00%(objectname)%00%(upstream:track)%00%(upstream:remotename)%00%(upstream:remoteref) refs/heads/main refs/remotes/main [1ms]
2024-04-26 08:30:39.646 [info] > git status -z -uall [310ms]
2024-04-26 08:30:44.738 [info] > git config --get commit.template [15ms]
2024-04-26 08:30:44.809 [info] > git for-each-ref --format=%(refname)%00%(upstream:short)%00%(objectname)%00%(upstream:track)%00%(upstream:remotename)%00%(upstream:remoteref) refs/heads/main refs/remotes/main [8ms]
2024-04-26 08:30:45.247 [info] > git status -z -uall [367ms]
2024-04-26 08:31:31.769 [info] > git config --get commit.template [49ms]
2024-04-26 08:31:31.771 [info] > git for-each-ref --format=%(refname)%00%(upstream:short)%00%(objectname)%00%(upstream:track)%00%(upstream:remotename)%00%(upstream:remoteref) refs/heads/main refs/remotes/main [3ms]
2024-04-26 08:31:32.119 [info] > git status -z -uall [302ms]
2024-04-26 08:36:23.600 [info] > git config --get commit.template [45ms]
2024-04-26 08:36:23.601 [info] > git for-each-ref --format=%(refname)%00%(upstream:short)%00%(objectname)%00%(upstream:track)%00%(upstream:remotename)%00%(upstream:remoteref) refs/heads/main refs/remotes/main [2ms]
2024-04-26 08:36:23.931 [info] > git status -z -uall [281ms]
2024-04-26 08:36:29.046 [info] > git config --get commit.template [56ms]
2024-04-26 08:36:29.047 [info] > git for-each-ref --format=%(refname)%00%(upstream:short)%00%(objectname)%00%(upstream:track)%00%(upstream:remotename)%00%(upstream:remoteref) refs/heads/main refs/remotes/main [2ms]
2024-04-26 08:36:29.369 [info] > git status -z -uall [267ms]
