2024-04-30 06:57:53.684 [info] Log level: Info
2024-04-30 06:57:53.684 [info] Validating found git in: "git"
2024-04-30 06:57:53.684 [info] Using git "2.39.2" from "git"
2024-04-30 06:57:53.684 [info] > git rev-parse --show-toplevel [45ms]
2024-04-30 06:57:53.684 [info] > git rev-parse --git-dir --git-common-dir [27ms]
2024-04-30 06:57:53.684 [info] Open repository: /home/louis
2024-04-30 06:57:53.684 [info] > git config --get commit.template [30ms]
2024-04-30 06:57:55.677 [info] > git rev-parse --show-toplevel [1996ms]
2024-04-30 06:57:55.844 [info] > git for-each-ref --format=%(refname)%00%(upstream:short)%00%(objectname)%00%(upstream:track)%00%(upstream:remotename)%00%(upstream:remoteref) refs/heads/main refs/remotes/main [1326ms]
2024-04-30 06:57:55.961 [info] > git rev-parse --show-toplevel [120ms]
2024-04-30 06:57:56.207 [info] > git rev-parse --show-toplevel [120ms]
2024-04-30 06:57:56.348 [info] > git rev-parse --show-toplevel [37ms]
2024-04-30 06:57:56.468 [info] > git rev-parse --show-toplevel [30ms]
2024-04-30 06:57:56.556 [info] > git check-ignore -v -z --stdin [813ms]
2024-04-30 06:57:56.581 [info] > git rev-parse --show-toplevel [27ms]
2024-04-30 06:57:56.660 [info] > git rev-parse --show-toplevel [26ms]
2024-04-30 06:57:56.733 [info] > git rev-parse --show-toplevel [22ms]
2024-04-30 06:57:56.800 [info] > git rev-parse --show-toplevel [23ms]
2024-04-30 06:57:56.854 [info] > git rev-parse --show-toplevel [21ms]
2024-04-30 06:57:56.924 [info] > git rev-parse --show-toplevel [33ms]
2024-04-30 06:57:56.987 [info] > git rev-parse --show-toplevel [3ms]
2024-04-30 06:57:57.042 [info] > git rev-parse --show-toplevel [16ms]
2024-04-30 06:57:57.175 [info] > git show --textconv :ligue1-frontend/src/pages/TopPlayer/TopPlayer.js [63ms]
2024-04-30 06:57:57.203 [info] > git ls-files --stage -- /home/louis/ligue1-frontend/src/pages/TopPlayer/TopPlayer.js [29ms]
2024-04-30 06:57:57.243 [info] > git status -z -uall [1290ms]
2024-04-30 06:57:59.976 [info] > git merge-base refs/heads/main refs/remotes/origin/main [2703ms]
2024-04-30 06:58:00.134 [info] > git cat-file -s 02f465e879c7bc6f4eb444470c5ea6f6ac26a2bf [2893ms]
2024-04-30 06:58:00.188 [info] > git rev-list --count --left-right refs/heads/main...refs/remotes/origin/main [52ms]
2024-04-30 06:58:00.295 [info] > git config --get commit.template [343ms]
2024-04-30 06:58:00.889 [info] > git diff --name-status -z --diff-filter=ADMR 0150d2175f205dc0848f182fc55ac2dff31a60ef...refs/remotes/origin/main [658ms]
2024-04-30 06:58:00.971 [info] > git for-each-ref --format=%(refname)%00%(upstream:short)%00%(objectname)%00%(upstream:track)%00%(upstream:remotename)%00%(upstream:remoteref) refs/heads/main refs/remotes/main [38ms]
2024-04-30 06:58:03.977 [info] > git status -z -uall [2208ms]
2024-04-30 06:58:14.088 [info] > git config --get commit.template [4ms]
2024-04-30 06:58:14.121 [info] > git for-each-ref --format=%(refname)%00%(upstream:short)%00%(objectname)%00%(upstream:track)%00%(upstream:remotename)%00%(upstream:remoteref) refs/heads/main refs/remotes/main [3ms]
2024-04-30 06:58:14.441 [info] > git status -z -uall [285ms]
2024-04-30 06:58:19.962 [info] > git config --get commit.template [468ms]
2024-04-30 06:58:20.078 [info] > git for-each-ref --format=%(refname)%00%(upstream:short)%00%(objectname)%00%(upstream:track)%00%(upstream:remotename)%00%(upstream:remoteref) refs/heads/main refs/remotes/main [85ms]
2024-04-30 06:58:20.423 [info] > git status -z -uall [314ms]
2024-04-30 06:58:25.506 [info] > git config --get commit.template [31ms]
2024-04-30 06:58:25.508 [info] > git for-each-ref --format=%(refname)%00%(upstream:short)%00%(objectname)%00%(upstream:track)%00%(upstream:remotename)%00%(upstream:remoteref) refs/heads/main refs/remotes/main [3ms]
2024-04-30 06:58:25.843 [info] > git status -z -uall [304ms]
2024-04-30 06:58:30.917 [info] > git config --get commit.template [27ms]
2024-04-30 06:58:30.918 [info] > git for-each-ref --format=%(refname)%00%(upstream:short)%00%(objectname)%00%(upstream:track)%00%(upstream:remotename)%00%(upstream:remoteref) refs/heads/main refs/remotes/main [3ms]
2024-04-30 06:58:31.216 [info] > git status -z -uall [272ms]
2024-04-30 06:58:36.311 [info] > git config --get commit.template [32ms]
2024-04-30 06:58:36.314 [info] > git for-each-ref --format=%(refname)%00%(upstream:short)%00%(objectname)%00%(upstream:track)%00%(upstream:remotename)%00%(upstream:remoteref) refs/heads/main refs/remotes/main [10ms]
2024-04-30 06:58:36.631 [info] > git status -z -uall [290ms]
2024-04-30 06:58:40.667 [info] > git show --textconv :ligue1-frontend/src/pages/HomePage/HomePage.js [93ms]
2024-04-30 06:58:40.679 [info] > git ls-files --stage -- /home/louis/ligue1-frontend/src/pages/HomePage/HomePage.js [17ms]
2024-04-30 06:58:40.708 [info] > git cat-file -s 334809b5235c634d95109e4088a3f81bfc794d00 [6ms]
2024-04-30 06:58:41.737 [info] > git config --get commit.template [54ms]
2024-04-30 06:58:41.752 [info] > git for-each-ref --format=%(refname)%00%(upstream:short)%00%(objectname)%00%(upstream:track)%00%(upstream:remotename)%00%(upstream:remoteref) refs/heads/main refs/remotes/main [17ms]
2024-04-30 06:58:42.555 [info] > git status -z -uall [723ms]
2024-04-30 06:58:47.985 [info] > git config --get commit.template [260ms]
2024-04-30 06:58:47.989 [info] > git for-each-ref --format=%(refname)%00%(upstream:short)%00%(objectname)%00%(upstream:track)%00%(upstream:remotename)%00%(upstream:remoteref) refs/heads/main refs/remotes/main [119ms]
2024-04-30 06:58:49.520 [info] > git status -z -uall [1405ms]
2024-04-30 06:58:54.715 [info] > git config --get commit.template [2ms]
2024-04-30 06:58:54.751 [info] > git for-each-ref --format=%(refname)%00%(upstream:short)%00%(objectname)%00%(upstream:track)%00%(upstream:remotename)%00%(upstream:remoteref) refs/heads/main refs/remotes/main [3ms]
2024-04-30 06:58:55.086 [info] > git status -z -uall [296ms]
2024-04-30 06:59:00.154 [info] > git config --get commit.template [2ms]
2024-04-30 06:59:00.195 [info] > git for-each-ref --format=%(refname)%00%(upstream:short)%00%(objectname)%00%(upstream:track)%00%(upstream:remotename)%00%(upstream:remoteref) refs/heads/main refs/remotes/main [3ms]
2024-04-30 06:59:00.508 [info] > git status -z -uall [272ms]
2024-04-30 06:59:05.596 [info] > git config --get commit.template [34ms]
2024-04-30 06:59:05.597 [info] > git for-each-ref --format=%(refname)%00%(upstream:short)%00%(objectname)%00%(upstream:track)%00%(upstream:remotename)%00%(upstream:remoteref) refs/heads/main refs/remotes/main [2ms]
2024-04-30 06:59:05.897 [info] > git status -z -uall [266ms]
2024-04-30 06:59:10.987 [info] > git config --get commit.template [39ms]
2024-04-30 06:59:10.989 [info] > git for-each-ref --format=%(refname)%00%(upstream:short)%00%(objectname)%00%(upstream:track)%00%(upstream:remotename)%00%(upstream:remoteref) refs/heads/main refs/remotes/main [3ms]
2024-04-30 06:59:11.254 [info] > git status -z -uall [230ms]
2024-04-30 06:59:16.343 [info] > git config --get commit.template [34ms]
2024-04-30 06:59:16.344 [info] > git for-each-ref --format=%(refname)%00%(upstream:short)%00%(objectname)%00%(upstream:track)%00%(upstream:remotename)%00%(upstream:remoteref) refs/heads/main refs/remotes/main [3ms]
2024-04-30 06:59:16.627 [info] > git status -z -uall [250ms]
2024-04-30 06:59:21.711 [info] > git config --get commit.template [32ms]
2024-04-30 06:59:21.712 [info] > git for-each-ref --format=%(refname)%00%(upstream:short)%00%(objectname)%00%(upstream:track)%00%(upstream:remotename)%00%(upstream:remoteref) refs/heads/main refs/remotes/main [2ms]
2024-04-30 06:59:22.017 [info] > git status -z -uall [271ms]
2024-04-30 06:59:27.112 [info] > git config --get commit.template [34ms]
2024-04-30 06:59:27.113 [info] > git for-each-ref --format=%(refname)%00%(upstream:short)%00%(objectname)%00%(upstream:track)%00%(upstream:remotename)%00%(upstream:remoteref) refs/heads/main refs/remotes/main [3ms]
2024-04-30 06:59:27.403 [info] > git status -z -uall [256ms]
2024-04-30 06:59:32.568 [info] > git config --get commit.template [75ms]
2024-04-30 06:59:32.571 [info] > git for-each-ref --format=%(refname)%00%(upstream:short)%00%(objectname)%00%(upstream:track)%00%(upstream:remotename)%00%(upstream:remoteref) refs/heads/main refs/remotes/main [11ms]
2024-04-30 06:59:33.242 [info] > git status -z -uall [624ms]
2024-04-30 06:59:38.328 [info] > git config --get commit.template [34ms]
2024-04-30 06:59:38.330 [info] > git for-each-ref --format=%(refname)%00%(upstream:short)%00%(objectname)%00%(upstream:track)%00%(upstream:remotename)%00%(upstream:remoteref) refs/heads/main refs/remotes/main [3ms]
2024-04-30 06:59:38.633 [info] > git status -z -uall [267ms]
2024-04-30 06:59:43.698 [info] > git config --get commit.template [2ms]
2024-04-30 06:59:43.745 [info] > git for-each-ref --format=%(refname)%00%(upstream:short)%00%(objectname)%00%(upstream:track)%00%(upstream:remotename)%00%(upstream:remoteref) refs/heads/main refs/remotes/main [4ms]
2024-04-30 06:59:44.113 [info] > git status -z -uall [327ms]
2024-04-30 06:59:49.715 [info] > git config --get commit.template [19ms]
2024-04-30 06:59:49.749 [info] > git for-each-ref --format=%(refname)%00%(upstream:short)%00%(objectname)%00%(upstream:track)%00%(upstream:remotename)%00%(upstream:remoteref) refs/heads/main refs/remotes/main [5ms]
2024-04-30 06:59:50.091 [info] > git status -z -uall [312ms]
2024-04-30 06:59:55.786 [info] > git config --get commit.template [40ms]
2024-04-30 06:59:55.790 [info] > git for-each-ref --format=%(refname)%00%(upstream:short)%00%(objectname)%00%(upstream:track)%00%(upstream:remotename)%00%(upstream:remoteref) refs/heads/main refs/remotes/main [5ms]
2024-04-30 06:59:56.120 [info] > git status -z -uall [302ms]
2024-04-30 06:59:56.944 [info] > git show --textconv :ligue1-frontend/src/pages/HomePage/HomePage.css [35ms]
2024-04-30 06:59:56.953 [info] > git ls-files --stage -- /home/louis/ligue1-frontend/src/pages/HomePage/HomePage.css [14ms]
2024-04-30 06:59:56.982 [info] > git cat-file -s 93dd83022765d534045f4d0292d4c62389b18dd6 [2ms]
2024-04-30 07:00:01.346 [info] > git for-each-ref --format=%(refname)%00%(upstream:short)%00%(objectname)%00%(upstream:track)%00%(upstream:remotename)%00%(upstream:remoteref) refs/heads/main refs/remotes/main [1ms]
2024-04-30 07:00:01.347 [info] > git config --get commit.template [51ms]
2024-04-30 07:00:01.693 [info] > git status -z -uall [300ms]
2024-04-30 07:00:06.802 [info] > git config --get commit.template [45ms]
2024-04-30 07:00:06.804 [info] > git for-each-ref --format=%(refname)%00%(upstream:short)%00%(objectname)%00%(upstream:track)%00%(upstream:remotename)%00%(upstream:remoteref) refs/heads/main refs/remotes/main [4ms]
2024-04-30 07:00:07.141 [info] > git status -z -uall [293ms]
2024-04-30 07:00:12.210 [info] > git config --get commit.template [2ms]
2024-04-30 07:00:12.247 [info] > git for-each-ref --format=%(refname)%00%(upstream:short)%00%(objectname)%00%(upstream:track)%00%(upstream:remotename)%00%(upstream:remoteref) refs/heads/main refs/remotes/main [2ms]
2024-04-30 07:00:12.822 [info] > git status -z -uall [542ms]
2024-04-30 07:00:17.931 [info] > git config --get commit.template [58ms]
2024-04-30 07:00:17.933 [info] > git for-each-ref --format=%(refname)%00%(upstream:short)%00%(objectname)%00%(upstream:track)%00%(upstream:remotename)%00%(upstream:remoteref) refs/heads/main refs/remotes/main [12ms]
2024-04-30 07:00:18.298 [info] > git status -z -uall [326ms]
2024-04-30 07:00:23.436 [info] > git config --get commit.template [63ms]
2024-04-30 07:00:23.453 [info] > git for-each-ref --format=%(refname)%00%(upstream:short)%00%(objectname)%00%(upstream:track)%00%(upstream:remotename)%00%(upstream:remoteref) refs/heads/main refs/remotes/main [24ms]
2024-04-30 07:00:24.193 [info] > git status -z -uall [696ms]
2024-04-30 07:00:29.564 [info] > git config --get commit.template [57ms]
2024-04-30 07:00:29.569 [info] > git for-each-ref --format=%(refname)%00%(upstream:short)%00%(objectname)%00%(upstream:track)%00%(upstream:remotename)%00%(upstream:remoteref) refs/heads/main refs/remotes/main [7ms]
2024-04-30 07:00:30.391 [info] > git status -z -uall [766ms]
2024-04-30 07:00:35.452 [info] > git config --get commit.template [4ms]
2024-04-30 07:00:35.495 [info] > git for-each-ref --format=%(refname)%00%(upstream:short)%00%(objectname)%00%(upstream:track)%00%(upstream:remotename)%00%(upstream:remoteref) refs/heads/main refs/remotes/main [6ms]
2024-04-30 07:00:35.848 [info] > git status -z -uall [314ms]
2024-04-30 07:00:41.507 [info] > git config --get commit.template [596ms]
2024-04-30 07:00:41.943 [info] > git for-each-ref --format=%(refname)%00%(upstream:short)%00%(objectname)%00%(upstream:track)%00%(upstream:remotename)%00%(upstream:remoteref) refs/heads/main refs/remotes/main [992ms]
2024-04-30 07:00:42.524 [info] > git status -z -uall [523ms]
2024-04-30 07:00:47.677 [info] > git config --get commit.template [69ms]
2024-04-30 07:00:47.678 [info] > git for-each-ref --format=%(refname)%00%(upstream:short)%00%(objectname)%00%(upstream:track)%00%(upstream:remotename)%00%(upstream:remoteref) refs/heads/main refs/remotes/main [5ms]
2024-04-30 07:00:48.092 [info] > git status -z -uall [364ms]
2024-04-30 07:00:53.228 [info] > git config --get commit.template [55ms]
2024-04-30 07:00:53.231 [info] > git for-each-ref --format=%(refname)%00%(upstream:short)%00%(objectname)%00%(upstream:track)%00%(upstream:remotename)%00%(upstream:remoteref) refs/heads/main refs/remotes/main [5ms]
2024-04-30 07:00:53.563 [info] > git status -z -uall [283ms]
2024-04-30 07:00:58.672 [info] > git config --get commit.template [53ms]
2024-04-30 07:00:58.673 [info] > git for-each-ref --format=%(refname)%00%(upstream:short)%00%(objectname)%00%(upstream:track)%00%(upstream:remotename)%00%(upstream:remoteref) refs/heads/main refs/remotes/main [3ms]
2024-04-30 07:00:58.956 [info] > git status -z -uall [242ms]
2024-04-30 07:01:04.059 [info] > git config --get commit.template [47ms]
2024-04-30 07:01:04.061 [info] > git for-each-ref --format=%(refname)%00%(upstream:short)%00%(objectname)%00%(upstream:track)%00%(upstream:remotename)%00%(upstream:remoteref) refs/heads/main refs/remotes/main [4ms]
2024-04-30 07:01:04.366 [info] > git status -z -uall [264ms]
2024-04-30 07:01:09.461 [info] > git config --get commit.template [40ms]
2024-04-30 07:01:09.463 [info] > git for-each-ref --format=%(refname)%00%(upstream:short)%00%(objectname)%00%(upstream:track)%00%(upstream:remotename)%00%(upstream:remoteref) refs/heads/main refs/remotes/main [2ms]
2024-04-30 07:01:09.778 [info] > git status -z -uall [278ms]
2024-04-30 07:01:14.880 [info] > git config --get commit.template [40ms]
2024-04-30 07:01:14.881 [info] > git for-each-ref --format=%(refname)%00%(upstream:short)%00%(objectname)%00%(upstream:track)%00%(upstream:remotename)%00%(upstream:remoteref) refs/heads/main refs/remotes/main [3ms]
2024-04-30 07:01:15.197 [info] > git status -z -uall [279ms]
2024-04-30 07:01:20.303 [info] > git config --get commit.template [43ms]
2024-04-30 07:01:20.305 [info] > git for-each-ref --format=%(refname)%00%(upstream:short)%00%(objectname)%00%(upstream:track)%00%(upstream:remotename)%00%(upstream:remoteref) refs/heads/main refs/remotes/main [3ms]
2024-04-30 07:01:20.885 [info] > git status -z -uall [540ms]
2024-04-30 07:01:25.987 [info] > git config --get commit.template [42ms]
2024-04-30 07:01:25.988 [info] > git for-each-ref --format=%(refname)%00%(upstream:short)%00%(objectname)%00%(upstream:track)%00%(upstream:remotename)%00%(upstream:remoteref) refs/heads/main refs/remotes/main [3ms]
2024-04-30 07:01:26.309 [info] > git status -z -uall [271ms]
2024-04-30 07:01:28.505 [info] > git show --textconv :ligue1-frontend/src/pages/TopPlayer/TopPlayer.js [48ms]
2024-04-30 07:01:28.526 [info] > git ls-files --stage -- /home/louis/ligue1-frontend/src/pages/TopPlayer/TopPlayer.js [24ms]
2024-04-30 07:01:28.573 [info] > git cat-file -s 02f465e879c7bc6f4eb444470c5ea6f6ac26a2bf [7ms]
2024-04-30 07:01:31.399 [info] > git config --get commit.template [36ms]
2024-04-30 07:01:31.400 [info] > git for-each-ref --format=%(refname)%00%(upstream:short)%00%(objectname)%00%(upstream:track)%00%(upstream:remotename)%00%(upstream:remoteref) refs/heads/main refs/remotes/main [3ms]
2024-04-30 07:01:31.667 [info] > git status -z -uall [230ms]
2024-04-30 07:01:36.754 [info] > git config --get commit.template [35ms]
2024-04-30 07:01:36.755 [info] > git for-each-ref --format=%(refname)%00%(upstream:short)%00%(objectname)%00%(upstream:track)%00%(upstream:remotename)%00%(upstream:remoteref) refs/heads/main refs/remotes/main [2ms]
2024-04-30 07:01:37.030 [info] > git status -z -uall [243ms]
2024-04-30 07:01:42.130 [info] > git config --get commit.template [41ms]
2024-04-30 07:01:42.132 [info] > git for-each-ref --format=%(refname)%00%(upstream:short)%00%(objectname)%00%(upstream:track)%00%(upstream:remotename)%00%(upstream:remoteref) refs/heads/main refs/remotes/main [3ms]
2024-04-30 07:01:42.475 [info] > git status -z -uall [296ms]
2024-04-30 07:01:47.589 [info] > git config --get commit.template [47ms]
2024-04-30 07:01:47.590 [info] > git for-each-ref --format=%(refname)%00%(upstream:short)%00%(objectname)%00%(upstream:track)%00%(upstream:remotename)%00%(upstream:remoteref) refs/heads/main refs/remotes/main [3ms]
2024-04-30 07:01:47.931 [info] > git status -z -uall [296ms]
2024-04-30 07:01:53.039 [info] > git config --get commit.template [54ms]
2024-04-30 07:01:53.041 [info] > git for-each-ref --format=%(refname)%00%(upstream:short)%00%(objectname)%00%(upstream:track)%00%(upstream:remotename)%00%(upstream:remoteref) refs/heads/main refs/remotes/main [4ms]
2024-04-30 07:01:53.363 [info] > git status -z -uall [280ms]
2024-04-30 07:04:08.293 [info] > git config --get commit.template [2ms]
2024-04-30 07:04:08.328 [info] > git for-each-ref --format=%(refname)%00%(upstream:short)%00%(objectname)%00%(upstream:track)%00%(upstream:remotename)%00%(upstream:remoteref) refs/heads/main refs/remotes/main [3ms]
2024-04-30 07:04:08.644 [info] > git status -z -uall [278ms]
2024-04-30 07:07:49.299 [info] > git config --get commit.template [34ms]
2024-04-30 07:07:49.300 [info] > git for-each-ref --format=%(refname)%00%(upstream:short)%00%(objectname)%00%(upstream:track)%00%(upstream:remotename)%00%(upstream:remoteref) refs/heads/main refs/remotes/main [3ms]
2024-04-30 07:07:49.574 [info] > git status -z -uall [240ms]
2024-04-30 07:07:54.633 [info] > git config --get commit.template [2ms]
2024-04-30 07:07:54.670 [info] > git for-each-ref --format=%(refname)%00%(upstream:short)%00%(objectname)%00%(upstream:track)%00%(upstream:remotename)%00%(upstream:remoteref) refs/heads/main refs/remotes/main [3ms]
2024-04-30 07:07:54.993 [info] > git status -z -uall [286ms]
2024-04-30 07:08:00.629 [info] > git config --get commit.template [505ms]
2024-04-30 07:08:00.764 [info] > git for-each-ref --format=%(refname)%00%(upstream:short)%00%(objectname)%00%(upstream:track)%00%(upstream:remotename)%00%(upstream:remoteref) refs/heads/main refs/remotes/main [37ms]
2024-04-30 07:08:01.597 [info] > git status -z -uall [706ms]
2024-04-30 07:08:06.660 [info] > git config --get commit.template [2ms]
2024-04-30 07:08:06.700 [info] > git for-each-ref --format=%(refname)%00%(upstream:short)%00%(objectname)%00%(upstream:track)%00%(upstream:remotename)%00%(upstream:remoteref) refs/heads/main refs/remotes/main [4ms]
2024-04-30 07:08:07.006 [info] > git status -z -uall [267ms]
2024-04-30 07:08:12.008 [info] > git check-ignore -v -z --stdin [16ms]
2024-04-30 07:08:12.075 [info] > git config --get commit.template [3ms]
2024-04-30 07:08:12.119 [info] > git for-each-ref --format=%(refname)%00%(upstream:short)%00%(objectname)%00%(upstream:track)%00%(upstream:remotename)%00%(upstream:remoteref) refs/heads/main refs/remotes/main [3ms]
2024-04-30 07:08:12.417 [info] > git status -z -uall [261ms]
2024-04-30 07:08:17.508 [info] > git config --get commit.template [41ms]
2024-04-30 07:08:17.510 [info] > git for-each-ref --format=%(refname)%00%(upstream:short)%00%(objectname)%00%(upstream:track)%00%(upstream:remotename)%00%(upstream:remoteref) refs/heads/main refs/remotes/main [3ms]
2024-04-30 07:08:17.831 [info] > git status -z -uall [280ms]
2024-04-30 07:08:22.571 [info] > git check-ignore -v -z --stdin [14ms]
2024-04-30 07:08:22.889 [info] > git config --get commit.template [3ms]
2024-04-30 07:08:22.924 [info] > git for-each-ref --format=%(refname)%00%(upstream:short)%00%(objectname)%00%(upstream:track)%00%(upstream:remotename)%00%(upstream:remoteref) refs/heads/main refs/remotes/main [2ms]
2024-04-30 07:08:23.217 [info] > git status -z -uall [254ms]
2024-04-30 07:08:23.444 [info] > git check-ignore -v -z --stdin [16ms]
2024-04-30 07:08:28.311 [info] > git config --get commit.template [35ms]
2024-04-30 07:08:28.313 [info] > git for-each-ref --format=%(refname)%00%(upstream:short)%00%(objectname)%00%(upstream:track)%00%(upstream:remotename)%00%(upstream:remoteref) refs/heads/main refs/remotes/main [2ms]
2024-04-30 07:08:28.595 [info] > git status -z -uall [247ms]
2024-04-30 07:08:30.373 [info] > git check-ignore -v -z --stdin [27ms]
2024-04-30 07:08:32.988 [info] > git check-ignore -v -z --stdin [31ms]
2024-04-30 07:08:33.681 [info] > git config --get commit.template [37ms]
2024-04-30 07:08:33.682 [info] > git for-each-ref --format=%(refname)%00%(upstream:short)%00%(objectname)%00%(upstream:track)%00%(upstream:remotename)%00%(upstream:remoteref) refs/heads/main refs/remotes/main [2ms]
2024-04-30 07:08:33.989 [info] > git status -z -uall [269ms]
2024-04-30 07:08:34.149 [info] > git check-ignore -v -z --stdin [74ms]
2024-04-30 07:08:35.575 [info] > git check-ignore -v -z --stdin [18ms]
2024-04-30 07:08:39.098 [info] > git config --get commit.template [45ms]
2024-04-30 07:08:39.099 [info] > git for-each-ref --format=%(refname)%00%(upstream:short)%00%(objectname)%00%(upstream:track)%00%(upstream:remotename)%00%(upstream:remoteref) refs/heads/main refs/remotes/main [3ms]
2024-04-30 07:08:39.405 [info] > git status -z -uall [264ms]
2024-04-30 07:08:44.504 [info] > git config --get commit.template [36ms]
2024-04-30 07:08:44.505 [info] > git for-each-ref --format=%(refname)%00%(upstream:short)%00%(objectname)%00%(upstream:track)%00%(upstream:remotename)%00%(upstream:remoteref) refs/heads/main refs/remotes/main [3ms]
2024-04-30 07:08:44.785 [info] > git status -z -uall [241ms]
2024-04-30 07:08:47.555 [info] > git check-ignore -v -z --stdin [15ms]
2024-04-30 07:08:49.876 [info] > git config --get commit.template [34ms]
2024-04-30 07:08:49.877 [info] > git for-each-ref --format=%(refname)%00%(upstream:short)%00%(objectname)%00%(upstream:track)%00%(upstream:remotename)%00%(upstream:remoteref) refs/heads/main refs/remotes/main [2ms]
2024-04-30 07:08:50.197 [info] > git status -z -uall [284ms]
2024-04-30 07:08:55.285 [info] > git config --get commit.template [35ms]
2024-04-30 07:08:55.286 [info] > git for-each-ref --format=%(refname)%00%(upstream:short)%00%(objectname)%00%(upstream:track)%00%(upstream:remotename)%00%(upstream:remoteref) refs/heads/main refs/remotes/main [3ms]
2024-04-30 07:08:55.592 [info] > git status -z -uall [263ms]
2024-04-30 07:09:00.699 [info] > git config --get commit.template [42ms]
2024-04-30 07:09:00.701 [info] > git for-each-ref --format=%(refname)%00%(upstream:short)%00%(objectname)%00%(upstream:track)%00%(upstream:remotename)%00%(upstream:remoteref) refs/heads/main refs/remotes/main [3ms]
2024-04-30 07:09:01.036 [info] > git status -z -uall [297ms]
2024-04-30 07:09:06.159 [info] > git config --get commit.template [51ms]
2024-04-30 07:09:06.160 [info] > git for-each-ref --format=%(refname)%00%(upstream:short)%00%(objectname)%00%(upstream:track)%00%(upstream:remotename)%00%(upstream:remoteref) refs/heads/main refs/remotes/main [12ms]
2024-04-30 07:09:06.547 [info] > git show --textconv :ligue1-frontend/src/pages/ShowEquipe/ShowEquipe.js [72ms]
2024-04-30 07:09:06.561 [info] > git ls-files --stage -- /home/louis/ligue1-frontend/src/pages/ShowEquipe/ShowEquipe.js [29ms]
2024-04-30 07:09:06.633 [info] > git cat-file -s c5b833fc7f4a4dd1eb3ea983726320261dda27f2 [25ms]
2024-04-30 07:09:06.835 [info] > git status -z -uall [561ms]
2024-04-30 07:09:11.948 [info] > git config --get commit.template [39ms]
2024-04-30 07:09:11.950 [info] > git for-each-ref --format=%(refname)%00%(upstream:short)%00%(objectname)%00%(upstream:track)%00%(upstream:remotename)%00%(upstream:remoteref) refs/heads/main refs/remotes/main [4ms]
2024-04-30 07:09:12.286 [info] > git status -z -uall [294ms]
2024-04-30 07:09:13.678 [info] > git check-ignore -v -z --stdin [13ms]
2024-04-30 07:09:14.364 [info] > git check-ignore -v -z --stdin [17ms]
2024-04-30 07:09:17.380 [info] > git config --get commit.template [37ms]
2024-04-30 07:09:17.381 [info] > git for-each-ref --format=%(refname)%00%(upstream:short)%00%(objectname)%00%(upstream:track)%00%(upstream:remotename)%00%(upstream:remoteref) refs/heads/main refs/remotes/main [3ms]
2024-04-30 07:09:17.651 [info] > git status -z -uall [238ms]
2024-04-30 07:09:19.140 [info] > git show --textconv :ligue1-frontend/src/pages/TopPlayer/TopPlayer.js [50ms]
2024-04-30 07:09:19.143 [info] > git ls-files --stage -- /home/louis/ligue1-frontend/src/pages/TopPlayer/TopPlayer.js [20ms]
2024-04-30 07:09:19.199 [info] > git cat-file -s 02f465e879c7bc6f4eb444470c5ea6f6ac26a2bf [10ms]
2024-04-30 07:09:19.453 [info] > git check-ignore -v -z --stdin [18ms]
2024-04-30 07:09:22.843 [info] > git config --get commit.template [70ms]
2024-04-30 07:09:22.852 [info] > git for-each-ref --format=%(refname)%00%(upstream:short)%00%(objectname)%00%(upstream:track)%00%(upstream:remotename)%00%(upstream:remoteref) refs/heads/main refs/remotes/main [11ms]
2024-04-30 07:09:23.423 [info] > git status -z -uall [462ms]
2024-04-30 07:09:28.522 [info] > git config --get commit.template [39ms]
2024-04-30 07:09:28.523 [info] > git for-each-ref --format=%(refname)%00%(upstream:short)%00%(objectname)%00%(upstream:track)%00%(upstream:remotename)%00%(upstream:remoteref) refs/heads/main refs/remotes/main [2ms]
2024-04-30 07:09:28.821 [info] > git status -z -uall [261ms]
2024-04-30 07:09:33.912 [info] > git config --get commit.template [38ms]
2024-04-30 07:09:33.913 [info] > git for-each-ref --format=%(refname)%00%(upstream:short)%00%(objectname)%00%(upstream:track)%00%(upstream:remotename)%00%(upstream:remoteref) refs/heads/main refs/remotes/main [3ms]
2024-04-30 07:09:34.190 [info] > git status -z -uall [245ms]
2024-04-30 07:09:39.294 [info] > git config --get commit.template [44ms]
2024-04-30 07:09:39.294 [info] > git for-each-ref --format=%(refname)%00%(upstream:short)%00%(objectname)%00%(upstream:track)%00%(upstream:remotename)%00%(upstream:remoteref) refs/heads/main refs/remotes/main [5ms]
2024-04-30 07:09:39.585 [info] > git status -z -uall [256ms]
2024-04-30 07:09:44.669 [info] > git config --get commit.template [33ms]
2024-04-30 07:09:44.671 [info] > git for-each-ref --format=%(refname)%00%(upstream:short)%00%(objectname)%00%(upstream:track)%00%(upstream:remotename)%00%(upstream:remoteref) refs/heads/main refs/remotes/main [3ms]
2024-04-30 07:09:44.948 [info] > git status -z -uall [240ms]
2024-04-30 07:09:50.051 [info] > git config --get commit.template [42ms]
2024-04-30 07:09:50.053 [info] > git for-each-ref --format=%(refname)%00%(upstream:short)%00%(objectname)%00%(upstream:track)%00%(upstream:remotename)%00%(upstream:remoteref) refs/heads/main refs/remotes/main [3ms]
2024-04-30 07:09:50.368 [info] > git status -z -uall [269ms]
2024-04-30 07:09:55.426 [info] > git config --get commit.template [2ms]
2024-04-30 07:09:55.468 [info] > git for-each-ref --format=%(refname)%00%(upstream:short)%00%(objectname)%00%(upstream:track)%00%(upstream:remotename)%00%(upstream:remoteref) refs/heads/main refs/remotes/main [2ms]
2024-04-30 07:09:55.769 [info] > git status -z -uall [266ms]
2024-04-30 07:10:00.866 [info] > git config --get commit.template [39ms]
2024-04-30 07:10:00.868 [info] > git for-each-ref --format=%(refname)%00%(upstream:short)%00%(objectname)%00%(upstream:track)%00%(upstream:remotename)%00%(upstream:remoteref) refs/heads/main refs/remotes/main [4ms]
2024-04-30 07:10:01.150 [info] > git status -z -uall [244ms]
2024-04-30 07:11:03.157 [info] > git config --get commit.template [39ms]
2024-04-30 07:11:03.158 [info] > git for-each-ref --format=%(refname)%00%(upstream:short)%00%(objectname)%00%(upstream:track)%00%(upstream:remotename)%00%(upstream:remoteref) refs/heads/main refs/remotes/main [2ms]
2024-04-30 07:11:03.496 [info] > git status -z -uall [287ms]
2024-04-30 07:11:08.593 [info] > git config --get commit.template [43ms]
2024-04-30 07:11:08.594 [info] > git for-each-ref --format=%(refname)%00%(upstream:short)%00%(objectname)%00%(upstream:track)%00%(upstream:remotename)%00%(upstream:remoteref) refs/heads/main refs/remotes/main [5ms]
2024-04-30 07:11:08.938 [info] > git status -z -uall [306ms]
2024-04-30 07:11:14.072 [info] > git config --get commit.template [36ms]
2024-04-30 07:11:14.073 [info] > git for-each-ref --format=%(refname)%00%(upstream:short)%00%(objectname)%00%(upstream:track)%00%(upstream:remotename)%00%(upstream:remoteref) refs/heads/main refs/remotes/main [3ms]
2024-04-30 07:11:14.357 [info] > git status -z -uall [247ms]
2024-04-30 07:11:19.460 [info] > git config --get commit.template [43ms]
2024-04-30 07:11:19.464 [info] > git for-each-ref --format=%(refname)%00%(upstream:short)%00%(objectname)%00%(upstream:track)%00%(upstream:remotename)%00%(upstream:remoteref) refs/heads/main refs/remotes/main [6ms]
2024-04-30 07:11:19.812 [info] > git status -z -uall [308ms]
2024-04-30 07:11:26.726 [info] > git config --get commit.template [3ms]
2024-04-30 07:11:26.761 [info] > git for-each-ref --format=%(refname)%00%(upstream:short)%00%(objectname)%00%(upstream:track)%00%(upstream:remotename)%00%(upstream:remoteref) refs/heads/main refs/remotes/main [2ms]
2024-04-30 07:11:27.019 [info] > git status -z -uall [224ms]
2024-04-30 07:11:44.985 [info] > git config --get commit.template [38ms]
2024-04-30 07:11:44.986 [info] > git for-each-ref --format=%(refname)%00%(upstream:short)%00%(objectname)%00%(upstream:track)%00%(upstream:remotename)%00%(upstream:remoteref) refs/heads/main refs/remotes/main [2ms]
2024-04-30 07:11:45.286 [info] > git status -z -uall [257ms]
2024-04-30 07:11:50.389 [info] > git config --get commit.template [42ms]
2024-04-30 07:11:50.395 [info] > git for-each-ref --format=%(refname)%00%(upstream:short)%00%(objectname)%00%(upstream:track)%00%(upstream:remotename)%00%(upstream:remoteref) refs/heads/main refs/remotes/main [3ms]
2024-04-30 07:11:50.584 [info] > git show --textconv :ligue1-frontend/src/pages/ShowEquipe/ShowEquipe.css [53ms]
2024-04-30 07:11:50.602 [info] > git ls-files --stage -- /home/louis/ligue1-frontend/src/pages/ShowEquipe/ShowEquipe.css [21ms]
2024-04-30 07:11:50.646 [info] > git cat-file -s 8b899d9be694cb5ce042dee78d29330f61aa25c7 [4ms]
2024-04-30 07:11:50.725 [info] > git status -z -uall [290ms]
2024-04-30 07:11:51.395 [info] > git show --textconv :ligue1-frontend/src/pages/ShowEquipe/ShowEquipe.js [40ms]
2024-04-30 07:11:51.405 [info] > git ls-files --stage -- /home/louis/ligue1-frontend/src/pages/ShowEquipe/ShowEquipe.js [12ms]
2024-04-30 07:11:51.453 [info] > git cat-file -s c5b833fc7f4a4dd1eb3ea983726320261dda27f2 [3ms]
2024-04-30 07:11:55.830 [info] > git config --get commit.template [42ms]
2024-04-30 07:11:55.831 [info] > git for-each-ref --format=%(refname)%00%(upstream:short)%00%(objectname)%00%(upstream:track)%00%(upstream:remotename)%00%(upstream:remoteref) refs/heads/main refs/remotes/main [2ms]
2024-04-30 07:11:56.126 [info] > git status -z -uall [250ms]
2024-04-30 07:12:01.206 [info] > git config --get commit.template [2ms]
2024-04-30 07:12:01.265 [info] > git for-each-ref --format=%(refname)%00%(upstream:short)%00%(objectname)%00%(upstream:track)%00%(upstream:remotename)%00%(upstream:remoteref) refs/heads/main refs/remotes/main [1ms]
2024-04-30 07:12:01.617 [info] > git status -z -uall [304ms]
2024-04-30 07:12:06.709 [info] > git config --get commit.template [34ms]
2024-04-30 07:12:06.710 [info] > git for-each-ref --format=%(refname)%00%(upstream:short)%00%(objectname)%00%(upstream:track)%00%(upstream:remotename)%00%(upstream:remoteref) refs/heads/main refs/remotes/main [2ms]
2024-04-30 07:12:07.006 [info] > git status -z -uall [262ms]
2024-04-30 07:12:12.125 [info] > git config --get commit.template [48ms]
2024-04-30 07:12:12.126 [info] > git for-each-ref --format=%(refname)%00%(upstream:short)%00%(objectname)%00%(upstream:track)%00%(upstream:remotename)%00%(upstream:remoteref) refs/heads/main refs/remotes/main [3ms]
2024-04-30 07:12:12.696 [info] > git show --textconv :ligue1-frontend/src/pages/Equipe/Equipe.js [102ms]
2024-04-30 07:12:12.739 [info] > git ls-files --stage -- /home/louis/ligue1-frontend/src/pages/Equipe/Equipe.js [46ms]
2024-04-30 07:12:12.875 [info] > git cat-file -s b766d466e6ecfe9e1b2646e34919cc1d372ae819 [8ms]
2024-04-30 07:12:12.914 [info] > git status -z -uall [751ms]
2024-04-30 07:12:15.841 [info] > git show --textconv :ligue1-frontend/src/pages/TopPlayer/TopPlayer.js [59ms]
2024-04-30 07:12:15.859 [info] > git ls-files --stage -- /home/louis/ligue1-frontend/src/pages/TopPlayer/TopPlayer.js [39ms]
2024-04-30 07:12:15.900 [info] > git cat-file -s 02f465e879c7bc6f4eb444470c5ea6f6ac26a2bf [6ms]
2024-04-30 07:12:18.047 [info] > git config --get commit.template [46ms]
2024-04-30 07:12:18.048 [info] > git for-each-ref --format=%(refname)%00%(upstream:short)%00%(objectname)%00%(upstream:track)%00%(upstream:remotename)%00%(upstream:remoteref) refs/heads/main refs/remotes/main [3ms]
2024-04-30 07:12:18.353 [info] > git status -z -uall [260ms]
2024-04-30 07:12:23.471 [info] > git config --get commit.template [2ms]
2024-04-30 07:12:23.536 [info] > git for-each-ref --format=%(refname)%00%(upstream:short)%00%(objectname)%00%(upstream:track)%00%(upstream:remotename)%00%(upstream:remoteref) refs/heads/main refs/remotes/main [6ms]
2024-04-30 07:12:23.934 [info] > git status -z -uall [350ms]
2024-04-30 07:12:29.041 [info] > git config --get commit.template [47ms]
2024-04-30 07:12:29.042 [info] > git for-each-ref --format=%(refname)%00%(upstream:short)%00%(objectname)%00%(upstream:track)%00%(upstream:remotename)%00%(upstream:remoteref) refs/heads/main refs/remotes/main [3ms]
2024-04-30 07:12:29.338 [info] > git status -z -uall [253ms]
2024-04-30 07:13:14.587 [info] > git config --get commit.template [40ms]
2024-04-30 07:13:14.588 [info] > git for-each-ref --format=%(refname)%00%(upstream:short)%00%(objectname)%00%(upstream:track)%00%(upstream:remotename)%00%(upstream:remoteref) refs/heads/main refs/remotes/main [3ms]
2024-04-30 07:13:14.898 [info] > git status -z -uall [271ms]
2024-04-30 07:13:19.965 [info] > git config --get commit.template [3ms]
2024-04-30 07:13:20.006 [info] > git for-each-ref --format=%(refname)%00%(upstream:short)%00%(objectname)%00%(upstream:track)%00%(upstream:remotename)%00%(upstream:remoteref) refs/heads/main refs/remotes/main [3ms]
2024-04-30 07:13:20.350 [info] > git status -z -uall [289ms]
2024-04-30 07:13:25.462 [info] > git config --get commit.template [41ms]
2024-04-30 07:13:25.463 [info] > git for-each-ref --format=%(refname)%00%(upstream:short)%00%(objectname)%00%(upstream:track)%00%(upstream:remotename)%00%(upstream:remoteref) refs/heads/main refs/remotes/main [2ms]
2024-04-30 07:13:25.774 [info] > git status -z -uall [271ms]
2024-04-30 07:13:32.994 [info] > git config --get commit.template [34ms]
2024-04-30 07:13:32.996 [info] > git for-each-ref --format=%(refname)%00%(upstream:short)%00%(objectname)%00%(upstream:track)%00%(upstream:remotename)%00%(upstream:remoteref) refs/heads/main refs/remotes/main [2ms]
2024-04-30 07:13:33.298 [info] > git status -z -uall [266ms]
2024-04-30 07:13:38.398 [info] > git config --get commit.template [40ms]
2024-04-30 07:13:38.400 [info] > git for-each-ref --format=%(refname)%00%(upstream:short)%00%(objectname)%00%(upstream:track)%00%(upstream:remotename)%00%(upstream:remoteref) refs/heads/main refs/remotes/main [3ms]
2024-04-30 07:13:38.693 [info] > git status -z -uall [259ms]
2024-04-30 07:13:43.783 [info] > git config --get commit.template [37ms]
2024-04-30 07:13:43.785 [info] > git for-each-ref --format=%(refname)%00%(upstream:short)%00%(objectname)%00%(upstream:track)%00%(upstream:remotename)%00%(upstream:remoteref) refs/heads/main refs/remotes/main [3ms]
2024-04-30 07:13:44.075 [info] > git status -z -uall [255ms]
2024-04-30 07:13:49.165 [info] > git config --get commit.template [40ms]
2024-04-30 07:13:49.165 [info] > git for-each-ref --format=%(refname)%00%(upstream:short)%00%(objectname)%00%(upstream:track)%00%(upstream:remotename)%00%(upstream:remoteref) refs/heads/main refs/remotes/main [2ms]
2024-04-30 07:13:49.457 [info] > git status -z -uall [253ms]
2024-04-30 07:13:56.073 [info] > git config --get commit.template [44ms]
2024-04-30 07:13:56.075 [info] > git for-each-ref --format=%(refname)%00%(upstream:short)%00%(objectname)%00%(upstream:track)%00%(upstream:remotename)%00%(upstream:remoteref) refs/heads/main refs/remotes/main [2ms]
2024-04-30 07:13:56.363 [info] > git status -z -uall [245ms]
2024-04-30 07:14:01.470 [info] > git config --get commit.template [40ms]
2024-04-30 07:14:01.471 [info] > git for-each-ref --format=%(refname)%00%(upstream:short)%00%(objectname)%00%(upstream:track)%00%(upstream:remotename)%00%(upstream:remoteref) refs/heads/main refs/remotes/main [2ms]
2024-04-30 07:14:01.806 [info] > git status -z -uall [297ms]
2024-04-30 07:14:06.952 [info] > git config --get commit.template [44ms]
2024-04-30 07:14:06.958 [info] > git for-each-ref --format=%(refname)%00%(upstream:short)%00%(objectname)%00%(upstream:track)%00%(upstream:remotename)%00%(upstream:remoteref) refs/heads/main refs/remotes/main [8ms]
2024-04-30 07:14:07.270 [info] > git status -z -uall [274ms]
2024-04-30 07:14:12.360 [info] > git for-each-ref --format=%(refname)%00%(upstream:short)%00%(objectname)%00%(upstream:track)%00%(upstream:remotename)%00%(upstream:remoteref) refs/heads/main refs/remotes/main [7ms]
2024-04-30 07:14:12.361 [info] > git config --get commit.template [42ms]
2024-04-30 07:14:12.645 [info] > git status -z -uall [247ms]
2024-04-30 07:14:17.736 [info] > git config --get commit.template [38ms]
2024-04-30 07:14:17.737 [info] > git for-each-ref --format=%(refname)%00%(upstream:short)%00%(objectname)%00%(upstream:track)%00%(upstream:remotename)%00%(upstream:remoteref) refs/heads/main refs/remotes/main [3ms]
2024-04-30 07:14:18.010 [info] > git status -z -uall [238ms]
2024-04-30 07:14:23.062 [info] > git config --get commit.template [4ms]
2024-04-30 07:14:23.096 [info] > git for-each-ref --format=%(refname)%00%(upstream:short)%00%(objectname)%00%(upstream:track)%00%(upstream:remotename)%00%(upstream:remoteref) refs/heads/main refs/remotes/main [3ms]
2024-04-30 07:14:23.363 [info] > git status -z -uall [231ms]
2024-04-30 07:14:28.458 [info] > git config --get commit.template [41ms]
2024-04-30 07:14:28.459 [info] > git for-each-ref --format=%(refname)%00%(upstream:short)%00%(objectname)%00%(upstream:track)%00%(upstream:remotename)%00%(upstream:remoteref) refs/heads/main refs/remotes/main [2ms]
2024-04-30 07:14:28.728 [info] > git status -z -uall [232ms]
2024-04-30 07:14:33.784 [info] > git config --get commit.template [2ms]
2024-04-30 07:14:33.825 [info] > git for-each-ref --format=%(refname)%00%(upstream:short)%00%(objectname)%00%(upstream:track)%00%(upstream:remotename)%00%(upstream:remoteref) refs/heads/main refs/remotes/main [3ms]
2024-04-30 07:14:34.101 [info] > git status -z -uall [236ms]
2024-04-30 07:14:39.195 [info] > git config --get commit.template [40ms]
2024-04-30 07:14:39.196 [info] > git for-each-ref --format=%(refname)%00%(upstream:short)%00%(objectname)%00%(upstream:track)%00%(upstream:remotename)%00%(upstream:remoteref) refs/heads/main refs/remotes/main [2ms]
2024-04-30 07:14:39.468 [info] > git status -z -uall [232ms]
2024-04-30 07:14:44.519 [info] > git config --get commit.template [1ms]
2024-04-30 07:14:44.553 [info] > git for-each-ref --format=%(refname)%00%(upstream:short)%00%(objectname)%00%(upstream:track)%00%(upstream:remotename)%00%(upstream:remoteref) refs/heads/main refs/remotes/main [2ms]
2024-04-30 07:14:44.811 [info] > git status -z -uall [224ms]
2024-04-30 07:14:49.905 [info] > git config --get commit.template [37ms]
2024-04-30 07:14:49.906 [info] > git for-each-ref --format=%(refname)%00%(upstream:short)%00%(objectname)%00%(upstream:track)%00%(upstream:remotename)%00%(upstream:remoteref) refs/heads/main refs/remotes/main [3ms]
2024-04-30 07:14:50.182 [info] > git status -z -uall [241ms]
2024-04-30 07:14:55.278 [info] > git config --get commit.template [40ms]
2024-04-30 07:14:55.284 [info] > git for-each-ref --format=%(refname)%00%(upstream:short)%00%(objectname)%00%(upstream:track)%00%(upstream:remotename)%00%(upstream:remoteref) refs/heads/main refs/remotes/main [7ms]
2024-04-30 07:14:55.590 [info] > git status -z -uall [257ms]
2024-04-30 07:15:00.650 [info] > git config --get commit.template [1ms]
2024-04-30 07:15:00.693 [info] > git for-each-ref --format=%(refname)%00%(upstream:short)%00%(objectname)%00%(upstream:track)%00%(upstream:remotename)%00%(upstream:remoteref) refs/heads/main refs/remotes/main [4ms]
2024-04-30 07:15:01.019 [info] > git status -z -uall [276ms]
2024-04-30 07:15:06.126 [info] > git config --get commit.template [37ms]
2024-04-30 07:15:06.127 [info] > git for-each-ref --format=%(refname)%00%(upstream:short)%00%(objectname)%00%(upstream:track)%00%(upstream:remotename)%00%(upstream:remoteref) refs/heads/main refs/remotes/main [3ms]
2024-04-30 07:15:06.425 [info] > git status -z -uall [258ms]
2024-04-30 07:15:11.709 [info] > git config --get commit.template [101ms]
2024-04-30 07:15:11.713 [info] > git for-each-ref --format=%(refname)%00%(upstream:short)%00%(objectname)%00%(upstream:track)%00%(upstream:remotename)%00%(upstream:remoteref) refs/heads/main refs/remotes/main [7ms]
2024-04-30 07:15:12.017 [info] > git status -z -uall [262ms]
2024-04-30 07:15:17.127 [info] > git config --get commit.template [48ms]
2024-04-30 07:15:17.128 [info] > git for-each-ref --format=%(refname)%00%(upstream:short)%00%(objectname)%00%(upstream:track)%00%(upstream:remotename)%00%(upstream:remoteref) refs/heads/main refs/remotes/main [4ms]
2024-04-30 07:15:17.453 [info] > git status -z -uall [283ms]
2024-04-30 07:15:22.518 [info] > git config --get commit.template [2ms]
2024-04-30 07:15:22.553 [info] > git for-each-ref --format=%(refname)%00%(upstream:short)%00%(objectname)%00%(upstream:track)%00%(upstream:remotename)%00%(upstream:remoteref) refs/heads/main refs/remotes/main [3ms]
2024-04-30 07:15:22.846 [info] > git status -z -uall [258ms]
2024-04-30 07:15:31.251 [info] > git config --get commit.template [97ms]
2024-04-30 07:15:31.252 [info] > git for-each-ref --format=%(refname)%00%(upstream:short)%00%(objectname)%00%(upstream:track)%00%(upstream:remotename)%00%(upstream:remoteref) refs/heads/main refs/remotes/main [13ms]
2024-04-30 07:15:31.585 [info] > git status -z -uall [288ms]
2024-04-30 07:15:36.691 [info] > git config --get commit.template [46ms]
2024-04-30 07:15:36.692 [info] > git for-each-ref --format=%(refname)%00%(upstream:short)%00%(objectname)%00%(upstream:track)%00%(upstream:remotename)%00%(upstream:remoteref) refs/heads/main refs/remotes/main [4ms]
2024-04-30 07:15:37.030 [info] > git status -z -uall [293ms]
2024-04-30 07:15:42.199 [info] > git config --get commit.template [82ms]
2024-04-30 07:15:42.204 [info] > git for-each-ref --format=%(refname)%00%(upstream:short)%00%(objectname)%00%(upstream:track)%00%(upstream:remotename)%00%(upstream:remoteref) refs/heads/main refs/remotes/main [9ms]
2024-04-30 07:15:42.534 [info] > git status -z -uall [285ms]
2024-04-30 07:15:47.629 [info] > git config --get commit.template [39ms]
2024-04-30 07:15:47.631 [info] > git for-each-ref --format=%(refname)%00%(upstream:short)%00%(objectname)%00%(upstream:track)%00%(upstream:remotename)%00%(upstream:remoteref) refs/heads/main refs/remotes/main [3ms]
2024-04-30 07:15:47.936 [info] > git status -z -uall [265ms]
2024-04-30 07:15:53.513 [info] > git config --get commit.template [32ms]
2024-04-30 07:15:53.514 [info] > git for-each-ref --format=%(refname)%00%(upstream:short)%00%(objectname)%00%(upstream:track)%00%(upstream:remotename)%00%(upstream:remoteref) refs/heads/main refs/remotes/main [2ms]
2024-04-30 07:15:53.774 [info] > git status -z -uall [227ms]
2024-04-30 07:15:59.513 [info] > git config --get commit.template [2ms]
2024-04-30 07:15:59.555 [info] > git for-each-ref --format=%(refname)%00%(upstream:short)%00%(objectname)%00%(upstream:track)%00%(upstream:remotename)%00%(upstream:remoteref) refs/heads/main refs/remotes/main [3ms]
2024-04-30 07:15:59.828 [info] > git status -z -uall [235ms]
2024-04-30 07:16:04.938 [info] > git config --get commit.template [44ms]
2024-04-30 07:16:04.939 [info] > git for-each-ref --format=%(refname)%00%(upstream:short)%00%(objectname)%00%(upstream:track)%00%(upstream:remotename)%00%(upstream:remoteref) refs/heads/main refs/remotes/main [2ms]
2024-04-30 07:16:05.236 [info] > git status -z -uall [258ms]
2024-04-30 07:16:10.342 [info] > git config --get commit.template [41ms]
2024-04-30 07:16:10.343 [info] > git for-each-ref --format=%(refname)%00%(upstream:short)%00%(objectname)%00%(upstream:track)%00%(upstream:remotename)%00%(upstream:remoteref) refs/heads/main refs/remotes/main [3ms]
2024-04-30 07:16:10.648 [info] > git status -z -uall [268ms]
2024-04-30 07:16:15.739 [info] > git config --get commit.template [36ms]
2024-04-30 07:16:15.741 [info] > git for-each-ref --format=%(refname)%00%(upstream:short)%00%(objectname)%00%(upstream:track)%00%(upstream:remotename)%00%(upstream:remoteref) refs/heads/main refs/remotes/main [2ms]
2024-04-30 07:16:16.026 [info] > git status -z -uall [251ms]
2024-04-30 07:16:21.138 [info] > git config --get commit.template [49ms]
2024-04-30 07:16:21.139 [info] > git for-each-ref --format=%(refname)%00%(upstream:short)%00%(objectname)%00%(upstream:track)%00%(upstream:remotename)%00%(upstream:remoteref) refs/heads/main refs/remotes/main [2ms]
2024-04-30 07:16:21.438 [info] > git status -z -uall [257ms]
2024-04-30 07:16:27.575 [info] > git config --get commit.template [37ms]
2024-04-30 07:16:27.577 [info] > git for-each-ref --format=%(refname)%00%(upstream:short)%00%(objectname)%00%(upstream:track)%00%(upstream:remotename)%00%(upstream:remoteref) refs/heads/main refs/remotes/main [2ms]
2024-04-30 07:16:27.865 [info] > git status -z -uall [248ms]
2024-04-30 07:16:35.542 [info] > git check-ignore -v -z --stdin [18ms]
2024-04-30 07:16:37.165 [info] > git config --get commit.template [38ms]
2024-04-30 07:16:37.167 [info] > git for-each-ref --format=%(refname)%00%(upstream:short)%00%(objectname)%00%(upstream:track)%00%(upstream:remotename)%00%(upstream:remoteref) refs/heads/main refs/remotes/main [2ms]
2024-04-30 07:16:37.476 [info] > git status -z -uall [271ms]
2024-04-30 07:16:42.570 [info] > git config --get commit.template [35ms]
2024-04-30 07:16:42.572 [info] > git for-each-ref --format=%(refname)%00%(upstream:short)%00%(objectname)%00%(upstream:track)%00%(upstream:remotename)%00%(upstream:remoteref) refs/heads/main refs/remotes/main [2ms]
2024-04-30 07:16:42.853 [info] > git status -z -uall [239ms]
2024-04-30 07:16:47.948 [info] > git config --get commit.template [38ms]
2024-04-30 07:16:47.949 [info] > git for-each-ref --format=%(refname)%00%(upstream:short)%00%(objectname)%00%(upstream:track)%00%(upstream:remotename)%00%(upstream:remoteref) refs/heads/main refs/remotes/main [2ms]
2024-04-30 07:16:48.241 [info] > git status -z -uall [253ms]
2024-04-30 07:16:53.340 [info] > git config --get commit.template [41ms]
2024-04-30 07:16:53.341 [info] > git for-each-ref --format=%(refname)%00%(upstream:short)%00%(objectname)%00%(upstream:track)%00%(upstream:remotename)%00%(upstream:remoteref) refs/heads/main refs/remotes/main [3ms]
2024-04-30 07:16:53.646 [info] > git status -z -uall [267ms]
2024-04-30 07:16:58.748 [info] > git config --get commit.template [40ms]
2024-04-30 07:16:58.750 [info] > git for-each-ref --format=%(refname)%00%(upstream:short)%00%(objectname)%00%(upstream:track)%00%(upstream:remotename)%00%(upstream:remoteref) refs/heads/main refs/remotes/main [2ms]
2024-04-30 07:16:59.029 [info] > git status -z -uall [243ms]
2024-04-30 07:17:04.128 [info] > git config --get commit.template [46ms]
2024-04-30 07:17:04.130 [info] > git for-each-ref --format=%(refname)%00%(upstream:short)%00%(objectname)%00%(upstream:track)%00%(upstream:remotename)%00%(upstream:remoteref) refs/heads/main refs/remotes/main [3ms]
2024-04-30 07:17:04.427 [info] > git status -z -uall [254ms]
2024-04-30 07:17:05.346 [info] > git check-ignore -v -z --stdin [13ms]
2024-04-30 07:17:09.534 [info] > git config --get commit.template [46ms]
2024-04-30 07:17:09.535 [info] > git for-each-ref --format=%(refname)%00%(upstream:short)%00%(objectname)%00%(upstream:track)%00%(upstream:remotename)%00%(upstream:remoteref) refs/heads/main refs/remotes/main [2ms]
2024-04-30 07:17:09.854 [info] > git status -z -uall [277ms]
2024-04-30 07:17:14.946 [info] > git config --get commit.template [37ms]
2024-04-30 07:17:14.950 [info] > git for-each-ref --format=%(refname)%00%(upstream:short)%00%(objectname)%00%(upstream:track)%00%(upstream:remotename)%00%(upstream:remoteref) refs/heads/main refs/remotes/main [5ms]
2024-04-30 07:17:15.242 [info] > git status -z -uall [255ms]
2024-04-30 07:17:17.461 [info] > git show --textconv :ligue1-frontend/src/components/Header/Header.js [96ms]
2024-04-30 07:17:17.462 [info] > git ls-files --stage -- /home/louis/ligue1-frontend/src/components/Header/Header.js [46ms]
2024-04-30 07:17:17.478 [info] > git check-ignore -v -z --stdin [21ms]
2024-04-30 07:17:45.763 [info] > git config --get commit.template [39ms]
2024-04-30 07:17:45.765 [info] > git for-each-ref --format=%(refname)%00%(upstream:short)%00%(objectname)%00%(upstream:track)%00%(upstream:remotename)%00%(upstream:remoteref) refs/heads/main refs/remotes/main [3ms]
2024-04-30 07:17:46.040 [info] > git status -z -uall [241ms]
2024-04-30 07:17:51.091 [info] > git config --get commit.template [2ms]
2024-04-30 07:17:51.136 [info] > git for-each-ref --format=%(refname)%00%(upstream:short)%00%(objectname)%00%(upstream:track)%00%(upstream:remotename)%00%(upstream:remoteref) refs/heads/main refs/remotes/main [3ms]
2024-04-30 07:17:51.417 [info] > git status -z -uall [240ms]
2024-04-30 07:17:56.483 [info] > git config --get commit.template [5ms]
2024-04-30 07:17:56.527 [info] > git for-each-ref --format=%(refname)%00%(upstream:short)%00%(objectname)%00%(upstream:track)%00%(upstream:remotename)%00%(upstream:remoteref) refs/heads/main refs/remotes/main [3ms]
2024-04-30 07:17:56.814 [info] > git status -z -uall [249ms]
2024-04-30 07:18:01.890 [info] > git config --get commit.template [1ms]
2024-04-30 07:18:01.941 [info] > git for-each-ref --format=%(refname)%00%(upstream:short)%00%(objectname)%00%(upstream:track)%00%(upstream:remotename)%00%(upstream:remoteref) refs/heads/main refs/remotes/main [9ms]
2024-04-30 07:18:02.406 [info] > git status -z -uall [420ms]
2024-04-30 07:18:08.644 [info] > git config --get commit.template [3ms]
2024-04-30 07:18:08.690 [info] > git for-each-ref --format=%(refname)%00%(upstream:short)%00%(objectname)%00%(upstream:track)%00%(upstream:remotename)%00%(upstream:remoteref) refs/heads/main refs/remotes/main [3ms]
2024-04-30 07:18:09.014 [info] > git status -z -uall [280ms]
2024-04-30 07:18:14.120 [info] > git config --get commit.template [17ms]
2024-04-30 07:18:14.175 [info] > git for-each-ref --format=%(refname)%00%(upstream:short)%00%(objectname)%00%(upstream:track)%00%(upstream:remotename)%00%(upstream:remoteref) refs/heads/main refs/remotes/main [9ms]
2024-04-30 07:18:14.562 [info] > git status -z -uall [347ms]
2024-04-30 07:18:19.907 [info] > git config --get commit.template [60ms]
2024-04-30 07:18:19.919 [info] > git for-each-ref --format=%(refname)%00%(upstream:short)%00%(objectname)%00%(upstream:track)%00%(upstream:remotename)%00%(upstream:remoteref) refs/heads/main refs/remotes/main [16ms]
2024-04-30 07:18:20.553 [info] > git status -z -uall [586ms]
2024-04-30 07:18:25.837 [info] > git config --get commit.template [109ms]
2024-04-30 07:18:25.862 [info] > git for-each-ref --format=%(refname)%00%(upstream:short)%00%(objectname)%00%(upstream:track)%00%(upstream:remotename)%00%(upstream:remoteref) refs/heads/main refs/remotes/main [31ms]
2024-04-30 07:20:12.828 [info] > git status -z -uall [106881ms]
2024-04-30 07:20:17.944 [info] > git config --get commit.template [41ms]
2024-04-30 07:20:17.974 [info] > git for-each-ref --format=%(refname)%00%(upstream:short)%00%(objectname)%00%(upstream:track)%00%(upstream:remotename)%00%(upstream:remoteref) refs/heads/main refs/remotes/main [32ms]
2024-04-30 07:20:18.647 [info] > git status -z -uall [634ms]
