2024-04-15 13:51:04.872 [info] Log level: Info
2024-04-15 13:51:04.875 [info] Validating found git in: "git"
2024-04-15 13:51:04.876 [info] Using git "2.39.2" from "git"
2024-04-15 13:51:04.876 [info] > git rev-parse --show-toplevel [181ms]
2024-04-15 13:51:04.877 [info] > git rev-parse --git-dir --git-common-dir [24ms]
2024-04-15 13:51:04.878 [info] Open repository: /home/louis
2024-04-15 13:51:04.878 [info] > git check-ignore -v -z --stdin [90ms]
2024-04-15 13:51:04.879 [info] > git rev-parse --show-toplevel [2287ms]
2024-04-15 13:51:04.880 [info] > git config --get commit.template [2314ms]
2024-04-15 13:51:04.880 [info] > git rev-parse --show-toplevel [128ms]
2024-04-15 13:51:04.881 [info] > git for-each-ref --format=%(refname)%00%(upstream:short)%00%(objectname)%00%(upstream:track)%00%(upstream:remotename)%00%(upstream:remoteref) refs/heads/main refs/remotes/main [716ms]
2024-04-15 13:51:04.882 [info] > git rev-parse --show-toplevel [26ms]
2024-04-15 13:51:05.085 [info] > git rev-parse --show-toplevel [77ms]
2024-04-15 13:51:05.344 [info] > git rev-parse --show-toplevel [113ms]
2024-04-15 13:51:05.553 [info] > git rev-parse --show-toplevel [30ms]
2024-04-15 13:51:05.653 [info] > git rev-parse --show-toplevel [25ms]
2024-04-15 13:51:05.802 [info] > git rev-parse --show-toplevel [52ms]
2024-04-15 13:51:05.851 [info] > git rev-parse --show-toplevel [10ms]
2024-04-15 13:51:05.997 [info] > git rev-parse --show-toplevel [25ms]
2024-04-15 13:51:06.056 [info] > git rev-parse --git-dir --git-common-dir [20ms]
2024-04-15 13:51:06.081 [info] Open repository: /home/louis/api_louis
2024-04-15 13:51:06.346 [info] > git rev-parse --show-toplevel [119ms]
2024-04-15 13:51:06.364 [info] > git config --get commit.template [183ms]
2024-04-15 13:51:06.453 [info] > git rev-parse --show-toplevel [39ms]
2024-04-15 13:51:06.557 [info] > git show --textconv :ligue1-frontend/src/pages/Equipe/Equipe.js [31ms]
2024-04-15 13:51:06.559 [info] > git for-each-ref --format=%(refname)%00%(upstream:short)%00%(objectname)%00%(upstream:track)%00%(upstream:remotename)%00%(upstream:remoteref) refs/heads/main refs/remotes/main [109ms]
2024-04-15 13:51:06.592 [info] > git ls-files --stage -- /home/louis/ligue1-frontend/src/pages/Equipe/Equipe.js [38ms]
2024-04-15 13:51:11.077 [info] > git status -z -uall [5994ms] (cancelled)
2024-04-15 13:51:11.084 [info] > git status -z -uall [4494ms]
2024-04-15 13:51:11.085 [info] > git check-ignore -v -z --stdin [789ms]
2024-04-15 13:51:11.087 [info] > git check-ignore -v -z --stdin [753ms]
2024-04-15 13:51:14.877 [info] > git merge-base refs/heads/main refs/remotes/origin/main [3722ms]
2024-04-15 13:51:14.942 [info] > git merge-base refs/heads/main refs/remotes/origin/main [4332ms]
2024-04-15 13:51:15.191 [info] > git rev-list --count --left-right refs/heads/main...refs/remotes/origin/main [185ms]
2024-04-15 13:51:15.246 [info] > git rev-list --count --left-right refs/heads/main...refs/remotes/origin/main [305ms]
2024-04-15 13:51:15.275 [info] > git config --get commit.template [409ms]
2024-04-15 13:51:15.277 [info] > git config --get commit.template [448ms]
2024-04-15 13:51:15.347 [info] > git diff --name-status -z --diff-filter=ADMR 73978d91c7f16ccb3cd5807fd7b6f1aed709517e...refs/remotes/origin/main [101ms]
2024-04-15 13:51:15.444 [info] > git diff --name-status -z --diff-filter=ADMR 0dcaf4832d0ef5956626818c6faf388aa3445dee...refs/remotes/origin/main [171ms]
2024-04-15 13:51:15.749 [info] > git for-each-ref --format=%(refname)%00%(upstream:short)%00%(objectname)%00%(upstream:track)%00%(upstream:remotename)%00%(upstream:remoteref) refs/heads/main refs/remotes/main [321ms]
2024-04-15 13:51:15.750 [info] > git for-each-ref --format=%(refname)%00%(upstream:short)%00%(objectname)%00%(upstream:track)%00%(upstream:remotename)%00%(upstream:remoteref) refs/heads/main refs/remotes/main [356ms]
2024-04-15 13:51:15.938 [info] > git status -z -uall [117ms]
2024-04-15 13:51:21.088 [info] > git status -z -uall [5232ms] (cancelled)
2024-04-15 13:51:32.597 [info] > git config --get commit.template [43ms]
2024-04-15 13:51:32.609 [info] > git for-each-ref --format=%(refname)%00%(upstream:short)%00%(objectname)%00%(upstream:track)%00%(upstream:remotename)%00%(upstream:remoteref) refs/heads/main refs/remotes/main [15ms]
2024-04-15 13:51:32.714 [info] > git status -z -uall [72ms]
2024-04-15 13:52:17.849 [info] > git show --textconv :ligue1-frontend/src/pages/ShowEquipe/ShowEquipe.js [33ms]
2024-04-15 13:52:17.853 [info] > git ls-files --stage -- /home/louis/ligue1-frontend/src/pages/ShowEquipe/ShowEquipe.js [11ms]
2024-04-15 13:54:00.700 [info] > git config --get commit.template [36ms]
2024-04-15 13:54:00.703 [info] > git for-each-ref --format=%(refname)%00%(upstream:short)%00%(objectname)%00%(upstream:track)%00%(upstream:remotename)%00%(upstream:remoteref) refs/heads/main refs/remotes/main [7ms]
2024-04-15 13:54:00.798 [info] > git status -z -uall [64ms]
2024-04-15 13:54:04.377 [info] > git check-ignore -v -z --stdin [4ms]
2024-04-15 13:54:05.851 [info] > git config --get commit.template [24ms]
2024-04-15 13:54:05.855 [info] > git for-each-ref --format=%(refname)%00%(upstream:short)%00%(objectname)%00%(upstream:track)%00%(upstream:remotename)%00%(upstream:remoteref) refs/heads/main refs/remotes/main [6ms]
2024-04-15 13:54:05.901 [info] > git status -z -uall [10ms]
2024-04-15 13:54:09.838 [info] > git show --textconv :ligue1-frontend/src/pages/ShowEquipe/ShowEquipe.css [31ms]
2024-04-15 13:54:09.843 [info] > git ls-files --stage -- /home/louis/ligue1-frontend/src/pages/ShowEquipe/ShowEquipe.css [10ms]
2024-04-15 13:54:10.035 [info] > git check-ignore -v -z --stdin [3ms]
2024-04-15 13:54:12.768 [info] > git show --textconv :ligue1-frontend/src/pages/ShowEquipe/ShowEquipe.js [42ms]
2024-04-15 13:54:12.775 [info] > git ls-files --stage -- /home/louis/ligue1-frontend/src/pages/ShowEquipe/ShowEquipe.js [22ms]
2024-04-15 13:54:42.387 [info] > git config --get commit.template [50ms]
2024-04-15 13:54:42.401 [info] > git for-each-ref --format=%(refname)%00%(upstream:short)%00%(objectname)%00%(upstream:track)%00%(upstream:remotename)%00%(upstream:remoteref) refs/heads/main refs/remotes/main [18ms]
2024-04-15 13:54:42.517 [info] > git status -z -uall [78ms]
2024-04-15 13:54:44.819 [info] > git show --textconv :ligue1-frontend/src/pages/Equipe/Equipe.js [43ms]
2024-04-15 13:54:44.820 [info] > git ls-files --stage -- /home/louis/ligue1-frontend/src/pages/Equipe/Equipe.js [8ms]
2024-04-15 13:54:47.590 [info] > git config --get commit.template [34ms]
2024-04-15 13:54:47.592 [info] > git for-each-ref --format=%(refname)%00%(upstream:short)%00%(objectname)%00%(upstream:track)%00%(upstream:remotename)%00%(upstream:remoteref) refs/heads/main refs/remotes/main [5ms]
2024-04-15 13:54:47.634 [info] > git status -z -uall [9ms]
2024-04-15 13:55:54.551 [info] > git show --textconv :ligue1-frontend/src/pages/Equipe/Equipe.css [42ms]
2024-04-15 13:55:54.554 [info] > git ls-files --stage -- /home/louis/ligue1-frontend/src/pages/Equipe/Equipe.css [6ms]
2024-04-15 13:56:27.901 [info] > git config --get commit.template [36ms]
2024-04-15 13:56:27.903 [info] > git for-each-ref --format=%(refname)%00%(upstream:short)%00%(objectname)%00%(upstream:track)%00%(upstream:remotename)%00%(upstream:remoteref) refs/heads/main refs/remotes/main [6ms]
2024-04-15 13:56:27.946 [info] > git status -z -uall [11ms]
2024-04-15 13:56:33.093 [info] > git config --get commit.template [58ms]
2024-04-15 13:56:33.098 [info] > git for-each-ref --format=%(refname)%00%(upstream:short)%00%(objectname)%00%(upstream:track)%00%(upstream:remotename)%00%(upstream:remoteref) refs/heads/main refs/remotes/main [15ms]
2024-04-15 13:56:33.164 [info] > git status -z -uall [9ms]
2024-04-15 13:57:07.399 [info] > git config --get commit.template [31ms]
2024-04-15 13:57:07.402 [info] > git for-each-ref --format=%(refname)%00%(upstream:short)%00%(objectname)%00%(upstream:track)%00%(upstream:remotename)%00%(upstream:remoteref) refs/heads/main refs/remotes/main [5ms]
2024-04-15 13:57:07.472 [info] > git status -z -uall [19ms]
2024-04-15 13:57:12.516 [info] > git config --get commit.template [2ms]
2024-04-15 13:57:12.550 [info] > git for-each-ref --format=%(refname)%00%(upstream:short)%00%(objectname)%00%(upstream:track)%00%(upstream:remotename)%00%(upstream:remoteref) refs/heads/main refs/remotes/main [2ms]
2024-04-15 13:57:12.593 [info] > git status -z -uall [12ms]
2024-04-15 13:59:02.302 [info] > git config --get commit.template [1ms]
2024-04-15 13:59:02.345 [info] > git for-each-ref --format=%(refname)%00%(upstream:short)%00%(objectname)%00%(upstream:track)%00%(upstream:remotename)%00%(upstream:remoteref) refs/heads/main refs/remotes/main [7ms]
2024-04-15 13:59:02.390 [info] > git status -z -uall [11ms]
2024-04-15 13:59:07.469 [info] > git config --get commit.template [39ms]
2024-04-15 13:59:07.472 [info] > git for-each-ref --format=%(refname)%00%(upstream:short)%00%(objectname)%00%(upstream:track)%00%(upstream:remotename)%00%(upstream:remoteref) refs/heads/main refs/remotes/main [5ms]
2024-04-15 13:59:07.516 [info] > git status -z -uall [10ms]
2024-04-15 13:59:08.128 [info] > git show --textconv :ligue1-frontend/src/pages/ShowEquipe/ShowEquipe.css [42ms]
2024-04-15 13:59:08.132 [info] > git ls-files --stage -- /home/louis/ligue1-frontend/src/pages/ShowEquipe/ShowEquipe.css [11ms]
2024-04-15 13:59:13.391 [info] > git show --textconv :ligue1-frontend/src/pages/Equipe/Equipe.js [39ms]
2024-04-15 13:59:13.392 [info] > git ls-files --stage -- /home/louis/ligue1-frontend/src/pages/Equipe/Equipe.js [6ms]
2024-04-15 13:59:43.821 [info] > git show --textconv :ligue1-frontend/src/pages/Equipe/Equipe.css [34ms]
2024-04-15 13:59:43.826 [info] > git ls-files --stage -- /home/louis/ligue1-frontend/src/pages/Equipe/Equipe.css [8ms]
2024-04-15 14:00:22.514 [info] > git show --textconv :ligue1-frontend/src/pages/ShowEquipe/ShowEquipe.css [44ms]
2024-04-15 14:00:22.518 [info] > git ls-files --stage -- /home/louis/ligue1-frontend/src/pages/ShowEquipe/ShowEquipe.css [7ms]
2024-04-15 14:00:23.881 [info] > git show --textconv :ligue1-frontend/src/pages/Equipe/Equipe.css [42ms]
2024-04-15 14:00:23.886 [info] > git ls-files --stage -- /home/louis/ligue1-frontend/src/pages/Equipe/Equipe.css [9ms]
2024-04-15 14:00:25.905 [info] > git show --textconv :ligue1-frontend/src/pages/Equipe/Equipe.js [65ms]
2024-04-15 14:00:25.912 [info] > git ls-files --stage -- /home/louis/ligue1-frontend/src/pages/Equipe/Equipe.js [21ms]
2024-04-15 14:00:34.457 [info] > git show --textconv :ligue1-frontend/src/pages/Equipe/Equipe.css [40ms]
2024-04-15 14:00:34.461 [info] > git ls-files --stage -- /home/louis/ligue1-frontend/src/pages/Equipe/Equipe.css [7ms]
2024-04-15 14:03:29.906 [info] > git show --textconv :ligue1-frontend/src/pages/ShowEquipe/ShowEquipe.css [40ms]
2024-04-15 14:03:29.910 [info] > git ls-files --stage -- /home/louis/ligue1-frontend/src/pages/ShowEquipe/ShowEquipe.css [9ms]
2024-04-15 14:03:32.498 [info] > git show --textconv :ligue1-frontend/src/pages/Equipe/Equipe.js [41ms]
2024-04-15 14:03:32.499 [info] > git ls-files --stage -- /home/louis/ligue1-frontend/src/pages/Equipe/Equipe.js [6ms]
2024-04-15 14:03:36.599 [info] > git show --textconv :ligue1-frontend/src/pages/Equipe/Equipe.css [34ms]
2024-04-15 14:03:36.602 [info] > git ls-files --stage -- /home/louis/ligue1-frontend/src/pages/Equipe/Equipe.css [5ms]
2024-04-15 14:05:05.545 [info] > git show --textconv :ligue1-frontend/src/pages/ShowEquipe/ShowEquipe.css [44ms]
2024-04-15 14:05:05.549 [info] > git ls-files --stage -- /home/louis/ligue1-frontend/src/pages/ShowEquipe/ShowEquipe.css [8ms]
2024-04-15 14:05:07.420 [info] > git show --textconv :ligue1-frontend/src/pages/Equipe/Equipe.css [61ms]
2024-04-15 14:05:07.422 [info] > git ls-files --stage -- /home/louis/ligue1-frontend/src/pages/Equipe/Equipe.css [24ms]
2024-04-15 14:05:50.486 [info] > git show --textconv :ligue1-frontend/src/pages/Equipe/Equipe.js [58ms]
2024-04-15 14:05:50.487 [info] > git ls-files --stage -- /home/louis/ligue1-frontend/src/pages/Equipe/Equipe.js [15ms]
2024-04-15 14:06:02.836 [info] > git show --textconv :ligue1-frontend/src/pages/ShowEquipe/ShowEquipe.js [97ms]
2024-04-15 14:06:02.845 [info] > git ls-files --stage -- /home/louis/ligue1-frontend/src/pages/ShowEquipe/ShowEquipe.js [20ms]
2024-04-15 14:06:03.964 [info] > git show --textconv :ligue1-frontend/src/pages/Equipe/Equipe.css [46ms]
2024-04-15 14:06:03.965 [info] > git ls-files --stage -- /home/louis/ligue1-frontend/src/pages/Equipe/Equipe.css [7ms]
2024-04-15 14:06:23.290 [info] > git show --textconv :ligue1-frontend/src/pages/Equipe/Equipe.js [55ms]
2024-04-15 14:06:23.291 [info] > git ls-files --stage -- /home/louis/ligue1-frontend/src/pages/Equipe/Equipe.js [18ms]
2024-04-15 14:06:32.283 [info] > git show --textconv :ligue1-frontend/src/pages/Equipe/Equipe.css [47ms]
2024-04-15 14:06:32.287 [info] > git ls-files --stage -- /home/louis/ligue1-frontend/src/pages/Equipe/Equipe.css [9ms]
2024-04-15 14:07:54.451 [info] > git show --textconv :ligue1-frontend/src/pages/ShowEquipe/ShowEquipe.css [48ms]
2024-04-15 14:07:54.455 [info] > git ls-files --stage -- /home/louis/ligue1-frontend/src/pages/ShowEquipe/ShowEquipe.css [6ms]
2024-04-15 14:07:56.102 [info] > git show --textconv :ligue1-frontend/src/pages/Equipe/Equipe.js [55ms]
2024-04-15 14:07:56.111 [info] > git ls-files --stage -- /home/louis/ligue1-frontend/src/pages/Equipe/Equipe.js [24ms]
2024-04-15 14:08:54.636 [info] > git show --textconv :ligue1-frontend/src/pages/Equipe/Equipe.css [55ms]
2024-04-15 14:08:54.651 [info] > git ls-files --stage -- /home/louis/ligue1-frontend/src/pages/Equipe/Equipe.css [20ms]
2024-04-15 14:09:00.621 [info] > git config --get commit.template [40ms]
2024-04-15 14:09:00.623 [info] > git for-each-ref --format=%(refname)%00%(upstream:short)%00%(objectname)%00%(upstream:track)%00%(upstream:remotename)%00%(upstream:remoteref) refs/heads/main refs/remotes/main [3ms]
2024-04-15 14:09:00.677 [info] > git status -z -uall [10ms]
2024-04-15 14:09:23.550 [info] > git show --textconv :ligue1-frontend/src/pages/Equipe/Equipe.js [42ms]
2024-04-15 14:09:23.557 [info] > git ls-files --stage -- /home/louis/ligue1-frontend/src/pages/Equipe/Equipe.js [10ms]
2024-04-15 14:10:42.103 [info] > git config --get commit.template [46ms]
2024-04-15 14:10:42.105 [info] > git for-each-ref --format=%(refname)%00%(upstream:short)%00%(objectname)%00%(upstream:track)%00%(upstream:remotename)%00%(upstream:remoteref) refs/heads/main refs/remotes/main [4ms]
2024-04-15 14:10:42.163 [info] > git status -z -uall [12ms]
2024-04-15 14:10:47.298 [info] > git show --textconv :ligue1-frontend/src/pages/ShowEquipe/ShowEquipe.js [55ms]
2024-04-15 14:10:47.300 [info] > git ls-files --stage -- /home/louis/ligue1-frontend/src/pages/ShowEquipe/ShowEquipe.js [9ms]
2024-04-15 14:10:48.985 [info] > git show --textconv :ligue1-frontend/src/pages/Equipe/Equipe.css [48ms]
2024-04-15 14:10:49.000 [info] > git ls-files --stage -- /home/louis/ligue1-frontend/src/pages/Equipe/Equipe.css [20ms]
2024-04-15 14:10:57.056 [info] > git show --textconv :ligue1-frontend/src/pages/ShowEquipe/ShowEquipe.css [44ms]
2024-04-15 14:10:57.064 [info] > git ls-files --stage -- /home/louis/ligue1-frontend/src/pages/ShowEquipe/ShowEquipe.css [10ms]
2024-04-15 14:11:01.119 [info] > git show --textconv :ligue1-frontend/src/pages/ShowEquipe/ShowEquipe.js [72ms]
2024-04-15 14:11:01.120 [info] > git ls-files --stage -- /home/louis/ligue1-frontend/src/pages/ShowEquipe/ShowEquipe.js [16ms]
2024-04-15 14:11:14.434 [info] > git show --textconv :ligue1-frontend/src/pages/ShowEquipe/ShowEquipe.css [56ms]
2024-04-15 14:11:14.437 [info] > git ls-files --stage -- /home/louis/ligue1-frontend/src/pages/ShowEquipe/ShowEquipe.css [7ms]
2024-04-15 14:11:15.602 [info] > git config --get commit.template [49ms]
2024-04-15 14:11:15.605 [info] > git for-each-ref --format=%(refname)%00%(upstream:short)%00%(objectname)%00%(upstream:track)%00%(upstream:remotename)%00%(upstream:remoteref) refs/heads/main refs/remotes/main [5ms]
2024-04-15 14:11:15.668 [info] > git status -z -uall [10ms]
2024-04-15 14:13:09.430 [info] > git show --textconv :ligue1-frontend/src/pages/ShowEquipe/ShowEquipe.js [62ms]
2024-04-15 14:13:09.436 [info] > git ls-files --stage -- /home/louis/ligue1-frontend/src/pages/ShowEquipe/ShowEquipe.js [15ms]
2024-04-15 14:13:13.750 [info] > git show --textconv :ligue1-frontend/src/pages/ShowEquipe/ShowEquipe.css [56ms]
2024-04-15 14:13:13.752 [info] > git ls-files --stage -- /home/louis/ligue1-frontend/src/pages/ShowEquipe/ShowEquipe.css [10ms]
2024-04-15 14:13:20.496 [info] > git show --textconv :ligue1-frontend/src/pages/ShowEquipe/ShowEquipe.js [49ms]
2024-04-15 14:13:20.509 [info] > git ls-files --stage -- /home/louis/ligue1-frontend/src/pages/ShowEquipe/ShowEquipe.js [19ms]
2024-04-15 14:13:24.521 [info] > git show --textconv :ligue1-frontend/src/pages/ShowEquipe/ShowEquipe.css [41ms]
2024-04-15 14:13:24.522 [info] > git ls-files --stage -- /home/louis/ligue1-frontend/src/pages/ShowEquipe/ShowEquipe.css [5ms]
2024-04-15 14:14:09.463 [info] > git check-ignore -v -z --stdin [5ms]
2024-04-15 14:14:11.444 [info] > git show --textconv :ligue1-frontend/src/pages/Menu/Menu.js [49ms]
2024-04-15 14:14:11.453 [info] > git ls-files --stage -- /home/louis/ligue1-frontend/src/pages/Menu/Menu.js [13ms]
2024-04-15 14:14:20.123 [info] > git check-ignore -v -z --stdin [3ms]
2024-04-15 14:14:22.679 [info] > git show --textconv :ligue1-frontend/src/pages/HomePage/HomePage.js [61ms]
2024-04-15 14:14:22.684 [info] > git ls-files --stage -- /home/louis/ligue1-frontend/src/pages/HomePage/HomePage.js [18ms]
2024-04-15 14:14:25.409 [info] > git check-ignore -v -z --stdin [3ms]
2024-04-15 14:14:27.694 [info] > git check-ignore -v -z --stdin [3ms]
2024-04-15 14:14:28.852 [info] > git show --textconv :ligue1-frontend/src/components/EquipeTop/Equipetop.js [68ms]
2024-04-15 14:14:28.853 [info] > git ls-files --stage -- /home/louis/ligue1-frontend/src/components/EquipeTop/Equipetop.js [22ms]
2024-04-15 14:16:20.672 [info] > git config --get commit.template [46ms]
2024-04-15 14:16:20.674 [info] > git for-each-ref --format=%(refname)%00%(upstream:short)%00%(objectname)%00%(upstream:track)%00%(upstream:remotename)%00%(upstream:remoteref) refs/heads/main refs/remotes/main [4ms]
2024-04-15 14:16:20.738 [info] > git status -z -uall [11ms]
2024-04-15 14:16:25.852 [info] > git for-each-ref --format=%(refname)%00%(upstream:short)%00%(objectname)%00%(upstream:track)%00%(upstream:remotename)%00%(upstream:remoteref) refs/heads/main refs/remotes/main [6ms]
2024-04-15 14:16:25.854 [info] > git config --get commit.template [60ms]
2024-04-15 14:16:25.911 [info] > git status -z -uall [12ms]
2024-04-15 14:16:45.910 [info] > git show --textconv :ligue1-frontend/src/pages/Equipe/Equipe.js [50ms]
2024-04-15 14:16:45.911 [info] > git ls-files --stage -- /home/louis/ligue1-frontend/src/pages/Equipe/Equipe.js [13ms]
2024-04-15 14:20:25.445 [info] > git show --textconv :ligue1-frontend/src/components/EquipeTop/Equipetop.js [56ms]
2024-04-15 14:20:25.446 [info] > git ls-files --stage -- /home/louis/ligue1-frontend/src/components/EquipeTop/Equipetop.js [7ms]
2024-04-15 14:27:56.579 [info] > git config --get commit.template [2ms]
2024-04-15 14:27:56.626 [info] > git for-each-ref --format=%(refname)%00%(upstream:short)%00%(objectname)%00%(upstream:track)%00%(upstream:remotename)%00%(upstream:remoteref) refs/heads/main refs/remotes/main [5ms]
2024-04-15 14:27:56.683 [info] > git status -z -uall [11ms]
2024-04-15 14:29:00.014 [info] > git for-each-ref --format=%(refname)%00%(upstream:short)%00%(objectname)%00%(upstream:track)%00%(upstream:remotename)%00%(upstream:remoteref) refs/heads/main refs/remotes/main [1ms]
2024-04-15 14:29:00.015 [info] > git config --get commit.template [62ms]
2024-04-15 14:29:00.079 [info] > git status -z -uall [13ms]
2024-04-15 14:29:05.173 [info] > git config --get commit.template [47ms]
2024-04-15 14:29:05.175 [info] > git for-each-ref --format=%(refname)%00%(upstream:short)%00%(objectname)%00%(upstream:track)%00%(upstream:remotename)%00%(upstream:remoteref) refs/heads/main refs/remotes/main [4ms]
2024-04-15 14:29:05.234 [info] > git status -z -uall [13ms]
2024-04-15 14:30:32.686 [info] > git config --get commit.template [45ms]
2024-04-15 14:30:32.689 [info] > git for-each-ref --format=%(refname)%00%(upstream:short)%00%(objectname)%00%(upstream:track)%00%(upstream:remotename)%00%(upstream:remoteref) refs/heads/main refs/remotes/main [3ms]
2024-04-15 14:30:32.755 [info] > git status -z -uall [11ms]
2024-04-15 14:34:45.778 [info] > git config --get commit.template [46ms]
2024-04-15 14:34:45.780 [info] > git for-each-ref --format=%(refname)%00%(upstream:short)%00%(objectname)%00%(upstream:track)%00%(upstream:remotename)%00%(upstream:remoteref) refs/heads/main refs/remotes/main [3ms]
2024-04-15 14:34:45.834 [info] > git status -z -uall [12ms]
2024-04-15 14:34:54.748 [info] > git show --textconv :ligue1-frontend/src/pages/HomePage/HomePage.js [68ms]
2024-04-15 14:34:54.750 [info] > git ls-files --stage -- /home/louis/ligue1-frontend/src/pages/HomePage/HomePage.js [17ms]
2024-04-15 14:34:59.253 [info] > git show --textconv :ligue1-frontend/src/components/EquipeTop/Equipetop.js [72ms]
2024-04-15 14:34:59.266 [info] > git ls-files --stage -- /home/louis/ligue1-frontend/src/components/EquipeTop/Equipetop.js [16ms]
2024-04-15 14:35:17.295 [info] > git show --textconv :ligue1-frontend/src/pages/HomePage/HomePage.js [64ms]
2024-04-15 14:35:17.297 [info] > git ls-files --stage -- /home/louis/ligue1-frontend/src/pages/HomePage/HomePage.js [12ms]
2024-04-15 14:35:22.207 [info] > git show --textconv :ligue1-frontend/src/components/EquipeTop/Equipetop.js [81ms]
2024-04-15 14:35:22.212 [info] > git ls-files --stage -- /home/louis/ligue1-frontend/src/components/EquipeTop/Equipetop.js [8ms]
2024-04-15 14:35:27.227 [info] > git show --textconv :ligue1-frontend/src/app/App.js [57ms]
2024-04-15 14:35:27.229 [info] > git ls-files --stage -- /home/louis/ligue1-frontend/src/app/App.js [10ms]
2024-04-15 14:35:27.672 [info] > git check-ignore -v -z --stdin [3ms]
2024-04-15 14:35:33.184 [info] > git check-ignore -v -z --stdin [2ms]
2024-04-15 14:37:03.825 [info] > git show --textconv :ligue1-frontend/src/components/EquipeTop/Equipetop.js [53ms]
2024-04-15 14:37:03.826 [info] > git ls-files --stage -- /home/louis/ligue1-frontend/src/components/EquipeTop/Equipetop.js [13ms]
2024-04-15 14:37:26.576 [info] > git check-ignore -v -z --stdin [12ms]
2024-04-15 14:37:27.802 [info] > git check-ignore -v -z --stdin [7ms]
2024-04-15 14:37:33.319 [info] > git show --textconv :ligue1-frontend/src/pages/Menu/Menu.js [67ms]
2024-04-15 14:37:33.347 [info] > git ls-files --stage -- /home/louis/ligue1-frontend/src/pages/Menu/Menu.js [38ms]
