2024-04-30 09:46:17.197 [info] Log level: Info
2024-04-30 09:46:17.197 [info] Validating found git in: "git"
2024-04-30 09:46:17.197 [info] Using git "2.39.2" from "git"
2024-04-30 09:46:17.197 [info] > git rev-parse --show-toplevel [195ms]
2024-04-30 09:46:17.198 [info] > git rev-parse --git-dir --git-common-dir [549ms]
2024-04-30 09:46:17.198 [info] Open repository: /home/louis
2024-04-30 09:46:17.198 [info] > git rev-parse --show-toplevel [139ms]
2024-04-30 09:46:17.198 [info] > git config --get commit.template [180ms]
2024-04-30 09:46:17.348 [info] > git rev-parse --show-toplevel [69ms]
2024-04-30 09:46:17.536 [info] > git rev-parse --show-toplevel [105ms]
2024-04-30 09:46:17.539 [info] > git for-each-ref --format=%(refname)%00%(upstream:short)%00%(objectname)%00%(upstream:track)%00%(upstream:remotename)%00%(upstream:remoteref) refs/heads/main refs/remotes/main [199ms]
2024-04-30 09:46:17.662 [info] > git rev-parse --show-toplevel [49ms]
2024-04-30 09:46:17.770 [info] > git rev-parse --show-toplevel [65ms]
2024-04-30 09:46:17.839 [info] > git rev-parse --show-toplevel [2ms]
2024-04-30 09:46:17.971 [info] > git rev-parse --show-toplevel [18ms]
2024-04-30 09:46:18.052 [info] > git rev-parse --show-toplevel [16ms]
2024-04-30 09:46:18.120 [info] > git rev-parse --show-toplevel [11ms]
2024-04-30 09:46:18.186 [info] > git check-ignore -v -z --stdin [526ms]
2024-04-30 09:46:18.200 [info] > git rev-parse --show-toplevel [16ms]
2024-04-30 09:46:18.257 [info] > git rev-parse --show-toplevel [12ms]
2024-04-30 09:46:20.784 [info] > git status -z -uall [3019ms]
2024-04-30 09:46:20.981 [info] > git rev-parse --show-toplevel [2681ms]
2024-04-30 09:46:21.869 [info] > git merge-base refs/heads/main refs/remotes/origin/main [985ms]
2024-04-30 09:46:21.950 [info] > git rev-parse --show-toplevel [603ms]
2024-04-30 09:46:22.101 [info] > git config --get commit.template [773ms]
2024-04-30 09:46:22.146 [info] > git show --textconv :ligue1-frontend/src/components/Header/Header.js [121ms]
2024-04-30 09:46:22.149 [info] > git rev-list --count --left-right refs/heads/main...refs/remotes/origin/main [228ms]
2024-04-30 09:46:22.361 [info] > git ls-files --stage -- /home/louis/ligue1-frontend/src/components/Header/Header.js [262ms]
2024-04-30 09:46:22.961 [info] > git for-each-ref --format=%(refname)%00%(upstream:short)%00%(objectname)%00%(upstream:track)%00%(upstream:remotename)%00%(upstream:remoteref) refs/heads/main refs/remotes/main [653ms]
2024-04-30 09:46:22.963 [info] > git diff --name-status -z --diff-filter=ADMR 0150d2175f205dc0848f182fc55ac2dff31a60ef...refs/remotes/origin/main [709ms]
2024-04-30 09:46:25.768 [info] > git status -z -uall [2505ms]
2024-04-30 09:56:35.049 [info] > git config --get commit.template [249ms]
2024-04-30 09:56:35.419 [info] > git for-each-ref --format=%(refname)%00%(upstream:short)%00%(objectname)%00%(upstream:track)%00%(upstream:remotename)%00%(upstream:remoteref) refs/heads/main refs/remotes/main [39ms]
2024-04-30 09:56:43.414 [info] > git status -z -uall [7782ms]
