2024-04-23 12:30:35.462 [info] Log level: Info
2024-04-23 12:30:35.462 [info] Validating found git in: "git"
2024-04-23 12:30:35.463 [info] Using git "2.39.2" from "git"
2024-04-23 12:30:35.463 [info] > git rev-parse --show-toplevel [20ms]
2024-04-23 12:30:35.467 [info] > git rev-parse --git-dir --git-common-dir [7ms]
2024-04-23 12:30:35.489 [info] Open repository: /home/louis
2024-04-23 12:30:36.262 [info] > git config --get commit.template [95ms]
2024-04-23 12:30:36.295 [info] > git rev-parse --show-toplevel [115ms]
2024-04-23 12:30:36.372 [info] > git for-each-ref --format=%(refname)%00%(upstream:short)%00%(objectname)%00%(upstream:track)%00%(upstream:remotename)%00%(upstream:remoteref) refs/heads/main refs/remotes/main [41ms]
2024-04-23 12:30:36.376 [info] > git rev-parse --show-toplevel [27ms]
2024-04-23 12:30:36.428 [info] > git rev-parse --show-toplevel [22ms]
2024-04-23 12:30:36.541 [info] > git rev-parse --show-toplevel [31ms]
2024-04-23 12:30:36.632 [info] > git rev-parse --show-toplevel [5ms]
2024-04-23 12:30:36.667 [info] > git rev-parse --show-toplevel [11ms]
2024-04-23 12:30:36.723 [info] > git rev-parse --show-toplevel [33ms]
2024-04-23 12:30:36.764 [info] > git rev-parse --show-toplevel [2ms]
2024-04-23 12:30:36.814 [info] > git rev-parse --show-toplevel [5ms]
2024-04-23 12:30:36.885 [info] > git rev-parse --show-toplevel [27ms]
2024-04-23 12:30:36.958 [info] > git rev-parse --show-toplevel [24ms]
2024-04-23 12:30:36.989 [info] > git rev-parse --show-toplevel [1ms]
2024-04-23 12:30:37.066 [info] > git check-ignore -v -z --stdin [344ms]
2024-04-23 12:30:37.090 [info] > git rev-parse --show-toplevel [26ms]
2024-04-23 12:30:37.566 [info] > git status -z -uall [1079ms]
2024-04-23 12:30:38.060 [info] > git show --textconv :ligue1-frontend/public/index.html [538ms]
2024-04-23 12:30:38.061 [info] > git merge-base refs/heads/main refs/remotes/origin/main [451ms]
2024-04-23 12:30:38.080 [info] > git ls-files --stage -- /home/louis/ligue1-frontend/public/index.html [520ms]
2024-04-23 12:30:38.130 [info] > git rev-list --count --left-right refs/heads/main...refs/remotes/origin/main [50ms]
2024-04-23 12:30:38.155 [info] > git config --get commit.template [103ms]
2024-04-23 12:30:38.158 [info] > git cat-file -s aa069f27cbd9d53394428171c3989fd03db73c76 [45ms]
2024-04-23 12:30:38.187 [info] > git diff --name-status -z --diff-filter=ADMR 56880393d828e267994594127668037f852d02be...refs/remotes/origin/main [34ms]
2024-04-23 12:30:38.197 [info] > git for-each-ref --format=%(refname)%00%(upstream:short)%00%(objectname)%00%(upstream:track)%00%(upstream:remotename)%00%(upstream:remoteref) refs/heads/main refs/remotes/main [13ms]
2024-04-23 12:30:38.834 [info] > git status -z -uall [612ms]
2024-04-23 12:31:31.701 [info] > git config --get commit.template [2ms]
2024-04-23 12:31:31.734 [info] > git for-each-ref --format=%(refname)%00%(upstream:short)%00%(objectname)%00%(upstream:track)%00%(upstream:remotename)%00%(upstream:remoteref) refs/heads/main refs/remotes/main [4ms]
2024-04-23 12:31:32.248 [info] > git status -z -uall [481ms]
2024-04-23 12:32:17.514 [info] > git config --get commit.template [27ms]
2024-04-23 12:32:17.516 [info] > git for-each-ref --format=%(refname)%00%(upstream:short)%00%(objectname)%00%(upstream:track)%00%(upstream:remotename)%00%(upstream:remoteref) refs/heads/main refs/remotes/main [5ms]
2024-04-23 12:32:17.989 [info] > git status -z -uall [448ms]
2024-04-23 12:32:20.429 [info] > git check-ignore -v -z --stdin [20ms]
2024-04-23 12:32:21.916 [info] > git check-ignore -v -z --stdin [47ms]
2024-04-23 12:32:22.839 [info] > git check-ignore -v -z --stdin [19ms]
2024-04-23 12:32:23.110 [info] > git config --get commit.template [25ms]
2024-04-23 12:32:23.112 [info] > git for-each-ref --format=%(refname)%00%(upstream:short)%00%(objectname)%00%(upstream:track)%00%(upstream:remotename)%00%(upstream:remoteref) refs/heads/main refs/remotes/main [4ms]
2024-04-23 12:32:23.558 [info] > git status -z -uall [421ms]
2024-04-23 12:32:29.568 [info] > git show --textconv :ligue1-frontend/src/pages/HomePage/HomePage.js [462ms]
2024-04-23 12:32:29.570 [info] > git ls-files --stage -- /home/louis/ligue1-frontend/src/pages/HomePage/HomePage.js [327ms]
2024-04-23 12:32:29.718 [info] > git config --get commit.template [380ms]
2024-04-23 12:32:29.752 [info] > git cat-file -s 5ad876a6b403e3ef5931464ed43ba49c5baaad25 [153ms]
2024-04-23 12:32:29.901 [info] > git for-each-ref --format=%(refname)%00%(upstream:short)%00%(objectname)%00%(upstream:track)%00%(upstream:remotename)%00%(upstream:remoteref) refs/heads/main refs/remotes/main [79ms]
2024-04-23 12:32:31.258 [info] > git status -z -uall [1300ms]
2024-04-23 12:33:38.572 [info] > git config --get commit.template [30ms]
2024-04-23 12:33:38.580 [info] > git for-each-ref --format=%(refname)%00%(upstream:short)%00%(objectname)%00%(upstream:track)%00%(upstream:remotename)%00%(upstream:remoteref) refs/heads/main refs/remotes/main [10ms]
2024-04-23 12:33:39.859 [info] > git status -z -uall [1251ms]
2024-04-23 12:33:44.980 [info] > git config --get commit.template [31ms]
2024-04-23 12:33:44.982 [info] > git for-each-ref --format=%(refname)%00%(upstream:short)%00%(objectname)%00%(upstream:track)%00%(upstream:remotename)%00%(upstream:remoteref) refs/heads/main refs/remotes/main [4ms]
2024-04-23 12:33:45.419 [info] > git status -z -uall [408ms]
2024-04-23 12:33:50.888 [info] > git config --get commit.template [35ms]
2024-04-23 12:33:50.963 [info] > git for-each-ref --format=%(refname)%00%(upstream:short)%00%(objectname)%00%(upstream:track)%00%(upstream:remotename)%00%(upstream:remoteref) refs/heads/main refs/remotes/main [8ms]
2024-04-23 12:33:52.314 [info] > git status -z -uall [1293ms]
2024-04-23 12:33:57.428 [info] > git config --get commit.template [38ms]
2024-04-23 12:33:57.430 [info] > git for-each-ref --format=%(refname)%00%(upstream:short)%00%(objectname)%00%(upstream:track)%00%(upstream:remotename)%00%(upstream:remoteref) refs/heads/main refs/remotes/main [5ms]
2024-04-23 12:33:57.825 [info] > git status -z -uall [365ms]
2024-04-23 12:34:05.668 [info] > git config --get commit.template [53ms]
2024-04-23 12:34:05.722 [info] > git for-each-ref --format=%(refname)%00%(upstream:short)%00%(objectname)%00%(upstream:track)%00%(upstream:remotename)%00%(upstream:remoteref) refs/heads/main refs/remotes/main [11ms]
2024-04-23 12:34:06.878 [info] > git status -z -uall [1125ms]
2024-04-23 12:34:18.735 [info] > git config --get commit.template [49ms]
2024-04-23 12:34:18.742 [info] > git for-each-ref --format=%(refname)%00%(upstream:short)%00%(objectname)%00%(upstream:track)%00%(upstream:remotename)%00%(upstream:remoteref) refs/heads/main refs/remotes/main [8ms]
2024-04-23 12:34:19.559 [info] > git status -z -uall [779ms]
2024-04-23 12:34:36.521 [info] > git config --get commit.template [72ms]
2024-04-23 12:34:36.571 [info] > git for-each-ref --format=%(refname)%00%(upstream:short)%00%(objectname)%00%(upstream:track)%00%(upstream:remotename)%00%(upstream:remoteref) refs/heads/main refs/remotes/main [6ms]
2024-04-23 12:34:36.820 [info] > git show --textconv :ligue1-frontend/src/pages/HomePage/HomePage.css [49ms]
2024-04-23 12:34:36.846 [info] > git ls-files --stage -- /home/louis/ligue1-frontend/src/pages/HomePage/HomePage.css [29ms]
2024-04-23 12:34:36.886 [info] > git cat-file -s 78fd70144335a31440075a69e73c14b5c270cd2a [10ms]
2024-04-23 12:34:37.844 [info] > git status -z -uall [1232ms]
2024-04-23 12:35:23.061 [info] > git config --get commit.template [59ms]
2024-04-23 12:35:23.063 [info] > git for-each-ref --format=%(refname)%00%(upstream:short)%00%(objectname)%00%(upstream:track)%00%(upstream:remotename)%00%(upstream:remoteref) refs/heads/main refs/remotes/main [3ms]
2024-04-23 12:35:24.424 [info] > git status -z -uall [1325ms]
2024-04-23 12:35:26.408 [info] > git show --textconv :ligue1-frontend/src/app/App.js [120ms]
2024-04-23 12:35:26.437 [info] > git ls-files --stage -- /home/louis/ligue1-frontend/src/app/App.js [57ms]
2024-04-23 12:35:26.533 [info] > git cat-file -s ccd7311104569b8125462637331cfdd360738d5a [18ms]
2024-04-23 12:35:29.530 [info] > git config --get commit.template [2ms]
2024-04-23 12:35:29.575 [info] > git for-each-ref --format=%(refname)%00%(upstream:short)%00%(objectname)%00%(upstream:track)%00%(upstream:remotename)%00%(upstream:remoteref) refs/heads/main refs/remotes/main [2ms]
2024-04-23 12:35:30.058 [info] > git status -z -uall [448ms]
2024-04-23 12:35:35.200 [info] > git show --textconv :ligue1-frontend/src/index.js [63ms]
2024-04-23 12:35:35.206 [info] > git ls-files --stage -- /home/louis/ligue1-frontend/src/index.js [27ms]
2024-04-23 12:35:35.259 [info] > git cat-file -s a026e53e9022447de7f4f12a0f32acbe987f0a86 [10ms]
2024-04-23 12:35:35.636 [info] > git config --get commit.template [19ms]
2024-04-23 12:35:35.714 [info] > git for-each-ref --format=%(refname)%00%(upstream:short)%00%(objectname)%00%(upstream:track)%00%(upstream:remotename)%00%(upstream:remoteref) refs/heads/main refs/remotes/main [5ms]
2024-04-23 12:35:36.356 [info] > git status -z -uall [512ms]
2024-04-23 12:35:41.455 [info] > git config --get commit.template [3ms]
2024-04-23 12:35:41.516 [info] > git for-each-ref --format=%(refname)%00%(upstream:short)%00%(objectname)%00%(upstream:track)%00%(upstream:remotename)%00%(upstream:remoteref) refs/heads/main refs/remotes/main [2ms]
2024-04-23 12:35:42.931 [info] > git status -z -uall [1380ms]
2024-04-23 12:35:48.304 [info] > git config --get commit.template [64ms]
2024-04-23 12:35:48.493 [info] > git for-each-ref --format=%(refname)%00%(upstream:short)%00%(objectname)%00%(upstream:track)%00%(upstream:remotename)%00%(upstream:remoteref) refs/heads/main refs/remotes/main [72ms]
2024-04-23 12:35:49.493 [info] > git status -z -uall [875ms]
2024-04-23 12:35:54.636 [info] > git config --get commit.template [30ms]
2024-04-23 12:35:54.700 [info] > git for-each-ref --format=%(refname)%00%(upstream:short)%00%(objectname)%00%(upstream:track)%00%(upstream:remotename)%00%(upstream:remoteref) refs/heads/main refs/remotes/main [9ms]
2024-04-23 12:35:55.441 [info] > git status -z -uall [697ms]
2024-04-23 12:36:06.714 [info] > git config --get commit.template [4ms]
2024-04-23 12:36:06.759 [info] > git for-each-ref --format=%(refname)%00%(upstream:short)%00%(objectname)%00%(upstream:track)%00%(upstream:remotename)%00%(upstream:remoteref) refs/heads/main refs/remotes/main [3ms]
2024-04-23 12:36:07.215 [info] > git status -z -uall [415ms]
2024-04-23 12:36:12.332 [info] > git config --get commit.template [43ms]
2024-04-23 12:36:12.334 [info] > git for-each-ref --format=%(refname)%00%(upstream:short)%00%(objectname)%00%(upstream:track)%00%(upstream:remotename)%00%(upstream:remoteref) refs/heads/main refs/remotes/main [6ms]
2024-04-23 12:36:12.783 [info] > git status -z -uall [408ms]
2024-04-23 12:36:17.912 [info] > git config --get commit.template [50ms]
2024-04-23 12:36:17.913 [info] > git for-each-ref --format=%(refname)%00%(upstream:short)%00%(objectname)%00%(upstream:track)%00%(upstream:remotename)%00%(upstream:remoteref) refs/heads/main refs/remotes/main [3ms]
2024-04-23 12:36:18.427 [info] > git status -z -uall [457ms]
2024-04-23 12:36:23.531 [info] > git config --get commit.template [39ms]
2024-04-23 12:36:23.533 [info] > git for-each-ref --format=%(refname)%00%(upstream:short)%00%(objectname)%00%(upstream:track)%00%(upstream:remotename)%00%(upstream:remoteref) refs/heads/main refs/remotes/main [3ms]
2024-04-23 12:36:24.002 [info] > git status -z -uall [434ms]
2024-04-23 12:36:29.092 [info] > git config --get commit.template [2ms]
2024-04-23 12:36:29.162 [info] > git for-each-ref --format=%(refname)%00%(upstream:short)%00%(objectname)%00%(upstream:track)%00%(upstream:remotename)%00%(upstream:remoteref) refs/heads/main refs/remotes/main [5ms]
2024-04-23 12:36:29.716 [info] > git status -z -uall [509ms]
2024-04-23 12:36:35.518 [info] > git config --get commit.template [2ms]
2024-04-23 12:36:35.585 [info] > git for-each-ref --format=%(refname)%00%(upstream:short)%00%(objectname)%00%(upstream:track)%00%(upstream:remotename)%00%(upstream:remoteref) refs/heads/main refs/remotes/main [3ms]
2024-04-23 12:36:36.063 [info] > git status -z -uall [435ms]
2024-04-23 12:36:41.211 [info] > git config --get commit.template [64ms]
2024-04-23 12:36:41.214 [info] > git for-each-ref --format=%(refname)%00%(upstream:short)%00%(objectname)%00%(upstream:track)%00%(upstream:remotename)%00%(upstream:remoteref) refs/heads/main refs/remotes/main [4ms]
2024-04-23 12:36:41.721 [info] > git status -z -uall [459ms]
2024-04-23 12:36:54.405 [info] > git config --get commit.template [58ms]
2024-04-23 12:36:54.407 [info] > git for-each-ref --format=%(refname)%00%(upstream:short)%00%(objectname)%00%(upstream:track)%00%(upstream:remotename)%00%(upstream:remoteref) refs/heads/main refs/remotes/main [4ms]
2024-04-23 12:36:55.117 [info] > git status -z -uall [660ms]
2024-04-23 12:37:00.264 [info] > git config --get commit.template [33ms]
2024-04-23 12:37:00.345 [info] > git for-each-ref --format=%(refname)%00%(upstream:short)%00%(objectname)%00%(upstream:track)%00%(upstream:remotename)%00%(upstream:remoteref) refs/heads/main refs/remotes/main [33ms]
2024-04-23 12:37:01.880 [info] > git status -z -uall [1435ms]
2024-04-23 12:38:45.405 [info] > git config --get commit.template [1ms]
2024-04-23 12:38:45.449 [info] > git for-each-ref --format=%(refname)%00%(upstream:short)%00%(objectname)%00%(upstream:track)%00%(upstream:remotename)%00%(upstream:remoteref) refs/heads/main refs/remotes/main [4ms]
2024-04-23 12:38:45.869 [info] > git status -z -uall [382ms]
2024-04-23 12:38:56.597 [info] > git config --get commit.template [2ms]
2024-04-23 12:38:56.637 [info] > git for-each-ref --format=%(refname)%00%(upstream:short)%00%(objectname)%00%(upstream:track)%00%(upstream:remotename)%00%(upstream:remoteref) refs/heads/main refs/remotes/main [3ms]
2024-04-23 12:38:57.102 [info] > git status -z -uall [432ms]
2024-04-23 12:39:02.227 [info] > git config --get commit.template [3ms]
2024-04-23 12:39:02.266 [info] > git for-each-ref --format=%(refname)%00%(upstream:short)%00%(objectname)%00%(upstream:track)%00%(upstream:remotename)%00%(upstream:remoteref) refs/heads/main refs/remotes/main [3ms]
2024-04-23 12:39:02.897 [info] > git status -z -uall [586ms]
2024-04-23 12:39:04.153 [info] > git show --textconv :ligue1-frontend/src/pages/HomePage/HomePage.js [55ms]
2024-04-23 12:39:04.165 [info] > git ls-files --stage -- /home/louis/ligue1-frontend/src/pages/HomePage/HomePage.js [17ms]
2024-04-23 12:39:04.216 [info] > git cat-file -s 5ad876a6b403e3ef5931464ed43ba49c5baaad25 [6ms]
2024-04-23 12:39:04.967 [info] > git show --textconv :ligue1-frontend/src/pages/HomePage/HomePage.css [52ms]
2024-04-23 12:39:04.980 [info] > git ls-files --stage -- /home/louis/ligue1-frontend/src/pages/HomePage/HomePage.css [17ms]
2024-04-23 12:39:05.029 [info] > git cat-file -s 78fd70144335a31440075a69e73c14b5c270cd2a [2ms]
2024-04-23 12:39:08.015 [info] > git config --get commit.template [33ms]
2024-04-23 12:39:08.017 [info] > git for-each-ref --format=%(refname)%00%(upstream:short)%00%(objectname)%00%(upstream:track)%00%(upstream:remotename)%00%(upstream:remoteref) refs/heads/main refs/remotes/main [3ms]
2024-04-23 12:39:08.458 [info] > git status -z -uall [407ms]
2024-04-23 12:39:13.566 [info] > git config --get commit.template [34ms]
2024-04-23 12:39:13.568 [info] > git for-each-ref --format=%(refname)%00%(upstream:short)%00%(objectname)%00%(upstream:track)%00%(upstream:remotename)%00%(upstream:remoteref) refs/heads/main refs/remotes/main [4ms]
2024-04-23 12:39:14.019 [info] > git status -z -uall [420ms]
2024-04-23 12:39:17.048 [info] > git check-ignore -v -z --stdin [37ms]
2024-04-23 12:39:18.137 [info] > git check-ignore -v -z --stdin [190ms]
2024-04-23 12:39:19.173 [info] > git config --get commit.template [56ms]
2024-04-23 12:39:19.178 [info] > git for-each-ref --format=%(refname)%00%(upstream:short)%00%(objectname)%00%(upstream:track)%00%(upstream:remotename)%00%(upstream:remoteref) refs/heads/main refs/remotes/main [7ms]
2024-04-23 12:39:19.621 [info] > git status -z -uall [406ms]
2024-04-23 12:39:20.983 [info] > git check-ignore -v -z --stdin [29ms]
2024-04-23 12:39:24.731 [info] > git config --get commit.template [35ms]
2024-04-23 12:39:24.733 [info] > git for-each-ref --format=%(refname)%00%(upstream:short)%00%(objectname)%00%(upstream:track)%00%(upstream:remotename)%00%(upstream:remoteref) refs/heads/main refs/remotes/main [4ms]
2024-04-23 12:39:25.204 [info] > git status -z -uall [436ms]
2024-04-23 12:39:26.541 [info] > git show --textconv :.vscode-server/bin/019f4d1419fbc8219a181fab7892ebccf7ee29a2/extensions/css-language-features/client/dist/node/cssClientMain.js [469ms]
2024-04-23 12:39:26.556 [info] > git ls-files --stage -- /home/louis/.vscode-server/bin/019f4d1419fbc8219a181fab7892ebccf7ee29a2/extensions/css-language-features/client/dist/node/cssClientMain.js [255ms]
2024-04-23 12:39:26.749 [info] > git check-ignore -v -z --stdin [214ms]
2024-04-23 12:39:26.782 [info] > git cat-file -s 69867ec7819c399fb4d49fff05c2df3b843da471 [38ms]
2024-04-23 12:39:28.939 [info] > git check-ignore -v -z --stdin [55ms]
2024-04-23 12:39:29.949 [info] > git check-ignore -v -z --stdin [47ms]
2024-04-23 12:39:30.532 [info] > git config --get commit.template [144ms]
2024-04-23 12:39:30.538 [info] > git for-each-ref --format=%(refname)%00%(upstream:short)%00%(objectname)%00%(upstream:track)%00%(upstream:remotename)%00%(upstream:remoteref) refs/heads/main refs/remotes/main [8ms]
2024-04-23 12:39:31.801 [info] > git status -z -uall [1209ms]
2024-04-23 12:39:32.870 [info] > git check-ignore -v -z --stdin [33ms]
2024-04-23 12:39:35.042 [info] > git check-ignore -v -z --stdin [47ms]
2024-04-23 12:39:37.168 [info] > git config --get commit.template [58ms]
2024-04-23 12:39:37.181 [info] > git for-each-ref --format=%(refname)%00%(upstream:short)%00%(objectname)%00%(upstream:track)%00%(upstream:remotename)%00%(upstream:remoteref) refs/heads/main refs/remotes/main [15ms]
2024-04-23 12:39:38.211 [info] > git status -z -uall [945ms]
2024-04-23 12:39:45.423 [info] > git config --get commit.template [9ms]
2024-04-23 12:39:45.467 [info] > git for-each-ref --format=%(refname)%00%(upstream:short)%00%(objectname)%00%(upstream:track)%00%(upstream:remotename)%00%(upstream:remoteref) refs/heads/main refs/remotes/main [4ms]
2024-04-23 12:39:46.115 [info] > git status -z -uall [611ms]
2024-04-23 12:39:51.273 [info] > git config --get commit.template [49ms]
2024-04-23 12:39:51.278 [info] > git for-each-ref --format=%(refname)%00%(upstream:short)%00%(objectname)%00%(upstream:track)%00%(upstream:remotename)%00%(upstream:remoteref) refs/heads/main refs/remotes/main [8ms]
2024-04-23 12:39:52.045 [info] > git status -z -uall [699ms]
2024-04-23 12:39:57.167 [info] > git config --get commit.template [41ms]
2024-04-23 12:39:57.173 [info] > git for-each-ref --format=%(refname)%00%(upstream:short)%00%(objectname)%00%(upstream:track)%00%(upstream:remotename)%00%(upstream:remoteref) refs/heads/main refs/remotes/main [7ms]
2024-04-23 12:39:57.692 [info] > git status -z -uall [481ms]
2024-04-23 12:40:02.884 [info] > git config --get commit.template [6ms]
2024-04-23 12:40:02.982 [info] > git for-each-ref --format=%(refname)%00%(upstream:short)%00%(objectname)%00%(upstream:track)%00%(upstream:remotename)%00%(upstream:remoteref) refs/heads/main refs/remotes/main [7ms]
2024-04-23 12:40:03.438 [info] > git show --textconv :ligue1-frontend/src/pages/HomePage/HomePage.css [92ms]
2024-04-23 12:40:03.471 [info] > git ls-files --stage -- /home/louis/ligue1-frontend/src/pages/HomePage/HomePage.css [37ms]
2024-04-23 12:40:03.571 [info] > git cat-file -s 78fd70144335a31440075a69e73c14b5c270cd2a [13ms]
2024-04-23 12:40:03.990 [info] > git status -z -uall [909ms]
2024-04-23 12:40:09.174 [info] > git config --get commit.template [2ms]
2024-04-23 12:40:09.336 [info] > git for-each-ref --format=%(refname)%00%(upstream:short)%00%(objectname)%00%(upstream:track)%00%(upstream:remotename)%00%(upstream:remoteref) refs/heads/main refs/remotes/main [15ms]
2024-04-23 12:40:10.120 [info] > git status -z -uall [695ms]
2024-04-23 12:40:15.366 [info] > git config --get commit.template [106ms]
2024-04-23 12:40:15.369 [info] > git for-each-ref --format=%(refname)%00%(upstream:short)%00%(objectname)%00%(upstream:track)%00%(upstream:remotename)%00%(upstream:remoteref) refs/heads/main refs/remotes/main [5ms]
2024-04-23 12:40:16.477 [info] > git status -z -uall [998ms]
2024-04-23 12:40:21.897 [info] > git config --get commit.template [46ms]
2024-04-23 12:40:21.904 [info] > git for-each-ref --format=%(refname)%00%(upstream:short)%00%(objectname)%00%(upstream:track)%00%(upstream:remotename)%00%(upstream:remoteref) refs/heads/main refs/remotes/main [9ms]
2024-04-23 12:40:22.653 [info] > git status -z -uall [708ms]
2024-04-23 12:40:39.091 [info] > git config --get commit.template [107ms]
2024-04-23 12:40:39.108 [info] > git for-each-ref --format=%(refname)%00%(upstream:short)%00%(objectname)%00%(upstream:track)%00%(upstream:remotename)%00%(upstream:remoteref) refs/heads/main refs/remotes/main [19ms]
2024-04-23 12:40:40.397 [info] > git status -z -uall [1195ms]
2024-04-23 12:41:18.485 [info] > git check-ignore -v -z --stdin [66ms]
2024-04-23 12:41:30.107 [info] > git check-ignore -v -z --stdin [14ms]
2024-04-23 12:41:44.611 [info] > git config --get commit.template [45ms]
2024-04-23 12:41:44.613 [info] > git for-each-ref --format=%(refname)%00%(upstream:short)%00%(objectname)%00%(upstream:track)%00%(upstream:remotename)%00%(upstream:remoteref) refs/heads/main refs/remotes/main [5ms]
2024-04-23 12:41:45.165 [info] > git status -z -uall [517ms]
2024-04-23 12:41:47.650 [info] > git show --textconv :.vscode-server/data/User/History/29915c2c/HEXS.css [97ms]
2024-04-23 12:41:47.665 [info] > git ls-files --stage -- /home/louis/.vscode-server/data/User/History/29915c2c/HEXS.css [42ms]
2024-04-23 12:41:47.707 [info] > git cat-file -s 9bd481f54a4e28e2ecaedf314836c7022e70627b [7ms]
2024-04-23 12:41:47.808 [info] > git check-ignore -v -z --stdin [20ms]
2024-04-23 12:41:50.291 [info] > git config --get commit.template [41ms]
2024-04-23 12:41:50.294 [info] > git for-each-ref --format=%(refname)%00%(upstream:short)%00%(objectname)%00%(upstream:track)%00%(upstream:remotename)%00%(upstream:remoteref) refs/heads/main refs/remotes/main [4ms]
2024-04-23 12:41:50.744 [info] > git status -z -uall [413ms]
2024-04-23 12:41:52.940 [info] > git show --textconv :.vscode-server/data/User/History/29915c2c/vjIf.css [45ms]
2024-04-23 12:41:52.952 [info] > git ls-files --stage -- /home/louis/.vscode-server/data/User/History/29915c2c/vjIf.css [21ms]
2024-04-23 12:41:52.994 [info] > git cat-file -s de63379ec90344dfa5b522d9124016f62d55ea74 [3ms]
2024-04-23 12:41:55.357 [info] > git show --textconv :.vscode-server/data/User/History/29915c2c/HEXS.css [40ms]
2024-04-23 12:41:55.363 [info] > git ls-files --stage -- /home/louis/.vscode-server/data/User/History/29915c2c/HEXS.css [12ms]
2024-04-23 12:41:55.402 [info] > git cat-file -s 9bd481f54a4e28e2ecaedf314836c7022e70627b [5ms]
2024-04-23 12:41:55.859 [info] > git for-each-ref --format=%(refname)%00%(upstream:short)%00%(objectname)%00%(upstream:track)%00%(upstream:remotename)%00%(upstream:remoteref) refs/heads/main refs/remotes/main [6ms]
2024-04-23 12:41:55.860 [info] > git config --get commit.template [42ms]
2024-04-23 12:41:56.270 [info] > git status -z -uall [375ms]
2024-04-23 12:42:01.363 [info] > git config --get commit.template [2ms]
2024-04-23 12:42:01.412 [info] > git for-each-ref --format=%(refname)%00%(upstream:short)%00%(objectname)%00%(upstream:track)%00%(upstream:remotename)%00%(upstream:remoteref) refs/heads/main refs/remotes/main [11ms]
2024-04-23 12:42:01.885 [info] > git status -z -uall [433ms]
2024-04-23 12:43:38.091 [info] > git config --get commit.template [32ms]
2024-04-23 12:43:38.092 [info] > git for-each-ref --format=%(refname)%00%(upstream:short)%00%(objectname)%00%(upstream:track)%00%(upstream:remotename)%00%(upstream:remoteref) refs/heads/main refs/remotes/main [4ms]
2024-04-23 12:43:38.531 [info] > git status -z -uall [401ms]
2024-04-23 12:52:51.955 [info] > git config --get commit.template [37ms]
2024-04-23 12:52:51.957 [info] > git for-each-ref --format=%(refname)%00%(upstream:short)%00%(objectname)%00%(upstream:track)%00%(upstream:remotename)%00%(upstream:remoteref) refs/heads/main refs/remotes/main [4ms]
2024-04-23 12:52:52.428 [info] > git status -z -uall [434ms]
2024-04-23 12:55:38.722 [info] > git config --get commit.template [4ms]
2024-04-23 12:55:38.763 [info] > git for-each-ref --format=%(refname)%00%(upstream:short)%00%(objectname)%00%(upstream:track)%00%(upstream:remotename)%00%(upstream:remoteref) refs/heads/main refs/remotes/main [3ms]
2024-04-23 12:55:39.223 [info] > git status -z -uall [423ms]
2024-04-23 12:55:42.782 [info] > git show --textconv :ligue1-frontend/src/pages/HomePage/HomePage.css [48ms]
2024-04-23 12:55:42.793 [info] > git ls-files --stage -- /home/louis/ligue1-frontend/src/pages/HomePage/HomePage.css [15ms]
2024-04-23 12:55:42.829 [info] > git cat-file -s 78fd70144335a31440075a69e73c14b5c270cd2a [2ms]
2024-04-23 12:55:44.220 [info] > git show --textconv :ligue1-frontend/src/pages/HomePage/HomePage.js [40ms]
2024-04-23 12:55:44.244 [info] > git ls-files --stage -- /home/louis/ligue1-frontend/src/pages/HomePage/HomePage.js [29ms]
2024-04-23 12:55:44.330 [info] > git cat-file -s 5ad876a6b403e3ef5931464ed43ba49c5baaad25 [48ms]
2024-04-23 12:55:44.335 [info] > git config --get commit.template [6ms]
2024-04-23 12:55:44.408 [info] > git for-each-ref --format=%(refname)%00%(upstream:short)%00%(objectname)%00%(upstream:track)%00%(upstream:remotename)%00%(upstream:remoteref) refs/heads/main refs/remotes/main [5ms]
2024-04-23 12:55:44.884 [info] > git status -z -uall [437ms]
2024-04-23 12:55:46.062 [info] > git show --textconv :ligue1-frontend/src/pages/HomePage/HomePage.css [43ms]
2024-04-23 12:55:46.071 [info] > git ls-files --stage -- /home/louis/ligue1-frontend/src/pages/HomePage/HomePage.css [14ms]
2024-04-23 12:55:46.113 [info] > git cat-file -s 78fd70144335a31440075a69e73c14b5c270cd2a [2ms]
2024-04-23 12:55:49.235 [info] > git show --textconv :ligue1-frontend/src/pages/HomePage/HomePage.js [58ms]
2024-04-23 12:55:49.241 [info] > git ls-files --stage -- /home/louis/ligue1-frontend/src/pages/HomePage/HomePage.js [20ms]
2024-04-23 12:55:49.293 [info] > git cat-file -s 5ad876a6b403e3ef5931464ed43ba49c5baaad25 [5ms]
2024-04-23 12:55:49.966 [info] > git config --get commit.template [3ms]
2024-04-23 12:55:50.028 [info] > git for-each-ref --format=%(refname)%00%(upstream:short)%00%(objectname)%00%(upstream:track)%00%(upstream:remotename)%00%(upstream:remoteref) refs/heads/main refs/remotes/main [3ms]
2024-04-23 12:55:50.571 [info] > git status -z -uall [495ms]
2024-04-23 12:56:16.216 [info] > git config --get commit.template [2ms]
2024-04-23 12:56:16.258 [info] > git for-each-ref --format=%(refname)%00%(upstream:short)%00%(objectname)%00%(upstream:track)%00%(upstream:remotename)%00%(upstream:remoteref) refs/heads/main refs/remotes/main [4ms]
2024-04-23 12:56:16.754 [info] > git status -z -uall [455ms]
2024-04-23 12:56:22.128 [info] > git config --get commit.template [117ms]
2024-04-23 12:56:22.816 [info] > git for-each-ref --format=%(refname)%00%(upstream:short)%00%(objectname)%00%(upstream:track)%00%(upstream:remotename)%00%(upstream:remoteref) refs/heads/main refs/remotes/main [479ms]
2024-04-23 12:56:24.421 [info] > git status -z -uall [1397ms]
2024-04-23 12:56:29.500 [info] > git config --get commit.template [3ms]
2024-04-23 12:56:29.541 [info] > git for-each-ref --format=%(refname)%00%(upstream:short)%00%(objectname)%00%(upstream:track)%00%(upstream:remotename)%00%(upstream:remoteref) refs/heads/main refs/remotes/main [4ms]
2024-04-23 12:56:29.990 [info] > git status -z -uall [410ms]
2024-04-23 12:56:34.882 [info] > git show --textconv :ligue1-frontend/src/pages/HomePage/HomePage.css [64ms]
2024-04-23 12:56:34.894 [info] > git ls-files --stage -- /home/louis/ligue1-frontend/src/pages/HomePage/HomePage.css [16ms]
2024-04-23 12:56:34.939 [info] > git cat-file -s 78fd70144335a31440075a69e73c14b5c270cd2a [3ms]
2024-04-23 12:56:35.116 [info] > git config --get commit.template [41ms]
2024-04-23 12:56:35.118 [info] > git for-each-ref --format=%(refname)%00%(upstream:short)%00%(objectname)%00%(upstream:track)%00%(upstream:remotename)%00%(upstream:remoteref) refs/heads/main refs/remotes/main [5ms]
2024-04-23 12:56:35.577 [info] > git status -z -uall [417ms]
2024-04-23 12:56:40.669 [info] > git config --get commit.template [4ms]
2024-04-23 12:56:40.720 [info] > git for-each-ref --format=%(refname)%00%(upstream:short)%00%(objectname)%00%(upstream:track)%00%(upstream:remotename)%00%(upstream:remoteref) refs/heads/main refs/remotes/main [4ms]
2024-04-23 12:56:41.190 [info] > git status -z -uall [432ms]
2024-04-23 12:56:46.320 [info] > git config --get commit.template [43ms]
2024-04-23 12:56:46.322 [info] > git for-each-ref --format=%(refname)%00%(upstream:short)%00%(objectname)%00%(upstream:track)%00%(upstream:remotename)%00%(upstream:remoteref) refs/heads/main refs/remotes/main [5ms]
2024-04-23 12:56:46.761 [info] > git status -z -uall [399ms]
2024-04-23 12:57:15.946 [info] > git config --get commit.template [2ms]
2024-04-23 12:57:15.993 [info] > git for-each-ref --format=%(refname)%00%(upstream:short)%00%(objectname)%00%(upstream:track)%00%(upstream:remotename)%00%(upstream:remoteref) refs/heads/main refs/remotes/main [3ms]
2024-04-23 12:57:16.473 [info] > git status -z -uall [437ms]
2024-04-23 12:59:20.176 [info] > git config --get commit.template [37ms]
2024-04-23 12:59:20.178 [info] > git for-each-ref --format=%(refname)%00%(upstream:short)%00%(objectname)%00%(upstream:track)%00%(upstream:remotename)%00%(upstream:remoteref) refs/heads/main refs/remotes/main [4ms]
2024-04-23 12:59:20.611 [info] > git status -z -uall [397ms]
2024-04-23 12:59:34.784 [info] > git config --get commit.template [39ms]
2024-04-23 12:59:34.785 [info] > git for-each-ref --format=%(refname)%00%(upstream:short)%00%(objectname)%00%(upstream:track)%00%(upstream:remotename)%00%(upstream:remoteref) refs/heads/main refs/remotes/main [5ms]
2024-04-23 12:59:35.211 [info] > git status -z -uall [386ms]
2024-04-23 12:59:40.357 [info] > git config --get commit.template [37ms]
2024-04-23 12:59:40.358 [info] > git for-each-ref --format=%(refname)%00%(upstream:short)%00%(objectname)%00%(upstream:track)%00%(upstream:remotename)%00%(upstream:remoteref) refs/heads/main refs/remotes/main [3ms]
2024-04-23 12:59:40.806 [info] > git status -z -uall [406ms]
2024-04-23 13:00:17.429 [info] > git config --get commit.template [44ms]
2024-04-23 13:00:17.433 [info] > git for-each-ref --format=%(refname)%00%(upstream:short)%00%(objectname)%00%(upstream:track)%00%(upstream:remotename)%00%(upstream:remoteref) refs/heads/main refs/remotes/main [6ms]
2024-04-23 13:00:17.938 [info] > git status -z -uall [446ms]
2024-04-23 13:03:13.438 [info] > git config --get commit.template [36ms]
2024-04-23 13:03:13.440 [info] > git for-each-ref --format=%(refname)%00%(upstream:short)%00%(objectname)%00%(upstream:track)%00%(upstream:remotename)%00%(upstream:remoteref) refs/heads/main refs/remotes/main [4ms]
2024-04-23 13:03:13.920 [info] > git status -z -uall [412ms]
2024-04-23 13:03:15.804 [info] > git show --textconv :ligue1-frontend/src/pages/HomePage/HomePage.js [40ms]
2024-04-23 13:03:15.818 [info] > git ls-files --stage -- /home/louis/ligue1-frontend/src/pages/HomePage/HomePage.js [17ms]
2024-04-23 13:03:15.863 [info] > git cat-file -s 5ad876a6b403e3ef5931464ed43ba49c5baaad25 [2ms]
2024-04-23 13:03:19.011 [info] > git config --get commit.template [3ms]
2024-04-23 13:03:19.052 [info] > git for-each-ref --format=%(refname)%00%(upstream:short)%00%(objectname)%00%(upstream:track)%00%(upstream:remotename)%00%(upstream:remoteref) refs/heads/main refs/remotes/main [3ms]
2024-04-23 13:03:19.517 [info] > git status -z -uall [422ms]
2024-04-23 13:03:24.625 [info] > git config --get commit.template [37ms]
2024-04-23 13:03:24.626 [info] > git for-each-ref --format=%(refname)%00%(upstream:short)%00%(objectname)%00%(upstream:track)%00%(upstream:remotename)%00%(upstream:remoteref) refs/heads/main refs/remotes/main [3ms]
2024-04-23 13:03:25.079 [info] > git status -z -uall [415ms]
2024-04-23 13:03:30.210 [info] > git config --get commit.template [40ms]
2024-04-23 13:03:30.214 [info] > git for-each-ref --format=%(refname)%00%(upstream:short)%00%(objectname)%00%(upstream:track)%00%(upstream:remotename)%00%(upstream:remoteref) refs/heads/main refs/remotes/main [5ms]
2024-04-23 13:03:30.714 [info] > git status -z -uall [450ms]
2024-04-23 13:03:45.183 [info] > git config --get commit.template [3ms]
2024-04-23 13:03:45.222 [info] > git for-each-ref --format=%(refname)%00%(upstream:short)%00%(objectname)%00%(upstream:track)%00%(upstream:remotename)%00%(upstream:remoteref) refs/heads/main refs/remotes/main [3ms]
2024-04-23 13:03:45.632 [info] > git status -z -uall [374ms]
2024-04-23 13:03:50.760 [info] > git config --get commit.template [48ms]
2024-04-23 13:03:50.772 [info] > git for-each-ref --format=%(refname)%00%(upstream:short)%00%(objectname)%00%(upstream:track)%00%(upstream:remotename)%00%(upstream:remoteref) refs/heads/main refs/remotes/main [14ms]
2024-04-23 13:03:51.711 [info] > git status -z -uall [898ms]
2024-04-23 13:03:56.923 [info] > git config --get commit.template [116ms]
2024-04-23 13:03:56.944 [info] > git for-each-ref --format=%(refname)%00%(upstream:short)%00%(objectname)%00%(upstream:track)%00%(upstream:remotename)%00%(upstream:remoteref) refs/heads/main refs/remotes/main [22ms]
2024-04-23 13:03:57.738 [info] > git status -z -uall [751ms]
2024-04-23 13:04:02.927 [info] > git config --get commit.template [50ms]
2024-04-23 13:04:02.933 [info] > git for-each-ref --format=%(refname)%00%(upstream:short)%00%(objectname)%00%(upstream:track)%00%(upstream:remotename)%00%(upstream:remoteref) refs/heads/main refs/remotes/main [8ms]
2024-04-23 13:04:03.585 [info] > git status -z -uall [577ms]
2024-04-23 13:04:08.776 [info] > git config --get commit.template [74ms]
2024-04-23 13:04:08.777 [info] > git for-each-ref --format=%(refname)%00%(upstream:short)%00%(objectname)%00%(upstream:track)%00%(upstream:remotename)%00%(upstream:remoteref) refs/heads/main refs/remotes/main [13ms]
2024-04-23 13:04:09.427 [info] > git status -z -uall [601ms]
2024-04-23 13:04:17.850 [info] > git config --get commit.template [9ms]
2024-04-23 13:04:17.895 [info] > git for-each-ref --format=%(refname)%00%(upstream:short)%00%(objectname)%00%(upstream:track)%00%(upstream:remotename)%00%(upstream:remoteref) refs/heads/main refs/remotes/main [3ms]
2024-04-23 13:04:18.413 [info] > git status -z -uall [476ms]
2024-04-23 13:06:42.466 [info] > git config --get commit.template [156ms]
2024-04-23 13:06:42.556 [info] > git for-each-ref --format=%(refname)%00%(upstream:short)%00%(objectname)%00%(upstream:track)%00%(upstream:remotename)%00%(upstream:remoteref) refs/heads/main refs/remotes/main [17ms]
2024-04-23 13:06:44.131 [info] > git status -z -uall [1498ms]
2024-04-23 13:07:22.909 [info] > git config --get commit.template [25ms]
2024-04-23 13:07:22.956 [info] > git for-each-ref --format=%(refname)%00%(upstream:short)%00%(objectname)%00%(upstream:track)%00%(upstream:remotename)%00%(upstream:remoteref) refs/heads/main refs/remotes/main [4ms]
2024-04-23 13:07:23.454 [info] > git status -z -uall [445ms]
2024-04-23 13:07:28.703 [info] > git config --get commit.template [16ms]
2024-04-23 13:07:28.780 [info] > git for-each-ref --format=%(refname)%00%(upstream:short)%00%(objectname)%00%(upstream:track)%00%(upstream:remotename)%00%(upstream:remoteref) refs/heads/main refs/remotes/main [27ms]
2024-04-23 13:07:30.203 [info] > git status -z -uall [1361ms]
2024-04-23 13:07:35.415 [info] > git config --get commit.template [59ms]
2024-04-23 13:07:35.417 [info] > git for-each-ref --format=%(refname)%00%(upstream:short)%00%(objectname)%00%(upstream:track)%00%(upstream:remotename)%00%(upstream:remoteref) refs/heads/main refs/remotes/main [9ms]
2024-04-23 13:07:35.977 [info] > git status -z -uall [490ms]
2024-04-23 13:07:41.152 [info] > git for-each-ref --format=%(refname)%00%(upstream:short)%00%(objectname)%00%(upstream:track)%00%(upstream:remotename)%00%(upstream:remoteref) refs/heads/main refs/remotes/main [3ms]
2024-04-23 13:07:41.154 [info] > git config --get commit.template [79ms]
2024-04-23 13:07:41.676 [info] > git status -z -uall [467ms]
2024-04-23 13:07:46.770 [info] > git config --get commit.template [2ms]
2024-04-23 13:07:46.821 [info] > git for-each-ref --format=%(refname)%00%(upstream:short)%00%(objectname)%00%(upstream:track)%00%(upstream:remotename)%00%(upstream:remoteref) refs/heads/main refs/remotes/main [3ms]
2024-04-23 13:07:47.361 [info] > git status -z -uall [489ms]
2024-04-23 13:07:52.982 [info] > git config --get commit.template [68ms]
2024-04-23 13:07:52.983 [info] > git for-each-ref --format=%(refname)%00%(upstream:short)%00%(objectname)%00%(upstream:track)%00%(upstream:remotename)%00%(upstream:remoteref) refs/heads/main refs/remotes/main [17ms]
2024-04-23 13:07:53.848 [info] > git status -z -uall [826ms]
2024-04-23 13:08:10.724 [info] > git config --get commit.template [66ms]
2024-04-23 13:08:10.726 [info] > git for-each-ref --format=%(refname)%00%(upstream:short)%00%(objectname)%00%(upstream:track)%00%(upstream:remotename)%00%(upstream:remoteref) refs/heads/main refs/remotes/main [5ms]
2024-04-23 13:08:11.147 [info] > git status -z -uall [369ms]
2024-04-23 13:08:12.322 [info] > git show --textconv :ligue1-frontend/src/pages/HomePage/HomePage.css [75ms]
2024-04-23 13:08:12.340 [info] > git ls-files --stage -- /home/louis/ligue1-frontend/src/pages/HomePage/HomePage.css [22ms]
2024-04-23 13:08:12.403 [info] > git cat-file -s 78fd70144335a31440075a69e73c14b5c270cd2a [3ms]
2024-04-23 13:08:16.274 [info] > git config --get commit.template [48ms]
2024-04-23 13:08:16.276 [info] > git for-each-ref --format=%(refname)%00%(upstream:short)%00%(objectname)%00%(upstream:track)%00%(upstream:remotename)%00%(upstream:remoteref) refs/heads/main refs/remotes/main [4ms]
2024-04-23 13:08:17.122 [info] > git status -z -uall [800ms]
2024-04-23 13:13:31.436 [info] > git config --get commit.template [58ms]
2024-04-23 13:13:31.439 [info] > git for-each-ref --format=%(refname)%00%(upstream:short)%00%(objectname)%00%(upstream:track)%00%(upstream:remotename)%00%(upstream:remoteref) refs/heads/main refs/remotes/main [6ms]
2024-04-23 13:13:31.992 [info] > git status -z -uall [500ms]
2024-04-23 13:13:33.329 [info] > git show --textconv :ligue1-frontend/src/pages/HomePage/HomePage.js [62ms]
2024-04-23 13:13:33.335 [info] > git ls-files --stage -- /home/louis/ligue1-frontend/src/pages/HomePage/HomePage.js [22ms]
2024-04-23 13:13:33.385 [info] > git cat-file -s 5ad876a6b403e3ef5931464ed43ba49c5baaad25 [4ms]
2024-04-23 13:13:37.143 [info] > git config --get commit.template [35ms]
2024-04-23 13:13:37.144 [info] > git for-each-ref --format=%(refname)%00%(upstream:short)%00%(objectname)%00%(upstream:track)%00%(upstream:remotename)%00%(upstream:remoteref) refs/heads/main refs/remotes/main [3ms]
2024-04-23 13:13:37.638 [info] > git status -z -uall [458ms]
2024-04-23 13:13:42.748 [info] > git config --get commit.template [4ms]
2024-04-23 13:13:42.790 [info] > git for-each-ref --format=%(refname)%00%(upstream:short)%00%(objectname)%00%(upstream:track)%00%(upstream:remotename)%00%(upstream:remoteref) refs/heads/main refs/remotes/main [3ms]
2024-04-23 13:13:43.180 [info] > git status -z -uall [353ms]
2024-04-23 13:14:03.433 [info] > git config --get commit.template [2ms]
2024-04-23 13:14:03.481 [info] > git for-each-ref --format=%(refname)%00%(upstream:short)%00%(objectname)%00%(upstream:track)%00%(upstream:remotename)%00%(upstream:remoteref) refs/heads/main refs/remotes/main [4ms]
2024-04-23 13:14:03.921 [info] > git status -z -uall [388ms]
2024-04-23 13:14:09.077 [info] > git config --get commit.template [43ms]
2024-04-23 13:14:09.081 [info] > git for-each-ref --format=%(refname)%00%(upstream:short)%00%(objectname)%00%(upstream:track)%00%(upstream:remotename)%00%(upstream:remoteref) refs/heads/main refs/remotes/main [5ms]
2024-04-23 13:14:09.523 [info] > git status -z -uall [392ms]
2024-04-23 13:14:14.617 [info] > git config --get commit.template [6ms]
2024-04-23 13:14:14.665 [info] > git for-each-ref --format=%(refname)%00%(upstream:short)%00%(objectname)%00%(upstream:track)%00%(upstream:remotename)%00%(upstream:remoteref) refs/heads/main refs/remotes/main [4ms]
2024-04-23 13:14:15.117 [info] > git status -z -uall [405ms]
2024-04-23 13:14:20.285 [info] > git config --get commit.template [27ms]
2024-04-23 13:14:20.427 [info] > git for-each-ref --format=%(refname)%00%(upstream:short)%00%(objectname)%00%(upstream:track)%00%(upstream:remotename)%00%(upstream:remoteref) refs/heads/main refs/remotes/main [37ms]
2024-04-23 13:14:21.628 [info] > git status -z -uall [1102ms]
2024-04-23 13:14:31.914 [info] > git config --get commit.template [3ms]
2024-04-23 13:14:31.958 [info] > git for-each-ref --format=%(refname)%00%(upstream:short)%00%(objectname)%00%(upstream:track)%00%(upstream:remotename)%00%(upstream:remoteref) refs/heads/main refs/remotes/main [3ms]
2024-04-23 13:14:32.396 [info] > git status -z -uall [388ms]
2024-04-23 13:14:39.358 [info] > git config --get commit.template [39ms]
2024-04-23 13:14:39.362 [info] > git for-each-ref --format=%(refname)%00%(upstream:short)%00%(objectname)%00%(upstream:track)%00%(upstream:remotename)%00%(upstream:remoteref) refs/heads/main refs/remotes/main [5ms]
2024-04-23 13:14:39.915 [info] > git status -z -uall [504ms]
2024-04-23 13:14:53.014 [info] > git config --get commit.template [2ms]
2024-04-23 13:14:53.058 [info] > git for-each-ref --format=%(refname)%00%(upstream:short)%00%(objectname)%00%(upstream:track)%00%(upstream:remotename)%00%(upstream:remoteref) refs/heads/main refs/remotes/main [3ms]
2024-04-23 13:14:53.486 [info] > git status -z -uall [387ms]
2024-04-23 13:14:58.613 [info] > git config --get commit.template [39ms]
2024-04-23 13:14:58.615 [info] > git for-each-ref --format=%(refname)%00%(upstream:short)%00%(objectname)%00%(upstream:track)%00%(upstream:remotename)%00%(upstream:remoteref) refs/heads/main refs/remotes/main [3ms]
2024-04-23 13:14:59.622 [info] > git status -z -uall [961ms]
2024-04-23 13:15:04.882 [info] > git config --get commit.template [22ms]
2024-04-23 13:15:04.946 [info] > git for-each-ref --format=%(refname)%00%(upstream:short)%00%(objectname)%00%(upstream:track)%00%(upstream:remotename)%00%(upstream:remoteref) refs/heads/main refs/remotes/main [12ms]
2024-04-23 13:15:05.730 [info] > git status -z -uall [659ms]
2024-04-23 13:15:39.465 [info] > git config --get commit.template [46ms]
2024-04-23 13:15:39.468 [info] > git for-each-ref --format=%(refname)%00%(upstream:short)%00%(objectname)%00%(upstream:track)%00%(upstream:remotename)%00%(upstream:remoteref) refs/heads/main refs/remotes/main [5ms]
2024-04-23 13:15:39.922 [info] > git status -z -uall [404ms]
2024-04-23 13:15:56.717 [info] > git config --get commit.template [55ms]
2024-04-23 13:15:56.719 [info] > git for-each-ref --format=%(refname)%00%(upstream:short)%00%(objectname)%00%(upstream:track)%00%(upstream:remotename)%00%(upstream:remoteref) refs/heads/main refs/remotes/main [9ms]
2024-04-23 13:15:57.149 [info] > git status -z -uall [380ms]
2024-04-23 13:15:58.153 [info] > git show --textconv :ligue1-frontend/src/pages/HomePage/HomePage.css [57ms]
2024-04-23 13:15:58.160 [info] > git ls-files --stage -- /home/louis/ligue1-frontend/src/pages/HomePage/HomePage.css [11ms]
2024-04-23 13:15:58.209 [info] > git cat-file -s 78fd70144335a31440075a69e73c14b5c270cd2a [3ms]
2024-04-23 13:17:35.459 [info] > git config --get commit.template [50ms]
2024-04-23 13:17:35.461 [info] > git for-each-ref --format=%(refname)%00%(upstream:short)%00%(objectname)%00%(upstream:track)%00%(upstream:remotename)%00%(upstream:remoteref) refs/heads/main refs/remotes/main [3ms]
2024-04-23 13:17:35.946 [info] > git status -z -uall [425ms]
2024-04-23 13:20:13.705 [info] > git config --get commit.template [61ms]
2024-04-23 13:20:13.707 [info] > git for-each-ref --format=%(refname)%00%(upstream:short)%00%(objectname)%00%(upstream:track)%00%(upstream:remotename)%00%(upstream:remoteref) refs/heads/main refs/remotes/main [3ms]
2024-04-23 13:20:14.335 [info] > git status -z -uall [569ms]
2024-04-23 13:20:19.505 [info] > git config --get commit.template [59ms]
2024-04-23 13:20:19.509 [info] > git for-each-ref --format=%(refname)%00%(upstream:short)%00%(objectname)%00%(upstream:track)%00%(upstream:remotename)%00%(upstream:remoteref) refs/heads/main refs/remotes/main [5ms]
2024-04-23 13:20:20.017 [info] > git status -z -uall [455ms]
2024-04-23 13:20:25.203 [info] > git config --get commit.template [59ms]
2024-04-23 13:20:25.205 [info] > git for-each-ref --format=%(refname)%00%(upstream:short)%00%(objectname)%00%(upstream:track)%00%(upstream:remotename)%00%(upstream:remoteref) refs/heads/main refs/remotes/main [3ms]
2024-04-23 13:20:25.744 [info] > git status -z -uall [486ms]
2024-04-23 13:22:54.648 [info] > git config --get commit.template [3ms]
2024-04-23 13:22:54.698 [info] > git for-each-ref --format=%(refname)%00%(upstream:short)%00%(objectname)%00%(upstream:track)%00%(upstream:remotename)%00%(upstream:remoteref) refs/heads/main refs/remotes/main [2ms]
2024-04-23 13:22:55.150 [info] > git status -z -uall [397ms]
2024-04-23 13:23:00.304 [info] > git config --get commit.template [47ms]
2024-04-23 13:23:00.305 [info] > git for-each-ref --format=%(refname)%00%(upstream:short)%00%(objectname)%00%(upstream:track)%00%(upstream:remotename)%00%(upstream:remoteref) refs/heads/main refs/remotes/main [4ms]
2024-04-23 13:23:00.746 [info] > git status -z -uall [393ms]
2024-04-23 13:24:31.717 [info] > git config --get commit.template [35ms]
2024-04-23 13:24:31.719 [info] > git for-each-ref --format=%(refname)%00%(upstream:short)%00%(objectname)%00%(upstream:track)%00%(upstream:remotename)%00%(upstream:remoteref) refs/heads/main refs/remotes/main [4ms]
2024-04-23 13:24:32.100 [info] > git status -z -uall [336ms]
2024-04-23 13:24:34.822 [info] > git show --textconv :ligue1-frontend/src/index.js [51ms]
2024-04-23 13:24:34.826 [info] > git ls-files --stage -- /home/louis/ligue1-frontend/src/index.js [16ms]
2024-04-23 13:24:34.870 [info] > git cat-file -s a026e53e9022447de7f4f12a0f32acbe987f0a86 [4ms]
2024-04-23 13:24:37.217 [info] > git config --get commit.template [40ms]
2024-04-23 13:24:37.218 [info] > git for-each-ref --format=%(refname)%00%(upstream:short)%00%(objectname)%00%(upstream:track)%00%(upstream:remotename)%00%(upstream:remoteref) refs/heads/main refs/remotes/main [3ms]
2024-04-23 13:24:37.613 [info] > git status -z -uall [351ms]
2024-04-23 13:24:42.737 [info] > git config --get commit.template [43ms]
2024-04-23 13:24:42.738 [info] > git for-each-ref --format=%(refname)%00%(upstream:short)%00%(objectname)%00%(upstream:track)%00%(upstream:remotename)%00%(upstream:remoteref) refs/heads/main refs/remotes/main [3ms]
2024-04-23 13:24:43.145 [info] > git status -z -uall [368ms]
2024-04-23 13:24:48.290 [info] > git config --get commit.template [55ms]
2024-04-23 13:24:48.292 [info] > git for-each-ref --format=%(refname)%00%(upstream:short)%00%(objectname)%00%(upstream:track)%00%(upstream:remotename)%00%(upstream:remoteref) refs/heads/main refs/remotes/main [4ms]
2024-04-23 13:24:48.721 [info] > git status -z -uall [384ms]
2024-04-23 13:24:53.858 [info] > git config --get commit.template [53ms]
2024-04-23 13:24:53.861 [info] > git for-each-ref --format=%(refname)%00%(upstream:short)%00%(objectname)%00%(upstream:track)%00%(upstream:remotename)%00%(upstream:remoteref) refs/heads/main refs/remotes/main [4ms]
2024-04-23 13:24:54.294 [info] > git status -z -uall [386ms]
2024-04-23 13:24:57.418 [info] > git show --textconv :ligue1-frontend/public/index.html [47ms]
2024-04-23 13:24:57.432 [info] > git ls-files --stage -- /home/louis/ligue1-frontend/public/index.html [18ms]
2024-04-23 13:24:57.478 [info] > git cat-file -s aa069f27cbd9d53394428171c3989fd03db73c76 [2ms]
2024-04-23 13:24:59.164 [info] > git show --textconv :ligue1-frontend/src/pages/HomePage/HomePage.css [50ms]
2024-04-23 13:24:59.175 [info] > git ls-files --stage -- /home/louis/ligue1-frontend/src/pages/HomePage/HomePage.css [15ms]
2024-04-23 13:24:59.221 [info] > git cat-file -s 78fd70144335a31440075a69e73c14b5c270cd2a [2ms]
2024-04-23 13:24:59.391 [info] > git config --get commit.template [14ms]
2024-04-23 13:24:59.445 [info] > git for-each-ref --format=%(refname)%00%(upstream:short)%00%(objectname)%00%(upstream:track)%00%(upstream:remotename)%00%(upstream:remoteref) refs/heads/main refs/remotes/main [5ms]
2024-04-23 13:24:59.694 [info] > git show --textconv :ligue1-frontend/src/index.js [66ms]
2024-04-23 13:24:59.715 [info] > git ls-files --stage -- /home/louis/ligue1-frontend/src/index.js [28ms]
2024-04-23 13:24:59.763 [info] > git cat-file -s a026e53e9022447de7f4f12a0f32acbe987f0a86 [6ms]
2024-04-23 13:24:59.916 [info] > git status -z -uall [420ms]
2024-04-23 13:25:05.038 [info] > git config --get commit.template [52ms]
2024-04-23 13:25:05.040 [info] > git for-each-ref --format=%(refname)%00%(upstream:short)%00%(objectname)%00%(upstream:track)%00%(upstream:remotename)%00%(upstream:remoteref) refs/heads/main refs/remotes/main [3ms]
2024-04-23 13:25:05.512 [info] > git status -z -uall [420ms]
2024-04-23 13:27:05.959 [info] > git config --get commit.template [44ms]
2024-04-23 13:27:05.961 [info] > git for-each-ref --format=%(refname)%00%(upstream:short)%00%(objectname)%00%(upstream:track)%00%(upstream:remotename)%00%(upstream:remoteref) refs/heads/main refs/remotes/main [3ms]
2024-04-23 13:27:06.366 [info] > git status -z -uall [366ms]
2024-04-23 13:27:09.710 [info] > git check-ignore -v -z --stdin [15ms]
2024-04-23 13:27:11.498 [info] > git config --get commit.template [42ms]
2024-04-23 13:27:11.499 [info] > git for-each-ref --format=%(refname)%00%(upstream:short)%00%(objectname)%00%(upstream:track)%00%(upstream:remotename)%00%(upstream:remoteref) refs/heads/main refs/remotes/main [3ms]
2024-04-23 13:27:11.886 [info] > git status -z -uall [350ms]
2024-04-23 13:27:12.728 [info] > git show --textconv :ligue1-frontend/src/app/App.js [63ms]
2024-04-23 13:27:12.735 [info] > git ls-files --stage -- /home/louis/ligue1-frontend/src/app/App.js [8ms]
2024-04-23 13:27:12.783 [info] > git cat-file -s ccd7311104569b8125462637331cfdd360738d5a [3ms]
2024-04-23 13:27:16.970 [info] > git config --get commit.template [3ms]
2024-04-23 13:27:17.013 [info] > git for-each-ref --format=%(refname)%00%(upstream:short)%00%(objectname)%00%(upstream:track)%00%(upstream:remotename)%00%(upstream:remoteref) refs/heads/main refs/remotes/main [4ms]
2024-04-23 13:27:17.477 [info] > git status -z -uall [422ms]
2024-04-23 13:27:22.605 [info] > git config --get commit.template [43ms]
2024-04-23 13:27:22.607 [info] > git for-each-ref --format=%(refname)%00%(upstream:short)%00%(objectname)%00%(upstream:track)%00%(upstream:remotename)%00%(upstream:remoteref) refs/heads/main refs/remotes/main [3ms]
2024-04-23 13:27:23.050 [info] > git status -z -uall [397ms]
2024-04-23 13:27:37.071 [info] > git config --get commit.template [40ms]
2024-04-23 13:27:37.074 [info] > git for-each-ref --format=%(refname)%00%(upstream:short)%00%(objectname)%00%(upstream:track)%00%(upstream:remotename)%00%(upstream:remoteref) refs/heads/main refs/remotes/main [4ms]
2024-04-23 13:27:37.463 [info] > git status -z -uall [354ms]
2024-04-23 13:27:42.753 [info] > git config --get commit.template [123ms]
2024-04-23 13:27:42.774 [info] > git for-each-ref --format=%(refname)%00%(upstream:short)%00%(objectname)%00%(upstream:track)%00%(upstream:remotename)%00%(upstream:remoteref) refs/heads/main refs/remotes/main [35ms]
2024-04-23 13:27:43.702 [info] > git status -z -uall [865ms]
2024-04-23 13:27:55.591 [info] > git config --get commit.template [5ms]
2024-04-23 13:27:55.641 [info] > git for-each-ref --format=%(refname)%00%(upstream:short)%00%(objectname)%00%(upstream:track)%00%(upstream:remotename)%00%(upstream:remoteref) refs/heads/main refs/remotes/main [3ms]
2024-04-23 13:27:56.088 [info] > git status -z -uall [394ms]
2024-04-23 13:28:01.231 [info] > git config --get commit.template [46ms]
2024-04-23 13:28:01.233 [info] > git for-each-ref --format=%(refname)%00%(upstream:short)%00%(objectname)%00%(upstream:track)%00%(upstream:remotename)%00%(upstream:remoteref) refs/heads/main refs/remotes/main [4ms]
2024-04-23 13:28:01.649 [info] > git status -z -uall [369ms]
2024-04-23 13:28:06.796 [info] > git config --get commit.template [47ms]
2024-04-23 13:28:06.797 [info] > git for-each-ref --format=%(refname)%00%(upstream:short)%00%(objectname)%00%(upstream:track)%00%(upstream:remotename)%00%(upstream:remoteref) refs/heads/main refs/remotes/main [6ms]
2024-04-23 13:28:07.540 [info] > git status -z -uall [701ms]
2024-04-23 13:28:12.986 [info] > git config --get commit.template [25ms]
2024-04-23 13:28:13.046 [info] > git for-each-ref --format=%(refname)%00%(upstream:short)%00%(objectname)%00%(upstream:track)%00%(upstream:remotename)%00%(upstream:remoteref) refs/heads/main refs/remotes/main [8ms]
2024-04-23 13:28:14.243 [info] > git status -z -uall [1133ms]
2024-04-23 13:32:15.229 [info] > git config --get commit.template [3ms]
2024-04-23 13:32:15.280 [info] > git for-each-ref --format=%(refname)%00%(upstream:short)%00%(objectname)%00%(upstream:track)%00%(upstream:remotename)%00%(upstream:remoteref) refs/heads/main refs/remotes/main [8ms]
2024-04-23 13:32:15.738 [info] > git status -z -uall [411ms]
2024-04-23 13:32:17.693 [info] > git check-ignore -v -z --stdin [14ms]
2024-04-23 13:32:20.902 [info] > git config --get commit.template [48ms]
2024-04-23 13:32:20.907 [info] > git for-each-ref --format=%(refname)%00%(upstream:short)%00%(objectname)%00%(upstream:track)%00%(upstream:remotename)%00%(upstream:remoteref) refs/heads/main refs/remotes/main [6ms]
2024-04-23 13:32:21.350 [info] > git status -z -uall [400ms]
2024-04-23 13:32:26.455 [info] > git config --get commit.template [3ms]
2024-04-23 13:32:26.519 [info] > git for-each-ref --format=%(refname)%00%(upstream:short)%00%(objectname)%00%(upstream:track)%00%(upstream:remotename)%00%(upstream:remoteref) refs/heads/main refs/remotes/main [18ms]
2024-04-23 13:32:26.975 [info] > git status -z -uall [398ms]
2024-04-23 13:32:32.101 [info] > git config --get commit.template [34ms]
2024-04-23 13:32:32.103 [info] > git for-each-ref --format=%(refname)%00%(upstream:short)%00%(objectname)%00%(upstream:track)%00%(upstream:remotename)%00%(upstream:remoteref) refs/heads/main refs/remotes/main [4ms]
2024-04-23 13:32:32.517 [info] > git status -z -uall [380ms]
2024-04-23 13:32:37.658 [info] > git config --get commit.template [44ms]
2024-04-23 13:32:37.660 [info] > git for-each-ref --format=%(refname)%00%(upstream:short)%00%(objectname)%00%(upstream:track)%00%(upstream:remotename)%00%(upstream:remoteref) refs/heads/main refs/remotes/main [3ms]
2024-04-23 13:32:38.144 [info] > git status -z -uall [442ms]
2024-04-23 13:32:43.257 [info] > git config --get commit.template [2ms]
2024-04-23 13:32:43.296 [info] > git for-each-ref --format=%(refname)%00%(upstream:short)%00%(objectname)%00%(upstream:track)%00%(upstream:remotename)%00%(upstream:remoteref) refs/heads/main refs/remotes/main [3ms]
2024-04-23 13:32:43.749 [info] > git status -z -uall [410ms]
2024-04-23 13:32:49.770 [info] > git config --get commit.template [60ms]
2024-04-23 13:32:49.890 [info] > git for-each-ref --format=%(refname)%00%(upstream:short)%00%(objectname)%00%(upstream:track)%00%(upstream:remotename)%00%(upstream:remoteref) refs/heads/main refs/remotes/main [31ms]
2024-04-23 13:32:50.813 [info] > git status -z -uall [860ms]
2024-04-23 13:32:55.963 [info] > git config --get commit.template [40ms]
2024-04-23 13:32:55.966 [info] > git for-each-ref --format=%(refname)%00%(upstream:short)%00%(objectname)%00%(upstream:track)%00%(upstream:remotename)%00%(upstream:remoteref) refs/heads/main refs/remotes/main [5ms]
2024-04-23 13:32:56.415 [info] > git status -z -uall [408ms]
2024-04-23 13:33:01.517 [info] > git config --get commit.template [5ms]
2024-04-23 13:33:01.555 [info] > git for-each-ref --format=%(refname)%00%(upstream:short)%00%(objectname)%00%(upstream:track)%00%(upstream:remotename)%00%(upstream:remoteref) refs/heads/main refs/remotes/main [2ms]
2024-04-23 13:33:02.026 [info] > git status -z -uall [426ms]
2024-04-23 13:33:07.140 [info] > git config --get commit.template [42ms]
2024-04-23 13:33:07.142 [info] > git for-each-ref --format=%(refname)%00%(upstream:short)%00%(objectname)%00%(upstream:track)%00%(upstream:remotename)%00%(upstream:remoteref) refs/heads/main refs/remotes/main [4ms]
2024-04-23 13:33:07.562 [info] > git status -z -uall [381ms]
2024-04-23 13:33:12.650 [info] > git config --get commit.template [2ms]
2024-04-23 13:33:12.696 [info] > git for-each-ref --format=%(refname)%00%(upstream:short)%00%(objectname)%00%(upstream:track)%00%(upstream:remotename)%00%(upstream:remoteref) refs/heads/main refs/remotes/main [3ms]
2024-04-23 13:33:13.130 [info] > git status -z -uall [391ms]
2024-04-23 13:33:18.227 [info] > git config --get commit.template [2ms]
2024-04-23 13:33:18.275 [info] > git for-each-ref --format=%(refname)%00%(upstream:short)%00%(objectname)%00%(upstream:track)%00%(upstream:remotename)%00%(upstream:remoteref) refs/heads/main refs/remotes/main [3ms]
2024-04-23 13:33:18.688 [info] > git status -z -uall [373ms]
2024-04-23 13:33:25.140 [info] > git config --get commit.template [3ms]
2024-04-23 13:33:25.188 [info] > git for-each-ref --format=%(refname)%00%(upstream:short)%00%(objectname)%00%(upstream:track)%00%(upstream:remotename)%00%(upstream:remoteref) refs/heads/main refs/remotes/main [3ms]
2024-04-23 13:33:25.672 [info] > git status -z -uall [440ms]
2024-04-23 13:33:30.828 [info] > git config --get commit.template [48ms]
2024-04-23 13:33:30.830 [info] > git for-each-ref --format=%(refname)%00%(upstream:short)%00%(objectname)%00%(upstream:track)%00%(upstream:remotename)%00%(upstream:remoteref) refs/heads/main refs/remotes/main [4ms]
2024-04-23 13:33:31.305 [info] > git status -z -uall [428ms]
2024-04-23 13:33:36.403 [info] > git config --get commit.template [3ms]
2024-04-23 13:33:36.449 [info] > git for-each-ref --format=%(refname)%00%(upstream:short)%00%(objectname)%00%(upstream:track)%00%(upstream:remotename)%00%(upstream:remoteref) refs/heads/main refs/remotes/main [4ms]
2024-04-23 13:33:36.934 [info] > git status -z -uall [437ms]
2024-04-23 13:33:42.078 [info] > git config --get commit.template [47ms]
2024-04-23 13:33:42.080 [info] > git for-each-ref --format=%(refname)%00%(upstream:short)%00%(objectname)%00%(upstream:track)%00%(upstream:remotename)%00%(upstream:remoteref) refs/heads/main refs/remotes/main [5ms]
2024-04-23 13:33:42.520 [info] > git status -z -uall [399ms]
2024-04-23 13:49:22.941 [info] > git config --get commit.template [48ms]
2024-04-23 13:49:22.944 [info] > git for-each-ref --format=%(refname)%00%(upstream:short)%00%(objectname)%00%(upstream:track)%00%(upstream:remotename)%00%(upstream:remoteref) refs/heads/main refs/remotes/main [5ms]
2024-04-23 13:49:23.463 [info] > git status -z -uall [477ms]
2024-04-23 13:49:28.868 [info] > git config --get commit.template [309ms]
2024-04-23 13:49:28.881 [info] > git for-each-ref --format=%(refname)%00%(upstream:short)%00%(objectname)%00%(upstream:track)%00%(upstream:remotename)%00%(upstream:remoteref) refs/heads/main refs/remotes/main [281ms]
2024-04-23 13:49:29.872 [info] > git status -z -uall [943ms]
2024-04-23 13:49:35.035 [info] > git config --get commit.template [65ms]
2024-04-23 13:49:35.043 [info] > git for-each-ref --format=%(refname)%00%(upstream:short)%00%(objectname)%00%(upstream:track)%00%(upstream:remotename)%00%(upstream:remoteref) refs/heads/main refs/remotes/main [14ms]
2024-04-23 13:49:35.964 [info] > git status -z -uall [871ms]
2024-04-23 13:49:57.009 [info] > git config --get commit.template [2ms]
2024-04-23 13:49:57.059 [info] > git for-each-ref --format=%(refname)%00%(upstream:short)%00%(objectname)%00%(upstream:track)%00%(upstream:remotename)%00%(upstream:remoteref) refs/heads/main refs/remotes/main [3ms]
2024-04-23 13:49:57.479 [info] > git status -z -uall [372ms]
2024-04-23 13:50:02.656 [info] > git for-each-ref --format=%(refname)%00%(upstream:short)%00%(objectname)%00%(upstream:track)%00%(upstream:remotename)%00%(upstream:remoteref) refs/heads/main refs/remotes/main [12ms]
2024-04-23 13:50:02.658 [info] > git config --get commit.template [67ms]
2024-04-23 13:50:03.206 [info] > git status -z -uall [454ms]
2024-04-23 13:50:08.364 [info] > git config --get commit.template [49ms]
2024-04-23 13:50:08.365 [info] > git for-each-ref --format=%(refname)%00%(upstream:short)%00%(objectname)%00%(upstream:track)%00%(upstream:remotename)%00%(upstream:remoteref) refs/heads/main refs/remotes/main [4ms]
2024-04-23 13:50:08.855 [info] > git status -z -uall [430ms]
2024-04-23 13:50:18.196 [info] > git config --get commit.template [3ms]
2024-04-23 13:50:18.262 [info] > git for-each-ref --format=%(refname)%00%(upstream:short)%00%(objectname)%00%(upstream:track)%00%(upstream:remotename)%00%(upstream:remoteref) refs/heads/main refs/remotes/main [4ms]
2024-04-23 13:50:18.835 [info] > git status -z -uall [521ms]
2024-04-23 13:50:23.527 [info] > git check-ignore -v -z --stdin [17ms]
2024-04-23 13:50:24.012 [info] > git config --get commit.template [62ms]
2024-04-23 13:50:24.017 [info] > git for-each-ref --format=%(refname)%00%(upstream:short)%00%(objectname)%00%(upstream:track)%00%(upstream:remotename)%00%(upstream:remoteref) refs/heads/main refs/remotes/main [24ms]
2024-04-23 13:50:24.381 [info] > git show --textconv :ligue1-frontend/src/pages/Menu/Menu.js [90ms]
2024-04-23 13:50:24.404 [info] > git ls-files --stage -- /home/louis/ligue1-frontend/src/pages/Menu/Menu.js [55ms]
2024-04-23 13:50:24.454 [info] > git cat-file -s 836a0350da300017bf13cbabc965e8d53d21f19a [6ms]
2024-04-23 13:50:24.665 [info] > git status -z -uall [600ms]
2024-04-23 13:50:29.847 [info] > git config --get commit.template [44ms]
2024-04-23 13:50:29.849 [info] > git for-each-ref --format=%(refname)%00%(upstream:short)%00%(objectname)%00%(upstream:track)%00%(upstream:remotename)%00%(upstream:remoteref) refs/heads/main refs/remotes/main [3ms]
2024-04-23 13:50:30.297 [info] > git status -z -uall [404ms]
2024-04-23 13:50:35.430 [info] > git config --get commit.template [49ms]
2024-04-23 13:50:35.432 [info] > git for-each-ref --format=%(refname)%00%(upstream:short)%00%(objectname)%00%(upstream:track)%00%(upstream:remotename)%00%(upstream:remoteref) refs/heads/main refs/remotes/main [4ms]
2024-04-23 13:50:35.871 [info] > git status -z -uall [398ms]
2024-04-23 13:50:44.323 [info] > git config --get commit.template [2ms]
2024-04-23 13:50:44.368 [info] > git for-each-ref --format=%(refname)%00%(upstream:short)%00%(objectname)%00%(upstream:track)%00%(upstream:remotename)%00%(upstream:remoteref) refs/heads/main refs/remotes/main [3ms]
2024-04-23 13:50:44.902 [info] > git status -z -uall [493ms]
2024-04-23 13:51:35.228 [info] > git config --get commit.template [39ms]
2024-04-23 13:51:35.230 [info] > git for-each-ref --format=%(refname)%00%(upstream:short)%00%(objectname)%00%(upstream:track)%00%(upstream:remotename)%00%(upstream:remoteref) refs/heads/main refs/remotes/main [4ms]
2024-04-23 13:51:35.638 [info] > git status -z -uall [364ms]
2024-04-23 13:51:40.722 [info] > git config --get commit.template [2ms]
2024-04-23 13:51:40.763 [info] > git for-each-ref --format=%(refname)%00%(upstream:short)%00%(objectname)%00%(upstream:track)%00%(upstream:remotename)%00%(upstream:remoteref) refs/heads/main refs/remotes/main [3ms]
2024-04-23 13:51:41.177 [info] > git status -z -uall [374ms]
2024-04-23 13:51:46.287 [info] > git config --get commit.template [2ms]
2024-04-23 13:51:46.334 [info] > git for-each-ref --format=%(refname)%00%(upstream:short)%00%(objectname)%00%(upstream:track)%00%(upstream:remotename)%00%(upstream:remoteref) refs/heads/main refs/remotes/main [4ms]
2024-04-23 13:51:46.708 [info] > git status -z -uall [333ms]
2024-04-23 13:51:51.848 [info] > git config --get commit.template [45ms]
2024-04-23 13:51:51.850 [info] > git for-each-ref --format=%(refname)%00%(upstream:short)%00%(objectname)%00%(upstream:track)%00%(upstream:remotename)%00%(upstream:remoteref) refs/heads/main refs/remotes/main [3ms]
2024-04-23 13:51:52.292 [info] > git status -z -uall [394ms]
2024-04-23 13:52:31.004 [info] > git config --get commit.template [35ms]
2024-04-23 13:52:31.006 [info] > git for-each-ref --format=%(refname)%00%(upstream:short)%00%(objectname)%00%(upstream:track)%00%(upstream:remotename)%00%(upstream:remoteref) refs/heads/main refs/remotes/main [4ms]
2024-04-23 13:52:31.381 [info] > git status -z -uall [339ms]
2024-04-23 13:53:33.841 [info] > git config --get commit.template [40ms]
2024-04-23 13:53:33.843 [info] > git for-each-ref --format=%(refname)%00%(upstream:short)%00%(objectname)%00%(upstream:track)%00%(upstream:remotename)%00%(upstream:remoteref) refs/heads/main refs/remotes/main [4ms]
2024-04-23 13:53:34.248 [info] > git status -z -uall [374ms]
2024-04-23 13:53:38.785 [info] > git show --textconv :ligue1-frontend/src/pages/HomePage/HomePage.js [44ms]
2024-04-23 13:53:38.799 [info] > git ls-files --stage -- /home/louis/ligue1-frontend/src/pages/HomePage/HomePage.js [16ms]
2024-04-23 13:53:38.857 [info] > git cat-file -s 5ad876a6b403e3ef5931464ed43ba49c5baaad25 [7ms]
2024-04-23 13:53:39.343 [info] > git config --get commit.template [3ms]
2024-04-23 13:53:39.389 [info] > git for-each-ref --format=%(refname)%00%(upstream:short)%00%(objectname)%00%(upstream:track)%00%(upstream:remotename)%00%(upstream:remoteref) refs/heads/main refs/remotes/main [4ms]
2024-04-23 13:53:39.853 [info] > git status -z -uall [420ms]
2024-04-23 13:53:45.002 [info] > git config --get commit.template [14ms]
2024-04-23 13:53:45.121 [info] > git for-each-ref --format=%(refname)%00%(upstream:short)%00%(objectname)%00%(upstream:track)%00%(upstream:remotename)%00%(upstream:remoteref) refs/heads/main refs/remotes/main [26ms]
2024-04-23 13:53:46.148 [info] > git status -z -uall [931ms]
2024-04-23 13:53:55.318 [info] > git config --get commit.template [43ms]
2024-04-23 13:53:55.320 [info] > git for-each-ref --format=%(refname)%00%(upstream:short)%00%(objectname)%00%(upstream:track)%00%(upstream:remotename)%00%(upstream:remoteref) refs/heads/main refs/remotes/main [3ms]
2024-04-23 13:53:55.699 [info] > git status -z -uall [336ms]
2024-04-23 13:54:00.998 [info] > git config --get commit.template [139ms]
2024-04-23 13:54:01.015 [info] > git for-each-ref --format=%(refname)%00%(upstream:short)%00%(objectname)%00%(upstream:track)%00%(upstream:remotename)%00%(upstream:remoteref) refs/heads/main refs/remotes/main [20ms]
2024-04-23 13:54:01.904 [info] > git status -z -uall [782ms]
2024-04-23 13:54:14.249 [info] > git config --get commit.template [37ms]
2024-04-23 13:54:14.250 [info] > git for-each-ref --format=%(refname)%00%(upstream:short)%00%(objectname)%00%(upstream:track)%00%(upstream:remotename)%00%(upstream:remoteref) refs/heads/main refs/remotes/main [3ms]
2024-04-23 13:54:14.613 [info] > git status -z -uall [324ms]
2024-04-23 13:54:22.557 [info] > git config --get commit.template [45ms]
2024-04-23 13:54:22.559 [info] > git for-each-ref --format=%(refname)%00%(upstream:short)%00%(objectname)%00%(upstream:track)%00%(upstream:remotename)%00%(upstream:remoteref) refs/heads/main refs/remotes/main [4ms]
2024-04-23 13:54:22.941 [info] > git status -z -uall [342ms]
2024-04-23 13:54:28.250 [info] > git config --get commit.template [129ms]
2024-04-23 13:54:28.256 [info] > git for-each-ref --format=%(refname)%00%(upstream:short)%00%(objectname)%00%(upstream:track)%00%(upstream:remotename)%00%(upstream:remoteref) refs/heads/main refs/remotes/main [8ms]
2024-04-23 13:54:29.465 [info] > git status -z -uall [1110ms]
2024-04-23 14:17:15.187 [info] > git config --get commit.template [2ms]
2024-04-23 14:17:15.230 [info] > git for-each-ref --format=%(refname)%00%(upstream:short)%00%(objectname)%00%(upstream:track)%00%(upstream:remotename)%00%(upstream:remoteref) refs/heads/main refs/remotes/main [3ms]
2024-04-23 14:17:15.639 [info] > git status -z -uall [368ms]
2024-04-23 14:18:59.562 [info] > git config --get commit.template [45ms]
2024-04-23 14:18:59.564 [info] > git for-each-ref --format=%(refname)%00%(upstream:short)%00%(objectname)%00%(upstream:track)%00%(upstream:remotename)%00%(upstream:remoteref) refs/heads/main refs/remotes/main [4ms]
2024-04-23 14:18:59.966 [info] > git status -z -uall [356ms]
2024-04-23 14:32:29.470 [info] > git config --get commit.template [47ms]
2024-04-23 14:32:29.471 [info] > git for-each-ref --format=%(refname)%00%(upstream:short)%00%(objectname)%00%(upstream:track)%00%(upstream:remotename)%00%(upstream:remoteref) refs/heads/main refs/remotes/main [4ms]
2024-04-23 14:32:29.941 [info] > git status -z -uall [427ms]
2024-04-23 14:33:14.195 [info] > git config --get commit.template [46ms]
2024-04-23 14:33:14.197 [info] > git for-each-ref --format=%(refname)%00%(upstream:short)%00%(objectname)%00%(upstream:track)%00%(upstream:remotename)%00%(upstream:remoteref) refs/heads/main refs/remotes/main [3ms]
2024-04-23 14:33:14.637 [info] > git status -z -uall [401ms]
2024-04-23 14:35:23.314 [info] > git config --get commit.template [49ms]
2024-04-23 14:35:23.316 [info] > git for-each-ref --format=%(refname)%00%(upstream:short)%00%(objectname)%00%(upstream:track)%00%(upstream:remotename)%00%(upstream:remoteref) refs/heads/main refs/remotes/main [5ms]
2024-04-23 14:35:23.791 [info] > git status -z -uall [428ms]
2024-04-23 14:35:28.947 [info] > git for-each-ref --format=%(refname)%00%(upstream:short)%00%(objectname)%00%(upstream:track)%00%(upstream:remotename)%00%(upstream:remoteref) refs/heads/main refs/remotes/main [4ms]
2024-04-23 14:35:28.949 [info] > git config --get commit.template [47ms]
2024-04-23 14:35:29.398 [info] > git status -z -uall [408ms]
2024-04-23 14:35:34.493 [info] > git config --get commit.template [2ms]
2024-04-23 14:35:34.534 [info] > git for-each-ref --format=%(refname)%00%(upstream:short)%00%(objectname)%00%(upstream:track)%00%(upstream:remotename)%00%(upstream:remoteref) refs/heads/main refs/remotes/main [3ms]
2024-04-23 14:35:34.968 [info] > git status -z -uall [383ms]
2024-04-23 14:35:37.231 [info] > git check-ignore -v -z --stdin [16ms]
2024-04-23 14:35:40.121 [info] > git config --get commit.template [46ms]
2024-04-23 14:35:40.123 [info] > git for-each-ref --format=%(refname)%00%(upstream:short)%00%(objectname)%00%(upstream:track)%00%(upstream:remotename)%00%(upstream:remoteref) refs/heads/main refs/remotes/main [4ms]
2024-04-23 14:35:40.572 [info] > git status -z -uall [405ms]
2024-04-23 14:35:40.974 [info] > git check-ignore -v -z --stdin [40ms]
2024-04-23 14:35:54.991 [info] > git config --get commit.template [47ms]
2024-04-23 14:35:54.994 [info] > git for-each-ref --format=%(refname)%00%(upstream:short)%00%(objectname)%00%(upstream:track)%00%(upstream:remotename)%00%(upstream:remoteref) refs/heads/main refs/remotes/main [3ms]
2024-04-23 14:35:55.453 [info] > git status -z -uall [387ms]
2024-04-23 14:35:56.559 [info] > git check-ignore -v -z --stdin [15ms]
2024-04-23 14:36:01.688 [info] > git for-each-ref --format=%(refname)%00%(upstream:short)%00%(objectname)%00%(upstream:track)%00%(upstream:remotename)%00%(upstream:remoteref) refs/heads/main refs/remotes/main [168ms]
2024-04-23 14:36:01.689 [info] > git config --get commit.template [322ms]
2024-04-23 14:36:03.281 [info] > git status -z -uall [1372ms]
2024-04-23 14:36:09.116 [info] > git config --get commit.template [49ms]
2024-04-23 14:36:09.677 [info] > git for-each-ref --format=%(refname)%00%(upstream:short)%00%(objectname)%00%(upstream:track)%00%(upstream:remotename)%00%(upstream:remoteref) refs/heads/main refs/remotes/main [494ms]
2024-04-23 14:36:11.428 [info] > git status -z -uall [1562ms]
2024-04-23 14:36:16.586 [info] > git config --get commit.template [15ms]
2024-04-23 14:36:16.635 [info] > git for-each-ref --format=%(refname)%00%(upstream:short)%00%(objectname)%00%(upstream:track)%00%(upstream:remotename)%00%(upstream:remoteref) refs/heads/main refs/remotes/main [3ms]
2024-04-23 14:36:17.281 [info] > git status -z -uall [590ms]
2024-04-23 14:36:22.528 [info] > git config --get commit.template [113ms]
2024-04-23 14:36:22.576 [info] > git for-each-ref --format=%(refname)%00%(upstream:short)%00%(objectname)%00%(upstream:track)%00%(upstream:remotename)%00%(upstream:remoteref) refs/heads/main refs/remotes/main [51ms]
2024-04-23 14:36:23.568 [info] > git status -z -uall [860ms]
2024-04-23 14:36:29.372 [info] > git config --get commit.template [8ms]
2024-04-23 14:36:29.421 [info] > git for-each-ref --format=%(refname)%00%(upstream:short)%00%(objectname)%00%(upstream:track)%00%(upstream:remotename)%00%(upstream:remoteref) refs/heads/main refs/remotes/main [3ms]
2024-04-23 14:36:30.630 [info] > git status -z -uall [1162ms]
2024-04-23 14:36:35.791 [info] > git config --get commit.template [47ms]
2024-04-23 14:36:35.792 [info] > git for-each-ref --format=%(refname)%00%(upstream:short)%00%(objectname)%00%(upstream:track)%00%(upstream:remotename)%00%(upstream:remoteref) refs/heads/main refs/remotes/main [3ms]
2024-04-23 14:36:36.232 [info] > git status -z -uall [390ms]
2024-04-23 14:36:41.318 [info] > git config --get commit.template [2ms]
2024-04-23 14:36:41.372 [info] > git for-each-ref --format=%(refname)%00%(upstream:short)%00%(objectname)%00%(upstream:track)%00%(upstream:remotename)%00%(upstream:remoteref) refs/heads/main refs/remotes/main [3ms]
2024-04-23 14:36:41.821 [info] > git status -z -uall [393ms]
2024-04-23 14:36:46.960 [info] > git config --get commit.template [57ms]
2024-04-23 14:36:46.963 [info] > git for-each-ref --format=%(refname)%00%(upstream:short)%00%(objectname)%00%(upstream:track)%00%(upstream:remotename)%00%(upstream:remoteref) refs/heads/main refs/remotes/main [7ms]
2024-04-23 14:36:47.440 [info] > git status -z -uall [430ms]
2024-04-23 14:36:52.561 [info] > git config --get commit.template [13ms]
2024-04-23 14:36:52.638 [info] > git for-each-ref --format=%(refname)%00%(upstream:short)%00%(objectname)%00%(upstream:track)%00%(upstream:remotename)%00%(upstream:remoteref) refs/heads/main refs/remotes/main [28ms]
2024-04-23 14:36:53.479 [info] > git status -z -uall [775ms]
2024-04-23 14:36:58.668 [info] > git config --get commit.template [76ms]
2024-04-23 14:36:58.688 [info] > git for-each-ref --format=%(refname)%00%(upstream:short)%00%(objectname)%00%(upstream:track)%00%(upstream:remotename)%00%(upstream:remoteref) refs/heads/main refs/remotes/main [35ms]
2024-04-23 14:36:59.442 [info] > git status -z -uall [675ms]
2024-04-23 14:37:04.590 [info] > git config --get commit.template [43ms]
2024-04-23 14:37:04.592 [info] > git for-each-ref --format=%(refname)%00%(upstream:short)%00%(objectname)%00%(upstream:track)%00%(upstream:remotename)%00%(upstream:remoteref) refs/heads/main refs/remotes/main [3ms]
2024-04-23 14:37:05.062 [info] > git status -z -uall [428ms]
2024-04-23 14:37:10.198 [info] > git config --get commit.template [47ms]
2024-04-23 14:37:10.201 [info] > git for-each-ref --format=%(refname)%00%(upstream:short)%00%(objectname)%00%(upstream:track)%00%(upstream:remotename)%00%(upstream:remoteref) refs/heads/main refs/remotes/main [3ms]
2024-04-23 14:37:10.640 [info] > git status -z -uall [390ms]
2024-04-23 14:37:29.538 [info] > git config --get commit.template [54ms]
2024-04-23 14:37:29.539 [info] > git for-each-ref --format=%(refname)%00%(upstream:short)%00%(objectname)%00%(upstream:track)%00%(upstream:remotename)%00%(upstream:remoteref) refs/heads/main refs/remotes/main [3ms]
2024-04-23 14:37:29.976 [info] > git status -z -uall [393ms]
2024-04-23 14:37:35.131 [info] > git config --get commit.template [63ms]
2024-04-23 14:37:35.133 [info] > git for-each-ref --format=%(refname)%00%(upstream:short)%00%(objectname)%00%(upstream:track)%00%(upstream:remotename)%00%(upstream:remoteref) refs/heads/main refs/remotes/main [4ms]
2024-04-23 14:37:35.584 [info] > git status -z -uall [396ms]
2024-04-23 14:37:40.737 [info] > git config --get commit.template [55ms]
2024-04-23 14:37:40.739 [info] > git for-each-ref --format=%(refname)%00%(upstream:short)%00%(objectname)%00%(upstream:track)%00%(upstream:remotename)%00%(upstream:remoteref) refs/heads/main refs/remotes/main [4ms]
2024-04-23 14:37:41.202 [info] > git status -z -uall [409ms]
2024-04-23 14:37:46.317 [info] > git config --get commit.template [8ms]
2024-04-23 14:37:46.386 [info] > git for-each-ref --format=%(refname)%00%(upstream:short)%00%(objectname)%00%(upstream:track)%00%(upstream:remotename)%00%(upstream:remoteref) refs/heads/main refs/remotes/main [4ms]
2024-04-23 14:37:46.833 [info] > git status -z -uall [386ms]
2024-04-23 14:37:51.993 [info] > git config --get commit.template [55ms]
2024-04-23 14:37:51.996 [info] > git for-each-ref --format=%(refname)%00%(upstream:short)%00%(objectname)%00%(upstream:track)%00%(upstream:remotename)%00%(upstream:remoteref) refs/heads/main refs/remotes/main [4ms]
2024-04-23 14:37:52.434 [info] > git status -z -uall [387ms]
2024-04-23 14:38:25.416 [info] > git config --get commit.template [56ms]
2024-04-23 14:38:25.418 [info] > git for-each-ref --format=%(refname)%00%(upstream:short)%00%(objectname)%00%(upstream:track)%00%(upstream:remotename)%00%(upstream:remoteref) refs/heads/main refs/remotes/main [4ms]
2024-04-23 14:38:25.862 [info] > git status -z -uall [394ms]
2024-04-23 14:39:28.651 [info] > git config --get commit.template [68ms]
2024-04-23 14:39:28.657 [info] > git for-each-ref --format=%(refname)%00%(upstream:short)%00%(objectname)%00%(upstream:track)%00%(upstream:remotename)%00%(upstream:remoteref) refs/heads/main refs/remotes/main [8ms]
2024-04-23 14:39:29.143 [info] > git status -z -uall [424ms]
2024-04-23 14:39:54.422 [info] > git config --get commit.template [54ms]
2024-04-23 14:39:54.424 [info] > git for-each-ref --format=%(refname)%00%(upstream:short)%00%(objectname)%00%(upstream:track)%00%(upstream:remotename)%00%(upstream:remoteref) refs/heads/main refs/remotes/main [5ms]
2024-04-23 14:39:54.921 [info] > git status -z -uall [444ms]
2024-04-23 14:40:00.035 [info] > git config --get commit.template [14ms]
2024-04-23 14:40:00.102 [info] > git for-each-ref --format=%(refname)%00%(upstream:short)%00%(objectname)%00%(upstream:track)%00%(upstream:remotename)%00%(upstream:remoteref) refs/heads/main refs/remotes/main [7ms]
2024-04-23 14:40:00.587 [info] > git status -z -uall [430ms]
2024-04-23 14:40:05.751 [info] > git config --get commit.template [60ms]
2024-04-23 14:40:05.753 [info] > git for-each-ref --format=%(refname)%00%(upstream:short)%00%(objectname)%00%(upstream:track)%00%(upstream:remotename)%00%(upstream:remoteref) refs/heads/main refs/remotes/main [6ms]
2024-04-23 14:40:06.242 [info] > git status -z -uall [429ms]
2024-04-23 14:40:12.557 [info] > git config --get commit.template [1ms]
2024-04-23 14:40:12.623 [info] > git for-each-ref --format=%(refname)%00%(upstream:short)%00%(objectname)%00%(upstream:track)%00%(upstream:remotename)%00%(upstream:remoteref) refs/heads/main refs/remotes/main [1ms]
2024-04-23 14:40:13.120 [info] > git status -z -uall [431ms]
2024-04-23 14:49:11.232 [info] > git config --get commit.template [4ms]
2024-04-23 14:49:11.278 [info] > git for-each-ref --format=%(refname)%00%(upstream:short)%00%(objectname)%00%(upstream:track)%00%(upstream:remotename)%00%(upstream:remoteref) refs/heads/main refs/remotes/main [4ms]
2024-04-23 14:49:11.742 [info] > git status -z -uall [420ms]
2024-04-23 14:59:11.743 [info] > git config --get commit.template [2ms]
2024-04-23 14:59:11.791 [info] > git for-each-ref --format=%(refname)%00%(upstream:short)%00%(objectname)%00%(upstream:track)%00%(upstream:remotename)%00%(upstream:remoteref) refs/heads/main refs/remotes/main [4ms]
2024-04-23 14:59:12.247 [info] > git status -z -uall [406ms]
2024-04-23 14:59:14.532 [info] > git show --textconv :ligue1-frontend/src/pages/HomePage/HomePage.js [49ms]
2024-04-23 14:59:14.548 [info] > git ls-files --stage -- /home/louis/ligue1-frontend/src/pages/HomePage/HomePage.js [19ms]
2024-04-23 14:59:14.599 [info] > git cat-file -s 5ad876a6b403e3ef5931464ed43ba49c5baaad25 [4ms]
2024-04-23 14:59:16.572 [info] > git show --textconv :ligue1-frontend/src/pages/HomePage/HomePage.css [54ms]
2024-04-23 14:59:16.580 [info] > git ls-files --stage -- /home/louis/ligue1-frontend/src/pages/HomePage/HomePage.css [13ms]
2024-04-23 14:59:16.623 [info] > git cat-file -s 78fd70144335a31440075a69e73c14b5c270cd2a [2ms]
2024-04-23 14:59:17.367 [info] > git config --get commit.template [6ms]
2024-04-23 14:59:17.417 [info] > git for-each-ref --format=%(refname)%00%(upstream:short)%00%(objectname)%00%(upstream:track)%00%(upstream:remotename)%00%(upstream:remoteref) refs/heads/main refs/remotes/main [4ms]
2024-04-23 14:59:18.193 [info] > git status -z -uall [728ms]
2024-04-23 14:59:30.403 [info] > git config --get commit.template [2ms]
2024-04-23 14:59:30.455 [info] > git for-each-ref --format=%(refname)%00%(upstream:short)%00%(objectname)%00%(upstream:track)%00%(upstream:remotename)%00%(upstream:remoteref) refs/heads/main refs/remotes/main [4ms]
2024-04-23 14:59:30.868 [info] > git status -z -uall [365ms]
2024-04-23 15:00:03.150 [info] > git config --get commit.template [66ms]
2024-04-23 15:00:03.157 [info] > git for-each-ref --format=%(refname)%00%(upstream:short)%00%(objectname)%00%(upstream:track)%00%(upstream:remotename)%00%(upstream:remoteref) refs/heads/main refs/remotes/main [9ms]
2024-04-23 15:00:03.804 [info] > git status -z -uall [569ms]
2024-04-23 15:00:08.992 [info] > git for-each-ref --format=%(refname)%00%(upstream:short)%00%(objectname)%00%(upstream:track)%00%(upstream:remotename)%00%(upstream:remoteref) refs/heads/main refs/remotes/main [2ms]
2024-04-23 15:00:08.994 [info] > git config --get commit.template [74ms]
2024-04-23 15:00:09.519 [info] > git status -z -uall [458ms]
2024-04-23 15:00:22.291 [info] > git config --get commit.template [2ms]
2024-04-23 15:00:22.349 [info] > git for-each-ref --format=%(refname)%00%(upstream:short)%00%(objectname)%00%(upstream:track)%00%(upstream:remotename)%00%(upstream:remoteref) refs/heads/main refs/remotes/main [3ms]
2024-04-23 15:00:22.850 [info] > git status -z -uall [450ms]
2024-04-23 15:02:01.698 [info] > git config --get commit.template [50ms]
2024-04-23 15:02:01.703 [info] > git for-each-ref --format=%(refname)%00%(upstream:short)%00%(objectname)%00%(upstream:track)%00%(upstream:remotename)%00%(upstream:remoteref) refs/heads/main refs/remotes/main [6ms]
2024-04-23 15:02:02.193 [info] > git status -z -uall [435ms]
2024-04-23 15:02:07.308 [info] > git config --get commit.template [5ms]
2024-04-23 15:02:07.402 [info] > git for-each-ref --format=%(refname)%00%(upstream:short)%00%(objectname)%00%(upstream:track)%00%(upstream:remotename)%00%(upstream:remoteref) refs/heads/main refs/remotes/main [51ms]
2024-04-23 15:02:07.458 [info] > git check-ignore -v -z --stdin [57ms]
2024-04-23 15:02:07.849 [info] > git status -z -uall [394ms]
2024-04-23 15:02:12.974 [info] > git config --get commit.template [37ms]
2024-04-23 15:02:12.976 [info] > git for-each-ref --format=%(refname)%00%(upstream:short)%00%(objectname)%00%(upstream:track)%00%(upstream:remotename)%00%(upstream:remoteref) refs/heads/main refs/remotes/main [3ms]
2024-04-23 15:02:13.364 [info] > git status -z -uall [342ms]
2024-04-23 15:02:18.818 [info] > git config --get commit.template [3ms]
2024-04-23 15:02:18.871 [info] > git for-each-ref --format=%(refname)%00%(upstream:short)%00%(objectname)%00%(upstream:track)%00%(upstream:remotename)%00%(upstream:remoteref) refs/heads/main refs/remotes/main [4ms]
2024-04-23 15:02:19.283 [info] > git status -z -uall [367ms]
2024-04-23 15:02:25.815 [info] > git config --get commit.template [3ms]
2024-04-23 15:02:25.864 [info] > git for-each-ref --format=%(refname)%00%(upstream:short)%00%(objectname)%00%(upstream:track)%00%(upstream:remotename)%00%(upstream:remoteref) refs/heads/main refs/remotes/main [5ms]
2024-04-23 15:02:26.066 [info] > git show --textconv :ligue1-frontend/src/pages/HomePage/HomePage.js [68ms]
2024-04-23 15:02:26.094 [info] > git ls-files --stage -- /home/louis/ligue1-frontend/src/pages/HomePage/HomePage.js [39ms]
2024-04-23 15:02:26.140 [info] > git cat-file -s 5ad876a6b403e3ef5931464ed43ba49c5baaad25 [6ms]
2024-04-23 15:02:26.286 [info] > git status -z -uall [379ms]
2024-04-23 15:02:31.428 [info] > git config --get commit.template [44ms]
2024-04-23 15:02:31.430 [info] > git for-each-ref --format=%(refname)%00%(upstream:short)%00%(objectname)%00%(upstream:track)%00%(upstream:remotename)%00%(upstream:remoteref) refs/heads/main refs/remotes/main [4ms]
2024-04-23 15:02:31.809 [info] > git status -z -uall [339ms]
2024-04-23 15:02:36.957 [info] > git config --get commit.template [58ms]
2024-04-23 15:02:36.959 [info] > git for-each-ref --format=%(refname)%00%(upstream:short)%00%(objectname)%00%(upstream:track)%00%(upstream:remotename)%00%(upstream:remoteref) refs/heads/main refs/remotes/main [4ms]
2024-04-23 15:02:37.392 [info] > git status -z -uall [379ms]
2024-04-23 15:02:43.934 [info] > git config --get commit.template [56ms]
2024-04-23 15:02:43.936 [info] > git for-each-ref --format=%(refname)%00%(upstream:short)%00%(objectname)%00%(upstream:track)%00%(upstream:remotename)%00%(upstream:remoteref) refs/heads/main refs/remotes/main [4ms]
2024-04-23 15:02:44.392 [info] > git status -z -uall [409ms]
2024-04-23 15:02:49.542 [info] > git config --get commit.template [45ms]
2024-04-23 15:02:49.544 [info] > git for-each-ref --format=%(refname)%00%(upstream:short)%00%(objectname)%00%(upstream:track)%00%(upstream:remotename)%00%(upstream:remoteref) refs/heads/main refs/remotes/main [3ms]
2024-04-23 15:02:49.987 [info] > git status -z -uall [403ms]
2024-04-23 15:02:54.566 [info] > git show --textconv :ligue1-frontend/src/pages/HomePage/HomePage.css [51ms]
2024-04-23 15:02:54.578 [info] > git ls-files --stage -- /home/louis/ligue1-frontend/src/pages/HomePage/HomePage.css [16ms]
2024-04-23 15:02:54.634 [info] > git cat-file -s 78fd70144335a31440075a69e73c14b5c270cd2a [7ms]
2024-04-23 15:02:55.154 [info] > git config --get commit.template [52ms]
2024-04-23 15:02:55.156 [info] > git for-each-ref --format=%(refname)%00%(upstream:short)%00%(objectname)%00%(upstream:track)%00%(upstream:remotename)%00%(upstream:remoteref) refs/heads/main refs/remotes/main [3ms]
2024-04-23 15:02:55.636 [info] > git status -z -uall [430ms]
2024-04-23 15:02:55.636 [info] > git show --textconv :ligue1-frontend/src/pages/HomePage/HomePage.js [69ms]
2024-04-23 15:02:55.701 [info] > git ls-files --stage -- /home/louis/ligue1-frontend/src/pages/HomePage/HomePage.js [78ms]
2024-04-23 15:02:55.751 [info] > git cat-file -s 5ad876a6b403e3ef5931464ed43ba49c5baaad25 [4ms]
2024-04-23 15:03:00.807 [info] > git config --get commit.template [50ms]
2024-04-23 15:03:00.810 [info] > git for-each-ref --format=%(refname)%00%(upstream:short)%00%(objectname)%00%(upstream:track)%00%(upstream:remotename)%00%(upstream:remoteref) refs/heads/main refs/remotes/main [5ms]
2024-04-23 15:03:01.248 [info] > git status -z -uall [383ms]
2024-04-23 15:03:02.133 [info] > git show --textconv :ligue1-frontend/src/pages/HomePage/HomePage.css [68ms]
2024-04-23 15:03:02.142 [info] > git ls-files --stage -- /home/louis/ligue1-frontend/src/pages/HomePage/HomePage.css [16ms]
2024-04-23 15:03:02.198 [info] > git cat-file -s 78fd70144335a31440075a69e73c14b5c270cd2a [3ms]
2024-04-23 15:03:06.395 [info] > git config --get commit.template [54ms]
2024-04-23 15:03:06.399 [info] > git for-each-ref --format=%(refname)%00%(upstream:short)%00%(objectname)%00%(upstream:track)%00%(upstream:remotename)%00%(upstream:remoteref) refs/heads/main refs/remotes/main [5ms]
2024-04-23 15:03:06.843 [info] > git status -z -uall [396ms]
2024-04-23 15:03:15.914 [info] > git config --get commit.template [2ms]
2024-04-23 15:03:15.960 [info] > git for-each-ref --format=%(refname)%00%(upstream:short)%00%(objectname)%00%(upstream:track)%00%(upstream:remotename)%00%(upstream:remoteref) refs/heads/main refs/remotes/main [2ms]
2024-04-23 15:03:16.354 [info] > git status -z -uall [354ms]
2024-04-23 15:03:21.946 [info] > git config --get commit.template [36ms]
2024-04-23 15:03:21.948 [info] > git for-each-ref --format=%(refname)%00%(upstream:short)%00%(objectname)%00%(upstream:track)%00%(upstream:remotename)%00%(upstream:remoteref) refs/heads/main refs/remotes/main [3ms]
2024-04-23 15:03:22.323 [info] > git status -z -uall [337ms]
2024-04-23 15:04:00.129 [info] > git config --get commit.template [3ms]
2024-04-23 15:04:00.182 [info] > git for-each-ref --format=%(refname)%00%(upstream:short)%00%(objectname)%00%(upstream:track)%00%(upstream:remotename)%00%(upstream:remoteref) refs/heads/main refs/remotes/main [4ms]
2024-04-23 15:04:00.673 [info] > git status -z -uall [438ms]
2024-04-23 15:04:05.817 [info] > git config --get commit.template [47ms]
2024-04-23 15:04:05.819 [info] > git for-each-ref --format=%(refname)%00%(upstream:short)%00%(objectname)%00%(upstream:track)%00%(upstream:remotename)%00%(upstream:remoteref) refs/heads/main refs/remotes/main [4ms]
2024-04-23 15:04:06.216 [info] > git status -z -uall [351ms]
2024-04-23 15:05:08.274 [info] > git config --get commit.template [48ms]
2024-04-23 15:05:08.276 [info] > git for-each-ref --format=%(refname)%00%(upstream:short)%00%(objectname)%00%(upstream:track)%00%(upstream:remotename)%00%(upstream:remoteref) refs/heads/main refs/remotes/main [3ms]
2024-04-23 15:05:08.721 [info] > git status -z -uall [400ms]
2024-04-23 15:05:13.873 [info] > git config --get commit.template [48ms]
2024-04-23 15:05:13.875 [info] > git for-each-ref --format=%(refname)%00%(upstream:short)%00%(objectname)%00%(upstream:track)%00%(upstream:remotename)%00%(upstream:remoteref) refs/heads/main refs/remotes/main [5ms]
2024-04-23 15:05:14.303 [info] > git status -z -uall [382ms]
2024-04-23 15:05:41.560 [info] > git config --get commit.template [2ms]
2024-04-23 15:05:41.609 [info] > git for-each-ref --format=%(refname)%00%(upstream:short)%00%(objectname)%00%(upstream:track)%00%(upstream:remotename)%00%(upstream:remoteref) refs/heads/main refs/remotes/main [3ms]
2024-04-23 15:05:42.078 [info] > git status -z -uall [417ms]
2024-04-23 15:05:47.292 [info] > git config --get commit.template [72ms]
2024-04-23 15:05:47.298 [info] > git for-each-ref --format=%(refname)%00%(upstream:short)%00%(objectname)%00%(upstream:track)%00%(upstream:remotename)%00%(upstream:remoteref) refs/heads/main refs/remotes/main [12ms]
2024-04-23 15:05:47.813 [info] > git status -z -uall [452ms]
2024-04-23 15:05:54.602 [info] > git config --get commit.template [4ms]
2024-04-23 15:05:54.664 [info] > git for-each-ref --format=%(refname)%00%(upstream:short)%00%(objectname)%00%(upstream:track)%00%(upstream:remotename)%00%(upstream:remoteref) refs/heads/main refs/remotes/main [4ms]
2024-04-23 15:05:55.209 [info] > git status -z -uall [486ms]
2024-04-23 15:06:00.338 [info] > git config --get commit.template [50ms]
2024-04-23 15:06:00.341 [info] > git for-each-ref --format=%(refname)%00%(upstream:short)%00%(objectname)%00%(upstream:track)%00%(upstream:remotename)%00%(upstream:remoteref) refs/heads/main refs/remotes/main [4ms]
2024-04-23 15:06:00.792 [info] > git status -z -uall [403ms]
2024-04-23 15:06:21.730 [info] > git config --get commit.template [47ms]
2024-04-23 15:06:21.733 [info] > git for-each-ref --format=%(refname)%00%(upstream:short)%00%(objectname)%00%(upstream:track)%00%(upstream:remotename)%00%(upstream:remoteref) refs/heads/main refs/remotes/main [4ms]
2024-04-23 15:06:22.139 [info] > git status -z -uall [355ms]
2024-04-23 15:06:27.277 [info] > git config --get commit.template [56ms]
2024-04-23 15:06:27.279 [info] > git for-each-ref --format=%(refname)%00%(upstream:short)%00%(objectname)%00%(upstream:track)%00%(upstream:remotename)%00%(upstream:remoteref) refs/heads/main refs/remotes/main [4ms]
2024-04-23 15:06:27.728 [info] > git status -z -uall [394ms]
2024-04-23 15:06:36.278 [info] > git config --get commit.template [48ms]
2024-04-23 15:06:36.280 [info] > git for-each-ref --format=%(refname)%00%(upstream:short)%00%(objectname)%00%(upstream:track)%00%(upstream:remotename)%00%(upstream:remoteref) refs/heads/main refs/remotes/main [3ms]
2024-04-23 15:06:36.682 [info] > git status -z -uall [355ms]
2024-04-23 15:06:41.839 [info] > git config --get commit.template [52ms]
2024-04-23 15:06:41.842 [info] > git for-each-ref --format=%(refname)%00%(upstream:short)%00%(objectname)%00%(upstream:track)%00%(upstream:remotename)%00%(upstream:remoteref) refs/heads/main refs/remotes/main [5ms]
2024-04-23 15:06:42.292 [info] > git status -z -uall [391ms]
2024-04-23 15:06:50.973 [info] > git config --get commit.template [47ms]
2024-04-23 15:06:50.975 [info] > git for-each-ref --format=%(refname)%00%(upstream:short)%00%(objectname)%00%(upstream:track)%00%(upstream:remotename)%00%(upstream:remoteref) refs/heads/main refs/remotes/main [4ms]
2024-04-23 15:06:51.470 [info] > git status -z -uall [439ms]
2024-04-23 15:06:56.640 [info] > git config --get commit.template [60ms]
2024-04-23 15:06:56.645 [info] > git for-each-ref --format=%(refname)%00%(upstream:short)%00%(objectname)%00%(upstream:track)%00%(upstream:remotename)%00%(upstream:remoteref) refs/heads/main refs/remotes/main [8ms]
2024-04-23 15:06:57.098 [info] > git status -z -uall [412ms]
2024-04-23 15:09:37.210 [info] > git config --get commit.template [3ms]
2024-04-23 15:09:37.255 [info] > git for-each-ref --format=%(refname)%00%(upstream:short)%00%(objectname)%00%(upstream:track)%00%(upstream:remotename)%00%(upstream:remoteref) refs/heads/main refs/remotes/main [5ms]
2024-04-23 15:09:37.646 [info] > git status -z -uall [347ms]
2024-04-23 15:09:55.470 [info] > git config --get commit.template [38ms]
2024-04-23 15:09:55.471 [info] > git for-each-ref --format=%(refname)%00%(upstream:short)%00%(objectname)%00%(upstream:track)%00%(upstream:remotename)%00%(upstream:remoteref) refs/heads/main refs/remotes/main [3ms]
2024-04-23 15:09:55.909 [info] > git status -z -uall [392ms]
2024-04-23 15:10:01.044 [info] > git config --get commit.template [45ms]
2024-04-23 15:10:01.045 [info] > git for-each-ref --format=%(refname)%00%(upstream:short)%00%(objectname)%00%(upstream:track)%00%(upstream:remotename)%00%(upstream:remoteref) refs/heads/main refs/remotes/main [3ms]
2024-04-23 15:10:01.526 [info] > git status -z -uall [440ms]
2024-04-23 15:10:06.698 [info] > git config --get commit.template [56ms]
2024-04-23 15:10:06.699 [info] > git for-each-ref --format=%(refname)%00%(upstream:short)%00%(objectname)%00%(upstream:track)%00%(upstream:remotename)%00%(upstream:remoteref) refs/heads/main refs/remotes/main [4ms]
2024-04-23 15:10:07.199 [info] > git status -z -uall [455ms]
2024-04-23 15:10:12.413 [info] > git config --get commit.template [3ms]
2024-04-23 15:10:12.459 [info] > git for-each-ref --format=%(refname)%00%(upstream:short)%00%(objectname)%00%(upstream:track)%00%(upstream:remotename)%00%(upstream:remoteref) refs/heads/main refs/remotes/main [4ms]
2024-04-23 15:10:12.878 [info] > git status -z -uall [373ms]
2024-04-23 15:10:25.422 [info] > git config --get commit.template [3ms]
2024-04-23 15:10:25.478 [info] > git for-each-ref --format=%(refname)%00%(upstream:short)%00%(objectname)%00%(upstream:track)%00%(upstream:remotename)%00%(upstream:remoteref) refs/heads/main refs/remotes/main [1ms]
2024-04-23 15:10:25.988 [info] > git status -z -uall [458ms]
2024-04-23 15:12:06.386 [info] > git config --get commit.template [2ms]
2024-04-23 15:12:06.435 [info] > git for-each-ref --format=%(refname)%00%(upstream:short)%00%(objectname)%00%(upstream:track)%00%(upstream:remotename)%00%(upstream:remoteref) refs/heads/main refs/remotes/main [4ms]
2024-04-23 15:12:06.859 [info] > git status -z -uall [378ms]
2024-04-23 15:12:14.646 [info] > git config --get commit.template [47ms]
2024-04-23 15:12:14.648 [info] > git for-each-ref --format=%(refname)%00%(upstream:short)%00%(objectname)%00%(upstream:track)%00%(upstream:remotename)%00%(upstream:remoteref) refs/heads/main refs/remotes/main [4ms]
2024-04-23 15:12:15.088 [info] > git status -z -uall [395ms]
2024-04-23 15:12:20.221 [info] > git config --get commit.template [39ms]
2024-04-23 15:12:20.223 [info] > git for-each-ref --format=%(refname)%00%(upstream:short)%00%(objectname)%00%(upstream:track)%00%(upstream:remotename)%00%(upstream:remoteref) refs/heads/main refs/remotes/main [3ms]
2024-04-23 15:12:20.666 [info] > git status -z -uall [401ms]
2024-04-23 15:12:27.358 [info] > git config --get commit.template [53ms]
2024-04-23 15:12:27.363 [info] > git for-each-ref --format=%(refname)%00%(upstream:short)%00%(objectname)%00%(upstream:track)%00%(upstream:remotename)%00%(upstream:remoteref) refs/heads/main refs/remotes/main [6ms]
2024-04-23 15:12:27.836 [info] > git status -z -uall [429ms]
2024-04-23 15:12:32.932 [info] > git config --get commit.template [2ms]
2024-04-23 15:12:32.976 [info] > git for-each-ref --format=%(refname)%00%(upstream:short)%00%(objectname)%00%(upstream:track)%00%(upstream:remotename)%00%(upstream:remoteref) refs/heads/main refs/remotes/main [3ms]
2024-04-23 15:12:33.483 [info] > git status -z -uall [456ms]
2024-04-23 15:12:43.845 [info] > git config --get commit.template [39ms]
2024-04-23 15:12:43.848 [info] > git for-each-ref --format=%(refname)%00%(upstream:short)%00%(objectname)%00%(upstream:track)%00%(upstream:remotename)%00%(upstream:remoteref) refs/heads/main refs/remotes/main [4ms]
2024-04-23 15:12:44.265 [info] > git status -z -uall [372ms]
2024-04-23 15:12:45.968 [info] > git show --textconv :ligue1-frontend/src/pages/HomePage/HomePage.js [43ms]
2024-04-23 15:12:45.981 [info] > git ls-files --stage -- /home/louis/ligue1-frontend/src/pages/HomePage/HomePage.js [17ms]
2024-04-23 15:12:46.023 [info] > git cat-file -s 5ad876a6b403e3ef5931464ed43ba49c5baaad25 [2ms]
2024-04-23 15:12:49.392 [info] > git config --get commit.template [38ms]
2024-04-23 15:12:49.393 [info] > git for-each-ref --format=%(refname)%00%(upstream:short)%00%(objectname)%00%(upstream:track)%00%(upstream:remotename)%00%(upstream:remoteref) refs/heads/main refs/remotes/main [3ms]
2024-04-23 15:12:49.799 [info] > git status -z -uall [366ms]
2024-04-23 15:12:54.939 [info] > git config --get commit.template [49ms]
2024-04-23 15:12:54.942 [info] > git for-each-ref --format=%(refname)%00%(upstream:short)%00%(objectname)%00%(upstream:track)%00%(upstream:remotename)%00%(upstream:remoteref) refs/heads/main refs/remotes/main [4ms]
2024-04-23 15:12:55.888 [info] > git status -z -uall [889ms]
2024-04-23 15:13:01.154 [info] > git config --get commit.template [45ms]
2024-04-23 15:13:01.382 [info] > git for-each-ref --format=%(refname)%00%(upstream:short)%00%(objectname)%00%(upstream:track)%00%(upstream:remotename)%00%(upstream:remoteref) refs/heads/main refs/remotes/main [59ms]
2024-04-23 15:13:03.365 [info] > git status -z -uall [1886ms]
2024-04-23 15:14:25.650 [info] > git config --get commit.template [441ms]
2024-04-23 15:14:26.230 [info] > git for-each-ref --format=%(refname)%00%(upstream:short)%00%(objectname)%00%(upstream:track)%00%(upstream:remotename)%00%(upstream:remoteref) refs/heads/main refs/remotes/main [496ms]
2024-04-23 15:14:28.759 [info] > git status -z -uall [2306ms]
