2024-04-15 10:00:20.765 [info] Log level: Info
2024-04-15 10:00:20.765 [info] Validating found git in: "git"
2024-04-15 10:00:20.765 [info] Using git "2.39.2" from "git"
2024-04-15 10:00:20.765 [info] > git rev-parse --show-toplevel [197ms]
2024-04-15 10:00:20.771 [info] > git rev-parse --git-dir --git-common-dir [7ms]
2024-04-15 10:00:20.879 [info] Open repository: /home/louis
2024-04-15 10:00:21.419 [info] > git rev-parse --show-toplevel [469ms]
2024-04-15 10:00:21.444 [info] > git config --get commit.template [511ms]
2024-04-15 10:00:22.776 [info] > git for-each-ref --format=%(refname)%00%(upstream:short)%00%(objectname)%00%(upstream:track)%00%(upstream:remotename)%00%(upstream:remoteref) refs/heads/main refs/remotes/main [1123ms]
2024-04-15 10:00:22.778 [info] > git rev-parse --show-toplevel [1182ms]
2024-04-15 10:00:22.929 [info] > git check-ignore -v -z --stdin [49ms]
2024-04-15 10:00:22.938 [info] > git rev-parse --show-toplevel [20ms]
2024-04-15 10:00:23.068 [info] > git rev-parse --show-toplevel [24ms]
2024-04-15 10:00:25.705 [info] > git rev-parse --show-toplevel [2604ms]
2024-04-15 10:00:36.819 [info] > git status -z -uall [13826ms] (cancelled)
2024-04-15 10:00:36.823 [info] > git merge-base refs/heads/main refs/remotes/origin/main [10603ms]
2024-04-15 10:00:36.999 [info] > git rev-parse --show-toplevel [11208ms]
2024-04-15 10:00:37.531 [info] > git rev-list --count --left-right refs/heads/main...refs/remotes/origin/main [519ms]
2024-04-15 10:00:37.754 [info] > git config --get commit.template [1129ms]
2024-04-15 10:00:39.330 [info] > git diff --name-status -z --diff-filter=ADMR 73978d91c7f16ccb3cd5807fd7b6f1aed709517e...refs/remotes/origin/main [1647ms]
2024-04-15 10:00:39.519 [info] > git rev-parse --show-toplevel [2079ms]
2024-04-15 10:00:40.744 [info] > git rev-parse --show-toplevel [321ms]
2024-04-15 10:00:40.762 [info] > git for-each-ref --format=%(refname)%00%(upstream:short)%00%(objectname)%00%(upstream:track)%00%(upstream:remotename)%00%(upstream:remoteref) refs/heads/main refs/remotes/main [796ms]
2024-04-15 10:00:41.974 [info] > git rev-parse --show-toplevel [984ms]
2024-04-15 10:00:42.566 [info] > git rev-parse --show-toplevel [299ms]
2024-04-15 10:00:42.789 [info] > git rev-parse --git-dir --git-common-dir [119ms]
2024-04-15 10:00:43.004 [info] Open repository: /home/louis/api_louis
2024-04-15 10:00:43.383 [info] > git config --get commit.template [142ms]
2024-04-15 10:00:43.559 [info] > git rev-parse --show-toplevel [273ms]
2024-04-15 10:00:44.175 [info] > git for-each-ref --format=%(refname)%00%(upstream:short)%00%(objectname)%00%(upstream:track)%00%(upstream:remotename)%00%(upstream:remoteref) refs/heads/main refs/remotes/main [257ms]
2024-04-15 10:00:44.385 [info] > git rev-parse --show-toplevel [360ms]
2024-04-15 10:00:45.019 [info] > git show --textconv :ligue1-frontend/src/app/App.js [340ms]
2024-04-15 10:00:45.622 [info] > git ls-files --stage -- /home/louis/ligue1-frontend/src/app/App.js [649ms]
2024-04-15 10:00:46.230 [info] > git status -z -uall [884ms]
2024-04-15 10:00:47.081 [info] > git merge-base refs/heads/main refs/remotes/origin/main [666ms]
2024-04-15 10:00:47.146 [info] > git config --get commit.template [97ms]
2024-04-15 10:00:47.219 [info] > git for-each-ref --format=%(refname)%00%(upstream:short)%00%(objectname)%00%(upstream:track)%00%(upstream:remotename)%00%(upstream:remoteref) refs/heads/main refs/remotes/main [34ms]
2024-04-15 10:00:47.219 [info] > git rev-list --count --left-right refs/heads/main...refs/remotes/origin/main [86ms]
2024-04-15 10:00:47.393 [info] > git diff --name-status -z --diff-filter=ADMR 0dcaf4832d0ef5956626818c6faf388aa3445dee...refs/remotes/origin/main [88ms]
2024-04-15 10:00:47.663 [info] > git status -z -uall [291ms]
2024-04-15 10:00:55.357 [info] > git status -z -uall [12900ms] (cancelled)
2024-04-15 10:00:56.709 [info] > git check-ignore -v -z --stdin [280ms]
2024-04-15 10:00:56.711 [info] > git check-ignore -v -z --stdin [238ms]
