2024-04-02 12:27:05.298 [info] Log level: Info
2024-04-02 12:27:05.298 [info] Validating found git in: "git"
2024-04-02 12:27:05.298 [info] Using git "2.39.2" from "git"
2024-04-02 12:27:05.298 [info] > git rev-parse --show-toplevel [140ms]
2024-04-02 12:27:05.298 [info] > git rev-parse --git-dir --git-common-dir [188ms]
2024-04-02 12:27:05.298 [info] Open repository: /home/louis/api_louis
2024-04-02 12:27:05.641 [info] > git rev-parse --show-toplevel [129ms]
2024-04-02 12:27:05.651 [info] > git config --get commit.template [171ms]
2024-04-02 12:27:05.849 [info] > git rev-parse --show-toplevel [158ms]
2024-04-02 12:27:05.926 [info] > git for-each-ref --format=%(refname)%00%(upstream:short)%00%(objectname)%00%(upstream:track)%00%(upstream:remotename)%00%(upstream:remoteref) refs/heads/main refs/remotes/main [173ms]
2024-04-02 12:27:05.967 [info] > git rev-parse --git-dir --git-common-dir [72ms]
2024-04-02 12:27:05.995 [info] Open repository: /home/louis/api_louis/_data
2024-04-02 12:27:07.283 [info] > git check-ignore -v -z --stdin [1191ms]
2024-04-02 12:27:07.631 [info] > git check-ignore -v -z --stdin [318ms]
2024-04-02 12:27:07.632 [info] > git check-ignore -v -z --stdin [294ms]
2024-04-02 12:27:07.633 [info] > git rev-parse --show-toplevel [1500ms]
2024-04-02 12:27:07.634 [info] > git config --get commit.template [1524ms]
2024-04-02 12:27:07.862 [info] > git status -z -uall [194ms]
2024-04-02 12:27:07.863 [info] > git rev-parse --show-toplevel [153ms]
2024-04-02 12:27:07.966 [info] > git for-each-ref --format=%(refname)%00%(upstream:short)%00%(objectname)%00%(upstream:track)%00%(upstream:remotename)%00%(upstream:remoteref) refs/heads/main refs/remotes/main [157ms]
2024-04-02 12:27:08.039 [warning] ENOENT: no such file or directory, open '/home/louis/api_louis/_data/.git/refs/remotes/origin/main'
2024-04-02 12:27:08.058 [info] > git config --get commit.template [115ms]
2024-04-02 12:27:08.058 [info] > git rev-parse --show-toplevel [142ms]
2024-04-02 12:27:08.409 [info] > git rev-parse refs/remotes/origin/main [369ms]
2024-04-02 12:27:08.581 [info] > git status -z -uall [146ms]
2024-04-02 12:27:08.632 [info] > git rev-parse --show-toplevel [293ms]
2024-04-02 12:27:08.771 [info] > git for-each-ref --format=%(refname)%00%(upstream:short)%00%(objectname)%00%(upstream:track)%00%(upstream:remotename)%00%(upstream:remoteref) refs/heads/main refs/remotes/main [273ms]
2024-04-02 12:27:08.956 [info] > git rev-parse --show-toplevel [221ms]
2024-04-02 12:27:08.957 [info] > git config --get commit.template [266ms]
2024-04-02 12:27:10.024 [info] > git rev-parse --show-toplevel [162ms]
2024-04-02 12:27:10.110 [info] > git for-each-ref --format=%(refname)%00%(upstream:short)%00%(objectname)%00%(upstream:track)%00%(upstream:remotename)%00%(upstream:remoteref) refs/heads/main refs/remotes/main [140ms]
2024-04-02 12:27:10.219 [warning] ENOENT: no such file or directory, open '/home/louis/api_louis/_data/.git/refs/remotes/origin/main'
2024-04-02 12:27:10.292 [info] > git status -z -uall [238ms]
2024-04-02 12:27:10.293 [info] > git rev-parse --show-toplevel [208ms]
2024-04-02 12:27:10.457 [info] > git rev-parse refs/remotes/origin/main [237ms]
2024-04-02 12:27:10.533 [info] > git status -z -uall [23ms]
2024-04-02 12:27:10.534 [info] > git rev-parse --show-toplevel [204ms]
2024-04-02 12:27:10.604 [info] > git rev-parse --show-toplevel [43ms]
2024-04-02 12:27:10.857 [info] > git rev-parse --show-toplevel [189ms]
2024-04-02 12:27:10.960 [info] > git show --textconv :app/Http/Controllers/Api/ClassementController.php [67ms]
2024-04-02 12:27:11.017 [info] > git ls-files --stage -- /home/louis/api_louis/app/Http/Controllers/Api/ClassementController.php [86ms]
2024-04-02 12:27:11.072 [info] > git cat-file -s ca66ceb5b6310f739c7288080416a6bee5b8004b [20ms]
2024-04-02 12:27:14.133 [info] > git config --get commit.template [4ms]
2024-04-02 12:27:14.178 [info] > git for-each-ref --format=%(refname)%00%(upstream:short)%00%(objectname)%00%(upstream:track)%00%(upstream:remotename)%00%(upstream:remoteref) refs/heads/main refs/remotes/main [5ms]
2024-04-02 12:27:14.214 [info] > git status -z -uall [10ms]
