2024-04-16 06:56:48.975 [info] Log level: Info
2024-04-16 06:56:48.976 [info] Validating found git in: "git"
2024-04-16 06:56:48.976 [info] Using git "2.39.2" from "git"
2024-04-16 06:56:48.976 [info] > git rev-parse --show-toplevel [103ms]
2024-04-16 06:56:48.985 [info] > git rev-parse --git-dir --git-common-dir [10ms]
2024-04-16 06:56:49.079 [info] Open repository: /home/louis
2024-04-16 06:56:49.270 [info] > git rev-parse --show-toplevel [91ms]
2024-04-16 06:56:49.279 [info] > git config --get commit.template [137ms]
2024-04-16 06:56:50.310 [info] > git rev-parse --show-toplevel [973ms]
2024-04-16 06:56:50.424 [info] > git for-each-ref --format=%(refname)%00%(upstream:short)%00%(objectname)%00%(upstream:track)%00%(upstream:remotename)%00%(upstream:remoteref) refs/heads/main refs/remotes/main [1027ms]
2024-04-16 06:56:50.448 [info] > git check-ignore -v -z --stdin [104ms]
2024-04-16 06:56:50.450 [info] > git rev-parse --show-toplevel [47ms]
2024-04-16 06:56:52.100 [info] > git rev-parse --show-toplevel [1580ms]
2024-04-16 06:56:52.242 [info] > git rev-parse --show-toplevel [69ms]
2024-04-16 06:56:52.315 [info] > git rev-parse --show-toplevel [35ms]
2024-04-16 06:56:52.358 [info] > git rev-parse --show-toplevel [22ms]
2024-04-16 06:56:52.386 [info] > git rev-parse --show-toplevel [5ms]
2024-04-16 06:56:52.401 [info] > git rev-parse --show-toplevel [3ms]
2024-04-16 06:56:52.430 [info] > git rev-parse --show-toplevel [13ms]
2024-04-16 06:56:52.500 [info] > git rev-parse --git-dir --git-common-dir [5ms]
2024-04-16 06:56:52.528 [info] Open repository: /home/louis/api_louis
2024-04-16 06:56:52.789 [info] > git config --get commit.template [36ms]
2024-04-16 06:56:52.855 [info] > git rev-parse --show-toplevel [72ms]
2024-04-16 06:56:52.907 [info] > git for-each-ref --format=%(refname)%00%(upstream:short)%00%(objectname)%00%(upstream:track)%00%(upstream:remotename)%00%(upstream:remoteref) refs/heads/main refs/remotes/main [54ms]
2024-04-16 06:56:52.955 [info] > git rev-parse --show-toplevel [50ms]
2024-04-16 06:56:53.142 [info] > git status -z -uall [188ms]
2024-04-16 06:56:53.142 [info] > git show --textconv :ligue1-frontend/src/pages/Menu/Menu.js [90ms]
2024-04-16 06:56:53.386 [info] > git check-ignore -v -z --stdin [107ms]
2024-04-16 06:56:53.388 [info] > git merge-base refs/heads/main refs/remotes/origin/main [160ms]
2024-04-16 06:56:53.427 [info] > git ls-files --stage -- /home/louis/ligue1-frontend/src/pages/Menu/Menu.js [294ms]
2024-04-16 06:56:56.352 [info] > git status -z -uall [4291ms] (cancelled)
2024-04-16 06:56:56.353 [info] > git rev-list --count --left-right refs/heads/main...refs/remotes/origin/main [2927ms]
2024-04-16 06:56:56.399 [info] > git config --get commit.template [3040ms]
2024-04-16 06:57:01.082 [info] > git diff --name-status -z --diff-filter=ADMR 0dcaf4832d0ef5956626818c6faf388aa3445dee...refs/remotes/origin/main [4684ms]
2024-04-16 06:57:01.092 [info] > git merge-base refs/heads/main refs/remotes/origin/main [5199ms]
2024-04-16 06:57:01.542 [info] > git rev-list --count --left-right refs/heads/main...refs/remotes/origin/main [388ms]
2024-04-16 06:57:01.642 [info] > git config --get commit.template [566ms]
2024-04-16 06:57:01.760 [info] > git diff --name-status -z --diff-filter=ADMR 73978d91c7f16ccb3cd5807fd7b6f1aed709517e...refs/remotes/origin/main [120ms]
2024-04-16 06:57:01.762 [info] > git for-each-ref --format=%(refname)%00%(upstream:short)%00%(objectname)%00%(upstream:track)%00%(upstream:remotename)%00%(upstream:remoteref) refs/heads/main refs/remotes/main [232ms]
2024-04-16 06:57:02.465 [info] > git for-each-ref --format=%(refname)%00%(upstream:short)%00%(objectname)%00%(upstream:track)%00%(upstream:remotename)%00%(upstream:remoteref) refs/heads/main refs/remotes/main [607ms]
2024-04-16 06:57:02.747 [info] > git status -z -uall [139ms]
2024-04-16 06:57:06.828 [info] > git status -z -uall [4114ms] (cancelled)
2024-04-16 06:58:20.166 [info] > git config --get commit.template [3ms]
2024-04-16 06:58:20.202 [info] > git for-each-ref --format=%(refname)%00%(upstream:short)%00%(objectname)%00%(upstream:track)%00%(upstream:remotename)%00%(upstream:remoteref) refs/heads/main refs/remotes/main [4ms]
2024-04-16 06:58:20.246 [info] > git status -z -uall [15ms]
2024-04-16 06:58:22.197 [info] > git check-ignore -v -z --stdin [3ms]
2024-04-16 06:58:24.266 [info] > git check-ignore -v -z --stdin [3ms]
2024-04-16 06:58:25.319 [info] > git config --get commit.template [35ms]
2024-04-16 06:58:25.321 [info] > git for-each-ref --format=%(refname)%00%(upstream:short)%00%(objectname)%00%(upstream:track)%00%(upstream:remotename)%00%(upstream:remoteref) refs/heads/main refs/remotes/main [4ms]
2024-04-16 06:58:25.431 [info] > git status -z -uall [75ms]
2024-04-16 06:58:25.431 [info] > git check-ignore -v -z --stdin [5ms]
2024-04-16 06:58:26.604 [info] > git check-ignore -v -z --stdin [4ms]
2024-04-16 06:58:31.453 [info] > git check-ignore -v -z --stdin [17ms]
2024-04-16 06:58:47.835 [info] > git check-ignore -v -z --stdin [3ms]
2024-04-16 06:58:56.675 [info] > git show --textconv :ligue1-frontend/src/pages/ShowPlayer/ShowPLayer.js [41ms]
2024-04-16 06:58:56.682 [info] > git ls-files --stage -- /home/louis/ligue1-frontend/src/pages/ShowPlayer/ShowPLayer.js [12ms]
2024-04-16 06:58:56.761 [info] > git check-ignore -v -z --stdin [12ms]
2024-04-16 06:59:04.571 [info] > git show --textconv :ligue1-frontend/src/pages/ShowPlayer/ShowPlayer.js [40ms]
2024-04-16 06:59:04.573 [info] > git ls-files --stage -- /home/louis/ligue1-frontend/src/pages/ShowPlayer/ShowPlayer.js [11ms]
2024-04-16 06:59:04.806 [info] > git check-ignore -v -z --stdin [6ms]
2024-04-16 06:59:24.291 [info] > git show --textconv :ligue1-frontend/src/pages/ShowPlayer/ShowPlayer.css [40ms]
2024-04-16 06:59:24.297 [info] > git ls-files --stage -- /home/louis/ligue1-frontend/src/pages/ShowPlayer/ShowPlayer.css [9ms]
2024-04-16 06:59:24.403 [info] > git check-ignore -v -z --stdin [26ms]
2024-04-16 06:59:40.105 [info] > git show --textconv :ligue1-frontend/src/app/App.js [64ms]
2024-04-16 06:59:40.117 [info] > git ls-files --stage -- /home/louis/ligue1-frontend/src/app/App.js [23ms]
2024-04-16 07:00:05.674 [info] > git config --get commit.template [32ms]
2024-04-16 07:00:05.853 [info] > git for-each-ref --format=%(refname)%00%(upstream:short)%00%(objectname)%00%(upstream:track)%00%(upstream:remotename)%00%(upstream:remoteref) refs/heads/main refs/remotes/main [13ms]
2024-04-16 07:00:06.081 [info] > git status -z -uall [59ms]
2024-04-16 07:00:23.145 [info] > git config --get commit.template [49ms]
2024-04-16 07:00:23.146 [info] > git for-each-ref --format=%(refname)%00%(upstream:short)%00%(objectname)%00%(upstream:track)%00%(upstream:remotename)%00%(upstream:remoteref) refs/heads/main refs/remotes/main [4ms]
2024-04-16 07:00:23.214 [info] > git status -z -uall [8ms]
2024-04-16 07:01:33.279 [info] > git show --textconv :ligue1-frontend/src/pages/ShowPlayer/ShowPlayer.js [45ms]
2024-04-16 07:01:33.279 [info] > git ls-files --stage -- /home/louis/ligue1-frontend/src/pages/ShowPlayer/ShowPlayer.js [7ms]
2024-04-16 07:07:17.592 [info] > git config --get commit.template [36ms]
2024-04-16 07:07:17.594 [info] > git for-each-ref --format=%(refname)%00%(upstream:short)%00%(objectname)%00%(upstream:track)%00%(upstream:remotename)%00%(upstream:remoteref) refs/heads/main refs/remotes/main [5ms]
2024-04-16 07:07:17.639 [info] > git status -z -uall [9ms]
2024-04-16 07:07:22.726 [info] > git config --get commit.template [40ms]
2024-04-16 07:07:22.727 [info] > git for-each-ref --format=%(refname)%00%(upstream:short)%00%(objectname)%00%(upstream:track)%00%(upstream:remotename)%00%(upstream:remoteref) refs/heads/main refs/remotes/main [4ms]
2024-04-16 07:07:22.774 [info] > git status -z -uall [10ms]
2024-04-16 07:08:05.089 [info] > git show --textconv :ligue1-frontend/src/pages/ShowEquipe/ShowEquipe.js [42ms]
2024-04-16 07:08:05.091 [info] > git ls-files --stage -- /home/louis/ligue1-frontend/src/pages/ShowEquipe/ShowEquipe.js [9ms]
2024-04-16 07:10:16.838 [info] > git config --get commit.template [45ms]
2024-04-16 07:10:16.839 [info] > git for-each-ref --format=%(refname)%00%(upstream:short)%00%(objectname)%00%(upstream:track)%00%(upstream:remotename)%00%(upstream:remoteref) refs/heads/main refs/remotes/main [4ms]
2024-04-16 07:10:16.892 [info] > git status -z -uall [11ms]
2024-04-16 07:11:03.808 [info] > git config --get commit.template [39ms]
2024-04-16 07:11:03.809 [info] > git for-each-ref --format=%(refname)%00%(upstream:short)%00%(objectname)%00%(upstream:track)%00%(upstream:remotename)%00%(upstream:remoteref) refs/heads/main refs/remotes/main [2ms]
2024-04-16 07:11:03.856 [info] > git status -z -uall [9ms]
2024-04-16 07:11:06.350 [info] > git show --textconv :ligue1-frontend/src/app/App.js [41ms]
2024-04-16 07:11:06.353 [info] > git ls-files --stage -- /home/louis/ligue1-frontend/src/app/App.js [7ms]
2024-04-16 07:11:06.661 [info] > git check-ignore -v -z --stdin [37ms]
2024-04-16 07:11:06.662 [info] > git check-ignore -v -z --stdin [5ms]
2024-04-16 07:14:07.553 [info] > git config --get commit.template [35ms]
2024-04-16 07:14:07.554 [info] > git for-each-ref --format=%(refname)%00%(upstream:short)%00%(objectname)%00%(upstream:track)%00%(upstream:remotename)%00%(upstream:remoteref) refs/heads/main refs/remotes/main [2ms]
2024-04-16 07:14:07.601 [info] > git status -z -uall [10ms]
2024-04-16 07:14:16.720 [info] > git show --textconv :ligue1-frontend/src/pages/ShowPlayer/ShowPlayer.js [48ms]
2024-04-16 07:14:16.729 [info] > git ls-files --stage -- /home/louis/ligue1-frontend/src/pages/ShowPlayer/ShowPlayer.js [20ms]
2024-04-16 07:15:30.784 [info] > git config --get commit.template [39ms]
2024-04-16 07:15:30.786 [info] > git for-each-ref --format=%(refname)%00%(upstream:short)%00%(objectname)%00%(upstream:track)%00%(upstream:remotename)%00%(upstream:remoteref) refs/heads/main refs/remotes/main [5ms]
2024-04-16 07:15:30.836 [info] > git status -z -uall [10ms]
2024-04-16 07:15:32.424 [info] > git show --textconv :ligue1-frontend/src/app/App.js [47ms]
2024-04-16 07:15:32.432 [info] > git ls-files --stage -- /home/louis/ligue1-frontend/src/app/App.js [14ms]
2024-04-16 07:15:36.253 [info] > git show --textconv :ligue1-frontend/src/pages/ShowPlayer/ShowPlayer.js [57ms]
2024-04-16 07:15:36.255 [info] > git ls-files --stage -- /home/louis/ligue1-frontend/src/pages/ShowPlayer/ShowPlayer.js [17ms]
2024-04-16 07:15:50.661 [info] > git show --textconv :ligue1-frontend/src/pages/ShowEquipe/ShowEquipe.js [71ms]
2024-04-16 07:15:50.666 [info] > git ls-files --stage -- /home/louis/ligue1-frontend/src/pages/ShowEquipe/ShowEquipe.js [28ms]
2024-04-16 07:15:56.659 [info] > git show --textconv :ligue1-frontend/src/pages/ShowPlayer/ShowPlayer.js [51ms]
2024-04-16 07:15:56.674 [info] > git ls-files --stage -- /home/louis/ligue1-frontend/src/pages/ShowPlayer/ShowPlayer.js [23ms]
2024-04-16 07:17:56.059 [info] > git config --get commit.template [41ms]
2024-04-16 07:17:56.060 [info] > git for-each-ref --format=%(refname)%00%(upstream:short)%00%(objectname)%00%(upstream:track)%00%(upstream:remotename)%00%(upstream:remoteref) refs/heads/main refs/remotes/main [4ms]
2024-04-16 07:17:56.114 [info] > git status -z -uall [11ms]
2024-04-16 07:21:20.710 [info] > git show --textconv :ligue1-frontend/src/pages/ShowPlayer/ShowPlayer.css [43ms]
2024-04-16 07:21:20.713 [info] > git ls-files --stage -- /home/louis/ligue1-frontend/src/pages/ShowPlayer/ShowPlayer.css [6ms]
2024-04-16 07:21:32.057 [info] > git show --textconv :ligue1-frontend/src/pages/ShowPlayer/ShowPlayer.js [66ms]
2024-04-16 07:21:32.059 [info] > git ls-files --stage -- /home/louis/ligue1-frontend/src/pages/ShowPlayer/ShowPlayer.js [17ms]
2024-04-16 07:23:43.044 [info] > git config --get commit.template [2ms]
2024-04-16 07:23:43.082 [info] > git for-each-ref --format=%(refname)%00%(upstream:short)%00%(objectname)%00%(upstream:track)%00%(upstream:remotename)%00%(upstream:remoteref) refs/heads/main refs/remotes/main [2ms]
2024-04-16 07:23:43.129 [info] > git status -z -uall [11ms]
2024-04-16 07:24:02.876 [info] > git config --get commit.template [56ms]
2024-04-16 07:24:02.877 [info] > git for-each-ref --format=%(refname)%00%(upstream:short)%00%(objectname)%00%(upstream:track)%00%(upstream:remotename)%00%(upstream:remoteref) refs/heads/main refs/remotes/main [3ms]
2024-04-16 07:24:02.932 [info] > git status -z -uall [10ms]
2024-04-16 07:24:08.096 [info] > git config --get commit.template [81ms]
2024-04-16 07:24:08.105 [info] > git for-each-ref --format=%(refname)%00%(upstream:short)%00%(objectname)%00%(upstream:track)%00%(upstream:remotename)%00%(upstream:remoteref) refs/heads/main refs/remotes/main [14ms]
2024-04-16 07:24:08.176 [info] > git status -z -uall [14ms]
2024-04-16 07:24:13.310 [info] > git config --get commit.template [52ms]
2024-04-16 07:24:13.317 [info] > git for-each-ref --format=%(refname)%00%(upstream:short)%00%(objectname)%00%(upstream:track)%00%(upstream:remotename)%00%(upstream:remoteref) refs/heads/main refs/remotes/main [14ms]
2024-04-16 07:24:13.376 [info] > git status -z -uall [15ms]
2024-04-16 07:24:18.460 [info] > git config --get commit.template [42ms]
2024-04-16 07:24:18.464 [info] > git for-each-ref --format=%(refname)%00%(upstream:short)%00%(objectname)%00%(upstream:track)%00%(upstream:remotename)%00%(upstream:remoteref) refs/heads/main refs/remotes/main [6ms]
2024-04-16 07:24:18.522 [info] > git status -z -uall [12ms]
2024-04-16 07:24:23.618 [info] > git config --get commit.template [49ms]
2024-04-16 07:24:23.619 [info] > git for-each-ref --format=%(refname)%00%(upstream:short)%00%(objectname)%00%(upstream:track)%00%(upstream:remotename)%00%(upstream:remoteref) refs/heads/main refs/remotes/main [3ms]
2024-04-16 07:24:23.675 [info] > git status -z -uall [12ms]
2024-04-16 07:24:34.495 [info] > git show --textconv :ligue1-frontend/src/pages/ShowPlayer/ShowPlayer.css [41ms]
2024-04-16 07:24:34.498 [info] > git ls-files --stage -- /home/louis/ligue1-frontend/src/pages/ShowPlayer/ShowPlayer.css [6ms]
2024-04-16 07:24:38.796 [info] > git show --textconv :ligue1-frontend/src/pages/ShowPlayer/ShowPlayer.js [51ms]
2024-04-16 07:24:38.796 [info] > git ls-files --stage -- /home/louis/ligue1-frontend/src/pages/ShowPlayer/ShowPlayer.js [6ms]
2024-04-16 07:24:48.960 [info] > git config --get commit.template [41ms]
2024-04-16 07:24:48.961 [info] > git for-each-ref --format=%(refname)%00%(upstream:short)%00%(objectname)%00%(upstream:track)%00%(upstream:remotename)%00%(upstream:remoteref) refs/heads/main refs/remotes/main [2ms]
2024-04-16 07:24:49.011 [info] > git status -z -uall [9ms]
2024-04-16 07:24:50.629 [info] > git show --textconv :ligue1-frontend/src/pages/ShowPlayer/ShowPlayer.css [47ms]
2024-04-16 07:24:50.632 [info] > git ls-files --stage -- /home/louis/ligue1-frontend/src/pages/ShowPlayer/ShowPlayer.css [6ms]
2024-04-16 07:25:18.289 [info] > git config --get commit.template [4ms]
2024-04-16 07:25:18.336 [info] > git for-each-ref --format=%(refname)%00%(upstream:short)%00%(objectname)%00%(upstream:track)%00%(upstream:remotename)%00%(upstream:remoteref) refs/heads/main refs/remotes/main [3ms]
2024-04-16 07:25:18.394 [info] > git status -z -uall [12ms]
2024-04-16 07:25:23.820 [info] > git config --get commit.template [95ms]
2024-04-16 07:25:23.821 [info] > git for-each-ref --format=%(refname)%00%(upstream:short)%00%(objectname)%00%(upstream:track)%00%(upstream:remotename)%00%(upstream:remoteref) refs/heads/main refs/remotes/main [15ms]
2024-04-16 07:25:23.867 [info] > git status -z -uall [9ms]
2024-04-16 07:25:28.315 [info] > git show --textconv :ligue1-frontend/src/pages/ShowPlayer/ShowPlayer.js [44ms]
2024-04-16 07:25:28.318 [info] > git ls-files --stage -- /home/louis/ligue1-frontend/src/pages/ShowPlayer/ShowPlayer.js [8ms]
2024-04-16 07:25:44.431 [info] > git show --textconv :ligue1-frontend/src/pages/ShowPlayer/ShowPlayer.css [41ms]
2024-04-16 07:25:44.436 [info] > git ls-files --stage -- /home/louis/ligue1-frontend/src/pages/ShowPlayer/ShowPlayer.css [7ms]
2024-04-16 07:26:43.368 [info] > git show --textconv :ligue1-frontend/src/pages/ShowPlayer/ShowPlayer.js [44ms]
2024-04-16 07:26:43.368 [info] > git ls-files --stage -- /home/louis/ligue1-frontend/src/pages/ShowPlayer/ShowPlayer.js [7ms]
2024-04-16 07:26:59.266 [info] > git config --get commit.template [38ms]
2024-04-16 07:26:59.268 [info] > git for-each-ref --format=%(refname)%00%(upstream:short)%00%(objectname)%00%(upstream:track)%00%(upstream:remotename)%00%(upstream:remoteref) refs/heads/main refs/remotes/main [3ms]
2024-04-16 07:26:59.323 [info] > git status -z -uall [15ms]
2024-04-16 07:27:06.088 [info] > git show --textconv :ligue1-frontend/src/pages/ShowPlayer/ShowPlayer.css [47ms]
2024-04-16 07:27:06.092 [info] > git ls-files --stage -- /home/louis/ligue1-frontend/src/pages/ShowPlayer/ShowPlayer.css [7ms]
2024-04-16 07:27:07.756 [info] > git config --get commit.template [1ms]
2024-04-16 07:27:07.816 [info] > git for-each-ref --format=%(refname)%00%(upstream:short)%00%(objectname)%00%(upstream:track)%00%(upstream:remotename)%00%(upstream:remoteref) refs/heads/main refs/remotes/main [3ms]
2024-04-16 07:27:07.879 [info] > git status -z -uall [17ms]
2024-04-16 07:27:29.230 [info] > git show --textconv :ligue1-frontend/src/pages/ShowPlayer/ShowPlayer.js [44ms]
2024-04-16 07:27:29.230 [info] > git ls-files --stage -- /home/louis/ligue1-frontend/src/pages/ShowPlayer/ShowPlayer.js [5ms]
2024-04-16 07:27:39.354 [info] > git config --get commit.template [5ms]
2024-04-16 07:27:39.398 [info] > git for-each-ref --format=%(refname)%00%(upstream:short)%00%(objectname)%00%(upstream:track)%00%(upstream:remotename)%00%(upstream:remoteref) refs/heads/main refs/remotes/main [3ms]
2024-04-16 07:27:39.450 [info] > git status -z -uall [11ms]
2024-04-16 07:27:40.891 [info] > git show --textconv :ligue1-frontend/src/pages/ShowPlayer/ShowPlayer.css [58ms]
2024-04-16 07:27:40.894 [info] > git ls-files --stage -- /home/louis/ligue1-frontend/src/pages/ShowPlayer/ShowPlayer.css [9ms]
2024-04-16 07:27:57.321 [info] > git config --get commit.template [32ms]
2024-04-16 07:27:57.324 [info] > git for-each-ref --format=%(refname)%00%(upstream:short)%00%(objectname)%00%(upstream:track)%00%(upstream:remotename)%00%(upstream:remoteref) refs/heads/main refs/remotes/main [4ms]
2024-04-16 07:27:57.368 [info] > git status -z -uall [9ms]
2024-04-16 07:28:28.412 [info] > git config --get commit.template [39ms]
2024-04-16 07:28:28.413 [info] > git for-each-ref --format=%(refname)%00%(upstream:short)%00%(objectname)%00%(upstream:track)%00%(upstream:remotename)%00%(upstream:remoteref) refs/heads/main refs/remotes/main [3ms]
2024-04-16 07:28:28.464 [info] > git status -z -uall [11ms]
2024-04-16 07:28:33.545 [info] > git config --get commit.template [38ms]
2024-04-16 07:28:33.546 [info] > git for-each-ref --format=%(refname)%00%(upstream:short)%00%(objectname)%00%(upstream:track)%00%(upstream:remotename)%00%(upstream:remoteref) refs/heads/main refs/remotes/main [2ms]
2024-04-16 07:28:33.593 [info] > git status -z -uall [11ms]
2024-04-16 07:28:48.264 [info] > git show --textconv :ligue1-frontend/src/pages/ShowPlayer/ShowPlayer.js [46ms]
2024-04-16 07:28:48.270 [info] > git ls-files --stage -- /home/louis/ligue1-frontend/src/pages/ShowPlayer/ShowPlayer.js [11ms]
2024-04-16 07:30:22.477 [info] > git config --get commit.template [110ms]
2024-04-16 07:30:22.510 [info] > git for-each-ref --format=%(refname)%00%(upstream:short)%00%(objectname)%00%(upstream:track)%00%(upstream:remotename)%00%(upstream:remoteref) refs/heads/main refs/remotes/main [36ms]
2024-04-16 07:30:22.780 [info] > git status -z -uall [124ms]
2024-04-16 09:41:37.901 [info] > git config --get commit.template [39ms]
2024-04-16 09:41:37.902 [info] > git for-each-ref --format=%(refname)%00%(upstream:short)%00%(objectname)%00%(upstream:track)%00%(upstream:remotename)%00%(upstream:remoteref) refs/heads/main refs/remotes/main [2ms]
2024-04-16 09:41:37.959 [info] > git status -z -uall [11ms]
2024-04-16 10:24:38.045 [info] > git config --get commit.template [47ms]
2024-04-16 10:24:38.047 [info] > git for-each-ref --format=%(refname)%00%(upstream:short)%00%(objectname)%00%(upstream:track)%00%(upstream:remotename)%00%(upstream:remoteref) refs/heads/main refs/remotes/main [3ms]
2024-04-16 10:24:38.109 [info] > git status -z -uall [14ms]
2024-04-16 10:32:31.353 [info] > git config --get commit.template [2ms]
2024-04-16 10:32:31.412 [info] > git for-each-ref --format=%(refname)%00%(upstream:short)%00%(objectname)%00%(upstream:track)%00%(upstream:remotename)%00%(upstream:remoteref) refs/heads/main refs/remotes/main [2ms]
2024-04-16 10:32:31.470 [info] > git status -z -uall [12ms]
2024-04-16 13:27:50.167 [info] > git config --get commit.template [38ms]
2024-04-16 13:27:50.168 [info] > git for-each-ref --format=%(refname)%00%(upstream:short)%00%(objectname)%00%(upstream:track)%00%(upstream:remotename)%00%(upstream:remoteref) refs/heads/main refs/remotes/main [2ms]
2024-04-16 13:27:50.215 [info] > git status -z -uall [13ms]
2024-04-16 13:27:53.081 [info] > git show --textconv :ligue1-frontend/src/pages/ShowPlayer/ShowPlayer.css [41ms]
2024-04-16 13:27:53.084 [info] > git ls-files --stage -- /home/louis/ligue1-frontend/src/pages/ShowPlayer/ShowPlayer.css [6ms]
2024-04-16 13:27:55.258 [info] > git config --get commit.template [2ms]
2024-04-16 13:27:55.297 [info] > git for-each-ref --format=%(refname)%00%(upstream:short)%00%(objectname)%00%(upstream:track)%00%(upstream:remotename)%00%(upstream:remoteref) refs/heads/main refs/remotes/main [3ms]
2024-04-16 13:27:55.351 [info] > git status -z -uall [12ms]
2024-04-16 13:28:17.849 [info] > git config --get commit.template [122ms]
2024-04-16 13:28:17.853 [info] > git for-each-ref --format=%(refname)%00%(upstream:short)%00%(objectname)%00%(upstream:track)%00%(upstream:remotename)%00%(upstream:remoteref) refs/heads/main refs/remotes/main [7ms]
2024-04-16 13:28:17.996 [info] > git status -z -uall [27ms]
2024-04-16 13:28:50.314 [info] > git config --get commit.template [2ms]
2024-04-16 13:28:50.361 [info] > git for-each-ref --format=%(refname)%00%(upstream:short)%00%(objectname)%00%(upstream:track)%00%(upstream:remotename)%00%(upstream:remoteref) refs/heads/main refs/remotes/main [3ms]
2024-04-16 13:28:50.411 [info] > git status -z -uall [10ms]
2024-04-16 13:29:01.753 [info] > git config --get commit.template [52ms]
2024-04-16 13:29:01.754 [info] > git for-each-ref --format=%(refname)%00%(upstream:short)%00%(objectname)%00%(upstream:track)%00%(upstream:remotename)%00%(upstream:remoteref) refs/heads/main refs/remotes/main [3ms]
2024-04-16 13:29:01.817 [info] > git status -z -uall [12ms]
2024-04-16 13:29:05.440 [info] > git show --textconv :ligue1-frontend/src/pages/ShowPlayer/ShowPlayer.js [44ms]
2024-04-16 13:29:05.440 [info] > git ls-files --stage -- /home/louis/ligue1-frontend/src/pages/ShowPlayer/ShowPlayer.js [5ms]
2024-04-16 13:29:06.905 [info] > git config --get commit.template [42ms]
2024-04-16 13:29:06.905 [info] > git for-each-ref --format=%(refname)%00%(upstream:short)%00%(objectname)%00%(upstream:track)%00%(upstream:remotename)%00%(upstream:remoteref) refs/heads/main refs/remotes/main [3ms]
2024-04-16 13:29:06.962 [info] > git status -z -uall [10ms]
2024-04-16 13:29:24.826 [info] > git show --textconv :ligue1-frontend/src/pages/ShowPlayer/ShowPlayer.css [48ms]
2024-04-16 13:29:24.829 [info] > git ls-files --stage -- /home/louis/ligue1-frontend/src/pages/ShowPlayer/ShowPlayer.css [6ms]
2024-04-16 13:29:29.924 [info] > git show --textconv :ligue1-frontend/src/pages/ShowPlayer/ShowPlayer.js [43ms]
2024-04-16 13:29:29.927 [info] > git ls-files --stage -- /home/louis/ligue1-frontend/src/pages/ShowPlayer/ShowPlayer.js [12ms]
2024-04-16 13:29:38.056 [info] > git config --get commit.template [25ms]
2024-04-16 13:29:38.132 [info] > git for-each-ref --format=%(refname)%00%(upstream:short)%00%(objectname)%00%(upstream:track)%00%(upstream:remotename)%00%(upstream:remoteref) refs/heads/main refs/remotes/main [31ms]
2024-04-16 13:29:38.292 [info] > git status -z -uall [26ms]
2024-04-16 13:29:43.390 [info] > git config --get commit.template [46ms]
2024-04-16 13:29:43.391 [info] > git for-each-ref --format=%(refname)%00%(upstream:short)%00%(objectname)%00%(upstream:track)%00%(upstream:remotename)%00%(upstream:remoteref) refs/heads/main refs/remotes/main [2ms]
2024-04-16 13:29:43.450 [info] > git status -z -uall [10ms]
2024-04-16 13:29:55.596 [info] > git config --get commit.template [45ms]
2024-04-16 13:29:55.600 [info] > git for-each-ref --format=%(refname)%00%(upstream:short)%00%(objectname)%00%(upstream:track)%00%(upstream:remotename)%00%(upstream:remoteref) refs/heads/main refs/remotes/main [11ms]
2024-04-16 13:29:55.657 [info] > git status -z -uall [10ms]
2024-04-16 13:30:00.748 [info] > git config --get commit.template [46ms]
2024-04-16 13:30:00.749 [info] > git for-each-ref --format=%(refname)%00%(upstream:short)%00%(objectname)%00%(upstream:track)%00%(upstream:remotename)%00%(upstream:remoteref) refs/heads/main refs/remotes/main [2ms]
2024-04-16 13:30:00.809 [info] > git status -z -uall [12ms]
2024-04-16 13:30:16.930 [info] > git config --get commit.template [2ms]
2024-04-16 13:30:16.978 [info] > git for-each-ref --format=%(refname)%00%(upstream:short)%00%(objectname)%00%(upstream:track)%00%(upstream:remotename)%00%(upstream:remoteref) refs/heads/main refs/remotes/main [2ms]
2024-04-16 13:30:17.035 [info] > git status -z -uall [8ms]
2024-04-16 13:30:19.900 [info] > git show --textconv :ligue1-frontend/src/pages/ShowPlayer/ShowPlayer.css [78ms]
2024-04-16 13:30:19.902 [info] > git ls-files --stage -- /home/louis/ligue1-frontend/src/pages/ShowPlayer/ShowPlayer.css [6ms]
2024-04-16 13:32:27.830 [info] > git config --get commit.template [46ms]
2024-04-16 13:32:27.831 [info] > git for-each-ref --format=%(refname)%00%(upstream:short)%00%(objectname)%00%(upstream:track)%00%(upstream:remotename)%00%(upstream:remoteref) refs/heads/main refs/remotes/main [3ms]
2024-04-16 13:32:27.889 [info] > git status -z -uall [10ms]
2024-04-16 13:32:57.987 [info] > git show --textconv :ligue1-frontend/src/pages/ShowPlayer/ShowPlayer.css [80ms]
2024-04-16 13:32:57.992 [info] > git ls-files --stage -- /home/louis/ligue1-frontend/src/pages/ShowPlayer/ShowPlayer.css [9ms]
2024-04-16 14:49:25.404 [info] > git config --get commit.template [3ms]
2024-04-16 14:49:25.454 [info] > git for-each-ref --format=%(refname)%00%(upstream:short)%00%(objectname)%00%(upstream:track)%00%(upstream:remotename)%00%(upstream:remoteref) refs/heads/main refs/remotes/main [3ms]
2024-04-16 14:49:25.509 [info] > git status -z -uall [10ms]
2024-04-16 15:25:40.105 [info] > git config --get commit.template [49ms]
2024-04-16 15:25:40.107 [info] > git for-each-ref --format=%(refname)%00%(upstream:short)%00%(objectname)%00%(upstream:track)%00%(upstream:remotename)%00%(upstream:remoteref) refs/heads/main refs/remotes/main [3ms]
2024-04-16 15:25:40.162 [info] > git status -z -uall [9ms]
2024-04-16 15:44:16.662 [info] > git config --get commit.template [65ms]
2024-04-16 15:44:16.664 [info] > git for-each-ref --format=%(refname)%00%(upstream:short)%00%(objectname)%00%(upstream:track)%00%(upstream:remotename)%00%(upstream:remoteref) refs/heads/main refs/remotes/main [4ms]
2024-04-16 15:44:16.720 [info] > git status -z -uall [10ms]
2024-04-16 15:44:34.362 [info] > git config --get commit.template [46ms]
2024-04-16 15:44:34.363 [info] > git for-each-ref --format=%(refname)%00%(upstream:short)%00%(objectname)%00%(upstream:track)%00%(upstream:remotename)%00%(upstream:remoteref) refs/heads/main refs/remotes/main [2ms]
2024-04-16 15:44:34.410 [info] > git status -z -uall [9ms]
2024-04-16 15:54:27.374 [info] > git config --get commit.template [48ms]
2024-04-16 15:54:27.376 [info] > git for-each-ref --format=%(refname)%00%(upstream:short)%00%(objectname)%00%(upstream:track)%00%(upstream:remotename)%00%(upstream:remoteref) refs/heads/main refs/remotes/main [4ms]
2024-04-16 15:54:27.434 [info] > git status -z -uall [10ms]
2024-04-16 15:55:42.909 [info] > git config --get commit.template [46ms]
2024-04-16 15:55:42.911 [info] > git for-each-ref --format=%(refname)%00%(upstream:short)%00%(objectname)%00%(upstream:track)%00%(upstream:remotename)%00%(upstream:remoteref) refs/heads/main refs/remotes/main [2ms]
2024-04-16 15:55:42.974 [info] > git status -z -uall [10ms]
2024-04-16 16:21:19.675 [info] > git config --get commit.template [42ms]
2024-04-16 16:21:19.677 [info] > git for-each-ref --format=%(refname)%00%(upstream:short)%00%(objectname)%00%(upstream:track)%00%(upstream:remotename)%00%(upstream:remoteref) refs/heads/main refs/remotes/main [2ms]
2024-04-16 16:21:19.726 [info] > git status -z -uall [8ms]
2024-04-16 16:21:22.718 [info] > git show --textconv :ligue1-frontend/src/pages/ShowPlayer/ShowPlayer.js [41ms]
2024-04-16 16:21:22.724 [info] > git ls-files --stage -- /home/louis/ligue1-frontend/src/pages/ShowPlayer/ShowPlayer.js [11ms]
2024-04-16 16:21:24.820 [info] > git config --get commit.template [44ms]
2024-04-16 16:21:24.821 [info] > git for-each-ref --format=%(refname)%00%(upstream:short)%00%(objectname)%00%(upstream:track)%00%(upstream:remotename)%00%(upstream:remoteref) refs/heads/main refs/remotes/main [3ms]
2024-04-16 16:21:24.876 [info] > git status -z -uall [10ms]
2024-04-16 16:22:19.764 [info] > git config --get commit.template [37ms]
2024-04-16 16:22:19.767 [info] > git for-each-ref --format=%(refname)%00%(upstream:short)%00%(objectname)%00%(upstream:track)%00%(upstream:remotename)%00%(upstream:remoteref) refs/heads/main refs/remotes/main [4ms]
2024-04-16 16:22:19.821 [info] > git status -z -uall [18ms]
2024-04-16 16:22:24.912 [info] > git config --get commit.template [41ms]
2024-04-16 16:22:24.914 [info] > git for-each-ref --format=%(refname)%00%(upstream:short)%00%(objectname)%00%(upstream:track)%00%(upstream:remotename)%00%(upstream:remoteref) refs/heads/main refs/remotes/main [3ms]
2024-04-16 16:22:24.968 [info] > git status -z -uall [9ms]
2024-04-16 16:22:28.018 [info] > git check-ignore -v -z --stdin [5ms]
2024-04-16 16:22:29.705 [info] > git show --textconv :ligue1-frontend/src/pages/Match/Match.js [49ms]
2024-04-16 16:22:29.708 [info] > git ls-files --stage -- /home/louis/ligue1-frontend/src/pages/Match/Match.js [8ms]
2024-04-16 16:25:04.680 [info] > git config --get commit.template [52ms]
2024-04-16 16:25:04.684 [info] > git for-each-ref --format=%(refname)%00%(upstream:short)%00%(objectname)%00%(upstream:track)%00%(upstream:remotename)%00%(upstream:remoteref) refs/heads/main refs/remotes/main [6ms]
2024-04-16 16:25:04.794 [info] > git status -z -uall [59ms]
2024-04-16 16:26:29.511 [info] > git show --textconv :ligue1-frontend/src/pages/Match/Match.css [48ms]
2024-04-16 16:26:29.514 [info] > git ls-files --stage -- /home/louis/ligue1-frontend/src/pages/Match/Match.css [6ms]
2024-04-16 16:27:19.471 [info] > git config --get commit.template [6ms]
2024-04-16 16:27:19.609 [info] > git for-each-ref --format=%(refname)%00%(upstream:short)%00%(objectname)%00%(upstream:track)%00%(upstream:remotename)%00%(upstream:remoteref) refs/heads/main refs/remotes/main [87ms]
2024-04-16 16:27:19.673 [info] > git status -z -uall [11ms]
2024-04-16 16:27:58.210 [info] > git show --textconv :ligue1-frontend/src/pages/Match/Match.js [57ms]
2024-04-16 16:27:58.232 [info] > git ls-files --stage -- /home/louis/ligue1-frontend/src/pages/Match/Match.js [32ms]
2024-04-16 16:28:11.049 [info] > git for-each-ref --format=%(refname)%00%(upstream:short)%00%(objectname)%00%(upstream:track)%00%(upstream:remotename)%00%(upstream:remoteref) refs/heads/main refs/remotes/main [602ms]
2024-04-16 16:28:11.052 [info] > git config --get commit.template [754ms]
2024-04-16 16:28:11.187 [info] > git status -z -uall [20ms]
2024-04-16 16:28:20.782 [info] > git config --get commit.template [117ms]
2024-04-16 16:28:20.794 [info] > git for-each-ref --format=%(refname)%00%(upstream:short)%00%(objectname)%00%(upstream:track)%00%(upstream:remotename)%00%(upstream:remoteref) refs/heads/main refs/remotes/main [49ms]
2024-04-16 16:28:20.943 [info] > git status -z -uall [92ms]
2024-04-16 16:28:28.646 [info] > git config --get commit.template [263ms]
2024-04-16 16:28:28.681 [info] > git for-each-ref --format=%(refname)%00%(upstream:short)%00%(objectname)%00%(upstream:track)%00%(upstream:remotename)%00%(upstream:remoteref) refs/heads/main refs/remotes/main [120ms]
2024-04-16 16:28:29.109 [info] > git status -z -uall [78ms]
2024-04-16 16:29:28.967 [info] > git config --get commit.template [42ms]
2024-04-16 16:29:28.968 [info] > git for-each-ref --format=%(refname)%00%(upstream:short)%00%(objectname)%00%(upstream:track)%00%(upstream:remotename)%00%(upstream:remoteref) refs/heads/main refs/remotes/main [2ms]
2024-04-16 16:29:29.022 [info] > git status -z -uall [14ms]
2024-04-16 16:29:32.283 [info] > git show --textconv :ligue1-frontend/src/pages/Match/Match.css [54ms]
2024-04-16 16:29:32.286 [info] > git ls-files --stage -- /home/louis/ligue1-frontend/src/pages/Match/Match.css [8ms]
2024-04-16 16:30:30.020 [info] > git show --textconv :ligue1-frontend/src/pages/Match/Match.js [51ms]
2024-04-16 16:30:30.025 [info] > git ls-files --stage -- /home/louis/ligue1-frontend/src/pages/Match/Match.js [14ms]
2024-04-16 16:30:44.902 [info] > git show --textconv :ligue1-frontend/src/pages/Match/Match.css [60ms]
2024-04-16 16:30:44.905 [info] > git ls-files --stage -- /home/louis/ligue1-frontend/src/pages/Match/Match.css [10ms]
2024-04-16 16:32:48.401 [info] > git show --textconv :ligue1-frontend/src/pages/Match/Match.js [54ms]
2024-04-16 16:32:48.406 [info] > git ls-files --stage -- /home/louis/ligue1-frontend/src/pages/Match/Match.js [15ms]
2024-04-16 16:34:31.034 [info] > git config --get commit.template [56ms]
2024-04-16 16:34:31.048 [info] > git for-each-ref --format=%(refname)%00%(upstream:short)%00%(objectname)%00%(upstream:track)%00%(upstream:remotename)%00%(upstream:remoteref) refs/heads/main refs/remotes/main [15ms]
2024-04-16 16:34:31.166 [info] > git status -z -uall [51ms]
2024-04-16 16:34:42.346 [info] > git config --get commit.template [48ms]
2024-04-16 16:34:42.348 [info] > git for-each-ref --format=%(refname)%00%(upstream:short)%00%(objectname)%00%(upstream:track)%00%(upstream:remotename)%00%(upstream:remoteref) refs/heads/main refs/remotes/main [3ms]
2024-04-16 16:34:42.411 [info] > git status -z -uall [18ms]
2024-04-16 16:34:44.506 [info] > git show --textconv :ligue1-frontend/src/pages/Match/Match.css [48ms]
2024-04-16 16:34:44.510 [info] > git ls-files --stage -- /home/louis/ligue1-frontend/src/pages/Match/Match.css [5ms]
2024-04-16 16:35:26.379 [info] > git config --get commit.template [54ms]
2024-04-16 16:35:26.380 [info] > git for-each-ref --format=%(refname)%00%(upstream:short)%00%(objectname)%00%(upstream:track)%00%(upstream:remotename)%00%(upstream:remoteref) refs/heads/main refs/remotes/main [3ms]
2024-04-16 16:35:26.445 [info] > git status -z -uall [11ms]
2024-04-16 16:35:29.963 [info] > git show --textconv :ligue1-frontend/src/pages/Match/Match.js [54ms]
2024-04-16 16:35:29.967 [info] > git ls-files --stage -- /home/louis/ligue1-frontend/src/pages/Match/Match.js [15ms]
2024-04-16 16:36:47.769 [info] > git config --get commit.template [50ms]
2024-04-16 16:36:47.772 [info] > git for-each-ref --format=%(refname)%00%(upstream:short)%00%(objectname)%00%(upstream:track)%00%(upstream:remotename)%00%(upstream:remoteref) refs/heads/main refs/remotes/main [3ms]
2024-04-16 16:36:47.835 [info] > git status -z -uall [13ms]
2024-04-16 16:37:33.238 [info] > git show --textconv :ligue1-frontend/src/pages/Match/Match.css [47ms]
2024-04-16 16:37:33.239 [info] > git ls-files --stage -- /home/louis/ligue1-frontend/src/pages/Match/Match.css [5ms]
2024-04-16 16:38:32.125 [info] > git show --textconv :ligue1-frontend/src/pages/Match/Match.js [47ms]
2024-04-16 16:38:32.131 [info] > git ls-files --stage -- /home/louis/ligue1-frontend/src/pages/Match/Match.js [13ms]
2024-04-16 16:39:52.354 [info] > git show --textconv :ligue1-frontend/src/pages/Match/Match.css [53ms]
2024-04-16 16:39:52.357 [info] > git ls-files --stage -- /home/louis/ligue1-frontend/src/pages/Match/Match.css [8ms]
2024-04-16 16:42:24.627 [info] > git config --get commit.template [53ms]
2024-04-16 16:42:24.631 [info] > git for-each-ref --format=%(refname)%00%(upstream:short)%00%(objectname)%00%(upstream:track)%00%(upstream:remotename)%00%(upstream:remoteref) refs/heads/main refs/remotes/main [5ms]
2024-04-16 16:42:24.693 [info] > git status -z -uall [11ms]
2024-04-16 16:42:29.781 [info] > git config --get commit.template [38ms]
2024-04-16 16:42:29.782 [info] > git for-each-ref --format=%(refname)%00%(upstream:short)%00%(objectname)%00%(upstream:track)%00%(upstream:remotename)%00%(upstream:remoteref) refs/heads/main refs/remotes/main [2ms]
2024-04-16 16:42:29.833 [info] > git status -z -uall [9ms]
2024-04-16 16:42:33.463 [info] > git check-ignore -v -z --stdin [8ms]
2024-04-16 16:42:34.922 [info] > git show --textconv :ligue1-frontend/src/pages/Classement/Classement.js [56ms]
2024-04-16 16:42:34.923 [info] > git ls-files --stage -- /home/louis/ligue1-frontend/src/pages/Classement/Classement.js [12ms]
2024-04-16 16:42:48.435 [info] > git show --textconv :ligue1-frontend/src/pages/Classement/Classement.css [628ms]
2024-04-16 16:42:48.438 [info] > git ls-files --stage -- /home/louis/ligue1-frontend/src/pages/Classement/Classement.css [354ms]
2024-04-16 16:43:27.322 [info] > git config --get commit.template [55ms]
2024-04-16 16:43:27.323 [info] > git for-each-ref --format=%(refname)%00%(upstream:short)%00%(objectname)%00%(upstream:track)%00%(upstream:remotename)%00%(upstream:remoteref) refs/heads/main refs/remotes/main [3ms]
2024-04-16 16:43:27.378 [info] > git status -z -uall [9ms]
2024-04-16 16:43:44.263 [info] > git config --get commit.template [48ms]
2024-04-16 16:43:44.266 [info] > git for-each-ref --format=%(refname)%00%(upstream:short)%00%(objectname)%00%(upstream:track)%00%(upstream:remotename)%00%(upstream:remoteref) refs/heads/main refs/remotes/main [4ms]
2024-04-16 16:43:44.326 [info] > git status -z -uall [11ms]
2024-04-16 16:43:57.785 [info] > git show --textconv :ligue1-frontend/src/pages/ShowPlayer/ShowPlayer.css [54ms]
2024-04-16 16:43:57.789 [info] > git ls-files --stage -- /home/louis/ligue1-frontend/src/pages/ShowPlayer/ShowPlayer.css [8ms]
2024-04-16 16:44:02.081 [info] > git show --textconv :ligue1-frontend/src/pages/Classement/Classement.css [69ms]
2024-04-16 16:44:02.088 [info] > git ls-files --stage -- /home/louis/ligue1-frontend/src/pages/Classement/Classement.css [12ms]
2024-04-16 16:44:15.182 [info] > git config --get commit.template [54ms]
2024-04-16 16:44:15.185 [info] > git for-each-ref --format=%(refname)%00%(upstream:short)%00%(objectname)%00%(upstream:track)%00%(upstream:remotename)%00%(upstream:remoteref) refs/heads/main refs/remotes/main [5ms]
2024-04-16 16:44:15.260 [info] > git status -z -uall [19ms]
2024-04-16 16:44:29.456 [info] > git show --textconv :ligue1-frontend/src/pages/Classement/Classement.js [65ms]
2024-04-16 16:44:29.460 [info] > git ls-files --stage -- /home/louis/ligue1-frontend/src/pages/Classement/Classement.js [14ms]
2024-04-16 16:44:55.520 [info] > git show --textconv :ligue1-frontend/src/pages/Classement/Classement.css [60ms]
2024-04-16 16:44:55.526 [info] > git ls-files --stage -- /home/louis/ligue1-frontend/src/pages/Classement/Classement.css [11ms]
2024-04-16 16:47:42.985 [info] > git config --get commit.template [54ms]
2024-04-16 16:47:42.987 [info] > git for-each-ref --format=%(refname)%00%(upstream:short)%00%(objectname)%00%(upstream:track)%00%(upstream:remotename)%00%(upstream:remoteref) refs/heads/main refs/remotes/main [4ms]
2024-04-16 16:47:43.052 [info] > git status -z -uall [12ms]
2024-04-16 16:47:48.151 [info] > git config --get commit.template [48ms]
2024-04-16 16:47:48.152 [info] > git for-each-ref --format=%(refname)%00%(upstream:short)%00%(objectname)%00%(upstream:track)%00%(upstream:remotename)%00%(upstream:remoteref) refs/heads/main refs/remotes/main [2ms]
2024-04-16 16:47:48.215 [info] > git status -z -uall [11ms]
2024-04-16 16:48:01.657 [info] > git check-ignore -v -z --stdin [4ms]
2024-04-16 16:48:03.180 [info] > git show --textconv :ligue1-frontend/src/api/LoginPageApi.js [67ms]
2024-04-16 16:48:03.183 [info] > git ls-files --stage -- /home/louis/ligue1-frontend/src/api/LoginPageApi.js [7ms]
2024-04-16 16:48:25.678 [info] > git check-ignore -v -z --stdin [4ms]
2024-04-16 16:48:27.087 [info] > git check-ignore -v -z --stdin [3ms]
2024-04-16 16:48:28.723 [info] > git check-ignore -v -z --stdin [2ms]
2024-04-16 16:48:29.444 [info] > git show --textconv :ligue1-frontend/src/components/forms/LoginForm/LoginForm.js [65ms]
2024-04-16 16:48:29.502 [info] > git ls-files --stage -- /home/louis/ligue1-frontend/src/components/forms/LoginForm/LoginForm.js [65ms]
2024-04-16 16:48:48.455 [info] > git show --textconv :ligue1-frontend/src/pages/Classement/Classement.css [48ms]
2024-04-16 16:48:48.457 [info] > git ls-files --stage -- /home/louis/ligue1-frontend/src/pages/Classement/Classement.css [5ms]
2024-04-16 16:49:17.174 [info] > git config --get commit.template [50ms]
2024-04-16 16:49:17.175 [info] > git for-each-ref --format=%(refname)%00%(upstream:short)%00%(objectname)%00%(upstream:track)%00%(upstream:remotename)%00%(upstream:remoteref) refs/heads/main refs/remotes/main [3ms]
2024-04-16 16:49:17.240 [info] > git status -z -uall [11ms]
2024-04-16 16:49:34.209 [info] > git show --textconv :ligue1-frontend/src/components/forms/LoginForm/LoginForm.js [62ms]
2024-04-16 16:49:34.213 [info] > git ls-files --stage -- /home/louis/ligue1-frontend/src/components/forms/LoginForm/LoginForm.js [17ms]
2024-04-16 16:50:39.471 [info] > git show --textconv :ligue1-frontend/src/app/App.js [59ms]
2024-04-16 16:50:39.478 [info] > git ls-files --stage -- /home/louis/ligue1-frontend/src/app/App.js [11ms]
2024-04-16 16:52:02.785 [info] > git config --get commit.template [142ms]
2024-04-16 16:52:02.792 [info] > git for-each-ref --format=%(refname)%00%(upstream:short)%00%(objectname)%00%(upstream:track)%00%(upstream:remotename)%00%(upstream:remoteref) refs/heads/main refs/remotes/main [51ms]
2024-04-16 16:52:03.016 [info] > git status -z -uall [156ms]
2024-04-16 16:52:08.179 [info] > git config --get commit.template [64ms]
2024-04-16 16:52:08.185 [info] > git for-each-ref --format=%(refname)%00%(upstream:short)%00%(objectname)%00%(upstream:track)%00%(upstream:remotename)%00%(upstream:remoteref) refs/heads/main refs/remotes/main [7ms]
2024-04-16 16:52:08.254 [info] > git status -z -uall [11ms]
