2024-04-04 14:25:24.960 [info] Log level: Info
2024-04-04 14:25:24.961 [info] Validating found git in: "git"
2024-04-04 14:25:24.961 [info] Using git "2.39.2" from "git"
2024-04-04 14:25:24.961 [info] > git rev-parse --show-toplevel [10ms]
2024-04-04 14:25:24.986 [info] > git rev-parse --git-dir --git-common-dir [4ms]
2024-04-04 14:25:25.024 [info] Open repository: /home/louis
2024-04-04 14:25:25.054 [info] > git config --get commit.template [14ms]
2024-04-04 14:25:25.076 [info] > git for-each-ref --format=%(refname)%00%(upstream:short)%00%(objectname)%00%(upstream:track)%00%(upstream:remotename)%00%(upstream:remoteref) refs/heads/main refs/remotes/main [4ms]
2024-04-04 14:25:25.077 [info] > git rev-parse --show-toplevel [27ms]
2024-04-04 14:25:25.105 [info] > git rev-parse --git-dir --git-common-dir [18ms]
2024-04-04 14:25:25.113 [info] Open repository: /home/louis/api_louis
2024-04-04 14:25:25.167 [info] > git config --get commit.template [27ms]
2024-04-04 14:25:25.190 [info] > git rev-parse --show-toplevel [26ms]
2024-04-04 14:25:25.215 [info] > git rev-parse --show-toplevel [2ms]
2024-04-04 14:25:25.216 [info] > git for-each-ref --format=%(refname)%00%(upstream:short)%00%(objectname)%00%(upstream:track)%00%(upstream:remotename)%00%(upstream:remoteref) refs/heads/main refs/remotes/main [28ms]
2024-04-04 14:25:25.262 [info] > git rev-parse --show-toplevel [27ms]
2024-04-04 14:25:26.113 [info] > git status -z -uall [852ms]
2024-04-04 14:25:26.156 [info] > git rev-parse --show-toplevel [868ms]
2024-04-04 14:25:26.215 [info] > git config --get commit.template [32ms]
2024-04-04 14:25:26.221 [info] > git rev-parse --show-toplevel [30ms]
2024-04-04 14:25:29.498 [info] > git status -z -uall [4396ms] (cancelled)
2024-04-04 14:25:29.499 [info] > git check-ignore -v -z --stdin [2545ms]
2024-04-04 14:25:29.500 [info] > git check-ignore -v -z --stdin [2531ms]
2024-04-04 14:25:29.503 [info] > git rev-parse --show-toplevel [3135ms]
2024-04-04 14:25:29.504 [info] > git for-each-ref --format=%(refname)%00%(upstream:short)%00%(objectname)%00%(upstream:track)%00%(upstream:remotename)%00%(upstream:remoteref) refs/heads/main refs/remotes/main [3158ms]
2024-04-04 14:25:29.563 [info] > git config --get commit.template [294ms]
2024-04-04 14:25:29.627 [info] > git rev-parse --show-toplevel [79ms]
2024-04-04 14:25:29.665 [info] > git for-each-ref --format=%(refname)%00%(upstream:short)%00%(objectname)%00%(upstream:track)%00%(upstream:remotename)%00%(upstream:remoteref) refs/heads/main refs/remotes/main [69ms]
2024-04-04 14:25:29.668 [info] > git status -z -uall [23ms]
2024-04-04 14:25:29.674 [info] > git rev-parse --show-toplevel [12ms]
2024-04-04 14:25:29.707 [info] > git rev-parse --show-toplevel [17ms]
2024-04-04 14:25:29.727 [info] > git rev-parse --show-toplevel [3ms]
2024-04-04 14:25:29.766 [info] > git show --textconv :app/Http/Controllers/Api/ClassementController.php [16ms]
2024-04-04 14:25:29.776 [info] > git ls-files --stage -- /home/louis/api_louis/app/Http/Controllers/Api/ClassementController.php [11ms]
2024-04-04 14:25:29.794 [info] > git cat-file -s ca66ceb5b6310f739c7288080416a6bee5b8004b [4ms]
2024-04-04 14:25:34.736 [info] > git status -z -uall [5031ms] (cancelled)
2024-04-04 14:26:01.237 [info] > git check-ignore -v -z --stdin [7ms]
2024-04-04 14:26:36.645 [info] > git check-ignore -v -z --stdin [2ms]
2024-04-04 14:26:41.499 [info] > git check-ignore -v -z --stdin [2ms]
2024-04-04 14:26:44.005 [info] > git check-ignore -v -z --stdin [2ms]
2024-04-04 14:26:51.130 [info] > git check-ignore -v -z --stdin [2ms]
2024-04-04 14:27:16.837 [info] > git config --get commit.template [40ms]
2024-04-04 14:27:16.841 [info] > git for-each-ref --format=%(refname)%00%(upstream:short)%00%(objectname)%00%(upstream:track)%00%(upstream:remotename)%00%(upstream:remoteref) refs/heads/main refs/remotes/main [8ms]
2024-04-04 14:27:16.894 [info] > git status -z -uall [25ms]
2024-04-04 14:27:24.919 [info] > git config --get commit.template [28ms]
2024-04-04 14:27:24.920 [info] > git for-each-ref --format=%(refname)%00%(upstream:short)%00%(objectname)%00%(upstream:track)%00%(upstream:remotename)%00%(upstream:remoteref) refs/heads/main refs/remotes/main [3ms]
2024-04-04 14:27:24.950 [info] > git status -z -uall [8ms]
2024-04-04 14:28:20.406 [info] > git config --get commit.template [1ms]
2024-04-04 14:28:20.434 [info] > git for-each-ref --format=%(refname)%00%(upstream:short)%00%(objectname)%00%(upstream:track)%00%(upstream:remotename)%00%(upstream:remoteref) refs/heads/main refs/remotes/main [3ms]
2024-04-04 14:28:20.474 [info] > git status -z -uall [12ms]
2024-04-04 14:28:21.600 [info] > git check-ignore -v -z --stdin [2ms]
2024-04-04 14:28:23.548 [info] > git show --textconv :app/Http/Controllers/JoueurController.php [30ms]
2024-04-04 14:28:23.551 [info] > git ls-files --stage -- /home/louis/api_louis/app/Http/Controllers/JoueurController.php [5ms]
2024-04-04 14:28:42.801 [info] > git config --get commit.template [2ms]
2024-04-04 14:28:42.828 [info] > git for-each-ref --format=%(refname)%00%(upstream:short)%00%(objectname)%00%(upstream:track)%00%(upstream:remotename)%00%(upstream:remoteref) refs/heads/main refs/remotes/main [3ms]
2024-04-04 14:28:43.215 [info] > git status -z -uall [362ms]
2024-04-04 14:28:43.215 [info] > git show --textconv :docker-compose.yml [332ms]
2024-04-04 14:28:43.216 [info] > git ls-files --stage -- /home/louis/docker-compose.yml [309ms]
2024-04-04 14:28:43.438 [info] > git check-ignore -v -z --stdin [36ms]
2024-04-04 14:28:43.439 [info] > git check-ignore -v -z --stdin [6ms]
