2024-04-24 07:09:03.643 [info] Log level: Info
2024-04-24 07:09:03.643 [info] Validating found git in: "git"
2024-04-24 07:09:03.643 [info] Using git "2.39.2" from "git"
2024-04-24 07:09:03.643 [info] > git rev-parse --show-toplevel [90ms]
2024-04-24 07:09:03.643 [info] > git rev-parse --git-dir --git-common-dir [8ms]
2024-04-24 07:09:03.643 [info] Open repository: /home/louis
2024-04-24 07:09:03.647 [info] > git config --get commit.template [29ms]
2024-04-24 07:09:03.696 [info] > git rev-parse --show-toplevel [56ms]
2024-04-24 07:09:03.766 [info] > git for-each-ref --format=%(refname)%00%(upstream:short)%00%(objectname)%00%(upstream:track)%00%(upstream:remotename)%00%(upstream:remoteref) refs/heads/main refs/remotes/main [41ms]
2024-04-24 07:09:03.824 [info] > git rev-parse --show-toplevel [61ms]
2024-04-24 07:09:03.843 [info] > git rev-parse --show-toplevel [4ms]
2024-04-24 07:09:03.859 [info] > git rev-parse --show-toplevel [4ms]
2024-04-24 07:09:03.873 [info] > git rev-parse --show-toplevel [4ms]
2024-04-24 07:09:03.890 [info] > git rev-parse --show-toplevel [3ms]
2024-04-24 07:09:03.982 [info] > git rev-parse --show-toplevel [7ms]
2024-04-24 07:09:04.011 [info] > git rev-parse --show-toplevel [11ms]
2024-04-24 07:09:04.047 [info] > git rev-parse --show-toplevel [7ms]
2024-04-24 07:09:04.108 [info] > git rev-parse --show-toplevel [21ms]
2024-04-24 07:09:04.139 [info] > git rev-parse --show-toplevel [1ms]
2024-04-24 07:09:04.241 [info] > git rev-parse --show-toplevel [42ms]
2024-04-24 07:09:04.309 [info] > git rev-parse --show-toplevel [27ms]
2024-04-24 07:09:04.473 [info] > git check-ignore -v -z --stdin [234ms]
2024-04-24 07:09:04.484 [info] > git show --textconv :ligue1-frontend/src/pages/HomePage/HomePage.css [100ms]
2024-04-24 07:09:04.501 [info] > git ls-files --stage -- /home/louis/ligue1-frontend/src/pages/HomePage/HomePage.css [64ms]
2024-04-24 07:09:04.529 [info] > git cat-file -s 78fd70144335a31440075a69e73c14b5c270cd2a [5ms]
2024-04-24 07:09:04.781 [info] > git status -z -uall [960ms]
2024-04-24 07:09:05.570 [info] > git merge-base refs/heads/main refs/remotes/origin/main [737ms]
2024-04-24 07:09:05.589 [info] > git config --get commit.template [38ms]
2024-04-24 07:09:05.609 [info] > git rev-list --count --left-right refs/heads/main...refs/remotes/origin/main [25ms]
2024-04-24 07:09:05.631 [info] > git for-each-ref --format=%(refname)%00%(upstream:short)%00%(objectname)%00%(upstream:track)%00%(upstream:remotename)%00%(upstream:remoteref) refs/heads/main refs/remotes/main [24ms]
2024-04-24 07:09:05.652 [info] > git diff --name-status -z --diff-filter=ADMR 56880393d828e267994594127668037f852d02be...refs/remotes/origin/main [23ms]
2024-04-24 07:09:07.459 [info] > git status -z -uall [1810ms]
2024-04-24 07:09:11.510 [info] > git config --get commit.template [38ms]
2024-04-24 07:09:11.512 [info] > git for-each-ref --format=%(refname)%00%(upstream:short)%00%(objectname)%00%(upstream:track)%00%(upstream:remotename)%00%(upstream:remoteref) refs/heads/main refs/remotes/main [6ms]
2024-04-24 07:09:11.913 [info] > git status -z -uall [373ms]
2024-04-24 07:09:17.470 [info] > git config --get commit.template [3ms]
2024-04-24 07:09:17.494 [info] > git for-each-ref --format=%(refname)%00%(upstream:short)%00%(objectname)%00%(upstream:track)%00%(upstream:remotename)%00%(upstream:remoteref) refs/heads/main refs/remotes/main [3ms]
2024-04-24 07:09:17.893 [info] > git status -z -uall [373ms]
2024-04-24 07:10:17.701 [info] > git config --get commit.template [31ms]
2024-04-24 07:10:17.703 [info] > git for-each-ref --format=%(refname)%00%(upstream:short)%00%(objectname)%00%(upstream:track)%00%(upstream:remotename)%00%(upstream:remoteref) refs/heads/main refs/remotes/main [4ms]
2024-04-24 07:10:18.122 [info] > git status -z -uall [393ms]
2024-04-24 07:10:23.235 [info] > git for-each-ref --format=%(refname)%00%(upstream:short)%00%(objectname)%00%(upstream:track)%00%(upstream:remotename)%00%(upstream:remoteref) refs/heads/main refs/remotes/main [3ms]
2024-04-24 07:10:23.236 [info] > git config --get commit.template [26ms]
2024-04-24 07:10:23.679 [info] > git status -z -uall [415ms]
2024-04-24 07:10:25.480 [info] > git check-ignore -v -z --stdin [18ms]
2024-04-24 07:10:28.797 [info] > git config --get commit.template [25ms]
2024-04-24 07:10:28.798 [info] > git for-each-ref --format=%(refname)%00%(upstream:short)%00%(objectname)%00%(upstream:track)%00%(upstream:remotename)%00%(upstream:remoteref) refs/heads/main refs/remotes/main [3ms]
2024-04-24 07:10:29.217 [info] > git status -z -uall [395ms]
2024-04-24 07:10:31.798 [info] > git check-ignore -v -z --stdin [24ms]
2024-04-24 07:10:34.300 [info] > git config --get commit.template [5ms]
2024-04-24 07:10:34.325 [info] > git for-each-ref --format=%(refname)%00%(upstream:short)%00%(objectname)%00%(upstream:track)%00%(upstream:remotename)%00%(upstream:remoteref) refs/heads/main refs/remotes/main [3ms]
2024-04-24 07:10:34.699 [info] > git status -z -uall [351ms]
2024-04-24 07:10:39.798 [info] > git config --get commit.template [25ms]
2024-04-24 07:10:39.800 [info] > git for-each-ref --format=%(refname)%00%(upstream:short)%00%(objectname)%00%(upstream:track)%00%(upstream:remotename)%00%(upstream:remoteref) refs/heads/main refs/remotes/main [3ms]
2024-04-24 07:10:40.231 [info] > git status -z -uall [403ms]
2024-04-24 07:16:20.479 [info] > git config --get commit.template [23ms]
2024-04-24 07:16:20.480 [info] > git for-each-ref --format=%(refname)%00%(upstream:short)%00%(objectname)%00%(upstream:track)%00%(upstream:remotename)%00%(upstream:remoteref) refs/heads/main refs/remotes/main [4ms]
2024-04-24 07:16:20.937 [info] > git status -z -uall [432ms]
2024-04-24 07:16:21.925 [info] > git show --textconv :ligue1-frontend/src/pages/HomePage/HomePage.css [25ms]
2024-04-24 07:16:21.934 [info] > git ls-files --stage -- /home/louis/ligue1-frontend/src/pages/HomePage/HomePage.css [14ms]
2024-04-24 07:16:21.959 [info] > git cat-file -s 78fd70144335a31440075a69e73c14b5c270cd2a [3ms]
2024-04-24 07:16:22.281 [info] > git check-ignore -v -z --stdin [30ms]
2024-04-24 07:50:20.065 [info] > git for-each-ref --format=%(refname)%00%(upstream:short)%00%(objectname)%00%(upstream:track)%00%(upstream:remotename)%00%(upstream:remoteref) refs/heads/main refs/remotes/main [3ms]
2024-04-24 07:50:20.067 [info] > git config --get commit.template [31ms]
2024-04-24 07:50:20.518 [info] > git status -z -uall [429ms]
2024-04-24 07:50:22.567 [info] > git check-ignore -v -z --stdin [24ms]
2024-04-24 07:50:25.462 [info] > git check-ignore -v -z --stdin [21ms]
2024-04-24 07:50:25.643 [info] > git config --get commit.template [25ms]
2024-04-24 07:50:25.645 [info] > git for-each-ref --format=%(refname)%00%(upstream:short)%00%(objectname)%00%(upstream:track)%00%(upstream:remotename)%00%(upstream:remoteref) refs/heads/main refs/remotes/main [5ms]
2024-04-24 07:50:26.099 [info] > git status -z -uall [430ms]
2024-04-24 07:50:29.667 [info] > git show --textconv :ligue1-frontend/src/pages/HomePage/HomePage.css [33ms]
2024-04-24 07:50:29.684 [info] > git ls-files --stage -- /home/louis/ligue1-frontend/src/pages/HomePage/HomePage.css [24ms]
2024-04-24 07:50:29.717 [info] > git cat-file -s 78fd70144335a31440075a69e73c14b5c270cd2a [11ms]
2024-04-24 07:50:31.207 [info] > git config --get commit.template [22ms]
2024-04-24 07:50:31.208 [info] > git for-each-ref --format=%(refname)%00%(upstream:short)%00%(objectname)%00%(upstream:track)%00%(upstream:remotename)%00%(upstream:remoteref) refs/heads/main refs/remotes/main [5ms]
2024-04-24 07:50:31.633 [info] > git status -z -uall [407ms]
2024-04-24 07:50:44.817 [info] > git config --get commit.template [8ms]
2024-04-24 07:50:44.844 [info] > git for-each-ref --format=%(refname)%00%(upstream:short)%00%(objectname)%00%(upstream:track)%00%(upstream:remotename)%00%(upstream:remoteref) refs/heads/main refs/remotes/main [3ms]
2024-04-24 07:50:45.339 [info] > git status -z -uall [475ms]
2024-04-24 07:50:46.249 [info] > git check-ignore -v -z --stdin [16ms]
2024-04-24 07:50:47.709 [info] > git check-ignore -v -z --stdin [16ms]
2024-04-24 07:50:51.332 [info] > git show --textconv :ligue1-frontend/src/pages/HomePage/HomePage.js [497ms]
2024-04-24 07:50:51.333 [info] > git config --get commit.template [282ms]
2024-04-24 07:50:51.334 [info] > git ls-files --stage -- /home/louis/ligue1-frontend/src/pages/HomePage/HomePage.js [367ms]
2024-04-24 07:50:51.405 [info] > git cat-file -s 5ad876a6b403e3ef5931464ed43ba49c5baaad25 [44ms]
2024-04-24 07:50:51.422 [info] > git for-each-ref --format=%(refname)%00%(upstream:short)%00%(objectname)%00%(upstream:track)%00%(upstream:remotename)%00%(upstream:remoteref) refs/heads/main refs/remotes/main [21ms]
2024-04-24 07:50:52.497 [info] > git status -z -uall [1044ms]
2024-04-24 07:50:57.637 [info] > git config --get commit.template [32ms]
2024-04-24 07:50:57.642 [info] > git for-each-ref --format=%(refname)%00%(upstream:short)%00%(objectname)%00%(upstream:track)%00%(upstream:remotename)%00%(upstream:remoteref) refs/heads/main refs/remotes/main [7ms]
2024-04-24 07:50:58.669 [info] > git status -z -uall [992ms]
2024-04-24 07:51:03.815 [info] > git config --get commit.template [37ms]
2024-04-24 07:51:03.820 [info] > git for-each-ref --format=%(refname)%00%(upstream:short)%00%(objectname)%00%(upstream:track)%00%(upstream:remotename)%00%(upstream:remoteref) refs/heads/main refs/remotes/main [6ms]
2024-04-24 07:51:04.562 [info] > git status -z -uall [693ms]
2024-04-24 07:51:09.874 [info] > git config --get commit.template [147ms]
2024-04-24 07:51:09.883 [info] > git for-each-ref --format=%(refname)%00%(upstream:short)%00%(objectname)%00%(upstream:track)%00%(upstream:remotename)%00%(upstream:remoteref) refs/heads/main refs/remotes/main [12ms]
2024-04-24 07:51:10.949 [info] > git status -z -uall [959ms]
2024-04-24 07:51:16.047 [info] > git config --get commit.template [32ms]
2024-04-24 07:51:16.051 [info] > git for-each-ref --format=%(refname)%00%(upstream:short)%00%(objectname)%00%(upstream:track)%00%(upstream:remotename)%00%(upstream:remoteref) refs/heads/main refs/remotes/main [5ms]
2024-04-24 07:51:17.562 [info] > git status -z -uall [1475ms]
2024-04-24 07:51:22.658 [info] > git config --get commit.template [3ms]
2024-04-24 07:51:22.700 [info] > git for-each-ref --format=%(refname)%00%(upstream:short)%00%(objectname)%00%(upstream:track)%00%(upstream:remotename)%00%(upstream:remoteref) refs/heads/main refs/remotes/main [9ms]
2024-04-24 07:51:23.767 [info] > git status -z -uall [1037ms]
2024-04-24 07:51:28.926 [info] > git config --get commit.template [5ms]
2024-04-24 07:51:28.961 [info] > git for-each-ref --format=%(refname)%00%(upstream:short)%00%(objectname)%00%(upstream:track)%00%(upstream:remotename)%00%(upstream:remoteref) refs/heads/main refs/remotes/main [5ms]
2024-04-24 07:51:29.405 [info] > git status -z -uall [410ms]
2024-04-24 07:51:35.877 [info] > git config --get commit.template [5ms]
2024-04-24 07:51:35.903 [info] > git for-each-ref --format=%(refname)%00%(upstream:short)%00%(objectname)%00%(upstream:track)%00%(upstream:remotename)%00%(upstream:remoteref) refs/heads/main refs/remotes/main [3ms]
2024-04-24 07:51:36.292 [info] > git status -z -uall [361ms]
2024-04-24 07:51:37.356 [info] > git show --textconv :ligue1-frontend/src/pages/HomePage/HomePage.js [39ms]
2024-04-24 07:51:37.393 [info] > git ls-files --stage -- /home/louis/ligue1-frontend/src/pages/HomePage/HomePage.js [43ms]
2024-04-24 07:51:37.426 [info] > git cat-file -s 5ad876a6b403e3ef5931464ed43ba49c5baaad25 [3ms]
2024-04-24 07:51:41.512 [info] > git config --get commit.template [58ms]
2024-04-24 07:51:41.513 [info] > git for-each-ref --format=%(refname)%00%(upstream:short)%00%(objectname)%00%(upstream:track)%00%(upstream:remotename)%00%(upstream:remoteref) refs/heads/main refs/remotes/main [3ms]
2024-04-24 07:51:41.968 [info] > git status -z -uall [424ms]
2024-04-24 07:51:47.076 [info] > git config --get commit.template [2ms]
2024-04-24 07:51:47.105 [info] > git for-each-ref --format=%(refname)%00%(upstream:short)%00%(objectname)%00%(upstream:track)%00%(upstream:remotename)%00%(upstream:remoteref) refs/heads/main refs/remotes/main [3ms]
2024-04-24 07:51:47.562 [info] > git status -z -uall [427ms]
2024-04-24 07:51:52.807 [info] > git config --get commit.template [96ms]
2024-04-24 07:51:52.811 [info] > git for-each-ref --format=%(refname)%00%(upstream:short)%00%(objectname)%00%(upstream:track)%00%(upstream:remotename)%00%(upstream:remoteref) refs/heads/main refs/remotes/main [6ms]
2024-04-24 07:51:53.892 [info] > git status -z -uall [981ms]
2024-04-24 07:51:59.057 [info] > git config --get commit.template [58ms]
2024-04-24 07:51:59.083 [info] > git for-each-ref --format=%(refname)%00%(upstream:short)%00%(objectname)%00%(upstream:track)%00%(upstream:remotename)%00%(upstream:remoteref) refs/heads/main refs/remotes/main [32ms]
2024-04-24 07:52:00.581 [info] > git status -z -uall [1350ms]
2024-04-24 07:52:05.698 [info] > git config --get commit.template [39ms]
2024-04-24 07:52:05.704 [info] > git for-each-ref --format=%(refname)%00%(upstream:short)%00%(objectname)%00%(upstream:track)%00%(upstream:remotename)%00%(upstream:remoteref) refs/heads/main refs/remotes/main [8ms]
2024-04-24 07:52:06.660 [info] > git status -z -uall [871ms]
2024-04-24 07:52:11.769 [info] > git config --get commit.template [32ms]
2024-04-24 07:52:11.771 [info] > git for-each-ref --format=%(refname)%00%(upstream:short)%00%(objectname)%00%(upstream:track)%00%(upstream:remotename)%00%(upstream:remoteref) refs/heads/main refs/remotes/main [4ms]
2024-04-24 07:52:12.210 [info] > git status -z -uall [412ms]
2024-04-24 07:52:12.904 [info] > git show --textconv :ligue1-frontend/src/pages/HomePage/HomePage.js [35ms]
2024-04-24 07:52:12.911 [info] > git ls-files --stage -- /home/louis/ligue1-frontend/src/pages/HomePage/HomePage.js [13ms]
2024-04-24 07:52:12.941 [info] > git cat-file -s 5ad876a6b403e3ef5931464ed43ba49c5baaad25 [2ms]
2024-04-24 07:52:17.296 [info] > git config --get commit.template [4ms]
2024-04-24 07:52:17.334 [info] > git for-each-ref --format=%(refname)%00%(upstream:short)%00%(objectname)%00%(upstream:track)%00%(upstream:remotename)%00%(upstream:remoteref) refs/heads/main refs/remotes/main [8ms]
2024-04-24 07:52:18.034 [info] > git status -z -uall [672ms]
2024-04-24 07:52:26.952 [info] > git config --get commit.template [31ms]
2024-04-24 07:52:26.954 [info] > git for-each-ref --format=%(refname)%00%(upstream:short)%00%(objectname)%00%(upstream:track)%00%(upstream:remotename)%00%(upstream:remoteref) refs/heads/main refs/remotes/main [4ms]
2024-04-24 07:52:27.362 [info] > git status -z -uall [381ms]
2024-04-24 07:54:03.602 [info] > git config --get commit.template [28ms]
2024-04-24 07:54:03.604 [info] > git for-each-ref --format=%(refname)%00%(upstream:short)%00%(objectname)%00%(upstream:track)%00%(upstream:remotename)%00%(upstream:remoteref) refs/heads/main refs/remotes/main [3ms]
2024-04-24 07:54:03.998 [info] > git status -z -uall [369ms]
2024-04-24 07:55:40.024 [info] > git config --get commit.template [53ms]
2024-04-24 07:55:40.028 [info] > git for-each-ref --format=%(refname)%00%(upstream:short)%00%(objectname)%00%(upstream:track)%00%(upstream:remotename)%00%(upstream:remoteref) refs/heads/main refs/remotes/main [7ms]
2024-04-24 07:55:40.418 [info] > git status -z -uall [360ms]
2024-04-24 07:55:41.842 [info] > git show --textconv :ligue1-frontend/src/pages/HomePage/HomePage.css [34ms]
2024-04-24 07:55:41.848 [info] > git ls-files --stage -- /home/louis/ligue1-frontend/src/pages/HomePage/HomePage.css [13ms]
2024-04-24 07:55:41.875 [info] > git cat-file -s 78fd70144335a31440075a69e73c14b5c270cd2a [2ms]
2024-04-24 07:55:45.523 [info] > git config --get commit.template [24ms]
2024-04-24 07:55:45.524 [info] > git for-each-ref --format=%(refname)%00%(upstream:short)%00%(objectname)%00%(upstream:track)%00%(upstream:remotename)%00%(upstream:remoteref) refs/heads/main refs/remotes/main [2ms]
2024-04-24 07:55:45.876 [info] > git status -z -uall [326ms]
2024-04-24 07:55:50.964 [info] > git config --get commit.template [2ms]
2024-04-24 07:55:50.995 [info] > git for-each-ref --format=%(refname)%00%(upstream:short)%00%(objectname)%00%(upstream:track)%00%(upstream:remotename)%00%(upstream:remoteref) refs/heads/main refs/remotes/main [3ms]
2024-04-24 07:55:51.368 [info] > git status -z -uall [349ms]
2024-04-24 07:55:56.484 [info] > git config --get commit.template [32ms]
2024-04-24 07:55:56.485 [info] > git for-each-ref --format=%(refname)%00%(upstream:short)%00%(objectname)%00%(upstream:track)%00%(upstream:remotename)%00%(upstream:remoteref) refs/heads/main refs/remotes/main [3ms]
2024-04-24 07:55:56.844 [info] > git status -z -uall [328ms]
2024-04-24 07:56:01.975 [info] > git for-each-ref --format=%(refname)%00%(upstream:short)%00%(objectname)%00%(upstream:track)%00%(upstream:remotename)%00%(upstream:remoteref) refs/heads/main refs/remotes/main [1ms]
2024-04-24 07:56:01.979 [info] > git config --get commit.template [41ms]
2024-04-24 07:56:02.474 [info] > git status -z -uall [456ms]
2024-04-24 07:56:07.578 [info] > git config --get commit.template [2ms]
2024-04-24 07:56:07.608 [info] > git for-each-ref --format=%(refname)%00%(upstream:short)%00%(objectname)%00%(upstream:track)%00%(upstream:remotename)%00%(upstream:remoteref) refs/heads/main refs/remotes/main [3ms]
2024-04-24 07:56:08.027 [info] > git status -z -uall [391ms]
2024-04-24 07:56:13.603 [info] > git config --get commit.template [33ms]
2024-04-24 07:56:13.607 [info] > git for-each-ref --format=%(refname)%00%(upstream:short)%00%(objectname)%00%(upstream:track)%00%(upstream:remotename)%00%(upstream:remoteref) refs/heads/main refs/remotes/main [5ms]
2024-04-24 07:56:14.017 [info] > git status -z -uall [383ms]
2024-04-24 07:56:14.487 [info] > git show --textconv :ligue1-frontend/src/pages/HomePage/HomePage.css [38ms]
2024-04-24 07:56:14.501 [info] > git ls-files --stage -- /home/louis/ligue1-frontend/src/pages/HomePage/HomePage.css [14ms]
2024-04-24 07:56:14.539 [info] > git cat-file -s 78fd70144335a31440075a69e73c14b5c270cd2a [5ms]
2024-04-24 07:56:19.151 [info] > git config --get commit.template [28ms]
2024-04-24 07:56:19.153 [info] > git for-each-ref --format=%(refname)%00%(upstream:short)%00%(objectname)%00%(upstream:track)%00%(upstream:remotename)%00%(upstream:remoteref) refs/heads/main refs/remotes/main [3ms]
2024-04-24 07:56:19.574 [info] > git status -z -uall [392ms]
2024-04-24 07:56:24.043 [info] > git show --textconv :ligue1-frontend/src/pages/HomePage/HomePage.js [79ms]
2024-04-24 07:56:24.073 [info] > git ls-files --stage -- /home/louis/ligue1-frontend/src/pages/HomePage/HomePage.js [43ms]
2024-04-24 07:56:24.104 [info] > git cat-file -s 5ad876a6b403e3ef5931464ed43ba49c5baaad25 [5ms]
2024-04-24 08:09:42.488 [info] > git config --get commit.template [795ms]
2024-04-24 08:09:42.494 [info] > git for-each-ref --format=%(refname)%00%(upstream:short)%00%(objectname)%00%(upstream:track)%00%(upstream:remotename)%00%(upstream:remoteref) refs/heads/main refs/remotes/main [772ms]
2024-04-24 08:09:43.033 [info] > git status -z -uall [509ms]
2024-04-24 08:09:50.202 [info] > git config --get commit.template [30ms]
2024-04-24 08:09:50.203 [info] > git for-each-ref --format=%(refname)%00%(upstream:short)%00%(objectname)%00%(upstream:track)%00%(upstream:remotename)%00%(upstream:remoteref) refs/heads/main refs/remotes/main [3ms]
2024-04-24 08:09:50.607 [info] > git status -z -uall [377ms]
2024-04-24 08:09:55.719 [info] > git config --get commit.template [32ms]
2024-04-24 08:09:55.721 [info] > git for-each-ref --format=%(refname)%00%(upstream:short)%00%(objectname)%00%(upstream:track)%00%(upstream:remotename)%00%(upstream:remoteref) refs/heads/main refs/remotes/main [3ms]
2024-04-24 08:09:56.168 [info] > git status -z -uall [420ms]
2024-04-24 08:10:01.774 [info] > git config --get commit.template [36ms]
2024-04-24 08:10:01.779 [info] > git for-each-ref --format=%(refname)%00%(upstream:short)%00%(objectname)%00%(upstream:track)%00%(upstream:remotename)%00%(upstream:remoteref) refs/heads/main refs/remotes/main [7ms]
2024-04-24 08:10:02.837 [info] > git status -z -uall [1026ms]
2024-04-24 08:10:07.963 [info] > git config --get commit.template [4ms]
2024-04-24 08:10:08.021 [info] > git for-each-ref --format=%(refname)%00%(upstream:short)%00%(objectname)%00%(upstream:track)%00%(upstream:remotename)%00%(upstream:remoteref) refs/heads/main refs/remotes/main [7ms]
2024-04-24 08:10:08.979 [info] > git status -z -uall [921ms]
2024-04-24 08:10:14.193 [info] > git config --get commit.template [7ms]
2024-04-24 08:10:14.230 [info] > git for-each-ref --format=%(refname)%00%(upstream:short)%00%(objectname)%00%(upstream:track)%00%(upstream:remotename)%00%(upstream:remoteref) refs/heads/main refs/remotes/main [4ms]
2024-04-24 08:10:14.710 [info] > git status -z -uall [444ms]
2024-04-24 08:10:28.841 [info] > git config --get commit.template [36ms]
2024-04-24 08:10:28.842 [info] > git for-each-ref --format=%(refname)%00%(upstream:short)%00%(objectname)%00%(upstream:track)%00%(upstream:remotename)%00%(upstream:remoteref) refs/heads/main refs/remotes/main [5ms]
2024-04-24 08:10:29.270 [info] > git status -z -uall [396ms]
2024-04-24 08:10:45.949 [info] > git config --get commit.template [32ms]
2024-04-24 08:10:45.950 [info] > git for-each-ref --format=%(refname)%00%(upstream:short)%00%(objectname)%00%(upstream:track)%00%(upstream:remotename)%00%(upstream:remoteref) refs/heads/main refs/remotes/main [3ms]
2024-04-24 08:10:46.384 [info] > git status -z -uall [401ms]
2024-04-24 08:10:51.493 [info] > git config --get commit.template [25ms]
2024-04-24 08:10:51.494 [info] > git for-each-ref --format=%(refname)%00%(upstream:short)%00%(objectname)%00%(upstream:track)%00%(upstream:remotename)%00%(upstream:remoteref) refs/heads/main refs/remotes/main [3ms]
2024-04-24 08:10:51.942 [info] > git status -z -uall [422ms]
2024-04-24 08:10:57.059 [info] > git config --get commit.template [29ms]
2024-04-24 08:10:57.061 [info] > git for-each-ref --format=%(refname)%00%(upstream:short)%00%(objectname)%00%(upstream:track)%00%(upstream:remotename)%00%(upstream:remoteref) refs/heads/main refs/remotes/main [3ms]
2024-04-24 08:10:57.489 [info] > git status -z -uall [403ms]
2024-04-24 08:11:02.570 [info] > git config --get commit.template [2ms]
2024-04-24 08:11:02.603 [info] > git for-each-ref --format=%(refname)%00%(upstream:short)%00%(objectname)%00%(upstream:track)%00%(upstream:remotename)%00%(upstream:remoteref) refs/heads/main refs/remotes/main [4ms]
2024-04-24 08:11:03.027 [info] > git status -z -uall [392ms]
2024-04-24 08:11:18.531 [info] > git config --get commit.template [32ms]
2024-04-24 08:11:18.531 [info] > git for-each-ref --format=%(refname)%00%(upstream:short)%00%(objectname)%00%(upstream:track)%00%(upstream:remotename)%00%(upstream:remoteref) refs/heads/main refs/remotes/main [2ms]
2024-04-24 08:11:18.944 [info] > git status -z -uall [378ms]
2024-04-24 08:11:32.876 [info] > git config --get commit.template [27ms]
2024-04-24 08:11:32.878 [info] > git for-each-ref --format=%(refname)%00%(upstream:short)%00%(objectname)%00%(upstream:track)%00%(upstream:remotename)%00%(upstream:remoteref) refs/heads/main refs/remotes/main [3ms]
2024-04-24 08:11:33.275 [info] > git status -z -uall [368ms]
2024-04-24 08:11:38.384 [info] > git config --get commit.template [35ms]
2024-04-24 08:11:38.386 [info] > git for-each-ref --format=%(refname)%00%(upstream:short)%00%(objectname)%00%(upstream:track)%00%(upstream:remotename)%00%(upstream:remoteref) refs/heads/main refs/remotes/main [3ms]
2024-04-24 08:11:38.804 [info] > git status -z -uall [389ms]
2024-04-24 08:11:43.901 [info] > git config --get commit.template [30ms]
2024-04-24 08:11:43.903 [info] > git for-each-ref --format=%(refname)%00%(upstream:short)%00%(objectname)%00%(upstream:track)%00%(upstream:remotename)%00%(upstream:remoteref) refs/heads/main refs/remotes/main [3ms]
2024-04-24 08:11:44.284 [info] > git status -z -uall [350ms]
2024-04-24 08:11:51.569 [info] > git config --get commit.template [39ms]
2024-04-24 08:11:51.574 [info] > git for-each-ref --format=%(refname)%00%(upstream:short)%00%(objectname)%00%(upstream:track)%00%(upstream:remotename)%00%(upstream:remoteref) refs/heads/main refs/remotes/main [7ms]
2024-04-24 08:11:52.019 [info] > git status -z -uall [418ms]
2024-04-24 08:11:57.114 [info] > git config --get commit.template [2ms]
2024-04-24 08:11:57.146 [info] > git for-each-ref --format=%(refname)%00%(upstream:short)%00%(objectname)%00%(upstream:track)%00%(upstream:remotename)%00%(upstream:remoteref) refs/heads/main refs/remotes/main [3ms]
2024-04-24 08:11:57.544 [info] > git status -z -uall [368ms]
2024-04-24 08:14:30.205 [info] > git config --get commit.template [30ms]
2024-04-24 08:14:30.207 [info] > git for-each-ref --format=%(refname)%00%(upstream:short)%00%(objectname)%00%(upstream:track)%00%(upstream:remotename)%00%(upstream:remoteref) refs/heads/main refs/remotes/main [4ms]
2024-04-24 08:14:30.608 [info] > git status -z -uall [369ms]
2024-04-24 08:14:35.735 [info] > git config --get commit.template [32ms]
2024-04-24 08:14:35.737 [info] > git for-each-ref --format=%(refname)%00%(upstream:short)%00%(objectname)%00%(upstream:track)%00%(upstream:remotename)%00%(upstream:remoteref) refs/heads/main refs/remotes/main [2ms]
2024-04-24 08:14:36.149 [info] > git status -z -uall [385ms]
2024-04-24 08:14:41.230 [info] > git config --get commit.template [2ms]
2024-04-24 08:14:41.259 [info] > git for-each-ref --format=%(refname)%00%(upstream:short)%00%(objectname)%00%(upstream:track)%00%(upstream:remotename)%00%(upstream:remoteref) refs/heads/main refs/remotes/main [3ms]
2024-04-24 08:14:41.775 [info] > git status -z -uall [488ms]
2024-04-24 08:14:42.256 [info] > git show --textconv :ligue1-frontend/src/pages/HomePage/HomePage.css [340ms]
2024-04-24 08:14:42.256 [info] > git ls-files --stage -- /home/louis/ligue1-frontend/src/pages/HomePage/HomePage.css [292ms]
2024-04-24 08:14:42.289 [info] > git cat-file -s 78fd70144335a31440075a69e73c14b5c270cd2a [9ms]
2024-04-24 08:15:09.073 [info] > git config --get commit.template [32ms]
2024-04-24 08:15:09.074 [info] > git for-each-ref --format=%(refname)%00%(upstream:short)%00%(objectname)%00%(upstream:track)%00%(upstream:remotename)%00%(upstream:remoteref) refs/heads/main refs/remotes/main [3ms]
2024-04-24 08:15:09.506 [info] > git status -z -uall [394ms]
2024-04-24 08:15:14.612 [info] > git config --get commit.template [2ms]
2024-04-24 08:15:14.645 [info] > git for-each-ref --format=%(refname)%00%(upstream:short)%00%(objectname)%00%(upstream:track)%00%(upstream:remotename)%00%(upstream:remoteref) refs/heads/main refs/remotes/main [6ms]
2024-04-24 08:15:15.061 [info] > git status -z -uall [390ms]
2024-04-24 08:15:20.180 [info] > git config --get commit.template [32ms]
2024-04-24 08:15:20.181 [info] > git for-each-ref --format=%(refname)%00%(upstream:short)%00%(objectname)%00%(upstream:track)%00%(upstream:remotename)%00%(upstream:remoteref) refs/heads/main refs/remotes/main [3ms]
2024-04-24 08:15:20.624 [info] > git status -z -uall [403ms]
2024-04-24 08:15:25.755 [info] > git config --get commit.template [30ms]
2024-04-24 08:15:25.756 [info] > git for-each-ref --format=%(refname)%00%(upstream:short)%00%(objectname)%00%(upstream:track)%00%(upstream:remotename)%00%(upstream:remoteref) refs/heads/main refs/remotes/main [3ms]
2024-04-24 08:15:26.208 [info] > git status -z -uall [418ms]
2024-04-24 08:15:31.311 [info] > git config --get commit.template [27ms]
2024-04-24 08:15:31.313 [info] > git for-each-ref --format=%(refname)%00%(upstream:short)%00%(objectname)%00%(upstream:track)%00%(upstream:remotename)%00%(upstream:remoteref) refs/heads/main refs/remotes/main [3ms]
2024-04-24 08:15:31.958 [info] > git status -z -uall [617ms]
2024-04-24 08:15:37.087 [info] > git config --get commit.template [21ms]
2024-04-24 08:15:37.156 [info] > git for-each-ref --format=%(refname)%00%(upstream:short)%00%(objectname)%00%(upstream:track)%00%(upstream:remotename)%00%(upstream:remoteref) refs/heads/main refs/remotes/main [19ms]
2024-04-24 08:15:37.697 [info] > git status -z -uall [510ms]
2024-04-24 08:15:58.190 [info] > git config --get commit.template [3ms]
2024-04-24 08:15:58.234 [info] > git for-each-ref --format=%(refname)%00%(upstream:short)%00%(objectname)%00%(upstream:track)%00%(upstream:remotename)%00%(upstream:remoteref) refs/heads/main refs/remotes/main [6ms]
2024-04-24 08:15:58.691 [info] > git status -z -uall [424ms]
2024-04-24 08:16:11.578 [info] > git config --get commit.template [27ms]
2024-04-24 08:16:11.580 [info] > git for-each-ref --format=%(refname)%00%(upstream:short)%00%(objectname)%00%(upstream:track)%00%(upstream:remotename)%00%(upstream:remoteref) refs/heads/main refs/remotes/main [2ms]
2024-04-24 08:16:11.968 [info] > git status -z -uall [363ms]
2024-04-24 08:20:47.952 [info] > git config --get commit.template [30ms]
2024-04-24 08:20:47.954 [info] > git for-each-ref --format=%(refname)%00%(upstream:short)%00%(objectname)%00%(upstream:track)%00%(upstream:remotename)%00%(upstream:remoteref) refs/heads/main refs/remotes/main [4ms]
2024-04-24 08:20:48.425 [info] > git status -z -uall [426ms]
2024-04-24 08:22:06.301 [info] > git config --get commit.template [2ms]
2024-04-24 08:22:06.333 [info] > git for-each-ref --format=%(refname)%00%(upstream:short)%00%(objectname)%00%(upstream:track)%00%(upstream:remotename)%00%(upstream:remoteref) refs/heads/main refs/remotes/main [6ms]
2024-04-24 08:22:06.738 [info] > git status -z -uall [377ms]
2024-04-24 08:22:11.858 [info] > git config --get commit.template [27ms]
2024-04-24 08:22:11.862 [info] > git for-each-ref --format=%(refname)%00%(upstream:short)%00%(objectname)%00%(upstream:track)%00%(upstream:remotename)%00%(upstream:remoteref) refs/heads/main refs/remotes/main [5ms]
2024-04-24 08:22:12.296 [info] > git status -z -uall [408ms]
2024-04-24 08:22:17.405 [info] > git config --get commit.template [26ms]
2024-04-24 08:22:17.406 [info] > git for-each-ref --format=%(refname)%00%(upstream:short)%00%(objectname)%00%(upstream:track)%00%(upstream:remotename)%00%(upstream:remoteref) refs/heads/main refs/remotes/main [3ms]
2024-04-24 08:22:17.858 [info] > git status -z -uall [426ms]
2024-04-24 08:22:22.967 [info] > git for-each-ref --format=%(refname)%00%(upstream:short)%00%(objectname)%00%(upstream:track)%00%(upstream:remotename)%00%(upstream:remoteref) refs/heads/main refs/remotes/main [31ms]
2024-04-24 08:22:22.969 [info] > git config --get commit.template [3ms]
2024-04-24 08:22:23.380 [info] > git status -z -uall [386ms]
2024-04-24 08:22:28.748 [info] > git config --get commit.template [34ms]
2024-04-24 08:22:28.755 [info] > git for-each-ref --format=%(refname)%00%(upstream:short)%00%(objectname)%00%(upstream:track)%00%(upstream:remotename)%00%(upstream:remoteref) refs/heads/main refs/remotes/main [10ms]
2024-04-24 08:22:29.250 [info] > git status -z -uall [472ms]
2024-04-24 08:23:46.529 [info] > git config --get commit.template [23ms]
2024-04-24 08:23:46.531 [info] > git for-each-ref --format=%(refname)%00%(upstream:short)%00%(objectname)%00%(upstream:track)%00%(upstream:remotename)%00%(upstream:remoteref) refs/heads/main refs/remotes/main [3ms]
2024-04-24 08:23:46.932 [info] > git status -z -uall [376ms]
2024-04-24 08:25:56.976 [info] > git config --get commit.template [35ms]
2024-04-24 08:25:56.981 [info] > git for-each-ref --format=%(refname)%00%(upstream:short)%00%(objectname)%00%(upstream:track)%00%(upstream:remotename)%00%(upstream:remoteref) refs/heads/main refs/remotes/main [7ms]
2024-04-24 08:25:57.417 [info] > git status -z -uall [406ms]
2024-04-24 08:26:02.514 [info] > git config --get commit.template [2ms]
2024-04-24 08:26:02.545 [info] > git for-each-ref --format=%(refname)%00%(upstream:short)%00%(objectname)%00%(upstream:track)%00%(upstream:remotename)%00%(upstream:remoteref) refs/heads/main refs/remotes/main [3ms]
2024-04-24 08:26:02.975 [info] > git status -z -uall [401ms]
2024-04-24 08:26:13.550 [info] > git config --get commit.template [30ms]
2024-04-24 08:26:13.552 [info] > git for-each-ref --format=%(refname)%00%(upstream:short)%00%(objectname)%00%(upstream:track)%00%(upstream:remotename)%00%(upstream:remoteref) refs/heads/main refs/remotes/main [4ms]
2024-04-24 08:26:13.971 [info] > git status -z -uall [390ms]
2024-04-24 08:26:19.074 [info] > git config --get commit.template [3ms]
2024-04-24 08:26:19.106 [info] > git for-each-ref --format=%(refname)%00%(upstream:short)%00%(objectname)%00%(upstream:track)%00%(upstream:remotename)%00%(upstream:remoteref) refs/heads/main refs/remotes/main [3ms]
2024-04-24 08:26:19.556 [info] > git status -z -uall [418ms]
2024-04-24 08:26:24.682 [info] > git config --get commit.template [31ms]
2024-04-24 08:26:24.683 [info] > git for-each-ref --format=%(refname)%00%(upstream:short)%00%(objectname)%00%(upstream:track)%00%(upstream:remotename)%00%(upstream:remoteref) refs/heads/main refs/remotes/main [3ms]
2024-04-24 08:26:25.091 [info] > git status -z -uall [382ms]
2024-04-24 08:26:30.193 [info] > git config --get commit.template [27ms]
2024-04-24 08:26:30.195 [info] > git for-each-ref --format=%(refname)%00%(upstream:short)%00%(objectname)%00%(upstream:track)%00%(upstream:remotename)%00%(upstream:remoteref) refs/heads/main refs/remotes/main [3ms]
2024-04-24 08:26:30.593 [info] > git status -z -uall [371ms]
2024-04-24 08:26:36.823 [info] > git config --get commit.template [31ms]
2024-04-24 08:26:36.826 [info] > git for-each-ref --format=%(refname)%00%(upstream:short)%00%(objectname)%00%(upstream:track)%00%(upstream:remotename)%00%(upstream:remoteref) refs/heads/main refs/remotes/main [7ms]
2024-04-24 08:26:37.240 [info] > git status -z -uall [386ms]
2024-04-24 08:26:42.302 [info] > git config --get commit.template [2ms]
2024-04-24 08:26:42.334 [info] > git for-each-ref --format=%(refname)%00%(upstream:short)%00%(objectname)%00%(upstream:track)%00%(upstream:remotename)%00%(upstream:remoteref) refs/heads/main refs/remotes/main [5ms]
2024-04-24 08:26:42.709 [info] > git status -z -uall [348ms]
2024-04-24 08:29:37.015 [info] > git config --get commit.template [26ms]
2024-04-24 08:29:37.017 [info] > git for-each-ref --format=%(refname)%00%(upstream:short)%00%(objectname)%00%(upstream:track)%00%(upstream:remotename)%00%(upstream:remoteref) refs/heads/main refs/remotes/main [3ms]
2024-04-24 08:29:37.509 [info] > git status -z -uall [464ms]
2024-04-24 08:30:19.376 [info] > git config --get commit.template [30ms]
2024-04-24 08:30:19.379 [info] > git for-each-ref --format=%(refname)%00%(upstream:short)%00%(objectname)%00%(upstream:track)%00%(upstream:remotename)%00%(upstream:remoteref) refs/heads/main refs/remotes/main [6ms]
2024-04-24 08:30:19.823 [info] > git status -z -uall [414ms]
2024-04-24 08:30:21.813 [info] > git show --textconv :ligue1-frontend/src/pages/HomePage/HomePage.js [41ms]
2024-04-24 08:30:21.817 [info] > git ls-files --stage -- /home/louis/ligue1-frontend/src/pages/HomePage/HomePage.js [16ms]
2024-04-24 08:30:21.851 [info] > git cat-file -s 5ad876a6b403e3ef5931464ed43ba49c5baaad25 [7ms]
2024-04-24 08:30:24.963 [info] > git config --get commit.template [30ms]
2024-04-24 08:30:24.965 [info] > git for-each-ref --format=%(refname)%00%(upstream:short)%00%(objectname)%00%(upstream:track)%00%(upstream:remotename)%00%(upstream:remoteref) refs/heads/main refs/remotes/main [3ms]
2024-04-24 08:30:25.418 [info] > git status -z -uall [426ms]
2024-04-24 08:30:30.569 [info] > git config --get commit.template [10ms]
2024-04-24 08:30:30.728 [info] > git for-each-ref --format=%(refname)%00%(upstream:short)%00%(objectname)%00%(upstream:track)%00%(upstream:remotename)%00%(upstream:remoteref) refs/heads/main refs/remotes/main [70ms]
2024-04-24 08:30:31.815 [info] > git status -z -uall [931ms]
2024-04-24 08:30:36.958 [info] > git config --get commit.template [28ms]
2024-04-24 08:30:36.960 [info] > git for-each-ref --format=%(refname)%00%(upstream:short)%00%(objectname)%00%(upstream:track)%00%(upstream:remotename)%00%(upstream:remoteref) refs/heads/main refs/remotes/main [3ms]
2024-04-24 08:30:37.392 [info] > git status -z -uall [407ms]
2024-04-24 08:31:17.424 [info] > git config --get commit.template [31ms]
2024-04-24 08:31:17.426 [info] > git for-each-ref --format=%(refname)%00%(upstream:short)%00%(objectname)%00%(upstream:track)%00%(upstream:remotename)%00%(upstream:remoteref) refs/heads/main refs/remotes/main [4ms]
2024-04-24 08:31:17.915 [info] > git status -z -uall [454ms]
2024-04-24 08:31:19.654 [info] > git show --textconv :ligue1-frontend/src/pages/HomePage/HomePage.css [41ms]
2024-04-24 08:31:19.664 [info] > git ls-files --stage -- /home/louis/ligue1-frontend/src/pages/HomePage/HomePage.css [16ms]
2024-04-24 08:31:19.695 [info] > git cat-file -s 78fd70144335a31440075a69e73c14b5c270cd2a [2ms]
2024-04-24 08:31:23.009 [info] > git config --get commit.template [27ms]
2024-04-24 08:31:23.011 [info] > git for-each-ref --format=%(refname)%00%(upstream:short)%00%(objectname)%00%(upstream:track)%00%(upstream:remotename)%00%(upstream:remoteref) refs/heads/main refs/remotes/main [4ms]
2024-04-24 08:31:23.391 [info] > git status -z -uall [354ms]
2024-04-24 08:31:28.554 [info] > git config --get commit.template [69ms]
2024-04-24 08:31:28.562 [info] > git for-each-ref --format=%(refname)%00%(upstream:short)%00%(objectname)%00%(upstream:track)%00%(upstream:remotename)%00%(upstream:remoteref) refs/heads/main refs/remotes/main [25ms]
2024-04-24 08:31:29.404 [info] > git status -z -uall [796ms]
2024-04-24 08:31:34.507 [info] > git config --get commit.template [33ms]
2024-04-24 08:31:34.508 [info] > git for-each-ref --format=%(refname)%00%(upstream:short)%00%(objectname)%00%(upstream:track)%00%(upstream:remotename)%00%(upstream:remoteref) refs/heads/main refs/remotes/main [3ms]
2024-04-24 08:31:34.893 [info] > git status -z -uall [358ms]
2024-04-24 08:31:45.656 [info] > git config --get commit.template [2ms]
2024-04-24 08:31:45.704 [info] > git for-each-ref --format=%(refname)%00%(upstream:short)%00%(objectname)%00%(upstream:track)%00%(upstream:remotename)%00%(upstream:remoteref) refs/heads/main refs/remotes/main [19ms]
2024-04-24 08:31:46.161 [info] > git status -z -uall [425ms]
2024-04-24 08:31:51.257 [info] > git config --get commit.template [5ms]
2024-04-24 08:31:51.302 [info] > git for-each-ref --format=%(refname)%00%(upstream:short)%00%(objectname)%00%(upstream:track)%00%(upstream:remotename)%00%(upstream:remoteref) refs/heads/main refs/remotes/main [11ms]
2024-04-24 08:31:51.757 [info] > git status -z -uall [422ms]
2024-04-24 08:31:56.852 [info] > git config --get commit.template [29ms]
2024-04-24 08:31:56.854 [info] > git for-each-ref --format=%(refname)%00%(upstream:short)%00%(objectname)%00%(upstream:track)%00%(upstream:remotename)%00%(upstream:remoteref) refs/heads/main refs/remotes/main [3ms]
2024-04-24 08:31:57.252 [info] > git status -z -uall [367ms]
2024-04-24 08:32:10.317 [info] > git config --get commit.template [34ms]
2024-04-24 08:32:10.322 [info] > git for-each-ref --format=%(refname)%00%(upstream:short)%00%(objectname)%00%(upstream:track)%00%(upstream:remotename)%00%(upstream:remoteref) refs/heads/main refs/remotes/main [6ms]
2024-04-24 08:32:10.791 [info] > git status -z -uall [439ms]
2024-04-24 08:32:15.877 [info] > git config --get commit.template [1ms]
2024-04-24 08:32:15.930 [info] > git for-each-ref --format=%(refname)%00%(upstream:short)%00%(objectname)%00%(upstream:track)%00%(upstream:remotename)%00%(upstream:remoteref) refs/heads/main refs/remotes/main [5ms]
2024-04-24 08:32:16.504 [info] > git status -z -uall [542ms]
2024-04-24 08:32:25.767 [info] > git config --get commit.template [33ms]
2024-04-24 08:32:25.769 [info] > git for-each-ref --format=%(refname)%00%(upstream:short)%00%(objectname)%00%(upstream:track)%00%(upstream:remotename)%00%(upstream:remoteref) refs/heads/main refs/remotes/main [4ms]
2024-04-24 08:32:26.191 [info] > git status -z -uall [394ms]
2024-04-24 08:32:43.415 [info] > git config --get commit.template [2ms]
2024-04-24 08:32:43.452 [info] > git for-each-ref --format=%(refname)%00%(upstream:short)%00%(objectname)%00%(upstream:track)%00%(upstream:remotename)%00%(upstream:remoteref) refs/heads/main refs/remotes/main [5ms]
2024-04-24 08:32:43.852 [info] > git status -z -uall [370ms]
2024-04-24 08:32:48.955 [info] > git config --get commit.template [3ms]
2024-04-24 08:32:48.989 [info] > git for-each-ref --format=%(refname)%00%(upstream:short)%00%(objectname)%00%(upstream:track)%00%(upstream:remotename)%00%(upstream:remoteref) refs/heads/main refs/remotes/main [3ms]
2024-04-24 08:32:49.592 [info] > git status -z -uall [570ms]
2024-04-24 08:32:54.694 [info] > git config --get commit.template [33ms]
2024-04-24 08:32:54.697 [info] > git for-each-ref --format=%(refname)%00%(upstream:short)%00%(objectname)%00%(upstream:track)%00%(upstream:remotename)%00%(upstream:remoteref) refs/heads/main refs/remotes/main [4ms]
2024-04-24 08:32:55.192 [info] > git status -z -uall [462ms]
2024-04-24 08:33:12.921 [info] > git config --get commit.template [31ms]
2024-04-24 08:33:12.922 [info] > git for-each-ref --format=%(refname)%00%(upstream:short)%00%(objectname)%00%(upstream:track)%00%(upstream:remotename)%00%(upstream:remoteref) refs/heads/main refs/remotes/main [3ms]
2024-04-24 08:33:13.398 [info] > git status -z -uall [445ms]
2024-04-24 08:33:15.083 [info] > git show --textconv :ligue1-frontend/src/pages/HomePage/HomePage.js [38ms]
2024-04-24 08:33:15.089 [info] > git ls-files --stage -- /home/louis/ligue1-frontend/src/pages/HomePage/HomePage.js [14ms]
2024-04-24 08:33:15.124 [info] > git cat-file -s 5ad876a6b403e3ef5931464ed43ba49c5baaad25 [6ms]
2024-04-24 08:33:18.496 [info] > git config --get commit.template [28ms]
2024-04-24 08:33:18.498 [info] > git for-each-ref --format=%(refname)%00%(upstream:short)%00%(objectname)%00%(upstream:track)%00%(upstream:remotename)%00%(upstream:remoteref) refs/heads/main refs/remotes/main [3ms]
2024-04-24 08:33:18.954 [info] > git status -z -uall [427ms]
2024-04-24 08:33:24.043 [info] > git config --get commit.template [2ms]
2024-04-24 08:33:24.070 [info] > git for-each-ref --format=%(refname)%00%(upstream:short)%00%(objectname)%00%(upstream:track)%00%(upstream:remotename)%00%(upstream:remoteref) refs/heads/main refs/remotes/main [3ms]
2024-04-24 08:33:24.479 [info] > git status -z -uall [381ms]
2024-04-24 08:33:30.912 [info] > git config --get commit.template [2ms]
2024-04-24 08:33:30.941 [info] > git for-each-ref --format=%(refname)%00%(upstream:short)%00%(objectname)%00%(upstream:track)%00%(upstream:remotename)%00%(upstream:remoteref) refs/heads/main refs/remotes/main [3ms]
2024-04-24 08:33:31.404 [info] > git status -z -uall [435ms]
2024-04-24 08:33:36.504 [info] > git config --get commit.template [32ms]
2024-04-24 08:33:36.509 [info] > git for-each-ref --format=%(refname)%00%(upstream:short)%00%(objectname)%00%(upstream:track)%00%(upstream:remotename)%00%(upstream:remoteref) refs/heads/main refs/remotes/main [7ms]
2024-04-24 08:33:37.073 [info] > git status -z -uall [513ms]
2024-04-24 08:33:42.161 [info] > git config --get commit.template [2ms]
2024-04-24 08:33:42.194 [info] > git for-each-ref --format=%(refname)%00%(upstream:short)%00%(objectname)%00%(upstream:track)%00%(upstream:remotename)%00%(upstream:remoteref) refs/heads/main refs/remotes/main [3ms]
2024-04-24 08:33:42.700 [info] > git status -z -uall [476ms]
2024-04-24 08:33:47.825 [info] > git config --get commit.template [5ms]
2024-04-24 08:33:47.874 [info] > git for-each-ref --format=%(refname)%00%(upstream:short)%00%(objectname)%00%(upstream:track)%00%(upstream:remotename)%00%(upstream:remoteref) refs/heads/main refs/remotes/main [11ms]
2024-04-24 08:33:48.759 [info] > git status -z -uall [819ms]
2024-04-24 08:33:53.848 [info] > git config --get commit.template [2ms]
2024-04-24 08:33:53.898 [info] > git for-each-ref --format=%(refname)%00%(upstream:short)%00%(objectname)%00%(upstream:track)%00%(upstream:remotename)%00%(upstream:remoteref) refs/heads/main refs/remotes/main [8ms]
2024-04-24 08:33:54.465 [info] > git show --textconv :ligue1-frontend/src/pages/HomePage/HomePage.css [67ms]
2024-04-24 08:33:54.492 [info] > git ls-files --stage -- /home/louis/ligue1-frontend/src/pages/HomePage/HomePage.css [31ms]
2024-04-24 08:33:54.526 [info] > git cat-file -s 78fd70144335a31440075a69e73c14b5c270cd2a [5ms]
2024-04-24 08:33:54.543 [info] > git status -z -uall [605ms]
2024-04-24 08:33:59.035 [info] > git show --textconv :ligue1-frontend/src/pages/HomePage/HomePage.js [53ms]
2024-04-24 08:33:59.045 [info] > git ls-files --stage -- /home/louis/ligue1-frontend/src/pages/HomePage/HomePage.js [20ms]
2024-04-24 08:33:59.082 [info] > git cat-file -s 5ad876a6b403e3ef5931464ed43ba49c5baaad25 [5ms]
2024-04-24 08:33:59.614 [info] > git config --get commit.template [2ms]
2024-04-24 08:33:59.646 [info] > git for-each-ref --format=%(refname)%00%(upstream:short)%00%(objectname)%00%(upstream:track)%00%(upstream:remotename)%00%(upstream:remoteref) refs/heads/main refs/remotes/main [3ms]
2024-04-24 08:34:00.063 [info] > git status -z -uall [387ms]
2024-04-24 08:34:07.574 [info] > git show --textconv :ligue1-frontend/src/pages/HomePage/HomePage.css [35ms]
2024-04-24 08:34:07.582 [info] > git ls-files --stage -- /home/louis/ligue1-frontend/src/pages/HomePage/HomePage.css [13ms]
2024-04-24 08:34:07.628 [info] > git cat-file -s 78fd70144335a31440075a69e73c14b5c270cd2a [14ms]
2024-04-24 08:34:09.652 [info] > git config --get commit.template [40ms]
2024-04-24 08:34:09.654 [info] > git for-each-ref --format=%(refname)%00%(upstream:short)%00%(objectname)%00%(upstream:track)%00%(upstream:remotename)%00%(upstream:remoteref) refs/heads/main refs/remotes/main [3ms]
2024-04-24 08:34:10.113 [info] > git status -z -uall [424ms]
2024-04-24 08:34:15.678 [info] > git config --get commit.template [36ms]
2024-04-24 08:34:15.679 [info] > git for-each-ref --format=%(refname)%00%(upstream:short)%00%(objectname)%00%(upstream:track)%00%(upstream:remotename)%00%(upstream:remoteref) refs/heads/main refs/remotes/main [3ms]
2024-04-24 08:34:16.143 [info] > git status -z -uall [429ms]
2024-04-24 08:34:23.649 [info] > git config --get commit.template [3ms]
2024-04-24 08:34:23.683 [info] > git for-each-ref --format=%(refname)%00%(upstream:short)%00%(objectname)%00%(upstream:track)%00%(upstream:remotename)%00%(upstream:remoteref) refs/heads/main refs/remotes/main [3ms]
2024-04-24 08:34:24.110 [info] > git status -z -uall [397ms]
2024-04-24 08:34:29.217 [info] > git config --get commit.template [34ms]
2024-04-24 08:34:29.218 [info] > git for-each-ref --format=%(refname)%00%(upstream:short)%00%(objectname)%00%(upstream:track)%00%(upstream:remotename)%00%(upstream:remoteref) refs/heads/main refs/remotes/main [3ms]
2024-04-24 08:34:29.619 [info] > git status -z -uall [371ms]
2024-04-24 08:34:34.714 [info] > git config --get commit.template [28ms]
2024-04-24 08:34:34.715 [info] > git for-each-ref --format=%(refname)%00%(upstream:short)%00%(objectname)%00%(upstream:track)%00%(upstream:remotename)%00%(upstream:remoteref) refs/heads/main refs/remotes/main [3ms]
2024-04-24 08:34:35.176 [info] > git status -z -uall [431ms]
2024-04-24 08:35:02.714 [info] > git config --get commit.template [33ms]
2024-04-24 08:35:02.720 [info] > git for-each-ref --format=%(refname)%00%(upstream:short)%00%(objectname)%00%(upstream:track)%00%(upstream:remotename)%00%(upstream:remoteref) refs/heads/main refs/remotes/main [7ms]
2024-04-24 08:35:03.199 [info] > git status -z -uall [434ms]
2024-04-24 08:35:22.290 [info] > git config --get commit.template [3ms]
2024-04-24 08:35:22.323 [info] > git for-each-ref --format=%(refname)%00%(upstream:short)%00%(objectname)%00%(upstream:track)%00%(upstream:remotename)%00%(upstream:remoteref) refs/heads/main refs/remotes/main [3ms]
2024-04-24 08:35:22.778 [info] > git status -z -uall [420ms]
2024-04-24 08:35:27.892 [info] > git config --get commit.template [2ms]
2024-04-24 08:35:27.951 [info] > git for-each-ref --format=%(refname)%00%(upstream:short)%00%(objectname)%00%(upstream:track)%00%(upstream:remotename)%00%(upstream:remoteref) refs/heads/main refs/remotes/main [2ms]
2024-04-24 08:35:28.463 [info] > git status -z -uall [466ms]
2024-04-24 08:35:33.587 [info] > git config --get commit.template [30ms]
2024-04-24 08:35:33.588 [info] > git for-each-ref --format=%(refname)%00%(upstream:short)%00%(objectname)%00%(upstream:track)%00%(upstream:remotename)%00%(upstream:remoteref) refs/heads/main refs/remotes/main [3ms]
2024-04-24 08:35:34.029 [info] > git status -z -uall [410ms]
2024-04-24 08:35:39.149 [info] > git config --get commit.template [38ms]
2024-04-24 08:35:39.151 [info] > git for-each-ref --format=%(refname)%00%(upstream:short)%00%(objectname)%00%(upstream:track)%00%(upstream:remotename)%00%(upstream:remoteref) refs/heads/main refs/remotes/main [3ms]
2024-04-24 08:35:39.598 [info] > git status -z -uall [402ms]
2024-04-24 08:36:30.881 [info] > git config --get commit.template [30ms]
2024-04-24 08:36:30.882 [info] > git for-each-ref --format=%(refname)%00%(upstream:short)%00%(objectname)%00%(upstream:track)%00%(upstream:remotename)%00%(upstream:remoteref) refs/heads/main refs/remotes/main [3ms]
2024-04-24 08:36:31.317 [info] > git status -z -uall [404ms]
2024-04-24 08:40:50.154 [info] > git config --get commit.template [34ms]
2024-04-24 08:40:50.155 [info] > git for-each-ref --format=%(refname)%00%(upstream:short)%00%(objectname)%00%(upstream:track)%00%(upstream:remotename)%00%(upstream:remoteref) refs/heads/main refs/remotes/main [4ms]
2024-04-24 08:40:50.631 [info] > git status -z -uall [446ms]
2024-04-24 09:01:14.774 [info] > git config --get commit.template [26ms]
2024-04-24 09:01:14.777 [info] > git for-each-ref --format=%(refname)%00%(upstream:short)%00%(objectname)%00%(upstream:track)%00%(upstream:remotename)%00%(upstream:remoteref) refs/heads/main refs/remotes/main [5ms]
2024-04-24 09:01:15.195 [info] > git status -z -uall [391ms]
2024-04-24 09:01:25.078 [info] > git config --get commit.template [33ms]
2024-04-24 09:01:25.079 [info] > git for-each-ref --format=%(refname)%00%(upstream:short)%00%(objectname)%00%(upstream:track)%00%(upstream:remotename)%00%(upstream:remoteref) refs/heads/main refs/remotes/main [8ms]
2024-04-24 09:01:25.498 [info] > git status -z -uall [389ms]
2024-04-24 09:01:26.465 [info] > git show --textconv :ligue1-frontend/src/pages/HomePage/HomePage.js [37ms]
2024-04-24 09:01:26.469 [info] > git ls-files --stage -- /home/louis/ligue1-frontend/src/pages/HomePage/HomePage.js [12ms]
2024-04-24 09:01:26.498 [info] > git cat-file -s 5ad876a6b403e3ef5931464ed43ba49c5baaad25 [2ms]
2024-04-24 09:04:14.437 [info] > git config --get commit.template [29ms]
2024-04-24 09:04:14.438 [info] > git for-each-ref --format=%(refname)%00%(upstream:short)%00%(objectname)%00%(upstream:track)%00%(upstream:remotename)%00%(upstream:remoteref) refs/heads/main refs/remotes/main [3ms]
2024-04-24 09:04:14.875 [info] > git status -z -uall [408ms]
2024-04-24 09:04:19.982 [info] > git config --get commit.template [25ms]
2024-04-24 09:04:19.984 [info] > git for-each-ref --format=%(refname)%00%(upstream:short)%00%(objectname)%00%(upstream:track)%00%(upstream:remotename)%00%(upstream:remoteref) refs/heads/main refs/remotes/main [6ms]
2024-04-24 09:04:20.370 [info] > git status -z -uall [362ms]
2024-04-24 09:04:25.631 [info] > git config --get commit.template [110ms]
2024-04-24 09:04:25.676 [info] > git for-each-ref --format=%(refname)%00%(upstream:short)%00%(objectname)%00%(upstream:track)%00%(upstream:remotename)%00%(upstream:remoteref) refs/heads/main refs/remotes/main [47ms]
2024-04-24 09:04:26.184 [info] > git status -z -uall [424ms]
2024-04-24 09:04:31.370 [info] > git config --get commit.template [2ms]
2024-04-24 09:04:31.400 [info] > git for-each-ref --format=%(refname)%00%(upstream:short)%00%(objectname)%00%(upstream:track)%00%(upstream:remotename)%00%(upstream:remoteref) refs/heads/main refs/remotes/main [3ms]
2024-04-24 09:04:31.771 [info] > git status -z -uall [340ms]
2024-04-24 09:04:39.474 [info] > git config --get commit.template [74ms]
2024-04-24 09:04:40.527 [info] > git for-each-ref --format=%(refname)%00%(upstream:short)%00%(objectname)%00%(upstream:track)%00%(upstream:remotename)%00%(upstream:remoteref) refs/heads/main refs/remotes/main [1059ms]
2024-04-24 09:04:42.175 [info] > git status -z -uall [1588ms]
2024-04-24 09:04:47.243 [info] > git config --get commit.template [3ms]
2024-04-24 09:04:47.276 [info] > git for-each-ref --format=%(refname)%00%(upstream:short)%00%(objectname)%00%(upstream:track)%00%(upstream:remotename)%00%(upstream:remoteref) refs/heads/main refs/remotes/main [2ms]
2024-04-24 09:04:47.666 [info] > git status -z -uall [356ms]
2024-04-24 09:04:52.740 [info] > git config --get commit.template [3ms]
2024-04-24 09:04:52.778 [info] > git for-each-ref --format=%(refname)%00%(upstream:short)%00%(objectname)%00%(upstream:track)%00%(upstream:remotename)%00%(upstream:remoteref) refs/heads/main refs/remotes/main [3ms]
2024-04-24 09:04:53.139 [info] > git status -z -uall [326ms]
2024-04-24 09:04:58.258 [info] > git config --get commit.template [32ms]
2024-04-24 09:04:58.259 [info] > git for-each-ref --format=%(refname)%00%(upstream:short)%00%(objectname)%00%(upstream:track)%00%(upstream:remotename)%00%(upstream:remoteref) refs/heads/main refs/remotes/main [2ms]
2024-04-24 09:04:58.669 [info] > git status -z -uall [377ms]
2024-04-24 09:05:03.942 [info] > git config --get commit.template [144ms]
2024-04-24 09:05:03.956 [info] > git for-each-ref --format=%(refname)%00%(upstream:short)%00%(objectname)%00%(upstream:track)%00%(upstream:remotename)%00%(upstream:remoteref) refs/heads/main refs/remotes/main [22ms]
2024-04-24 09:05:04.472 [info] > git status -z -uall [470ms]
2024-04-24 09:05:09.658 [info] > git config --get commit.template [62ms]
2024-04-24 09:05:09.663 [info] > git for-each-ref --format=%(refname)%00%(upstream:short)%00%(objectname)%00%(upstream:track)%00%(upstream:remotename)%00%(upstream:remoteref) refs/heads/main refs/remotes/main [8ms]
2024-04-24 09:05:10.163 [info] > git status -z -uall [457ms]
2024-04-24 09:05:15.279 [info] > git config --get commit.template [40ms]
2024-04-24 09:05:15.281 [info] > git for-each-ref --format=%(refname)%00%(upstream:short)%00%(objectname)%00%(upstream:track)%00%(upstream:remotename)%00%(upstream:remoteref) refs/heads/main refs/remotes/main [3ms]
2024-04-24 09:05:15.683 [info] > git status -z -uall [368ms]
2024-04-24 09:05:20.769 [info] > git config --get commit.template [2ms]
2024-04-24 09:05:20.812 [info] > git for-each-ref --format=%(refname)%00%(upstream:short)%00%(objectname)%00%(upstream:track)%00%(upstream:remotename)%00%(upstream:remoteref) refs/heads/main refs/remotes/main [4ms]
2024-04-24 09:05:21.247 [info] > git status -z -uall [400ms]
2024-04-24 09:05:26.329 [info] > git config --get commit.template [3ms]
2024-04-24 09:05:26.377 [info] > git for-each-ref --format=%(refname)%00%(upstream:short)%00%(objectname)%00%(upstream:track)%00%(upstream:remotename)%00%(upstream:remoteref) refs/heads/main refs/remotes/main [3ms]
2024-04-24 09:05:26.800 [info] > git status -z -uall [383ms]
2024-04-24 09:05:31.952 [info] > git config --get commit.template [55ms]
2024-04-24 09:05:31.958 [info] > git for-each-ref --format=%(refname)%00%(upstream:short)%00%(objectname)%00%(upstream:track)%00%(upstream:remotename)%00%(upstream:remoteref) refs/heads/main refs/remotes/main [10ms]
2024-04-24 09:05:32.505 [info] > git status -z -uall [502ms]
2024-04-24 09:05:37.618 [info] > git config --get commit.template [45ms]
2024-04-24 09:05:37.621 [info] > git for-each-ref --format=%(refname)%00%(upstream:short)%00%(objectname)%00%(upstream:track)%00%(upstream:remotename)%00%(upstream:remoteref) refs/heads/main refs/remotes/main [4ms]
2024-04-24 09:05:38.019 [info] > git status -z -uall [361ms]
2024-04-24 09:05:43.132 [info] > git config --get commit.template [39ms]
2024-04-24 09:05:43.134 [info] > git for-each-ref --format=%(refname)%00%(upstream:short)%00%(objectname)%00%(upstream:track)%00%(upstream:remotename)%00%(upstream:remoteref) refs/heads/main refs/remotes/main [4ms]
2024-04-24 09:05:43.527 [info] > git status -z -uall [360ms]
2024-04-24 09:05:48.998 [info] > git config --get commit.template [365ms]
2024-04-24 09:05:49.067 [info] > git for-each-ref --format=%(refname)%00%(upstream:short)%00%(objectname)%00%(upstream:track)%00%(upstream:remotename)%00%(upstream:remoteref) refs/heads/main refs/remotes/main [23ms]
2024-04-24 09:05:49.727 [info] > git status -z -uall [622ms]
2024-04-24 09:05:54.912 [info] > git config --get commit.template [43ms]
2024-04-24 09:05:54.914 [info] > git for-each-ref --format=%(refname)%00%(upstream:short)%00%(objectname)%00%(upstream:track)%00%(upstream:remotename)%00%(upstream:remoteref) refs/heads/main refs/remotes/main [4ms]
2024-04-24 09:05:55.366 [info] > git status -z -uall [415ms]
2024-04-24 09:06:00.479 [info] > git config --get commit.template [40ms]
2024-04-24 09:06:00.481 [info] > git for-each-ref --format=%(refname)%00%(upstream:short)%00%(objectname)%00%(upstream:track)%00%(upstream:remotename)%00%(upstream:remoteref) refs/heads/main refs/remotes/main [5ms]
2024-04-24 09:06:00.913 [info] > git status -z -uall [391ms]
2024-04-24 09:06:06.024 [info] > git config --get commit.template [37ms]
2024-04-24 09:06:06.026 [info] > git for-each-ref --format=%(refname)%00%(upstream:short)%00%(objectname)%00%(upstream:track)%00%(upstream:remotename)%00%(upstream:remoteref) refs/heads/main refs/remotes/main [3ms]
2024-04-24 09:06:06.502 [info] > git status -z -uall [440ms]
2024-04-24 09:06:13.126 [info] > git config --get commit.template [53ms]
2024-04-24 09:06:13.133 [info] > git for-each-ref --format=%(refname)%00%(upstream:short)%00%(objectname)%00%(upstream:track)%00%(upstream:remotename)%00%(upstream:remoteref) refs/heads/main refs/remotes/main [11ms]
2024-04-24 09:06:13.929 [info] > git status -z -uall [722ms]
2024-04-24 09:06:19.037 [info] > git config --get commit.template [9ms]
2024-04-24 09:06:19.085 [info] > git for-each-ref --format=%(refname)%00%(upstream:short)%00%(objectname)%00%(upstream:track)%00%(upstream:remotename)%00%(upstream:remoteref) refs/heads/main refs/remotes/main [6ms]
2024-04-24 09:06:19.547 [info] > git status -z -uall [421ms]
2024-04-24 09:06:25.105 [info] > git config --get commit.template [34ms]
2024-04-24 09:06:25.106 [info] > git for-each-ref --format=%(refname)%00%(upstream:short)%00%(objectname)%00%(upstream:track)%00%(upstream:remotename)%00%(upstream:remoteref) refs/heads/main refs/remotes/main [3ms]
2024-04-24 09:06:25.503 [info] > git status -z -uall [365ms]
2024-04-24 09:06:33.073 [info] > git config --get commit.template [3ms]
2024-04-24 09:06:33.107 [info] > git for-each-ref --format=%(refname)%00%(upstream:short)%00%(objectname)%00%(upstream:track)%00%(upstream:remotename)%00%(upstream:remoteref) refs/heads/main refs/remotes/main [3ms]
2024-04-24 09:06:33.469 [info] > git status -z -uall [331ms]
2024-04-24 09:06:38.591 [info] > git config --get commit.template [34ms]
2024-04-24 09:06:38.592 [info] > git for-each-ref --format=%(refname)%00%(upstream:short)%00%(objectname)%00%(upstream:track)%00%(upstream:remotename)%00%(upstream:remoteref) refs/heads/main refs/remotes/main [3ms]
2024-04-24 09:06:38.962 [info] > git status -z -uall [336ms]
2024-04-24 09:06:44.075 [info] > git config --get commit.template [35ms]
2024-04-24 09:06:44.076 [info] > git for-each-ref --format=%(refname)%00%(upstream:short)%00%(objectname)%00%(upstream:track)%00%(upstream:remotename)%00%(upstream:remoteref) refs/heads/main refs/remotes/main [3ms]
2024-04-24 09:06:44.522 [info] > git status -z -uall [413ms]
2024-04-24 09:06:49.722 [info] > git config --get commit.template [40ms]
2024-04-24 09:06:49.724 [info] > git for-each-ref --format=%(refname)%00%(upstream:short)%00%(objectname)%00%(upstream:track)%00%(upstream:remotename)%00%(upstream:remoteref) refs/heads/main refs/remotes/main [3ms]
2024-04-24 09:06:50.163 [info] > git status -z -uall [376ms]
2024-04-24 09:06:55.249 [info] > git config --get commit.template [5ms]
2024-04-24 09:06:55.287 [info] > git for-each-ref --format=%(refname)%00%(upstream:short)%00%(objectname)%00%(upstream:track)%00%(upstream:remotename)%00%(upstream:remoteref) refs/heads/main refs/remotes/main [5ms]
2024-04-24 09:06:55.770 [info] > git status -z -uall [443ms]
2024-04-24 09:07:00.895 [info] > git config --get commit.template [36ms]
2024-04-24 09:07:00.899 [info] > git for-each-ref --format=%(refname)%00%(upstream:short)%00%(objectname)%00%(upstream:track)%00%(upstream:remotename)%00%(upstream:remoteref) refs/heads/main refs/remotes/main [5ms]
2024-04-24 09:07:01.336 [info] > git status -z -uall [405ms]
2024-04-24 09:07:06.453 [info] > git config --get commit.template [34ms]
2024-04-24 09:07:06.455 [info] > git for-each-ref --format=%(refname)%00%(upstream:short)%00%(objectname)%00%(upstream:track)%00%(upstream:remotename)%00%(upstream:remoteref) refs/heads/main refs/remotes/main [4ms]
2024-04-24 09:07:06.837 [info] > git status -z -uall [345ms]
2024-04-24 09:07:11.949 [info] > git config --get commit.template [34ms]
2024-04-24 09:07:11.950 [info] > git for-each-ref --format=%(refname)%00%(upstream:short)%00%(objectname)%00%(upstream:track)%00%(upstream:remotename)%00%(upstream:remoteref) refs/heads/main refs/remotes/main [3ms]
2024-04-24 09:07:12.343 [info] > git status -z -uall [359ms]
2024-04-24 09:07:20.544 [info] > git config --get commit.template [3ms]
2024-04-24 09:07:20.585 [info] > git for-each-ref --format=%(refname)%00%(upstream:short)%00%(objectname)%00%(upstream:track)%00%(upstream:remotename)%00%(upstream:remoteref) refs/heads/main refs/remotes/main [4ms]
2024-04-24 09:07:21.328 [info] > git status -z -uall [702ms]
2024-04-24 09:07:26.557 [info] > git config --get commit.template [3ms]
2024-04-24 09:07:26.594 [info] > git for-each-ref --format=%(refname)%00%(upstream:short)%00%(objectname)%00%(upstream:track)%00%(upstream:remotename)%00%(upstream:remoteref) refs/heads/main refs/remotes/main [4ms]
2024-04-24 09:07:26.955 [info] > git status -z -uall [326ms]
2024-04-24 09:07:32.244 [info] > git config --get commit.template [33ms]
2024-04-24 09:07:32.245 [info] > git for-each-ref --format=%(refname)%00%(upstream:short)%00%(objectname)%00%(upstream:track)%00%(upstream:remotename)%00%(upstream:remoteref) refs/heads/main refs/remotes/main [3ms]
2024-04-24 09:07:32.612 [info] > git status -z -uall [336ms]
2024-04-24 09:07:37.704 [info] > git config --get commit.template [6ms]
2024-04-24 09:07:37.747 [info] > git for-each-ref --format=%(refname)%00%(upstream:short)%00%(objectname)%00%(upstream:track)%00%(upstream:remotename)%00%(upstream:remoteref) refs/heads/main refs/remotes/main [3ms]
2024-04-24 09:07:38.218 [info] > git status -z -uall [433ms]
2024-04-24 09:07:43.351 [info] > git config --get commit.template [34ms]
2024-04-24 09:07:43.352 [info] > git for-each-ref --format=%(refname)%00%(upstream:short)%00%(objectname)%00%(upstream:track)%00%(upstream:remotename)%00%(upstream:remoteref) refs/heads/main refs/remotes/main [5ms]
2024-04-24 09:07:43.757 [info] > git status -z -uall [369ms]
2024-04-24 09:07:48.869 [info] > git config --get commit.template [39ms]
2024-04-24 09:07:48.870 [info] > git for-each-ref --format=%(refname)%00%(upstream:short)%00%(objectname)%00%(upstream:track)%00%(upstream:remotename)%00%(upstream:remoteref) refs/heads/main refs/remotes/main [3ms]
2024-04-24 09:07:49.361 [info] > git status -z -uall [447ms]
2024-04-24 09:07:54.512 [info] > git for-each-ref --format=%(refname)%00%(upstream:short)%00%(objectname)%00%(upstream:track)%00%(upstream:remotename)%00%(upstream:remoteref) refs/heads/main refs/remotes/main [4ms]
2024-04-24 09:07:54.512 [info] > git config --get commit.template [40ms]
2024-04-24 09:07:54.896 [info] > git status -z -uall [349ms]
2024-04-24 09:08:00.092 [info] > git config --get commit.template [38ms]
2024-04-24 09:08:00.097 [info] > git for-each-ref --format=%(refname)%00%(upstream:short)%00%(objectname)%00%(upstream:track)%00%(upstream:remotename)%00%(upstream:remoteref) refs/heads/main refs/remotes/main [7ms]
2024-04-24 09:08:00.469 [info] > git status -z -uall [337ms]
2024-04-24 09:08:05.571 [info] > git config --get commit.template [37ms]
2024-04-24 09:08:05.573 [info] > git for-each-ref --format=%(refname)%00%(upstream:short)%00%(objectname)%00%(upstream:track)%00%(upstream:remotename)%00%(upstream:remoteref) refs/heads/main refs/remotes/main [2ms]
2024-04-24 09:08:06.021 [info] > git status -z -uall [407ms]
2024-04-24 09:08:11.137 [info] > git config --get commit.template [40ms]
2024-04-24 09:08:11.139 [info] > git for-each-ref --format=%(refname)%00%(upstream:short)%00%(objectname)%00%(upstream:track)%00%(upstream:remotename)%00%(upstream:remoteref) refs/heads/main refs/remotes/main [3ms]
2024-04-24 09:08:11.535 [info] > git status -z -uall [358ms]
2024-04-24 09:08:16.659 [info] > git config --get commit.template [35ms]
2024-04-24 09:08:16.662 [info] > git for-each-ref --format=%(refname)%00%(upstream:short)%00%(objectname)%00%(upstream:track)%00%(upstream:remotename)%00%(upstream:remoteref) refs/heads/main refs/remotes/main [4ms]
2024-04-24 09:08:17.089 [info] > git status -z -uall [393ms]
2024-04-24 09:08:22.200 [info] > git config --get commit.template [37ms]
2024-04-24 09:08:22.201 [info] > git for-each-ref --format=%(refname)%00%(upstream:short)%00%(objectname)%00%(upstream:track)%00%(upstream:remotename)%00%(upstream:remoteref) refs/heads/main refs/remotes/main [3ms]
2024-04-24 09:08:22.578 [info] > git status -z -uall [342ms]
2024-04-24 09:08:27.649 [info] > git config --get commit.template [2ms]
2024-04-24 09:08:27.691 [info] > git for-each-ref --format=%(refname)%00%(upstream:short)%00%(objectname)%00%(upstream:track)%00%(upstream:remotename)%00%(upstream:remoteref) refs/heads/main refs/remotes/main [3ms]
2024-04-24 09:08:28.129 [info] > git status -z -uall [397ms]
2024-04-24 09:08:33.320 [info] > git config --get commit.template [92ms]
2024-04-24 09:08:33.352 [info] > git for-each-ref --format=%(refname)%00%(upstream:short)%00%(objectname)%00%(upstream:track)%00%(upstream:remotename)%00%(upstream:remoteref) refs/heads/main refs/remotes/main [32ms]
2024-04-24 09:08:33.861 [info] > git status -z -uall [457ms]
2024-04-24 09:08:38.983 [info] > git config --get commit.template [41ms]
2024-04-24 09:08:38.985 [info] > git for-each-ref --format=%(refname)%00%(upstream:short)%00%(objectname)%00%(upstream:track)%00%(upstream:remotename)%00%(upstream:remoteref) refs/heads/main refs/remotes/main [3ms]
2024-04-24 09:08:39.376 [info] > git status -z -uall [350ms]
2024-04-24 09:08:44.483 [info] > git config --get commit.template [33ms]
2024-04-24 09:08:44.484 [info] > git for-each-ref --format=%(refname)%00%(upstream:short)%00%(objectname)%00%(upstream:track)%00%(upstream:remotename)%00%(upstream:remoteref) refs/heads/main refs/remotes/main [5ms]
2024-04-24 09:08:44.840 [info] > git status -z -uall [326ms]
2024-04-24 09:09:18.532 [info] > git config --get commit.template [38ms]
2024-04-24 09:09:18.534 [info] > git for-each-ref --format=%(refname)%00%(upstream:short)%00%(objectname)%00%(upstream:track)%00%(upstream:remotename)%00%(upstream:remoteref) refs/heads/main refs/remotes/main [3ms]
2024-04-24 09:09:18.989 [info] > git status -z -uall [417ms]
2024-04-24 09:09:20.830 [info] > git show --textconv :ligue1-frontend/src/pages/HomePage/HomePage.css [43ms]
2024-04-24 09:09:20.837 [info] > git ls-files --stage -- /home/louis/ligue1-frontend/src/pages/HomePage/HomePage.css [12ms]
2024-04-24 09:09:20.874 [info] > git cat-file -s 78fd70144335a31440075a69e73c14b5c270cd2a [3ms]
2024-04-24 09:09:41.641 [info] > git config --get commit.template [30ms]
2024-04-24 09:09:41.642 [info] > git for-each-ref --format=%(refname)%00%(upstream:short)%00%(objectname)%00%(upstream:track)%00%(upstream:remotename)%00%(upstream:remoteref) refs/heads/main refs/remotes/main [2ms]
2024-04-24 09:09:42.024 [info] > git status -z -uall [352ms]
2024-04-24 09:09:43.697 [info] > git show --textconv :ligue1-frontend/src/pages/HomePage/HomePage.js [54ms]
2024-04-24 09:09:43.702 [info] > git ls-files --stage -- /home/louis/ligue1-frontend/src/pages/HomePage/HomePage.js [20ms]
2024-04-24 09:09:43.735 [info] > git cat-file -s 5ad876a6b403e3ef5931464ed43ba49c5baaad25 [4ms]
2024-04-24 09:10:09.742 [info] > git config --get commit.template [36ms]
2024-04-24 09:10:09.743 [info] > git for-each-ref --format=%(refname)%00%(upstream:short)%00%(objectname)%00%(upstream:track)%00%(upstream:remotename)%00%(upstream:remoteref) refs/heads/main refs/remotes/main [3ms]
2024-04-24 09:10:10.153 [info] > git status -z -uall [380ms]
2024-04-24 09:10:11.045 [info] > git show --textconv :ligue1-frontend/src/pages/HomePage/HomePage.css [42ms]
2024-04-24 09:10:11.055 [info] > git ls-files --stage -- /home/louis/ligue1-frontend/src/pages/HomePage/HomePage.css [11ms]
2024-04-24 09:10:11.097 [info] > git cat-file -s 78fd70144335a31440075a69e73c14b5c270cd2a [3ms]
2024-04-24 09:11:37.335 [info] > git config --get commit.template [37ms]
2024-04-24 09:11:37.339 [info] > git for-each-ref --format=%(refname)%00%(upstream:short)%00%(objectname)%00%(upstream:track)%00%(upstream:remotename)%00%(upstream:remoteref) refs/heads/main refs/remotes/main [4ms]
2024-04-24 09:11:37.780 [info] > git status -z -uall [409ms]
2024-04-24 09:11:55.831 [info] > git config --get commit.template [31ms]
2024-04-24 09:11:55.833 [info] > git for-each-ref --format=%(refname)%00%(upstream:short)%00%(objectname)%00%(upstream:track)%00%(upstream:remotename)%00%(upstream:remoteref) refs/heads/main refs/remotes/main [3ms]
2024-04-24 09:11:56.196 [info] > git status -z -uall [326ms]
2024-04-24 09:12:01.348 [info] > git config --get commit.template [54ms]
2024-04-24 09:12:01.354 [info] > git for-each-ref --format=%(refname)%00%(upstream:short)%00%(objectname)%00%(upstream:track)%00%(upstream:remotename)%00%(upstream:remoteref) refs/heads/main refs/remotes/main [10ms]
2024-04-24 09:12:01.862 [info] > git status -z -uall [455ms]
2024-04-24 09:14:52.691 [info] > git config --get commit.template [42ms]
2024-04-24 09:14:52.693 [info] > git for-each-ref --format=%(refname)%00%(upstream:short)%00%(objectname)%00%(upstream:track)%00%(upstream:remotename)%00%(upstream:remoteref) refs/heads/main refs/remotes/main [4ms]
2024-04-24 09:14:53.138 [info] > git status -z -uall [406ms]
2024-04-24 09:14:58.280 [info] > git config --get commit.template [2ms]
2024-04-24 09:14:58.334 [info] > git for-each-ref --format=%(refname)%00%(upstream:short)%00%(objectname)%00%(upstream:track)%00%(upstream:remotename)%00%(upstream:remoteref) refs/heads/main refs/remotes/main [5ms]
2024-04-24 09:14:58.801 [info] > git status -z -uall [430ms]
2024-04-24 09:15:06.610 [info] > git config --get commit.template [4ms]
2024-04-24 09:15:06.645 [info] > git for-each-ref --format=%(refname)%00%(upstream:short)%00%(objectname)%00%(upstream:track)%00%(upstream:remotename)%00%(upstream:remoteref) refs/heads/main refs/remotes/main [6ms]
2024-04-24 09:15:07.051 [info] > git status -z -uall [373ms]
2024-04-24 09:15:12.181 [info] > git config --get commit.template [39ms]
2024-04-24 09:15:12.183 [info] > git for-each-ref --format=%(refname)%00%(upstream:short)%00%(objectname)%00%(upstream:track)%00%(upstream:remotename)%00%(upstream:remoteref) refs/heads/main refs/remotes/main [2ms]
2024-04-24 09:15:12.589 [info] > git status -z -uall [378ms]
2024-04-24 09:15:23.998 [info] > git config --get commit.template [46ms]
2024-04-24 09:15:24.006 [info] > git for-each-ref --format=%(refname)%00%(upstream:short)%00%(objectname)%00%(upstream:track)%00%(upstream:remotename)%00%(upstream:remoteref) refs/heads/main refs/remotes/main [5ms]
2024-04-24 09:15:24.469 [info] > git status -z -uall [419ms]
2024-04-24 09:15:29.599 [info] > git config --get commit.template [33ms]
2024-04-24 09:15:29.600 [info] > git for-each-ref --format=%(refname)%00%(upstream:short)%00%(objectname)%00%(upstream:track)%00%(upstream:remotename)%00%(upstream:remoteref) refs/heads/main refs/remotes/main [3ms]
2024-04-24 09:15:29.977 [info] > git status -z -uall [344ms]
2024-04-24 09:16:46.214 [info] > git config --get commit.template [38ms]
2024-04-24 09:16:46.216 [info] > git for-each-ref --format=%(refname)%00%(upstream:short)%00%(objectname)%00%(upstream:track)%00%(upstream:remotename)%00%(upstream:remoteref) refs/heads/main refs/remotes/main [3ms]
2024-04-24 09:16:46.613 [info] > git status -z -uall [361ms]
2024-04-24 09:17:44.972 [info] > git config --get commit.template [35ms]
2024-04-24 09:17:44.974 [info] > git for-each-ref --format=%(refname)%00%(upstream:short)%00%(objectname)%00%(upstream:track)%00%(upstream:remotename)%00%(upstream:remoteref) refs/heads/main refs/remotes/main [3ms]
2024-04-24 09:17:45.398 [info] > git status -z -uall [387ms]
2024-04-24 09:17:50.503 [info] > git config --get commit.template [2ms]
2024-04-24 09:17:50.554 [info] > git for-each-ref --format=%(refname)%00%(upstream:short)%00%(objectname)%00%(upstream:track)%00%(upstream:remotename)%00%(upstream:remoteref) refs/heads/main refs/remotes/main [15ms]
2024-04-24 09:17:50.954 [info] > git status -z -uall [366ms]
2024-04-24 09:17:56.134 [info] > git config --get commit.template [68ms]
2024-04-24 09:17:56.140 [info] > git for-each-ref --format=%(refname)%00%(upstream:short)%00%(objectname)%00%(upstream:track)%00%(upstream:remotename)%00%(upstream:remoteref) refs/heads/main refs/remotes/main [9ms]
2024-04-24 09:17:56.857 [info] > git status -z -uall [668ms]
2024-04-24 09:44:48.658 [info] > git config --get commit.template [38ms]
2024-04-24 09:44:48.661 [info] > git for-each-ref --format=%(refname)%00%(upstream:short)%00%(objectname)%00%(upstream:track)%00%(upstream:remotename)%00%(upstream:remoteref) refs/heads/main refs/remotes/main [4ms]
2024-04-24 09:44:49.055 [info] > git status -z -uall [355ms]
2024-04-24 09:44:54.186 [info] > git config --get commit.template [33ms]
2024-04-24 09:44:54.187 [info] > git for-each-ref --format=%(refname)%00%(upstream:short)%00%(objectname)%00%(upstream:track)%00%(upstream:remotename)%00%(upstream:remoteref) refs/heads/main refs/remotes/main [3ms]
2024-04-24 09:44:54.544 [info] > git status -z -uall [324ms]
2024-04-24 09:45:00.080 [info] > git config --get commit.template [44ms]
2024-04-24 09:45:00.085 [info] > git for-each-ref --format=%(refname)%00%(upstream:short)%00%(objectname)%00%(upstream:track)%00%(upstream:remotename)%00%(upstream:remoteref) refs/heads/main refs/remotes/main [8ms]
2024-04-24 09:45:00.533 [info] > git status -z -uall [406ms]
