2024-04-04 11:49:56.250 [info] Log level: Info
2024-04-04 11:49:56.250 [info] Validating found git in: "git"
2024-04-04 11:49:56.250 [info] Using git "2.39.2" from "git"
2024-04-04 11:49:56.250 [info] > git rev-parse --show-toplevel [5ms]
2024-04-04 11:49:56.250 [info] > git rev-parse --git-dir --git-common-dir [411ms]
2024-04-04 11:49:56.250 [info] Open repository: /home/louis
2024-04-04 11:49:56.255 [info] > git config --get commit.template [27ms]
2024-04-04 11:49:56.265 [info] > git rev-parse --show-toplevel [15ms]
2024-04-04 11:49:56.323 [info] > git for-each-ref --format=%(refname)%00%(upstream:short)%00%(objectname)%00%(upstream:track)%00%(upstream:remotename)%00%(upstream:remoteref) refs/heads/main refs/remotes/main [30ms]
2024-04-04 11:49:56.324 [info] > git rev-parse --git-dir --git-common-dir [4ms]
2024-04-04 11:49:56.359 [info] Open repository: /home/louis/api_louis
2024-04-04 11:49:56.434 [info] > git rev-parse --show-toplevel [39ms]
2024-04-04 11:49:56.436 [info] > git config --get commit.template [62ms]
2024-04-04 11:49:56.556 [info] > git rev-parse --show-toplevel [96ms]
2024-04-04 11:49:56.600 [info] > git for-each-ref --format=%(refname)%00%(upstream:short)%00%(objectname)%00%(upstream:track)%00%(upstream:remotename)%00%(upstream:remoteref) refs/heads/main refs/remotes/main [81ms]
2024-04-04 11:49:56.673 [info] > git rev-parse --show-toplevel [75ms]
2024-04-04 11:49:56.717 [info] > git status -z -uall [46ms]
2024-04-04 11:49:56.860 [info] > git rev-parse --show-toplevel [151ms]
2024-04-04 11:49:57.116 [info] > git config --get commit.template [295ms]
2024-04-04 11:49:57.187 [info] > git check-ignore -v -z --stdin [30ms]
2024-04-04 11:49:57.190 [info] > git rev-parse --show-toplevel [80ms]
2024-04-04 11:49:57.260 [info] > git check-ignore -v -z --stdin [76ms]
2024-04-04 11:49:57.262 [info] > git for-each-ref --format=%(refname)%00%(upstream:short)%00%(objectname)%00%(upstream:track)%00%(upstream:remotename)%00%(upstream:remoteref) refs/heads/main refs/remotes/main [42ms]
2024-04-04 11:49:57.272 [info] > git rev-parse --show-toplevel [17ms]
2024-04-04 11:49:58.469 [info] > git status -z -uall [1180ms]
2024-04-04 11:49:59.373 [info] > git rev-parse --show-toplevel [2060ms]
2024-04-04 11:50:01.998 [info] > git status -z -uall [5502ms] (cancelled)
2024-04-04 11:50:01.998 [info] > git check-ignore -v -z --stdin [88ms]
2024-04-04 11:50:02.008 [info] > git config --get commit.template [2636ms]
2024-04-04 11:50:02.170 [info] > git rev-parse --show-toplevel [186ms]
2024-04-04 11:50:02.591 [info] > git for-each-ref --format=%(refname)%00%(upstream:short)%00%(objectname)%00%(upstream:track)%00%(upstream:remotename)%00%(upstream:remoteref) refs/heads/main refs/remotes/main [341ms]
2024-04-04 11:50:02.648 [info] > git rev-parse --show-toplevel [366ms]
2024-04-04 11:50:02.754 [info] > git rev-parse --show-toplevel [65ms]
2024-04-04 11:50:02.866 [info] > git show --textconv :app/Http/Controllers/Api/UserController.php [55ms]
2024-04-04 11:50:02.877 [info] > git ls-files --stage -- /home/louis/api_louis/app/Http/Controllers/Api/UserController.php [19ms]
2024-04-04 11:50:02.932 [info] > git cat-file -s 0fe9ad7c9ee42ae645e2cabe118ff602ed237b44 [3ms]
2024-04-04 11:50:06.186 [info] > git status -z -uall [3456ms] (cancelled)
2024-04-04 11:50:06.573 [info] > git show --textconv :app/Http/Controllers/Api/ClassementController.php [83ms]
2024-04-04 11:50:06.621 [info] > git ls-files --stage -- /home/louis/api_louis/app/Http/Controllers/Api/ClassementController.php [94ms]
2024-04-04 11:50:06.703 [info] > git cat-file -s ca66ceb5b6310f739c7288080416a6bee5b8004b [18ms]
