2024-04-29 07:30:01.268 [info] Log level: Info
2024-04-29 07:30:01.268 [info] Validating found git in: "git"
2024-04-29 07:30:01.268 [info] Using git "2.39.2" from "git"
2024-04-29 07:30:01.268 [info] > git rev-parse --show-toplevel [56ms]
2024-04-29 07:30:01.283 [info] > git rev-parse --git-dir --git-common-dir [86ms]
2024-04-29 07:30:01.356 [info] Open repository: /home/louis
2024-04-29 07:30:01.565 [info] > git rev-parse --show-toplevel [118ms]
2024-04-29 07:30:01.567 [info] > git config --get commit.template [148ms]
2024-04-29 07:30:01.675 [info] > git rev-parse --show-toplevel [48ms]
2024-04-29 07:30:01.728 [info] > git for-each-ref --format=%(refname)%00%(upstream:short)%00%(objectname)%00%(upstream:track)%00%(upstream:remotename)%00%(upstream:remoteref) refs/heads/main refs/remotes/main [56ms]
2024-04-29 07:30:01.734 [info] > git rev-parse --show-toplevel [9ms]
2024-04-29 07:30:01.998 [info] > git rev-parse --show-toplevel [196ms]
2024-04-29 07:30:02.219 [info] > git rev-parse --show-toplevel [25ms]
2024-04-29 07:30:02.387 [info] > git rev-parse --show-toplevel [99ms]
2024-04-29 07:30:02.455 [info] > git rev-parse --show-toplevel [17ms]
2024-04-29 07:30:02.480 [info] > git rev-parse --show-toplevel [4ms]
2024-04-29 07:30:02.593 [info] > git rev-parse --show-toplevel [14ms]
2024-04-29 07:30:02.638 [info] > git rev-parse --show-toplevel [6ms]
2024-04-29 07:30:02.692 [info] > git rev-parse --show-toplevel [16ms]
2024-04-29 07:30:02.799 [info] > git status -z -uall [840ms]
2024-04-29 07:30:02.800 [info] > git check-ignore -v -z --stdin [413ms]
2024-04-29 07:30:02.803 [info] > git rev-parse --show-toplevel [27ms]
2024-04-29 07:30:02.926 [info] > git merge-base refs/heads/main refs/remotes/origin/main [59ms]
2024-04-29 07:30:02.951 [info] > git rev-parse --show-toplevel [116ms]
2024-04-29 07:30:03.282 [info] > git show --textconv :ligue1-frontend/dockerfile [288ms]
2024-04-29 07:30:03.283 [info] > git ls-files --stage -- /home/louis/ligue1-frontend/dockerfile [269ms]
2024-04-29 07:30:03.330 [info] > git rev-list --count --left-right refs/heads/main...refs/remotes/origin/main [379ms]
2024-04-29 07:30:03.384 [info] > git config --get commit.template [462ms]
2024-04-29 07:30:03.397 [info] > git diff --name-status -z --diff-filter=ADMR 0150d2175f205dc0848f182fc55ac2dff31a60ef...refs/remotes/origin/main [10ms]
2024-04-29 07:30:03.401 [info] > git cat-file -s 7efeb110b53ac6130b4953ead41ead574ece5cdf [75ms]
2024-04-29 07:30:03.442 [info] > git for-each-ref --format=%(refname)%00%(upstream:short)%00%(objectname)%00%(upstream:track)%00%(upstream:remotename)%00%(upstream:remoteref) refs/heads/main refs/remotes/main [1ms]
2024-04-29 07:30:03.857 [info] > git status -z -uall [389ms]
2024-04-29 07:30:53.895 [info] > git config --get commit.template [22ms]
2024-04-29 07:30:53.896 [info] > git for-each-ref --format=%(refname)%00%(upstream:short)%00%(objectname)%00%(upstream:track)%00%(upstream:remotename)%00%(upstream:remoteref) refs/heads/main refs/remotes/main [3ms]
2024-04-29 07:30:54.184 [info] > git status -z -uall [266ms]
2024-04-29 07:30:59.249 [info] > git config --get commit.template [23ms]
2024-04-29 07:30:59.250 [info] > git for-each-ref --format=%(refname)%00%(upstream:short)%00%(objectname)%00%(upstream:track)%00%(upstream:remotename)%00%(upstream:remoteref) refs/heads/main refs/remotes/main [3ms]
2024-04-29 07:30:59.568 [info] > git status -z -uall [297ms]
2024-04-29 07:31:06.128 [info] > git config --get commit.template [21ms]
2024-04-29 07:31:06.129 [info] > git for-each-ref --format=%(refname)%00%(upstream:short)%00%(objectname)%00%(upstream:track)%00%(upstream:remotename)%00%(upstream:remoteref) refs/heads/main refs/remotes/main [3ms]
2024-04-29 07:31:06.389 [info] > git status -z -uall [239ms]
2024-04-29 07:31:12.754 [info] > git config --get commit.template [22ms]
2024-04-29 07:31:12.755 [info] > git for-each-ref --format=%(refname)%00%(upstream:short)%00%(objectname)%00%(upstream:track)%00%(upstream:remotename)%00%(upstream:remoteref) refs/heads/main refs/remotes/main [2ms]
2024-04-29 07:31:13.014 [info] > git status -z -uall [238ms]
2024-04-29 07:31:18.042 [info] > git check-ignore -v -z --stdin [21ms]
2024-04-29 07:31:19.158 [info] > git config --get commit.template [26ms]
2024-04-29 07:31:19.160 [info] > git for-each-ref --format=%(refname)%00%(upstream:short)%00%(objectname)%00%(upstream:track)%00%(upstream:remotename)%00%(upstream:remoteref) refs/heads/main refs/remotes/main [3ms]
2024-04-29 07:31:19.455 [info] > git status -z -uall [270ms]
2024-04-29 07:31:21.497 [info] > git check-ignore -v -z --stdin [26ms]
2024-04-29 07:31:24.683 [info] > git check-ignore -v -z --stdin [13ms]
2024-04-29 07:31:25.779 [info] > git config --get commit.template [23ms]
2024-04-29 07:31:25.781 [info] > git for-each-ref --format=%(refname)%00%(upstream:short)%00%(objectname)%00%(upstream:track)%00%(upstream:remotename)%00%(upstream:remoteref) refs/heads/main refs/remotes/main [2ms]
2024-04-29 07:31:26.062 [info] > git status -z -uall [261ms]
2024-04-29 07:31:27.857 [info] > git show --textconv :ligue1-frontend/src/pages/HomePage/HomePage.css [37ms]
2024-04-29 07:31:27.873 [info] > git ls-files --stage -- /home/louis/ligue1-frontend/src/pages/HomePage/HomePage.css [15ms]
2024-04-29 07:31:27.900 [info] > git cat-file -s 93dd83022765d534045f4d0292d4c62389b18dd6 [3ms]
2024-04-29 07:31:32.148 [info] > git config --get commit.template [21ms]
2024-04-29 07:31:32.150 [info] > git for-each-ref --format=%(refname)%00%(upstream:short)%00%(objectname)%00%(upstream:track)%00%(upstream:remotename)%00%(upstream:remoteref) refs/heads/main refs/remotes/main [3ms]
2024-04-29 07:31:32.388 [info] > git status -z -uall [218ms]
2024-04-29 07:31:39.158 [info] > git config --get commit.template [25ms]
2024-04-29 07:31:39.159 [info] > git for-each-ref --format=%(refname)%00%(upstream:short)%00%(objectname)%00%(upstream:track)%00%(upstream:remotename)%00%(upstream:remoteref) refs/heads/main refs/remotes/main [3ms]
2024-04-29 07:31:39.442 [info] > git status -z -uall [261ms]
2024-04-29 07:31:45.776 [info] > git config --get commit.template [3ms]
2024-04-29 07:31:45.804 [info] > git for-each-ref --format=%(refname)%00%(upstream:short)%00%(objectname)%00%(upstream:track)%00%(upstream:remotename)%00%(upstream:remoteref) refs/heads/main refs/remotes/main [4ms]
2024-04-29 07:31:46.071 [info] > git status -z -uall [242ms]
2024-04-29 07:31:52.157 [info] > git config --get commit.template [18ms]
2024-04-29 07:31:52.240 [info] > git for-each-ref --format=%(refname)%00%(upstream:short)%00%(objectname)%00%(upstream:track)%00%(upstream:remotename)%00%(upstream:remoteref) refs/heads/main refs/remotes/main [22ms]
2024-04-29 07:31:52.557 [info] > git status -z -uall [273ms]
2024-04-29 07:32:17.414 [info] > git config --get commit.template [3ms]
2024-04-29 07:32:17.447 [info] > git for-each-ref --format=%(refname)%00%(upstream:short)%00%(objectname)%00%(upstream:track)%00%(upstream:remotename)%00%(upstream:remoteref) refs/heads/main refs/remotes/main [4ms]
2024-04-29 07:32:17.770 [info] > git status -z -uall [287ms]
2024-04-29 07:32:46.940 [info] > git config --get commit.template [3ms]
2024-04-29 07:32:46.963 [info] > git for-each-ref --format=%(refname)%00%(upstream:short)%00%(objectname)%00%(upstream:track)%00%(upstream:remotename)%00%(upstream:remoteref) refs/heads/main refs/remotes/main [2ms]
2024-04-29 07:32:47.220 [info] > git status -z -uall [234ms]
2024-04-29 07:32:51.321 [info] > git show --textconv :ligue1-frontend/src/pages/HomePage/HomePage.js [407ms]
2024-04-29 07:32:51.334 [info] > git ls-files --stage -- /home/louis/ligue1-frontend/src/pages/HomePage/HomePage.js [338ms]
2024-04-29 07:32:51.480 [info] > git cat-file -s 334809b5235c634d95109e4088a3f81bfc794d00 [30ms]
2024-04-29 07:32:52.412 [info] > git config --get commit.template [105ms]
2024-04-29 07:32:52.431 [info] > git for-each-ref --format=%(refname)%00%(upstream:short)%00%(objectname)%00%(upstream:track)%00%(upstream:remotename)%00%(upstream:remoteref) refs/heads/main refs/remotes/main [32ms]
2024-04-29 07:32:53.138 [info] > git status -z -uall [668ms]
2024-04-29 07:32:58.323 [info] > git config --get commit.template [83ms]
2024-04-29 07:32:58.324 [info] > git for-each-ref --format=%(refname)%00%(upstream:short)%00%(objectname)%00%(upstream:track)%00%(upstream:remotename)%00%(upstream:remoteref) refs/heads/main refs/remotes/main [5ms]
2024-04-29 07:32:58.713 [info] > git status -z -uall [348ms]
2024-04-29 07:33:03.781 [info] > git config --get commit.template [28ms]
2024-04-29 07:33:03.783 [info] > git for-each-ref --format=%(refname)%00%(upstream:short)%00%(objectname)%00%(upstream:track)%00%(upstream:remotename)%00%(upstream:remoteref) refs/heads/main refs/remotes/main [2ms]
2024-04-29 07:33:04.161 [info] > git status -z -uall [352ms]
2024-04-29 07:33:09.231 [info] > git config --get commit.template [26ms]
2024-04-29 07:33:09.232 [info] > git for-each-ref --format=%(refname)%00%(upstream:short)%00%(objectname)%00%(upstream:track)%00%(upstream:remotename)%00%(upstream:remoteref) refs/heads/main refs/remotes/main [2ms]
2024-04-29 07:33:09.499 [info] > git status -z -uall [240ms]
2024-04-29 07:33:14.538 [info] > git config --get commit.template [2ms]
2024-04-29 07:33:14.563 [info] > git for-each-ref --format=%(refname)%00%(upstream:short)%00%(objectname)%00%(upstream:track)%00%(upstream:remotename)%00%(upstream:remoteref) refs/heads/main refs/remotes/main [2ms]
2024-04-29 07:33:14.808 [info] > git status -z -uall [222ms]
2024-04-29 07:33:19.888 [info] > git config --get commit.template [33ms]
2024-04-29 07:33:19.889 [info] > git for-each-ref --format=%(refname)%00%(upstream:short)%00%(objectname)%00%(upstream:track)%00%(upstream:remotename)%00%(upstream:remoteref) refs/heads/main refs/remotes/main [2ms]
2024-04-29 07:33:20.160 [info] > git status -z -uall [245ms]
2024-04-29 07:38:03.828 [info] > git config --get commit.template [34ms]
2024-04-29 07:38:03.832 [info] > git for-each-ref --format=%(refname)%00%(upstream:short)%00%(objectname)%00%(upstream:track)%00%(upstream:remotename)%00%(upstream:remoteref) refs/heads/main refs/remotes/main [8ms]
2024-04-29 07:38:04.600 [info] > git status -z -uall [738ms]
2024-04-29 07:38:09.680 [info] > git config --get commit.template [33ms]
2024-04-29 07:38:09.682 [info] > git for-each-ref --format=%(refname)%00%(upstream:short)%00%(objectname)%00%(upstream:track)%00%(upstream:remotename)%00%(upstream:remoteref) refs/heads/main refs/remotes/main [4ms]
2024-04-29 07:38:09.944 [info] > git status -z -uall [235ms]
2024-04-29 07:38:15.293 [info] > git config --get commit.template [40ms]
2024-04-29 07:38:15.457 [info] > git for-each-ref --format=%(refname)%00%(upstream:short)%00%(objectname)%00%(upstream:track)%00%(upstream:remotename)%00%(upstream:remoteref) refs/heads/main refs/remotes/main [57ms]
2024-04-29 07:38:16.643 [info] > git status -z -uall [1078ms]
2024-04-29 07:38:21.792 [info] > git config --get commit.template [46ms]
2024-04-29 07:38:21.802 [info] > git for-each-ref --format=%(refname)%00%(upstream:short)%00%(objectname)%00%(upstream:track)%00%(upstream:remotename)%00%(upstream:remoteref) refs/heads/main refs/remotes/main [13ms]
2024-04-29 07:38:22.636 [info] > git status -z -uall [740ms]
2024-04-29 07:38:27.713 [info] > git config --get commit.template [28ms]
2024-04-29 07:38:27.714 [info] > git for-each-ref --format=%(refname)%00%(upstream:short)%00%(objectname)%00%(upstream:track)%00%(upstream:remotename)%00%(upstream:remoteref) refs/heads/main refs/remotes/main [2ms]
2024-04-29 07:38:28.019 [info] > git status -z -uall [276ms]
2024-04-29 07:38:33.060 [info] > git config --get commit.template [2ms]
2024-04-29 07:38:33.088 [info] > git for-each-ref --format=%(refname)%00%(upstream:short)%00%(objectname)%00%(upstream:track)%00%(upstream:remotename)%00%(upstream:remoteref) refs/heads/main refs/remotes/main [4ms]
2024-04-29 07:38:33.346 [info] > git status -z -uall [232ms]
2024-04-29 07:38:38.414 [info] > git config --get commit.template [27ms]
2024-04-29 07:38:38.414 [info] > git for-each-ref --format=%(refname)%00%(upstream:short)%00%(objectname)%00%(upstream:track)%00%(upstream:remotename)%00%(upstream:remoteref) refs/heads/main refs/remotes/main [4ms]
2024-04-29 07:38:38.670 [info] > git status -z -uall [230ms]
2024-04-29 07:38:43.718 [info] > git config --get commit.template [3ms]
2024-04-29 07:38:43.745 [info] > git for-each-ref --format=%(refname)%00%(upstream:short)%00%(objectname)%00%(upstream:track)%00%(upstream:remotename)%00%(upstream:remoteref) refs/heads/main refs/remotes/main [3ms]
2024-04-29 07:38:44.019 [info] > git status -z -uall [249ms]
2024-04-29 07:38:49.101 [info] > git config --get commit.template [33ms]
2024-04-29 07:38:49.102 [info] > git for-each-ref --format=%(refname)%00%(upstream:short)%00%(objectname)%00%(upstream:track)%00%(upstream:remotename)%00%(upstream:remoteref) refs/heads/main refs/remotes/main [4ms]
2024-04-29 07:38:49.402 [info] > git status -z -uall [268ms]
2024-04-29 07:38:54.476 [info] > git config --get commit.template [26ms]
2024-04-29 07:38:54.477 [info] > git for-each-ref --format=%(refname)%00%(upstream:short)%00%(objectname)%00%(upstream:track)%00%(upstream:remotename)%00%(upstream:remoteref) refs/heads/main refs/remotes/main [2ms]
2024-04-29 07:38:54.718 [info] > git status -z -uall [217ms]
2024-04-29 07:38:59.795 [info] > git config --get commit.template [27ms]
2024-04-29 07:38:59.796 [info] > git for-each-ref --format=%(refname)%00%(upstream:short)%00%(objectname)%00%(upstream:track)%00%(upstream:remotename)%00%(upstream:remoteref) refs/heads/main refs/remotes/main [3ms]
2024-04-29 07:39:00.060 [info] > git status -z -uall [239ms]
2024-04-29 07:39:05.132 [info] > git config --get commit.template [30ms]
2024-04-29 07:39:05.133 [info] > git for-each-ref --format=%(refname)%00%(upstream:short)%00%(objectname)%00%(upstream:track)%00%(upstream:remotename)%00%(upstream:remoteref) refs/heads/main refs/remotes/main [3ms]
2024-04-29 07:39:05.391 [info] > git status -z -uall [230ms]
2024-04-29 07:39:10.442 [info] > git config --get commit.template [2ms]
2024-04-29 07:39:10.473 [info] > git for-each-ref --format=%(refname)%00%(upstream:short)%00%(objectname)%00%(upstream:track)%00%(upstream:remotename)%00%(upstream:remoteref) refs/heads/main refs/remotes/main [4ms]
2024-04-29 07:39:10.760 [info] > git status -z -uall [258ms]
2024-04-29 07:39:16.125 [info] > git config --get commit.template [2ms]
2024-04-29 07:39:16.158 [info] > git for-each-ref --format=%(refname)%00%(upstream:short)%00%(objectname)%00%(upstream:track)%00%(upstream:remotename)%00%(upstream:remoteref) refs/heads/main refs/remotes/main [3ms]
2024-04-29 07:39:16.431 [info] > git status -z -uall [243ms]
2024-04-29 07:39:21.478 [info] > git config --get commit.template [2ms]
2024-04-29 07:39:21.509 [info] > git for-each-ref --format=%(refname)%00%(upstream:short)%00%(objectname)%00%(upstream:track)%00%(upstream:remotename)%00%(upstream:remoteref) refs/heads/main refs/remotes/main [2ms]
2024-04-29 07:39:21.802 [info] > git status -z -uall [264ms]
2024-04-29 07:39:26.874 [info] > git config --get commit.template [27ms]
2024-04-29 07:39:26.875 [info] > git for-each-ref --format=%(refname)%00%(upstream:short)%00%(objectname)%00%(upstream:track)%00%(upstream:remotename)%00%(upstream:remoteref) refs/heads/main refs/remotes/main [3ms]
2024-04-29 07:39:27.150 [info] > git status -z -uall [249ms]
2024-04-29 07:39:32.226 [info] > git config --get commit.template [37ms]
2024-04-29 07:39:32.227 [info] > git for-each-ref --format=%(refname)%00%(upstream:short)%00%(objectname)%00%(upstream:track)%00%(upstream:remotename)%00%(upstream:remoteref) refs/heads/main refs/remotes/main [5ms]
2024-04-29 07:39:32.531 [info] > git status -z -uall [276ms]
2024-04-29 07:39:37.612 [info] > git config --get commit.template [32ms]
2024-04-29 07:39:37.614 [info] > git for-each-ref --format=%(refname)%00%(upstream:short)%00%(objectname)%00%(upstream:track)%00%(upstream:remotename)%00%(upstream:remoteref) refs/heads/main refs/remotes/main [4ms]
2024-04-29 07:39:37.944 [info] > git status -z -uall [293ms]
2024-04-29 07:39:43.005 [info] > git config --get commit.template [3ms]
2024-04-29 07:39:43.056 [info] > git for-each-ref --format=%(refname)%00%(upstream:short)%00%(objectname)%00%(upstream:track)%00%(upstream:remotename)%00%(upstream:remoteref) refs/heads/main refs/remotes/main [13ms]
2024-04-29 07:39:43.421 [info] > git status -z -uall [320ms]
2024-04-29 07:39:48.507 [info] > git config --get commit.template [30ms]
2024-04-29 07:39:48.509 [info] > git for-each-ref --format=%(refname)%00%(upstream:short)%00%(objectname)%00%(upstream:track)%00%(upstream:remotename)%00%(upstream:remoteref) refs/heads/main refs/remotes/main [4ms]
2024-04-29 07:39:48.803 [info] > git status -z -uall [269ms]
2024-04-29 07:39:53.888 [info] > git config --get commit.template [34ms]
2024-04-29 07:39:53.889 [info] > git for-each-ref --format=%(refname)%00%(upstream:short)%00%(objectname)%00%(upstream:track)%00%(upstream:remotename)%00%(upstream:remoteref) refs/heads/main refs/remotes/main [7ms]
2024-04-29 07:39:54.163 [info] > git status -z -uall [243ms]
2024-04-29 07:39:59.212 [info] > git config --get commit.template [3ms]
2024-04-29 07:39:59.244 [info] > git for-each-ref --format=%(refname)%00%(upstream:short)%00%(objectname)%00%(upstream:track)%00%(upstream:remotename)%00%(upstream:remoteref) refs/heads/main refs/remotes/main [2ms]
2024-04-29 07:39:59.537 [info] > git status -z -uall [264ms]
2024-04-29 07:40:04.640 [info] > git config --get commit.template [42ms]
2024-04-29 07:40:04.641 [info] > git for-each-ref --format=%(refname)%00%(upstream:short)%00%(objectname)%00%(upstream:track)%00%(upstream:remotename)%00%(upstream:remoteref) refs/heads/main refs/remotes/main [3ms]
2024-04-29 07:40:04.968 [info] > git status -z -uall [293ms]
2024-04-29 07:40:10.050 [info] > git config --get commit.template [33ms]
2024-04-29 07:40:10.052 [info] > git for-each-ref --format=%(refname)%00%(upstream:short)%00%(objectname)%00%(upstream:track)%00%(upstream:remotename)%00%(upstream:remoteref) refs/heads/main refs/remotes/main [3ms]
2024-04-29 07:40:10.362 [info] > git status -z -uall [280ms]
2024-04-29 07:40:15.431 [info] > git config --get commit.template [25ms]
2024-04-29 07:40:15.432 [info] > git for-each-ref --format=%(refname)%00%(upstream:short)%00%(objectname)%00%(upstream:track)%00%(upstream:remotename)%00%(upstream:remoteref) refs/heads/main refs/remotes/main [3ms]
2024-04-29 07:40:15.716 [info] > git status -z -uall [257ms]
2024-04-29 07:40:26.862 [info] > git config --get commit.template [28ms]
2024-04-29 07:40:26.864 [info] > git for-each-ref --format=%(refname)%00%(upstream:short)%00%(objectname)%00%(upstream:track)%00%(upstream:remotename)%00%(upstream:remoteref) refs/heads/main refs/remotes/main [2ms]
2024-04-29 07:40:27.129 [info] > git status -z -uall [239ms]
2024-04-29 07:40:32.206 [info] > git config --get commit.template [28ms]
2024-04-29 07:40:32.206 [info] > git for-each-ref --format=%(refname)%00%(upstream:short)%00%(objectname)%00%(upstream:track)%00%(upstream:remotename)%00%(upstream:remoteref) refs/heads/main refs/remotes/main [2ms]
2024-04-29 07:40:32.441 [info] > git status -z -uall [210ms]
2024-04-29 07:40:37.511 [info] > git config --get commit.template [27ms]
2024-04-29 07:40:37.512 [info] > git for-each-ref --format=%(refname)%00%(upstream:short)%00%(objectname)%00%(upstream:track)%00%(upstream:remotename)%00%(upstream:remoteref) refs/heads/main refs/remotes/main [2ms]
2024-04-29 07:40:37.772 [info] > git status -z -uall [236ms]
2024-04-29 07:40:42.840 [info] > git config --get commit.template [27ms]
2024-04-29 07:40:42.842 [info] > git for-each-ref --format=%(refname)%00%(upstream:short)%00%(objectname)%00%(upstream:track)%00%(upstream:remotename)%00%(upstream:remoteref) refs/heads/main refs/remotes/main [2ms]
2024-04-29 07:40:43.112 [info] > git status -z -uall [245ms]
2024-04-29 07:40:48.192 [info] > git config --get commit.template [29ms]
2024-04-29 07:40:48.193 [info] > git for-each-ref --format=%(refname)%00%(upstream:short)%00%(objectname)%00%(upstream:track)%00%(upstream:remotename)%00%(upstream:remoteref) refs/heads/main refs/remotes/main [3ms]
2024-04-29 07:40:48.470 [info] > git status -z -uall [245ms]
2024-04-29 07:40:52.877 [info] > git check-ignore -v -z --stdin [12ms]
2024-04-29 07:40:53.540 [info] > git config --get commit.template [28ms]
2024-04-29 07:40:53.541 [info] > git for-each-ref --format=%(refname)%00%(upstream:short)%00%(objectname)%00%(upstream:track)%00%(upstream:remotename)%00%(upstream:remoteref) refs/heads/main refs/remotes/main [3ms]
2024-04-29 07:40:53.845 [info] > git status -z -uall [267ms]
2024-04-29 07:40:58.939 [info] > git config --get commit.template [37ms]
2024-04-29 07:40:58.941 [info] > git for-each-ref --format=%(refname)%00%(upstream:short)%00%(objectname)%00%(upstream:track)%00%(upstream:remotename)%00%(upstream:remoteref) refs/heads/main refs/remotes/main [4ms]
2024-04-29 07:40:59.265 [info] > git status -z -uall [287ms]
2024-04-29 07:40:59.528 [info] > git check-ignore -v -z --stdin [18ms]
2024-04-29 07:41:01.956 [info] > git check-ignore -v -z --stdin [20ms]
2024-04-29 07:41:05.450 [info] > git config --get commit.template [6ms]
2024-04-29 07:41:05.484 [info] > git for-each-ref --format=%(refname)%00%(upstream:short)%00%(objectname)%00%(upstream:track)%00%(upstream:remotename)%00%(upstream:remoteref) refs/heads/main refs/remotes/main [3ms]
2024-04-29 07:41:05.800 [info] > git status -z -uall [283ms]
2024-04-29 07:41:08.686 [info] > git check-ignore -v -z --stdin [14ms]
2024-04-29 07:41:10.062 [info] > git check-ignore -v -z --stdin [16ms]
2024-04-29 07:41:10.872 [info] > git config --get commit.template [26ms]
2024-04-29 07:41:10.875 [info] > git for-each-ref --format=%(refname)%00%(upstream:short)%00%(objectname)%00%(upstream:track)%00%(upstream:remotename)%00%(upstream:remoteref) refs/heads/main refs/remotes/main [4ms]
2024-04-29 07:41:11.156 [info] > git status -z -uall [253ms]
2024-04-29 07:41:11.520 [info] > git show --textconv :ligue1-frontend/src/components/forms/LoginForm/LoginForm.js [42ms]
2024-04-29 07:41:11.536 [info] > git ls-files --stage -- /home/louis/ligue1-frontend/src/components/forms/LoginForm/LoginForm.js [18ms]
2024-04-29 07:41:11.580 [info] > git cat-file -s 9a3651fd9469a6a2f68feaec7c46b919f6d64ea6 [10ms]
2024-04-29 07:41:16.245 [info] > git config --get commit.template [32ms]
2024-04-29 07:41:16.246 [info] > git for-each-ref --format=%(refname)%00%(upstream:short)%00%(objectname)%00%(upstream:track)%00%(upstream:remotename)%00%(upstream:remoteref) refs/heads/main refs/remotes/main [3ms]
2024-04-29 07:41:16.544 [info] > git status -z -uall [267ms]
2024-04-29 07:41:21.620 [info] > git config --get commit.template [32ms]
2024-04-29 07:41:21.621 [info] > git for-each-ref --format=%(refname)%00%(upstream:short)%00%(objectname)%00%(upstream:track)%00%(upstream:remotename)%00%(upstream:remoteref) refs/heads/main refs/remotes/main [2ms]
2024-04-29 07:41:21.861 [info] > git status -z -uall [212ms]
2024-04-29 07:41:26.929 [info] > git config --get commit.template [26ms]
2024-04-29 07:41:26.931 [info] > git for-each-ref --format=%(refname)%00%(upstream:short)%00%(objectname)%00%(upstream:track)%00%(upstream:remotename)%00%(upstream:remoteref) refs/heads/main refs/remotes/main [3ms]
2024-04-29 07:41:27.184 [info] > git status -z -uall [228ms]
2024-04-29 07:41:32.274 [info] > git config --get commit.template [30ms]
2024-04-29 07:41:32.275 [info] > git for-each-ref --format=%(refname)%00%(upstream:short)%00%(objectname)%00%(upstream:track)%00%(upstream:remotename)%00%(upstream:remoteref) refs/heads/main refs/remotes/main [3ms]
2024-04-29 07:41:32.552 [info] > git status -z -uall [251ms]
2024-04-29 07:41:37.621 [info] > git config --get commit.template [25ms]
2024-04-29 07:41:37.622 [info] > git for-each-ref --format=%(refname)%00%(upstream:short)%00%(objectname)%00%(upstream:track)%00%(upstream:remotename)%00%(upstream:remoteref) refs/heads/main refs/remotes/main [2ms]
2024-04-29 07:41:37.905 [info] > git status -z -uall [258ms]
2024-04-29 07:41:42.987 [info] > git config --get commit.template [30ms]
2024-04-29 07:41:42.988 [info] > git for-each-ref --format=%(refname)%00%(upstream:short)%00%(objectname)%00%(upstream:track)%00%(upstream:remotename)%00%(upstream:remoteref) refs/heads/main refs/remotes/main [3ms]
2024-04-29 07:41:43.284 [info] > git status -z -uall [262ms]
2024-04-29 07:41:48.180 [info] > git show --textconv :ligue1-frontend/src/api/LoginPageApi.js [47ms]
2024-04-29 07:41:48.183 [info] > git ls-files --stage -- /home/louis/ligue1-frontend/src/api/LoginPageApi.js [16ms]
2024-04-29 07:41:48.212 [info] > git cat-file -s c0a416698035ebdfa4a54233d39def7db6fd724f [3ms]
2024-04-29 07:41:48.522 [info] > git config --get commit.template [3ms]
2024-04-29 07:41:48.550 [info] > git for-each-ref --format=%(refname)%00%(upstream:short)%00%(objectname)%00%(upstream:track)%00%(upstream:remotename)%00%(upstream:remoteref) refs/heads/main refs/remotes/main [2ms]
2024-04-29 07:41:48.864 [info] > git status -z -uall [284ms]
2024-04-29 07:41:53.918 [info] > git config --get commit.template [2ms]
2024-04-29 07:41:53.954 [info] > git for-each-ref --format=%(refname)%00%(upstream:short)%00%(objectname)%00%(upstream:track)%00%(upstream:remotename)%00%(upstream:remoteref) refs/heads/main refs/remotes/main [3ms]
2024-04-29 07:41:54.310 [info] > git status -z -uall [321ms]
2024-04-29 07:41:59.385 [info] > git config --get commit.template [29ms]
2024-04-29 07:41:59.386 [info] > git for-each-ref --format=%(refname)%00%(upstream:short)%00%(objectname)%00%(upstream:track)%00%(upstream:remotename)%00%(upstream:remoteref) refs/heads/main refs/remotes/main [2ms]
2024-04-29 07:41:59.674 [info] > git status -z -uall [258ms]
2024-04-29 07:42:04.744 [info] > git config --get commit.template [31ms]
2024-04-29 07:42:04.745 [info] > git for-each-ref --format=%(refname)%00%(upstream:short)%00%(objectname)%00%(upstream:track)%00%(upstream:remotename)%00%(upstream:remoteref) refs/heads/main refs/remotes/main [3ms]
2024-04-29 07:42:05.024 [info] > git status -z -uall [249ms]
2024-04-29 07:42:10.106 [info] > git config --get commit.template [32ms]
2024-04-29 07:42:10.108 [info] > git for-each-ref --format=%(refname)%00%(upstream:short)%00%(objectname)%00%(upstream:track)%00%(upstream:remotename)%00%(upstream:remoteref) refs/heads/main refs/remotes/main [4ms]
2024-04-29 07:42:10.431 [info] > git status -z -uall [275ms]
2024-04-29 07:42:15.504 [info] > git config --get commit.template [32ms]
2024-04-29 07:42:15.506 [info] > git for-each-ref --format=%(refname)%00%(upstream:short)%00%(objectname)%00%(upstream:track)%00%(upstream:remotename)%00%(upstream:remoteref) refs/heads/main refs/remotes/main [4ms]
2024-04-29 07:42:15.800 [info] > git status -z -uall [266ms]
2024-04-29 07:42:20.855 [info] > git config --get commit.template [2ms]
2024-04-29 07:42:20.890 [info] > git for-each-ref --format=%(refname)%00%(upstream:short)%00%(objectname)%00%(upstream:track)%00%(upstream:remotename)%00%(upstream:remoteref) refs/heads/main refs/remotes/main [3ms]
2024-04-29 07:42:21.197 [info] > git status -z -uall [273ms]
2024-04-29 07:56:13.011 [info] > git config --get commit.template [27ms]
2024-04-29 07:56:13.012 [info] > git for-each-ref --format=%(refname)%00%(upstream:short)%00%(objectname)%00%(upstream:track)%00%(upstream:remotename)%00%(upstream:remoteref) refs/heads/main refs/remotes/main [3ms]
2024-04-29 07:56:13.293 [info] > git status -z -uall [254ms]
2024-04-29 07:56:18.344 [info] > git config --get commit.template [3ms]
2024-04-29 07:56:18.380 [info] > git for-each-ref --format=%(refname)%00%(upstream:short)%00%(objectname)%00%(upstream:track)%00%(upstream:remotename)%00%(upstream:remoteref) refs/heads/main refs/remotes/main [7ms]
2024-04-29 07:56:18.692 [info] > git status -z -uall [280ms]
2024-04-29 07:56:23.771 [info] > git config --get commit.template [31ms]
2024-04-29 07:56:23.773 [info] > git for-each-ref --format=%(refname)%00%(upstream:short)%00%(objectname)%00%(upstream:track)%00%(upstream:remotename)%00%(upstream:remoteref) refs/heads/main refs/remotes/main [3ms]
2024-04-29 07:56:24.058 [info] > git status -z -uall [254ms]
2024-04-29 07:56:26.342 [info] > git check-ignore -v -z --stdin [15ms]
2024-04-29 07:56:28.303 [info] > git show --textconv :ligue1-frontend/src/pages/TopPlayer/TopPlayer.js [35ms]
2024-04-29 07:56:28.318 [info] > git ls-files --stage -- /home/louis/ligue1-frontend/src/pages/TopPlayer/TopPlayer.js [19ms]
2024-04-29 07:56:28.353 [info] > git cat-file -s 02f465e879c7bc6f4eb444470c5ea6f6ac26a2bf [5ms]
2024-04-29 07:56:29.107 [info] > git config --get commit.template [3ms]
2024-04-29 07:56:29.137 [info] > git for-each-ref --format=%(refname)%00%(upstream:short)%00%(objectname)%00%(upstream:track)%00%(upstream:remotename)%00%(upstream:remoteref) refs/heads/main refs/remotes/main [3ms]
2024-04-29 07:56:29.519 [info] > git status -z -uall [357ms]
