2024-04-30 09:11:56.848 [info] Log level: Info
2024-04-30 09:11:56.849 [info] Validating found git in: "git"
2024-04-30 09:11:56.849 [info] Using git "2.39.2" from "git"
2024-04-30 09:11:56.849 [info] > git rev-parse --show-toplevel [900ms]
2024-04-30 09:11:56.874 [info] > git rev-parse --git-dir --git-common-dir [36ms]
2024-04-30 09:11:56.979 [info] Open repository: /home/louis
2024-04-30 09:11:57.090 [info] > git rev-parse --show-toplevel [11ms]
2024-04-30 09:11:57.101 [info] > git config --get commit.template [53ms]
2024-04-30 09:11:57.270 [info] > git rev-parse --show-toplevel [119ms]
2024-04-30 09:11:57.347 [info] > git for-each-ref --format=%(refname)%00%(upstream:short)%00%(objectname)%00%(upstream:track)%00%(upstream:remotename)%00%(upstream:remoteref) refs/heads/main refs/remotes/main [133ms]
2024-04-30 09:11:57.532 [info] > git rev-parse --show-toplevel [186ms]
2024-04-30 09:11:58.285 [info] > git rev-parse --show-toplevel [103ms]
2024-04-30 09:11:58.350 [info] > git status -z -uall [939ms]
2024-04-30 09:11:58.351 [info] > git rev-parse --show-toplevel [9ms]
2024-04-30 09:11:59.173 [info] > git check-ignore -v -z --stdin [892ms]
2024-04-30 09:11:59.201 [info] > git merge-base refs/heads/main refs/remotes/origin/main [791ms]
2024-04-30 09:11:59.247 [info] > git config --get commit.template [95ms]
2024-04-30 09:11:59.250 [info] > git rev-parse --show-toplevel [125ms]
2024-04-30 09:11:59.299 [info] > git rev-list --count --left-right refs/heads/main...refs/remotes/origin/main [58ms]
2024-04-30 09:11:59.356 [info] > git for-each-ref --format=%(refname)%00%(upstream:short)%00%(objectname)%00%(upstream:track)%00%(upstream:remotename)%00%(upstream:remoteref) refs/heads/main refs/remotes/main [58ms]
2024-04-30 09:11:59.366 [info] > git rev-parse --show-toplevel [91ms]
2024-04-30 09:11:59.391 [info] > git diff --name-status -z --diff-filter=ADMR 0150d2175f205dc0848f182fc55ac2dff31a60ef...refs/remotes/origin/main [59ms]
2024-04-30 09:11:59.438 [info] > git rev-parse --show-toplevel [49ms]
2024-04-30 09:12:03.653 [info] > git status -z -uall [4217ms]
2024-04-30 09:12:03.728 [info] > git rev-parse --show-toplevel [4267ms]
2024-04-30 09:12:04.262 [info] > git rev-parse --show-toplevel [442ms]
2024-04-30 09:12:04.840 [info] > git rev-parse --show-toplevel [337ms]
2024-04-30 09:12:05.015 [info] > git rev-parse --show-toplevel [74ms]
2024-04-30 09:12:06.206 [info] > git rev-parse --show-toplevel [124ms]
2024-04-30 09:12:06.286 [info] > git show --textconv :ligue1-frontend/src/components/Header/Header.js [49ms]
2024-04-30 09:12:06.333 [info] > git ls-files --stage -- /home/louis/ligue1-frontend/src/components/Header/Header.js [60ms]
2024-04-30 09:12:39.447 [info] > git config --get commit.template [37ms]
2024-04-30 09:12:39.461 [info] > git for-each-ref --format=%(refname)%00%(upstream:short)%00%(objectname)%00%(upstream:track)%00%(upstream:remotename)%00%(upstream:remoteref) refs/heads/main refs/remotes/main [20ms]
2024-04-30 09:12:40.508 [info] > git status -z -uall [1015ms]
2024-04-30 09:13:38.856 [info] > git config --get commit.template [97ms]
2024-04-30 09:13:40.005 [info] > git for-each-ref --format=%(refname)%00%(upstream:short)%00%(objectname)%00%(upstream:track)%00%(upstream:remotename)%00%(upstream:remoteref) refs/heads/main refs/remotes/main [406ms]
2024-04-30 09:13:54.987 [info] > git status -z -uall [14702ms]
2024-04-30 09:14:34.837 [info] > git check-ignore -v -z --stdin [77ms]
2024-04-30 09:14:35.717 [info] > git check-ignore -v -z --stdin [14ms]
2024-04-30 09:15:28.193 [info] > git config --get commit.template [41ms]
2024-04-30 09:15:28.207 [info] > git for-each-ref --format=%(refname)%00%(upstream:short)%00%(objectname)%00%(upstream:track)%00%(upstream:remotename)%00%(upstream:remoteref) refs/heads/main refs/remotes/main [17ms]
2024-04-30 09:15:29.521 [info] > git status -z -uall [1271ms]
2024-04-30 09:15:43.164 [info] > git config --get commit.template [3ms]
2024-04-30 09:15:43.201 [info] > git for-each-ref --format=%(refname)%00%(upstream:short)%00%(objectname)%00%(upstream:track)%00%(upstream:remotename)%00%(upstream:remoteref) refs/heads/main refs/remotes/main [3ms]
2024-04-30 09:15:43.492 [info] > git status -z -uall [258ms]
2024-04-30 09:15:49.196 [info] > git config --get commit.template [43ms]
2024-04-30 09:15:49.200 [info] > git for-each-ref --format=%(refname)%00%(upstream:short)%00%(objectname)%00%(upstream:track)%00%(upstream:remotename)%00%(upstream:remoteref) refs/heads/main refs/remotes/main [5ms]
2024-04-30 09:15:49.521 [info] > git status -z -uall [277ms]
2024-04-30 09:16:08.835 [info] > git check-ignore -v -z --stdin [19ms]
2024-04-30 09:16:16.300 [info] > git config --get commit.template [3ms]
2024-04-30 09:16:16.340 [info] > git for-each-ref --format=%(refname)%00%(upstream:short)%00%(objectname)%00%(upstream:track)%00%(upstream:remotename)%00%(upstream:remoteref) refs/heads/main refs/remotes/main [3ms]
2024-04-30 09:16:16.651 [info] > git status -z -uall [274ms]
2024-04-30 09:16:18.949 [info] > git check-ignore -v -z --stdin [15ms]
2024-04-30 09:16:21.108 [info] > git show --textconv :ligue1-frontend/src/app/App.js [107ms]
2024-04-30 09:16:21.122 [info] > git ls-files --stage -- /home/louis/ligue1-frontend/src/app/App.js [17ms]
2024-04-30 09:16:21.159 [info] > git cat-file -s 5a91e6b5ebcdea366b6e723d817f1be8d40d923c [4ms]
2024-04-30 09:16:21.947 [info] > git config --get commit.template [164ms]
2024-04-30 09:16:21.950 [info] > git for-each-ref --format=%(refname)%00%(upstream:short)%00%(objectname)%00%(upstream:track)%00%(upstream:remotename)%00%(upstream:remoteref) refs/heads/main refs/remotes/main [6ms]
2024-04-30 09:16:22.536 [info] > git status -z -uall [437ms]
2024-04-30 09:16:27.672 [info] > git config --get commit.template [40ms]
2024-04-30 09:16:27.675 [info] > git for-each-ref --format=%(refname)%00%(upstream:short)%00%(objectname)%00%(upstream:track)%00%(upstream:remotename)%00%(upstream:remoteref) refs/heads/main refs/remotes/main [10ms]
2024-04-30 09:16:28.540 [info] > git status -z -uall [823ms]
2024-04-30 09:16:33.637 [info] > git config --get commit.template [39ms]
2024-04-30 09:16:33.644 [info] > git for-each-ref --format=%(refname)%00%(upstream:short)%00%(objectname)%00%(upstream:track)%00%(upstream:remotename)%00%(upstream:remoteref) refs/heads/main refs/remotes/main [9ms]
2024-04-30 09:16:33.995 [info] > git status -z -uall [308ms]
2024-04-30 09:16:35.571 [info] > git show --textconv :ligue1-frontend/src/index.js [82ms]
2024-04-30 09:16:35.593 [info] > git ls-files --stage -- /home/louis/ligue1-frontend/src/index.js [25ms]
2024-04-30 09:16:35.658 [info] > git cat-file -s a026e53e9022447de7f4f12a0f32acbe987f0a86 [5ms]
2024-04-30 09:16:46.736 [info] > git show --textconv :ligue1-frontend/src/components/Header/Header.js [123ms]
2024-04-30 09:16:46.737 [info] > git ls-files --stage -- /home/louis/ligue1-frontend/src/components/Header/Header.js [68ms]
2024-04-30 09:16:52.913 [info] > git config --get commit.template [50ms]
2024-04-30 09:16:52.931 [info] > git for-each-ref --format=%(refname)%00%(upstream:short)%00%(objectname)%00%(upstream:track)%00%(upstream:remotename)%00%(upstream:remoteref) refs/heads/main refs/remotes/main [20ms]
2024-04-30 09:16:53.967 [info] > git status -z -uall [994ms]
2024-04-30 09:16:56.852 [info] > git show --textconv :ligue1-frontend/src/index.js [63ms]
2024-04-30 09:16:56.854 [info] > git ls-files --stage -- /home/louis/ligue1-frontend/src/index.js [15ms]
2024-04-30 09:16:56.900 [info] > git cat-file -s a026e53e9022447de7f4f12a0f32acbe987f0a86 [5ms]
2024-04-30 09:16:59.084 [info] > git config --get commit.template [44ms]
2024-04-30 09:16:59.095 [info] > git for-each-ref --format=%(refname)%00%(upstream:short)%00%(objectname)%00%(upstream:track)%00%(upstream:remotename)%00%(upstream:remoteref) refs/heads/main refs/remotes/main [12ms]
2024-04-30 09:16:59.419 [info] > git status -z -uall [280ms]
2024-04-30 09:17:06.613 [info] > git config --get commit.template [49ms]
2024-04-30 09:17:06.614 [info] > git for-each-ref --format=%(refname)%00%(upstream:short)%00%(objectname)%00%(upstream:track)%00%(upstream:remotename)%00%(upstream:remoteref) refs/heads/main refs/remotes/main [4ms]
2024-04-30 09:17:06.968 [info] > git status -z -uall [307ms]
2024-04-30 09:17:12.087 [info] > git config --get commit.template [45ms]
2024-04-30 09:17:12.088 [info] > git for-each-ref --format=%(refname)%00%(upstream:short)%00%(objectname)%00%(upstream:track)%00%(upstream:remotename)%00%(upstream:remoteref) refs/heads/main refs/remotes/main [2ms]
2024-04-30 09:17:12.370 [info] > git status -z -uall [241ms]
2024-04-30 09:17:17.629 [info] > git config --get commit.template [54ms]
2024-04-30 09:17:17.634 [info] > git for-each-ref --format=%(refname)%00%(upstream:short)%00%(objectname)%00%(upstream:track)%00%(upstream:remotename)%00%(upstream:remoteref) refs/heads/main refs/remotes/main [8ms]
2024-04-30 09:17:18.037 [info] > git status -z -uall [345ms]
2024-04-30 09:17:23.145 [info] > git config --get commit.template [46ms]
2024-04-30 09:17:23.146 [info] > git for-each-ref --format=%(refname)%00%(upstream:short)%00%(objectname)%00%(upstream:track)%00%(upstream:remotename)%00%(upstream:remoteref) refs/heads/main refs/remotes/main [3ms]
2024-04-30 09:17:23.442 [info] > git status -z -uall [254ms]
2024-04-30 09:17:28.533 [info] > git config --get commit.template [34ms]
2024-04-30 09:17:28.534 [info] > git for-each-ref --format=%(refname)%00%(upstream:short)%00%(objectname)%00%(upstream:track)%00%(upstream:remotename)%00%(upstream:remoteref) refs/heads/main refs/remotes/main [3ms]
2024-04-30 09:17:28.806 [info] > git status -z -uall [236ms]
2024-04-30 09:17:34.699 [info] > git config --get commit.template [46ms]
2024-04-30 09:17:34.701 [info] > git for-each-ref --format=%(refname)%00%(upstream:short)%00%(objectname)%00%(upstream:track)%00%(upstream:remotename)%00%(upstream:remoteref) refs/heads/main refs/remotes/main [4ms]
2024-04-30 09:17:35.039 [info] > git status -z -uall [293ms]
2024-04-30 09:17:40.144 [info] > git config --get commit.template [40ms]
2024-04-30 09:17:40.145 [info] > git for-each-ref --format=%(refname)%00%(upstream:short)%00%(objectname)%00%(upstream:track)%00%(upstream:remotename)%00%(upstream:remoteref) refs/heads/main refs/remotes/main [3ms]
2024-04-30 09:17:40.458 [info] > git status -z -uall [270ms]
2024-04-30 09:17:45.591 [info] > git config --get commit.template [67ms]
2024-04-30 09:17:45.592 [info] > git for-each-ref --format=%(refname)%00%(upstream:short)%00%(objectname)%00%(upstream:track)%00%(upstream:remotename)%00%(upstream:remoteref) refs/heads/main refs/remotes/main [3ms]
2024-04-30 09:17:45.906 [info] > git status -z -uall [271ms]
2024-04-30 09:17:50.981 [info] > git config --get commit.template [2ms]
2024-04-30 09:17:51.025 [info] > git for-each-ref --format=%(refname)%00%(upstream:short)%00%(objectname)%00%(upstream:track)%00%(upstream:remotename)%00%(upstream:remoteref) refs/heads/main refs/remotes/main [3ms]
2024-04-30 09:17:51.385 [info] > git status -z -uall [315ms]
2024-04-30 09:17:56.456 [info] > git config --get commit.template [1ms]
2024-04-30 09:17:56.494 [info] > git for-each-ref --format=%(refname)%00%(upstream:short)%00%(objectname)%00%(upstream:track)%00%(upstream:remotename)%00%(upstream:remoteref) refs/heads/main refs/remotes/main [2ms]
2024-04-30 09:17:56.788 [info] > git status -z -uall [255ms]
2024-04-30 09:18:01.938 [info] > git config --get commit.template [68ms]
2024-04-30 09:18:01.940 [info] > git for-each-ref --format=%(refname)%00%(upstream:short)%00%(objectname)%00%(upstream:track)%00%(upstream:remotename)%00%(upstream:remoteref) refs/heads/main refs/remotes/main [2ms]
2024-04-30 09:18:02.539 [info] > git status -z -uall [550ms]
2024-04-30 09:18:07.722 [info] > git config --get commit.template [72ms]
2024-04-30 09:18:07.723 [info] > git for-each-ref --format=%(refname)%00%(upstream:short)%00%(objectname)%00%(upstream:track)%00%(upstream:remotename)%00%(upstream:remoteref) refs/heads/main refs/remotes/main [8ms]
2024-04-30 09:18:08.133 [info] > git status -z -uall [362ms]
2024-04-30 09:18:14.279 [info] > git config --get commit.template [40ms]
2024-04-30 09:18:14.280 [info] > git for-each-ref --format=%(refname)%00%(upstream:short)%00%(objectname)%00%(upstream:track)%00%(upstream:remotename)%00%(upstream:remoteref) refs/heads/main refs/remotes/main [2ms]
2024-04-30 09:18:14.593 [info] > git status -z -uall [267ms]
2024-04-30 09:18:19.656 [info] > git config --get commit.template [6ms]
2024-04-30 09:18:19.693 [info] > git for-each-ref --format=%(refname)%00%(upstream:short)%00%(objectname)%00%(upstream:track)%00%(upstream:remotename)%00%(upstream:remoteref) refs/heads/main refs/remotes/main [3ms]
2024-04-30 09:18:19.961 [info] > git status -z -uall [227ms]
2024-04-30 09:18:25.109 [info] > git config --get commit.template [63ms]
2024-04-30 09:18:25.123 [info] > git for-each-ref --format=%(refname)%00%(upstream:short)%00%(objectname)%00%(upstream:track)%00%(upstream:remotename)%00%(upstream:remoteref) refs/heads/main refs/remotes/main [17ms]
2024-04-30 09:18:25.539 [info] > git status -z -uall [366ms]
2024-04-30 09:18:30.645 [info] > git config --get commit.template [45ms]
2024-04-30 09:18:30.647 [info] > git for-each-ref --format=%(refname)%00%(upstream:short)%00%(objectname)%00%(upstream:track)%00%(upstream:remotename)%00%(upstream:remoteref) refs/heads/main refs/remotes/main [4ms]
2024-04-30 09:18:30.945 [info] > git status -z -uall [256ms]
2024-04-30 09:18:36.346 [info] > git config --get commit.template [44ms]
2024-04-30 09:18:36.348 [info] > git for-each-ref --format=%(refname)%00%(upstream:short)%00%(objectname)%00%(upstream:track)%00%(upstream:remotename)%00%(upstream:remoteref) refs/heads/main refs/remotes/main [5ms]
2024-04-30 09:18:36.681 [info] > git status -z -uall [291ms]
2024-04-30 09:18:41.788 [info] > git config --get commit.template [43ms]
2024-04-30 09:18:41.789 [info] > git for-each-ref --format=%(refname)%00%(upstream:short)%00%(objectname)%00%(upstream:track)%00%(upstream:remotename)%00%(upstream:remoteref) refs/heads/main refs/remotes/main [2ms]
2024-04-30 09:18:42.136 [info] > git status -z -uall [292ms]
2024-04-30 09:18:47.659 [info] > git config --get commit.template [49ms]
2024-04-30 09:18:47.661 [info] > git for-each-ref --format=%(refname)%00%(upstream:short)%00%(objectname)%00%(upstream:track)%00%(upstream:remotename)%00%(upstream:remoteref) refs/heads/main refs/remotes/main [4ms]
2024-04-30 09:18:47.982 [info] > git status -z -uall [279ms]
