2024-04-15 12:14:03.092 [info] Log level: Info
2024-04-15 12:14:03.093 [info] Validating found git in: "git"
2024-04-15 12:14:03.093 [info] Using git "2.39.2" from "git"
2024-04-15 12:14:03.094 [info] > git rev-parse --show-toplevel [98ms]
2024-04-15 12:14:03.094 [info] > git rev-parse --git-dir --git-common-dir [2ms]
2024-04-15 12:14:03.095 [info] Open repository: /home/louis
2024-04-15 12:14:03.095 [info] > git config --get commit.template [58ms]
2024-04-15 12:14:03.096 [info] > git rev-parse --show-toplevel [19ms]
2024-04-15 12:14:03.103 [info] > git for-each-ref --format=%(refname)%00%(upstream:short)%00%(objectname)%00%(upstream:track)%00%(upstream:remotename)%00%(upstream:remoteref) refs/heads/main refs/remotes/main [61ms]
2024-04-15 12:14:03.104 [info] > git rev-parse --show-toplevel [468ms]
2024-04-15 12:14:04.225 [info] > git rev-parse --show-toplevel [1146ms]
2024-04-15 12:14:04.285 [info] > git check-ignore -v -z --stdin [77ms]
2024-04-15 12:14:04.306 [info] > git rev-parse --show-toplevel [27ms]
2024-04-15 12:14:04.401 [info] > git rev-parse --show-toplevel [37ms]
2024-04-15 12:14:10.096 [info] > git status -z -uall [7365ms] (cancelled)
2024-04-15 12:14:10.098 [info] > git merge-base refs/heads/main refs/remotes/origin/main [5219ms]
2024-04-15 12:14:10.152 [info] > git rev-parse --show-toplevel [5612ms]
2024-04-15 12:14:10.255 [info] > git rev-list --count --left-right refs/heads/main...refs/remotes/origin/main [103ms]
2024-04-15 12:14:10.277 [info] > git config --get commit.template [900ms]
2024-04-15 12:14:10.298 [info] > git rev-parse --show-toplevel [73ms]
2024-04-15 12:14:10.358 [info] > git diff --name-status -z --diff-filter=ADMR 73978d91c7f16ccb3cd5807fd7b6f1aed709517e...refs/remotes/origin/main [78ms]
2024-04-15 12:14:10.473 [info] > git rev-parse --show-toplevel [129ms]
2024-04-15 12:14:10.477 [info] > git for-each-ref --format=%(refname)%00%(upstream:short)%00%(objectname)%00%(upstream:track)%00%(upstream:remotename)%00%(upstream:remoteref) refs/heads/main refs/remotes/main [156ms]
2024-04-15 12:14:11.943 [info] > git rev-parse --show-toplevel [1443ms]
2024-04-15 12:14:12.116 [info] > git rev-parse --show-toplevel [131ms]
2024-04-15 12:14:12.194 [info] > git rev-parse --git-dir --git-common-dir [26ms]
2024-04-15 12:14:12.217 [info] Open repository: /home/louis/api_louis
2024-04-15 12:14:12.341 [info] > git config --get commit.template [41ms]
2024-04-15 12:14:12.351 [info] > git rev-parse --show-toplevel [82ms]
2024-04-15 12:14:12.486 [info] > git rev-parse --show-toplevel [71ms]
2024-04-15 12:14:13.155 [info] > git status -z -uall [1082ms] (cancelled)
2024-04-15 12:14:13.155 [info] > git show --textconv :ligue1-frontend/src/app/App.js [606ms]
2024-04-15 12:14:13.156 [info] > git for-each-ref --format=%(refname)%00%(upstream:short)%00%(objectname)%00%(upstream:track)%00%(upstream:remotename)%00%(upstream:remoteref) refs/heads/main refs/remotes/main [697ms]
2024-04-15 12:14:15.689 [info] > git ls-files --stage -- /home/louis/ligue1-frontend/src/app/App.js [3100ms]
2024-04-15 12:14:15.828 [info] > git status -z -uall [108ms]
2024-04-15 12:14:15.892 [info] > git merge-base refs/heads/main refs/remotes/origin/main [37ms]
2024-04-15 12:14:15.923 [info] > git config --get commit.template [32ms]
2024-04-15 12:14:15.962 [info] > git rev-list --count --left-right refs/heads/main...refs/remotes/origin/main [42ms]
2024-04-15 12:14:15.998 [info] > git for-each-ref --format=%(refname)%00%(upstream:short)%00%(objectname)%00%(upstream:track)%00%(upstream:remotename)%00%(upstream:remoteref) refs/heads/main refs/remotes/main [40ms]
2024-04-15 12:14:16.028 [info] > git diff --name-status -z --diff-filter=ADMR 0dcaf4832d0ef5956626818c6faf388aa3445dee...refs/remotes/origin/main [33ms]
2024-04-15 12:14:16.054 [info] > git status -z -uall [27ms]
2024-04-15 12:14:19.762 [info] > git check-ignore -v -z --stdin [87ms]
2024-04-15 12:14:19.764 [info] > git check-ignore -v -z --stdin [56ms]
2024-04-15 12:14:47.567 [info] > git config --get commit.template [22ms]
2024-04-15 12:14:47.602 [info] > git for-each-ref --format=%(refname)%00%(upstream:short)%00%(objectname)%00%(upstream:track)%00%(upstream:remotename)%00%(upstream:remoteref) refs/heads/main refs/remotes/main [8ms]
2024-04-15 12:14:47.642 [info] > git status -z -uall [13ms]
2024-04-15 12:15:28.412 [info] > git config --get commit.template [2ms]
2024-04-15 12:15:28.444 [info] > git for-each-ref --format=%(refname)%00%(upstream:short)%00%(objectname)%00%(upstream:track)%00%(upstream:remotename)%00%(upstream:remoteref) refs/heads/main refs/remotes/main [3ms]
2024-04-15 12:15:28.483 [info] > git status -z -uall [11ms]
2024-04-15 12:15:30.502 [info] > git show --textconv :ligue1-frontend/src/pages/ShowEquipe/ShowEquipe.js [63ms]
2024-04-15 12:15:30.503 [info] > git check-ignore -v -z --stdin [3ms]
2024-04-15 12:15:30.506 [info] > git ls-files --stage -- /home/louis/ligue1-frontend/src/pages/ShowEquipe/ShowEquipe.js [34ms]
2024-04-15 12:15:31.051 [info] > git check-ignore -v -z --stdin [3ms]
2024-04-15 12:15:33.552 [info] > git config --get commit.template [30ms]
2024-04-15 12:15:33.554 [info] > git for-each-ref --format=%(refname)%00%(upstream:short)%00%(objectname)%00%(upstream:track)%00%(upstream:remotename)%00%(upstream:remoteref) refs/heads/main refs/remotes/main [5ms]
2024-04-15 12:15:33.594 [info] > git status -z -uall [10ms]
2024-04-15 12:16:10.784 [info] > git config --get commit.template [4ms]
2024-04-15 12:16:10.816 [info] > git for-each-ref --format=%(refname)%00%(upstream:short)%00%(objectname)%00%(upstream:track)%00%(upstream:remotename)%00%(upstream:remoteref) refs/heads/main refs/remotes/main [4ms]
2024-04-15 12:16:10.852 [info] > git status -z -uall [9ms]
2024-04-15 12:18:11.403 [info] > git show --textconv :ligue1-frontend/src/app/App.js [33ms]
2024-04-15 12:18:11.413 [info] > git ls-files --stage -- /home/louis/ligue1-frontend/src/app/App.js [15ms]
2024-04-15 12:18:13.362 [info] > git show --textconv :ligue1-frontend/src/pages/Equipe/Equipe.js [57ms]
2024-04-15 12:18:13.373 [info] > git ls-files --stage -- /home/louis/ligue1-frontend/src/pages/Equipe/Equipe.js [16ms]
2024-04-15 12:18:19.042 [info] > git show --textconv :ligue1-frontend/src/pages/ShowEquipe/ShowEquipe.js [32ms]
2024-04-15 12:18:19.043 [info] > git ls-files --stage -- /home/louis/ligue1-frontend/src/pages/ShowEquipe/ShowEquipe.js [5ms]
2024-04-15 12:18:28.936 [info] > git config --get commit.template [37ms]
2024-04-15 12:18:28.937 [info] > git for-each-ref --format=%(refname)%00%(upstream:short)%00%(objectname)%00%(upstream:track)%00%(upstream:remotename)%00%(upstream:remoteref) refs/heads/main refs/remotes/main [4ms]
2024-04-15 12:18:28.994 [info] > git status -z -uall [13ms]
2024-04-15 12:18:38.466 [info] > git config --get commit.template [43ms]
2024-04-15 12:18:38.564 [info] > git for-each-ref --format=%(refname)%00%(upstream:short)%00%(objectname)%00%(upstream:track)%00%(upstream:remotename)%00%(upstream:remoteref) refs/heads/main refs/remotes/main [33ms]
2024-04-15 12:18:38.793 [info] > git status -z -uall [26ms]
2024-04-15 12:18:44.864 [info] > git config --get commit.template [82ms]
2024-04-15 12:18:44.890 [info] > git for-each-ref --format=%(refname)%00%(upstream:short)%00%(objectname)%00%(upstream:track)%00%(upstream:remotename)%00%(upstream:remoteref) refs/heads/main refs/remotes/main [31ms]
2024-04-15 12:18:45.032 [info] > git status -z -uall [76ms]
2024-04-15 12:18:50.107 [info] > git config --get commit.template [35ms]
2024-04-15 12:18:50.110 [info] > git for-each-ref --format=%(refname)%00%(upstream:short)%00%(objectname)%00%(upstream:track)%00%(upstream:remotename)%00%(upstream:remoteref) refs/heads/main refs/remotes/main [4ms]
2024-04-15 12:18:50.153 [info] > git status -z -uall [8ms]
2024-04-15 12:20:06.214 [info] > git config --get commit.template [46ms]
2024-04-15 12:20:06.228 [info] > git for-each-ref --format=%(refname)%00%(upstream:short)%00%(objectname)%00%(upstream:track)%00%(upstream:remotename)%00%(upstream:remoteref) refs/heads/main refs/remotes/main [15ms]
2024-04-15 12:20:06.280 [info] > git status -z -uall [11ms]
2024-04-15 12:20:15.007 [info] > git config --get commit.template [50ms]
2024-04-15 12:20:15.013 [info] > git for-each-ref --format=%(refname)%00%(upstream:short)%00%(objectname)%00%(upstream:track)%00%(upstream:remotename)%00%(upstream:remoteref) refs/heads/main refs/remotes/main [9ms]
2024-04-15 12:20:15.406 [info] > git status -z -uall [313ms]
2024-04-15 12:20:22.662 [info] > git config --get commit.template [41ms]
2024-04-15 12:20:22.666 [info] > git for-each-ref --format=%(refname)%00%(upstream:short)%00%(objectname)%00%(upstream:track)%00%(upstream:remotename)%00%(upstream:remoteref) refs/heads/main refs/remotes/main [5ms]
2024-04-15 12:20:22.715 [info] > git status -z -uall [9ms]
2024-04-15 12:20:47.395 [info] > git config --get commit.template [36ms]
2024-04-15 12:20:47.399 [info] > git for-each-ref --format=%(refname)%00%(upstream:short)%00%(objectname)%00%(upstream:track)%00%(upstream:remotename)%00%(upstream:remoteref) refs/heads/main refs/remotes/main [4ms]
2024-04-15 12:20:47.441 [info] > git status -z -uall [10ms]
2024-04-15 12:21:17.464 [info] > git config --get commit.template [70ms]
2024-04-15 12:21:17.468 [info] > git for-each-ref --format=%(refname)%00%(upstream:short)%00%(objectname)%00%(upstream:track)%00%(upstream:remotename)%00%(upstream:remoteref) refs/heads/main refs/remotes/main [6ms]
2024-04-15 12:21:17.514 [info] > git status -z -uall [10ms]
2024-04-15 12:23:03.669 [info] > git show --textconv :ligue1-frontend/src/pages/Equipe/Equipe.js [50ms]
2024-04-15 12:23:03.673 [info] > git ls-files --stage -- /home/louis/ligue1-frontend/src/pages/Equipe/Equipe.js [12ms]
2024-04-15 12:23:06.462 [info] > git show --textconv :ligue1-frontend/src/app/App.js [37ms]
2024-04-15 12:23:06.463 [info] > git ls-files --stage -- /home/louis/ligue1-frontend/src/app/App.js [7ms]
2024-04-15 12:23:18.994 [info] > git show --textconv :ligue1-frontend/src/pages/ShowEquipe/ShowEquipe.js [44ms]
2024-04-15 12:23:18.995 [info] > git ls-files --stage -- /home/louis/ligue1-frontend/src/pages/ShowEquipe/ShowEquipe.js [14ms]
2024-04-15 12:23:24.926 [info] > git config --get commit.template [37ms]
2024-04-15 12:23:24.928 [info] > git for-each-ref --format=%(refname)%00%(upstream:short)%00%(objectname)%00%(upstream:track)%00%(upstream:remotename)%00%(upstream:remoteref) refs/heads/main refs/remotes/main [3ms]
2024-04-15 12:23:24.970 [info] > git status -z -uall [9ms]
2024-04-15 12:23:56.938 [info] > git show --textconv :ligue1-frontend/src/pages/Equipe/Equipe.js [52ms]
2024-04-15 12:23:56.938 [info] > git ls-files --stage -- /home/louis/ligue1-frontend/src/pages/Equipe/Equipe.js [16ms]
2024-04-15 12:38:17.655 [info] > git config --get commit.template [34ms]
2024-04-15 12:38:17.657 [info] > git for-each-ref --format=%(refname)%00%(upstream:short)%00%(objectname)%00%(upstream:track)%00%(upstream:remotename)%00%(upstream:remoteref) refs/heads/main refs/remotes/main [3ms]
2024-04-15 12:38:17.699 [info] > git status -z -uall [8ms]
