2024-04-15 07:40:12.834 [info] Log level: Info
2024-04-15 07:40:12.834 [info] Validating found git in: "git"
2024-04-15 07:40:12.834 [info] Using git "2.39.2" from "git"
2024-04-15 07:40:12.834 [info] > git rev-parse --show-toplevel [43ms]
2024-04-15 07:40:12.839 [info] > git rev-parse --git-dir --git-common-dir [5ms]
2024-04-15 07:40:12.862 [info] Open repository: /home/louis
2024-04-15 07:40:12.910 [info] > git config --get commit.template [24ms]
2024-04-15 07:40:12.958 [info] > git rev-parse --show-toplevel [54ms]
2024-04-15 07:40:12.983 [info] > git for-each-ref --format=%(refname)%00%(upstream:short)%00%(objectname)%00%(upstream:track)%00%(upstream:remotename)%00%(upstream:remoteref) refs/heads/main refs/remotes/main [34ms]
2024-04-15 07:40:13.022 [info] > git rev-parse --show-toplevel [41ms]
2024-04-15 07:40:13.078 [info] > git rev-parse --show-toplevel [21ms]
2024-04-15 07:40:13.163 [info] > git rev-parse --show-toplevel [7ms]
2024-04-15 07:40:13.193 [info] > git rev-parse --show-toplevel [8ms]
2024-04-15 07:40:13.253 [info] > git rev-parse --show-toplevel [12ms]
2024-04-15 07:40:13.278 [info] > git rev-parse --show-toplevel [4ms]
2024-04-15 07:40:13.301 [info] > git rev-parse --show-toplevel [6ms]
2024-04-15 07:40:13.342 [info] > git rev-parse --show-toplevel [3ms]
2024-04-15 07:40:13.391 [info] > git rev-parse --git-dir --git-common-dir [5ms]
2024-04-15 07:40:13.418 [info] Open repository: /home/louis/api_louis
2024-04-15 07:40:13.522 [info] > git config --get commit.template [61ms]
2024-04-15 07:40:13.523 [info] > git rev-parse --show-toplevel [13ms]
2024-04-15 07:40:13.565 [info] > git for-each-ref --format=%(refname)%00%(upstream:short)%00%(objectname)%00%(upstream:track)%00%(upstream:remotename)%00%(upstream:remoteref) refs/heads/main refs/remotes/main [23ms]
2024-04-15 07:40:13.591 [info] > git rev-parse --show-toplevel [27ms]
2024-04-15 07:40:13.672 [info] > git status -z -uall [83ms]
2024-04-15 07:40:13.755 [info] > git merge-base refs/heads/main refs/remotes/origin/main [46ms]
2024-04-15 07:40:13.851 [info] > git rev-list --count --left-right refs/heads/main...refs/remotes/origin/main [71ms]
2024-04-15 07:40:13.880 [info] > git config --get commit.template [125ms]
2024-04-15 07:40:13.897 [info] > git diff --name-status -z --diff-filter=ADMR 0dcaf4832d0ef5956626818c6faf388aa3445dee...refs/remotes/origin/main [18ms]
2024-04-15 07:40:13.910 [info] > git for-each-ref --format=%(refname)%00%(upstream:short)%00%(objectname)%00%(upstream:track)%00%(upstream:remotename)%00%(upstream:remoteref) refs/heads/main refs/remotes/main [13ms]
2024-04-15 07:40:13.935 [info] > git status -z -uall [11ms]
2024-04-15 07:40:17.676 [info] > git status -z -uall [4655ms] (cancelled)
2024-04-15 07:40:17.676 [info] > git merge-base refs/heads/main refs/remotes/origin/main [3397ms]
2024-04-15 07:40:17.795 [info] > git rev-list --count --left-right refs/heads/main...refs/remotes/origin/main [74ms]
2024-04-15 07:40:17.925 [info] > git config --get commit.template [269ms]
2024-04-15 07:40:19.178 [info] > git diff --name-status -z --diff-filter=ADMR 73978d91c7f16ccb3cd5807fd7b6f1aed709517e...refs/remotes/origin/main [1255ms]
2024-04-15 07:40:19.616 [info] > git for-each-ref --format=%(refname)%00%(upstream:short)%00%(objectname)%00%(upstream:track)%00%(upstream:remotename)%00%(upstream:remoteref) refs/heads/main refs/remotes/main [292ms]
2024-04-15 07:40:20.753 [info] > git check-ignore -v -z --stdin [1026ms]
2024-04-15 07:40:20.755 [info] > git check-ignore -v -z --stdin [951ms]
2024-04-15 07:40:25.262 [info] > git check-ignore -v -z --stdin [10ms]
2024-04-15 07:40:28.148 [info] > git show --textconv :ligue1-frontend/src/pages/Match/Match.js [712ms]
2024-04-15 07:40:28.148 [info] > git ls-files --stage -- /home/louis/ligue1-frontend/src/pages/Match/Match.js [679ms]
2024-04-15 07:40:36.526 [info] > git status -z -uall [16858ms] (cancelled)
2024-04-15 07:40:37.001 [info] > git check-ignore -v -z --stdin [84ms]
2024-04-15 07:40:37.003 [info] > git check-ignore -v -z --stdin [14ms]
2024-04-15 07:40:37.595 [info] > git show --textconv :ligue1-frontend/src/pages/Match/Match.css [255ms]
2024-04-15 07:40:37.596 [info] > git ls-files --stage -- /home/louis/ligue1-frontend/src/pages/Match/Match.css [207ms]
2024-04-15 07:40:38.105 [info] > git show --textconv :ligue1-frontend/src/pages/Match/Match.js [127ms]
2024-04-15 07:40:38.124 [info] > git ls-files --stage -- /home/louis/ligue1-frontend/src/pages/Match/Match.js [35ms]
2024-04-15 07:41:13.008 [info] > git check-ignore -v -z --stdin [2ms]
2024-04-15 07:41:15.556 [info] > git show --textconv :ligue1-frontend/src/pages/Equipe/Equipe.css [45ms]
2024-04-15 07:41:15.558 [info] > git ls-files --stage -- /home/louis/ligue1-frontend/src/pages/Equipe/Equipe.css [5ms]
2024-04-15 07:41:16.764 [info] > git show --textconv :ligue1-frontend/src/pages/Equipe/Equipe.js [44ms]
2024-04-15 07:41:16.764 [info] > git ls-files --stage -- /home/louis/ligue1-frontend/src/pages/Equipe/Equipe.js [4ms]
2024-04-15 07:41:32.278 [info] > git show --textconv :ligue1-frontend/src/index.js [127ms]
2024-04-15 07:41:32.283 [info] > git ls-files --stage -- /home/louis/ligue1-frontend/src/index.js [13ms]
2024-04-15 07:41:32.331 [info] > git cat-file -s d91c0a56a86400a841faf2a1e9eddfbfd6a04093 [6ms]
2024-04-15 07:41:38.567 [info] > git check-ignore -v -z --stdin [51ms]
2024-04-15 07:41:42.200 [info] > git check-ignore -v -z --stdin [3ms]
2024-04-15 07:41:44.561 [info] > git show --textconv :ligue1-frontend/src/pages/Equipe/Equipe.js [46ms]
2024-04-15 07:41:44.561 [info] > git ls-files --stage -- /home/louis/ligue1-frontend/src/pages/Equipe/Equipe.js [4ms]
2024-04-15 07:41:44.707 [info] > git check-ignore -v -z --stdin [2ms]
2024-04-15 07:42:57.202 [info] > git check-ignore -v -z --stdin [356ms]
2024-04-15 07:48:25.035 [info] > git show --textconv :ligue1-frontend/src/pages/Equipe/Equipe.css [113ms]
2024-04-15 07:48:25.044 [info] > git ls-files --stage -- /home/louis/ligue1-frontend/src/pages/Equipe/Equipe.css [39ms]
2024-04-15 07:49:03.659 [info] > git show --textconv :ligue1-frontend/src/pages/Equipe/Equipe.js [67ms]
2024-04-15 07:49:03.659 [info] > git ls-files --stage -- /home/louis/ligue1-frontend/src/pages/Equipe/Equipe.js [10ms]
2024-04-15 07:54:34.908 [info] > git show --textconv :ligue1-frontend/src/pages/Equipe/Equipe.css [66ms]
2024-04-15 07:54:34.911 [info] > git ls-files --stage -- /home/louis/ligue1-frontend/src/pages/Equipe/Equipe.css [5ms]
2024-04-15 07:55:34.451 [info] > git show --textconv :ligue1-frontend/src/pages/Equipe/Equipe.js [60ms]
2024-04-15 07:55:34.451 [info] > git ls-files --stage -- /home/louis/ligue1-frontend/src/pages/Equipe/Equipe.js [3ms]
2024-04-15 07:57:55.005 [info] > git merge-base refs/heads/main refs/remotes/origin/main [401ms]
2024-04-15 07:57:55.070 [info] > git merge-base refs/heads/main refs/remotes/origin/main [616ms]
2024-04-15 07:57:55.162 [info] > git rev-list --count --left-right refs/heads/main...refs/remotes/origin/main [90ms]
2024-04-15 07:57:55.165 [info] > git rev-list --count --left-right refs/heads/main...refs/remotes/origin/main [27ms]
2024-04-15 07:58:01.787 [info] > git check-ignore -v -z --stdin [27ms]
2024-04-15 07:58:59.074 [info] > git show --textconv :ligue1-frontend/src/pages/Equipe/Equipe.css [80ms]
2024-04-15 07:58:59.076 [info] > git ls-files --stage -- /home/louis/ligue1-frontend/src/pages/Equipe/Equipe.css [5ms]
2024-04-15 07:59:27.930 [info] > git show --textconv :ligue1-frontend/src/pages/Equipe/Equipe.js [64ms]
2024-04-15 07:59:27.934 [info] > git ls-files --stage -- /home/louis/ligue1-frontend/src/pages/Equipe/Equipe.js [13ms]
2024-04-15 08:03:17.891 [info] > git show --textconv :ligue1-frontend/src/pages/Match/Match.js [70ms]
2024-04-15 08:03:17.892 [info] > git ls-files --stage -- /home/louis/ligue1-frontend/src/pages/Match/Match.js [10ms]
2024-04-15 08:03:19.451 [info] > git show --textconv :ligue1-frontend/src/pages/Equipe/Equipe.js [67ms]
2024-04-15 08:03:19.467 [info] > git ls-files --stage -- /home/louis/ligue1-frontend/src/pages/Equipe/Equipe.js [24ms]
2024-04-15 08:06:54.479 [info] > git check-ignore -v -z --stdin [3ms]
2024-04-15 08:07:07.483 [info] > git check-ignore -v -z --stdin [9ms]
2024-04-15 08:07:08.974 [info] > git show --textconv :ligue1-frontend/src/pages/ShowEquipe/ShowEquipe.js [53ms]
2024-04-15 08:07:08.977 [info] > git ls-files --stage -- /home/louis/ligue1-frontend/src/pages/ShowEquipe/ShowEquipe.js [6ms]
2024-04-15 08:09:24.220 [info] > git show --textconv :ligue1-frontend/src/pages/Equipe/Equipe.js [61ms]
2024-04-15 08:09:24.220 [info] > git ls-files --stage -- /home/louis/ligue1-frontend/src/pages/Equipe/Equipe.js [4ms]
2024-04-15 08:10:20.307 [info] > git check-ignore -v -z --stdin [2ms]
2024-04-15 08:10:21.665 [info] > git show --textconv :ligue1-frontend/src/pages/Menu/Menu.js [49ms]
2024-04-15 08:10:21.665 [info] > git ls-files --stage -- /home/louis/ligue1-frontend/src/pages/Menu/Menu.js [5ms]
2024-04-15 08:13:57.855 [info] > git show --textconv :ligue1-frontend/src/pages/Equipe/Equipe.js [87ms]
2024-04-15 08:13:57.859 [info] > git ls-files --stage -- /home/louis/ligue1-frontend/src/pages/Equipe/Equipe.js [7ms]
2024-04-15 08:17:17.631 [info] > git show --textconv :ligue1-frontend/src/pages/Menu/Menu.js [48ms]
2024-04-15 08:17:17.638 [info] > git ls-files --stage -- /home/louis/ligue1-frontend/src/pages/Menu/Menu.js [9ms]
2024-04-15 08:18:34.426 [info] > git show --textconv :ligue1-frontend/src/pages/Equipe/Equipe.js [125ms]
2024-04-15 08:18:34.437 [info] > git ls-files --stage -- /home/louis/ligue1-frontend/src/pages/Equipe/Equipe.js [14ms]
2024-04-15 08:18:45.611 [info] > git show --textconv :ligue1-frontend/src/pages/ShowEquipe/ShowEquipe.js [45ms]
2024-04-15 08:18:45.625 [info] > git ls-files --stage -- /home/louis/ligue1-frontend/src/pages/ShowEquipe/ShowEquipe.js [17ms]
2024-04-15 08:18:53.532 [info] > git show --textconv :ligue1-frontend/src/pages/Equipe/Equipe.js [54ms]
2024-04-15 08:18:53.537 [info] > git ls-files --stage -- /home/louis/ligue1-frontend/src/pages/Equipe/Equipe.js [8ms]
2024-04-15 08:51:08.146 [info] > git show --textconv :ligue1-frontend/src/pages/ShowEquipe/ShowEquipe.js [55ms]
2024-04-15 08:51:08.161 [info] > git ls-files --stage -- /home/louis/ligue1-frontend/src/pages/ShowEquipe/ShowEquipe.js [16ms]
2024-04-15 09:01:07.536 [info] > git show --textconv :ligue1-frontend/src/pages/Equipe/Equipe.js [50ms]
2024-04-15 09:01:07.538 [info] > git ls-files --stage -- /home/louis/ligue1-frontend/src/pages/Equipe/Equipe.js [4ms]
2024-04-15 09:02:54.836 [info] > git show --textconv :ligue1-frontend/src/pages/ShowEquipe/ShowEquipe.js [63ms]
2024-04-15 09:02:54.836 [info] > git ls-files --stage -- /home/louis/ligue1-frontend/src/pages/ShowEquipe/ShowEquipe.js [6ms]
