0 verbose cli /usr/bin/node /usr/bin/npm
1 info using npm@9.2.0
2 info using node@v18.19.0
3 timing npm:load:whichnode Completed in 0ms
4 timing config:load:defaults Completed in 12ms
5 timing config:load:file:/usr/share/nodejs/npm/npmrc Completed in 15ms
6 timing config:load:builtin Completed in 15ms
7 timing config:load:cli Completed in 5ms
8 timing config:load:env Completed in 5ms
9 timing config:load:file:/home/louis/.cache/typescript/5.4/.npmrc Completed in 0ms
10 timing config:load:project Completed in 22ms
11 timing config:load:file:/home/louis/.npmrc Completed in 8ms
12 timing config:load:user Completed in 9ms
13 timing config:load:file:/etc/npmrc Completed in 9ms
14 timing config:load:global Completed in 9ms
15 timing config:load:setEnvs Completed in 2ms
16 timing config:load Completed in 79ms
17 timing npm:load:configload Completed in 79ms
18 timing npm:load:mkdirpcache Completed in 1ms
19 timing npm:load:mkdirplogs Completed in 0ms
20 verbose title npm install @types/enquire.js@ts5.4 @types/json2mq@ts5.4 @types/react-slick@ts5.4 @types/slick-carousel@ts5.4
21 verbose argv "install" "--ignore-scripts" "@types/enquire.js@ts5.4" "@types/json2mq@ts5.4" "@types/react-slick@ts5.4" "@types/slick-carousel@ts5.4" "--save-dev" "--user-agent" "typesInstaller/5.4.5"
22 timing npm:load:setTitle Completed in 4ms
23 timing config:load:flatten Completed in 26ms
24 timing npm:load:display Completed in 29ms
25 verbose logfile logs-max:10 dir:/home/louis/.npm/_logs/2024-04-23T13_53_44_625Z-
26 verbose logfile /home/louis/.npm/_logs/2024-04-23T13_53_44_625Z-debug-0.log
27 timing npm:load:logFile Completed in 59ms
28 timing npm:load:timers Completed in 0ms
29 timing npm:load:configScope Completed in 0ms
30 timing npm:load Completed in 184ms
31 silly logfile start cleaning logs, removing 1 files
32 timing config:load:flatten Completed in 1ms
33 timing arborist:ctor Completed in 2ms
34 silly logfile done cleaning log files
35 timing idealTree:init Completed in 136ms
36 timing arborist:ctor Completed in 0ms
37 http fetch GET 200 https://registry.npmjs.org/@types%2fjson2mq 1032ms (cache miss)
38 http fetch GET 200 https://registry.npmjs.org/@types%2fenquire.js 1055ms (cache miss)
39 http fetch GET 200 https://registry.npmjs.org/@types%2fslick-carousel 1062ms (cache miss)
40 http fetch GET 200 https://registry.npmjs.org/@types%2freact-slick 1065ms (cache miss)
41 timing idealTree:userRequests Completed in 1103ms
42 silly idealTree buildDeps
43 silly fetch manifest @types/json2mq@0.2.2
44 silly fetch manifest @types/enquire.js@2.1.5
45 silly fetch manifest @types/slick-carousel@1.6.40
46 silly fetch manifest @types/react-slick@0.23.13
47 silly placeDep ROOT @types/enquire.js@2.1.5 OK for:  want: 2.1.5
48 silly placeDep ROOT @types/json2mq@0.2.2 OK for:  want: 0.2.2
49 silly placeDep ROOT @types/react-slick@0.23.13 OK for:  want: 0.23.13
50 silly placeDep ROOT @types/slick-carousel@1.6.40 OK for:  want: 1.6.40
51 silly fetch manifest @types/jquery@*
52 http fetch GET 200 https://registry.npmjs.org/@types%2fjquery 110ms (cache miss)
53 timing idealTree:#root Completed in 177ms
54 timing idealTree:node_modules/@types/enquire.js Completed in 0ms
55 timing idealTree:node_modules/@types/json2mq Completed in 0ms
56 timing idealTree:node_modules/@types/react-slick Completed in 0ms
57 silly placeDep ROOT @types/jquery@3.5.29 OK for: @types/slick-carousel@1.6.40 want: *
58 silly fetch manifest @types/sizzle@*
59 http fetch GET 200 https://registry.npmjs.org/@types%2fsizzle 79ms (cache miss)
60 timing idealTree:node_modules/@types/slick-carousel Completed in 112ms
61 silly placeDep ROOT @types/sizzle@2.3.8 OK for: @types/jquery@3.5.29 want: *
62 timing idealTree:node_modules/@types/jquery Completed in 12ms
63 timing idealTree:node_modules/@types/sizzle Completed in 0ms
64 timing idealTree:buildDeps Completed in 307ms
65 timing idealTree:fixDepFlags Completed in 1ms
66 timing idealTree Completed in 1565ms
67 timing reify:loadTrees Completed in 1568ms
68 timing reify:diffTrees Completed in 5ms
69 silly reify moves {}
70 timing reify:retireShallow Completed in 10ms
71 timing reify:createSparse Completed in 5ms
72 timing reify:loadBundles Completed in 0ms
73 silly audit bulk request {
73 silly audit   '@types/node': [ '20.12.7' ],
73 silly audit   '@types/object-assign': [ '4.0.33' ],
73 silly audit   '@types/prop-types': [ '15.7.12' ],
73 silly audit   '@types/react': [ '18.2.78' ],
73 silly audit   '@types/react-bootstrap': [ '0.32.36' ],
73 silly audit   '@types/react-burger-menu': [ '2.8.7' ],
73 silly audit   '@types/react-dom': [ '18.2.25' ],
73 silly audit   '@types/react-helmet': [ '6.1.11' ],
73 silly audit   '@types/react-side-effect': [ '1.1.4' ],
73 silly audit   '@types/vscode': [ '1.88.0' ],
73 silly audit   csstype: [ '3.1.3' ],
73 silly audit   'types-registry': [ '0.1.684' ],
73 silly audit   'undici-types': [ '5.26.5' ],
73 silly audit   '@types/enquire.js': [ '2.1.5' ],
73 silly audit   '@types/json2mq': [ '0.2.2' ],
73 silly audit   '@types/react-slick': [ '0.23.13' ],
73 silly audit   '@types/slick-carousel': [ '1.6.40' ],
73 silly audit   '@types/jquery': [ '3.5.29' ],
73 silly audit   '@types/sizzle': [ '2.3.8' ]
73 silly audit }
74 silly tarball no local data for @types/sizzle@https://registry.npmjs.org/@types/sizzle/-/sizzle-2.3.8.tgz. Extracting by manifest.
75 silly tarball no local data for @types/jquery@https://registry.npmjs.org/@types/jquery/-/jquery-3.5.29.tgz. Extracting by manifest.
76 silly tarball no local data for @types/slick-carousel@https://registry.npmjs.org/@types/slick-carousel/-/slick-carousel-1.6.40.tgz. Extracting by manifest.
77 silly tarball no local data for @types/react-slick@https://registry.npmjs.org/@types/react-slick/-/react-slick-0.23.13.tgz. Extracting by manifest.
78 silly tarball no local data for @types/json2mq@https://registry.npmjs.org/@types/json2mq/-/json2mq-0.2.2.tgz. Extracting by manifest.
79 silly tarball no local data for @types/enquire.js@https://registry.npmjs.org/@types/enquire.js/-/enquire.js-2.1.5.tgz. Extracting by manifest.
80 http fetch GET 200 https://registry.npmjs.org/@types/sizzle/-/sizzle-2.3.8.tgz 98ms (cache miss)
81 timing reifyNode:node_modules/@types/sizzle Completed in 118ms
82 http fetch GET 200 https://registry.npmjs.org/@types/react-slick/-/react-slick-0.23.13.tgz 115ms (cache miss)
83 timing reifyNode:node_modules/@types/react-slick Completed in 143ms
84 http fetch GET 200 https://registry.npmjs.org/@types/jquery/-/jquery-3.5.29.tgz 196ms (cache miss)
85 timing reifyNode:node_modules/@types/jquery Completed in 218ms
86 http fetch POST 200 https://registry.npmjs.org/-/npm/v1/security/advisories/bulk 251ms
87 timing auditReport:getReport Completed in 259ms
88 silly audit report {}
89 timing auditReport:init Completed in 0ms
90 timing reify:audit Completed in 260ms
91 http fetch GET 200 https://registry.npmjs.org/@types/slick-carousel/-/slick-carousel-1.6.40.tgz 705ms (cache miss)
92 timing reifyNode:node_modules/@types/slick-carousel Completed in 729ms
93 http fetch GET 200 https://registry.npmjs.org/@types/enquire.js/-/enquire.js-2.1.5.tgz 774ms (cache miss)
94 timing reifyNode:node_modules/@types/enquire.js Completed in 807ms
95 http fetch GET 200 https://registry.npmjs.org/@types/json2mq/-/json2mq-0.2.2.tgz 794ms (cache miss)
96 timing reifyNode:node_modules/@types/json2mq Completed in 824ms
97 timing reify:unpack Completed in 826ms
98 timing reify:unretire Completed in 1ms
99 timing build:queue Completed in 2ms
100 timing build:deps Completed in 2ms
101 timing build Completed in 2ms
102 timing reify:build Completed in 3ms
103 timing reify:trash Completed in 0ms
104 timing reify:save Completed in 28ms
105 timing reify Completed in 2484ms
106 silly ADD node_modules/@types/sizzle
107 silly ADD node_modules/@types/jquery
108 silly ADD node_modules/@types/slick-carousel
109 silly ADD node_modules/@types/react-slick
110 silly ADD node_modules/@types/json2mq
111 silly ADD node_modules/@types/enquire.js
112 timing command:install Completed in 2499ms
113 verbose exit 0
114 timing npm Completed in 2739ms
115 info ok
