0 verbose cli /usr/bin/node /usr/bin/npm
1 info using npm@9.2.0
2 info using node@v18.19.0
3 timing npm:load:whichnode Completed in 1ms
4 timing config:load:defaults Completed in 4ms
5 timing config:load:file:/usr/share/nodejs/npm/npmrc Completed in 14ms
6 timing config:load:builtin Completed in 14ms
7 timing config:load:cli Completed in 4ms
8 timing config:load:env Completed in 1ms
9 timing config:load:file:/home/louis/.cache/typescript/5.4/.npmrc Completed in 0ms
10 timing config:load:project Completed in 6ms
11 timing config:load:file:/home/louis/.npmrc Completed in 0ms
12 timing config:load:user Completed in 1ms
13 timing config:load:file:/etc/npmrc Completed in 1ms
14 timing config:load:global Completed in 1ms
15 timing config:load:setEnvs Completed in 2ms
16 timing config:load Completed in 33ms
17 timing npm:load:configload Completed in 33ms
18 timing npm:load:mkdirpcache Completed in 0ms
19 timing npm:load:mkdirplogs Completed in 1ms
20 verbose title npm install types-registry@latest
21 verbose argv "install" "--ignore-scripts" "types-registry@latest"
22 timing npm:load:setTitle Completed in 3ms
23 timing config:load:flatten Completed in 7ms
24 timing npm:load:display Completed in 9ms
25 verbose logfile logs-max:10 dir:/home/louis/.npm/_logs/2024-04-24T12_04_36_252Z-
26 verbose logfile /home/louis/.npm/_logs/2024-04-24T12_04_36_252Z-debug-0.log
27 timing npm:load:logFile Completed in 21ms
28 timing npm:load:timers Completed in 0ms
29 timing npm:load:configScope Completed in 0ms
30 timing npm:load Completed in 69ms
31 silly logfile start cleaning logs, removing 1 files
32 timing config:load:flatten Completed in 2ms
33 timing arborist:ctor Completed in 2ms
34 silly logfile done cleaning log files
35 timing idealTree:init Completed in 68ms
36 timing arborist:ctor Completed in 0ms
37 http fetch GET 200 https://registry.npmjs.org/types-registry 250ms (cache revalidated)
38 timing idealTree:userRequests Completed in 271ms
39 silly idealTree buildDeps
40 silly fetch manifest types-registry@0.1.684
41 silly placeDep ROOT types-registry@0.1.684 REPLACE for:  want: 0.1.684
42 timing idealTree:#root Completed in 14ms
43 timing idealTree:node_modules/types-registry Completed in 0ms
44 timing idealTree:buildDeps Completed in 18ms
45 timing idealTree:fixDepFlags Completed in 1ms
46 timing idealTree Completed in 362ms
47 timing reify:loadTrees Completed in 365ms
48 timing reify:diffTrees Completed in 4ms
49 silly reify moves {}
50 timing reify:retireShallow Completed in 2ms
51 timing reify:createSparse Completed in 0ms
52 timing reify:loadBundles Completed in 0ms
53 silly audit bulk request {
53 silly audit   '@types/enquire.js': [ '2.1.5' ],
53 silly audit   '@types/jquery': [ '3.5.29' ],
53 silly audit   '@types/json2mq': [ '0.2.2' ],
53 silly audit   '@types/node': [ '20.12.7' ],
53 silly audit   '@types/object-assign': [ '4.0.33' ],
53 silly audit   '@types/prop-types': [ '15.7.12' ],
53 silly audit   '@types/react': [ '18.2.78' ],
53 silly audit   '@types/react-bootstrap': [ '0.32.36' ],
53 silly audit   '@types/react-burger-menu': [ '2.8.7' ],
53 silly audit   '@types/react-dom': [ '18.2.25' ],
53 silly audit   '@types/react-helmet': [ '6.1.11' ],
53 silly audit   '@types/react-side-effect': [ '1.1.4' ],
53 silly audit   '@types/react-slick': [ '0.23.13' ],
53 silly audit   '@types/sizzle': [ '2.3.8' ],
53 silly audit   '@types/slick-carousel': [ '1.6.40' ],
53 silly audit   '@types/vscode': [ '1.88.0' ],
53 silly audit   csstype: [ '3.1.3' ],
53 silly audit   'undici-types': [ '5.26.5' ],
53 silly audit   'types-registry': [ '0.1.684' ]
53 silly audit }
54 timing reify:unpack Completed in 0ms
55 timing reify:unretire Completed in 0ms
56 timing build:queue Completed in 0ms
57 timing build:deps Completed in 0ms
58 timing build Completed in 2ms
59 timing reify:build Completed in 2ms
60 timing reify:trash Completed in 0ms
61 timing reify:save Completed in 27ms
62 http fetch POST 200 https://registry.npmjs.org/-/npm/v1/security/advisories/bulk 203ms
63 timing auditReport:getReport Completed in 210ms
64 silly audit report {}
65 timing auditReport:init Completed in 0ms
66 timing reify:audit Completed in 212ms
67 timing reify Completed in 592ms
68 timing command:install Completed in 605ms
69 verbose exit 0
70 timing npm Completed in 722ms
71 info ok
