0 verbose cli /usr/bin/node /usr/bin/npm
1 info using npm@9.2.0
2 info using node@v18.19.0
3 timing npm:load:whichnode Completed in 1ms
4 timing config:load:defaults Completed in 4ms
5 timing config:load:file:/usr/share/nodejs/npm/npmrc Completed in 5ms
6 timing config:load:builtin Completed in 5ms
7 timing config:load:cli Completed in 3ms
8 timing config:load:env Completed in 0ms
9 timing config:load:file:/home/louis/ligue1-frontend/.npmrc Completed in 0ms
10 timing config:load:project Completed in 7ms
11 timing config:load:file:/home/louis/.npmrc Completed in 1ms
12 timing config:load:user Completed in 1ms
13 timing config:load:file:/etc/npmrc Completed in 0ms
14 timing config:load:global Completed in 0ms
15 timing config:load:setEnvs Completed in 2ms
16 timing config:load Completed in 25ms
17 timing npm:load:configload Completed in 25ms
18 timing npm:load:mkdirpcache Completed in 0ms
19 timing npm:load:mkdirplogs Completed in 1ms
20 verbose title npm install react-slick slick-carousel
21 verbose argv "install" "react-slick" "slick-carousel"
22 timing npm:load:setTitle Completed in 3ms
23 timing config:load:flatten Completed in 7ms
24 timing npm:load:display Completed in 9ms
25 verbose logfile logs-max:10 dir:/home/louis/.npm/_logs/2024-04-23T13_52_34_507Z-
26 verbose logfile /home/louis/.npm/_logs/2024-04-23T13_52_34_507Z-debug-0.log
27 timing npm:load:logFile Completed in 10ms
28 timing npm:load:timers Completed in 0ms
29 timing npm:load:configScope Completed in 0ms
30 timing npm:load Completed in 49ms
31 silly logfile start cleaning logs, removing 1 files
32 timing config:load:flatten Completed in 2ms
33 timing arborist:ctor Completed in 1ms
34 silly logfile done cleaning log files
35 timing idealTree:init Completed in 2696ms
36 timing idealTree:userRequests Completed in 10ms
37 silly idealTree buildDeps
38 silly fetch manifest react-slick@*
39 timing arborist:ctor Completed in 0ms
40 http fetch GET 200 https://registry.npmjs.org/react-slick 2866ms (cache miss)
41 silly fetch manifest react@^18.2.0
42 http fetch GET 200 https://registry.npmjs.org/react 63ms (cache revalidated)
43 silly fetch manifest react-dom@^18.2.0
44 http fetch GET 200 https://registry.npmjs.org/react-dom 152ms (cache updated)
45 silly fetch manifest slick-carousel@*
46 http fetch GET 200 https://registry.npmjs.org/slick-carousel 66ms (cache miss)
47 silly fetch manifest jquery@>=1.8.0
48 http fetch GET 200 https://registry.npmjs.org/jquery 39ms (cache miss)
49 silly placeDep ROOT react-slick@0.30.2 OK for: ligue1-frontend@0.1.0 want: *
50 silly placeDep ROOT slick-carousel@1.8.1 OK for: ligue1-frontend@0.1.0 want: *
51 silly placeDep ROOT jquery@3.7.1 OK for: slick-carousel@1.8.1 want: >=1.8.0
52 silly fetch manifest enquire.js@^2.1.6
53 silly fetch manifest json2mq@^0.2.0
54 silly fetch manifest resize-observer-polyfill@^1.5.0
55 http fetch GET 200 https://registry.npmjs.org/json2mq 64ms (cache miss)
56 http fetch GET 200 https://registry.npmjs.org/enquire.js 84ms (cache miss)
57 http fetch GET 200 https://registry.npmjs.org/resize-observer-polyfill 88ms (cache miss)
58 timing idealTree:#root Completed in 3415ms
59 timing idealTree:node_modules/jquery Completed in 0ms
60 silly placeDep ROOT enquire.js@2.1.6 OK for: react-slick@0.30.2 want: ^2.1.6
61 silly placeDep ROOT json2mq@0.2.0 OK for: react-slick@0.30.2 want: ^0.2.0
62 silly placeDep ROOT resize-observer-polyfill@1.5.1 OK for: react-slick@0.30.2 want: ^1.5.0
63 silly fetch manifest string-convert@^0.2.0
64 http fetch GET 200 https://registry.npmjs.org/string-convert 40ms (cache miss)
65 timing idealTree:node_modules/react-slick Completed in 57ms
66 timing idealTree:node_modules/enquire.js Completed in 0ms
67 silly placeDep ROOT string-convert@0.2.1 OK for: json2mq@0.2.0 want: ^0.2.0
68 timing idealTree:node_modules/json2mq Completed in 5ms
69 timing idealTree:node_modules/resize-observer-polyfill Completed in 0ms
70 timing idealTree:node_modules/slick-carousel Completed in 0ms
71 timing idealTree:node_modules/string-convert Completed in 0ms
72 timing idealTree:buildDeps Completed in 3483ms
73 timing idealTree:fixDepFlags Completed in 81ms
74 timing idealTree Completed in 6310ms
75 timing reify:loadTrees Completed in 6313ms
76 timing reify:diffTrees Completed in 326ms
77 silly reify moves {}
78 timing reify:retireShallow Completed in 2ms
79 timing reify:createSparse Completed in 6ms
80 timing reify:loadBundles Completed in 0ms
81 silly audit bulk request {
81 silly audit   '@aashutoshrathi/word-wrap': [ '1.2.6' ],
81 silly audit   '@adobe/css-tools': [ '4.3.2' ],
81 silly audit   '@alloc/quick-lru': [ '5.2.0' ],
81 silly audit   '@ampproject/remapping': [ '2.2.1' ],
81 silly audit   '@babel/code-frame': [ '7.23.5' ],
81 silly audit   '@babel/compat-data': [ '7.23.5' ],
81 silly audit   '@babel/core': [ '7.23.7' ],
81 silly audit   semver: [ '6.3.1', '7.5.4', '7.6.0' ],
81 silly audit   '@babel/eslint-parser': [ '7.23.3' ],
81 silly audit   'eslint-visitor-keys': [ '2.1.0', '3.4.3' ],
81 silly audit   '@babel/generator': [ '7.23.6' ],
81 silly audit   '@babel/helper-annotate-as-pure': [ '7.22.5' ],
81 silly audit   '@babel/helper-builder-binary-assignment-operator-visitor': [ '7.22.15' ],
81 silly audit   '@babel/helper-compilation-targets': [ '7.23.6' ],
81 silly audit   '@babel/helper-create-class-features-plugin': [ '7.23.7' ],
81 silly audit   '@babel/helper-create-regexp-features-plugin': [ '7.22.15' ],
81 silly audit   '@babel/helper-define-polyfill-provider': [ '0.4.4' ],
81 silly audit   '@babel/helper-environment-visitor': [ '7.22.20' ],
81 silly audit   '@babel/helper-function-name': [ '7.23.0' ],
81 silly audit   '@babel/helper-hoist-variables': [ '7.22.5' ],
81 silly audit   '@babel/helper-member-expression-to-functions': [ '7.23.0' ],
81 silly audit   '@babel/helper-module-imports': [ '7.22.15' ],
81 silly audit   '@babel/helper-module-transforms': [ '7.23.3' ],
81 silly audit   '@babel/helper-optimise-call-expression': [ '7.22.5' ],
81 silly audit   '@babel/helper-plugin-utils': [ '7.22.5' ],
81 silly audit   '@babel/helper-remap-async-to-generator': [ '7.22.20' ],
81 silly audit   '@babel/helper-replace-supers': [ '7.22.20' ],
81 silly audit   '@babel/helper-simple-access': [ '7.22.5' ],
81 silly audit   '@babel/helper-skip-transparent-expression-wrappers': [ '7.22.5' ],
81 silly audit   '@babel/helper-split-export-declaration': [ '7.22.6' ],
81 silly audit   '@babel/helper-string-parser': [ '7.23.4' ],
81 silly audit   '@babel/helper-validator-identifier': [ '7.22.20' ],
81 silly audit   '@babel/helper-validator-option': [ '7.23.5' ],
81 silly audit   '@babel/helper-wrap-function': [ '7.22.20' ],
81 silly audit   '@babel/helpers': [ '7.23.8' ],
81 silly audit   '@babel/highlight': [ '7.23.4' ],
81 silly audit   '@babel/parser': [ '7.23.6' ],
81 silly audit   '@babel/plugin-bugfix-safari-id-destructuring-collision-in-function-expression': [ '7.23.3' ],
81 silly audit   '@babel/plugin-bugfix-v8-spread-parameters-in-optional-chaining': [ '7.23.3' ],
81 silly audit   '@babel/plugin-bugfix-v8-static-class-fields-redefine-readonly': [ '7.23.7' ],
81 silly audit   '@babel/plugin-proposal-class-properties': [ '7.18.6' ],
81 silly audit   '@babel/plugin-proposal-decorators': [ '7.23.7' ],
81 silly audit   '@babel/plugin-proposal-nullish-coalescing-operator': [ '7.18.6' ],
81 silly audit   '@babel/plugin-proposal-numeric-separator': [ '7.18.6' ],
81 silly audit   '@babel/plugin-proposal-optional-chaining': [ '7.21.0' ],
81 silly audit   '@babel/plugin-proposal-private-methods': [ '7.18.6' ],
81 silly audit   '@babel/plugin-proposal-private-property-in-object': [ '7.21.0-placeholder-for-preset-env.2' ],
81 silly audit   '@babel/plugin-syntax-async-generators': [ '7.8.4' ],
81 silly audit   '@babel/plugin-syntax-bigint': [ '7.8.3' ],
81 silly audit   '@babel/plugin-syntax-class-properties': [ '7.12.13' ],
81 silly audit   '@babel/plugin-syntax-class-static-block': [ '7.14.5' ],
81 silly audit   '@babel/plugin-syntax-decorators': [ '7.23.3' ],
81 silly audit   '@babel/plugin-syntax-dynamic-import': [ '7.8.3' ],
81 silly audit   '@babel/plugin-syntax-export-namespace-from': [ '7.8.3' ],
81 silly audit   '@babel/plugin-syntax-flow': [ '7.23.3' ],
81 silly audit   '@babel/plugin-syntax-import-assertions': [ '7.23.3' ],
81 silly audit   '@babel/plugin-syntax-import-attributes': [ '7.23.3' ],
81 silly audit   '@babel/plugin-syntax-import-meta': [ '7.10.4' ],
81 silly audit   '@babel/plugin-syntax-json-strings': [ '7.8.3' ],
81 silly audit   '@babel/plugin-syntax-jsx': [ '7.23.3' ],
81 silly audit   '@babel/plugin-syntax-logical-assignment-operators': [ '7.10.4' ],
81 silly audit   '@babel/plugin-syntax-nullish-coalescing-operator': [ '7.8.3' ],
81 silly audit   '@babel/plugin-syntax-numeric-separator': [ '7.10.4' ],
81 silly audit   '@babel/plugin-syntax-object-rest-spread': [ '7.8.3' ],
81 silly audit   '@babel/plugin-syntax-optional-catch-binding': [ '7.8.3' ],
81 silly audit   '@babel/plugin-syntax-optional-chaining': [ '7.8.3' ],
81 silly audit   '@babel/plugin-syntax-private-property-in-object': [ '7.14.5' ],
81 silly audit   '@babel/plugin-syntax-top-level-await': [ '7.14.5' ],
81 silly audit   '@babel/plugin-syntax-typescript': [ '7.23.3' ],
81 silly audit   '@babel/plugin-syntax-unicode-sets-regex': [ '7.18.6' ],
81 silly audit   '@babel/plugin-transform-arrow-functions': [ '7.23.3' ],
81 silly audit   '@babel/plugin-transform-async-generator-functions': [ '7.23.7' ],
81 silly audit   '@babel/plugin-transform-async-to-generator': [ '7.23.3' ],
81 silly audit   '@babel/plugin-transform-block-scoped-functions': [ '7.23.3' ],
81 silly audit   '@babel/plugin-transform-block-scoping': [ '7.23.4' ],
81 silly audit   '@babel/plugin-transform-class-properties': [ '7.23.3' ],
81 silly audit   '@babel/plugin-transform-class-static-block': [ '7.23.4' ],
81 silly audit   '@babel/plugin-transform-classes': [ '7.23.8' ],
81 silly audit   '@babel/plugin-transform-computed-properties': [ '7.23.3' ],
81 silly audit   '@babel/plugin-transform-destructuring': [ '7.23.3' ],
81 silly audit   '@babel/plugin-transform-dotall-regex': [ '7.23.3' ],
81 silly audit   '@babel/plugin-transform-duplicate-keys': [ '7.23.3' ],
81 silly audit   '@babel/plugin-transform-dynamic-import': [ '7.23.4' ],
81 silly audit   '@babel/plugin-transform-exponentiation-operator': [ '7.23.3' ],
81 silly audit   '@babel/plugin-transform-export-namespace-from': [ '7.23.4' ],
81 silly audit   '@babel/plugin-transform-flow-strip-types': [ '7.23.3' ],
81 silly audit   '@babel/plugin-transform-for-of': [ '7.23.6' ],
81 silly audit   '@babel/plugin-transform-function-name': [ '7.23.3' ],
81 silly audit   '@babel/plugin-transform-json-strings': [ '7.23.4' ],
81 silly audit   '@babel/plugin-transform-literals': [ '7.23.3' ],
81 silly audit   '@babel/plugin-transform-logical-assignment-operators': [ '7.23.4' ],
81 silly audit   '@babel/plugin-transform-member-expression-literals': [ '7.23.3' ],
81 silly audit   '@babel/plugin-transform-modules-amd': [ '7.23.3' ],
81 silly audit   '@babel/plugin-transform-modules-commonjs': [ '7.23.3' ],
81 silly audit   '@babel/plugin-transform-modules-systemjs': [ '7.23.3' ],
81 silly audit   '@babel/plugin-transform-modules-umd': [ '7.23.3' ],
81 silly audit   '@babel/plugin-transform-named-capturing-groups-regex': [ '7.22.5' ],
81 silly audit   '@babel/plugin-transform-new-target': [ '7.23.3' ],
81 silly audit   '@babel/plugin-transform-nullish-coalescing-operator': [ '7.23.4' ],
81 silly audit   '@babel/plugin-transform-numeric-separator': [ '7.23.4' ],
81 silly audit   '@babel/plugin-transform-object-rest-spread': [ '7.23.4' ],
81 silly audit   '@babel/plugin-transform-object-super': [ '7.23.3' ],
81 silly audit   '@babel/plugin-transform-optional-catch-binding': [ '7.23.4' ],
81 silly audit   '@babel/plugin-transform-optional-chaining': [ '7.23.4' ],
81 silly audit   '@babel/plugin-transform-parameters': [ '7.23.3' ],
81 silly audit   '@babel/plugin-transform-private-methods': [ '7.23.3' ],
81 silly audit   '@babel/plugin-transform-private-property-in-object': [ '7.23.4' ],
81 silly audit   '@babel/plugin-transform-property-literals': [ '7.23.3' ],
81 silly audit   '@babel/plugin-transform-react-constant-elements': [ '7.23.3' ],
81 silly audit   '@babel/plugin-transform-react-display-name': [ '7.23.3' ],
81 silly audit   '@babel/plugin-transform-react-jsx': [ '7.23.4' ],
81 silly audit   '@babel/plugin-transform-react-jsx-development': [ '7.22.5' ],
81 silly audit   '@babel/plugin-transform-react-pure-annotations': [ '7.23.3' ],
81 silly audit   '@babel/plugin-transform-regenerator': [ '7.23.3' ],
81 silly audit   '@babel/plugin-transform-reserved-words': [ '7.23.3' ],
81 silly audit   '@babel/plugin-transform-runtime': [ '7.23.7' ],
81 silly audit   '@babel/plugin-transform-shorthand-properties': [ '7.23.3' ],
81 silly audit   '@babel/plugin-transform-spread': [ '7.23.3' ],
81 silly audit   '@babel/plugin-transform-sticky-regex': [ '7.23.3' ],
81 silly audit   '@babel/plugin-transform-template-literals': [ '7.23.3' ],
81 silly audit   '@babel/plugin-transform-typeof-symbol': [ '7.23.3' ],
81 silly audit   '@babel/plugin-transform-typescript': [ '7.23.6' ],
81 silly audit   '@babel/plugin-transform-unicode-escapes': [ '7.23.3' ],
81 silly audit   '@babel/plugin-transform-unicode-property-regex': [ '7.23.3' ],
81 silly audit   '@babel/plugin-transform-unicode-regex': [ '7.23.3' ],
81 silly audit   '@babel/plugin-transform-unicode-sets-regex': [ '7.23.3' ],
81 silly audit   '@babel/preset-env': [ '7.23.8' ],
81 silly audit   '@babel/preset-modules': [ '0.1.6-no-external-plugins' ],
81 silly audit   '@babel/preset-react': [ '7.23.3' ],
81 silly audit   '@babel/preset-typescript': [ '7.23.3' ],
81 silly audit   '@babel/regjsgen': [ '0.8.0' ],
81 silly audit   '@babel/runtime': [ '7.23.8' ],
81 silly audit   '@babel/template': [ '7.22.15' ],
81 silly audit   '@babel/traverse': [ '7.23.7' ],
81 silly audit   '@babel/types': [ '7.23.6' ],
81 silly audit   '@bcoe/v8-coverage': [ '0.2.3' ],
81 silly audit   '@csstools/normalize.css': [ '12.1.1' ],
81 silly audit   '@csstools/postcss-cascade-layers': [ '1.1.1' ],
81 silly audit   '@csstools/postcss-color-function': [ '1.1.1' ],
81 silly audit   '@csstools/postcss-font-format-keywords': [ '1.0.1' ],
81 silly audit   '@csstools/postcss-hwb-function': [ '1.0.2' ],
81 silly audit   '@csstools/postcss-ic-unit': [ '1.0.1' ],
81 silly audit   '@csstools/postcss-is-pseudo-class': [ '2.0.7' ],
81 silly audit   '@csstools/postcss-nested-calc': [ '1.0.0' ],
81 silly audit   '@csstools/postcss-normalize-display-values': [ '1.0.1' ],
81 silly audit   '@csstools/postcss-oklab-function': [ '1.1.1' ],
81 silly audit   '@csstools/postcss-progressive-custom-properties': [ '1.3.0' ],
81 silly audit   '@csstools/postcss-stepped-value-functions': [ '1.0.1' ],
81 silly audit   '@csstools/postcss-text-decoration-shorthand': [ '1.0.0' ],
81 silly audit   '@csstools/postcss-trigonometric-functions': [ '1.0.2' ],
81 silly audit   '@csstools/postcss-unset-value': [ '1.0.2' ],
81 silly audit   '@csstools/selector-specificity': [ '2.2.0' ],
81 silly audit   '@eslint-community/eslint-utils': [ '4.4.0' ],
81 silly audit   '@eslint-community/regexpp': [ '4.10.0' ],
81 silly audit   '@eslint/eslintrc': [ '2.1.4' ],
81 silly audit   argparse: [ '2.0.1', '1.0.10' ],
81 silly audit   globals: [ '13.24.0', '11.12.0' ],
81 silly audit   'js-yaml': [ '4.1.0', '3.14.1' ],
81 silly audit   'type-fest': [ '0.20.2', '0.16.0', '0.21.3' ],
81 silly audit   '@eslint/js': [ '8.56.0' ],
81 silly audit   '@humanwhocodes/config-array': [ '0.11.13' ],
81 silly audit   '@humanwhocodes/module-importer': [ '1.0.1' ],
81 silly audit   '@humanwhocodes/object-schema': [ '2.0.1' ],
81 silly audit   '@isaacs/cliui': [ '8.0.2' ],
81 silly audit   'ansi-regex': [ '6.0.1', '5.0.1' ],
81 silly audit   'ansi-styles': [ '6.2.1', '4.3.0', '5.2.0', '3.2.1' ],
81 silly audit   'string-width': [ '5.1.2', '4.2.3' ],
81 silly audit   'strip-ansi': [ '7.1.0', '6.0.1' ],
81 silly audit   'wrap-ansi': [ '8.1.0', '7.0.0' ],
81 silly audit   '@istanbuljs/load-nyc-config': [ '1.1.0' ],
81 silly audit   camelcase: [ '5.3.1', '6.3.0' ],
81 silly audit   'find-up': [ '4.1.0', '5.0.0', '3.0.0' ],
81 silly audit   'locate-path': [ '5.0.0', '6.0.0', '3.0.0' ],
81 silly audit   'p-limit': [ '2.3.0', '3.1.0' ],
81 silly audit   'p-locate': [ '4.1.0', '5.0.0', '3.0.0' ],
81 silly audit   '@istanbuljs/schema': [ '0.1.3' ],
81 silly audit   '@jest/console': [ '27.5.1', '28.1.3' ],
81 silly audit   chalk: [ '4.1.2', '3.0.0', '2.4.2', '5.3.0' ],
81 silly audit   'color-convert': [ '2.0.1', '1.9.3' ],
81 silly audit   'color-name': [ '1.1.4', '1.1.3' ],
81 silly audit   'has-flag': [ '4.0.0', '3.0.0' ],
81 silly audit   'supports-color': [ '7.2.0', '8.1.1', '5.5.0', '9.4.0' ],
81 silly audit   '@jest/core': [ '27.5.1' ],
81 silly audit   '@jest/environment': [ '27.5.1' ],
81 silly audit   '@jest/expect-utils': [ '29.7.0' ],
81 silly audit   'jest-get-type': [ '29.6.3', '27.5.1' ],
81 silly audit   '@jest/fake-timers': [ '27.5.1' ],
81 silly audit   '@jest/globals': [ '27.5.1' ],
81 silly audit   '@jest/reporters': [ '27.5.1' ],
81 silly audit   'source-map': [ '0.6.1', '0.1.43', '0.7.4', '0.8.0-beta.0' ],
81 silly audit   '@jest/schemas': [ '28.1.3', '29.6.3' ],
81 silly audit   '@jest/source-map': [ '27.5.1' ],
81 silly audit   '@jest/test-result': [ '27.5.1', '28.1.3' ],
81 silly audit   '@jest/test-sequencer': [ '27.5.1' ],
81 silly audit   '@jest/transform': [ '27.5.1' ],
81 silly audit   'convert-source-map': [ '1.9.0', '2.0.0' ],
81 silly audit   '@jest/types': [ '27.5.1', '29.6.3', '28.1.3' ],
81 silly audit   '@jridgewell/gen-mapping': [ '0.3.3' ],
81 silly audit   '@jridgewell/resolve-uri': [ '3.1.1' ],
81 silly audit   '@jridgewell/set-array': [ '1.1.2' ],
81 silly audit   '@jridgewell/source-map': [ '0.3.5' ],
81 silly audit   '@jridgewell/sourcemap-codec': [ '1.4.15' ],
81 silly audit   '@jridgewell/trace-mapping': [ '0.3.20' ],
81 silly audit   '@leichtgewicht/ip-codec': [ '2.0.4' ],
81 silly audit   '@nicolo-ribaudo/eslint-scope-5-internals': [ '5.1.1-v1' ],
81 silly audit   'eslint-scope': [ '5.1.1', '7.2.2' ],
81 silly audit   estraverse: [ '4.3.0', '1.5.1', '5.3.0' ],
81 silly audit   '@nodelib/fs.scandir': [ '2.1.5' ],
81 silly audit   '@nodelib/fs.stat': [ '2.0.5' ],
81 silly audit   '@nodelib/fs.walk': [ '1.2.8' ],
81 silly audit   '@pkgjs/parseargs': [ '0.11.0' ],
81 silly audit   '@pmmmwh/react-refresh-webpack-plugin': [ '0.5.11' ],
81 silly audit   '@popperjs/core': [ '2.11.8' ],
81 silly audit   '@react-aria/ssr': [ '3.9.1' ],
81 silly audit   '@remix-run/router': [ '1.15.1' ],
81 silly audit   '@restart/hooks': [ '0.4.15' ],
81 silly audit   '@restart/ui': [ '1.6.6' ],
81 silly audit   uncontrollable: [ '8.0.4', '7.2.1' ],
81 silly audit   '@rollup/plugin-babel': [ '5.3.1' ],
81 silly audit   '@rollup/plugin-node-resolve': [ '11.2.1' ],
81 silly audit   '@rollup/plugin-replace': [ '2.4.2' ],
81 silly audit   '@rollup/pluginutils': [ '3.1.0' ],
81 silly audit   '@types/estree': [ '0.0.39', '1.0.5' ],
81 silly audit   '@rushstack/eslint-patch': [ '1.6.1' ],
81 silly audit   '@sinclair/typebox': [ '0.24.51', '0.27.8' ],
81 silly audit   '@sinonjs/commons': [ '1.8.6' ],
81 silly audit   '@sinonjs/fake-timers': [ '8.1.0' ],
81 silly audit   '@surma/rollup-plugin-off-main-thread': [ '2.2.3' ],
81 silly audit   '@svgr/babel-plugin-add-jsx-attribute': [ '5.4.0' ],
81 silly audit   '@svgr/babel-plugin-remove-jsx-attribute': [ '5.4.0' ],
81 silly audit   '@svgr/babel-plugin-remove-jsx-empty-expression': [ '5.0.1' ],
81 silly audit   '@svgr/babel-plugin-replace-jsx-attribute-value': [ '5.0.1' ],
81 silly audit   '@svgr/babel-plugin-svg-dynamic-title': [ '5.4.0' ],
81 silly audit   '@svgr/babel-plugin-svg-em-dimensions': [ '5.4.0' ],
81 silly audit   '@svgr/babel-plugin-transform-react-native-svg': [ '5.4.0' ],
81 silly audit   '@svgr/babel-plugin-transform-svg-component': [ '5.5.0' ],
81 silly audit   '@svgr/babel-preset': [ '5.5.0' ],
81 silly audit   '@svgr/core': [ '5.5.0' ],
81 silly audit   '@svgr/hast-util-to-babel-ast': [ '5.5.0' ],
81 silly audit   '@svgr/plugin-jsx': [ '5.5.0' ],
81 silly audit   '@svgr/plugin-svgo': [ '5.5.0' ],
81 silly audit   '@svgr/webpack': [ '5.5.0' ],
81 silly audit   '@swc/helpers': [ '0.5.3' ],
81 silly audit   '@testing-library/dom': [ '9.3.4', '8.20.1' ],
81 silly audit   'aria-query': [ '5.1.3', '5.3.0' ],
81 silly audit   '@testing-library/jest-dom': [ '5.17.0' ],
81 silly audit   '@testing-library/react': [ '13.4.0' ],
81 silly audit   '@testing-library/user-event': [ '13.5.0' ],
81 silly audit   '@tootallnate/once': [ '1.1.2' ],
81 silly audit   '@trysound/sax': [ '0.2.0' ],
81 silly audit   '@types/aria-query': [ '5.0.4' ],
81 silly audit   '@types/babel__core': [ '7.20.5' ],
81 silly audit   '@types/babel__generator': [ '7.6.8' ],
81 silly audit   '@types/babel__template': [ '7.4.4' ],
81 silly audit   '@types/babel__traverse': [ '7.20.5' ],
81 silly audit   '@types/body-parser': [ '1.19.5' ],
81 silly audit   '@types/bonjour': [ '3.5.13' ],
81 silly audit   '@types/connect': [ '3.4.38' ],
81 silly audit   '@types/connect-history-api-fallback': [ '1.5.4' ],
81 silly audit   '@types/eslint': [ '8.56.1' ],
81 silly audit   '@types/eslint-scope': [ '3.7.7' ],
81 silly audit   '@types/express': [ '4.17.21' ],
81 silly audit   '@types/express-serve-static-core': [ '4.17.41' ],
81 silly audit   '@types/graceful-fs': [ '4.1.9' ],
81 silly audit   '@types/html-minifier-terser': [ '6.1.0' ],
81 silly audit   '@types/http-errors': [ '2.0.4' ],
81 silly audit   '@types/http-proxy': [ '1.17.14' ],
81 silly audit   '@types/istanbul-lib-coverage': [ '2.0.6' ],
81 silly audit   '@types/istanbul-lib-report': [ '3.0.3' ],
81 silly audit   '@types/istanbul-reports': [ '3.0.4' ],
81 silly audit   '@types/jest': [ '29.5.11' ],
81 silly audit   '@types/yargs': [ '17.0.32', '16.0.9' ],
81 silly audit   'diff-sequences': [ '29.6.3', '27.5.1' ],
81 silly audit   expect: [ '29.7.0', '27.5.1' ],
81 silly audit   'jest-diff': [ '29.7.0', '27.5.1' ],
81 silly audit   'jest-matcher-utils': [ '29.7.0', '27.5.1' ],
81 silly audit   'jest-message-util': [ '29.7.0', '27.5.1', '28.1.3' ],
81 silly audit   'jest-util': [ '29.7.0', '27.5.1', '28.1.3' ],
81 silly audit   'pretty-format': [ '29.7.0', '28.1.3', '27.5.1' ],
81 silly audit   'react-is': [ '18.2.0', '16.13.1', '17.0.2' ],
81 silly audit   '@types/json-schema': [ '7.0.15' ],
81 silly audit   '@types/json5': [ '0.0.29' ],
81 silly audit   '@types/mime': [ '1.3.5' ],
81 silly audit   '@types/node': [ '20.10.7' ],
81 silly audit   '@types/node-forge': [ '1.3.11' ],
81 silly audit   '@types/parse-json': [ '4.0.2' ],
81 silly audit   '@types/prettier': [ '2.7.3' ],
81 silly audit   '@types/prop-types': [ '15.7.11' ],
81 silly audit   '@types/q': [ '1.5.8' ],
81 silly audit   '@types/qs': [ '6.9.11' ],
81 silly audit   '@types/range-parser': [ '1.2.7' ],
81 silly audit   '@types/react': [ '18.2.47' ],
81 silly audit   '@types/react-dom': [ '18.2.18' ],
81 silly audit   '@types/react-transition-group': [ '4.4.10' ],
81 silly audit   '@types/resolve': [ '1.17.1' ],
81 silly audit   '@types/retry': [ '0.12.0' ],
81 silly audit   '@types/scheduler': [ '0.16.8' ],
81 silly audit   '@types/semver': [ '7.5.6' ],
81 silly audit   '@types/send': [ '0.17.4' ],
81 silly audit   '@types/serve-index': [ '1.9.4' ],
81 silly audit   '@types/serve-static': [ '1.15.5' ],
81 silly audit   '@types/sockjs': [ '0.3.36' ],
81 silly audit   '@types/stack-utils': [ '2.0.3' ],
81 silly audit   '@types/testing-library__jest-dom': [ '5.14.9' ],
81 silly audit   '@types/trusted-types': [ '2.0.7' ],
81 silly audit   '@types/warning': [ '3.0.3' ],
81 silly audit   '@types/ws': [ '8.5.10' ],
81 silly audit   '@types/yargs-parser': [ '21.0.3' ],
81 silly audit   '@typescript-eslint/eslint-plugin': [ '5.62.0' ],
81 silly audit   '@typescript-eslint/experimental-utils': [ '5.62.0' ],
81 silly audit   '@typescript-eslint/parser': [ '5.62.0' ],
81 silly audit   '@typescript-eslint/scope-manager': [ '5.62.0' ],
81 silly audit   '@typescript-eslint/type-utils': [ '5.62.0' ],
81 silly audit   '@typescript-eslint/types': [ '5.62.0' ],
81 silly audit   '@typescript-eslint/typescript-estree': [ '5.62.0' ],
81 silly audit   '@typescript-eslint/utils': [ '5.62.0' ],
81 silly audit   '@typescript-eslint/visitor-keys': [ '5.62.0' ],
81 silly audit   '@ungap/structured-clone': [ '1.2.0' ],
81 silly audit   '@webassemblyjs/ast': [ '1.11.6' ],
81 silly audit   '@webassemblyjs/floating-point-hex-parser': [ '1.11.6' ],
81 silly audit   '@webassemblyjs/helper-api-error': [ '1.11.6' ],
81 silly audit   '@webassemblyjs/helper-buffer': [ '1.11.6' ],
81 silly audit   '@webassemblyjs/helper-numbers': [ '1.11.6' ],
81 silly audit   '@webassemblyjs/helper-wasm-bytecode': [ '1.11.6' ],
81 silly audit   '@webassemblyjs/helper-wasm-section': [ '1.11.6' ],
81 silly audit   '@webassemblyjs/ieee754': [ '1.11.6' ],
81 silly audit   '@webassemblyjs/leb128': [ '1.11.6' ],
81 silly audit   '@webassemblyjs/utf8': [ '1.11.6' ],
81 silly audit   '@webassemblyjs/wasm-edit': [ '1.11.6' ],
81 silly audit   '@webassemblyjs/wasm-gen': [ '1.11.6' ],
81 silly audit   '@webassemblyjs/wasm-opt': [ '1.11.6' ],
81 silly audit   '@webassemblyjs/wasm-parser': [ '1.11.6' ],
81 silly audit   '@webassemblyjs/wast-printer': [ '1.11.6' ],
81 silly audit   '@xtuc/ieee754': [ '1.2.0' ],
81 silly audit   '@xtuc/long': [ '4.2.2' ],
81 silly audit   abab: [ '2.0.6' ],
81 silly audit   accepts: [ '1.3.8' ],
81 silly audit   acorn: [ '8.11.3', '7.4.1' ],
81 silly audit   'acorn-globals': [ '6.0.0' ],
81 silly audit   'acorn-import-assertions': [ '1.9.0' ],
81 silly audit   'acorn-jsx': [ '5.3.2' ],
81 silly audit   'acorn-walk': [ '7.2.0' ],
81 silly audit   address: [ '1.2.2' ],
81 silly audit   'adjust-sourcemap-loader': [ '4.0.0' ],
81 silly audit   'agent-base': [ '6.0.2', '7.1.1' ],
81 silly audit   ajv: [ '6.12.6', '8.12.0' ],
81 silly audit   'ajv-formats': [ '2.1.1' ],
81 silly audit   'json-schema-traverse': [ '1.0.0', '0.4.1' ],
81 silly audit   'ajv-keywords': [ '3.5.2', '5.1.0' ],
81 silly audit   amdefine: [ '1.0.1' ],
81 silly audit   'ansi-escapes': [ '4.3.2' ],
81 silly audit   'ansi-html-community': [ '0.0.8' ],
81 silly audit   'any-promise': [ '1.3.0' ],
81 silly audit   anymatch: [ '3.1.3' ],
81 silly audit   arg: [ '5.0.2' ],
81 silly audit   'array-buffer-byte-length': [ '1.0.0' ],
81 silly audit   'array-flatten': [ '1.1.1' ],
81 silly audit   'array-includes': [ '3.1.7' ],
81 silly audit   'array-union': [ '2.1.0' ],
81 silly audit   'array.prototype.findlastindex': [ '1.2.3' ],
81 silly audit   'array.prototype.flat': [ '1.3.2' ],
81 silly audit   'array.prototype.flatmap': [ '1.3.2' ],
81 silly audit   'array.prototype.reduce': [ '1.0.6' ],
81 silly audit   'array.prototype.tosorted': [ '1.1.2' ],
81 silly audit   'arraybuffer.prototype.slice': [ '1.0.2' ],
81 silly audit   asap: [ '2.0.6' ],
81 silly audit   'ast-transform': [ '0.0.0' ],
81 silly audit   escodegen: [ '1.2.0', '2.1.0', '1.14.3' ],
81 silly audit   esprima: [ '1.0.4', '4.0.1', '1.2.2' ],
81 silly audit   esutils: [ '1.0.0', '2.0.3' ],
81 silly audit   'ast-types': [ '0.7.8' ],
81 silly audit   'ast-types-flow': [ '0.0.8' ],
81 silly audit   async: [ '3.2.5' ],
81 silly audit   'asynciterator.prototype': [ '1.0.0' ],
81 silly audit   asynckit: [ '0.4.0' ],
81 silly audit   'at-least-node': [ '1.0.0' ],
81 silly audit   autoprefixer: [ '10.4.16' ],
81 silly audit   'available-typed-arrays': [ '1.0.5' ],
81 silly audit   'axe-core': [ '4.7.0' ],
81 silly audit   axios: [ '1.6.7' ],
81 silly audit   'form-data': [ '4.0.0', '3.0.1' ],
81 silly audit   'axobject-query': [ '3.2.1' ],
81 silly audit   'babel-jest': [ '27.5.1' ],
81 silly audit   'babel-loader': [ '8.3.0' ],
81 silly audit   'schema-utils': [ '2.7.1', '4.2.0', '2.7.0', '3.3.0' ],
81 silly audit   'babel-plugin-istanbul': [ '6.1.1' ],
81 silly audit   'babel-plugin-jest-hoist': [ '27.5.1' ],
81 silly audit   'babel-plugin-macros': [ '3.1.0' ],
81 silly audit   'babel-plugin-named-asset-import': [ '0.3.8' ],
81 silly audit   'babel-plugin-polyfill-corejs2': [ '0.4.7' ],
81 silly audit   'babel-plugin-polyfill-corejs3': [ '0.8.7' ],
81 silly audit   'babel-plugin-polyfill-regenerator': [ '0.5.4' ],
81 silly audit   'babel-plugin-transform-react-remove-prop-types': [ '0.4.24' ],
81 silly audit   'babel-preset-current-node-syntax': [ '1.0.1' ],
81 silly audit   'babel-preset-jest': [ '27.5.1' ],
81 silly audit   'babel-preset-react-app': [ '10.0.1' ],
81 silly audit   'balanced-match': [ '1.0.2' ],
81 silly audit   batch: [ '0.6.1' ],
81 silly audit   bfj: [ '7.1.0' ],
81 silly audit   'big.js': [ '5.2.2' ],
81 silly audit   'binary-extensions': [ '2.2.0', '2.3.0' ],
81 silly audit   bluebird: [ '3.7.2' ],
81 silly audit   'body-parser': [ '1.20.1' ],
81 silly audit   bytes: [ '3.1.2', '3.0.0' ],
81 silly audit   debug: [ '2.6.9', '4.3.4', '3.2.7' ],
81 silly audit   'iconv-lite': [ '0.4.24', '0.6.3' ],
81 silly audit   ms: [ '2.0.0', '2.1.2', '2.1.3' ],
81 silly audit   'bonjour-service': [ '1.2.1' ],
81 silly audit   boolbase: [ '1.0.0' ],
81 silly audit   'brace-expansion': [ '1.1.11', '2.0.1' ],
81 silly audit   braces: [ '3.0.2' ],
81 silly audit   'browser-process-hrtime': [ '1.0.0' ],
81 silly audit   'browser-resolve': [ '1.11.3' ],
81 silly audit   resolve: [ '1.1.7', '2.0.0-next.5', '1.22.8' ],
81 silly audit   'browserify-optional': [ '1.0.1' ],
81 silly audit   browserslist: [ '4.22.2' ],
81 silly audit   bser: [ '2.1.1' ],
81 silly audit   'buffer-from': [ '1.1.2' ],
81 silly audit   'builtin-modules': [ '3.3.0' ],
81 silly audit   'call-bind': [ '1.0.5' ],
81 silly audit   callsites: [ '3.1.0' ],
81 silly audit   'camel-case': [ '4.1.2' ],
81 silly audit   'camelcase-css': [ '2.0.1' ],
81 silly audit   'caniuse-api': [ '3.0.0' ],
81 silly audit   'caniuse-lite': [ '1.0.30001576' ],
81 silly audit   'case-sensitive-paths-webpack-plugin': [ '2.4.0' ],
81 silly audit   'char-regex': [ '1.0.2', '2.0.1' ],
81 silly audit   'check-types': [ '11.2.3' ],
81 silly audit   chokidar: [ '3.5.3' ],
81 silly audit   'glob-parent': [ '5.1.2', '6.0.2' ],
81 silly audit   'chrome-trace-event': [ '1.0.3' ],
81 silly audit   'ci-info': [ '3.9.0', '4.0.0' ],
81 silly audit   'cjs-module-lexer': [ '1.2.3' ],
81 silly audit   classnames: [ '2.5.1' ],
81 silly audit   'clean-css': [ '5.3.3' ],
81 silly audit   cliui: [ '7.0.4' ],
81 silly audit   co: [ '4.6.0' ],
81 silly audit   coa: [ '2.0.2' ],
81 silly audit   'collect-v8-coverage': [ '1.0.2' ],
81 silly audit   colord: [ '2.9.3' ],
81 silly audit   colorette: [ '2.0.20' ],
81 silly audit   'combined-stream': [ '1.0.8' ],
81 silly audit   commander: [ '8.3.0', '7.2.0', '4.1.1', '2.20.3' ],
81 silly audit   'common-path-prefix': [ '3.0.0' ],
81 silly audit   'common-tags': [ '1.8.2' ],
81 silly audit   commondir: [ '1.0.1' ],
81 silly audit   compressible: [ '2.0.18' ],
81 silly audit   compression: [ '1.7.4' ],
81 silly audit   'safe-buffer': [ '5.1.2', '5.2.1' ],
81 silly audit   'concat-map': [ '0.0.1' ],
81 silly audit   'confusing-browser-globals': [ '1.0.11' ],
81 silly audit   'connect-history-api-fallback': [ '2.0.0' ],
81 silly audit   'content-disposition': [ '0.5.4' ],
81 silly audit   'content-type': [ '1.0.5' ],
81 silly audit   cookie: [ '0.5.0' ],
81 silly audit   'cookie-signature': [ '1.0.6' ],
81 silly audit   'core-js': [ '3.35.0' ],
81 silly audit   'core-js-compat': [ '3.35.0' ],
81 silly audit   'core-js-pure': [ '3.35.0' ],
81 silly audit   'core-util-is': [ '1.0.3' ],
81 silly audit   cosmiconfig: [ '7.1.0', '6.0.0' ],
81 silly audit   'cross-spawn': [ '7.0.3' ],
81 silly audit   'crypto-random-string': [ '2.0.0' ],
81 silly audit   'css-blank-pseudo': [ '3.0.3' ],
81 silly audit   'css-declaration-sorter': [ '6.4.1' ],
81 silly audit   'css-has-pseudo': [ '3.0.4' ],
81 silly audit   'css-loader': [ '6.8.1' ],
81 silly audit   'css-minimizer-webpack-plugin': [ '3.4.1' ],
81 silly audit   'css-prefers-color-scheme': [ '6.0.3' ],
81 silly audit   'css-select': [ '4.3.0', '2.1.0' ],
81 silly audit   'css-select-base-adapter': [ '0.1.1' ],
81 silly audit   'css-tree': [ '1.0.0-alpha.37', '1.1.3' ],
81 silly audit   'css-what': [ '6.1.0', '3.4.2' ],
81 silly audit   'css.escape': [ '1.5.1' ],
81 silly audit   cssdb: [ '7.10.0' ],
81 silly audit   cssesc: [ '3.0.0' ],
81 silly audit   cssnano: [ '5.1.15' ],
81 silly audit   'cssnano-preset-default': [ '5.2.14' ],
81 silly audit   'cssnano-utils': [ '3.1.0' ],
81 silly audit   csso: [ '4.2.0' ],
81 silly audit   'mdn-data': [ '2.0.14', '2.0.4' ],
81 silly audit   cssom: [ '0.4.4', '0.3.8' ],
81 silly audit   cssstyle: [ '2.3.0' ],
81 silly audit   csstype: [ '3.1.3' ],
81 silly audit   'damerau-levenshtein': [ '1.0.8' ],
81 silly audit   'data-urls': [ '2.0.0' ],
81 silly audit   'decimal.js': [ '10.4.3' ],
81 silly audit   dedent: [ '0.7.0' ],
81 silly audit   'deep-equal': [ '2.2.3' ],
81 silly audit   'deep-is': [ '0.1.4' ],
81 silly audit   deepmerge: [ '4.3.1' ],
81 silly audit   'default-gateway': [ '6.0.3' ],
81 silly audit   'define-data-property': [ '1.1.1' ],
81 silly audit   'define-lazy-prop': [ '2.0.0' ],
81 silly audit   'define-properties': [ '1.2.1' ],
81 silly audit   'delayed-stream': [ '1.0.0' ],
81 silly audit   depd: [ '2.0.0', '1.1.2' ],
81 silly audit   dequal: [ '2.0.3' ],
81 silly audit   destroy: [ '1.2.0' ],
81 silly audit   'detect-newline': [ '3.1.0' ],
81 silly audit   'detect-node': [ '2.1.0' ],
81 silly audit   'detect-port-alt': [ '1.1.6' ],
81 silly audit   didyoumean: [ '1.2.2' ],
81 silly audit   'dir-glob': [ '3.0.1' ],
81 silly audit   dlv: [ '1.1.3' ],
81 silly audit   'dns-packet': [ '5.6.1' ],
81 silly audit   doctrine: [ '3.0.0', '2.1.0' ],
81 silly audit   'dom-accessibility-api': [ '0.5.16' ],
81 silly audit   'dom-converter': [ '0.2.0' ],
81 silly audit   'dom-helpers': [ '5.2.1' ],
81 silly audit   'dom-serializer': [ '1.4.1', '0.2.2' ],
81 silly audit   domelementtype: [ '2.3.0', '1.3.1' ],
81 silly audit   domexception: [ '2.0.1' ],
81 silly audit   'webidl-conversions': [ '5.0.0', '6.1.0', '4.0.2' ],
81 silly audit   domhandler: [ '4.3.1' ],
81 silly audit   domutils: [ '2.8.0', '1.7.0' ],
81 silly audit   'dot-case': [ '3.0.4' ],
81 silly audit   dotenv: [ '10.0.0' ],
81 silly audit   'dotenv-expand': [ '5.1.0' ],
81 silly audit   duplexer: [ '0.1.2' ],
81 silly audit   eastasianwidth: [ '0.2.0' ],
81 silly audit   'ee-first': [ '1.1.1' ],
81 silly audit   ejs: [ '3.1.9' ],
81 silly audit   'electron-to-chromium': [ '1.4.625' ],
81 silly audit   emittery: [ '0.8.1', '0.10.2' ],
81 silly audit   'emoji-regex': [ '9.2.2', '8.0.0' ],
81 silly audit   'emojis-list': [ '3.0.0' ],
81 silly audit   encodeurl: [ '1.0.2' ],
81 silly audit   'enhanced-resolve': [ '5.15.0' ],
81 silly audit   entities: [ '2.2.0' ],
81 silly audit   'error-ex': [ '1.3.2' ],
81 silly audit   'error-stack-parser': [ '2.1.4' ],
81 silly audit   'es-abstract': [ '1.22.3' ],
81 silly audit   'es-array-method-boxes-properly': [ '1.0.0' ],
81 silly audit   'es-get-iterator': [ '1.1.3' ],
81 silly audit   'es-iterator-helpers': [ '1.0.15' ],
81 silly audit   'es-module-lexer': [ '1.4.1' ],
81 silly audit   'es-set-tostringtag': [ '2.0.2' ],
81 silly audit   'es-shim-unscopables': [ '1.0.2' ],
81 silly audit   'es-to-primitive': [ '1.2.1' ],
81 silly audit   escalade: [ '3.1.1' ],
81 silly audit   'escape-html': [ '1.0.3' ],
81 silly audit   'escape-string-regexp': [ '1.0.5', '4.0.0', '2.0.0' ],
81 silly audit   eslint: [ '8.56.0' ],
81 silly audit   'eslint-config-react-app': [ '7.0.1' ],
81 silly audit   'eslint-import-resolver-node': [ '0.3.9' ],
81 silly audit   'eslint-module-utils': [ '2.8.0' ],
81 silly audit   'eslint-plugin-flowtype': [ '8.0.3' ],
81 silly audit   'eslint-plugin-import': [ '2.29.1' ],
81 silly audit   'eslint-plugin-jest': [ '25.7.0' ],
81 silly audit   'eslint-plugin-jsx-a11y': [ '6.8.0' ],
81 silly audit   'eslint-plugin-react': [ '7.33.2' ],
81 silly audit   'eslint-plugin-react-hooks': [ '4.6.0' ],
81 silly audit   'eslint-plugin-testing-library': [ '5.11.1' ],
81 silly audit   'eslint-webpack-plugin': [ '3.2.0' ],
81 silly audit   'jest-worker': [ '28.1.3', '27.5.1', '26.6.2' ],
81 silly audit   espree: [ '9.6.1' ],
81 silly audit   esquery: [ '1.5.0' ],
81 silly audit   esrecurse: [ '4.3.0' ],
81 silly audit   'estree-walker': [ '1.0.1' ],
81 silly audit   etag: [ '1.8.1' ],
81 silly audit   eve: [ '0.5.4' ],
81 silly audit   eventemitter3: [ '4.0.7' ],
81 silly audit   events: [ '3.3.0' ],
81 silly audit   execa: [ '5.1.1' ],
81 silly audit   exit: [ '0.1.2' ],
81 silly audit   express: [ '4.18.2' ],
81 silly audit   'fast-deep-equal': [ '3.1.3' ],
81 silly audit   'fast-glob': [ '3.3.2' ],
81 silly audit   'fast-json-stable-stringify': [ '2.1.0' ],
81 silly audit   'fast-levenshtein': [ '2.0.6' ],
81 silly audit   fastq: [ '1.16.0' ],
81 silly audit   'faye-websocket': [ '0.11.4' ],
81 silly audit   'fb-watchman': [ '2.0.2' ],
81 silly audit   'file-entry-cache': [ '6.0.1' ],
81 silly audit   'file-loader': [ '6.2.0' ],
81 silly audit   filelist: [ '1.0.4' ],
81 silly audit   minimatch: [ '5.1.6', '3.1.2', '9.0.3', '9.0.4' ],
81 silly audit   filesize: [ '8.0.7' ],
81 silly audit   'fill-range': [ '7.0.1' ],
81 silly audit   finalhandler: [ '1.2.0' ],
81 silly audit   'find-cache-dir': [ '3.3.2' ],
81 silly audit   'flat-cache': [ '3.2.0' ],
81 silly audit   flatted: [ '3.2.9' ],
81 silly audit   'follow-redirects': [ '1.15.4' ],
81 silly audit   'for-each': [ '0.3.3' ],
81 silly audit   'foreground-child': [ '3.1.1' ],
81 silly audit   'signal-exit': [ '4.1.0', '3.0.7' ],
81 silly audit   'fork-ts-checker-webpack-plugin': [ '6.5.3' ],
81 silly audit   'fs-extra': [ '9.1.0', '10.1.0' ],
81 silly audit   tapable: [ '1.1.3', '2.2.1' ],
81 silly audit   forwarded: [ '0.2.0' ],
81 silly audit   'fraction.js': [ '4.3.7' ],
81 silly audit   fresh: [ '0.5.2' ],
81 silly audit   'fs-monkey': [ '1.0.5' ],
81 silly audit   'fs.realpath': [ '1.0.0' ],
81 silly audit   fsevents: [ '2.3.3' ],
81 silly audit   'function-bind': [ '1.1.2' ],
81 silly audit   'function.prototype.name': [ '1.1.6' ],
81 silly audit   'functions-have-names': [ '1.2.3' ],
81 silly audit   gensync: [ '1.0.0-beta.2' ],
81 silly audit   'get-caller-file': [ '2.0.5' ],
81 silly audit   'get-intrinsic': [ '1.2.2' ],
81 silly audit   'get-own-enumerable-property-symbols': [ '3.0.2' ],
81 silly audit   'get-package-type': [ '0.1.0' ],
81 silly audit   'get-stream': [ '6.0.1' ],
81 silly audit   'get-symbol-description': [ '1.0.0' ],
81 silly audit   glob: [ '7.2.3', '10.3.10', '10.3.12' ],
81 silly audit   'glob-to-regexp': [ '0.4.1' ],
81 silly audit   'global-modules': [ '2.0.0' ],
81 silly audit   'global-prefix': [ '3.0.0' ],
81 silly audit   which: [ '1.3.1', '2.0.2', '4.0.0' ],
81 silly audit   globalthis: [ '1.0.3' ],
81 silly audit   globby: [ '11.1.0' ],
81 silly audit   gopd: [ '1.0.1' ],
81 silly audit   'graceful-fs': [ '4.2.11' ],
81 silly audit   graphemer: [ '1.4.0' ],
81 silly audit   'gzip-size': [ '6.0.0' ],
81 silly audit   'handle-thing': [ '2.0.1' ],
81 silly audit   'harmony-reflect': [ '1.6.2' ],
81 silly audit   'has-bigints': [ '1.0.2' ],
81 silly audit   'has-property-descriptors': [ '1.0.1' ],
81 silly audit   'has-proto': [ '1.0.1' ],
81 silly audit   'has-symbols': [ '1.0.3' ],
81 silly audit   'has-tostringtag': [ '1.0.0' ],
81 silly audit   hasown: [ '2.0.0', '2.0.2' ],
81 silly audit   he: [ '1.2.0' ],
81 silly audit   hoopy: [ '0.1.4' ],
81 silly audit   'hpack.js': [ '2.1.6' ],
81 silly audit   isarray: [ '1.0.0', '2.0.5' ],
81 silly audit   'readable-stream': [ '2.3.8', '3.6.2' ],
81 silly audit   string_decoder: [ '1.1.1', '1.3.0' ],
81 silly audit   'html-encoding-sniffer': [ '2.0.1' ],
81 silly audit   'html-entities': [ '2.4.0' ],
81 silly audit   'html-escaper': [ '2.0.2' ],
81 silly audit   'html-minifier-terser': [ '6.1.0' ],
81 silly audit   'html-webpack-plugin': [ '5.6.0' ],
81 silly audit   htmlparser2: [ '6.1.0' ],
81 silly audit   'http-deceiver': [ '1.2.7' ],
81 silly audit   'http-errors': [ '2.0.0', '1.6.3' ],
81 silly audit   'http-parser-js': [ '0.5.8' ],
81 silly audit   'http-proxy': [ '1.18.1' ],
81 silly audit   'http-proxy-agent': [ '4.0.1', '7.0.2' ],
81 silly audit   'http-proxy-middleware': [ '2.0.6' ],
81 silly audit   'https-proxy-agent': [ '5.0.1', '7.0.4' ],
81 silly audit   'human-signals': [ '2.1.0' ],
81 silly audit   'icss-utils': [ '5.1.0' ],
81 silly audit   idb: [ '7.1.1' ],
81 silly audit   'identity-obj-proxy': [ '3.0.0' ],
81 silly audit   ignore: [ '5.3.0' ],
81 silly audit   immer: [ '9.0.21' ],
81 silly audit   'import-fresh': [ '3.3.0' ],
81 silly audit   'resolve-from': [ '4.0.0', '5.0.0' ],
81 silly audit   'import-local': [ '3.1.0' ],
81 silly audit   imurmurhash: [ '0.1.4' ],
81 silly audit   'indent-string': [ '4.0.0' ],
81 silly audit   inflight: [ '1.0.6' ],
81 silly audit   inherits: [ '2.0.4', '2.0.3' ],
81 silly audit   ini: [ '1.3.8', '4.1.2' ],
81 silly audit   install: [ '0.13.0' ],
81 silly audit   'internal-slot': [ '1.0.6' ],
81 silly audit   invariant: [ '2.2.4' ],
81 silly audit   'ipaddr.js': [ '2.1.0', '1.9.1' ],
81 silly audit   'is-arguments': [ '1.1.1' ],
81 silly audit   'is-array-buffer': [ '3.0.2' ],
81 silly audit   'is-arrayish': [ '0.2.1' ],
81 silly audit   'is-async-function': [ '2.0.0' ],
81 silly audit   'is-bigint': [ '1.0.4' ],
81 silly audit   'is-binary-path': [ '2.1.0' ],
81 silly audit   'is-boolean-object': [ '1.1.2' ],
81 silly audit   'is-callable': [ '1.2.7' ],
81 silly audit   'is-core-module': [ '2.13.1' ],
81 silly audit   'is-date-object': [ '1.0.5' ],
81 silly audit   'is-docker': [ '2.2.1' ],
81 silly audit   'is-extglob': [ '2.1.1' ],
81 silly audit   'is-finalizationregistry': [ '1.0.2' ],
81 silly audit   'is-fullwidth-code-point': [ '3.0.0' ],
81 silly audit   'is-generator-fn': [ '2.1.0' ],
81 silly audit   'is-generator-function': [ '1.0.10' ],
81 silly audit   'is-glob': [ '4.0.3' ],
81 silly audit   'is-map': [ '2.0.2' ],
81 silly audit   'is-module': [ '1.0.0' ],
81 silly audit   'is-negative-zero': [ '2.0.2' ],
81 silly audit   'is-number': [ '7.0.0' ],
81 silly audit   'is-number-object': [ '1.0.7' ],
81 silly audit   'is-obj': [ '1.0.1' ],
81 silly audit   'is-path-inside': [ '3.0.3' ],
81 silly audit   'is-plain-obj': [ '3.0.0' ],
81 silly audit   'is-potential-custom-element-name': [ '1.0.1' ],
81 silly audit   'is-regex': [ '1.1.4' ],
81 silly audit   'is-regexp': [ '1.0.0' ],
81 silly audit   'is-root': [ '2.1.0' ],
81 silly audit   'is-set': [ '2.0.2' ],
81 silly audit   'is-shared-array-buffer': [ '1.0.2' ],
81 silly audit   'is-stream': [ '2.0.1' ],
81 silly audit   'is-string': [ '1.0.7' ],
81 silly audit   'is-symbol': [ '1.0.4' ],
81 silly audit   'is-typed-array': [ '1.1.12' ],
81 silly audit   'is-typedarray': [ '1.0.0' ],
81 silly audit   'is-weakmap': [ '2.0.1' ],
81 silly audit   'is-weakref': [ '1.0.2' ],
81 silly audit   'is-weakset': [ '2.0.2' ],
81 silly audit   'is-wsl': [ '2.2.0' ],
81 silly audit   isexe: [ '2.0.0', '3.1.1' ],
81 silly audit   'istanbul-lib-coverage': [ '3.2.2' ],
81 silly audit   'istanbul-lib-instrument': [ '5.2.1' ],
81 silly audit   'istanbul-lib-report': [ '3.0.1' ],
81 silly audit   'make-dir': [ '4.0.0', '3.1.0' ],
81 silly audit   'istanbul-lib-source-maps': [ '4.0.1' ],
81 silly audit   'istanbul-reports': [ '3.1.6' ],
81 silly audit   'iterator.prototype': [ '1.1.2' ],
81 silly audit   jackspeak: [ '2.3.6' ],
81 silly audit   jake: [ '10.8.7' ],
81 silly audit   jest: [ '27.5.1' ],
81 silly audit   'jest-changed-files': [ '27.5.1' ],
81 silly audit   'jest-circus': [ '27.5.1' ],
81 silly audit   'jest-cli': [ '27.5.1' ],
81 silly audit   'jest-config': [ '27.5.1' ],
81 silly audit   'jest-docblock': [ '27.5.1' ],
81 silly audit   'jest-each': [ '27.5.1' ],
81 silly audit   'jest-environment-jsdom': [ '27.5.1' ],
81 silly audit   'jest-environment-node': [ '27.5.1' ],
81 silly audit   'jest-haste-map': [ '27.5.1' ],
81 silly audit   'jest-jasmine2': [ '27.5.1' ],
81 silly audit   'jest-leak-detector': [ '27.5.1' ],
81 silly audit   'jest-mock': [ '27.5.1' ],
81 silly audit   'jest-pnp-resolver': [ '1.2.3' ],
81 silly audit   'jest-regex-util': [ '27.5.1', '28.0.2' ],
81 silly audit   'jest-resolve': [ '27.5.1' ],
81 silly audit   'jest-resolve-dependencies': [ '27.5.1' ],
81 silly audit   'jest-runner': [ '27.5.1' ],
81 silly audit   'jest-runtime': [ '27.5.1' ],
81 silly audit   'jest-serializer': [ '27.5.1' ],
81 silly audit   'jest-snapshot': [ '27.5.1' ],
81 silly audit   'jest-validate': [ '27.5.1' ],
81 silly audit   'jest-watch-typeahead': [ '1.1.0' ],
81 silly audit   slash: [ '3.0.0', '4.0.0' ],
81 silly audit   'jest-watcher': [ '28.1.3', '27.5.1' ],
81 silly audit   'string-length': [ '4.0.2', '5.0.1' ],
81 silly audit   jiti: [ '1.21.0' ],
81 silly audit   'js-tokens': [ '4.0.0' ],
81 silly audit   jsdom: [ '16.7.0' ],
81 silly audit   jsesc: [ '2.5.2', '0.5.0' ],
81 silly audit   'json-buffer': [ '3.0.1' ],
81 silly audit   'json-parse-even-better-errors': [ '2.3.1', '3.0.1' ],
81 silly audit   'json-schema': [ '0.4.0' ],
81 silly audit   'json-stable-stringify-without-jsonify': [ '1.0.1' ],
81 silly audit   json5: [ '2.2.3', '1.0.2' ],
81 silly audit   jsonfile: [ '6.1.0' ],
81 silly audit   jsonpath: [ '1.1.1' ],
81 silly audit   jsonpointer: [ '5.0.1' ],
81 silly audit   'jsx-ast-utils': [ '3.3.5' ],
81 silly audit   keyv: [ '4.5.4' ],
81 silly audit   'kind-of': [ '6.0.3' ],
81 silly audit   kleur: [ '3.0.3' ],
81 silly audit   klona: [ '2.0.6' ],
81 silly audit   'language-subtag-registry': [ '0.3.22' ],
81 silly audit   'language-tags': [ '1.0.9' ],
81 silly audit   'launch-editor': [ '2.6.1' ],
81 silly audit   leven: [ '3.1.0' ],
81 silly audit   levn: [ '0.4.1', '0.3.0' ],
81 silly audit   lilconfig: [ '2.1.0', '3.0.0' ],
81 silly audit   'lines-and-columns': [ '1.2.4' ],
81 silly audit   'loader-runner': [ '4.3.0' ],
81 silly audit   'loader-utils': [ '2.0.4', '3.2.1' ],
81 silly audit   lodash: [ '4.17.21' ],
81 silly audit   'lodash.debounce': [ '4.0.8' ],
81 silly audit   'lodash.memoize': [ '4.1.2' ],
81 silly audit   'lodash.merge': [ '4.6.2' ],
81 silly audit   'lodash.sortby': [ '4.7.0' ],
81 silly audit   'lodash.uniq': [ '4.5.0' ],
81 silly audit   'loose-envify': [ '1.4.0' ],
81 silly audit   'lower-case': [ '2.0.2' ],
81 silly audit   'lru-cache': [ '5.1.1', '10.1.0', '6.0.0', '10.2.0' ],
81 silly audit   'lz-string': [ '1.5.0' ],
81 silly audit   'magic-string': [ '0.25.9' ],
81 silly audit   makeerror: [ '1.0.12' ],
81 silly audit   'media-typer': [ '0.3.0' ],
81 silly audit   memfs: [ '3.5.3' ],
81 silly audit   'merge-descriptors': [ '1.0.1' ],
81 silly audit   'merge-stream': [ '2.0.0' ],
81 silly audit   merge2: [ '1.4.1' ],
81 silly audit   methods: [ '1.1.2' ],
81 silly audit   micromatch: [ '4.0.5' ],
81 silly audit   mime: [ '1.6.0' ],
81 silly audit   'mime-db': [ '1.52.0' ],
81 silly audit   'mime-types': [ '2.1.35' ],
81 silly audit   'mimic-fn': [ '2.1.0' ],
81 silly audit   'min-indent': [ '1.0.1' ],
81 silly audit   'mini-css-extract-plugin': [ '2.7.6' ],
81 silly audit   'minimalistic-assert': [ '1.0.1' ],
81 silly audit   minimist: [ '1.2.8' ],
81 silly audit   minipass: [ '7.0.4', '3.3.6', '5.0.0' ],
81 silly audit   mkdirp: [ '0.5.6', '1.0.4' ],
81 silly audit   'multicast-dns': [ '7.2.5' ],
81 silly audit   mz: [ '2.7.0' ],
81 silly audit   nanoid: [ '3.3.7' ],
81 silly audit   'natural-compare': [ '1.4.0' ],
81 silly audit   'natural-compare-lite': [ '1.4.0' ],
81 silly audit   negotiator: [ '0.6.3' ],
81 silly audit   'neo-async': [ '2.6.2' ],
81 silly audit   'no-case': [ '3.0.4' ],
81 silly audit   'node-forge': [ '1.3.1' ],
81 silly audit   'node-int64': [ '0.4.0' ],
81 silly audit   'node-releases': [ '2.0.14' ],
81 silly audit   'normalize-path': [ '3.0.0' ],
81 silly audit   'normalize-range': [ '0.1.2' ],
81 silly audit   'normalize-url': [ '6.1.0' ],
81 silly audit   npm: [ '10.5.2' ],
81 silly audit   'npm-run-path': [ '4.0.1' ],
81 silly audit   'fs-minipass': [ '3.0.3', '2.1.0' ],
81 silly audit   'sprintf-js': [ '1.0.3', '1.1.3' ],
81 silly audit   'path-key': [ '3.1.1' ],
81 silly audit   'path-scurry': [ '1.10.1', '1.10.2' ],
81 silly audit   'postcss-selector-parser': [ '6.0.15', '6.0.16' ],
81 silly audit   retry: [ '0.13.1', '0.12.0' ],
81 silly audit   'safer-buffer': [ '2.1.2' ],
81 silly audit   'shebang-command': [ '2.0.0' ],
81 silly audit   'shebang-regex': [ '3.0.0' ],
81 silly audit   'spdx-expression-parse': [ '3.0.1', '4.0.0' ],
81 silly audit   'text-table': [ '0.2.0' ],
81 silly audit   'util-deprecate': [ '1.0.2' ],
81 silly audit   'write-file-atomic': [ '3.0.3', '5.0.1' ],
81 silly audit   yallist: [ '4.0.0', '3.1.1' ],
81 silly audit   'nth-check': [ '2.1.1', '1.0.2' ],
81 silly audit   nwsapi: [ '2.2.7' ],
81 silly audit   'object-assign': [ '4.1.1' ],
81 silly audit   'object-hash': [ '3.0.0' ],
81 silly audit   'object-inspect': [ '1.13.1' ],
81 silly audit   'object-is': [ '1.1.5' ],
81 silly audit   'object-keys': [ '1.1.1' ],
81 silly audit   'object.assign': [ '4.1.5' ],
81 silly audit   'object.entries': [ '1.1.7' ],
81 silly audit   'object.fromentries': [ '2.0.7' ],
81 silly audit   'object.getownpropertydescriptors': [ '2.1.7' ],
81 silly audit   'object.groupby': [ '1.0.1' ],
81 silly audit   'object.hasown': [ '1.1.3' ],
81 silly audit   'object.values': [ '1.1.7' ],
81 silly audit   obuf: [ '1.1.2' ],
81 silly audit   'on-finished': [ '2.4.1' ],
81 silly audit   'on-headers': [ '1.0.2' ],
81 silly audit   once: [ '1.4.0' ],
81 silly audit   onetime: [ '5.1.2' ],
81 silly audit   open: [ '8.4.2' ],
81 silly audit   optionator: [ '0.9.3', '0.8.3' ],
81 silly audit   'p-retry': [ '4.6.2' ],
81 silly audit   'p-try': [ '2.2.0' ],
81 silly audit   'param-case': [ '3.0.4' ],
81 silly audit   'parent-module': [ '1.0.1' ],
81 silly audit   'parse-json': [ '5.2.0' ],
81 silly audit   parse5: [ '6.0.1' ],
81 silly audit   parseurl: [ '1.3.3' ],
81 silly audit   'pascal-case': [ '3.1.2' ],
81 silly audit   'path-exists': [ '4.0.0', '3.0.0' ],
81 silly audit   'path-is-absolute': [ '1.0.1' ],
81 silly audit   'path-parse': [ '1.0.7' ],
81 silly audit   'path-to-regexp': [ '0.1.7' ],
81 silly audit   'path-type': [ '4.0.0' ],
81 silly audit   'performance-now': [ '2.1.0' ],
81 silly audit   picocolors: [ '1.0.0', '0.2.1' ],
81 silly audit   picomatch: [ '2.3.1' ],
81 silly audit   pify: [ '2.3.0' ],
81 silly audit   pirates: [ '4.0.6' ],
81 silly audit   'pkg-dir': [ '4.2.0' ],
81 silly audit   'pkg-up': [ '3.1.0' ],
81 silly audit   postcss: [ '8.4.33', '7.0.39' ],
81 silly audit   'postcss-attribute-case-insensitive': [ '5.0.2' ],
81 silly audit   'postcss-browser-comments': [ '4.0.0' ],
81 silly audit   'postcss-calc': [ '8.2.4' ],
81 silly audit   'postcss-clamp': [ '4.1.0' ],
81 silly audit   'postcss-color-functional-notation': [ '4.2.4' ],
81 silly audit   'postcss-color-hex-alpha': [ '8.0.4' ],
81 silly audit   'postcss-color-rebeccapurple': [ '7.1.1' ],
81 silly audit   'postcss-colormin': [ '5.3.1' ],
81 silly audit   'postcss-convert-values': [ '5.1.3' ],
81 silly audit   'postcss-custom-media': [ '8.0.2' ],
81 silly audit   'postcss-custom-properties': [ '12.1.11' ],
81 silly audit   'postcss-custom-selectors': [ '6.0.3' ],
81 silly audit   'postcss-dir-pseudo-class': [ '6.0.5' ],
81 silly audit   'postcss-discard-comments': [ '5.1.2' ],
81 silly audit   'postcss-discard-duplicates': [ '5.1.0' ],
81 silly audit   'postcss-discard-empty': [ '5.1.1' ],
81 silly audit   'postcss-discard-overridden': [ '5.1.0' ],
81 silly audit   'postcss-double-position-gradients': [ '3.1.2' ],
81 silly audit   'postcss-env-function': [ '4.0.6' ],
81 silly audit   'postcss-flexbugs-fixes': [ '5.0.2' ],
81 silly audit   'postcss-focus-visible': [ '6.0.4' ],
81 silly audit   'postcss-focus-within': [ '5.0.4' ],
81 silly audit   'postcss-font-variant': [ '5.0.0' ],
81 silly audit   'postcss-gap-properties': [ '3.0.5' ],
81 silly audit   'postcss-image-set-function': [ '4.0.7' ],
81 silly audit   'postcss-import': [ '15.1.0' ],
81 silly audit   'postcss-initial': [ '4.0.1' ],
81 silly audit   'postcss-js': [ '4.0.1' ],
81 silly audit   'postcss-lab-function': [ '4.2.1' ],
81 silly audit   'postcss-load-config': [ '4.0.2' ],
81 silly audit   yaml: [ '2.3.4', '1.10.2' ],
81 silly audit   'postcss-loader': [ '6.2.1' ],
81 silly audit   'postcss-logical': [ '5.0.4' ],
81 silly audit   'postcss-media-minmax': [ '5.0.0' ],
81 silly audit   'postcss-merge-longhand': [ '5.1.7' ],
81 silly audit   'postcss-merge-rules': [ '5.1.4' ],
81 silly audit   'postcss-minify-font-values': [ '5.1.0' ],
81 silly audit   'postcss-minify-gradients': [ '5.1.1' ],
81 silly audit   'postcss-minify-params': [ '5.1.4' ],
81 silly audit   'postcss-minify-selectors': [ '5.2.1' ],
81 silly audit   'postcss-modules-extract-imports': [ '3.0.0' ],
81 silly audit   'postcss-modules-local-by-default': [ '4.0.3' ],
81 silly audit   'postcss-modules-scope': [ '3.1.0' ],
81 silly audit   'postcss-modules-values': [ '4.0.0' ],
81 silly audit   'postcss-nested': [ '6.0.1' ],
81 silly audit   'postcss-nesting': [ '10.2.0' ],
81 silly audit   'postcss-normalize': [ '10.0.1' ],
81 silly audit   'postcss-normalize-charset': [ '5.1.0' ],
81 silly audit   'postcss-normalize-display-values': [ '5.1.0' ],
81 silly audit   'postcss-normalize-positions': [ '5.1.1' ],
81 silly audit   'postcss-normalize-repeat-style': [ '5.1.1' ],
81 silly audit   'postcss-normalize-string': [ '5.1.0' ],
81 silly audit   'postcss-normalize-timing-functions': [ '5.1.0' ],
81 silly audit   'postcss-normalize-unicode': [ '5.1.1' ],
81 silly audit   'postcss-normalize-url': [ '5.1.0' ],
81 silly audit   'postcss-normalize-whitespace': [ '5.1.1' ],
81 silly audit   'postcss-opacity-percentage': [ '1.1.3' ],
81 silly audit   'postcss-ordered-values': [ '5.1.3' ],
81 silly audit   'postcss-overflow-shorthand': [ '3.0.4' ],
81 silly audit   'postcss-page-break': [ '3.0.4' ],
81 silly audit   'postcss-place': [ '7.0.5' ],
81 silly audit   'postcss-preset-env': [ '7.8.3' ],
81 silly audit   'postcss-pseudo-class-any-link': [ '7.1.6' ],
81 silly audit   'postcss-reduce-initial': [ '5.1.2' ],
81 silly audit   'postcss-reduce-transforms': [ '5.1.0' ],
81 silly audit   'postcss-replace-overflow-wrap': [ '4.0.0' ],
81 silly audit   'postcss-selector-not': [ '6.0.1' ],
81 silly audit   'postcss-svgo': [ '5.1.0' ],
81 silly audit   svgo: [ '2.8.0', '1.3.2' ],
81 silly audit   'postcss-unique-selectors': [ '5.1.1' ],
81 silly audit   'postcss-value-parser': [ '4.2.0' ],
81 silly audit   'prelude-ls': [ '1.2.1', '1.1.2' ],
81 silly audit   'pretty-bytes': [ '5.6.0' ],
81 silly audit   'pretty-error': [ '4.0.0' ],
81 silly audit   'process-nextick-args': [ '2.0.1' ],
81 silly audit   promise: [ '8.3.0' ],
81 silly audit   prompts: [ '2.4.2' ],
81 silly audit   'prop-types': [ '15.8.1' ],
81 silly audit   'prop-types-extra': [ '1.1.1' ],
81 silly audit   'proxy-addr': [ '2.0.7' ],
81 silly audit   'proxy-from-env': [ '1.1.0' ],
81 silly audit   psl: [ '1.9.0' ],
81 silly audit   punycode: [ '2.3.1' ],
81 silly audit   q: [ '1.5.1' ],
81 silly audit   qs: [ '6.11.0' ],
81 silly audit   querystringify: [ '2.2.0' ],
81 silly audit   'queue-microtask': [ '1.2.3' ],
81 silly audit   raf: [ '3.4.1' ],
81 silly audit   randombytes: [ '2.1.0' ],
81 silly audit   'range-parser': [ '1.2.1' ],
81 silly audit   'raw-body': [ '2.5.1' ],
81 silly audit   react: [ '18.2.0' ],
81 silly audit   'react-app-polyfill': [ '3.0.0' ],
81 silly audit   'regenerator-runtime': [ '0.13.11', '0.14.1' ],
81 silly audit   'react-bootstrap': [ '2.9.2' ],
81 silly audit   'react-burger-menu': [ '3.0.9' ],
81 silly audit   'react-dev-utils': [ '12.0.1' ],
81 silly audit   'react-dom': [ '18.2.0' ],
81 silly audit   'react-error-overlay': [ '6.0.11' ],
81 silly audit   'react-fast-compare': [ '3.2.2' ],
81 silly audit   'react-helmet': [ '6.1.0' ],
81 silly audit   'react-lifecycles-compat': [ '3.0.4' ],
81 silly audit   'react-refresh': [ '0.11.0' ],
81 silly audit   'react-router': [ '6.22.1' ],
81 silly audit   'react-router-dom': [ '6.22.1' ],
81 silly audit   'react-scripts': [ '5.0.1' ],
81 silly audit   'react-side-effect': [ '2.1.2' ],
81 silly audit   'react-transition-group': [ '4.4.5' ],
81 silly audit   'read-cache': [ '1.0.0' ],
81 silly audit   readdirp: [ '3.6.0' ],
81 silly audit   'recursive-readdir': [ '2.2.3' ],
81 silly audit   redent: [ '3.0.0' ],
81 silly audit   'reflect.getprototypeof': [ '1.0.4' ],
81 silly audit   regenerate: [ '1.4.2' ],
81 silly audit   'regenerate-unicode-properties': [ '10.1.1' ],
81 silly audit   'regenerator-transform': [ '0.15.2' ],
81 silly audit   'regex-parser': [ '2.3.0' ],
81 silly audit   'regexp.prototype.flags': [ '1.5.1' ],
81 silly audit   'regexpu-core': [ '5.3.2' ],
81 silly audit   regjsparser: [ '0.9.1' ],
81 silly audit   relateurl: [ '0.2.7' ],
81 silly audit   renderkid: [ '3.0.0' ],
81 silly audit   'require-directory': [ '2.1.1' ],
81 silly audit   'require-from-string': [ '2.0.2' ],
81 silly audit   'requires-port': [ '1.0.0' ],
81 silly audit   'resolve-cwd': [ '3.0.0' ],
81 silly audit   'resolve-url-loader': [ '4.0.0' ],
81 silly audit   'resolve.exports': [ '1.1.1' ],
81 silly audit   reusify: [ '1.0.4' ],
81 silly audit   rimraf: [ '3.0.2' ],
81 silly audit   rollup: [ '2.79.1' ],
81 silly audit   'rollup-plugin-terser': [ '7.0.2' ],
81 silly audit   'serialize-javascript': [ '4.0.0', '6.0.2' ],
81 silly audit   'run-parallel': [ '1.2.0' ],
81 silly audit   'safe-array-concat': [ '1.0.1' ],
81 silly audit   'safe-regex-test': [ '1.0.0' ],
81 silly audit   'sanitize.css': [ '13.0.0' ],
81 silly audit   'sass-loader': [ '12.6.0' ],
81 silly audit   sax: [ '1.2.4' ],
81 silly audit   saxes: [ '5.0.1' ],
81 silly audit   scheduler: [ '0.23.0' ],
81 silly audit   'select-hose': [ '2.0.0' ],
81 silly audit   selfsigned: [ '2.4.1' ],
81 silly audit   send: [ '0.18.0' ],
81 silly audit   'serve-index': [ '1.9.1' ],
81 silly audit   setprototypeof: [ '1.1.0', '1.2.0' ],
81 silly audit   statuses: [ '1.5.0', '2.0.1' ],
81 silly audit   'serve-static': [ '1.15.0' ],
81 silly audit   'set-function-length': [ '1.1.1' ],
81 silly audit   'set-function-name': [ '2.0.1' ],
81 silly audit   'shell-quote': [ '1.8.1' ],
81 silly audit   'side-channel': [ '1.0.4' ],
81 silly audit   sisteransi: [ '1.0.5' ],
81 silly audit   snapsvg: [ '0.5.1' ],
81 silly audit   'snapsvg-cjs': [ '0.0.6' ],
81 silly audit   sockjs: [ '0.3.24' ],
81 silly audit   'source-list-map': [ '2.0.1' ],
81 silly audit   'source-map-js': [ '1.0.2' ],
81 silly audit   'source-map-loader': [ '3.0.2' ],
81 silly audit   'source-map-support': [ '0.5.21' ],
81 silly audit   'sourcemap-codec': [ '1.4.8' ],
81 silly audit   spdy: [ '4.0.2' ],
81 silly audit   'spdy-transport': [ '3.0.0' ],
81 silly audit   stable: [ '0.1.8' ],
81 silly audit   'stack-utils': [ '2.0.6' ],
81 silly audit   stackframe: [ '1.3.4' ],
81 silly audit   'static-eval': [ '2.0.2' ],
81 silly audit   'type-check': [ '0.3.2', '0.4.0' ],
81 silly audit   'stop-iteration-iterator': [ '1.0.0' ],
81 silly audit   'string-natural-compare': [ '3.0.1' ],
81 silly audit   'string.prototype.matchall': [ '4.0.10' ],
81 silly audit   'string.prototype.trim': [ '1.2.8' ],
81 silly audit   'string.prototype.trimend': [ '1.0.7' ],
81 silly audit   'string.prototype.trimstart': [ '1.0.7' ],
81 silly audit   'stringify-object': [ '3.3.0' ],
81 silly audit   'strip-bom': [ '4.0.0', '3.0.0' ],
81 silly audit   'strip-comments': [ '2.0.1' ],
81 silly audit   'strip-final-newline': [ '2.0.0' ],
81 silly audit   'strip-indent': [ '3.0.0' ],
81 silly audit   'strip-json-comments': [ '3.1.1' ],
81 silly audit   'style-loader': [ '3.3.3' ],
81 silly audit   stylehacks: [ '5.1.1' ],
81 silly audit   sucrase: [ '3.35.0' ],
81 silly audit   'supports-hyperlinks': [ '2.3.0' ],
81 silly audit   'supports-preserve-symlinks-flag': [ '1.0.0' ],
81 silly audit   'svg-parser': [ '2.0.4' ],
81 silly audit   'symbol-tree': [ '3.2.4' ],
81 silly audit   tailwindcss: [ '3.4.1' ],
81 silly audit   'temp-dir': [ '2.0.0' ],
81 silly audit   tempy: [ '0.6.0' ],
81 silly audit   'terminal-link': [ '2.1.1' ],
81 silly audit   terser: [ '5.26.0' ],
81 silly audit   'terser-webpack-plugin': [ '5.3.10' ],
81 silly audit   'test-exclude': [ '6.0.0' ],
81 silly audit   thenify: [ '3.3.1' ],
81 silly audit   'thenify-all': [ '1.6.0' ],
81 silly audit   throat: [ '6.0.2' ],
81 silly audit   through: [ '2.3.8' ],
81 silly audit   thunky: [ '1.1.0' ],
81 silly audit   tmpl: [ '1.0.5' ],
81 silly audit   'to-fast-properties': [ '2.0.0' ],
81 silly audit   'to-regex-range': [ '5.0.1' ],
81 silly audit   toidentifier: [ '1.0.1' ],
81 silly audit   'tough-cookie': [ '4.1.3' ],
81 silly audit   universalify: [ '0.2.0', '2.0.1' ],
81 silly audit   tr46: [ '2.1.0', '1.0.1' ],
81 silly audit   tryer: [ '1.0.1' ],
81 silly audit   'ts-interface-checker': [ '0.1.13' ],
81 silly audit   'tsconfig-paths': [ '3.15.0' ],
81 silly audit   tslib: [ '2.6.2', '1.14.1' ],
81 silly audit   tsutils: [ '3.21.0' ],
81 silly audit   'type-detect': [ '4.0.8' ],
81 silly audit   'type-is': [ '1.6.18' ],
81 silly audit   'typed-array-buffer': [ '1.0.0' ],
81 silly audit   'typed-array-byte-length': [ '1.0.0' ],
81 silly audit   'typed-array-byte-offset': [ '1.0.0' ],
81 silly audit   'typed-array-length': [ '1.0.4' ],
81 silly audit   'typedarray-to-buffer': [ '3.1.5' ],
81 silly audit   typescript: [ '4.9.5' ],
81 silly audit   'unbox-primitive': [ '1.0.2' ],
81 silly audit   underscore: [ '1.12.1' ],
81 silly audit   'undici-types': [ '5.26.5' ],
81 silly audit   'unicode-canonical-property-names-ecmascript': [ '2.0.0' ],
81 silly audit   'unicode-match-property-ecmascript': [ '2.0.0' ],
81 silly audit   'unicode-match-property-value-ecmascript': [ '2.1.0' ],
81 silly audit   'unicode-property-aliases-ecmascript': [ '2.1.0' ],
81 silly audit   'unique-string': [ '2.0.0' ],
81 silly audit   unpipe: [ '1.0.0' ],
81 silly audit   unquote: [ '1.1.1' ],
81 silly audit   upath: [ '1.2.0' ],
81 silly audit   'update-browserslist-db': [ '1.0.13' ],
81 silly audit   'uri-js': [ '4.4.1' ],
81 silly audit   'url-parse': [ '1.5.10' ],
81 silly audit   'util.promisify': [ '1.0.1' ],
81 silly audit   utila: [ '0.4.0' ],
81 silly audit   'utils-merge': [ '1.0.1' ],
81 silly audit   uuid: [ '8.3.2' ],
81 silly audit   'v8-to-istanbul': [ '8.1.1' ],
81 silly audit   vary: [ '1.1.2' ],
81 silly audit   'w3c-hr-time': [ '1.0.2' ],
81 silly audit   'w3c-xmlserializer': [ '2.0.0' ],
81 silly audit   walker: [ '1.0.8' ],
81 silly audit   warning: [ '4.0.3' ],
81 silly audit   watchpack: [ '2.4.0' ],
81 silly audit   wbuf: [ '1.7.3' ],
81 silly audit   'web-vitals': [ '2.1.4' ],
81 silly audit   webpack: [ '5.89.0' ],
81 silly audit   'webpack-dev-middleware': [ '5.3.3' ],
81 silly audit   'webpack-dev-server': [ '4.15.1' ],
81 silly audit   ws: [ '8.16.0', '7.5.9' ],
81 silly audit   'webpack-manifest-plugin': [ '4.1.1' ],
81 silly audit   'webpack-sources': [ '2.3.1', '3.2.3', '1.4.3' ],
81 silly audit   'websocket-driver': [ '0.7.4' ],
81 silly audit   'websocket-extensions': [ '0.1.4' ],
81 silly audit   'whatwg-encoding': [ '1.0.5' ],
81 silly audit   'whatwg-fetch': [ '3.6.20' ],
81 silly audit   'whatwg-mimetype': [ '2.3.0' ],
81 silly audit   'whatwg-url': [ '8.7.0', '7.1.0' ],
81 silly audit   'which-boxed-primitive': [ '1.0.2' ],
81 silly audit   'which-builtin-type': [ '1.1.3' ],
81 silly audit   'which-collection': [ '1.0.1' ],
81 silly audit   'which-typed-array': [ '1.1.13' ],
81 silly audit   'word-wrap': [ '1.2.5' ],
81 silly audit   'workbox-background-sync': [ '6.6.0' ],
81 silly audit   'workbox-broadcast-update': [ '6.6.0' ],
81 silly audit   'workbox-build': [ '6.6.0' ],
81 silly audit   '@apideck/better-ajv-errors': [ '0.3.6' ],
81 silly audit   'workbox-cacheable-response': [ '6.6.0' ],
81 silly audit   'workbox-core': [ '6.6.0' ],
81 silly audit   'workbox-expiration': [ '6.6.0' ],
81 silly audit   'workbox-google-analytics': [ '6.6.0' ],
81 silly audit   'workbox-navigation-preload': [ '6.6.0' ],
81 silly audit   'workbox-precaching': [ '6.6.0' ],
81 silly audit   'workbox-range-requests': [ '6.6.0' ],
81 silly audit   'workbox-recipes': [ '6.6.0' ],
81 silly audit   'workbox-routing': [ '6.6.0' ],
81 silly audit   'workbox-strategies': [ '6.6.0' ],
81 silly audit   'workbox-streams': [ '6.6.0' ],
81 silly audit   'workbox-sw': [ '6.6.0' ],
81 silly audit   'workbox-webpack-plugin': [ '6.6.0' ],
81 silly audit   'workbox-window': [ '6.6.0' ],
81 silly audit   wrappy: [ '1.0.2' ],
81 silly audit   'xml-name-validator': [ '3.0.0' ],
81 silly audit   xmlchars: [ '2.2.0' ],
81 silly audit   y18n: [ '5.0.8' ],
81 silly audit   yargs: [ '16.2.0' ],
81 silly audit   'yargs-parser': [ '20.2.9' ],
81 silly audit   'yocto-queue': [ '0.1.0' ],
81 silly audit   'react-slick': [ '0.30.2' ],
81 silly audit   'slick-carousel': [ '1.8.1' ],
81 silly audit   jquery: [ '3.7.1' ],
81 silly audit   'enquire.js': [ '2.1.6' ],
81 silly audit   json2mq: [ '0.2.0' ],
81 silly audit   'resize-observer-polyfill': [ '1.5.1' ],
81 silly audit   'string-convert': [ '0.2.1' ],
81 silly audit   '@colors/colors': [ '1.5.0' ],
81 silly audit   '@isaacs/string-locale-compare': [ '1.1.0' ],
81 silly audit   '@npmcli/agent': [ '2.2.2' ],
81 silly audit   '@npmcli/arborist': [ '7.4.2' ],
81 silly audit   '@npmcli/config': [ '8.2.2' ],
81 silly audit   '@npmcli/disparity-colors': [ '3.0.0' ],
81 silly audit   '@npmcli/fs': [ '3.1.0' ],
81 silly audit   '@npmcli/git': [ '5.0.5' ],
81 silly audit   '@npmcli/installed-package-contents': [ '2.0.2' ],
81 silly audit   '@npmcli/map-workspaces': [ '3.0.6' ],
81 silly audit   '@npmcli/metavuln-calculator': [ '7.0.0' ],
81 silly audit   '@npmcli/name-from-folder': [ '2.0.0' ],
81 silly audit   '@npmcli/node-gyp': [ '3.0.0' ],
81 silly audit   '@npmcli/package-json': [ '5.0.2' ],
81 silly audit   '@npmcli/promise-spawn': [ '7.0.1' ],
81 silly audit   '@npmcli/query': [ '3.1.0' ],
81 silly audit   '@npmcli/redact': [ '1.1.0' ],
81 silly audit   '@npmcli/run-script': [ '7.0.4' ],
81 silly audit   '@sigstore/bundle': [ '2.3.1' ],
81 silly audit   '@sigstore/core': [ '1.1.0' ],
81 silly audit   '@sigstore/protobuf-specs': [ '0.3.1' ],
81 silly audit   '@sigstore/sign': [ '2.3.0' ],
81 silly audit   '@sigstore/tuf': [ '2.3.2' ],
81 silly audit   '@sigstore/verify': [ '1.2.0' ],
81 silly audit   '@tufjs/canonical-json': [ '2.0.0' ],
81 silly audit   '@tufjs/models': [ '2.0.0' ],
81 silly audit   abbrev: [ '2.0.0' ],
81 silly audit   'aggregate-error': [ '3.1.0' ],
81 silly audit   aproba: [ '2.0.0' ],
81 silly audit   archy: [ '1.0.0' ],
81 silly audit   'are-we-there-yet': [ '4.0.2' ],
81 silly audit   'bin-links': [ '4.0.3' ],
81 silly audit   builtins: [ '5.1.0' ],
81 silly audit   cacache: [ '18.0.2' ],
81 silly audit   chownr: [ '2.0.0' ],
81 silly audit   'cidr-regex': [ '4.0.5' ],
81 silly audit   'clean-stack': [ '2.2.0' ],
81 silly audit   'cli-columns': [ '4.0.0' ],
81 silly audit   'cli-table3': [ '0.6.4' ],
81 silly audit   clone: [ '1.0.4' ],
81 silly audit   'cmd-shim': [ '6.0.2' ],
81 silly audit   'color-support': [ '1.1.3' ],
81 silly audit   columnify: [ '1.6.0' ],
81 silly audit   'common-ancestor-path': [ '1.0.1' ],
81 silly audit   'console-control-strings': [ '1.1.0' ],
81 silly audit   defaults: [ '1.0.4' ],
81 silly audit   diff: [ '5.2.0' ],
81 silly audit   encoding: [ '0.1.13' ],
81 silly audit   'env-paths': [ '2.2.1' ],
81 silly audit   'err-code': [ '2.0.3' ],
81 silly audit   'exponential-backoff': [ '3.1.1' ],
81 silly audit   'fastest-levenshtein': [ '1.0.16' ],
81 silly audit   gauge: [ '5.0.1' ],
81 silly audit   'has-unicode': [ '2.0.1' ],
81 silly audit   'hosted-git-info': [ '7.0.1' ],
81 silly audit   'http-cache-semantics': [ '4.1.1' ],
81 silly audit   'ignore-walk': [ '6.0.4' ],
81 silly audit   'init-package-json': [ '6.0.2' ],
81 silly audit   'ip-address': [ '9.0.5' ],
81 silly audit   'ip-regex': [ '5.0.0' ],
81 silly audit   'is-cidr': [ '5.0.5' ],
81 silly audit   'is-lambda': [ '1.0.1' ],
81 silly audit   jsbn: [ '1.1.0' ],
81 silly audit   'json-stringify-nice': [ '1.1.4' ],
81 silly audit   jsonparse: [ '1.3.1' ],
81 silly audit   'just-diff': [ '6.0.2' ],
81 silly audit   'just-diff-apply': [ '5.5.0' ],
81 silly audit   libnpmaccess: [ '8.0.3' ],
81 silly audit   libnpmdiff: [ '6.0.9' ],
81 silly audit   libnpmexec: [ '7.0.10' ],
81 silly audit   libnpmfund: [ '5.0.7' ],
81 silly audit   libnpmhook: [ '10.0.2' ],
81 silly audit   libnpmorg: [ '6.0.3' ],
81 silly audit   libnpmpack: [ '6.0.9' ],
81 silly audit   libnpmpublish: [ '9.0.5' ],
81 silly audit   libnpmsearch: [ '7.0.2' ],
81 silly audit   libnpmteam: [ '6.0.2' ],
81 silly audit   libnpmversion: [ '5.0.2' ],
81 silly audit   'make-fetch-happen': [ '13.0.0' ],
81 silly audit   'minipass-collect': [ '2.0.1' ],
81 silly audit   'minipass-fetch': [ '3.0.4' ],
81 silly audit   'minipass-flush': [ '1.0.5' ],
81 silly audit   'minipass-json-stream': [ '1.0.1' ],
81 silly audit   'minipass-pipeline': [ '1.2.4' ],
81 silly audit   'minipass-sized': [ '1.0.3' ],
81 silly audit   minizlib: [ '2.1.2' ],
81 silly audit   'mute-stream': [ '1.0.0' ],
81 silly audit   'node-gyp': [ '10.1.0' ],
81 silly audit   nopt: [ '7.2.0' ],
81 silly audit   'normalize-package-data': [ '6.0.0' ],
81 silly audit   'npm-audit-report': [ '5.0.0' ],
81 silly audit   'npm-bundled': [ '3.0.0' ],
81 silly audit   'npm-install-checks': [ '6.3.0' ],
81 silly audit   'npm-normalize-package-bin': [ '3.0.1' ],
81 silly audit   'npm-package-arg': [ '11.0.1' ],
81 silly audit   'npm-packlist': [ '8.0.2' ],
81 silly audit   'npm-pick-manifest': [ '9.0.0' ],
81 silly audit   'npm-profile': [ '9.0.0' ],
81 silly audit   'npm-registry-fetch': [ '16.2.0' ],
81 silly audit   'npm-user-validate': [ '2.0.0' ],
81 silly audit   npmlog: [ '7.0.1' ],
81 silly audit   'p-map': [ '4.0.0' ],
81 silly audit   pacote: [ '17.0.6' ],
81 silly audit   'parse-conflict-json': [ '3.0.1' ],
81 silly audit   'proc-log': [ '3.0.0' ],
81 silly audit   'promise-all-reject-late': [ '1.0.1' ],
81 silly audit   'promise-call-limit': [ '3.0.1' ],
81 silly audit   'promise-inflight': [ '1.0.1' ],
81 silly audit   'promise-retry': [ '2.0.1' ],
81 silly audit   promzard: [ '1.0.1' ],
81 silly audit   'qrcode-terminal': [ '0.12.0' ],
81 silly audit   read: [ '3.0.1' ],
81 silly audit   'read-cmd-shim': [ '4.0.0' ],
81 silly audit   'read-package-json': [ '7.0.0' ],
81 silly audit   'read-package-json-fast': [ '3.0.2' ],
81 silly audit   'set-blocking': [ '2.0.0' ],
81 silly audit   sigstore: [ '2.3.0' ],
81 silly audit   'smart-buffer': [ '4.2.0' ],
81 silly audit   socks: [ '2.8.3' ],
81 silly audit   'socks-proxy-agent': [ '8.0.3' ],
81 silly audit   'spdx-correct': [ '3.2.0' ],
81 silly audit   'spdx-exceptions': [ '2.5.0' ],
81 silly audit   'spdx-license-ids': [ '3.0.17' ],
81 silly audit   ssri: [ '10.0.5' ],
81 silly audit   tar: [ '6.2.1' ],
81 silly audit   'tiny-relative-date': [ '1.3.0' ],
81 silly audit   treeverse: [ '3.0.0' ],
81 silly audit   'tuf-js': [ '2.2.0' ],
81 silly audit   'unique-filename': [ '3.0.0' ],
81 silly audit   'unique-slug': [ '4.0.0' ],
81 silly audit   'validate-npm-package-license': [ '3.0.4' ],
81 silly audit   'validate-npm-package-name': [ '5.0.0' ],
81 silly audit   'walk-up-path': [ '3.0.1' ],
81 silly audit   wcwidth: [ '1.0.1' ],
81 silly audit   'wide-align': [ '1.1.5' ]
81 silly audit }
82 verbose reify failed optional dependency /home/louis/ligue1-frontend/node_modules/fsevents
83 silly reify mark deleted [ '/home/louis/ligue1-frontend/node_modules/fsevents' ]
84 timing reifyNode:node_modules/fsevents Completed in 17ms
85 silly tarball no local data for string-convert@https://registry.npmjs.org/string-convert/-/string-convert-0.2.1.tgz. Extracting by manifest.
86 silly tarball no local data for resize-observer-polyfill@https://registry.npmjs.org/resize-observer-polyfill/-/resize-observer-polyfill-1.5.1.tgz. Extracting by manifest.
87 silly tarball no local data for json2mq@https://registry.npmjs.org/json2mq/-/json2mq-0.2.0.tgz. Extracting by manifest.
88 silly tarball no local data for enquire.js@https://registry.npmjs.org/enquire.js/-/enquire.js-2.1.6.tgz. Extracting by manifest.
89 silly tarball no local data for jquery@https://registry.npmjs.org/jquery/-/jquery-3.7.1.tgz. Extracting by manifest.
90 silly tarball no local data for slick-carousel@https://registry.npmjs.org/slick-carousel/-/slick-carousel-1.8.1.tgz. Extracting by manifest.
91 silly tarball no local data for react-slick@https://registry.npmjs.org/react-slick/-/react-slick-0.30.2.tgz. Extracting by manifest.
92 http fetch GET 200 https://registry.npmjs.org/string-convert/-/string-convert-0.2.1.tgz 129ms (cache miss)
93 timing reifyNode:node_modules/string-convert Completed in 223ms
94 http fetch POST 200 https://registry.npmjs.org/-/npm/v1/security/advisories/bulk 240ms
95 timing auditReport:getReport Completed in 279ms
96 silly audit report {
96 silly audit report   express: [
96 silly audit report     {
96 silly audit report       id: 1096820,
96 silly audit report       url: 'https://github.com/advisories/GHSA-rv95-896h-c2vc',
96 silly audit report       title: 'Express.js Open Redirect in malformed URLs',
96 silly audit report       severity: 'moderate',
96 silly audit report       vulnerable_versions: '<4.19.2',
96 silly audit report       cwe: [Array],
96 silly audit report       cvss: [Object]
96 silly audit report     }
96 silly audit report   ],
96 silly audit report   'follow-redirects': [
96 silly audit report     {
96 silly audit report       id: 1096856,
96 silly audit report       url: 'https://github.com/advisories/GHSA-cxjh-pqwp-8mfp',
96 silly audit report       title: "follow-redirects' Proxy-Authorization header kept across hosts",
96 silly audit report       severity: 'moderate',
96 silly audit report       vulnerable_versions: '<=1.15.5',
96 silly audit report       cwe: [Array],
96 silly audit report       cvss: [Object]
96 silly audit report     }
96 silly audit report   ],
96 silly audit report   'nth-check': [
96 silly audit report     {
96 silly audit report       id: 1095141,
96 silly audit report       url: 'https://github.com/advisories/GHSA-rp65-9cf3-cjxr',
96 silly audit report       title: 'Inefficient Regular Expression Complexity in nth-check',
96 silly audit report       severity: 'high',
96 silly audit report       vulnerable_versions: '<2.0.1',
96 silly audit report       cwe: [Array],
96 silly audit report       cvss: [Object]
96 silly audit report     }
96 silly audit report   ],
96 silly audit report   postcss: [
96 silly audit report     {
96 silly audit report       id: 1094544,
96 silly audit report       url: 'https://github.com/advisories/GHSA-7fh5-64p2-3v2j',
96 silly audit report       title: 'PostCSS line return parsing error',
96 silly audit report       severity: 'moderate',
96 silly audit report       vulnerable_versions: '<8.4.31',
96 silly audit report       cwe: [Array],
96 silly audit report       cvss: [Object]
96 silly audit report     }
96 silly audit report   ],
96 silly audit report   'webpack-dev-middleware': [
96 silly audit report     {
96 silly audit report       id: 1096729,
96 silly audit report       url: 'https://github.com/advisories/GHSA-wr3j-pwj9-hqq6',
96 silly audit report       title: 'Path traversal in webpack-dev-middleware',
96 silly audit report       severity: 'high',
96 silly audit report       vulnerable_versions: '<=5.3.3',
96 silly audit report       cwe: [Array],
96 silly audit report       cvss: [Object]
96 silly audit report     }
96 silly audit report   ]
96 silly audit report }
97 http fetch GET 200 https://registry.npmjs.org/json2mq/-/json2mq-0.2.0.tgz 247ms (cache miss)
98 timing reifyNode:node_modules/json2mq Completed in 294ms
99 timing metavuln:cache:get:security-advisory:express:lBXrUDHGQ8w6TsFbfO+dIpiL3mSEKXOF2OuvW+b7kHxIhUYJTgPXfCu70PLwR+5DiyOmPyeCmimiWIYaeIPBdw== Completed in 60ms
100 timing metavuln:cache:get:security-advisory:follow-redirects:rD8yi3a8mVyeNvoX3wItq4e+Oa65QVDtc8KKes6VfIYPKX53VkWnOuxGYgUihdiwlz4i5mjg4yX/2qVYafhjyA== Completed in 59ms
101 timing metavuln:cache:get:security-advisory:nth-check:u9kIbs88jjqPq0zHVBinwei/KZ5GCRRfUp85vuDQlT/Si01qI5XVVQOSRujFCbyFsnHqETob3CApPmYQZ74K2A== Completed in 58ms
102 timing metavuln:cache:get:security-advisory:postcss:ylHlqxOD5gx7vcQurwTZyQHJsodRCM2yV95izcDPSahj+DDa6IEdlDh7BWAlf7fDDEd+NyVQHm50pHmcApHI4w== Completed in 58ms
103 timing metavuln:cache:get:security-advisory:webpack-dev-middleware:iOwKAaGDleG57+EgiDYQ2ga6AbRYiL/qNtngjfZXg4b9QRQCyU8l60ejDKi2QTdLstNJbhlTx8gtYWNQi50Q9A== Completed in 57ms
104 http fetch GET 200 https://registry.npmjs.org/enquire.js/-/enquire.js-2.1.6.tgz 256ms (cache miss)
105 timing reifyNode:node_modules/enquire.js Completed in 316ms
106 http fetch GET 200 https://registry.npmjs.org/follow-redirects 148ms (cache revalidated)
107 timing metavuln:packument:follow-redirects Completed in 152ms
108 timing metavuln:load:security-advisory:follow-redirects:1096856 Completed in 2ms
109 timing metavuln:calculate:security-advisory:follow-redirects:1096856 Completed in 155ms
110 http fetch GET 200 https://registry.npmjs.org/webpack-dev-middleware 154ms (cache revalidated)
111 timing metavuln:packument:webpack-dev-middleware Completed in 160ms
112 timing metavuln:load:security-advisory:webpack-dev-middleware:1096729 Completed in 2ms
113 timing metavuln:calculate:security-advisory:webpack-dev-middleware:1096729 Completed in 163ms
114 http fetch GET 200 https://registry.npmjs.org/postcss 165ms (cache revalidated)
115 timing metavuln:packument:postcss Completed in 172ms
116 timing metavuln:load:security-advisory:postcss:1094544 Completed in 10ms
117 timing metavuln:calculate:security-advisory:postcss:1094544 Completed in 183ms
118 http fetch GET 200 https://registry.npmjs.org/nth-check 200ms (cache revalidated)
119 timing metavuln:packument:nth-check Completed in 201ms
120 timing metavuln:load:security-advisory:nth-check:1095141 Completed in 0ms
121 timing metavuln:calculate:security-advisory:nth-check:1095141 Completed in 201ms
122 http fetch GET 200 https://registry.npmjs.org/express 204ms (cache revalidated)
123 timing metavuln:packument:express Completed in 215ms
124 timing metavuln:load:security-advisory:express:1096820 Completed in 4ms
125 timing metavuln:calculate:security-advisory:express:1096820 Completed in 222ms
126 http fetch GET 200 https://registry.npmjs.org/resize-observer-polyfill/-/resize-observer-polyfill-1.5.1.tgz 430ms (cache miss)
127 timing reifyNode:node_modules/resize-observer-polyfill Completed in 470ms
128 timing metavuln:cache:get:security-advisory:webpack-dev-server:0LkX4lPmAyyEjLwLytAQplfiporEnJkzu+xbkgLEZQPXNm8dvgg50RcNXNRi0q2w3mJMmVoTDlPAS5m9PU4GKQ== Completed in 21ms
129 http fetch GET 200 https://registry.npmjs.org/slick-carousel/-/slick-carousel-1.8.1.tgz 457ms (cache miss)
130 timing reifyNode:node_modules/slick-carousel Completed in 510ms
131 http fetch GET 200 https://registry.npmjs.org/webpack-dev-server 80ms (cache revalidated)
132 timing metavuln:packument:webpack-dev-server Completed in 96ms
133 timing metavuln:load:security-advisory:webpack-dev-server:lBXrUDHGQ8w6TsFbfO+dIpiL3mSEKXOF2OuvW+b7kHxIhUYJTgPXfCu70PLwR+5DiyOmPyeCmimiWIYaeIPBdw== Completed in 2ms
134 timing metavuln:calculate:security-advisory:webpack-dev-server:lBXrUDHGQ8w6TsFbfO+dIpiL3mSEKXOF2OuvW+b7kHxIhUYJTgPXfCu70PLwR+5DiyOmPyeCmimiWIYaeIPBdw== Completed in 99ms
135 timing metavuln:cache:get:security-advisory:axios:g0cPY/YCyfNQBQc5xvX1Rv/Pnu+Abo/9VYnXr0kknl/D4PDAveHfq5W15La0QmuOhFzr048GUEXk5y2rJeaRNw== Completed in 18ms
136 timing metavuln:cache:get:security-advisory:http-proxy:xXINdLTzYx1Cm7HSFpCVr09OgN2ULgdwzMY+QTNRsP3PEwZwlN7O96wdh4kz9uDwpxXuEM0HbqawbclU0CVzJw== Completed in 18ms
137 http fetch GET 200 https://registry.npmjs.org/react-slick/-/react-slick-0.30.2.tgz 552ms (cache miss)
138 timing reifyNode:node_modules/react-slick Completed in 605ms
139 http fetch GET 200 https://registry.npmjs.org/axios 74ms (cache revalidated)
140 timing metavuln:packument:axios Completed in 78ms
141 timing metavuln:load:security-advisory:axios:rD8yi3a8mVyeNvoX3wItq4e+Oa65QVDtc8KKes6VfIYPKX53VkWnOuxGYgUihdiwlz4i5mjg4yX/2qVYafhjyA== Completed in 1ms
142 timing metavuln:calculate:security-advisory:axios:rD8yi3a8mVyeNvoX3wItq4e+Oa65QVDtc8KKes6VfIYPKX53VkWnOuxGYgUihdiwlz4i5mjg4yX/2qVYafhjyA== Completed in 81ms
143 http fetch GET 200 https://registry.npmjs.org/http-proxy 80ms (cache revalidated)
144 timing metavuln:packument:http-proxy Completed in 82ms
145 timing metavuln:load:security-advisory:http-proxy:rD8yi3a8mVyeNvoX3wItq4e+Oa65QVDtc8KKes6VfIYPKX53VkWnOuxGYgUihdiwlz4i5mjg4yX/2qVYafhjyA== Completed in 1ms
146 timing metavuln:calculate:security-advisory:http-proxy:rD8yi3a8mVyeNvoX3wItq4e+Oa65QVDtc8KKes6VfIYPKX53VkWnOuxGYgUihdiwlz4i5mjg4yX/2qVYafhjyA== Completed in 83ms
147 timing metavuln:cache:get:security-advisory:css-select:SLFoDCntvPIX7nfh4g/iCe2/KeoLVy5CIo+Vtscwot4QJeqx55N/LgyavNwRLdiV5D/6y18tMpVEodIgf/9HMA== Completed in 10ms
148 http fetch GET 200 https://registry.npmjs.org/css-select 47ms (cache revalidated)
149 timing metavuln:packument:css-select Completed in 50ms
150 timing metavuln:load:security-advisory:css-select:u9kIbs88jjqPq0zHVBinwei/KZ5GCRRfUp85vuDQlT/Si01qI5XVVQOSRujFCbyFsnHqETob3CApPmYQZ74K2A== Completed in 1ms
151 timing metavuln:calculate:security-advisory:css-select:u9kIbs88jjqPq0zHVBinwei/KZ5GCRRfUp85vuDQlT/Si01qI5XVVQOSRujFCbyFsnHqETob3CApPmYQZ74K2A== Completed in 51ms
152 timing metavuln:cache:get:security-advisory:resolve-url-loader:NMmXK6xVhonFWyuVjVZvtHCgDtIj2Xt/NObjzI+nKFgCMVK0SPWnlUyO5ZfDMa1dK6KZVYB4z5/E6SGUubEZmA== Completed in 15ms
153 http fetch GET 200 https://registry.npmjs.org/resolve-url-loader 58ms (cache revalidated)
154 timing metavuln:packument:resolve-url-loader Completed in 62ms
155 timing metavuln:load:security-advisory:resolve-url-loader:ylHlqxOD5gx7vcQurwTZyQHJsodRCM2yV95izcDPSahj+DDa6IEdlDh7BWAlf7fDDEd+NyVQHm50pHmcApHI4w== Completed in 1ms
156 timing metavuln:calculate:security-advisory:resolve-url-loader:ylHlqxOD5gx7vcQurwTZyQHJsodRCM2yV95izcDPSahj+DDa6IEdlDh7BWAlf7fDDEd+NyVQHm50pHmcApHI4w== Completed in 63ms
157 timing metavuln:cache:get:security-advisory:webpack-dev-server:Do+ZPBNLJrQbk3575pw0wQ+GA+Erdc+SF/TkwJw8RpHIdwcdJ2/lHva5E9AOlYcfV5hFP7QN6sZ7QlcOmxNbBA== Completed in 9ms
158 timing metavuln:load:security-advisory:webpack-dev-server:iOwKAaGDleG57+EgiDYQ2ga6AbRYiL/qNtngjfZXg4b9QRQCyU8l60ejDKi2QTdLstNJbhlTx8gtYWNQi50Q9A== Completed in 2ms
159 timing metavuln:calculate:security-advisory:webpack-dev-server:iOwKAaGDleG57+EgiDYQ2ga6AbRYiL/qNtngjfZXg4b9QRQCyU8l60ejDKi2QTdLstNJbhlTx8gtYWNQi50Q9A== Completed in 12ms
160 timing metavuln:cache:get:security-advisory:svgo:XUKKCUuEIfThVsBLy+oF8GyP7lxkVuLkW//+NY5/KIf8QcWHSFuyi5ASrjDctKGKZ6oI4iYXN2mfMc9AZn06XQ== Completed in 15ms
161 http fetch GET 200 https://registry.npmjs.org/jquery/-/jquery-3.7.1.tgz 744ms (cache miss)
162 timing reifyNode:node_modules/jquery Completed in 798ms
163 timing reify:unpack Completed in 801ms
164 timing reify:unretire Completed in 0ms
165 timing build:queue Completed in 1ms
166 timing build:deps Completed in 2ms
167 timing build Completed in 2ms
168 timing reify:build Completed in 4ms
169 timing reify:trash Completed in 2ms
170 timing reify:save Completed in 711ms
171 http fetch GET 200 https://registry.npmjs.org/svgo 1173ms (cache revalidated)
172 timing metavuln:packument:svgo Completed in 1178ms
173 timing metavuln:load:security-advisory:svgo:SLFoDCntvPIX7nfh4g/iCe2/KeoLVy5CIo+Vtscwot4QJeqx55N/LgyavNwRLdiV5D/6y18tMpVEodIgf/9HMA== Completed in 1ms
174 timing metavuln:calculate:security-advisory:svgo:SLFoDCntvPIX7nfh4g/iCe2/KeoLVy5CIo+Vtscwot4QJeqx55N/LgyavNwRLdiV5D/6y18tMpVEodIgf/9HMA== Completed in 1180ms
175 timing metavuln:cache:get:security-advisory:react-scripts:kKU8uM+qTtInubgYQrn1Pxn81QMWKfkCDfIZjup8wyMg7BSnoJIdXRXTKPG7RjTojqBqBxvALJQnSFxA9BPZoA== Completed in 5ms
176 http fetch GET 200 https://registry.npmjs.org/react-scripts 40ms (cache revalidated)
177 timing metavuln:packument:react-scripts Completed in 54ms
178 timing metavuln:load:security-advisory:react-scripts:NMmXK6xVhonFWyuVjVZvtHCgDtIj2Xt/NObjzI+nKFgCMVK0SPWnlUyO5ZfDMa1dK6KZVYB4z5/E6SGUubEZmA== Completed in 1ms
179 timing metavuln:calculate:security-advisory:react-scripts:NMmXK6xVhonFWyuVjVZvtHCgDtIj2Xt/NObjzI+nKFgCMVK0SPWnlUyO5ZfDMa1dK6KZVYB4z5/E6SGUubEZmA== Completed in 58ms
180 timing metavuln:cache:get:security-advisory:@svgr/plugin-svgo:EsuzSbf7+Y+7kKOmijkK+GD/doYYcoKZ2epSaSjuMjK3D5MenoOfnownHNwRmdBZcaR1NsuBUK35WDllW+AMMw== Completed in 6ms
181 http fetch GET 200 https://registry.npmjs.org/@svgr%2fplugin-svgo 62ms (cache revalidated)
182 timing metavuln:packument:@svgr/plugin-svgo Completed in 65ms
183 timing metavuln:load:security-advisory:@svgr/plugin-svgo:XUKKCUuEIfThVsBLy+oF8GyP7lxkVuLkW//+NY5/KIf8QcWHSFuyi5ASrjDctKGKZ6oI4iYXN2mfMc9AZn06XQ== Completed in 0ms
184 timing metavuln:calculate:security-advisory:@svgr/plugin-svgo:XUKKCUuEIfThVsBLy+oF8GyP7lxkVuLkW//+NY5/KIf8QcWHSFuyi5ASrjDctKGKZ6oI4iYXN2mfMc9AZn06XQ== Completed in 66ms
185 timing metavuln:cache:get:security-advisory:@svgr/webpack:IqnIHrynVlqAtMhtysIZT7fFR47WkNiVdS0bltwMCNwW6AuOVEGK8Ns3UrtOyzCH0k8s8awx0D1vcr5HtSiaPw== Completed in 10ms
186 http fetch GET 200 https://registry.npmjs.org/@svgr%2fwebpack 91ms (cache revalidated)
187 timing metavuln:packument:@svgr/webpack Completed in 94ms
188 timing metavuln:load:security-advisory:@svgr/webpack:EsuzSbf7+Y+7kKOmijkK+GD/doYYcoKZ2epSaSjuMjK3D5MenoOfnownHNwRmdBZcaR1NsuBUK35WDllW+AMMw== Completed in 0ms
189 timing metavuln:calculate:security-advisory:@svgr/webpack:EsuzSbf7+Y+7kKOmijkK+GD/doYYcoKZ2epSaSjuMjK3D5MenoOfnownHNwRmdBZcaR1NsuBUK35WDllW+AMMw== Completed in 96ms
190 timing metavuln:cache:get:security-advisory:react-scripts:Oynm4f28m7wqpHeAVQPAu6HUX0KhswQORZBCdzEDs2/Qk227PWimoI5yjY/d79GoOSw+zJpJ6uMhVBngEzK4zQ== Completed in 3ms
191 timing metavuln:load:security-advisory:react-scripts:IqnIHrynVlqAtMhtysIZT7fFR47WkNiVdS0bltwMCNwW6AuOVEGK8Ns3UrtOyzCH0k8s8awx0D1vcr5HtSiaPw== Completed in 1ms
192 timing metavuln:calculate:security-advisory:react-scripts:IqnIHrynVlqAtMhtysIZT7fFR47WkNiVdS0bltwMCNwW6AuOVEGK8Ns3UrtOyzCH0k8s8awx0D1vcr5HtSiaPw== Completed in 6ms
193 timing auditReport:init Completed in 1983ms
194 timing reify:audit Completed in 2267ms
195 timing reify Completed in 8925ms
196 silly ADD node_modules/string-convert
197 silly ADD node_modules/resize-observer-polyfill
198 silly ADD node_modules/json2mq
199 silly ADD node_modules/enquire.js
200 silly ADD node_modules/jquery
201 silly ADD node_modules/slick-carousel
202 silly ADD node_modules/react-slick
203 silly ADD
204 timing command:install Completed in 8995ms
205 verbose exit 0
206 timing npm Completed in 9085ms
207 info ok
