0 verbose cli /usr/bin/node /usr/bin/npm
1 info using npm@9.2.0
2 info using node@v18.19.0
3 timing npm:load:whichnode Completed in 2ms
4 timing config:load:defaults Completed in 6ms
5 timing config:load:file:/usr/share/nodejs/npm/npmrc Completed in 6ms
6 timing config:load:builtin Completed in 7ms
7 timing config:load:cli Completed in 4ms
8 timing config:load:env Completed in 1ms
9 timing config:load:project Completed in 3ms
10 timing config:load:file:/home/louis/.npmrc Completed in 1ms
11 timing config:load:user Completed in 1ms
12 timing config:load:file:/etc/npmrc Completed in 1ms
13 timing config:load:global Completed in 1ms
14 timing config:load:setEnvs Completed in 2ms
15 timing config:load Completed in 27ms
16 timing npm:load:configload Completed in 27ms
17 timing npm:load:mkdirpcache Completed in 0ms
18 timing npm:load:mkdirplogs Completed in 1ms
19 verbose title npm start
20 verbose argv "start"
21 timing npm:load:setTitle Completed in 3ms
22 timing config:load:flatten Completed in 6ms
23 timing npm:load:display Completed in 8ms
24 verbose logfile logs-max:10 dir:/home/louis/.npm/_logs/2024-04-16T06_57_01_050Z-
25 verbose logfile /home/louis/.npm/_logs/2024-04-16T06_57_01_050Z-debug-0.log
26 timing npm:load:logFile Completed in 12ms
27 timing npm:load:timers Completed in 0ms
28 timing npm:load:configScope Completed in 0ms
29 timing npm:load Completed in 55ms
30 silly logfile start cleaning logs, removing 1 files
31 timing config:load:flatten Completed in 1ms
32 silly logfile done cleaning log files
33 timing command:run-script Completed in 38ms
34 timing command:start Completed in 72ms
35 verbose stack Error: Missing script: "start"
35 verbose stack
35 verbose stack Did you mean one of these?
35 verbose stack     npm star # Mark your favorite packages
35 verbose stack     npm stars # View packages marked as favorites
35 verbose stack
35 verbose stack To see a list of scripts, run:
35 verbose stack   npm run
35 verbose stack     at RunScript.run (/usr/share/nodejs/npm/lib/commands/run-script.js:98:13)
35 verbose stack     at async module.exports (/usr/share/nodejs/npm/lib/cli.js:133:5)
36 verbose cwd /home/louis
37 verbose Linux 6.1.0-17-amd64
38 verbose node v18.19.0
39 verbose npm  v9.2.0
40 error Missing script: "start"
40 error
40 error Did you mean one of these?
40 error     npm star # Mark your favorite packages
40 error     npm stars # View packages marked as favorites
40 error
40 error To see a list of scripts, run:
40 error   npm run
41 verbose exit 1
42 timing npm Completed in 220ms
43 verbose code 1
44 error A complete log of this run can be found in:
44 error     /home/louis/.npm/_logs/2024-04-16T06_57_01_050Z-debug-0.log
