2024-04-02 16:12:16.598 [info] Log level: Info
2024-04-02 16:12:16.598 [info] Validating found git in: "git"
2024-04-02 16:12:16.598 [info] Using git "2.39.2" from "git"
2024-04-02 16:12:16.599 [info] > git rev-parse --show-toplevel [93ms]
2024-04-02 16:12:16.599 [info] > git rev-parse --git-dir --git-common-dir [92ms]
2024-04-02 16:12:16.600 [info] Open repository: /home/louis
2024-04-02 16:12:16.600 [info] > git config --get commit.template [63ms]
2024-04-02 16:12:16.606 [info] > git rev-parse --show-toplevel [55ms]
2024-04-02 16:12:16.720 [info] > git for-each-ref --format=%(refname)%00%(upstream:short)%00%(objectname)%00%(upstream:track)%00%(upstream:remotename)%00%(upstream:remoteref) refs/heads/main refs/remotes/main [59ms]
2024-04-02 16:12:16.765 [info] > git rev-parse --show-toplevel [47ms]
2024-04-02 16:12:16.817 [info] > git rev-parse --show-toplevel [10ms]
2024-04-02 16:12:16.868 [info] > git rev-parse --show-toplevel [17ms]
2024-04-02 16:12:16.982 [info] > git rev-parse --show-toplevel [84ms]
2024-04-02 16:12:17.023 [info] > git rev-parse --show-toplevel [12ms]
2024-04-02 16:12:17.044 [info] > git rev-parse --show-toplevel [5ms]
2024-04-02 16:12:18.424 [info] > git rev-parse --show-toplevel [1363ms]
2024-04-02 16:12:21.429 [info] > git status -z -uall [4667ms] (cancelled)
2024-04-02 16:12:21.430 [info] > git check-ignore -v -z --stdin [2987ms]
2024-04-02 16:12:21.432 [info] > git rev-parse --show-toplevel [2969ms]
2024-04-02 16:12:21.471 [info] > git config --get commit.template [417ms]
2024-04-02 16:12:21.475 [info] > git rev-parse --git-dir --git-common-dir [12ms]
2024-04-02 16:12:21.490 [info] Open repository: /home/louis/api_louis
2024-04-02 16:12:21.584 [info] > git rev-parse --show-toplevel [28ms]
2024-04-02 16:12:21.585 [info] > git config --get commit.template [52ms]
2024-04-02 16:12:21.586 [info] > git for-each-ref --format=%(refname)%00%(upstream:short)%00%(objectname)%00%(upstream:track)%00%(upstream:remotename)%00%(upstream:remoteref) refs/heads/main refs/remotes/main [74ms]
2024-04-02 16:12:21.877 [info] > git check-ignore -v -z --stdin [269ms]
2024-04-02 16:12:21.879 [info] > git rev-parse --show-toplevel [109ms]
2024-04-02 16:12:21.966 [info] > git show --textconv :docker-compose.yml [65ms]
2024-04-02 16:12:21.970 [info] > git for-each-ref --format=%(refname)%00%(upstream:short)%00%(objectname)%00%(upstream:track)%00%(upstream:remotename)%00%(upstream:remoteref) refs/heads/main refs/remotes/main [96ms]
2024-04-02 16:12:22.015 [info] > git ls-files --stage -- /home/louis/docker-compose.yml [93ms]
2024-04-02 16:12:22.103 [info] > git status -z -uall [38ms]
2024-04-02 16:12:22.247 [info] > git config --get commit.template [53ms]
2024-04-02 16:12:22.333 [info] > git for-each-ref --format=%(refname)%00%(upstream:short)%00%(objectname)%00%(upstream:track)%00%(upstream:remotename)%00%(upstream:remoteref) refs/heads/main refs/remotes/main [29ms]
2024-04-02 16:12:22.421 [info] > git status -z -uall [49ms]
2024-04-02 16:12:25.290 [info] > git status -z -uall [3289ms] (cancelled)
2024-04-02 16:12:26.190 [info] > git check-ignore -v -z --stdin [97ms]
2024-04-02 16:12:27.646 [info] > git check-ignore -v -z --stdin [47ms]
2024-04-02 16:12:27.647 [info] > git check-ignore -v -z --stdin [26ms]
2024-04-02 16:12:30.491 [info] > git show --textconv :app/Http/Controllers/Api/EquipeController.php [332ms]
2024-04-02 16:12:30.492 [info] > git ls-files --stage -- /home/louis/api_louis/app/Http/Controllers/Api/EquipeController.php [281ms]
2024-04-02 16:12:30.588 [info] > git cat-file -s 8a953de0a592fbde63c8d8233789413368df2d15 [11ms]
2024-04-02 16:13:49.621 [info] > git show --textconv :app/Http/Controllers/Api/PostController.php [29ms]
2024-04-02 16:13:49.622 [info] > git ls-files --stage -- /home/louis/api_louis/app/Http/Controllers/Api/PostController.php [5ms]
2024-04-02 16:13:49.650 [info] > git cat-file -s 0a896785421db36bab0b82cfe6056cb1a47178ad [3ms]
2024-04-02 16:15:33.981 [info] > git show --textconv :app/Http/Controllers/Api/UserController.php [24ms]
2024-04-02 16:15:33.985 [info] > git ls-files --stage -- /home/louis/api_louis/app/Http/Controllers/Api/UserController.php [5ms]
2024-04-02 16:15:34.010 [info] > git cat-file -s 0fe9ad7c9ee42ae645e2cabe118ff602ed237b44 [3ms]
