2024-04-15 07:23:37.227 [info] Log level: Info
2024-04-15 07:23:37.227 [info] Validating found git in: "git"
2024-04-15 07:23:37.227 [info] Using git "2.39.2" from "git"
2024-04-15 07:23:37.227 [info] > git rev-parse --show-toplevel [11ms]
2024-04-15 07:23:37.227 [info] > git rev-parse --git-dir --git-common-dir [7ms]
2024-04-15 07:23:37.227 [info] Open repository: /home/louis
2024-04-15 07:23:37.227 [info] > git config --get commit.template [24ms]
2024-04-15 07:23:37.227 [info] > git rev-parse --show-toplevel [14ms]
2024-04-15 07:23:37.227 [info] > git rev-parse --show-toplevel [6ms]
2024-04-15 07:23:37.227 [info] > git for-each-ref --format=%(refname)%00%(upstream:short)%00%(objectname)%00%(upstream:track)%00%(upstream:remotename)%00%(upstream:remoteref) refs/heads/main refs/remotes/main [46ms]
2024-04-15 07:23:37.227 [info] > git rev-parse --show-toplevel [43ms]
2024-04-15 07:23:37.227 [info] > git rev-parse --show-toplevel [3ms]
2024-04-15 07:23:37.227 [info] > git rev-parse --show-toplevel [4ms]
2024-04-15 07:23:37.228 [info] > git rev-parse --show-toplevel [16ms]
2024-04-15 07:23:37.228 [info] > git rev-parse --show-toplevel [4ms]
2024-04-15 07:23:37.228 [info] > git rev-parse --show-toplevel [4ms]
2024-04-15 07:23:37.228 [info] > git rev-parse --show-toplevel [5ms]
2024-04-15 07:23:37.228 [info] > git rev-parse --show-toplevel [7ms]
2024-04-15 07:23:37.228 [info] > git rev-parse --git-dir --git-common-dir [3ms]
2024-04-15 07:23:37.228 [info] Open repository: /home/louis/api_louis
2024-04-15 07:23:37.228 [info] > git config --get commit.template [83ms]
2024-04-15 07:23:37.228 [info] > git rev-parse --show-toplevel [80ms]
2024-04-15 07:23:37.237 [info] > git rev-parse --show-toplevel [22ms]
2024-04-15 07:23:37.258 [info] > git for-each-ref --format=%(refname)%00%(upstream:short)%00%(objectname)%00%(upstream:track)%00%(upstream:remotename)%00%(upstream:remoteref) refs/heads/main refs/remotes/main [65ms]
2024-04-15 07:23:37.459 [info] > git status -z -uall [177ms]
2024-04-15 07:23:37.506 [info] > git merge-base refs/heads/main refs/remotes/origin/main [32ms]
2024-04-15 07:23:37.526 [info] > git config --get commit.template [21ms]
2024-04-15 07:23:37.540 [info] > git rev-list --count --left-right refs/heads/main...refs/remotes/origin/main [17ms]
2024-04-15 07:23:37.558 [info] > git for-each-ref --format=%(refname)%00%(upstream:short)%00%(objectname)%00%(upstream:track)%00%(upstream:remotename)%00%(upstream:remoteref) refs/heads/main refs/remotes/main [19ms]
2024-04-15 07:23:37.634 [info] > git status -z -uall [62ms]
2024-04-15 07:23:37.641 [info] > git diff --name-status -z --diff-filter=ADMR 0dcaf4832d0ef5956626818c6faf388aa3445dee...refs/remotes/origin/main [85ms]
2024-04-15 07:23:38.202 [info] > git check-ignore -v -z --stdin [41ms]
2024-04-15 07:23:38.211 [info] > git check-ignore -v -z --stdin [13ms]
2024-04-15 07:23:40.873 [info] > git status -z -uall [4016ms] (cancelled)
2024-04-15 07:23:40.874 [info] > git show --textconv :ligue1-frontend/src/pages/Match/Match.js [2502ms]
2024-04-15 07:23:40.874 [info] > git ls-files --stage -- /home/louis/ligue1-frontend/src/pages/Match/Match.js [2473ms]
2024-04-15 07:23:45.388 [info] > git merge-base refs/heads/main refs/remotes/origin/main [5319ms]
2024-04-15 07:23:46.620 [info] > git rev-list --count --left-right refs/heads/main...refs/remotes/origin/main [1202ms]
2024-04-15 07:23:46.661 [info] > git config --get commit.template [1284ms]
2024-04-15 07:23:46.817 [info] > git diff --name-status -z --diff-filter=ADMR 73978d91c7f16ccb3cd5807fd7b6f1aed709517e...refs/remotes/origin/main [156ms]
2024-04-15 07:23:46.836 [info] > git for-each-ref --format=%(refname)%00%(upstream:short)%00%(objectname)%00%(upstream:track)%00%(upstream:remotename)%00%(upstream:remoteref) refs/heads/main refs/remotes/main [27ms]
2024-04-15 07:23:50.547 [info] > git status -z -uall [3548ms] (cancelled)
2024-04-15 07:31:08.426 [info] > git config --get commit.template [36ms]
2024-04-15 07:31:08.433 [info] > git for-each-ref --format=%(refname)%00%(upstream:short)%00%(objectname)%00%(upstream:track)%00%(upstream:remotename)%00%(upstream:remoteref) refs/heads/main refs/remotes/main [10ms]
2024-04-15 07:31:08.491 [info] > git status -z -uall [23ms]
2024-04-15 07:31:08.815 [info] > git check-ignore -v -z --stdin [4ms]
2024-04-15 07:31:11.688 [info] > git check-ignore -v -z --stdin [26ms]
2024-04-15 07:31:12.566 [info] > git show --textconv :ligue1-frontend/src/pages/Match/Match.js [410ms]
2024-04-15 07:31:12.566 [info] > git ls-files --stage -- /home/louis/ligue1-frontend/src/pages/Match/Match.js [372ms]
2024-04-15 07:31:29.022 [info] > git check-ignore -v -z --stdin [2ms]
2024-04-15 07:31:31.769 [info] > git show --textconv :ligue1-frontend/src/pages/Equipe/Equipe.js [35ms]
2024-04-15 07:31:31.770 [info] > git ls-files --stage -- /home/louis/ligue1-frontend/src/pages/Equipe/Equipe.js [3ms]
2024-04-15 07:33:41.693 [info] > git show --textconv :ligue1-frontend/.env [38ms]
2024-04-15 07:33:41.694 [info] > git ls-files --stage -- /home/louis/ligue1-frontend/.env [3ms]
2024-04-15 07:34:04.765 [info] > git check-ignore -v -z --stdin [2ms]
2024-04-15 07:34:09.706 [info] > git show --textconv :ligue1-frontend/src/api/BaseAPI.js [41ms]
2024-04-15 07:34:09.709 [info] > git ls-files --stage -- /home/louis/ligue1-frontend/src/api/BaseAPI.js [8ms]
2024-04-15 07:34:10.925 [info] > git show --textconv :ligue1-frontend/src/api/LoginPageApi.js [32ms]
2024-04-15 07:34:10.927 [info] > git ls-files --stage -- /home/louis/ligue1-frontend/src/api/LoginPageApi.js [3ms]
2024-04-15 07:34:21.057 [info] > git check-ignore -v -z --stdin [2ms]
2024-04-15 07:34:23.652 [info] > git check-ignore -v -z --stdin [2ms]
2024-04-15 07:34:28.534 [info] > git show --textconv :ligue1-frontend/src/pages/Equipe/Equipe.js [33ms]
2024-04-15 07:34:28.538 [info] > git ls-files --stage -- /home/louis/ligue1-frontend/src/pages/Equipe/Equipe.js [6ms]
