2024-05-07 13:15:42.739 [info] Log level: Info
2024-05-07 13:15:42.740 [info] Validating found git in: "git"
2024-05-07 13:15:42.740 [info] Using git "2.39.2" from "git"
2024-05-07 13:15:42.741 [info] > git rev-parse --show-toplevel [388ms]
2024-05-07 13:15:43.351 [info] > git rev-parse --git-dir --git-common-dir [633ms]
2024-05-07 13:15:43.392 [info] Open repository: /home/louis
2024-05-07 13:15:43.586 [info] > git rev-parse --show-toplevel [106ms]
2024-05-07 13:15:43.608 [info] > git config --get commit.template [133ms]
2024-05-07 13:15:43.798 [info] > git rev-parse --show-toplevel [123ms]
2024-05-07 13:15:43.898 [info] > git rev-parse --show-toplevel [9ms]
2024-05-07 13:15:43.912 [info] > git for-each-ref --format=%(refname)%00%(upstream:short)%00%(objectname)%00%(upstream:track)%00%(upstream:remotename)%00%(upstream:remoteref) refs/heads/main refs/remotes/main [169ms]
2024-05-07 13:15:44.006 [info] > git rev-parse --show-toplevel [41ms]
2024-05-07 13:15:44.286 [info] > git rev-parse --show-toplevel [199ms]
2024-05-07 13:15:44.373 [info] > git rev-parse --show-toplevel [3ms]
2024-05-07 13:15:44.667 [info] > git check-ignore -v -z --stdin [525ms]
2024-05-07 13:15:44.691 [info] > git rev-parse --show-toplevel [27ms]
2024-05-07 13:15:44.772 [info] > git rev-parse --show-toplevel [4ms]
2024-05-07 13:15:44.794 [info] > git rev-parse --show-toplevel [4ms]
2024-05-07 13:15:44.812 [info] > git rev-parse --show-toplevel [3ms]
2024-05-07 13:15:44.844 [info] > git rev-parse --show-toplevel [16ms]
2024-05-07 13:15:44.907 [info] > git rev-parse --show-toplevel [2ms]
2024-05-07 13:15:44.943 [info] > git rev-parse --show-toplevel [2ms]
2024-05-07 13:15:45.146 [info] > git show --textconv :ligue1-frontend/src/app/App.js [106ms]
2024-05-07 13:15:45.202 [info] > git ls-files --stage -- /home/louis/ligue1-frontend/src/app/App.js [115ms]
2024-05-07 13:15:45.232 [info] > git cat-file -s f3d2ceb3360644efd84caa6b4dab49f45bc6f80b [4ms]
2024-05-07 13:16:25.722 [info] > git status -z -uall [41440ms]
2024-05-07 13:16:57.372 [info] > git merge-base refs/heads/main refs/remotes/origin/main [30636ms]
2024-05-07 13:17:09.041 [info] > git rev-list --count --left-right refs/heads/main...refs/remotes/origin/main [11421ms]
2024-05-07 13:17:09.199 [info] > git config --get commit.template [14763ms]
2024-05-07 13:17:13.767 [info] > git diff --name-status -z --diff-filter=ADMR 016921bdb49c091c7a583b20acbbadb709a9c4fb...refs/remotes/origin/main [4636ms]
2024-05-07 13:17:14.681 [info] > git for-each-ref --format=%(refname)%00%(upstream:short)%00%(objectname)%00%(upstream:track)%00%(upstream:remotename)%00%(upstream:remoteref) refs/heads/main refs/remotes/main [723ms]
2024-05-07 13:17:49.910 [info] > git status -z -uall [34578ms]
2024-05-07 13:25:19.728 [info] > git config --get commit.template [37ms]
2024-05-07 13:25:19.772 [info] > git for-each-ref --format=%(refname)%00%(upstream:short)%00%(objectname)%00%(upstream:track)%00%(upstream:remotename)%00%(upstream:remoteref) refs/heads/main refs/remotes/main [47ms]
2024-05-07 13:25:23.491 [info] > git status -z -uall [3681ms]
2024-05-07 13:25:28.611 [info] > git config --get commit.template [2ms]
2024-05-07 13:25:28.650 [info] > git for-each-ref --format=%(refname)%00%(upstream:short)%00%(objectname)%00%(upstream:track)%00%(upstream:remotename)%00%(upstream:remoteref) refs/heads/main refs/remotes/main [3ms]
2024-05-07 13:25:30.510 [info] > git status -z -uall [1816ms]
