2024-04-26 07:24:10.327 [info] Log level: Info
2024-04-26 07:24:10.327 [info] Validating found git in: "git"
2024-04-26 07:24:10.327 [info] Using git "2.39.2" from "git"
2024-04-26 07:24:10.327 [info] > git rev-parse --show-toplevel [17ms]
2024-04-26 07:24:10.327 [info] > git rev-parse --git-dir --git-common-dir [20ms]
2024-04-26 07:24:10.327 [info] Open repository: /home/louis
2024-04-26 07:24:10.327 [info] > git rev-parse --show-toplevel [30ms]
2024-04-26 07:24:10.327 [info] > git config --get commit.template [51ms]
2024-04-26 07:24:10.450 [info] > git rev-parse --show-toplevel [82ms]
2024-04-26 07:24:10.491 [info] > git for-each-ref --format=%(refname)%00%(upstream:short)%00%(objectname)%00%(upstream:track)%00%(upstream:remotename)%00%(upstream:remoteref) refs/heads/main refs/remotes/main [69ms]
2024-04-26 07:24:10.597 [info] > git rev-parse --show-toplevel [107ms]
2024-04-26 07:24:10.648 [info] > git rev-parse --show-toplevel [25ms]
2024-04-26 07:24:10.779 [info] > git rev-parse --show-toplevel [7ms]
2024-04-26 07:24:10.853 [info] > git rev-parse --show-toplevel [56ms]
2024-04-26 07:24:10.896 [info] > git rev-parse --show-toplevel [11ms]
2024-04-26 07:24:10.948 [info] > git rev-parse --show-toplevel [7ms]
2024-04-26 07:24:10.989 [info] > git check-ignore -v -z --stdin [138ms]
2024-04-26 07:24:11.002 [info] > git rev-parse --show-toplevel [13ms]
2024-04-26 07:24:11.051 [info] > git rev-parse --show-toplevel [9ms]
2024-04-26 07:24:11.084 [info] > git rev-parse --show-toplevel [6ms]
2024-04-26 07:24:11.125 [info] > git rev-parse --show-toplevel [11ms]
2024-04-26 07:24:11.154 [info] > git rev-parse --show-toplevel [6ms]
2024-04-26 07:24:11.281 [info] > git show --textconv :ligue1-frontend/src/pages/ResumeVideo/ResumeVideo.css [56ms]
2024-04-26 07:24:11.334 [info] > git ls-files --stage -- /home/louis/ligue1-frontend/src/pages/ResumeVideo/ResumeVideo.css [54ms]
2024-04-26 07:24:11.589 [info] > git status -z -uall [1006ms]
2024-04-26 07:24:12.364 [info] > git merge-base refs/heads/main refs/remotes/origin/main [728ms]
2024-04-26 07:24:12.399 [info] > git config --get commit.template [75ms]
2024-04-26 07:24:12.406 [info] > git rev-list --count --left-right refs/heads/main...refs/remotes/origin/main [19ms]
2024-04-26 07:24:12.453 [info] > git diff --name-status -z --diff-filter=ADMR 0b25762d77507ec4418cff933308f90e6c71cf21...refs/remotes/origin/main [26ms]
2024-04-26 07:24:12.469 [info] > git for-each-ref --format=%(refname)%00%(upstream:short)%00%(objectname)%00%(upstream:track)%00%(upstream:remotename)%00%(upstream:remoteref) refs/heads/main refs/remotes/main [20ms]
2024-04-26 07:24:14.946 [info] > git status -z -uall [2454ms]
2024-04-26 07:24:23.317 [info] > git config --get commit.template [3ms]
2024-04-26 07:24:23.344 [info] > git for-each-ref --format=%(refname)%00%(upstream:short)%00%(objectname)%00%(upstream:track)%00%(upstream:remotename)%00%(upstream:remoteref) refs/heads/main refs/remotes/main [4ms]
2024-04-26 07:24:23.613 [info] > git status -z -uall [247ms]
2024-04-26 07:24:28.686 [info] > git config --get commit.template [23ms]
2024-04-26 07:24:28.689 [info] > git for-each-ref --format=%(refname)%00%(upstream:short)%00%(objectname)%00%(upstream:track)%00%(upstream:remotename)%00%(upstream:remoteref) refs/heads/main refs/remotes/main [4ms]
