2024-05-06 07:18:57.419 [info] Log level: Info
2024-05-06 07:18:57.419 [info] Validating found git in: "git"
2024-05-06 07:18:57.419 [info] Using git "2.39.2" from "git"
2024-05-06 07:18:57.419 [info] > git rev-parse --show-toplevel [36ms]
2024-05-06 07:18:57.480 [info] > git rev-parse --git-dir --git-common-dir [28ms]
2024-05-06 07:18:57.519 [info] Open repository: /home/louis
2024-05-06 07:18:57.570 [info] > git config --get commit.template [21ms]
2024-05-06 07:18:57.574 [info] > git rev-parse --show-toplevel [14ms]
2024-05-06 07:18:57.606 [info] > git for-each-ref --format=%(refname)%00%(upstream:short)%00%(objectname)%00%(upstream:track)%00%(upstream:remotename)%00%(upstream:remoteref) refs/heads/main refs/remotes/main [19ms]
2024-05-06 07:18:57.611 [info] > git rev-parse --show-toplevel [8ms]
2024-05-06 07:18:58.111 [info] > git rev-parse --show-toplevel [18ms]
2024-05-06 07:18:58.175 [info] > git rev-parse --show-toplevel [39ms]
2024-05-06 07:18:58.215 [info] > git rev-parse --show-toplevel [17ms]
2024-05-06 07:18:58.306 [info] > git check-ignore -v -z --stdin [200ms]
2024-05-06 07:18:58.309 [info] > git rev-parse --show-toplevel [25ms]
2024-05-06 07:18:58.338 [info] > git rev-parse --show-toplevel [4ms]
2024-05-06 07:18:58.381 [info] > git rev-parse --show-toplevel [11ms]
2024-05-06 07:18:58.406 [info] > git rev-parse --show-toplevel [7ms]
2024-05-06 07:18:58.436 [info] > git rev-parse --show-toplevel [10ms]
2024-05-06 07:18:58.474 [info] > git rev-parse --show-toplevel [2ms]
2024-05-06 07:18:58.541 [info] > git rev-parse --show-toplevel [27ms]
2024-05-06 07:18:58.588 [info] > git rev-parse --show-toplevel [20ms]
2024-05-06 07:18:58.702 [info] > git show --textconv :ligue1-frontend/src/pages/Match/Match.css [70ms]
2024-05-06 07:18:58.718 [info] > git ls-files --stage -- /home/louis/ligue1-frontend/src/pages/Match/Match.css [53ms]
2024-05-06 07:18:58.751 [info] > git cat-file -s d36356abc40b3bee009e4613c362c8142d62e637 [9ms]
2024-05-06 07:18:58.929 [info] > git status -z -uall [765ms]
2024-05-06 07:18:59.573 [info] > git merge-base refs/heads/main refs/remotes/origin/main [621ms]
2024-05-06 07:18:59.602 [info] > git config --get commit.template [49ms]
2024-05-06 07:18:59.627 [info] > git rev-list --count --left-right refs/heads/main...refs/remotes/origin/main [33ms]
2024-05-06 07:18:59.657 [info] > git for-each-ref --format=%(refname)%00%(upstream:short)%00%(objectname)%00%(upstream:track)%00%(upstream:remotename)%00%(upstream:remoteref) refs/heads/main refs/remotes/main [32ms]
2024-05-06 07:18:59.693 [info] > git diff --name-status -z --diff-filter=ADMR 0150d2175f205dc0848f182fc55ac2dff31a60ef...refs/remotes/origin/main [37ms]
2024-05-06 07:19:00.285 [info] > git status -z -uall [593ms]
2024-05-06 07:19:09.061 [info] > git config --get commit.template [3ms]
2024-05-06 07:19:09.088 [info] > git for-each-ref --format=%(refname)%00%(upstream:short)%00%(objectname)%00%(upstream:track)%00%(upstream:remotename)%00%(upstream:remoteref) refs/heads/main refs/remotes/main [3ms]
2024-05-06 07:19:09.383 [info] > git status -z -uall [271ms]
2024-05-06 07:19:10.187 [info] > git check-ignore -v -z --stdin [16ms]
2024-05-06 07:19:14.053 [info] > git check-ignore -v -z --stdin [21ms]
2024-05-06 07:19:14.437 [info] > git config --get commit.template [3ms]
2024-05-06 07:19:14.465 [info] > git for-each-ref --format=%(refname)%00%(upstream:short)%00%(objectname)%00%(upstream:track)%00%(upstream:remotename)%00%(upstream:remoteref) refs/heads/main refs/remotes/main [3ms]
2024-05-06 07:19:14.749 [info] > git status -z -uall [263ms]
2024-05-06 07:19:16.567 [info] > git check-ignore -v -z --stdin [17ms]
2024-05-06 07:19:18.098 [info] > git check-ignore -v -z --stdin [16ms]
2024-05-06 07:19:19.234 [info] > git check-ignore -v -z --stdin [33ms]
2024-05-06 07:19:19.819 [info] > git config --get commit.template [22ms]
2024-05-06 07:19:19.821 [info] > git for-each-ref --format=%(refname)%00%(upstream:short)%00%(objectname)%00%(upstream:track)%00%(upstream:remotename)%00%(upstream:remoteref) refs/heads/main refs/remotes/main [2ms]
2024-05-06 07:19:20.111 [info] > git status -z -uall [268ms]
2024-05-06 07:19:25.184 [info] > git config --get commit.template [2ms]
2024-05-06 07:19:25.212 [info] > git for-each-ref --format=%(refname)%00%(upstream:short)%00%(objectname)%00%(upstream:track)%00%(upstream:remotename)%00%(upstream:remoteref) refs/heads/main refs/remotes/main [3ms]
2024-05-06 07:19:25.538 [info] > git status -z -uall [300ms]
2024-05-06 07:19:26.481 [info] > git check-ignore -v -z --stdin [36ms]
2024-05-06 07:19:30.603 [info] > git config --get commit.template [2ms]
2024-05-06 07:19:30.626 [info] > git for-each-ref --format=%(refname)%00%(upstream:short)%00%(objectname)%00%(upstream:track)%00%(upstream:remotename)%00%(upstream:remoteref) refs/heads/main refs/remotes/main [3ms]
2024-05-06 07:19:30.910 [info] > git status -z -uall [261ms]
2024-05-06 07:19:35.968 [info] > git config --get commit.template [2ms]
2024-05-06 07:19:35.994 [info] > git for-each-ref --format=%(refname)%00%(upstream:short)%00%(objectname)%00%(upstream:track)%00%(upstream:remotename)%00%(upstream:remoteref) refs/heads/main refs/remotes/main [3ms]
2024-05-06 07:19:36.318 [info] > git status -z -uall [292ms]
2024-05-06 07:19:41.407 [info] > git config --get commit.template [26ms]
2024-05-06 07:19:41.408 [info] > git for-each-ref --format=%(refname)%00%(upstream:short)%00%(objectname)%00%(upstream:track)%00%(upstream:remotename)%00%(upstream:remoteref) refs/heads/main refs/remotes/main [5ms]
2024-05-06 07:19:41.693 [info] > git status -z -uall [261ms]
2024-05-06 07:19:46.774 [info] > git config --get commit.template [25ms]
2024-05-06 07:19:46.775 [info] > git for-each-ref --format=%(refname)%00%(upstream:short)%00%(objectname)%00%(upstream:track)%00%(upstream:remotename)%00%(upstream:remoteref) refs/heads/main refs/remotes/main [3ms]
2024-05-06 07:19:47.068 [info] > git status -z -uall [270ms]
2024-05-06 07:21:24.515 [info] > git config --get commit.template [22ms]
2024-05-06 07:21:24.516 [info] > git for-each-ref --format=%(refname)%00%(upstream:short)%00%(objectname)%00%(upstream:track)%00%(upstream:remotename)%00%(upstream:remoteref) refs/heads/main refs/remotes/main [5ms]
2024-05-06 07:21:24.778 [info] > git status -z -uall [244ms]
2024-05-06 07:21:29.853 [info] > git config --get commit.template [21ms]
2024-05-06 07:21:29.854 [info] > git for-each-ref --format=%(refname)%00%(upstream:short)%00%(objectname)%00%(upstream:track)%00%(upstream:remotename)%00%(upstream:remoteref) refs/heads/main refs/remotes/main [4ms]
2024-05-06 07:21:30.147 [info] > git status -z -uall [275ms]
2024-05-06 07:21:35.209 [info] > git config --get commit.template [3ms]
2024-05-06 07:21:35.233 [info] > git for-each-ref --format=%(refname)%00%(upstream:short)%00%(objectname)%00%(upstream:track)%00%(upstream:remotename)%00%(upstream:remoteref) refs/heads/main refs/remotes/main [4ms]
2024-05-06 07:21:35.564 [info] > git status -z -uall [311ms]
2024-05-06 07:21:40.642 [info] > git config --get commit.template [20ms]
2024-05-06 07:21:40.643 [info] > git for-each-ref --format=%(refname)%00%(upstream:short)%00%(objectname)%00%(upstream:track)%00%(upstream:remotename)%00%(upstream:remoteref) refs/heads/main refs/remotes/main [2ms]
2024-05-06 07:21:40.936 [info] > git status -z -uall [273ms]
2024-05-06 07:21:45.989 [info] > git config --get commit.template [2ms]
2024-05-06 07:21:46.015 [info] > git for-each-ref --format=%(refname)%00%(upstream:short)%00%(objectname)%00%(upstream:track)%00%(upstream:remotename)%00%(upstream:remoteref) refs/heads/main refs/remotes/main [5ms]
2024-05-06 07:21:46.288 [info] > git status -z -uall [250ms]
2024-05-06 07:21:51.350 [info] > git config --get commit.template [4ms]
2024-05-06 07:21:51.374 [info] > git for-each-ref --format=%(refname)%00%(upstream:short)%00%(objectname)%00%(upstream:track)%00%(upstream:remotename)%00%(upstream:remoteref) refs/heads/main refs/remotes/main [2ms]
2024-05-06 07:21:51.693 [info] > git status -z -uall [296ms]
2024-05-06 07:21:56.769 [info] > git config --get commit.template [25ms]
2024-05-06 07:21:56.770 [info] > git for-each-ref --format=%(refname)%00%(upstream:short)%00%(objectname)%00%(upstream:track)%00%(upstream:remotename)%00%(upstream:remoteref) refs/heads/main refs/remotes/main [3ms]
2024-05-06 07:21:57.089 [info] > git status -z -uall [296ms]
2024-05-06 07:37:28.200 [info] > git config --get commit.template [23ms]
2024-05-06 07:37:28.204 [info] > git for-each-ref --format=%(refname)%00%(upstream:short)%00%(objectname)%00%(upstream:track)%00%(upstream:remotename)%00%(upstream:remoteref) refs/heads/main refs/remotes/main [5ms]
2024-05-06 07:37:28.497 [info] > git status -z -uall [256ms]
2024-05-06 07:37:33.581 [info] > git config --get commit.template [31ms]
2024-05-06 07:37:33.585 [info] > git for-each-ref --format=%(refname)%00%(upstream:short)%00%(objectname)%00%(upstream:track)%00%(upstream:remotename)%00%(upstream:remoteref) refs/heads/main refs/remotes/main [6ms]
2024-05-06 07:37:33.940 [info] > git status -z -uall [326ms]
2024-05-06 07:37:39.030 [info] > git config --get commit.template [25ms]
2024-05-06 07:37:39.031 [info] > git for-each-ref --format=%(refname)%00%(upstream:short)%00%(objectname)%00%(upstream:track)%00%(upstream:remotename)%00%(upstream:remoteref) refs/heads/main refs/remotes/main [2ms]
2024-05-06 07:37:39.365 [info] > git status -z -uall [312ms]
2024-05-06 07:37:40.794 [info] > git merge-base refs/heads/main refs/remotes/origin/main [3ms]
2024-05-06 07:37:40.823 [info] > git rev-list --count --left-right refs/heads/main...refs/remotes/origin/main [3ms]
2024-05-06 07:37:41.766 [info] > git check-ignore -v -z --stdin [52ms]
2024-05-06 07:37:44.437 [info] > git config --get commit.template [20ms]
2024-05-06 07:37:44.439 [info] > git for-each-ref --format=%(refname)%00%(upstream:short)%00%(objectname)%00%(upstream:track)%00%(upstream:remotename)%00%(upstream:remoteref) refs/heads/main refs/remotes/main [3ms]
2024-05-06 07:37:44.711 [info] > git status -z -uall [250ms]
2024-05-06 07:37:44.790 [info] > git check-ignore -v -z --stdin [33ms]
2024-05-06 07:37:49.788 [info] > git config --get commit.template [26ms]
2024-05-06 07:37:49.789 [info] > git for-each-ref --format=%(refname)%00%(upstream:short)%00%(objectname)%00%(upstream:track)%00%(upstream:remotename)%00%(upstream:remoteref) refs/heads/main refs/remotes/main [3ms]
2024-05-06 07:37:50.110 [info] > git status -z -uall [295ms]
2024-05-06 07:37:55.156 [info] > git config --get commit.template [2ms]
2024-05-06 07:37:55.194 [info] > git for-each-ref --format=%(refname)%00%(upstream:short)%00%(objectname)%00%(upstream:track)%00%(upstream:remotename)%00%(upstream:remoteref) refs/heads/main refs/remotes/main [3ms]
2024-05-06 07:37:55.495 [info] > git status -z -uall [268ms]
2024-05-06 07:38:00.555 [info] > git config --get commit.template [4ms]
2024-05-06 07:38:00.584 [info] > git for-each-ref --format=%(refname)%00%(upstream:short)%00%(objectname)%00%(upstream:track)%00%(upstream:remotename)%00%(upstream:remoteref) refs/heads/main refs/remotes/main [3ms]
2024-05-06 07:38:00.881 [info] > git status -z -uall [271ms]
2024-05-06 07:38:04.112 [info] > git check-ignore -v -z --stdin [20ms]
2024-05-06 07:38:05.978 [info] > git for-each-ref --format=%(refname)%00%(upstream:short)%00%(objectname)%00%(upstream:track)%00%(upstream:remotename)%00%(upstream:remoteref) refs/heads/main refs/remotes/main [2ms]
2024-05-06 07:38:05.980 [info] > git config --get commit.template [30ms]
2024-05-06 07:38:06.283 [info] > git status -z -uall [272ms]
2024-05-06 07:38:12.490 [info] > git config --get commit.template [2ms]
2024-05-06 07:38:12.514 [info] > git for-each-ref --format=%(refname)%00%(upstream:short)%00%(objectname)%00%(upstream:track)%00%(upstream:remotename)%00%(upstream:remoteref) refs/heads/main refs/remotes/main [3ms]
2024-05-06 07:38:12.833 [info] > git status -z -uall [295ms]
2024-05-06 07:38:14.178 [info] > git check-ignore -v -z --stdin [21ms]
2024-05-06 07:38:15.964 [info] > git show --textconv :api_louis/tests/TestCase.php [54ms]
2024-05-06 07:38:16.029 [info] > git ls-files --stage -- /home/louis/api_louis/tests/TestCase.php [70ms]
2024-05-06 07:38:16.111 [info] > git cat-file -s 2932d4a69d6554cec4dea94e3194351710bd659e [11ms]
2024-05-06 07:38:16.922 [info] > git show --textconv :api_louis/tests/CreatesApplication.php [44ms]
2024-05-06 07:38:16.936 [info] > git ls-files --stage -- /home/louis/api_louis/tests/CreatesApplication.php [16ms]
2024-05-06 07:38:16.966 [info] > git cat-file -s cc68301129ceb87d18e18e7b84de3bbb31d06034 [5ms]
2024-05-06 07:38:17.916 [info] > git config --get commit.template [29ms]
2024-05-06 07:38:17.921 [info] > git for-each-ref --format=%(refname)%00%(upstream:short)%00%(objectname)%00%(upstream:track)%00%(upstream:remotename)%00%(upstream:remoteref) refs/heads/main refs/remotes/main [7ms]
2024-05-06 07:38:18.460 [info] > git status -z -uall [513ms]
2024-05-06 07:38:20.551 [info] > git check-ignore -v -z --stdin [17ms]
2024-05-06 07:38:21.030 [info] > git show --textconv :api_louis/tests/Unit/ExampleTest.php [27ms]
2024-05-06 07:38:21.040 [info] > git ls-files --stage -- /home/louis/api_louis/tests/Unit/ExampleTest.php [10ms]
2024-05-06 07:38:21.062 [info] > git cat-file -s 5773b0ceb771e176520d5a9c1efe5e918878318d [2ms]
2024-05-06 07:38:22.005 [info] > git show --textconv :api_louis/tests/Unit/UsersTest.php [23ms]
2024-05-06 07:38:22.014 [info] > git ls-files --stage -- /home/louis/api_louis/tests/Unit/UsersTest.php [10ms]
2024-05-06 07:38:22.036 [info] > git cat-file -s a4377ef69dcb4bf5cb11c90a6f954e72b945bb13 [2ms]
2024-05-06 07:38:23.534 [info] > git config --get commit.template [20ms]
2024-05-06 07:38:23.536 [info] > git for-each-ref --format=%(refname)%00%(upstream:short)%00%(objectname)%00%(upstream:track)%00%(upstream:remotename)%00%(upstream:remoteref) refs/heads/main refs/remotes/main [3ms]
2024-05-06 07:38:23.926 [info] > git status -z -uall [369ms]
2024-05-06 07:38:33.622 [info] > git config --get commit.template [2ms]
2024-05-06 07:38:33.646 [info] > git for-each-ref --format=%(refname)%00%(upstream:short)%00%(objectname)%00%(upstream:track)%00%(upstream:remotename)%00%(upstream:remoteref) refs/heads/main refs/remotes/main [3ms]
2024-05-06 07:38:34.024 [info] > git status -z -uall [352ms]
2024-05-06 07:38:39.096 [info] > git config --get commit.template [21ms]
2024-05-06 07:38:39.127 [info] > git for-each-ref --format=%(refname)%00%(upstream:short)%00%(objectname)%00%(upstream:track)%00%(upstream:remotename)%00%(upstream:remoteref) refs/heads/main refs/remotes/main [3ms]
2024-05-06 07:38:39.596 [info] > git status -z -uall [442ms]
2024-05-06 07:38:44.678 [info] > git config --get commit.template [26ms]
2024-05-06 07:38:44.681 [info] > git for-each-ref --format=%(refname)%00%(upstream:short)%00%(objectname)%00%(upstream:track)%00%(upstream:remotename)%00%(upstream:remoteref) refs/heads/main refs/remotes/main [4ms]
2024-05-06 07:38:45.074 [info] > git status -z -uall [366ms]
2024-05-06 07:38:58.144 [info] > git config --get commit.template [24ms]
2024-05-06 07:38:58.145 [info] > git for-each-ref --format=%(refname)%00%(upstream:short)%00%(objectname)%00%(upstream:track)%00%(upstream:remotename)%00%(upstream:remoteref) refs/heads/main refs/remotes/main [2ms]
2024-05-06 07:38:58.527 [info] > git status -z -uall [361ms]
2024-05-06 07:39:03.585 [info] > git config --get commit.template [3ms]
2024-05-06 07:39:03.613 [info] > git for-each-ref --format=%(refname)%00%(upstream:short)%00%(objectname)%00%(upstream:track)%00%(upstream:remotename)%00%(upstream:remoteref) refs/heads/main refs/remotes/main [4ms]
2024-05-06 07:39:04.106 [info] > git status -z -uall [462ms]
2024-05-06 07:39:48.584 [info] > git config --get commit.template [24ms]
2024-05-06 07:39:48.586 [info] > git for-each-ref --format=%(refname)%00%(upstream:short)%00%(objectname)%00%(upstream:track)%00%(upstream:remotename)%00%(upstream:remoteref) refs/heads/main refs/remotes/main [5ms]
2024-05-06 07:39:48.978 [info] > git status -z -uall [363ms]
2024-05-06 07:39:54.064 [info] > git config --get commit.template [27ms]
2024-05-06 07:39:54.066 [info] > git for-each-ref --format=%(refname)%00%(upstream:short)%00%(objectname)%00%(upstream:track)%00%(upstream:remotename)%00%(upstream:remoteref) refs/heads/main refs/remotes/main [5ms]
2024-05-06 07:39:54.446 [info] > git status -z -uall [356ms]
2024-05-06 07:40:00.829 [info] > git config --get commit.template [39ms]
2024-05-06 07:40:00.832 [info] > git for-each-ref --format=%(refname)%00%(upstream:short)%00%(objectname)%00%(upstream:track)%00%(upstream:remotename)%00%(upstream:remoteref) refs/heads/main refs/remotes/main [4ms]
2024-05-06 07:40:01.290 [info] > git status -z -uall [428ms]
2024-05-06 07:40:55.267 [info] > git config --get commit.template [29ms]
2024-05-06 07:40:55.270 [info] > git for-each-ref --format=%(refname)%00%(upstream:short)%00%(objectname)%00%(upstream:track)%00%(upstream:remotename)%00%(upstream:remoteref) refs/heads/main refs/remotes/main [4ms]
2024-05-06 07:40:55.717 [info] > git status -z -uall [418ms]
2024-05-06 07:41:00.817 [info] > git config --get commit.template [38ms]
2024-05-06 07:41:00.820 [info] > git for-each-ref --format=%(refname)%00%(upstream:short)%00%(objectname)%00%(upstream:track)%00%(upstream:remotename)%00%(upstream:remoteref) refs/heads/main refs/remotes/main [4ms]
2024-05-06 07:41:01.295 [info] > git status -z -uall [442ms]
2024-05-06 07:41:06.363 [info] > git config --get commit.template [2ms]
2024-05-06 07:41:06.392 [info] > git for-each-ref --format=%(refname)%00%(upstream:short)%00%(objectname)%00%(upstream:track)%00%(upstream:remotename)%00%(upstream:remoteref) refs/heads/main refs/remotes/main [3ms]
2024-05-06 07:41:06.828 [info] > git status -z -uall [407ms]
2024-05-06 07:41:11.929 [info] > git config --get commit.template [39ms]
2024-05-06 07:41:11.930 [info] > git for-each-ref --format=%(refname)%00%(upstream:short)%00%(objectname)%00%(upstream:track)%00%(upstream:remotename)%00%(upstream:remoteref) refs/heads/main refs/remotes/main [4ms]
2024-05-06 07:41:12.357 [info] > git status -z -uall [403ms]
2024-05-06 07:41:17.442 [info] > git config --get commit.template [27ms]
2024-05-06 07:41:17.447 [info] > git for-each-ref --format=%(refname)%00%(upstream:short)%00%(objectname)%00%(upstream:track)%00%(upstream:remotename)%00%(upstream:remoteref) refs/heads/main refs/remotes/main [7ms]
2024-05-06 07:41:17.893 [info] > git status -z -uall [417ms]
2024-05-06 07:41:22.952 [info] > git config --get commit.template [2ms]
2024-05-06 07:41:22.991 [info] > git for-each-ref --format=%(refname)%00%(upstream:short)%00%(objectname)%00%(upstream:track)%00%(upstream:remotename)%00%(upstream:remoteref) refs/heads/main refs/remotes/main [7ms]
2024-05-06 07:41:23.473 [info] > git status -z -uall [448ms]
2024-05-06 07:41:28.534 [info] > git config --get commit.template [2ms]
2024-05-06 07:41:28.557 [info] > git for-each-ref --format=%(refname)%00%(upstream:short)%00%(objectname)%00%(upstream:track)%00%(upstream:remotename)%00%(upstream:remoteref) refs/heads/main refs/remotes/main [2ms]
2024-05-06 07:41:28.959 [info] > git status -z -uall [381ms]
2024-05-06 07:41:34.026 [info] > git config --get commit.template [5ms]
2024-05-06 07:41:34.057 [info] > git for-each-ref --format=%(refname)%00%(upstream:short)%00%(objectname)%00%(upstream:track)%00%(upstream:remotename)%00%(upstream:remoteref) refs/heads/main refs/remotes/main [3ms]
2024-05-06 07:41:34.461 [info] > git status -z -uall [376ms]
2024-05-06 07:47:36.654 [info] > git config --get commit.template [3ms]
2024-05-06 07:47:36.697 [info] > git for-each-ref --format=%(refname)%00%(upstream:short)%00%(objectname)%00%(upstream:track)%00%(upstream:remotename)%00%(upstream:remoteref) refs/heads/main refs/remotes/main [5ms]
2024-05-06 07:47:37.130 [info] > git status -z -uall [407ms]
2024-05-06 07:48:36.244 [info] > git config --get commit.template [2ms]
2024-05-06 07:48:36.285 [info] > git for-each-ref --format=%(refname)%00%(upstream:short)%00%(objectname)%00%(upstream:track)%00%(upstream:remotename)%00%(upstream:remoteref) refs/heads/main refs/remotes/main [3ms]
2024-05-06 07:48:36.797 [info] > git status -z -uall [480ms]
2024-05-06 07:49:21.536 [info] > git for-each-ref --format=%(refname)%00%(upstream:short)%00%(objectname)%00%(upstream:track)%00%(upstream:remotename)%00%(upstream:remoteref) refs/heads/main refs/remotes/main [6ms]
2024-05-06 07:49:21.536 [info] > git config --get commit.template [32ms]
2024-05-06 07:49:22.063 [info] > git status -z -uall [501ms]
2024-05-06 07:50:54.766 [info] > git config --get commit.template [24ms]
2024-05-06 07:50:54.767 [info] > git for-each-ref --format=%(refname)%00%(upstream:short)%00%(objectname)%00%(upstream:track)%00%(upstream:remotename)%00%(upstream:remoteref) refs/heads/main refs/remotes/main [3ms]
2024-05-06 07:50:55.181 [info] > git status -z -uall [393ms]
2024-05-06 07:53:03.726 [info] > git config --get commit.template [24ms]
2024-05-06 07:53:03.731 [info] > git for-each-ref --format=%(refname)%00%(upstream:short)%00%(objectname)%00%(upstream:track)%00%(upstream:remotename)%00%(upstream:remoteref) refs/heads/main refs/remotes/main [6ms]
2024-05-06 07:53:04.189 [info] > git status -z -uall [433ms]
2024-05-06 07:53:06.746 [info] > git check-ignore -v -z --stdin [35ms]
2024-05-06 07:53:07.515 [info] > git check-ignore -v -z --stdin [31ms]
2024-05-06 07:53:08.779 [info] > git show --textconv :api_louis/database/migrations/2024_05_06_074805_create_teams_table.php [38ms]
2024-05-06 07:53:08.790 [info] > git ls-files --stage -- /home/louis/api_louis/database/migrations/2024_05_06_074805_create_teams_table.php [14ms]
2024-05-06 07:53:09.275 [info] > git config --get commit.template [24ms]
2024-05-06 07:53:09.279 [info] > git for-each-ref --format=%(refname)%00%(upstream:short)%00%(objectname)%00%(upstream:track)%00%(upstream:remotename)%00%(upstream:remoteref) refs/heads/main refs/remotes/main [6ms]
2024-05-06 07:53:09.732 [info] > git status -z -uall [425ms]
2024-05-06 07:53:14.814 [info] > git config --get commit.template [23ms]
2024-05-06 07:53:14.815 [info] > git for-each-ref --format=%(refname)%00%(upstream:short)%00%(objectname)%00%(upstream:track)%00%(upstream:remotename)%00%(upstream:remoteref) refs/heads/main refs/remotes/main [2ms]
2024-05-06 07:53:15.238 [info] > git status -z -uall [401ms]
2024-05-06 07:53:16.641 [info] > git show --textconv :api_louis/database/migrations/2024_05_06_074850_create_rank_players_table.php [42ms]
2024-05-06 07:53:16.651 [info] > git ls-files --stage -- /home/louis/api_louis/database/migrations/2024_05_06_074850_create_rank_players_table.php [12ms]
2024-05-06 07:53:18.127 [info] > git show --textconv :api_louis/database/migrations/2024_05_06_074805_create_teams_table.php [27ms]
2024-05-06 07:53:18.141 [info] > git ls-files --stage -- /home/louis/api_louis/database/migrations/2024_05_06_074805_create_teams_table.php [15ms]
2024-05-06 07:53:19.145 [info] > git show --textconv :api_louis/database/migrations/2014_10_12_000000_create_users_table.php [24ms]
2024-05-06 07:53:19.158 [info] > git ls-files --stage -- /home/louis/api_louis/database/migrations/2014_10_12_000000_create_users_table.php [14ms]
2024-05-06 07:53:19.185 [info] > git cat-file -s 444fafb7f5328e7adee2e409be0ee197ccaf1940 [3ms]
2024-05-06 07:53:20.335 [info] > git config --get commit.template [24ms]
2024-05-06 07:53:20.336 [info] > git for-each-ref --format=%(refname)%00%(upstream:short)%00%(objectname)%00%(upstream:track)%00%(upstream:remotename)%00%(upstream:remoteref) refs/heads/main refs/remotes/main [3ms]
2024-05-06 07:53:20.763 [info] > git status -z -uall [400ms]
2024-05-06 07:53:25.846 [info] > git config --get commit.template [22ms]
2024-05-06 07:53:25.847 [info] > git for-each-ref --format=%(refname)%00%(upstream:short)%00%(objectname)%00%(upstream:track)%00%(upstream:remotename)%00%(upstream:remoteref) refs/heads/main refs/remotes/main [2ms]
2024-05-06 07:53:26.226 [info] > git status -z -uall [357ms]
2024-05-06 07:53:31.287 [info] > git config --get commit.template [2ms]
2024-05-06 07:53:31.314 [info] > git for-each-ref --format=%(refname)%00%(upstream:short)%00%(objectname)%00%(upstream:track)%00%(upstream:remotename)%00%(upstream:remoteref) refs/heads/main refs/remotes/main [4ms]
2024-05-06 07:53:31.767 [info] > git status -z -uall [427ms]
2024-05-06 07:53:36.842 [info] > git config --get commit.template [25ms]
2024-05-06 07:53:36.843 [info] > git for-each-ref --format=%(refname)%00%(upstream:short)%00%(objectname)%00%(upstream:track)%00%(upstream:remotename)%00%(upstream:remoteref) refs/heads/main refs/remotes/main [3ms]
2024-05-06 07:53:37.256 [info] > git status -z -uall [386ms]
2024-05-06 07:53:42.310 [info] > git config --get commit.template [2ms]
2024-05-06 07:53:42.340 [info] > git for-each-ref --format=%(refname)%00%(upstream:short)%00%(objectname)%00%(upstream:track)%00%(upstream:remotename)%00%(upstream:remoteref) refs/heads/main refs/remotes/main [3ms]
2024-05-06 07:53:42.770 [info] > git status -z -uall [402ms]
2024-05-06 07:53:47.848 [info] > git config --get commit.template [23ms]
2024-05-06 07:53:47.849 [info] > git for-each-ref --format=%(refname)%00%(upstream:short)%00%(objectname)%00%(upstream:track)%00%(upstream:remotename)%00%(upstream:remoteref) refs/heads/main refs/remotes/main [3ms]
2024-05-06 07:53:48.274 [info] > git status -z -uall [401ms]
2024-05-06 07:53:53.356 [info] > git config --get commit.template [22ms]
2024-05-06 07:53:53.357 [info] > git for-each-ref --format=%(refname)%00%(upstream:short)%00%(objectname)%00%(upstream:track)%00%(upstream:remotename)%00%(upstream:remoteref) refs/heads/main refs/remotes/main [3ms]
2024-05-06 07:53:53.737 [info] > git status -z -uall [357ms]
2024-05-06 07:53:58.794 [info] > git config --get commit.template [4ms]
2024-05-06 07:53:58.820 [info] > git for-each-ref --format=%(refname)%00%(upstream:short)%00%(objectname)%00%(upstream:track)%00%(upstream:remotename)%00%(upstream:remoteref) refs/heads/main refs/remotes/main [4ms]
2024-05-06 07:53:59.201 [info] > git status -z -uall [357ms]
2024-05-06 07:54:04.272 [info] > git config --get commit.template [23ms]
2024-05-06 07:54:04.274 [info] > git for-each-ref --format=%(refname)%00%(upstream:short)%00%(objectname)%00%(upstream:track)%00%(upstream:remotename)%00%(upstream:remoteref) refs/heads/main refs/remotes/main [3ms]
2024-05-06 07:54:04.689 [info] > git status -z -uall [388ms]
2024-05-06 07:54:09.770 [info] > git config --get commit.template [28ms]
2024-05-06 07:54:09.771 [info] > git for-each-ref --format=%(refname)%00%(upstream:short)%00%(objectname)%00%(upstream:track)%00%(upstream:remotename)%00%(upstream:remoteref) refs/heads/main refs/remotes/main [3ms]
2024-05-06 07:54:10.261 [info] > git status -z -uall [447ms]
2024-05-06 07:54:22.806 [info] > git config --get commit.template [27ms]
2024-05-06 07:54:22.807 [info] > git for-each-ref --format=%(refname)%00%(upstream:short)%00%(objectname)%00%(upstream:track)%00%(upstream:remotename)%00%(upstream:remoteref) refs/heads/main refs/remotes/main [2ms]
2024-05-06 07:54:23.206 [info] > git status -z -uall [375ms]
2024-05-06 07:54:28.293 [info] > git config --get commit.template [28ms]
2024-05-06 07:54:28.295 [info] > git for-each-ref --format=%(refname)%00%(upstream:short)%00%(objectname)%00%(upstream:track)%00%(upstream:remotename)%00%(upstream:remoteref) refs/heads/main refs/remotes/main [3ms]
2024-05-06 07:54:28.714 [info] > git status -z -uall [390ms]
2024-05-06 07:54:33.797 [info] > git config --get commit.template [26ms]
2024-05-06 07:54:33.798 [info] > git for-each-ref --format=%(refname)%00%(upstream:short)%00%(objectname)%00%(upstream:track)%00%(upstream:remotename)%00%(upstream:remoteref) refs/heads/main refs/remotes/main [2ms]
2024-05-06 07:54:34.160 [info] > git status -z -uall [337ms]
2024-05-06 07:54:39.421 [info] > git config --get commit.template [3ms]
2024-05-06 07:54:39.452 [info] > git for-each-ref --format=%(refname)%00%(upstream:short)%00%(objectname)%00%(upstream:track)%00%(upstream:remotename)%00%(upstream:remoteref) refs/heads/main refs/remotes/main [3ms]
2024-05-06 07:54:39.872 [info] > git status -z -uall [389ms]
2024-05-06 07:54:54.711 [info] > git config --get commit.template [31ms]
2024-05-06 07:54:54.712 [info] > git for-each-ref --format=%(refname)%00%(upstream:short)%00%(objectname)%00%(upstream:track)%00%(upstream:remotename)%00%(upstream:remoteref) refs/heads/main refs/remotes/main [2ms]
2024-05-06 07:54:55.157 [info] > git status -z -uall [412ms]
2024-05-06 07:55:00.251 [info] > git config --get commit.template [35ms]
2024-05-06 07:55:00.253 [info] > git for-each-ref --format=%(refname)%00%(upstream:short)%00%(objectname)%00%(upstream:track)%00%(upstream:remotename)%00%(upstream:remoteref) refs/heads/main refs/remotes/main [3ms]
2024-05-06 07:55:00.759 [info] > git status -z -uall [475ms]
2024-05-06 07:55:05.958 [info] > git config --get commit.template [3ms]
2024-05-06 07:55:05.990 [info] > git for-each-ref --format=%(refname)%00%(upstream:short)%00%(objectname)%00%(upstream:track)%00%(upstream:remotename)%00%(upstream:remoteref) refs/heads/main refs/remotes/main [3ms]
2024-05-06 07:55:06.468 [info] > git status -z -uall [444ms]
2024-05-06 07:55:17.693 [info] > git config --get commit.template [3ms]
2024-05-06 07:55:17.731 [info] > git for-each-ref --format=%(refname)%00%(upstream:short)%00%(objectname)%00%(upstream:track)%00%(upstream:remotename)%00%(upstream:remoteref) refs/heads/main refs/remotes/main [3ms]
2024-05-06 07:55:18.179 [info] > git status -z -uall [417ms]
2024-05-06 07:55:23.257 [info] > git config --get commit.template [28ms]
2024-05-06 07:55:23.258 [info] > git for-each-ref --format=%(refname)%00%(upstream:short)%00%(objectname)%00%(upstream:track)%00%(upstream:remotename)%00%(upstream:remoteref) refs/heads/main refs/remotes/main [2ms]
2024-05-06 07:55:23.638 [info] > git status -z -uall [353ms]
2024-05-06 07:55:29.135 [info] > git config --get commit.template [2ms]
2024-05-06 07:55:29.177 [info] > git for-each-ref --format=%(refname)%00%(upstream:short)%00%(objectname)%00%(upstream:track)%00%(upstream:remotename)%00%(upstream:remoteref) refs/heads/main refs/remotes/main [14ms]
2024-05-06 07:55:29.571 [info] > git status -z -uall [363ms]
2024-05-06 07:55:34.651 [info] > git config --get commit.template [28ms]
2024-05-06 07:55:34.652 [info] > git for-each-ref --format=%(refname)%00%(upstream:short)%00%(objectname)%00%(upstream:track)%00%(upstream:remotename)%00%(upstream:remoteref) refs/heads/main refs/remotes/main [3ms]
2024-05-06 07:55:35.040 [info] > git status -z -uall [360ms]
2024-05-06 07:55:45.290 [info] > git config --get commit.template [36ms]
2024-05-06 07:55:45.291 [info] > git for-each-ref --format=%(refname)%00%(upstream:short)%00%(objectname)%00%(upstream:track)%00%(upstream:remotename)%00%(upstream:remoteref) refs/heads/main refs/remotes/main [4ms]
2024-05-06 07:55:45.717 [info] > git status -z -uall [394ms]
2024-05-06 07:55:50.779 [info] > git config --get commit.template [4ms]
2024-05-06 07:55:50.813 [info] > git for-each-ref --format=%(refname)%00%(upstream:short)%00%(objectname)%00%(upstream:track)%00%(upstream:remotename)%00%(upstream:remoteref) refs/heads/main refs/remotes/main [3ms]
2024-05-06 07:55:51.227 [info] > git status -z -uall [383ms]
2024-05-06 07:55:56.282 [info] > git config --get commit.template [1ms]
2024-05-06 07:55:56.317 [info] > git for-each-ref --format=%(refname)%00%(upstream:short)%00%(objectname)%00%(upstream:track)%00%(upstream:remotename)%00%(upstream:remoteref) refs/heads/main refs/remotes/main [3ms]
2024-05-06 07:55:56.705 [info] > git status -z -uall [359ms]
2024-05-06 07:56:01.785 [info] > git config --get commit.template [16ms]
2024-05-06 07:56:01.823 [info] > git for-each-ref --format=%(refname)%00%(upstream:short)%00%(objectname)%00%(upstream:track)%00%(upstream:remotename)%00%(upstream:remoteref) refs/heads/main refs/remotes/main [3ms]
2024-05-06 07:56:02.307 [info] > git status -z -uall [438ms]
2024-05-06 07:56:07.402 [info] > git config --get commit.template [38ms]
2024-05-06 07:56:07.403 [info] > git for-each-ref --format=%(refname)%00%(upstream:short)%00%(objectname)%00%(upstream:track)%00%(upstream:remotename)%00%(upstream:remoteref) refs/heads/main refs/remotes/main [2ms]
2024-05-06 07:56:07.865 [info] > git status -z -uall [427ms]
2024-05-06 07:56:12.982 [info] > git config --get commit.template [37ms]
2024-05-06 07:56:12.983 [info] > git for-each-ref --format=%(refname)%00%(upstream:short)%00%(objectname)%00%(upstream:track)%00%(upstream:remotename)%00%(upstream:remoteref) refs/heads/main refs/remotes/main [3ms]
2024-05-06 07:56:13.466 [info] > git status -z -uall [446ms]
2024-05-06 07:56:18.565 [info] > git config --get commit.template [35ms]
2024-05-06 07:56:18.569 [info] > git for-each-ref --format=%(refname)%00%(upstream:short)%00%(objectname)%00%(upstream:track)%00%(upstream:remotename)%00%(upstream:remoteref) refs/heads/main refs/remotes/main [6ms]
2024-05-06 07:56:19.057 [info] > git status -z -uall [454ms]
2024-05-06 07:56:24.111 [info] > git config --get commit.template [2ms]
2024-05-06 07:56:24.146 [info] > git for-each-ref --format=%(refname)%00%(upstream:short)%00%(objectname)%00%(upstream:track)%00%(upstream:remotename)%00%(upstream:remoteref) refs/heads/main refs/remotes/main [3ms]
2024-05-06 07:56:24.575 [info] > git status -z -uall [393ms]
2024-05-06 07:56:29.660 [info] > git config --get commit.template [33ms]
2024-05-06 07:56:29.661 [info] > git for-each-ref --format=%(refname)%00%(upstream:short)%00%(objectname)%00%(upstream:track)%00%(upstream:remotename)%00%(upstream:remoteref) refs/heads/main refs/remotes/main [2ms]
2024-05-06 07:56:30.058 [info] > git status -z -uall [368ms]
2024-05-06 07:56:33.065 [info] > git show --textconv :api_louis/database/migrations/2024_05_06_074805_create_teams_table.php [36ms]
2024-05-06 07:56:33.077 [info] > git ls-files --stage -- /home/louis/api_louis/database/migrations/2024_05_06_074805_create_teams_table.php [13ms]
2024-05-06 07:56:35.663 [info] > git config --get commit.template [30ms]
2024-05-06 07:56:35.665 [info] > git for-each-ref --format=%(refname)%00%(upstream:short)%00%(objectname)%00%(upstream:track)%00%(upstream:remotename)%00%(upstream:remoteref) refs/heads/main refs/remotes/main [4ms]
2024-05-06 07:56:36.066 [info] > git status -z -uall [367ms]
2024-05-06 07:56:36.645 [info] > git show --textconv :api_louis/database/migrations/2014_10_12_000000_create_users_table.php [37ms]
2024-05-06 07:56:36.655 [info] > git ls-files --stage -- /home/louis/api_louis/database/migrations/2014_10_12_000000_create_users_table.php [12ms]
2024-05-06 07:56:36.689 [info] > git cat-file -s 444fafb7f5328e7adee2e409be0ee197ccaf1940 [2ms]
2024-05-06 07:56:37.567 [info] > git show --textconv :api_louis/database/migrations/2014_10_12_100000_create_password_reset_tokens_table.php [43ms]
2024-05-06 07:56:37.570 [info] > git ls-files --stage -- /home/louis/api_louis/database/migrations/2014_10_12_100000_create_password_reset_tokens_table.php [12ms]
2024-05-06 07:56:37.604 [info] > git cat-file -s 81a7229b085acceacba99220d098fd156abc4eb4 [1ms]
2024-05-06 07:56:39.229 [info] > git show --textconv :api_louis/database/migrations/2019_08_19_000000_create_failed_jobs_table.php [39ms]
2024-05-06 07:56:39.241 [info] > git ls-files --stage -- /home/louis/api_louis/database/migrations/2019_08_19_000000_create_failed_jobs_table.php [13ms]
2024-05-06 07:56:39.274 [info] > git cat-file -s 249da8171acd0816601ccb095c3320393e66dea6 [2ms]
2024-05-06 07:56:40.013 [info] > git show --textconv :api_louis/database/migrations/2014_10_12_000000_create_users_table.php [40ms]
2024-05-06 07:56:40.021 [info] > git ls-files --stage -- /home/louis/api_louis/database/migrations/2014_10_12_000000_create_users_table.php [12ms]
2024-05-06 07:56:40.058 [info] > git cat-file -s 444fafb7f5328e7adee2e409be0ee197ccaf1940 [2ms]
2024-05-06 07:56:40.619 [info] > git show --textconv :api_louis/database/migrations/2024_05_06_074805_create_teams_table.php [34ms]
2024-05-06 07:56:40.631 [info] > git ls-files --stage -- /home/louis/api_louis/database/migrations/2024_05_06_074805_create_teams_table.php [13ms]
2024-05-06 07:56:41.159 [info] > git config --get commit.template [34ms]
2024-05-06 07:56:41.159 [info] > git for-each-ref --format=%(refname)%00%(upstream:short)%00%(objectname)%00%(upstream:track)%00%(upstream:remotename)%00%(upstream:remoteref) refs/heads/main refs/remotes/main [2ms]
2024-05-06 07:56:41.584 [info] > git status -z -uall [390ms]
2024-05-06 07:56:43.164 [info] > git show --textconv :api_louis/database/migrations/2014_10_12_000000_create_users_table.php [36ms]
2024-05-06 07:56:43.173 [info] > git ls-files --stage -- /home/louis/api_louis/database/migrations/2014_10_12_000000_create_users_table.php [12ms]
2024-05-06 07:56:43.209 [info] > git cat-file -s 444fafb7f5328e7adee2e409be0ee197ccaf1940 [2ms]
2024-05-06 07:56:44.805 [info] > git show --textconv :api_louis/database/migrations/2024_05_06_074805_create_teams_table.php [44ms]
2024-05-06 07:56:44.821 [info] > git ls-files --stage -- /home/louis/api_louis/database/migrations/2024_05_06_074805_create_teams_table.php [18ms]
2024-05-06 07:56:46.671 [info] > git config --get commit.template [37ms]
2024-05-06 07:56:46.672 [info] > git for-each-ref --format=%(refname)%00%(upstream:short)%00%(objectname)%00%(upstream:track)%00%(upstream:remotename)%00%(upstream:remoteref) refs/heads/main refs/remotes/main [3ms]
2024-05-06 07:56:47.112 [info] > git status -z -uall [409ms]
2024-05-06 07:56:55.553 [info] > git config --get commit.template [35ms]
2024-05-06 07:56:55.555 [info] > git for-each-ref --format=%(refname)%00%(upstream:short)%00%(objectname)%00%(upstream:track)%00%(upstream:remotename)%00%(upstream:remoteref) refs/heads/main refs/remotes/main [2ms]
2024-05-06 07:56:56.048 [info] > git status -z -uall [455ms]
2024-05-06 07:57:01.139 [info] > git config --get commit.template [34ms]
2024-05-06 07:57:01.143 [info] > git for-each-ref --format=%(refname)%00%(upstream:short)%00%(objectname)%00%(upstream:track)%00%(upstream:remotename)%00%(upstream:remoteref) refs/heads/main refs/remotes/main [5ms]
2024-05-06 07:57:01.677 [info] > git status -z -uall [499ms]
2024-05-06 07:57:06.874 [info] > git config --get commit.template [3ms]
2024-05-06 07:57:06.911 [info] > git for-each-ref --format=%(refname)%00%(upstream:short)%00%(objectname)%00%(upstream:track)%00%(upstream:remotename)%00%(upstream:remoteref) refs/heads/main refs/remotes/main [2ms]
2024-05-06 07:57:07.391 [info] > git status -z -uall [437ms]
2024-05-06 07:57:12.478 [info] > git config --get commit.template [31ms]
2024-05-06 07:57:12.480 [info] > git for-each-ref --format=%(refname)%00%(upstream:short)%00%(objectname)%00%(upstream:track)%00%(upstream:remotename)%00%(upstream:remoteref) refs/heads/main refs/remotes/main [2ms]
2024-05-06 07:57:12.969 [info] > git status -z -uall [456ms]
2024-05-06 07:57:18.029 [info] > git config --get commit.template [6ms]
2024-05-06 07:57:18.059 [info] > git for-each-ref --format=%(refname)%00%(upstream:short)%00%(objectname)%00%(upstream:track)%00%(upstream:remotename)%00%(upstream:remoteref) refs/heads/main refs/remotes/main [2ms]
2024-05-06 07:57:18.541 [info] > git status -z -uall [451ms]
2024-05-06 07:57:23.601 [info] > git config --get commit.template [3ms]
2024-05-06 07:57:23.636 [info] > git for-each-ref --format=%(refname)%00%(upstream:short)%00%(objectname)%00%(upstream:track)%00%(upstream:remotename)%00%(upstream:remoteref) refs/heads/main refs/remotes/main [3ms]
2024-05-06 07:57:24.085 [info] > git status -z -uall [415ms]
2024-05-06 07:57:25.541 [info] > git show --textconv :api_louis/database/migrations/2024_05_06_074850_create_rank_players_table.php [37ms]
2024-05-06 07:57:25.547 [info] > git ls-files --stage -- /home/louis/api_louis/database/migrations/2024_05_06_074850_create_rank_players_table.php [12ms]
2024-05-06 07:57:29.161 [info] > git config --get commit.template [29ms]
2024-05-06 07:57:29.163 [info] > git for-each-ref --format=%(refname)%00%(upstream:short)%00%(objectname)%00%(upstream:track)%00%(upstream:remotename)%00%(upstream:remoteref) refs/heads/main refs/remotes/main [4ms]
2024-05-06 07:57:29.553 [info] > git status -z -uall [361ms]
2024-05-06 07:57:34.652 [info] > git config --get commit.template [37ms]
2024-05-06 07:57:34.654 [info] > git for-each-ref --format=%(refname)%00%(upstream:short)%00%(objectname)%00%(upstream:track)%00%(upstream:remotename)%00%(upstream:remoteref) refs/heads/main refs/remotes/main [4ms]
2024-05-06 07:57:35.124 [info] > git status -z -uall [438ms]
2024-05-06 07:57:40.213 [info] > git config --get commit.template [33ms]
2024-05-06 07:57:40.215 [info] > git for-each-ref --format=%(refname)%00%(upstream:short)%00%(objectname)%00%(upstream:track)%00%(upstream:remotename)%00%(upstream:remoteref) refs/heads/main refs/remotes/main [3ms]
2024-05-06 07:57:40.643 [info] > git status -z -uall [386ms]
2024-05-06 07:57:43.692 [info] > git show --textconv :api_louis/database/migrations/2024_05_06_074805_create_teams_table.php [37ms]
2024-05-06 07:57:43.704 [info] > git ls-files --stage -- /home/louis/api_louis/database/migrations/2024_05_06_074805_create_teams_table.php [15ms]
2024-05-06 07:57:44.859 [info] > git show --textconv :api_louis/database/migrations/2024_05_06_074850_create_rank_players_table.php [52ms]
2024-05-06 07:57:44.872 [info] > git ls-files --stage -- /home/louis/api_louis/database/migrations/2024_05_06_074850_create_rank_players_table.php [14ms]
2024-05-06 07:57:45.740 [info] > git config --get commit.template [37ms]
2024-05-06 07:57:45.741 [info] > git for-each-ref --format=%(refname)%00%(upstream:short)%00%(objectname)%00%(upstream:track)%00%(upstream:remotename)%00%(upstream:remoteref) refs/heads/main refs/remotes/main [3ms]
2024-05-06 07:57:46.185 [info] > git status -z -uall [410ms]
2024-05-06 07:57:51.242 [info] > git config --get commit.template [2ms]
2024-05-06 07:57:51.278 [info] > git for-each-ref --format=%(refname)%00%(upstream:short)%00%(objectname)%00%(upstream:track)%00%(upstream:remotename)%00%(upstream:remoteref) refs/heads/main refs/remotes/main [3ms]
2024-05-06 07:57:51.661 [info] > git status -z -uall [350ms]
2024-05-06 07:57:56.251 [info] > git show --textconv :api_louis/database/migrations/2024_05_06_074805_create_teams_table.php [30ms]
2024-05-06 07:57:56.261 [info] > git ls-files --stage -- /home/louis/api_louis/database/migrations/2024_05_06_074805_create_teams_table.php [11ms]
2024-05-06 07:57:56.740 [info] > git config --get commit.template [31ms]
2024-05-06 07:57:56.742 [info] > git for-each-ref --format=%(refname)%00%(upstream:short)%00%(objectname)%00%(upstream:track)%00%(upstream:remotename)%00%(upstream:remoteref) refs/heads/main refs/remotes/main [3ms]
2024-05-06 07:57:57.246 [info] > git status -z -uall [472ms]
2024-05-06 07:57:59.338 [info] > git show --textconv :api_louis/database/migrations/2024_05_06_074850_create_rank_players_table.php [29ms]
2024-05-06 07:57:59.348 [info] > git ls-files --stage -- /home/louis/api_louis/database/migrations/2024_05_06_074850_create_rank_players_table.php [11ms]
2024-05-06 07:58:00.082 [info] > git show --textconv :api_louis/database/migrations/2024_05_06_074805_create_teams_table.php [45ms]
2024-05-06 07:58:00.093 [info] > git ls-files --stage -- /home/louis/api_louis/database/migrations/2024_05_06_074805_create_teams_table.php [14ms]
2024-05-06 07:58:01.466 [info] > git show --textconv :api_louis/database/migrations/2023_12_20_133208_add_user_id_to_posts_table.php [36ms]
2024-05-06 07:58:01.477 [info] > git ls-files --stage -- /home/louis/api_louis/database/migrations/2023_12_20_133208_add_user_id_to_posts_table.php [12ms]
2024-05-06 07:58:01.514 [info] > git cat-file -s 90c73acf89283fc1790b922c6facda70f4f56aa1 [3ms]
2024-05-06 07:58:02.331 [info] > git config --get commit.template [33ms]
2024-05-06 07:58:02.332 [info] > git for-each-ref --format=%(refname)%00%(upstream:short)%00%(objectname)%00%(upstream:track)%00%(upstream:remotename)%00%(upstream:remoteref) refs/heads/main refs/remotes/main [3ms]
2024-05-06 07:58:02.739 [info] > git status -z -uall [376ms]
2024-05-06 07:58:04.434 [info] > git show --textconv :api_louis/database/migrations/2023_12_20_091023_create_posts_table.php [32ms]
2024-05-06 07:58:04.447 [info] > git ls-files --stage -- /home/louis/api_louis/database/migrations/2023_12_20_091023_create_posts_table.php [14ms]
2024-05-06 07:58:04.480 [info] > git cat-file -s 2b1456117c10099facc8338a0854a629a62f237e [2ms]
2024-05-06 07:58:06.438 [info] > git show --textconv :api_louis/database/migrations/2019_12_14_000001_create_personal_access_tokens_table.php [40ms]
2024-05-06 07:58:06.453 [info] > git ls-files --stage -- /home/louis/api_louis/database/migrations/2019_12_14_000001_create_personal_access_tokens_table.php [15ms]
2024-05-06 07:58:06.493 [info] > git cat-file -s e828ad8189ee7c270c24be93f2eb73d833c0da87 [4ms]
2024-05-06 07:58:07.876 [info] > git config --get commit.template [2ms]
2024-05-06 07:58:07.969 [info] > git show --textconv :api_louis/database/migrations/2019_08_19_000000_create_failed_jobs_table.php [30ms]
2024-05-06 07:58:07.970 [info] > git for-each-ref --format=%(refname)%00%(upstream:short)%00%(objectname)%00%(upstream:track)%00%(upstream:remotename)%00%(upstream:remoteref) refs/heads/main refs/remotes/main [61ms]
2024-05-06 07:58:07.999 [info] > git ls-files --stage -- /home/louis/api_louis/database/migrations/2019_08_19_000000_create_failed_jobs_table.php [32ms]
2024-05-06 07:58:08.037 [info] > git cat-file -s 249da8171acd0816601ccb095c3320393e66dea6 [1ms]
2024-05-06 07:58:08.349 [info] > git status -z -uall [352ms]
2024-05-06 07:58:08.998 [info] > git show --textconv :api_louis/database/migrations/2024_05_06_074805_create_teams_table.php [35ms]
2024-05-06 07:58:09.011 [info] > git ls-files --stage -- /home/louis/api_louis/database/migrations/2024_05_06_074805_create_teams_table.php [14ms]
2024-05-06 07:58:10.331 [info] > git show --textconv :api_louis/database/migrations/2023_12_20_091023_create_posts_table.php [32ms]
2024-05-06 07:58:10.343 [info] > git ls-files --stage -- /home/louis/api_louis/database/migrations/2023_12_20_091023_create_posts_table.php [12ms]
2024-05-06 07:58:10.386 [info] > git cat-file -s 2b1456117c10099facc8338a0854a629a62f237e [7ms]
2024-05-06 07:58:11.678 [info] > git show --textconv :api_louis/database/migrations/2024_05_06_074805_create_teams_table.php [30ms]
2024-05-06 07:58:11.689 [info] > git ls-files --stage -- /home/louis/api_louis/database/migrations/2024_05_06_074805_create_teams_table.php [12ms]
2024-05-06 07:58:13.445 [info] > git config --get commit.template [40ms]
2024-05-06 07:58:13.478 [info] > git for-each-ref --format=%(refname)%00%(upstream:short)%00%(objectname)%00%(upstream:track)%00%(upstream:remotename)%00%(upstream:remoteref) refs/heads/main refs/remotes/main [4ms]
2024-05-06 07:58:13.677 [info] > git show --textconv :api_louis/database/migrations/2024_05_06_074850_create_rank_players_table.php [42ms]
2024-05-06 07:58:13.691 [info] > git ls-files --stage -- /home/louis/api_louis/database/migrations/2024_05_06_074850_create_rank_players_table.php [16ms]
2024-05-06 07:58:13.856 [info] > git status -z -uall [350ms]
2024-05-06 07:58:15.838 [info] > git show --textconv :api_louis/database/migrations/2024_05_06_074805_create_teams_table.php [35ms]
2024-05-06 07:58:15.850 [info] > git ls-files --stage -- /home/louis/api_louis/database/migrations/2024_05_06_074805_create_teams_table.php [14ms]
2024-05-06 07:58:16.409 [info] > git show --textconv :api_louis/database/migrations/2024_05_06_074850_create_rank_players_table.php [30ms]
2024-05-06 07:58:16.421 [info] > git ls-files --stage -- /home/louis/api_louis/database/migrations/2024_05_06_074850_create_rank_players_table.php [13ms]
2024-05-06 07:58:18.949 [info] > git config --get commit.template [40ms]
2024-05-06 07:58:18.950 [info] > git for-each-ref --format=%(refname)%00%(upstream:short)%00%(objectname)%00%(upstream:track)%00%(upstream:remotename)%00%(upstream:remoteref) refs/heads/main refs/remotes/main [3ms]
2024-05-06 07:58:19.379 [info] > git status -z -uall [393ms]
2024-05-06 07:58:48.343 [info] > git config --get commit.template [37ms]
2024-05-06 07:58:48.345 [info] > git for-each-ref --format=%(refname)%00%(upstream:short)%00%(objectname)%00%(upstream:track)%00%(upstream:remotename)%00%(upstream:remoteref) refs/heads/main refs/remotes/main [11ms]
2024-05-06 07:58:48.669 [info] > git show --textconv :api_louis/database/migrations/2014_10_12_000000_create_users_table.php [57ms]
2024-05-06 07:58:48.687 [info] > git ls-files --stage -- /home/louis/api_louis/database/migrations/2014_10_12_000000_create_users_table.php [19ms]
2024-05-06 07:58:48.727 [info] > git cat-file -s 444fafb7f5328e7adee2e409be0ee197ccaf1940 [6ms]
2024-05-06 07:58:48.802 [info] > git status -z -uall [423ms]
2024-05-06 07:58:53.884 [info] > git config --get commit.template [32ms]
2024-05-06 07:58:53.887 [info] > git for-each-ref --format=%(refname)%00%(upstream:short)%00%(objectname)%00%(upstream:track)%00%(upstream:remotename)%00%(upstream:remoteref) refs/heads/main refs/remotes/main [3ms]
2024-05-06 07:58:54.290 [info] > git status -z -uall [368ms]
2024-05-06 07:58:55.912 [info] > git show --textconv :api_louis/database/migrations/2014_10_12_100000_create_password_reset_tokens_table.php [34ms]
2024-05-06 07:58:55.923 [info] > git ls-files --stage -- /home/louis/api_louis/database/migrations/2014_10_12_100000_create_password_reset_tokens_table.php [13ms]
2024-05-06 07:58:55.957 [info] > git cat-file -s 81a7229b085acceacba99220d098fd156abc4eb4 [3ms]
2024-05-06 07:58:59.388 [info] > git config --get commit.template [32ms]
2024-05-06 07:58:59.389 [info] > git for-each-ref --format=%(refname)%00%(upstream:short)%00%(objectname)%00%(upstream:track)%00%(upstream:remotename)%00%(upstream:remoteref) refs/heads/main refs/remotes/main [3ms]
2024-05-06 07:58:59.813 [info] > git status -z -uall [393ms]
2024-05-06 07:59:02.485 [info] > git show --textconv :api_louis/database/migrations/2019_08_19_000000_create_failed_jobs_table.php [37ms]
2024-05-06 07:59:02.500 [info] > git ls-files --stage -- /home/louis/api_louis/database/migrations/2019_08_19_000000_create_failed_jobs_table.php [16ms]
2024-05-06 07:59:02.538 [info] > git cat-file -s 249da8171acd0816601ccb095c3320393e66dea6 [1ms]
2024-05-06 07:59:04.876 [info] > git config --get commit.template [2ms]
2024-05-06 07:59:04.919 [info] > git for-each-ref --format=%(refname)%00%(upstream:short)%00%(objectname)%00%(upstream:track)%00%(upstream:remotename)%00%(upstream:remoteref) refs/heads/main refs/remotes/main [3ms]
2024-05-06 07:59:05.374 [info] > git status -z -uall [424ms]
2024-05-06 07:59:09.488 [info] > git show --textconv :api_louis/database/migrations/2023_12_20_091023_create_posts_table.php [35ms]
2024-05-06 07:59:09.501 [info] > git ls-files --stage -- /home/louis/api_louis/database/migrations/2023_12_20_091023_create_posts_table.php [15ms]
2024-05-06 07:59:09.538 [info] > git cat-file -s 2b1456117c10099facc8338a0854a629a62f237e [3ms]
2024-05-06 07:59:10.481 [info] > git config --get commit.template [37ms]
2024-05-06 07:59:10.483 [info] > git for-each-ref --format=%(refname)%00%(upstream:short)%00%(objectname)%00%(upstream:track)%00%(upstream:remotename)%00%(upstream:remoteref) refs/heads/main refs/remotes/main [3ms]
2024-05-06 07:59:10.934 [info] > git status -z -uall [407ms]
2024-05-06 07:59:13.638 [info] > git show --textconv :api_louis/database/migrations/2023_12_20_133208_add_user_id_to_posts_table.php [34ms]
2024-05-06 07:59:13.655 [info] > git ls-files --stage -- /home/louis/api_louis/database/migrations/2023_12_20_133208_add_user_id_to_posts_table.php [18ms]
2024-05-06 07:59:13.694 [info] > git cat-file -s 90c73acf89283fc1790b922c6facda70f4f56aa1 [3ms]
2024-05-06 07:59:16.009 [info] > git config --get commit.template [4ms]
2024-05-06 07:59:16.042 [info] > git for-each-ref --format=%(refname)%00%(upstream:short)%00%(objectname)%00%(upstream:track)%00%(upstream:remotename)%00%(upstream:remoteref) refs/heads/main refs/remotes/main [2ms]
2024-05-06 07:59:16.466 [info] > git status -z -uall [393ms]
2024-05-06 07:59:20.075 [info] > git show --textconv :api_louis/database/migrations/2023_12_20_091023_create_posts_table.php [48ms]
2024-05-06 07:59:20.091 [info] > git ls-files --stage -- /home/louis/api_louis/database/migrations/2023_12_20_091023_create_posts_table.php [20ms]
2024-05-06 07:59:20.123 [info] > git cat-file -s 2b1456117c10099facc8338a0854a629a62f237e [2ms]
2024-05-06 07:59:21.568 [info] > git config --get commit.template [31ms]
2024-05-06 07:59:21.570 [info] > git for-each-ref --format=%(refname)%00%(upstream:short)%00%(objectname)%00%(upstream:track)%00%(upstream:remotename)%00%(upstream:remoteref) refs/heads/main refs/remotes/main [4ms]
2024-05-06 07:59:21.957 [info] > git status -z -uall [359ms]
2024-05-06 07:59:22.548 [info] > git show --textconv :api_louis/database/migrations/2023_12_20_133208_add_user_id_to_posts_table.php [37ms]
2024-05-06 07:59:22.558 [info] > git ls-files --stage -- /home/louis/api_louis/database/migrations/2023_12_20_133208_add_user_id_to_posts_table.php [12ms]
2024-05-06 07:59:22.590 [info] > git cat-file -s 90c73acf89283fc1790b922c6facda70f4f56aa1 [2ms]
2024-05-06 07:59:24.321 [info] > git show --textconv :api_louis/database/migrations/2023_12_20_091023_create_posts_table.php [36ms]
2024-05-06 07:59:24.333 [info] > git ls-files --stage -- /home/louis/api_louis/database/migrations/2023_12_20_091023_create_posts_table.php [14ms]
2024-05-06 07:59:24.365 [info] > git cat-file -s 2b1456117c10099facc8338a0854a629a62f237e [2ms]
2024-05-06 07:59:25.230 [info] > git show --textconv :api_louis/database/migrations/2023_12_20_133208_add_user_id_to_posts_table.php [39ms]
2024-05-06 07:59:25.239 [info] > git ls-files --stage -- /home/louis/api_louis/database/migrations/2023_12_20_133208_add_user_id_to_posts_table.php [15ms]
2024-05-06 07:59:25.274 [info] > git cat-file -s 90c73acf89283fc1790b922c6facda70f4f56aa1 [2ms]
2024-05-06 07:59:26.086 [info] > git show --textconv :api_louis/database/migrations/2023_12_20_091023_create_posts_table.php [32ms]
2024-05-06 07:59:26.098 [info] > git ls-files --stage -- /home/louis/api_louis/database/migrations/2023_12_20_091023_create_posts_table.php [13ms]
2024-05-06 07:59:26.131 [info] > git cat-file -s 2b1456117c10099facc8338a0854a629a62f237e [1ms]
2024-05-06 07:59:27.061 [info] > git config --get commit.template [39ms]
2024-05-06 07:59:27.062 [info] > git for-each-ref --format=%(refname)%00%(upstream:short)%00%(objectname)%00%(upstream:track)%00%(upstream:remotename)%00%(upstream:remoteref) refs/heads/main refs/remotes/main [4ms]
2024-05-06 07:59:27.491 [info] > git status -z -uall [396ms]
2024-05-06 07:59:29.545 [info] > git show --textconv :api_louis/database/migrations/2024_05_06_074850_create_rank_players_table.php [36ms]
2024-05-06 07:59:29.557 [info] > git ls-files --stage -- /home/louis/api_louis/database/migrations/2024_05_06_074850_create_rank_players_table.php [15ms]
2024-05-06 07:59:32.587 [info] > git config --get commit.template [35ms]
2024-05-06 07:59:32.588 [info] > git for-each-ref --format=%(refname)%00%(upstream:short)%00%(objectname)%00%(upstream:track)%00%(upstream:remotename)%00%(upstream:remoteref) refs/heads/main refs/remotes/main [3ms]
2024-05-06 07:59:33.008 [info] > git status -z -uall [391ms]
2024-05-06 07:59:38.290 [info] > git config --get commit.template [4ms]
2024-05-06 07:59:38.334 [info] > git for-each-ref --format=%(refname)%00%(upstream:short)%00%(objectname)%00%(upstream:track)%00%(upstream:remotename)%00%(upstream:remoteref) refs/heads/main refs/remotes/main [8ms]
2024-05-06 07:59:38.862 [info] > git status -z -uall [491ms]
2024-05-06 07:59:43.951 [info] > git config --get commit.template [31ms]
2024-05-06 07:59:43.955 [info] > git for-each-ref --format=%(refname)%00%(upstream:short)%00%(objectname)%00%(upstream:track)%00%(upstream:remotename)%00%(upstream:remoteref) refs/heads/main refs/remotes/main [6ms]
2024-05-06 07:59:44.345 [info] > git status -z -uall [362ms]
2024-05-06 07:59:49.407 [info] > git config --get commit.template [4ms]
2024-05-06 07:59:49.440 [info] > git for-each-ref --format=%(refname)%00%(upstream:short)%00%(objectname)%00%(upstream:track)%00%(upstream:remotename)%00%(upstream:remoteref) refs/heads/main refs/remotes/main [2ms]
2024-05-06 07:59:49.885 [info] > git status -z -uall [401ms]
2024-05-06 07:59:54.948 [info] > git config --get commit.template [2ms]
2024-05-06 07:59:54.981 [info] > git for-each-ref --format=%(refname)%00%(upstream:short)%00%(objectname)%00%(upstream:track)%00%(upstream:remotename)%00%(upstream:remoteref) refs/heads/main refs/remotes/main [3ms]
2024-05-06 07:59:55.417 [info] > git status -z -uall [403ms]
2024-05-06 08:00:00.516 [info] > git config --get commit.template [36ms]
2024-05-06 08:00:00.518 [info] > git for-each-ref --format=%(refname)%00%(upstream:short)%00%(objectname)%00%(upstream:track)%00%(upstream:remotename)%00%(upstream:remoteref) refs/heads/main refs/remotes/main [3ms]
2024-05-06 08:00:01.028 [info] > git status -z -uall [475ms]
2024-05-06 08:00:10.112 [info] > git config --get commit.template [3ms]
2024-05-06 08:00:10.150 [info] > git for-each-ref --format=%(refname)%00%(upstream:short)%00%(objectname)%00%(upstream:track)%00%(upstream:remotename)%00%(upstream:remoteref) refs/heads/main refs/remotes/main [4ms]
2024-05-06 08:00:10.652 [info] > git status -z -uall [464ms]
2024-05-06 08:00:12.783 [info] > git show --textconv :api_louis/database/migrations/2024_05_06_074933_create_rankings_table.php [49ms]
2024-05-06 08:00:12.796 [info] > git ls-files --stage -- /home/louis/api_louis/database/migrations/2024_05_06_074933_create_rankings_table.php [15ms]
2024-05-06 08:00:15.758 [info] > git config --get commit.template [38ms]
2024-05-06 08:00:15.759 [info] > git for-each-ref --format=%(refname)%00%(upstream:short)%00%(objectname)%00%(upstream:track)%00%(upstream:remotename)%00%(upstream:remoteref) refs/heads/main refs/remotes/main [6ms]
2024-05-06 08:00:16.253 [info] > git status -z -uall [448ms]
2024-05-06 08:00:21.352 [info] > git config --get commit.template [27ms]
2024-05-06 08:00:21.353 [info] > git for-each-ref --format=%(refname)%00%(upstream:short)%00%(objectname)%00%(upstream:track)%00%(upstream:remotename)%00%(upstream:remoteref) refs/heads/main refs/remotes/main [2ms]
2024-05-06 08:00:21.773 [info] > git status -z -uall [391ms]
2024-05-06 08:00:26.891 [info] > git config --get commit.template [42ms]
2024-05-06 08:00:26.911 [info] > git for-each-ref --format=%(refname)%00%(upstream:short)%00%(objectname)%00%(upstream:track)%00%(upstream:remotename)%00%(upstream:remoteref) refs/heads/main refs/remotes/main [22ms]
2024-05-06 08:00:27.342 [info] > git status -z -uall [394ms]
2024-05-06 08:00:32.442 [info] > git config --get commit.template [35ms]
2024-05-06 08:00:32.443 [info] > git for-each-ref --format=%(refname)%00%(upstream:short)%00%(objectname)%00%(upstream:track)%00%(upstream:remotename)%00%(upstream:remoteref) refs/heads/main refs/remotes/main [3ms]
2024-05-06 08:00:32.884 [info] > git status -z -uall [407ms]
2024-05-06 08:00:35.506 [info] > git show --textconv :api_louis/database/migrations/2024_05_06_075013_create_matchs_table.php [36ms]
2024-05-06 08:00:35.518 [info] > git ls-files --stage -- /home/louis/api_louis/database/migrations/2024_05_06_075013_create_matchs_table.php [13ms]
2024-05-06 08:00:38.263 [info] > git config --get commit.template [2ms]
2024-05-06 08:00:38.296 [info] > git for-each-ref --format=%(refname)%00%(upstream:short)%00%(objectname)%00%(upstream:track)%00%(upstream:remotename)%00%(upstream:remoteref) refs/heads/main refs/remotes/main [3ms]
2024-05-06 08:00:38.680 [info] > git status -z -uall [355ms]
2024-05-06 08:00:43.781 [info] > git config --get commit.template [33ms]
2024-05-06 08:00:43.783 [info] > git for-each-ref --format=%(refname)%00%(upstream:short)%00%(objectname)%00%(upstream:track)%00%(upstream:remotename)%00%(upstream:remoteref) refs/heads/main refs/remotes/main [4ms]
2024-05-06 08:00:44.235 [info] > git status -z -uall [417ms]
2024-05-06 08:00:49.340 [info] > git config --get commit.template [36ms]
2024-05-06 08:00:49.341 [info] > git for-each-ref --format=%(refname)%00%(upstream:short)%00%(objectname)%00%(upstream:track)%00%(upstream:remotename)%00%(upstream:remoteref) refs/heads/main refs/remotes/main [6ms]
2024-05-06 08:00:49.786 [info] > git status -z -uall [413ms]
2024-05-06 08:00:54.964 [info] > git for-each-ref --format=%(refname)%00%(upstream:short)%00%(objectname)%00%(upstream:track)%00%(upstream:remotename)%00%(upstream:remoteref) refs/heads/main refs/remotes/main [9ms]
2024-05-06 08:00:54.964 [info] > git config --get commit.template [41ms]
2024-05-06 08:00:55.489 [info] > git status -z -uall [492ms]
2024-05-06 08:01:00.602 [info] > git config --get commit.template [50ms]
2024-05-06 08:01:00.606 [info] > git for-each-ref --format=%(refname)%00%(upstream:short)%00%(objectname)%00%(upstream:track)%00%(upstream:remotename)%00%(upstream:remoteref) refs/heads/main refs/remotes/main [4ms]
2024-05-06 08:01:01.070 [info] > git status -z -uall [428ms]
2024-05-06 08:01:06.172 [info] > git config --get commit.template [34ms]
2024-05-06 08:01:06.173 [info] > git for-each-ref --format=%(refname)%00%(upstream:short)%00%(objectname)%00%(upstream:track)%00%(upstream:remotename)%00%(upstream:remoteref) refs/heads/main refs/remotes/main [2ms]
2024-05-06 08:01:06.605 [info] > git status -z -uall [398ms]
2024-05-06 08:01:11.700 [info] > git config --get commit.template [33ms]
2024-05-06 08:01:11.702 [info] > git for-each-ref --format=%(refname)%00%(upstream:short)%00%(objectname)%00%(upstream:track)%00%(upstream:remotename)%00%(upstream:remoteref) refs/heads/main refs/remotes/main [3ms]
2024-05-06 08:01:12.116 [info] > git status -z -uall [380ms]
2024-05-06 08:01:17.182 [info] > git config --get commit.template [2ms]
2024-05-06 08:01:17.214 [info] > git for-each-ref --format=%(refname)%00%(upstream:short)%00%(objectname)%00%(upstream:track)%00%(upstream:remotename)%00%(upstream:remoteref) refs/heads/main refs/remotes/main [2ms]
2024-05-06 08:01:17.659 [info] > git status -z -uall [409ms]
2024-05-06 08:01:22.728 [info] > git config --get commit.template [2ms]
2024-05-06 08:01:22.763 [info] > git for-each-ref --format=%(refname)%00%(upstream:short)%00%(objectname)%00%(upstream:track)%00%(upstream:remotename)%00%(upstream:remoteref) refs/heads/main refs/remotes/main [2ms]
2024-05-06 08:01:23.194 [info] > git status -z -uall [387ms]
2024-05-06 08:01:28.295 [info] > git config --get commit.template [32ms]
2024-05-06 08:01:28.296 [info] > git for-each-ref --format=%(refname)%00%(upstream:short)%00%(objectname)%00%(upstream:track)%00%(upstream:remotename)%00%(upstream:remoteref) refs/heads/main refs/remotes/main [3ms]
2024-05-06 08:01:28.734 [info] > git status -z -uall [402ms]
2024-05-06 08:01:33.839 [info] > git config --get commit.template [34ms]
2024-05-06 08:01:33.841 [info] > git for-each-ref --format=%(refname)%00%(upstream:short)%00%(objectname)%00%(upstream:track)%00%(upstream:remotename)%00%(upstream:remoteref) refs/heads/main refs/remotes/main [4ms]
2024-05-06 08:01:34.273 [info] > git status -z -uall [394ms]
2024-05-06 08:01:39.339 [info] > git config --get commit.template [4ms]
2024-05-06 08:01:39.371 [info] > git for-each-ref --format=%(refname)%00%(upstream:short)%00%(objectname)%00%(upstream:track)%00%(upstream:remotename)%00%(upstream:remoteref) refs/heads/main refs/remotes/main [3ms]
2024-05-06 08:01:39.837 [info] > git status -z -uall [424ms]
2024-05-06 08:01:44.944 [info] > git config --get commit.template [3ms]
2024-05-06 08:01:44.978 [info] > git for-each-ref --format=%(refname)%00%(upstream:short)%00%(objectname)%00%(upstream:track)%00%(upstream:remotename)%00%(upstream:remoteref) refs/heads/main refs/remotes/main [2ms]
2024-05-06 08:01:45.433 [info] > git status -z -uall [423ms]
2024-05-06 08:01:50.531 [info] > git config --get commit.template [35ms]
2024-05-06 08:01:50.532 [info] > git for-each-ref --format=%(refname)%00%(upstream:short)%00%(objectname)%00%(upstream:track)%00%(upstream:remotename)%00%(upstream:remoteref) refs/heads/main refs/remotes/main [3ms]
2024-05-06 08:01:51.049 [info] > git status -z -uall [478ms]
2024-05-06 08:01:56.412 [info] > git config --get commit.template [303ms]
2024-05-06 08:01:56.443 [info] > git for-each-ref --format=%(refname)%00%(upstream:short)%00%(objectname)%00%(upstream:track)%00%(upstream:remotename)%00%(upstream:remoteref) refs/heads/main refs/remotes/main [2ms]
2024-05-06 08:01:56.902 [info] > git status -z -uall [426ms]
2024-05-06 08:02:01.965 [info] > git config --get commit.template [4ms]
2024-05-06 08:02:02.006 [info] > git for-each-ref --format=%(refname)%00%(upstream:short)%00%(objectname)%00%(upstream:track)%00%(upstream:remotename)%00%(upstream:remoteref) refs/heads/main refs/remotes/main [1ms]
2024-05-06 08:02:02.421 [info] > git status -z -uall [379ms]
2024-05-06 08:02:07.520 [info] > git config --get commit.template [37ms]
2024-05-06 08:02:07.521 [info] > git for-each-ref --format=%(refname)%00%(upstream:short)%00%(objectname)%00%(upstream:track)%00%(upstream:remotename)%00%(upstream:remoteref) refs/heads/main refs/remotes/main [3ms]
2024-05-06 08:02:07.985 [info] > git status -z -uall [428ms]
2024-05-06 08:02:13.110 [info] > git config --get commit.template [43ms]
2024-05-06 08:02:13.112 [info] > git for-each-ref --format=%(refname)%00%(upstream:short)%00%(objectname)%00%(upstream:track)%00%(upstream:remotename)%00%(upstream:remoteref) refs/heads/main refs/remotes/main [4ms]
2024-05-06 08:02:13.557 [info] > git status -z -uall [410ms]
2024-05-06 08:02:18.657 [info] > git config --get commit.template [42ms]
2024-05-06 08:02:18.659 [info] > git for-each-ref --format=%(refname)%00%(upstream:short)%00%(objectname)%00%(upstream:track)%00%(upstream:remotename)%00%(upstream:remoteref) refs/heads/main refs/remotes/main [4ms]
2024-05-06 08:02:19.142 [info] > git status -z -uall [445ms]
2024-05-06 08:02:24.242 [info] > git config --get commit.template [38ms]
2024-05-06 08:02:24.243 [info] > git for-each-ref --format=%(refname)%00%(upstream:short)%00%(objectname)%00%(upstream:track)%00%(upstream:remotename)%00%(upstream:remoteref) refs/heads/main refs/remotes/main [3ms]
2024-05-06 08:02:24.668 [info] > git status -z -uall [391ms]
2024-05-06 08:02:29.765 [info] > git config --get commit.template [35ms]
2024-05-06 08:02:29.766 [info] > git for-each-ref --format=%(refname)%00%(upstream:short)%00%(objectname)%00%(upstream:track)%00%(upstream:remotename)%00%(upstream:remoteref) refs/heads/main refs/remotes/main [3ms]
2024-05-06 08:02:30.184 [info] > git status -z -uall [383ms]
2024-05-06 08:02:30.609 [info] > git show --textconv :api_louis/database/migrations/2024_05_06_075125_create_paris_points_table.php [31ms]
2024-05-06 08:02:30.618 [info] > git ls-files --stage -- /home/louis/api_louis/database/migrations/2024_05_06_075125_create_paris_points_table.php [11ms]
2024-05-06 08:02:35.283 [info] > git config --get commit.template [34ms]
2024-05-06 08:02:35.284 [info] > git for-each-ref --format=%(refname)%00%(upstream:short)%00%(objectname)%00%(upstream:track)%00%(upstream:remotename)%00%(upstream:remoteref) refs/heads/main refs/remotes/main [3ms]
2024-05-06 08:02:35.812 [info] > git status -z -uall [483ms]
2024-05-06 08:02:41.287 [info] > git config --get commit.template [14ms]
2024-05-06 08:02:41.320 [info] > git for-each-ref --format=%(refname)%00%(upstream:short)%00%(objectname)%00%(upstream:track)%00%(upstream:remotename)%00%(upstream:remoteref) refs/heads/main refs/remotes/main [3ms]
2024-05-06 08:02:41.726 [info] > git status -z -uall [377ms]
2024-05-06 08:02:46.815 [info] > git config --get commit.template [30ms]
2024-05-06 08:02:46.817 [info] > git for-each-ref --format=%(refname)%00%(upstream:short)%00%(objectname)%00%(upstream:track)%00%(upstream:remotename)%00%(upstream:remoteref) refs/heads/main refs/remotes/main [3ms]
2024-05-06 08:02:47.215 [info] > git status -z -uall [368ms]
2024-05-06 08:02:54.412 [info] > git config --get commit.template [33ms]
2024-05-06 08:02:54.415 [info] > git for-each-ref --format=%(refname)%00%(upstream:short)%00%(objectname)%00%(upstream:track)%00%(upstream:remotename)%00%(upstream:remoteref) refs/heads/main refs/remotes/main [3ms]
2024-05-06 08:02:54.810 [info] > git status -z -uall [364ms]
2024-05-06 08:03:10.147 [info] > git config --get commit.template [36ms]
2024-05-06 08:03:10.149 [info] > git for-each-ref --format=%(refname)%00%(upstream:short)%00%(objectname)%00%(upstream:track)%00%(upstream:remotename)%00%(upstream:remoteref) refs/heads/main refs/remotes/main [4ms]
2024-05-06 08:03:10.587 [info] > git status -z -uall [405ms]
2024-05-06 08:03:16.357 [info] > git config --get commit.template [35ms]
2024-05-06 08:03:16.358 [info] > git for-each-ref --format=%(refname)%00%(upstream:short)%00%(objectname)%00%(upstream:track)%00%(upstream:remotename)%00%(upstream:remoteref) refs/heads/main refs/remotes/main [3ms]
2024-05-06 08:03:16.860 [info] > git status -z -uall [468ms]
2024-05-06 08:03:18.063 [info] > git show --textconv :api_louis/database/migrations/2024_05_06_075013_create_matchs_table.php [39ms]
2024-05-06 08:03:18.073 [info] > git ls-files --stage -- /home/louis/api_louis/database/migrations/2024_05_06_075013_create_matchs_table.php [14ms]
2024-05-06 08:03:21.968 [info] > git config --get commit.template [33ms]
2024-05-06 08:03:21.969 [info] > git for-each-ref --format=%(refname)%00%(upstream:short)%00%(objectname)%00%(upstream:track)%00%(upstream:remotename)%00%(upstream:remoteref) refs/heads/main refs/remotes/main [3ms]
2024-05-06 08:03:22.391 [info] > git status -z -uall [389ms]
2024-05-06 08:03:28.097 [info] > git config --get commit.template [37ms]
2024-05-06 08:03:28.098 [info] > git for-each-ref --format=%(refname)%00%(upstream:short)%00%(objectname)%00%(upstream:track)%00%(upstream:remotename)%00%(upstream:remoteref) refs/heads/main refs/remotes/main [2ms]
2024-05-06 08:03:28.543 [info] > git status -z -uall [408ms]
2024-05-06 08:03:33.642 [info] > git config --get commit.template [29ms]
2024-05-06 08:03:33.644 [info] > git for-each-ref --format=%(refname)%00%(upstream:short)%00%(objectname)%00%(upstream:track)%00%(upstream:remotename)%00%(upstream:remoteref) refs/heads/main refs/remotes/main [3ms]
2024-05-06 08:03:34.029 [info] > git status -z -uall [358ms]
2024-05-06 08:03:39.124 [info] > git config --get commit.template [32ms]
2024-05-06 08:03:39.125 [info] > git for-each-ref --format=%(refname)%00%(upstream:short)%00%(objectname)%00%(upstream:track)%00%(upstream:remotename)%00%(upstream:remoteref) refs/heads/main refs/remotes/main [3ms]
2024-05-06 08:03:39.520 [info] > git status -z -uall [366ms]
2024-05-06 08:03:44.615 [info] > git config --get commit.template [33ms]
2024-05-06 08:03:44.616 [info] > git for-each-ref --format=%(refname)%00%(upstream:short)%00%(objectname)%00%(upstream:track)%00%(upstream:remotename)%00%(upstream:remoteref) refs/heads/main refs/remotes/main [2ms]
2024-05-06 08:03:45.070 [info] > git status -z -uall [424ms]
2024-05-06 08:03:50.171 [info] > git config --get commit.template [30ms]
2024-05-06 08:03:50.172 [info] > git for-each-ref --format=%(refname)%00%(upstream:short)%00%(objectname)%00%(upstream:track)%00%(upstream:remotename)%00%(upstream:remoteref) refs/heads/main refs/remotes/main [3ms]
2024-05-06 08:03:50.562 [info] > git status -z -uall [358ms]
2024-05-06 08:03:59.506 [info] > git config --get commit.template [36ms]
2024-05-06 08:03:59.507 [info] > git for-each-ref --format=%(refname)%00%(upstream:short)%00%(objectname)%00%(upstream:track)%00%(upstream:remotename)%00%(upstream:remoteref) refs/heads/main refs/remotes/main [3ms]
2024-05-06 08:03:59.932 [info] > git status -z -uall [388ms]
2024-05-06 08:04:04.102 [info] > git show --textconv :api_louis/database/migrations/2024_05_06_075125_create_paris_points_table.php [50ms]
2024-05-06 08:04:04.104 [info] > git ls-files --stage -- /home/louis/api_louis/database/migrations/2024_05_06_075125_create_paris_points_table.php [15ms]
2024-05-06 08:04:05.039 [info] > git config --get commit.template [39ms]
2024-05-06 08:04:05.041 [info] > git for-each-ref --format=%(refname)%00%(upstream:short)%00%(objectname)%00%(upstream:track)%00%(upstream:remotename)%00%(upstream:remoteref) refs/heads/main refs/remotes/main [3ms]
2024-05-06 08:04:05.497 [info] > git status -z -uall [420ms]
2024-05-06 08:04:10.896 [info] > git config --get commit.template [345ms]
2024-05-06 08:04:10.899 [info] > git for-each-ref --format=%(refname)%00%(upstream:short)%00%(objectname)%00%(upstream:track)%00%(upstream:remotename)%00%(upstream:remoteref) refs/heads/main refs/remotes/main [29ms]
2024-05-06 08:04:11.311 [info] > git status -z -uall [381ms]
2024-05-06 08:04:16.379 [info] > git config --get commit.template [2ms]
2024-05-06 08:04:16.419 [info] > git for-each-ref --format=%(refname)%00%(upstream:short)%00%(objectname)%00%(upstream:track)%00%(upstream:remotename)%00%(upstream:remoteref) refs/heads/main refs/remotes/main [4ms]
2024-05-06 08:04:16.923 [info] > git status -z -uall [462ms]
2024-05-06 08:04:22.007 [info] > git config --get commit.template [33ms]
2024-05-06 08:04:22.009 [info] > git for-each-ref --format=%(refname)%00%(upstream:short)%00%(objectname)%00%(upstream:track)%00%(upstream:remotename)%00%(upstream:remoteref) refs/heads/main refs/remotes/main [2ms]
2024-05-06 08:04:22.409 [info] > git status -z -uall [370ms]
2024-05-06 08:04:27.500 [info] > git config --get commit.template [38ms]
2024-05-06 08:04:27.501 [info] > git for-each-ref --format=%(refname)%00%(upstream:short)%00%(objectname)%00%(upstream:track)%00%(upstream:remotename)%00%(upstream:remoteref) refs/heads/main refs/remotes/main [3ms]
2024-05-06 08:04:27.920 [info] > git status -z -uall [378ms]
2024-05-06 08:04:37.703 [info] > git config --get commit.template [36ms]
2024-05-06 08:04:37.704 [info] > git for-each-ref --format=%(refname)%00%(upstream:short)%00%(objectname)%00%(upstream:track)%00%(upstream:remotename)%00%(upstream:remoteref) refs/heads/main refs/remotes/main [3ms]
2024-05-06 08:04:38.123 [info] > git status -z -uall [385ms]
2024-05-06 08:04:43.215 [info] > git config --get commit.template [36ms]
2024-05-06 08:04:43.218 [info] > git for-each-ref --format=%(refname)%00%(upstream:short)%00%(objectname)%00%(upstream:track)%00%(upstream:remotename)%00%(upstream:remoteref) refs/heads/main refs/remotes/main [5ms]
2024-05-06 08:04:43.678 [info] > git status -z -uall [417ms]
2024-05-06 08:04:48.777 [info] > git config --get commit.template [43ms]
2024-05-06 08:04:48.778 [info] > git for-each-ref --format=%(refname)%00%(upstream:short)%00%(objectname)%00%(upstream:track)%00%(upstream:remotename)%00%(upstream:remoteref) refs/heads/main refs/remotes/main [4ms]
2024-05-06 08:04:49.244 [info] > git status -z -uall [425ms]
2024-05-06 08:04:54.332 [info] > git config --get commit.template [34ms]
2024-05-06 08:04:54.333 [info] > git for-each-ref --format=%(refname)%00%(upstream:short)%00%(objectname)%00%(upstream:track)%00%(upstream:remotename)%00%(upstream:remoteref) refs/heads/main refs/remotes/main [3ms]
2024-05-06 08:04:54.795 [info] > git status -z -uall [421ms]
2024-05-06 08:04:59.894 [info] > git config --get commit.template [41ms]
2024-05-06 08:04:59.895 [info] > git for-each-ref --format=%(refname)%00%(upstream:short)%00%(objectname)%00%(upstream:track)%00%(upstream:remotename)%00%(upstream:remoteref) refs/heads/main refs/remotes/main [3ms]
2024-05-06 08:05:00.403 [info] > git status -z -uall [460ms]
2024-05-06 08:05:05.502 [info] > git config --get commit.template [41ms]
2024-05-06 08:05:05.505 [info] > git for-each-ref --format=%(refname)%00%(upstream:short)%00%(objectname)%00%(upstream:track)%00%(upstream:remotename)%00%(upstream:remoteref) refs/heads/main refs/remotes/main [3ms]
2024-05-06 08:05:06.011 [info] > git status -z -uall [465ms]
2024-05-06 08:05:11.077 [info] > git config --get commit.template [2ms]
2024-05-06 08:05:11.115 [info] > git for-each-ref --format=%(refname)%00%(upstream:short)%00%(objectname)%00%(upstream:track)%00%(upstream:remotename)%00%(upstream:remoteref) refs/heads/main refs/remotes/main [3ms]
2024-05-06 08:05:11.581 [info] > git status -z -uall [422ms]
2024-05-06 08:05:16.695 [info] > git config --get commit.template [41ms]
2024-05-06 08:05:16.696 [info] > git for-each-ref --format=%(refname)%00%(upstream:short)%00%(objectname)%00%(upstream:track)%00%(upstream:remotename)%00%(upstream:remoteref) refs/heads/main refs/remotes/main [3ms]
2024-05-06 08:05:17.142 [info] > git status -z -uall [403ms]
2024-05-06 08:05:22.203 [info] > git config --get commit.template [2ms]
2024-05-06 08:05:22.240 [info] > git for-each-ref --format=%(refname)%00%(upstream:short)%00%(objectname)%00%(upstream:track)%00%(upstream:remotename)%00%(upstream:remoteref) refs/heads/main refs/remotes/main [3ms]
2024-05-06 08:05:22.683 [info] > git status -z -uall [407ms]
2024-05-06 08:05:27.775 [info] > git config --get commit.template [36ms]
2024-05-06 08:05:27.777 [info] > git for-each-ref --format=%(refname)%00%(upstream:short)%00%(objectname)%00%(upstream:track)%00%(upstream:remotename)%00%(upstream:remoteref) refs/heads/main refs/remotes/main [4ms]
2024-05-06 08:05:28.219 [info] > git status -z -uall [405ms]
2024-05-06 08:05:33.342 [info] > git config --get commit.template [54ms]
2024-05-06 08:05:33.366 [info] > git for-each-ref --format=%(refname)%00%(upstream:short)%00%(objectname)%00%(upstream:track)%00%(upstream:remotename)%00%(upstream:remoteref) refs/heads/main refs/remotes/main [26ms]
2024-05-06 08:05:33.853 [info] > git status -z -uall [449ms]
2024-05-06 08:05:39.228 [info] > git config --get commit.template [4ms]
2024-05-06 08:05:39.267 [info] > git for-each-ref --format=%(refname)%00%(upstream:short)%00%(objectname)%00%(upstream:track)%00%(upstream:remotename)%00%(upstream:remoteref) refs/heads/main refs/remotes/main [3ms]
2024-05-06 08:05:39.681 [info] > git status -z -uall [381ms]
2024-05-06 08:05:46.272 [info] > git config --get commit.template [36ms]
2024-05-06 08:05:46.273 [info] > git for-each-ref --format=%(refname)%00%(upstream:short)%00%(objectname)%00%(upstream:track)%00%(upstream:remotename)%00%(upstream:remoteref) refs/heads/main refs/remotes/main [3ms]
2024-05-06 08:05:46.702 [info] > git status -z -uall [394ms]
2024-05-06 08:06:47.198 [info] > git config --get commit.template [37ms]
2024-05-06 08:06:47.200 [info] > git for-each-ref --format=%(refname)%00%(upstream:short)%00%(objectname)%00%(upstream:track)%00%(upstream:remotename)%00%(upstream:remoteref) refs/heads/main refs/remotes/main [2ms]
2024-05-06 08:06:47.599 [info] > git status -z -uall [367ms]
2024-05-06 08:06:52.688 [info] > git config --get commit.template [33ms]
2024-05-06 08:06:52.689 [info] > git for-each-ref --format=%(refname)%00%(upstream:short)%00%(objectname)%00%(upstream:track)%00%(upstream:remotename)%00%(upstream:remoteref) refs/heads/main refs/remotes/main [3ms]
2024-05-06 08:06:53.091 [info] > git status -z -uall [366ms]
2024-05-06 08:07:48.926 [info] > git config --get commit.template [31ms]
2024-05-06 08:07:48.927 [info] > git for-each-ref --format=%(refname)%00%(upstream:short)%00%(objectname)%00%(upstream:track)%00%(upstream:remotename)%00%(upstream:remoteref) refs/heads/main refs/remotes/main [2ms]
2024-05-06 08:07:49.346 [info] > git status -z -uall [379ms]
2024-05-06 08:08:36.873 [info] > git config --get commit.template [36ms]
2024-05-06 08:08:36.876 [info] > git for-each-ref --format=%(refname)%00%(upstream:short)%00%(objectname)%00%(upstream:track)%00%(upstream:remotename)%00%(upstream:remoteref) refs/heads/main refs/remotes/main [5ms]
2024-05-06 08:08:37.329 [info] > git status -z -uall [416ms]
2024-05-06 08:08:42.418 [info] > git config --get commit.template [31ms]
2024-05-06 08:08:42.420 [info] > git for-each-ref --format=%(refname)%00%(upstream:short)%00%(objectname)%00%(upstream:track)%00%(upstream:remotename)%00%(upstream:remoteref) refs/heads/main refs/remotes/main [3ms]
2024-05-06 08:08:42.851 [info] > git status -z -uall [391ms]
2024-05-06 08:09:24.610 [info] > git config --get commit.template [3ms]
2024-05-06 08:09:24.641 [info] > git for-each-ref --format=%(refname)%00%(upstream:short)%00%(objectname)%00%(upstream:track)%00%(upstream:remotename)%00%(upstream:remoteref) refs/heads/main refs/remotes/main [3ms]
2024-05-06 08:09:25.060 [info] > git status -z -uall [389ms]
2024-05-06 08:09:30.168 [info] > git show --textconv :api_louis/database/migrations/2024_05_06_074805_create_teams_table.php [87ms]
2024-05-06 08:09:30.171 [info] > git config --get commit.template [4ms]
2024-05-06 08:09:30.171 [info] > git ls-files --stage -- /home/louis/api_louis/database/migrations/2024_05_06_074805_create_teams_table.php [56ms]
2024-05-06 08:09:30.223 [info] > git for-each-ref --format=%(refname)%00%(upstream:short)%00%(objectname)%00%(upstream:track)%00%(upstream:remotename)%00%(upstream:remoteref) refs/heads/main refs/remotes/main [3ms]
2024-05-06 08:09:30.669 [info] > git status -z -uall [409ms]
2024-05-06 08:09:35.731 [info] > git config --get commit.template [1ms]
2024-05-06 08:09:35.767 [info] > git for-each-ref --format=%(refname)%00%(upstream:short)%00%(objectname)%00%(upstream:track)%00%(upstream:remotename)%00%(upstream:remoteref) refs/heads/main refs/remotes/main [3ms]
2024-05-06 08:09:36.177 [info] > git status -z -uall [379ms]
2024-05-06 08:09:41.240 [info] > git config --get commit.template [2ms]
2024-05-06 08:09:41.271 [info] > git for-each-ref --format=%(refname)%00%(upstream:short)%00%(objectname)%00%(upstream:track)%00%(upstream:remotename)%00%(upstream:remoteref) refs/heads/main refs/remotes/main [2ms]
2024-05-06 08:09:41.666 [info] > git status -z -uall [363ms]
2024-05-06 08:09:46.757 [info] > git config --get commit.template [33ms]
2024-05-06 08:09:46.758 [info] > git for-each-ref --format=%(refname)%00%(upstream:short)%00%(objectname)%00%(upstream:track)%00%(upstream:remotename)%00%(upstream:remoteref) refs/heads/main refs/remotes/main [4ms]
2024-05-06 08:09:47.182 [info] > git status -z -uall [388ms]
2024-05-06 08:09:52.277 [info] > git config --get commit.template [35ms]
2024-05-06 08:09:52.278 [info] > git for-each-ref --format=%(refname)%00%(upstream:short)%00%(objectname)%00%(upstream:track)%00%(upstream:remotename)%00%(upstream:remoteref) refs/heads/main refs/remotes/main [3ms]
2024-05-06 08:09:52.697 [info] > git status -z -uall [380ms]
2024-05-06 08:09:57.789 [info] > git config --get commit.template [35ms]
2024-05-06 08:09:57.791 [info] > git for-each-ref --format=%(refname)%00%(upstream:short)%00%(objectname)%00%(upstream:track)%00%(upstream:remotename)%00%(upstream:remoteref) refs/heads/main refs/remotes/main [5ms]
2024-05-06 08:09:58.184 [info] > git status -z -uall [358ms]
2024-05-06 08:12:34.807 [info] > git config --get commit.template [36ms]
2024-05-06 08:12:34.808 [info] > git for-each-ref --format=%(refname)%00%(upstream:short)%00%(objectname)%00%(upstream:track)%00%(upstream:remotename)%00%(upstream:remoteref) refs/heads/main refs/remotes/main [3ms]
2024-05-06 08:12:35.306 [info] > git status -z -uall [458ms]
2024-05-06 08:12:36.282 [info] > git show --textconv :api_louis/database/migrations/2024_05_06_074850_create_rank_players_table.php [42ms]
2024-05-06 08:12:36.289 [info] > git ls-files --stage -- /home/louis/api_louis/database/migrations/2024_05_06_074850_create_rank_players_table.php [14ms]
2024-05-06 08:12:36.897 [info] > git show --textconv :api_louis/database/migrations/2024_05_06_074805_create_teams_table.php [36ms]
2024-05-06 08:12:36.907 [info] > git ls-files --stage -- /home/louis/api_louis/database/migrations/2024_05_06_074805_create_teams_table.php [13ms]
2024-05-06 08:12:40.400 [info] > git for-each-ref --format=%(refname)%00%(upstream:short)%00%(objectname)%00%(upstream:track)%00%(upstream:remotename)%00%(upstream:remoteref) refs/heads/main refs/remotes/main [4ms]
2024-05-06 08:12:40.401 [info] > git config --get commit.template [36ms]
2024-05-06 08:12:40.784 [info] > git status -z -uall [355ms]
2024-05-06 08:12:45.884 [info] > git config --get commit.template [34ms]
2024-05-06 08:12:45.885 [info] > git for-each-ref --format=%(refname)%00%(upstream:short)%00%(objectname)%00%(upstream:track)%00%(upstream:remotename)%00%(upstream:remoteref) refs/heads/main refs/remotes/main [3ms]
2024-05-06 08:12:46.340 [info] > git status -z -uall [423ms]
2024-05-06 08:12:51.429 [info] > git config --get commit.template [31ms]
2024-05-06 08:12:51.430 [info] > git for-each-ref --format=%(refname)%00%(upstream:short)%00%(objectname)%00%(upstream:track)%00%(upstream:remotename)%00%(upstream:remoteref) refs/heads/main refs/remotes/main [3ms]
2024-05-06 08:12:51.849 [info] > git status -z -uall [378ms]
2024-05-06 08:13:24.276 [info] > git config --get commit.template [34ms]
2024-05-06 08:13:24.277 [info] > git for-each-ref --format=%(refname)%00%(upstream:short)%00%(objectname)%00%(upstream:track)%00%(upstream:remotename)%00%(upstream:remoteref) refs/heads/main refs/remotes/main [2ms]
2024-05-06 08:13:24.666 [info] > git status -z -uall [359ms]
2024-05-06 08:13:30.427 [info] > git config --get commit.template [34ms]
2024-05-06 08:13:30.428 [info] > git for-each-ref --format=%(refname)%00%(upstream:short)%00%(objectname)%00%(upstream:track)%00%(upstream:remotename)%00%(upstream:remoteref) refs/heads/main refs/remotes/main [2ms]
2024-05-06 08:13:30.864 [info] > git status -z -uall [407ms]
2024-05-06 08:13:51.567 [info] > git config --get commit.template [36ms]
2024-05-06 08:13:51.568 [info] > git for-each-ref --format=%(refname)%00%(upstream:short)%00%(objectname)%00%(upstream:track)%00%(upstream:remotename)%00%(upstream:remoteref) refs/heads/main refs/remotes/main [3ms]
2024-05-06 08:13:52.013 [info] > git status -z -uall [407ms]
2024-05-06 08:13:57.085 [info] > git config --get commit.template [8ms]
2024-05-06 08:13:57.123 [info] > git for-each-ref --format=%(refname)%00%(upstream:short)%00%(objectname)%00%(upstream:track)%00%(upstream:remotename)%00%(upstream:remoteref) refs/heads/main refs/remotes/main [3ms]
2024-05-06 08:13:57.417 [info] > git show --textconv :api_louis/database/migrations/2024_05_06_074850_create_rank_players_table.php [52ms]
2024-05-06 08:13:57.432 [info] > git ls-files --stage -- /home/louis/api_louis/database/migrations/2024_05_06_074850_create_rank_players_table.php [19ms]
2024-05-06 08:13:57.581 [info] > git status -z -uall [426ms]
2024-05-06 08:13:59.076 [info] > git show --textconv :api_louis/database/migrations/2024_05_06_074805_create_teams_table.php [36ms]
2024-05-06 08:13:59.086 [info] > git ls-files --stage -- /home/louis/api_louis/database/migrations/2024_05_06_074805_create_teams_table.php [13ms]
2024-05-06 08:15:24.343 [info] > git config --get commit.template [1ms]
2024-05-06 08:15:24.381 [info] > git for-each-ref --format=%(refname)%00%(upstream:short)%00%(objectname)%00%(upstream:track)%00%(upstream:remotename)%00%(upstream:remoteref) refs/heads/main refs/remotes/main [5ms]
2024-05-06 08:15:24.825 [info] > git status -z -uall [409ms]
2024-05-06 08:15:26.032 [info] > git show --textconv :api_louis/database/migrations/2024_05_06_074850_create_rank_players_table.php [39ms]
2024-05-06 08:15:26.043 [info] > git ls-files --stage -- /home/louis/api_louis/database/migrations/2024_05_06_074850_create_rank_players_table.php [14ms]
2024-05-06 08:15:28.168 [info] > git show --textconv :api_louis/database/migrations/2024_05_06_075013_create_matchs_table.php [35ms]
2024-05-06 08:15:28.179 [info] > git ls-files --stage -- /home/louis/api_louis/database/migrations/2024_05_06_075013_create_matchs_table.php [13ms]
2024-05-06 08:15:28.926 [info] > git show --textconv :api_louis/database/migrations/2024_05_06_075125_create_paris_points_table.php [35ms]
2024-05-06 08:15:28.936 [info] > git ls-files --stage -- /home/louis/api_louis/database/migrations/2024_05_06_075125_create_paris_points_table.php [13ms]
2024-05-06 08:15:29.909 [info] > git config --get commit.template [1ms]
2024-05-06 08:15:29.946 [info] > git for-each-ref --format=%(refname)%00%(upstream:short)%00%(objectname)%00%(upstream:track)%00%(upstream:remotename)%00%(upstream:remoteref) refs/heads/main refs/remotes/main [2ms]
2024-05-06 08:15:30.468 [info] > git status -z -uall [489ms]
2024-05-06 08:15:35.576 [info] > git config --get commit.template [35ms]
2024-05-06 08:15:35.578 [info] > git for-each-ref --format=%(refname)%00%(upstream:short)%00%(objectname)%00%(upstream:track)%00%(upstream:remotename)%00%(upstream:remoteref) refs/heads/main refs/remotes/main [3ms]
2024-05-06 08:15:36.058 [info] > git status -z -uall [444ms]
2024-05-06 08:15:38.676 [info] > git show --textconv :api_louis/database/migrations/2024_05_06_075013_create_matchs_table.php [33ms]
2024-05-06 08:15:38.687 [info] > git ls-files --stage -- /home/louis/api_louis/database/migrations/2024_05_06_075013_create_matchs_table.php [14ms]
2024-05-06 08:15:39.249 [info] > git show --textconv :api_louis/database/migrations/2024_05_06_074933_create_rankings_table.php [32ms]
2024-05-06 08:15:39.260 [info] > git ls-files --stage -- /home/louis/api_louis/database/migrations/2024_05_06_074933_create_rankings_table.php [13ms]
2024-05-06 08:15:40.202 [info] > git show --textconv :api_louis/database/migrations/2024_05_06_075125_create_paris_points_table.php [39ms]
2024-05-06 08:15:40.213 [info] > git ls-files --stage -- /home/louis/api_louis/database/migrations/2024_05_06_075125_create_paris_points_table.php [13ms]
2024-05-06 08:15:41.158 [info] > git config --get commit.template [33ms]
2024-05-06 08:15:41.159 [info] > git for-each-ref --format=%(refname)%00%(upstream:short)%00%(objectname)%00%(upstream:track)%00%(upstream:remotename)%00%(upstream:remoteref) refs/heads/main refs/remotes/main [2ms]
2024-05-06 08:15:41.564 [info] > git status -z -uall [370ms]
2024-05-06 08:15:46.658 [info] > git config --get commit.template [33ms]
2024-05-06 08:15:46.659 [info] > git for-each-ref --format=%(refname)%00%(upstream:short)%00%(objectname)%00%(upstream:track)%00%(upstream:remotename)%00%(upstream:remoteref) refs/heads/main refs/remotes/main [2ms]
2024-05-06 08:15:47.067 [info] > git status -z -uall [376ms]
2024-05-06 08:15:56.497 [info] > git config --get commit.template [3ms]
2024-05-06 08:15:56.541 [info] > git for-each-ref --format=%(refname)%00%(upstream:short)%00%(objectname)%00%(upstream:track)%00%(upstream:remotename)%00%(upstream:remoteref) refs/heads/main refs/remotes/main [3ms]
2024-05-06 08:15:57.079 [info] > git status -z -uall [492ms]
2024-05-06 08:16:02.175 [info] > git config --get commit.template [37ms]
2024-05-06 08:16:02.177 [info] > git for-each-ref --format=%(refname)%00%(upstream:short)%00%(objectname)%00%(upstream:track)%00%(upstream:remotename)%00%(upstream:remoteref) refs/heads/main refs/remotes/main [3ms]
2024-05-06 08:16:02.642 [info] > git status -z -uall [426ms]
2024-05-06 08:16:07.748 [info] > git config --get commit.template [2ms]
2024-05-06 08:16:07.787 [info] > git for-each-ref --format=%(refname)%00%(upstream:short)%00%(objectname)%00%(upstream:track)%00%(upstream:remotename)%00%(upstream:remoteref) refs/heads/main refs/remotes/main [2ms]
2024-05-06 08:16:08.236 [info] > git status -z -uall [402ms]
2024-05-06 08:16:37.328 [info] > git config --get commit.template [32ms]
2024-05-06 08:16:37.329 [info] > git for-each-ref --format=%(refname)%00%(upstream:short)%00%(objectname)%00%(upstream:track)%00%(upstream:remotename)%00%(upstream:remoteref) refs/heads/main refs/remotes/main [3ms]
2024-05-06 08:16:37.764 [info] > git status -z -uall [401ms]
2024-05-06 08:16:42.866 [info] > git config --get commit.template [36ms]
2024-05-06 08:16:42.867 [info] > git for-each-ref --format=%(refname)%00%(upstream:short)%00%(objectname)%00%(upstream:track)%00%(upstream:remotename)%00%(upstream:remoteref) refs/heads/main refs/remotes/main [2ms]
2024-05-06 08:16:43.261 [info] > git status -z -uall [363ms]
2024-05-06 08:18:05.833 [info] > git config --get commit.template [36ms]
2024-05-06 08:18:05.834 [info] > git for-each-ref --format=%(refname)%00%(upstream:short)%00%(objectname)%00%(upstream:track)%00%(upstream:remotename)%00%(upstream:remoteref) refs/heads/main refs/remotes/main [3ms]
2024-05-06 08:18:06.293 [info] > git status -z -uall [424ms]
2024-05-06 08:43:47.627 [info] > git config --get commit.template [2ms]
2024-05-06 08:43:47.674 [info] > git for-each-ref --format=%(refname)%00%(upstream:short)%00%(objectname)%00%(upstream:track)%00%(upstream:remotename)%00%(upstream:remoteref) refs/heads/main refs/remotes/main [11ms]
2024-05-06 08:43:48.129 [info] > git status -z -uall [421ms]
2024-05-06 08:43:53.225 [info] > git config --get commit.template [32ms]
2024-05-06 08:43:53.226 [info] > git for-each-ref --format=%(refname)%00%(upstream:short)%00%(objectname)%00%(upstream:track)%00%(upstream:remotename)%00%(upstream:remoteref) refs/heads/main refs/remotes/main [3ms]
2024-05-06 08:43:53.624 [info] > git status -z -uall [367ms]
2024-05-06 08:43:56.600 [info] > git show --textconv :api_louis/database/migrations/2014_10_12_000000_create_users_table.php [36ms]
2024-05-06 08:43:56.611 [info] > git ls-files --stage -- /home/louis/api_louis/database/migrations/2014_10_12_000000_create_users_table.php [13ms]
2024-05-06 08:43:56.648 [info] > git cat-file -s 444fafb7f5328e7adee2e409be0ee197ccaf1940 [3ms]
2024-05-06 08:43:58.708 [info] > git config --get commit.template [17ms]
2024-05-06 08:43:58.786 [info] > git for-each-ref --format=%(refname)%00%(upstream:short)%00%(objectname)%00%(upstream:track)%00%(upstream:remotename)%00%(upstream:remoteref) refs/heads/main refs/remotes/main [44ms]
2024-05-06 08:43:59.051 [info] > git show --textconv :api_louis/database/migrations/2014_10_12_100000_create_password_reset_tokens_table.php [50ms]
2024-05-06 08:43:59.066 [info] > git ls-files --stage -- /home/louis/api_louis/database/migrations/2014_10_12_100000_create_password_reset_tokens_table.php [16ms]
2024-05-06 08:43:59.098 [info] > git cat-file -s 81a7229b085acceacba99220d098fd156abc4eb4 [3ms]
2024-05-06 08:43:59.251 [info] > git status -z -uall [426ms]
2024-05-06 08:44:03.360 [info] > git show --textconv :api_louis/database/migrations/2024_05_06_075125_create_paris_points_table.php [40ms]
2024-05-06 08:44:03.382 [info] > git ls-files --stage -- /home/louis/api_louis/database/migrations/2024_05_06_075125_create_paris_points_table.php [24ms]
2024-05-06 08:44:04.354 [info] > git config --get commit.template [36ms]
2024-05-06 08:44:04.356 [info] > git for-each-ref --format=%(refname)%00%(upstream:short)%00%(objectname)%00%(upstream:track)%00%(upstream:remotename)%00%(upstream:remoteref) refs/heads/main refs/remotes/main [2ms]
2024-05-06 08:44:04.802 [info] > git status -z -uall [404ms]
2024-05-06 08:44:06.408 [info] > git show --textconv :api_louis/database/migrations/2024_05_06_074805_create_teams_table.php [33ms]
2024-05-06 08:44:06.421 [info] > git ls-files --stage -- /home/louis/api_louis/database/migrations/2024_05_06_074805_create_teams_table.php [14ms]
2024-05-06 08:44:07.282 [info] > git show --textconv :api_louis/tests/Unit/UsersTest.php [42ms]
2024-05-06 08:44:07.286 [info] > git ls-files --stage -- /home/louis/api_louis/tests/Unit/UsersTest.php [14ms]
2024-05-06 08:44:07.325 [info] > git cat-file -s a4377ef69dcb4bf5cb11c90a6f954e72b945bb13 [4ms]
2024-05-06 08:44:09.911 [info] > git config --get commit.template [37ms]
2024-05-06 08:44:09.912 [info] > git for-each-ref --format=%(refname)%00%(upstream:short)%00%(objectname)%00%(upstream:track)%00%(upstream:remotename)%00%(upstream:remoteref) refs/heads/main refs/remotes/main [3ms]
2024-05-06 08:44:10.332 [info] > git status -z -uall [388ms]
2024-05-06 08:44:15.441 [info] > git config --get commit.template [36ms]
2024-05-06 08:44:15.442 [info] > git for-each-ref --format=%(refname)%00%(upstream:short)%00%(objectname)%00%(upstream:track)%00%(upstream:remotename)%00%(upstream:remoteref) refs/heads/main refs/remotes/main [3ms]
2024-05-06 08:44:15.922 [info] > git status -z -uall [439ms]
2024-05-06 08:44:21.010 [info] > git config --get commit.template [30ms]
2024-05-06 08:44:21.011 [info] > git for-each-ref --format=%(refname)%00%(upstream:short)%00%(objectname)%00%(upstream:track)%00%(upstream:remotename)%00%(upstream:remoteref) refs/heads/main refs/remotes/main [2ms]
2024-05-06 08:44:21.425 [info] > git status -z -uall [380ms]
2024-05-06 08:44:26.525 [info] > git config --get commit.template [37ms]
2024-05-06 08:44:26.526 [info] > git for-each-ref --format=%(refname)%00%(upstream:short)%00%(objectname)%00%(upstream:track)%00%(upstream:remotename)%00%(upstream:remoteref) refs/heads/main refs/remotes/main [3ms]
2024-05-06 08:44:26.981 [info] > git status -z -uall [420ms]
2024-05-06 08:44:37.113 [info] > git config --get commit.template [37ms]
2024-05-06 08:44:37.114 [info] > git for-each-ref --format=%(refname)%00%(upstream:short)%00%(objectname)%00%(upstream:track)%00%(upstream:remotename)%00%(upstream:remoteref) refs/heads/main refs/remotes/main [3ms]
2024-05-06 08:44:37.491 [info] > git status -z -uall [344ms]
2024-05-06 08:44:42.583 [info] > git config --get commit.template [31ms]
2024-05-06 08:44:42.585 [info] > git for-each-ref --format=%(refname)%00%(upstream:short)%00%(objectname)%00%(upstream:track)%00%(upstream:remotename)%00%(upstream:remoteref) refs/heads/main refs/remotes/main [2ms]
2024-05-06 08:44:43.026 [info] > git status -z -uall [410ms]
2024-05-06 08:44:48.126 [info] > git config --get commit.template [32ms]
2024-05-06 08:44:48.127 [info] > git for-each-ref --format=%(refname)%00%(upstream:short)%00%(objectname)%00%(upstream:track)%00%(upstream:remotename)%00%(upstream:remoteref) refs/heads/main refs/remotes/main [3ms]
2024-05-06 08:44:48.566 [info] > git status -z -uall [403ms]
2024-05-06 08:44:53.666 [info] > git config --get commit.template [34ms]
2024-05-06 08:44:53.667 [info] > git for-each-ref --format=%(refname)%00%(upstream:short)%00%(objectname)%00%(upstream:track)%00%(upstream:remotename)%00%(upstream:remoteref) refs/heads/main refs/remotes/main [3ms]
2024-05-06 08:44:54.061 [info] > git status -z -uall [356ms]
2024-05-06 08:44:59.159 [info] > git config --get commit.template [39ms]
2024-05-06 08:44:59.161 [info] > git for-each-ref --format=%(refname)%00%(upstream:short)%00%(objectname)%00%(upstream:track)%00%(upstream:remotename)%00%(upstream:remoteref) refs/heads/main refs/remotes/main [5ms]
2024-05-06 08:44:59.692 [info] > git status -z -uall [495ms]
