2024-04-04 14:34:58.269 [info] Log level: Info
2024-04-04 14:34:58.270 [info] Validating found git in: "git"
2024-04-04 14:34:58.270 [info] Using git "2.39.2" from "git"
2024-04-04 14:34:58.270 [info] > git rev-parse --show-toplevel [27ms]
2024-04-04 14:34:58.306 [info] > git rev-parse --git-dir --git-common-dir [12ms]
2024-04-04 14:34:58.354 [info] Open repository: /home/louis
2024-04-04 14:34:58.472 [info] > git rev-parse --show-toplevel [28ms]
2024-04-04 14:34:58.474 [info] > git config --get commit.template [61ms]
2024-04-04 14:34:58.509 [info] > git rev-parse --show-toplevel [18ms]
2024-04-04 14:34:58.526 [info] > git for-each-ref --format=%(refname)%00%(upstream:short)%00%(objectname)%00%(upstream:track)%00%(upstream:remotename)%00%(upstream:remoteref) refs/heads/main refs/remotes/main [20ms]
2024-04-04 14:34:58.774 [info] > git rev-parse --show-toplevel [250ms]
2024-04-04 14:34:58.886 [info] > git rev-parse --show-toplevel [41ms]
2024-04-04 14:34:58.986 [info] > git check-ignore -v -z --stdin [42ms]
2024-04-04 14:34:59.008 [info] > git rev-parse --show-toplevel [24ms]
2024-04-04 14:34:59.056 [info] > git rev-parse --show-toplevel [5ms]
2024-04-04 14:34:59.104 [info] > git rev-parse --show-toplevel [13ms]
2024-04-04 14:34:59.146 [info] > git rev-parse --show-toplevel [10ms]
2024-04-04 14:34:59.208 [info] > git rev-parse --show-toplevel [11ms]
2024-04-04 14:34:59.287 [info] > git rev-parse --git-dir --git-common-dir [28ms]
2024-04-04 14:34:59.309 [info] Open repository: /home/louis/api_louis
2024-04-04 14:34:59.380 [info] > git config --get commit.template [36ms]
2024-04-04 14:34:59.402 [info] > git rev-parse --show-toplevel [25ms]
2024-04-04 14:34:59.510 [info] > git for-each-ref --format=%(refname)%00%(upstream:short)%00%(objectname)%00%(upstream:track)%00%(upstream:remotename)%00%(upstream:remoteref) refs/heads/main refs/remotes/main [110ms]
2024-04-04 14:34:59.512 [info] > git rev-parse --show-toplevel [8ms]
2024-04-04 14:34:59.624 [info] > git show --textconv :docker-compose.yml [40ms]
2024-04-04 14:34:59.634 [info] > git ls-files --stage -- /home/louis/docker-compose.yml [14ms]
2024-04-04 14:35:03.791 [info] > git status -z -uall [5240ms] (cancelled)
2024-04-04 14:35:03.792 [info] > git status -z -uall [4118ms]
2024-04-04 14:35:03.792 [info] > git check-ignore -v -z --stdin [3727ms]
2024-04-04 14:35:03.794 [info] > git check-ignore -v -z --stdin [3708ms]
2024-04-04 14:35:03.844 [info] > git config --get commit.template [79ms]
2024-04-04 14:35:03.848 [info] > git config --get commit.template [4ms]
2024-04-04 14:35:03.913 [info] > git for-each-ref --format=%(refname)%00%(upstream:short)%00%(objectname)%00%(upstream:track)%00%(upstream:remotename)%00%(upstream:remoteref) refs/heads/main refs/remotes/main [6ms]
2024-04-04 14:35:03.915 [info] > git for-each-ref --format=%(refname)%00%(upstream:short)%00%(objectname)%00%(upstream:track)%00%(upstream:remotename)%00%(upstream:remoteref) refs/heads/main refs/remotes/main [34ms]
2024-04-04 14:35:03.972 [info] > git status -z -uall [32ms]
2024-04-04 14:35:07.752 [info] > git status -z -uall [3781ms] (cancelled)
2024-04-04 14:35:48.739 [info] > git check-ignore -v -z --stdin [4ms]
2024-04-04 14:37:19.766 [info] > git check-ignore -v -z --stdin [29ms]
2024-04-04 14:37:19.769 [info] > git check-ignore -v -z --stdin [4ms]
2024-04-04 14:37:26.503 [info] > git show --textconv :app/Http/Controllers/Api/UserController.php [194ms]
2024-04-04 14:37:26.509 [info] > git ls-files --stage -- /home/louis/api_louis/app/Http/Controllers/Api/UserController.php [173ms]
2024-04-04 14:37:26.556 [info] > git cat-file -s 0fe9ad7c9ee42ae645e2cabe118ff602ed237b44 [18ms]
2024-04-04 14:37:32.507 [info] > git check-ignore -v -z --stdin [36ms]
2024-04-04 14:37:34.890 [info] > git show --textconv :app/Http/Controllers/Api/JoueurController.php [23ms]
2024-04-04 14:37:34.892 [info] > git ls-files --stage -- /home/louis/api_louis/app/Http/Controllers/Api/JoueurController.php [4ms]
2024-04-04 14:37:42.684 [info] > git show --textconv :app/Http/Controllers/Api/EquipeController.php [28ms]
2024-04-04 14:37:42.686 [info] > git ls-files --stage -- /home/louis/api_louis/app/Http/Controllers/Api/EquipeController.php [5ms]
2024-04-04 14:37:42.713 [info] > git cat-file -s 8a953de0a592fbde63c8d8233789413368df2d15 [2ms]
2024-04-04 14:37:45.407 [info] > git show --textconv :app/Http/Controllers/Api/ClassementController.php [37ms]
2024-04-04 14:37:45.409 [info] > git ls-files --stage -- /home/louis/api_louis/app/Http/Controllers/Api/ClassementController.php [4ms]
2024-04-04 14:37:45.441 [info] > git cat-file -s ca66ceb5b6310f739c7288080416a6bee5b8004b [3ms]
2024-04-04 14:37:46.882 [info] > git show --textconv :app/Http/Controllers/Api/EquipeController.php [32ms]
2024-04-04 14:37:46.884 [info] > git ls-files --stage -- /home/louis/api_louis/app/Http/Controllers/Api/EquipeController.php [7ms]
2024-04-04 14:37:46.910 [info] > git cat-file -s 8a953de0a592fbde63c8d8233789413368df2d15 [3ms]
2024-04-04 14:37:51.102 [info] > git show --textconv :app/Http/Controllers/Controller.php [25ms]
2024-04-04 14:37:51.104 [info] > git ls-files --stage -- /home/louis/api_louis/app/Http/Controllers/Controller.php [4ms]
2024-04-04 14:37:51.134 [info] > git cat-file -s 77ec359ab4de60f6dd2205cbc5b2aab373d8a185 [3ms]
2024-04-04 14:40:20.014 [info] > git show --textconv :app/Http/Controllers/Api/JoueurController.php [38ms]
2024-04-04 14:40:20.019 [info] > git ls-files --stage -- /home/louis/api_louis/app/Http/Controllers/Api/JoueurController.php [7ms]
2024-04-04 14:40:24.889 [info] > git show --textconv :app/Http/Controllers/Api/EquipeController.php [40ms]
2024-04-04 14:40:24.892 [info] > git ls-files --stage -- /home/louis/api_louis/app/Http/Controllers/Api/EquipeController.php [4ms]
2024-04-04 14:40:24.937 [info] > git cat-file -s 8a953de0a592fbde63c8d8233789413368df2d15 [4ms]
2024-04-04 14:40:28.099 [info] > git show --textconv :app/Http/Controllers/Api/PostController.php [40ms]
2024-04-04 14:40:28.101 [info] > git ls-files --stage -- /home/louis/api_louis/app/Http/Controllers/Api/PostController.php [5ms]
2024-04-04 14:40:28.143 [info] > git cat-file -s 0a896785421db36bab0b82cfe6056cb1a47178ad [4ms]
2024-04-04 14:40:32.491 [info] > git show --textconv :app/Http/Controllers/Api/JoueurController.php [39ms]
2024-04-04 14:40:32.496 [info] > git ls-files --stage -- /home/louis/api_louis/app/Http/Controllers/Api/JoueurController.php [6ms]
2024-04-04 14:40:44.889 [info] > git check-ignore -v -z --stdin [3ms]
2024-04-04 14:40:46.288 [info] > git show --textconv :routes/api.php [40ms]
2024-04-04 14:40:46.290 [info] > git ls-files --stage -- /home/louis/api_louis/routes/api.php [4ms]
2024-04-04 14:40:46.326 [info] > git cat-file -s 9171dd7f57a796943faecc067acbf867ee146375 [1ms]
2024-04-04 14:43:02.475 [info] > git show --textconv :app/Http/Controllers/Api/JoueurController.php [46ms]
2024-04-04 14:43:02.477 [info] > git ls-files --stage -- /home/louis/api_louis/app/Http/Controllers/Api/JoueurController.php [8ms]
2024-04-04 14:43:07.459 [info] > git show --textconv :app/Http/Controllers/Api/EquipeController.php [48ms]
2024-04-04 14:43:07.462 [info] > git ls-files --stage -- /home/louis/api_louis/app/Http/Controllers/Api/EquipeController.php [7ms]
2024-04-04 14:43:07.513 [info] > git cat-file -s 8a953de0a592fbde63c8d8233789413368df2d15 [4ms]
2024-04-04 14:43:09.956 [info] > git show --textconv :app/Http/Controllers/Api/JoueurController.php [48ms]
2024-04-04 14:43:09.958 [info] > git ls-files --stage -- /home/louis/api_louis/app/Http/Controllers/Api/JoueurController.php [4ms]
2024-04-04 14:44:42.990 [info] > git show --textconv :routes/api.php [40ms]
2024-04-04 14:44:42.993 [info] > git ls-files --stage -- /home/louis/api_louis/routes/api.php [5ms]
2024-04-04 14:44:43.035 [info] > git cat-file -s 9171dd7f57a796943faecc067acbf867ee146375 [2ms]
2024-04-04 14:46:23.686 [info] > git show --textconv :app/Http/Controllers/Api/JoueurController.php [48ms]
2024-04-04 14:46:23.689 [info] > git ls-files --stage -- /home/louis/api_louis/app/Http/Controllers/Api/JoueurController.php [5ms]
2024-04-04 14:46:40.168 [info] > git show --textconv :app/Http/Controllers/Api/ClassementController.php [39ms]
2024-04-04 14:46:40.169 [info] > git ls-files --stage -- /home/louis/api_louis/app/Http/Controllers/Api/ClassementController.php [3ms]
2024-04-04 14:46:40.205 [info] > git cat-file -s ca66ceb5b6310f739c7288080416a6bee5b8004b [2ms]
2024-04-04 14:47:00.515 [info] > git show --textconv :app/Http/Controllers/Api/EquipeController.php [46ms]
2024-04-04 14:47:00.517 [info] > git ls-files --stage -- /home/louis/api_louis/app/Http/Controllers/Api/EquipeController.php [4ms]
2024-04-04 14:47:00.561 [info] > git cat-file -s 8a953de0a592fbde63c8d8233789413368df2d15 [2ms]
2024-04-04 14:47:02.647 [info] > git show --textconv :app/Http/Controllers/Api/JoueurController.php [38ms]
2024-04-04 14:47:02.650 [info] > git ls-files --stage -- /home/louis/api_louis/app/Http/Controllers/Api/JoueurController.php [4ms]
2024-04-04 14:47:05.221 [info] > git show --textconv :app/Http/Controllers/Api/ClassementController.php [49ms]
2024-04-04 14:47:05.223 [info] > git ls-files --stage -- /home/louis/api_louis/app/Http/Controllers/Api/ClassementController.php [4ms]
2024-04-04 14:47:05.261 [info] > git cat-file -s ca66ceb5b6310f739c7288080416a6bee5b8004b [2ms]
2024-04-04 14:47:11.552 [info] > git show --textconv :app/Http/Controllers/Api/JoueurController.php [38ms]
2024-04-04 14:47:11.554 [info] > git ls-files --stage -- /home/louis/api_louis/app/Http/Controllers/Api/JoueurController.php [4ms]
2024-04-04 14:47:58.911 [info] > git show --textconv :routes/api.php [42ms]
2024-04-04 14:47:58.913 [info] > git ls-files --stage -- /home/louis/api_louis/routes/api.php [5ms]
2024-04-04 14:47:58.955 [info] > git cat-file -s 9171dd7f57a796943faecc067acbf867ee146375 [3ms]
