2024-04-15 12:44:53.961 [info] Log level: Info
2024-04-15 12:44:53.962 [info] Validating found git in: "git"
2024-04-15 12:44:53.962 [info] Using git "2.39.2" from "git"
2024-04-15 12:44:53.963 [info] > git rev-parse --show-toplevel [577ms]
2024-04-15 12:44:55.831 [info] > git rev-parse --git-dir --git-common-dir [1801ms]
2024-04-15 12:44:55.884 [info] Open repository: /home/louis
2024-04-15 12:44:56.045 [info] > git config --get commit.template [115ms]
2024-04-15 12:44:56.048 [info] > git rev-parse --show-toplevel [94ms]
2024-04-15 12:44:56.224 [info] > git for-each-ref --format=%(refname)%00%(upstream:short)%00%(objectname)%00%(upstream:track)%00%(upstream:remotename)%00%(upstream:remoteref) refs/heads/main refs/remotes/main [184ms]
2024-04-15 12:44:56.273 [info] > git rev-parse --show-toplevel [51ms]
2024-04-15 12:44:56.344 [info] > git rev-parse --show-toplevel [25ms]
2024-04-15 12:44:56.389 [info] > git rev-parse --show-toplevel [25ms]
2024-04-15 12:44:56.467 [info] > git rev-parse --show-toplevel [28ms]
2024-04-15 12:44:56.507 [info] > git rev-parse --show-toplevel [9ms]
2024-04-15 12:44:56.535 [info] > git rev-parse --show-toplevel [7ms]
2024-04-15 12:44:56.578 [info] > git rev-parse --show-toplevel [19ms]
2024-04-15 12:44:56.678 [info] > git check-ignore -v -z --stdin [33ms]
2024-04-15 12:44:56.693 [info] > git rev-parse --show-toplevel [91ms]
2024-04-15 12:44:56.821 [info] > git rev-parse --show-toplevel [15ms]
2024-04-15 12:44:56.878 [info] > git rev-parse --git-dir --git-common-dir [5ms]
2024-04-15 12:44:56.931 [info] Open repository: /home/louis/api_louis
2024-04-15 12:44:57.092 [info] > git rev-parse --show-toplevel [15ms]
2024-04-15 12:44:57.094 [info] > git config --get commit.template [72ms]
2024-04-15 12:44:57.148 [info] > git rev-parse --show-toplevel [29ms]
2024-04-15 12:44:57.260 [info] > git show --textconv :ligue1-frontend/src/pages/Equipe/Equipe.js [77ms]
2024-04-15 12:44:57.262 [info] > git for-each-ref --format=%(refname)%00%(upstream:short)%00%(objectname)%00%(upstream:track)%00%(upstream:remotename)%00%(upstream:remoteref) refs/heads/main refs/remotes/main [116ms]
2024-04-15 12:44:57.291 [info] > git ls-files --stage -- /home/louis/ligue1-frontend/src/pages/Equipe/Equipe.js [33ms]
2024-04-15 12:44:57.371 [info] > git status -z -uall [82ms]
2024-04-15 12:44:59.671 [info] > git merge-base refs/heads/main refs/remotes/origin/main [2248ms]
2024-04-15 12:45:01.041 [info] > git status -z -uall [4770ms] (cancelled)
2024-04-15 12:45:01.042 [info] > git check-ignore -v -z --stdin [1169ms]
2024-04-15 12:45:01.047 [info] > git check-ignore -v -z --stdin [1114ms]
2024-04-15 12:45:01.049 [info] > git rev-list --count --left-right refs/heads/main...refs/remotes/origin/main [1280ms]
2024-04-15 12:45:01.120 [info] > git config --get commit.template [1478ms]
2024-04-15 12:49:45.609 [info] > git diff --name-status -z --diff-filter=ADMR 0dcaf4832d0ef5956626818c6faf388aa3445dee...refs/remotes/origin/main [284490ms]
2024-04-15 12:49:45.624 [info] > git merge-base refs/heads/main refs/remotes/origin/main [285061ms]
2024-04-15 12:49:46.075 [info] > git rev-list --count --left-right refs/heads/main...refs/remotes/origin/main [371ms]
2024-04-15 12:49:46.136 [info] > git config --get commit.template [538ms]
2024-04-15 12:49:46.164 [info] > git diff --name-status -z --diff-filter=ADMR 73978d91c7f16ccb3cd5807fd7b6f1aed709517e...refs/remotes/origin/main [28ms]
2024-04-15 12:49:46.166 [info] > git for-each-ref --format=%(refname)%00%(upstream:short)%00%(objectname)%00%(upstream:track)%00%(upstream:remotename)%00%(upstream:remoteref) refs/heads/main refs/remotes/main [225ms]
2024-04-15 12:49:46.581 [info] > git for-each-ref --format=%(refname)%00%(upstream:short)%00%(objectname)%00%(upstream:track)%00%(upstream:remotename)%00%(upstream:remoteref) refs/heads/main refs/remotes/main [369ms]
2024-04-15 12:49:46.973 [info] > git status -z -uall [279ms]
2024-04-15 12:49:54.819 [info] > git status -z -uall [8029ms] (cancelled)
