2024-05-13 07:58:31.341 [info] Log level: Info
2024-05-13 07:58:31.341 [info] Validating found git in: "git"
2024-05-13 07:58:31.341 [info] Using git "2.39.2" from "git"
2024-05-13 07:58:31.341 [info] > git rev-parse --show-toplevel [673ms]
2024-05-13 07:58:31.447 [info] > git rev-parse --git-dir --git-common-dir [114ms]
2024-05-13 07:58:31.486 [info] Open repository: /home/louis
2024-05-13 07:58:31.524 [info] > git config --get commit.template [19ms]
2024-05-13 07:58:31.565 [info] > git rev-parse --show-toplevel [44ms]
2024-05-13 07:58:31.622 [info] > git for-each-ref --format=%(refname)%00%(upstream:short)%00%(objectname)%00%(upstream:track)%00%(upstream:remotename)%00%(upstream:remoteref) refs/heads/main refs/remotes/main [64ms]
2024-05-13 07:58:31.665 [info] > git rev-parse --show-toplevel [46ms]
2024-05-13 07:58:31.742 [info] > git rev-parse --show-toplevel [32ms]
2024-05-13 07:58:31.875 [info] > git rev-parse --show-toplevel [11ms]
2024-05-13 07:58:31.956 [info] > git rev-parse --show-toplevel [19ms]
2024-05-13 07:58:32.012 [info] > git rev-parse --show-toplevel [13ms]
2024-05-13 07:58:32.056 [info] > git rev-parse --show-toplevel [8ms]
2024-05-13 07:58:32.090 [info] > git rev-parse --show-toplevel [8ms]
2024-05-13 07:58:32.128 [info] > git rev-parse --show-toplevel [3ms]
2024-05-13 07:58:32.176 [info] > git rev-parse --show-toplevel [2ms]
2024-05-13 07:58:32.251 [info] > git rev-parse --show-toplevel [21ms]
2024-05-13 07:58:32.299 [info] > git rev-parse --show-toplevel [18ms]
2024-05-13 07:58:32.349 [info] > git rev-parse --show-toplevel [18ms]
2024-05-13 07:58:32.602 [info] > git status -z -uall [940ms]
2024-05-13 07:58:32.859 [info] > git merge-base refs/heads/main refs/remotes/origin/main [196ms]
2024-05-13 07:58:32.877 [info] > git config --get commit.template [18ms]
2024-05-13 07:58:32.896 [info] > git rev-list --count --left-right refs/heads/main...refs/remotes/origin/main [21ms]
2024-05-13 07:58:32.916 [info] > git for-each-ref --format=%(refname)%00%(upstream:short)%00%(objectname)%00%(upstream:track)%00%(upstream:remotename)%00%(upstream:remoteref) refs/heads/main refs/remotes/main [22ms]
2024-05-13 07:58:32.936 [info] > git diff --name-status -z --diff-filter=ADMR c39fbc83ba21de7cd455ff8891e187b85d4fc759...refs/remotes/origin/main [22ms]
2024-05-13 07:58:33.626 [info] > git status -z -uall [692ms]
2024-05-13 07:58:34.721 [info] > git check-ignore -v -z --stdin [519ms]
2024-05-13 07:58:34.881 [info] > git show --textconv :ligue1-frontend/src/pages/HomePage/HomePage.js [75ms]
2024-05-13 07:58:34.884 [info] > git ls-files --stage -- /home/louis/ligue1-frontend/src/pages/HomePage/HomePage.js [37ms]
2024-05-13 07:58:34.909 [info] > git cat-file -s bd49ddd6dba42c942ac2ae53fa4453ccd240960a [5ms]
2024-05-13 07:58:36.701 [info] > git check-ignore -v -z --stdin [1822ms]
2024-05-13 07:58:36.940 [info] > git config --get commit.template [242ms]
2024-05-13 07:58:37.119 [info] > git for-each-ref --format=%(refname)%00%(upstream:short)%00%(objectname)%00%(upstream:track)%00%(upstream:remotename)%00%(upstream:remoteref) refs/heads/main refs/remotes/main [127ms]
2024-05-13 07:58:37.565 [info] > git check-ignore -v -z --stdin [77ms]
2024-05-13 07:58:38.724 [info] > git status -z -uall [1131ms]
2024-05-13 08:01:04.322 [info] > git config --get commit.template [2ms]
2024-05-13 08:01:04.362 [info] > git for-each-ref --format=%(refname)%00%(upstream:short)%00%(objectname)%00%(upstream:track)%00%(upstream:remotename)%00%(upstream:remoteref) refs/heads/main refs/remotes/main [9ms]
2024-05-13 08:01:04.813 [info] > git status -z -uall [408ms]
2024-05-13 08:02:31.368 [info] > git config --get commit.template [34ms]
2024-05-13 08:02:31.369 [info] > git for-each-ref --format=%(refname)%00%(upstream:short)%00%(objectname)%00%(upstream:track)%00%(upstream:remotename)%00%(upstream:remoteref) refs/heads/main refs/remotes/main [4ms]
2024-05-13 08:02:31.723 [info] > git status -z -uall [325ms]
2024-05-13 08:02:36.806 [info] > git config --get commit.template [32ms]
2024-05-13 08:02:36.807 [info] > git for-each-ref --format=%(refname)%00%(upstream:short)%00%(objectname)%00%(upstream:track)%00%(upstream:remotename)%00%(upstream:remoteref) refs/heads/main refs/remotes/main [3ms]
2024-05-13 08:02:37.163 [info] > git status -z -uall [324ms]
2024-05-13 08:02:37.695 [info] > git check-ignore -v -z --stdin [64ms]
2024-05-13 08:02:50.685 [info] > git config --get commit.template [33ms]
2024-05-13 08:02:50.686 [info] > git for-each-ref --format=%(refname)%00%(upstream:short)%00%(objectname)%00%(upstream:track)%00%(upstream:remotename)%00%(upstream:remoteref) refs/heads/main refs/remotes/main [3ms]
2024-05-13 08:02:51.055 [info] > git status -z -uall [337ms]
2024-05-13 08:02:53.128 [info] > git check-ignore -v -z --stdin [25ms]
2024-05-13 08:02:54.445 [info] > git check-ignore -v -z --stdin [23ms]
2024-05-13 08:02:55.873 [info] > git check-ignore -v -z --stdin [38ms]
2024-05-13 08:03:07.800 [info] > git config --get commit.template [5ms]
2024-05-13 08:03:07.834 [info] > git for-each-ref --format=%(refname)%00%(upstream:short)%00%(objectname)%00%(upstream:track)%00%(upstream:remotename)%00%(upstream:remoteref) refs/heads/main refs/remotes/main [1ms]
2024-05-13 08:03:08.208 [info] > git status -z -uall [345ms]
2024-05-13 08:03:10.918 [info] > git show --textconv :api_louis/database/migrations/2019_08_19_000000_create_failed_jobs_table.php [272ms]
2024-05-13 08:03:10.918 [info] > git ls-files --stage -- /home/louis/api_louis/database/migrations/2019_08_19_000000_create_failed_jobs_table.php [243ms]
2024-05-13 08:03:11.155 [info] > git cat-file -s 249da8171acd0816601ccb095c3320393e66dea6 [144ms]
2024-05-13 08:03:13.308 [info] > git config --get commit.template [51ms]
2024-05-13 08:03:13.319 [info] > git for-each-ref --format=%(refname)%00%(upstream:short)%00%(objectname)%00%(upstream:track)%00%(upstream:remotename)%00%(upstream:remoteref) refs/heads/main refs/remotes/main [14ms]
2024-05-13 08:03:13.816 [info] > git status -z -uall [448ms]
2024-05-13 08:03:18.900 [info] > git config --get commit.template [42ms]
2024-05-13 08:03:18.901 [info] > git for-each-ref --format=%(refname)%00%(upstream:short)%00%(objectname)%00%(upstream:track)%00%(upstream:remotename)%00%(upstream:remoteref) refs/heads/main refs/remotes/main [4ms]
2024-05-13 08:03:19.135 [info] > git show --textconv :api_louis/database/migrations/2024_05_06_074850_create_rank_players_table.php [38ms]
2024-05-13 08:03:19.153 [info] > git ls-files --stage -- /home/louis/api_louis/database/migrations/2024_05_06_074850_create_rank_players_table.php [20ms]
2024-05-13 08:03:19.186 [info] > git cat-file -s 29311791617df1da7080dbae1ad3cfc819be2b82 [7ms]
2024-05-13 08:03:19.420 [info] > git status -z -uall [480ms]
2024-05-13 08:03:21.280 [info] > git show --textconv :api_louis/database/migrations/2024_05_06_074933_create_rankings_table.php [31ms]
2024-05-13 08:03:21.291 [info] > git ls-files --stage -- /home/louis/api_louis/database/migrations/2024_05_06_074933_create_rankings_table.php [13ms]
2024-05-13 08:03:21.323 [info] > git cat-file -s a36e216d940e85733b0260177029a4f8b2d7f972 [2ms]
2024-05-13 08:03:24.179 [info] > git show --textconv :api_louis/database/migrations/2024_05_06_075013_create_matchs_table.php [27ms]
2024-05-13 08:03:24.195 [info] > git ls-files --stage -- /home/louis/api_louis/database/migrations/2024_05_06_075013_create_matchs_table.php [18ms]
2024-05-13 08:03:24.221 [info] > git cat-file -s 7e479e24a7be971a060b38dff75d4b13a540848f [2ms]
2024-05-13 08:03:24.488 [info] > git config --get commit.template [33ms]
2024-05-13 08:03:24.489 [info] > git for-each-ref --format=%(refname)%00%(upstream:short)%00%(objectname)%00%(upstream:track)%00%(upstream:remotename)%00%(upstream:remoteref) refs/heads/main refs/remotes/main [3ms]
2024-05-13 08:03:24.913 [info] > git status -z -uall [397ms]
2024-05-13 08:03:27.271 [info] > git show --textconv :api_louis/database/migrations/2024_05_06_075125_create_paris_points_table.php [29ms]
2024-05-13 08:03:27.285 [info] > git ls-files --stage -- /home/louis/api_louis/database/migrations/2024_05_06_075125_create_paris_points_table.php [15ms]
2024-05-13 08:03:27.311 [info] > git cat-file -s a02e65210485fccfb8776d4ba245cbcbe685aa05 [2ms]
2024-05-13 08:03:29.952 [info] > git config --get commit.template [3ms]
2024-05-13 08:03:29.984 [info] > git for-each-ref --format=%(refname)%00%(upstream:short)%00%(objectname)%00%(upstream:track)%00%(upstream:remotename)%00%(upstream:remoteref) refs/heads/main refs/remotes/main [7ms]
2024-05-13 08:03:30.141 [info] > git show --textconv :api_louis/database/migrations/2024_05_06_074805_create_teams_table.php [62ms]
2024-05-13 08:03:30.158 [info] > git ls-files --stage -- /home/louis/api_louis/database/migrations/2024_05_06_074805_create_teams_table.php [20ms]
2024-05-13 08:03:30.192 [info] > git cat-file -s 0372a00de1d4bd719716a02bfe2d8685b76b1411 [4ms]
2024-05-13 08:03:30.466 [info] > git status -z -uall [444ms]
2024-05-13 08:03:33.386 [info] > git show --textconv :api_louis/database/migrations/2023_12_20_133208_add_user_id_to_posts_table.php [35ms]
2024-05-13 08:03:33.397 [info] > git ls-files --stage -- /home/louis/api_louis/database/migrations/2023_12_20_133208_add_user_id_to_posts_table.php [13ms]
2024-05-13 08:03:33.437 [info] > git cat-file -s 90c73acf89283fc1790b922c6facda70f4f56aa1 [4ms]
2024-05-13 08:03:35.543 [info] > git config --get commit.template [31ms]
2024-05-13 08:03:35.547 [info] > git for-each-ref --format=%(refname)%00%(upstream:short)%00%(objectname)%00%(upstream:track)%00%(upstream:remotename)%00%(upstream:remoteref) refs/heads/main refs/remotes/main [5ms]
2024-05-13 08:03:35.988 [info] > git status -z -uall [410ms]
2024-05-13 08:03:36.596 [info] > git show --textconv :api_louis/database/migrations/2024_05_06_074850_create_rank_players_table.php [39ms]
2024-05-13 08:03:36.608 [info] > git ls-files --stage -- /home/louis/api_louis/database/migrations/2024_05_06_074850_create_rank_players_table.php [14ms]
2024-05-13 08:03:36.639 [info] > git cat-file -s 29311791617df1da7080dbae1ad3cfc819be2b82 [2ms]
2024-05-13 08:03:41.063 [info] > git config --get commit.template [30ms]
2024-05-13 08:03:41.064 [info] > git for-each-ref --format=%(refname)%00%(upstream:short)%00%(objectname)%00%(upstream:track)%00%(upstream:remotename)%00%(upstream:remoteref) refs/heads/main refs/remotes/main [3ms]
2024-05-13 08:03:41.478 [info] > git status -z -uall [380ms]
2024-05-13 08:03:44.884 [info] > git show --textconv :api_louis/database/migrations/2024_05_06_075013_create_matchs_table.php [39ms]
2024-05-13 08:03:44.896 [info] > git ls-files --stage -- /home/louis/api_louis/database/migrations/2024_05_06_075013_create_matchs_table.php [25ms]
2024-05-13 08:03:44.929 [info] > git cat-file -s 7e479e24a7be971a060b38dff75d4b13a540848f [3ms]
2024-05-13 08:03:46.185 [info] > git show --textconv :api_louis/database/migrations/2024_05_06_074933_create_rankings_table.php [33ms]
2024-05-13 08:03:46.205 [info] > git ls-files --stage -- /home/louis/api_louis/database/migrations/2024_05_06_074933_create_rankings_table.php [22ms]
2024-05-13 08:03:46.240 [info] > git cat-file -s a36e216d940e85733b0260177029a4f8b2d7f972 [5ms]
2024-05-13 08:03:46.535 [info] > git config --get commit.template [2ms]
2024-05-13 08:03:46.568 [info] > git for-each-ref --format=%(refname)%00%(upstream:short)%00%(objectname)%00%(upstream:track)%00%(upstream:remotename)%00%(upstream:remoteref) refs/heads/main refs/remotes/main [3ms]
2024-05-13 08:03:47.034 [info] > git status -z -uall [430ms]
2024-05-13 08:03:48.253 [info] > git show --textconv :api_louis/database/migrations/2024_05_06_074850_create_rank_players_table.php [30ms]
2024-05-13 08:03:48.266 [info] > git ls-files --stage -- /home/louis/api_louis/database/migrations/2024_05_06_074850_create_rank_players_table.php [14ms]
2024-05-13 08:03:48.297 [info] > git cat-file -s 29311791617df1da7080dbae1ad3cfc819be2b82 [4ms]
2024-05-13 08:03:58.023 [info] > git config --get commit.template [33ms]
2024-05-13 08:03:58.024 [info] > git for-each-ref --format=%(refname)%00%(upstream:short)%00%(objectname)%00%(upstream:track)%00%(upstream:remotename)%00%(upstream:remoteref) refs/heads/main refs/remotes/main [3ms]
2024-05-13 08:03:58.453 [info] > git status -z -uall [395ms]
2024-05-13 08:04:03.500 [info] > git config --get commit.template [2ms]
2024-05-13 08:04:03.531 [info] > git for-each-ref --format=%(refname)%00%(upstream:short)%00%(objectname)%00%(upstream:track)%00%(upstream:remotename)%00%(upstream:remoteref) refs/heads/main refs/remotes/main [3ms]
2024-05-13 08:04:04.013 [info] > git status -z -uall [442ms]
2024-05-13 08:04:19.894 [info] > git config --get commit.template [32ms]
2024-05-13 08:04:19.897 [info] > git for-each-ref --format=%(refname)%00%(upstream:short)%00%(objectname)%00%(upstream:track)%00%(upstream:remotename)%00%(upstream:remoteref) refs/heads/main refs/remotes/main [4ms]
2024-05-13 08:04:20.364 [info] > git status -z -uall [432ms]
2024-05-13 08:04:30.395 [info] > git config --get commit.template [3ms]
2024-05-13 08:04:30.436 [info] > git for-each-ref --format=%(refname)%00%(upstream:short)%00%(objectname)%00%(upstream:track)%00%(upstream:remotename)%00%(upstream:remoteref) refs/heads/main refs/remotes/main [3ms]
2024-05-13 08:04:31.048 [info] > git status -z -uall [576ms]
2024-05-13 08:04:51.333 [info] > git config --get commit.template [32ms]
2024-05-13 08:04:51.335 [info] > git for-each-ref --format=%(refname)%00%(upstream:short)%00%(objectname)%00%(upstream:track)%00%(upstream:remotename)%00%(upstream:remoteref) refs/heads/main refs/remotes/main [4ms]
2024-05-13 08:04:51.776 [info] > git status -z -uall [409ms]
2024-05-13 08:04:56.816 [info] > git config --get commit.template [2ms]
2024-05-13 08:04:56.859 [info] > git for-each-ref --format=%(refname)%00%(upstream:short)%00%(objectname)%00%(upstream:track)%00%(upstream:remotename)%00%(upstream:remoteref) refs/heads/main refs/remotes/main [11ms]
2024-05-13 08:04:57.296 [info] > git status -z -uall [409ms]
2024-05-13 08:07:19.294 [info] > git config --get commit.template [33ms]
2024-05-13 08:07:19.298 [info] > git for-each-ref --format=%(refname)%00%(upstream:short)%00%(objectname)%00%(upstream:track)%00%(upstream:remotename)%00%(upstream:remoteref) refs/heads/main refs/remotes/main [5ms]
2024-05-13 08:07:19.758 [info] > git status -z -uall [430ms]
2024-05-13 08:07:24.840 [info] > git config --get commit.template [44ms]
2024-05-13 08:07:24.843 [info] > git for-each-ref --format=%(refname)%00%(upstream:short)%00%(objectname)%00%(upstream:track)%00%(upstream:remotename)%00%(upstream:remoteref) refs/heads/main refs/remotes/main [4ms]
2024-05-13 08:07:25.324 [info] > git status -z -uall [453ms]
2024-05-13 08:07:27.815 [info] > git check-ignore -v -z --stdin [21ms]
2024-05-13 08:07:28.688 [info] > git check-ignore -v -z --stdin [19ms]
2024-05-13 08:07:29.775 [info] > git check-ignore -v -z --stdin [35ms]
2024-05-13 08:07:30.398 [info] > git config --get commit.template [2ms]
2024-05-13 08:07:30.430 [info] > git for-each-ref --format=%(refname)%00%(upstream:short)%00%(objectname)%00%(upstream:track)%00%(upstream:remotename)%00%(upstream:remoteref) refs/heads/main refs/remotes/main [4ms]
2024-05-13 08:07:30.918 [info] > git status -z -uall [455ms]
2024-05-13 08:07:40.758 [info] > git config --get commit.template [29ms]
2024-05-13 08:07:40.760 [info] > git for-each-ref --format=%(refname)%00%(upstream:short)%00%(objectname)%00%(upstream:track)%00%(upstream:remotename)%00%(upstream:remoteref) refs/heads/main refs/remotes/main [4ms]
2024-05-13 08:07:41.270 [info] > git status -z -uall [479ms]
2024-05-13 08:08:05.866 [info] > git config --get commit.template [2ms]
2024-05-13 08:08:05.896 [info] > git for-each-ref --format=%(refname)%00%(upstream:short)%00%(objectname)%00%(upstream:track)%00%(upstream:remotename)%00%(upstream:remoteref) refs/heads/main refs/remotes/main [2ms]
2024-05-13 08:08:06.325 [info] > git status -z -uall [400ms]
2024-05-13 08:10:11.753 [info] > git config --get commit.template [40ms]
2024-05-13 08:10:11.755 [info] > git for-each-ref --format=%(refname)%00%(upstream:short)%00%(objectname)%00%(upstream:track)%00%(upstream:remotename)%00%(upstream:remoteref) refs/heads/main refs/remotes/main [3ms]
2024-05-13 08:10:12.415 [info] > git status -z -uall [622ms]
2024-05-13 08:10:17.476 [info] > git config --get commit.template [1ms]
2024-05-13 08:10:17.510 [info] > git for-each-ref --format=%(refname)%00%(upstream:short)%00%(objectname)%00%(upstream:track)%00%(upstream:remotename)%00%(upstream:remoteref) refs/heads/main refs/remotes/main [5ms]
2024-05-13 08:10:18.091 [info] > git status -z -uall [534ms]
2024-05-13 08:10:19.200 [info] > git check-ignore -v -z --stdin [30ms]
2024-05-13 08:10:28.052 [info] > git config --get commit.template [42ms]
2024-05-13 08:10:28.064 [info] > git for-each-ref --format=%(refname)%00%(upstream:short)%00%(objectname)%00%(upstream:track)%00%(upstream:remotename)%00%(upstream:remoteref) refs/heads/main refs/remotes/main [14ms]
2024-05-13 08:10:28.863 [info] > git status -z -uall [752ms]
2024-05-13 08:10:46.821 [info] > git config --get commit.template [30ms]
2024-05-13 08:10:46.827 [info] > git for-each-ref --format=%(refname)%00%(upstream:short)%00%(objectname)%00%(upstream:track)%00%(upstream:remotename)%00%(upstream:remoteref) refs/heads/main refs/remotes/main [3ms]
2024-05-13 08:10:47.331 [info] > git status -z -uall [466ms]
2024-05-13 08:12:06.946 [info] > git config --get commit.template [27ms]
2024-05-13 08:12:06.949 [info] > git for-each-ref --format=%(refname)%00%(upstream:short)%00%(objectname)%00%(upstream:track)%00%(upstream:remotename)%00%(upstream:remoteref) refs/heads/main refs/remotes/main [5ms]
2024-05-13 08:12:07.433 [info] > git status -z -uall [456ms]
2024-05-13 08:16:41.263 [info] > git config --get commit.template [33ms]
2024-05-13 08:16:41.264 [info] > git for-each-ref --format=%(refname)%00%(upstream:short)%00%(objectname)%00%(upstream:track)%00%(upstream:remotename)%00%(upstream:remoteref) refs/heads/main refs/remotes/main [4ms]
2024-05-13 08:16:41.764 [info] > git status -z -uall [460ms]
2024-05-13 09:21:15.377 [info] > git config --get commit.template [2ms]
2024-05-13 09:21:15.378 [info] > git for-each-ref --format=%(refname)%00%(upstream:short)%00%(objectname)%00%(upstream:track)%00%(upstream:remotename)%00%(upstream:remoteref) refs/heads/main refs/remotes/main [48ms]
2024-05-13 09:21:15.846 [info] > git status -z -uall [436ms]
2024-05-13 09:21:19.557 [info] > git check-ignore -v -z --stdin [20ms]
2024-05-13 09:21:20.911 [info] > git config --get commit.template [28ms]
2024-05-13 09:21:20.912 [info] > git for-each-ref --format=%(refname)%00%(upstream:short)%00%(objectname)%00%(upstream:track)%00%(upstream:remotename)%00%(upstream:remoteref) refs/heads/main refs/remotes/main [3ms]
2024-05-13 09:21:21.139 [info] > git check-ignore -v -z --stdin [28ms]
2024-05-13 09:21:21.370 [info] > git status -z -uall [413ms]
2024-05-13 09:21:30.498 [info] > git config --get commit.template [33ms]
2024-05-13 09:21:30.499 [info] > git for-each-ref --format=%(refname)%00%(upstream:short)%00%(objectname)%00%(upstream:track)%00%(upstream:remotename)%00%(upstream:remoteref) refs/heads/main refs/remotes/main [4ms]
2024-05-13 09:21:30.975 [info] > git status -z -uall [446ms]
2024-05-13 09:21:36.116 [info] > git show --textconv :ligue1-frontend/src/pages/HomePage/HomePage.js [32ms]
2024-05-13 09:21:36.117 [info] > git config --get commit.template [104ms]
2024-05-13 09:21:36.128 [info] > git for-each-ref --format=%(refname)%00%(upstream:short)%00%(objectname)%00%(upstream:track)%00%(upstream:remotename)%00%(upstream:remoteref) refs/heads/main refs/remotes/main [88ms]
2024-05-13 09:21:36.170 [info] > git ls-files --stage -- /home/louis/ligue1-frontend/src/pages/HomePage/HomePage.js [56ms]
2024-05-13 09:21:36.229 [info] > git cat-file -s bd49ddd6dba42c942ac2ae53fa4453ccd240960a [9ms]
2024-05-13 09:21:36.700 [info] > git status -z -uall [542ms]
2024-05-13 09:21:41.794 [info] > git config --get commit.template [52ms]
2024-05-13 09:21:41.795 [info] > git for-each-ref --format=%(refname)%00%(upstream:short)%00%(objectname)%00%(upstream:track)%00%(upstream:remotename)%00%(upstream:remoteref) refs/heads/main refs/remotes/main [3ms]
2024-05-13 09:21:42.273 [info] > git status -z -uall [448ms]
2024-05-13 09:21:47.340 [info] > git config --get commit.template [30ms]
2024-05-13 09:21:47.342 [info] > git for-each-ref --format=%(refname)%00%(upstream:short)%00%(objectname)%00%(upstream:track)%00%(upstream:remotename)%00%(upstream:remoteref) refs/heads/main refs/remotes/main [3ms]
2024-05-13 09:21:47.843 [info] > git status -z -uall [455ms]
2024-05-13 09:21:52.925 [info] > git config --get commit.template [34ms]
2024-05-13 09:21:52.926 [info] > git for-each-ref --format=%(refname)%00%(upstream:short)%00%(objectname)%00%(upstream:track)%00%(upstream:remotename)%00%(upstream:remoteref) refs/heads/main refs/remotes/main [2ms]
2024-05-13 09:21:53.398 [info] > git status -z -uall [433ms]
2024-05-13 09:25:23.652 [info] > git config --get commit.template [32ms]
2024-05-13 09:25:23.653 [info] > git for-each-ref --format=%(refname)%00%(upstream:short)%00%(objectname)%00%(upstream:track)%00%(upstream:remotename)%00%(upstream:remoteref) refs/heads/main refs/remotes/main [3ms]
2024-05-13 09:25:24.126 [info] > git status -z -uall [429ms]
2024-05-13 09:25:29.206 [info] > git config --get commit.template [34ms]
2024-05-13 09:25:29.207 [info] > git for-each-ref --format=%(refname)%00%(upstream:short)%00%(objectname)%00%(upstream:track)%00%(upstream:remotename)%00%(upstream:remoteref) refs/heads/main refs/remotes/main [4ms]
2024-05-13 09:25:29.709 [info] > git status -z -uall [468ms]
2024-05-13 09:25:34.774 [info] > git config --get commit.template [29ms]
2024-05-13 09:25:34.775 [info] > git for-each-ref --format=%(refname)%00%(upstream:short)%00%(objectname)%00%(upstream:track)%00%(upstream:remotename)%00%(upstream:remoteref) refs/heads/main refs/remotes/main [2ms]
2024-05-13 09:25:35.258 [info] > git status -z -uall [444ms]
2024-05-13 09:27:08.311 [info] > git config --get commit.template [43ms]
2024-05-13 09:27:08.313 [info] > git for-each-ref --format=%(refname)%00%(upstream:short)%00%(objectname)%00%(upstream:track)%00%(upstream:remotename)%00%(upstream:remoteref) refs/heads/main refs/remotes/main [5ms]
2024-05-13 09:27:08.901 [info] > git status -z -uall [541ms]
2024-05-13 09:27:13.970 [info] > git config --get commit.template [2ms]
2024-05-13 09:27:14.028 [info] > git for-each-ref --format=%(refname)%00%(upstream:short)%00%(objectname)%00%(upstream:track)%00%(upstream:remotename)%00%(upstream:remoteref) refs/heads/main refs/remotes/main [1ms]
2024-05-13 09:27:14.554 [info] > git status -z -uall [487ms]
2024-05-13 09:34:23.586 [info] > git config --get commit.template [1ms]
2024-05-13 09:34:23.618 [info] > git for-each-ref --format=%(refname)%00%(upstream:short)%00%(objectname)%00%(upstream:track)%00%(upstream:remotename)%00%(upstream:remoteref) refs/heads/main refs/remotes/main [3ms]
2024-05-13 09:34:24.089 [info] > git status -z -uall [437ms]
2024-05-13 09:34:29.806 [info] > git config --get commit.template [1ms]
2024-05-13 09:34:29.839 [info] > git for-each-ref --format=%(refname)%00%(upstream:short)%00%(objectname)%00%(upstream:track)%00%(upstream:remotename)%00%(upstream:remoteref) refs/heads/main refs/remotes/main [6ms]
2024-05-13 09:34:30.360 [info] > git status -z -uall [479ms]
2024-05-13 09:34:33.085 [info] > git check-ignore -v -z --stdin [17ms]
2024-05-13 09:34:35.426 [info] > git config --get commit.template [27ms]
2024-05-13 09:34:35.428 [info] > git for-each-ref --format=%(refname)%00%(upstream:short)%00%(objectname)%00%(upstream:track)%00%(upstream:remotename)%00%(upstream:remoteref) refs/heads/main refs/remotes/main [2ms]
2024-05-13 09:34:35.859 [info] > git status -z -uall [405ms]
2024-05-13 10:10:10.891 [info] > git config --get commit.template [29ms]
2024-05-13 10:10:10.892 [info] > git for-each-ref --format=%(refname)%00%(upstream:short)%00%(objectname)%00%(upstream:track)%00%(upstream:remotename)%00%(upstream:remoteref) refs/heads/main refs/remotes/main [5ms]
2024-05-13 10:10:11.386 [info] > git status -z -uall [464ms]
2024-05-13 10:12:08.102 [info] > git config --get commit.template [29ms]
2024-05-13 10:12:08.104 [info] > git for-each-ref --format=%(refname)%00%(upstream:short)%00%(objectname)%00%(upstream:track)%00%(upstream:remotename)%00%(upstream:remoteref) refs/heads/main refs/remotes/main [4ms]
2024-05-13 10:12:08.578 [info] > git status -z -uall [442ms]
2024-05-13 10:12:13.636 [info] > git config --get commit.template [28ms]
2024-05-13 10:12:13.637 [info] > git for-each-ref --format=%(refname)%00%(upstream:short)%00%(objectname)%00%(upstream:track)%00%(upstream:remotename)%00%(upstream:remoteref) refs/heads/main refs/remotes/main [3ms]
2024-05-13 10:12:14.063 [info] > git status -z -uall [396ms]
2024-05-13 10:12:19.130 [info] > git config --get commit.template [30ms]
2024-05-13 10:12:19.132 [info] > git for-each-ref --format=%(refname)%00%(upstream:short)%00%(objectname)%00%(upstream:track)%00%(upstream:remotename)%00%(upstream:remoteref) refs/heads/main refs/remotes/main [3ms]
2024-05-13 10:12:19.517 [info] > git status -z -uall [357ms]
2024-05-13 10:12:24.570 [info] > git config --get commit.template [23ms]
2024-05-13 10:12:24.571 [info] > git for-each-ref --format=%(refname)%00%(upstream:short)%00%(objectname)%00%(upstream:track)%00%(upstream:remotename)%00%(upstream:remoteref) refs/heads/main refs/remotes/main [2ms]
2024-05-13 10:12:24.973 [info] > git status -z -uall [376ms]
2024-05-13 10:14:34.994 [info] > git config --get commit.template [28ms]
2024-05-13 10:14:34.995 [info] > git for-each-ref --format=%(refname)%00%(upstream:short)%00%(objectname)%00%(upstream:track)%00%(upstream:remotename)%00%(upstream:remoteref) refs/heads/main refs/remotes/main [2ms]
2024-05-13 10:14:35.433 [info] > git status -z -uall [404ms]
2024-05-13 10:14:40.495 [info] > git config --get commit.template [26ms]
2024-05-13 10:14:40.497 [info] > git for-each-ref --format=%(refname)%00%(upstream:short)%00%(objectname)%00%(upstream:track)%00%(upstream:remotename)%00%(upstream:remoteref) refs/heads/main refs/remotes/main [3ms]
2024-05-13 10:14:40.889 [info] > git status -z -uall [369ms]
2024-05-13 10:16:34.735 [info] > git config --get commit.template [23ms]
2024-05-13 10:16:34.739 [info] > git for-each-ref --format=%(refname)%00%(upstream:short)%00%(objectname)%00%(upstream:track)%00%(upstream:remotename)%00%(upstream:remoteref) refs/heads/main refs/remotes/main [6ms]
2024-05-13 10:16:35.181 [info] > git status -z -uall [414ms]
2024-05-13 11:50:07.089 [info] > git config --get commit.template [32ms]
2024-05-13 11:50:07.090 [info] > git for-each-ref --format=%(refname)%00%(upstream:short)%00%(objectname)%00%(upstream:track)%00%(upstream:remotename)%00%(upstream:remoteref) refs/heads/main refs/remotes/main [4ms]
2024-05-13 11:50:07.548 [info] > git status -z -uall [429ms]
2024-05-13 11:50:12.628 [info] > git config --get commit.template [40ms]
2024-05-13 11:50:12.630 [info] > git for-each-ref --format=%(refname)%00%(upstream:short)%00%(objectname)%00%(upstream:track)%00%(upstream:remotename)%00%(upstream:remoteref) refs/heads/main refs/remotes/main [3ms]
2024-05-13 11:50:12.936 [info] > git check-ignore -v -z --stdin [31ms]
2024-05-13 11:50:13.128 [info] > git status -z -uall [465ms]
2024-05-13 11:50:13.723 [info] > git show --textconv :api_louis/app/Models/Matchs.php [34ms]
2024-05-13 11:50:13.736 [info] > git ls-files --stage -- /home/louis/api_louis/app/Models/Matchs.php [16ms]
2024-05-13 11:50:13.771 [info] > git cat-file -s 3b6df8303a2f191545eb9fcab23c7b3d13ad43d4 [3ms]
2024-05-13 11:50:14.974 [info] > git show --textconv :api_louis/app/Models/Post.php [35ms]
2024-05-13 11:50:14.988 [info] > git ls-files --stage -- /home/louis/api_louis/app/Models/Post.php [16ms]
2024-05-13 11:50:15.020 [info] > git cat-file -s 089656b3e7a1ad14282f97dce9062c98da6dbb1a [3ms]
2024-05-13 11:50:15.745 [info] > git show --textconv :api_louis/app/Models/Ranking.php [35ms]
2024-05-13 11:50:15.764 [info] > git ls-files --stage -- /home/louis/api_louis/app/Models/Ranking.php [20ms]
2024-05-13 11:50:15.795 [info] > git cat-file -s ca405c9383318a8c38fbcf2ccae74ebc34e95d8c [3ms]
2024-05-13 11:50:16.241 [info] > git show --textconv :api_louis/app/Models/User.php [33ms]
2024-05-13 11:50:16.254 [info] > git ls-files --stage -- /home/louis/api_louis/app/Models/User.php [16ms]
2024-05-13 11:50:16.284 [info] > git cat-file -s 4d7f70f568fe2e9eff23fa12f309a10bf1e74e3c [3ms]
2024-05-13 11:50:18.196 [info] > git config --get commit.template [29ms]
2024-05-13 11:50:18.197 [info] > git for-each-ref --format=%(refname)%00%(upstream:short)%00%(objectname)%00%(upstream:track)%00%(upstream:remotename)%00%(upstream:remoteref) refs/heads/main refs/remotes/main [3ms]
2024-05-13 11:50:18.629 [info] > git status -z -uall [407ms]
2024-05-13 11:50:23.709 [info] > git config --get commit.template [31ms]
2024-05-13 11:50:23.711 [info] > git for-each-ref --format=%(refname)%00%(upstream:short)%00%(objectname)%00%(upstream:track)%00%(upstream:remotename)%00%(upstream:remoteref) refs/heads/main refs/remotes/main [2ms]
2024-05-13 11:50:24.165 [info] > git status -z -uall [423ms]
2024-05-13 11:50:29.234 [info] > git config --get commit.template [26ms]
2024-05-13 11:50:29.236 [info] > git for-each-ref --format=%(refname)%00%(upstream:short)%00%(objectname)%00%(upstream:track)%00%(upstream:remotename)%00%(upstream:remoteref) refs/heads/main refs/remotes/main [4ms]
2024-05-13 11:50:29.655 [info] > git status -z -uall [395ms]
2024-05-13 11:50:34.717 [info] > git config --get commit.template [26ms]
2024-05-13 11:50:34.718 [info] > git for-each-ref --format=%(refname)%00%(upstream:short)%00%(objectname)%00%(upstream:track)%00%(upstream:remotename)%00%(upstream:remoteref) refs/heads/main refs/remotes/main [2ms]
2024-05-13 11:50:35.180 [info] > git status -z -uall [432ms]
2024-05-13 11:50:40.245 [info] > git config --get commit.template [28ms]
2024-05-13 11:50:40.246 [info] > git for-each-ref --format=%(refname)%00%(upstream:short)%00%(objectname)%00%(upstream:track)%00%(upstream:remotename)%00%(upstream:remoteref) refs/heads/main refs/remotes/main [4ms]
2024-05-13 11:50:40.697 [info] > git status -z -uall [424ms]
2024-05-13 11:50:45.760 [info] > git config --get commit.template [27ms]
2024-05-13 11:50:45.762 [info] > git for-each-ref --format=%(refname)%00%(upstream:short)%00%(objectname)%00%(upstream:track)%00%(upstream:remotename)%00%(upstream:remoteref) refs/heads/main refs/remotes/main [2ms]
2024-05-13 11:50:46.203 [info] > git status -z -uall [413ms]
2024-05-13 11:50:51.240 [info] > git config --get commit.template [2ms]
2024-05-13 11:50:51.264 [info] > git for-each-ref --format=%(refname)%00%(upstream:short)%00%(objectname)%00%(upstream:track)%00%(upstream:remotename)%00%(upstream:remoteref) refs/heads/main refs/remotes/main [3ms]
2024-05-13 11:50:51.722 [info] > git status -z -uall [428ms]
2024-05-13 11:50:56.796 [info] > git config --get commit.template [36ms]
2024-05-13 11:50:56.798 [info] > git for-each-ref --format=%(refname)%00%(upstream:short)%00%(objectname)%00%(upstream:track)%00%(upstream:remotename)%00%(upstream:remoteref) refs/heads/main refs/remotes/main [3ms]
2024-05-13 11:50:57.981 [info] > git status -z -uall [1156ms]
2024-05-13 11:51:03.059 [info] > git config --get commit.template [40ms]
2024-05-13 11:51:03.061 [info] > git for-each-ref --format=%(refname)%00%(upstream:short)%00%(objectname)%00%(upstream:track)%00%(upstream:remotename)%00%(upstream:remoteref) refs/heads/main refs/remotes/main [3ms]
2024-05-13 11:51:03.511 [info] > git status -z -uall [422ms]
2024-05-13 11:51:08.569 [info] > git config --get commit.template [25ms]
2024-05-13 11:51:08.570 [info] > git for-each-ref --format=%(refname)%00%(upstream:short)%00%(objectname)%00%(upstream:track)%00%(upstream:remotename)%00%(upstream:remoteref) refs/heads/main refs/remotes/main [3ms]
2024-05-13 11:51:09.053 [info] > git status -z -uall [453ms]
2024-05-13 11:51:14.128 [info] > git for-each-ref --format=%(refname)%00%(upstream:short)%00%(objectname)%00%(upstream:track)%00%(upstream:remotename)%00%(upstream:remoteref) refs/heads/main refs/remotes/main [1ms]
2024-05-13 11:51:14.129 [info] > git config --get commit.template [39ms]
2024-05-13 11:51:14.522 [info] > git status -z -uall [368ms]
2024-05-13 11:51:19.589 [info] > git config --get commit.template [26ms]
2024-05-13 11:51:19.590 [info] > git for-each-ref --format=%(refname)%00%(upstream:short)%00%(objectname)%00%(upstream:track)%00%(upstream:remotename)%00%(upstream:remoteref) refs/heads/main refs/remotes/main [2ms]
2024-05-13 11:51:20.059 [info] > git status -z -uall [440ms]
2024-05-13 11:51:28.629 [info] > git for-each-ref --format=%(refname)%00%(upstream:short)%00%(objectname)%00%(upstream:track)%00%(upstream:remotename)%00%(upstream:remoteref) refs/heads/main refs/remotes/main [2ms]
2024-05-13 11:51:28.629 [info] > git config --get commit.template [42ms]
2024-05-13 11:51:29.082 [info] > git status -z -uall [424ms]
2024-05-13 11:51:34.630 [info] > git for-each-ref --format=%(refname)%00%(upstream:short)%00%(objectname)%00%(upstream:track)%00%(upstream:remotename)%00%(upstream:remoteref) refs/heads/main refs/remotes/main [2ms]
2024-05-13 11:51:34.631 [info] > git config --get commit.template [34ms]
2024-05-13 11:51:35.098 [info] > git status -z -uall [436ms]
2024-05-13 11:51:41.594 [info] > git config --get commit.template [2ms]
2024-05-13 11:51:41.628 [info] > git for-each-ref --format=%(refname)%00%(upstream:short)%00%(objectname)%00%(upstream:track)%00%(upstream:remotename)%00%(upstream:remoteref) refs/heads/main refs/remotes/main [3ms]
2024-05-13 11:51:42.084 [info] > git status -z -uall [430ms]
2024-05-13 11:51:48.631 [info] > git config --get commit.template [33ms]
2024-05-13 11:51:48.632 [info] > git for-each-ref --format=%(refname)%00%(upstream:short)%00%(objectname)%00%(upstream:track)%00%(upstream:remotename)%00%(upstream:remoteref) refs/heads/main refs/remotes/main [5ms]
2024-05-13 11:51:49.084 [info] > git status -z -uall [423ms]
2024-05-13 11:51:58.019 [info] > git show --textconv :api_louis/app/Models/RankPlayer.php [32ms]
2024-05-13 11:51:58.035 [info] > git ls-files --stage -- /home/louis/api_louis/app/Models/RankPlayer.php [16ms]
2024-05-13 11:51:58.060 [info] > git cat-file -s 4cc40e07aa3ab390ca24490e54cd57a3042a4bfe [3ms]
2024-05-13 11:51:59.633 [info] > git config --get commit.template [32ms]
2024-05-13 11:51:59.635 [info] > git for-each-ref --format=%(refname)%00%(upstream:short)%00%(objectname)%00%(upstream:track)%00%(upstream:remotename)%00%(upstream:remoteref) refs/heads/main refs/remotes/main [4ms]
2024-05-13 11:52:00.072 [info] > git status -z -uall [405ms]
2024-05-13 11:52:00.305 [info] > git show --textconv :api_louis/app/Models/Ranking.php [41ms]
2024-05-13 11:52:00.309 [info] > git ls-files --stage -- /home/louis/api_louis/app/Models/Ranking.php [6ms]
2024-05-13 11:52:00.334 [info] > git cat-file -s ca405c9383318a8c38fbcf2ccae74ebc34e95d8c [2ms]
2024-05-13 11:52:00.835 [info] > git show --textconv :api_louis/app/Models/Post.php [30ms]
2024-05-13 11:52:00.861 [info] > git ls-files --stage -- /home/louis/api_louis/app/Models/Post.php [28ms]
2024-05-13 11:52:00.892 [info] > git cat-file -s 089656b3e7a1ad14282f97dce9062c98da6dbb1a [2ms]
2024-05-13 11:52:01.466 [info] > git show --textconv :api_louis/app/Models/Matchs.php [42ms]
2024-05-13 11:52:01.485 [info] > git ls-files --stage -- /home/louis/api_louis/app/Models/Matchs.php [20ms]
2024-05-13 11:52:01.532 [info] > git cat-file -s 3b6df8303a2f191545eb9fcab23c7b3d13ad43d4 [4ms]
2024-05-13 11:52:02.092 [info] > git show --textconv :api_louis/app/Models/ParisPoint.php [40ms]
2024-05-13 11:52:02.106 [info] > git ls-files --stage -- /home/louis/api_louis/app/Models/ParisPoint.php [16ms]
2024-05-13 11:52:02.166 [info] > git cat-file -s 0703b1ebcee7ee567166b4e7f37ccbfd2de71550 [10ms]
2024-05-13 11:52:05.150 [info] > git config --get commit.template [38ms]
2024-05-13 11:52:05.152 [info] > git for-each-ref --format=%(refname)%00%(upstream:short)%00%(objectname)%00%(upstream:track)%00%(upstream:remotename)%00%(upstream:remoteref) refs/heads/main refs/remotes/main [4ms]
2024-05-13 11:52:05.589 [info] > git status -z -uall [408ms]
2024-05-13 11:52:07.205 [info] > git show --textconv :api_louis/app/Models/User.php [26ms]
2024-05-13 11:52:07.218 [info] > git ls-files --stage -- /home/louis/api_louis/app/Models/User.php [14ms]
2024-05-13 11:52:07.245 [info] > git cat-file -s 4d7f70f568fe2e9eff23fa12f309a10bf1e74e3c [2ms]
2024-05-13 11:52:10.658 [info] > git config --get commit.template [33ms]
2024-05-13 11:52:10.660 [info] > git for-each-ref --format=%(refname)%00%(upstream:short)%00%(objectname)%00%(upstream:track)%00%(upstream:remotename)%00%(upstream:remoteref) refs/heads/main refs/remotes/main [3ms]
2024-05-13 11:52:11.100 [info] > git status -z -uall [415ms]
2024-05-13 11:52:16.170 [info] > git config --get commit.template [33ms]
2024-05-13 11:52:16.171 [info] > git for-each-ref --format=%(refname)%00%(upstream:short)%00%(objectname)%00%(upstream:track)%00%(upstream:remotename)%00%(upstream:remoteref) refs/heads/main refs/remotes/main [3ms]
2024-05-13 11:52:16.637 [info] > git status -z -uall [437ms]
2024-05-13 11:52:21.671 [info] > git config --get commit.template [4ms]
2024-05-13 11:52:21.705 [info] > git for-each-ref --format=%(refname)%00%(upstream:short)%00%(objectname)%00%(upstream:track)%00%(upstream:remotename)%00%(upstream:remoteref) refs/heads/main refs/remotes/main [3ms]
2024-05-13 11:52:22.256 [info] > git status -z -uall [513ms]
2024-05-13 11:52:27.316 [info] > git config --get commit.template [26ms]
2024-05-13 11:52:27.317 [info] > git for-each-ref --format=%(refname)%00%(upstream:short)%00%(objectname)%00%(upstream:track)%00%(upstream:remotename)%00%(upstream:remoteref) refs/heads/main refs/remotes/main [3ms]
2024-05-13 11:52:27.751 [info] > git status -z -uall [407ms]
2024-05-13 11:52:32.804 [info] > git config --get commit.template [2ms]
2024-05-13 11:52:32.837 [info] > git for-each-ref --format=%(refname)%00%(upstream:short)%00%(objectname)%00%(upstream:track)%00%(upstream:remotename)%00%(upstream:remoteref) refs/heads/main refs/remotes/main [3ms]
2024-05-13 11:52:33.312 [info] > git status -z -uall [446ms]
2024-05-13 11:52:38.372 [info] > git config --get commit.template [1ms]
2024-05-13 11:52:38.421 [info] > git for-each-ref --format=%(refname)%00%(upstream:short)%00%(objectname)%00%(upstream:track)%00%(upstream:remotename)%00%(upstream:remoteref) refs/heads/main refs/remotes/main [17ms]
2024-05-13 11:52:38.924 [info] > git status -z -uall [472ms]
2024-05-13 11:52:43.991 [info] > git config --get commit.template [26ms]
2024-05-13 11:52:43.992 [info] > git for-each-ref --format=%(refname)%00%(upstream:short)%00%(objectname)%00%(upstream:track)%00%(upstream:remotename)%00%(upstream:remoteref) refs/heads/main refs/remotes/main [2ms]
2024-05-13 11:52:44.446 [info] > git status -z -uall [426ms]
2024-05-13 11:52:51.657 [info] > git config --get commit.template [27ms]
2024-05-13 11:52:51.658 [info] > git for-each-ref --format=%(refname)%00%(upstream:short)%00%(objectname)%00%(upstream:track)%00%(upstream:remotename)%00%(upstream:remoteref) refs/heads/main refs/remotes/main [2ms]
2024-05-13 11:52:52.052 [info] > git status -z -uall [369ms]
2024-05-13 11:52:57.115 [info] > git config --get commit.template [28ms]
2024-05-13 11:52:57.116 [info] > git for-each-ref --format=%(refname)%00%(upstream:short)%00%(objectname)%00%(upstream:track)%00%(upstream:remotename)%00%(upstream:remoteref) refs/heads/main refs/remotes/main [4ms]
2024-05-13 11:52:57.537 [info] > git status -z -uall [394ms]
2024-05-13 11:53:02.609 [info] > git config --get commit.template [32ms]
2024-05-13 11:53:02.611 [info] > git for-each-ref --format=%(refname)%00%(upstream:short)%00%(objectname)%00%(upstream:track)%00%(upstream:remotename)%00%(upstream:remoteref) refs/heads/main refs/remotes/main [2ms]
2024-05-13 11:53:03.127 [info] > git status -z -uall [486ms]
2024-05-13 11:53:08.163 [info] > git config --get commit.template [1ms]
2024-05-13 11:53:08.192 [info] > git for-each-ref --format=%(refname)%00%(upstream:short)%00%(objectname)%00%(upstream:track)%00%(upstream:remotename)%00%(upstream:remoteref) refs/heads/main refs/remotes/main [3ms]
2024-05-13 11:53:08.605 [info] > git status -z -uall [388ms]
2024-05-13 11:53:13.645 [info] > git config --get commit.template [2ms]
2024-05-13 11:53:13.677 [info] > git for-each-ref --format=%(refname)%00%(upstream:short)%00%(objectname)%00%(upstream:track)%00%(upstream:remotename)%00%(upstream:remoteref) refs/heads/main refs/remotes/main [3ms]
2024-05-13 11:53:14.225 [info] > git status -z -uall [515ms]
2024-05-13 11:53:19.288 [info] > git config --get commit.template [30ms]
2024-05-13 11:53:19.289 [info] > git for-each-ref --format=%(refname)%00%(upstream:short)%00%(objectname)%00%(upstream:track)%00%(upstream:remotename)%00%(upstream:remoteref) refs/heads/main refs/remotes/main [3ms]
2024-05-13 11:53:19.703 [info] > git status -z -uall [384ms]
2024-05-13 11:53:24.766 [info] > git config --get commit.template [27ms]
2024-05-13 11:53:24.768 [info] > git for-each-ref --format=%(refname)%00%(upstream:short)%00%(objectname)%00%(upstream:track)%00%(upstream:remotename)%00%(upstream:remoteref) refs/heads/main refs/remotes/main [2ms]
2024-05-13 11:53:25.194 [info] > git status -z -uall [399ms]
2024-05-13 11:53:30.273 [info] > git config --get commit.template [35ms]
2024-05-13 11:53:30.276 [info] > git for-each-ref --format=%(refname)%00%(upstream:short)%00%(objectname)%00%(upstream:track)%00%(upstream:remotename)%00%(upstream:remoteref) refs/heads/main refs/remotes/main [4ms]
2024-05-13 11:53:30.702 [info] > git status -z -uall [395ms]
2024-05-13 11:53:35.771 [info] > git config --get commit.template [33ms]
2024-05-13 11:53:35.772 [info] > git for-each-ref --format=%(refname)%00%(upstream:short)%00%(objectname)%00%(upstream:track)%00%(upstream:remotename)%00%(upstream:remoteref) refs/heads/main refs/remotes/main [2ms]
2024-05-13 11:53:36.197 [info] > git status -z -uall [392ms]
2024-05-13 11:53:37.977 [info] > git check-ignore -v -z --stdin [17ms]
2024-05-13 11:53:41.274 [info] > git config --get commit.template [34ms]
2024-05-13 11:53:41.276 [info] > git for-each-ref --format=%(refname)%00%(upstream:short)%00%(objectname)%00%(upstream:track)%00%(upstream:remotename)%00%(upstream:remoteref) refs/heads/main refs/remotes/main [4ms]
2024-05-13 11:53:41.886 [info] > git status -z -uall [569ms]
2024-05-13 11:53:46.967 [info] > git config --get commit.template [39ms]
2024-05-13 11:53:46.969 [info] > git for-each-ref --format=%(refname)%00%(upstream:short)%00%(objectname)%00%(upstream:track)%00%(upstream:remotename)%00%(upstream:remoteref) refs/heads/main refs/remotes/main [3ms]
2024-05-13 11:53:47.442 [info] > git status -z -uall [433ms]
2024-05-13 11:53:54.362 [info] > git show --textconv :api_louis/database/migrations/2014_10_12_000000_create_users_table.php [29ms]
2024-05-13 11:53:54.378 [info] > git ls-files --stage -- /home/louis/api_louis/database/migrations/2014_10_12_000000_create_users_table.php [17ms]
2024-05-13 11:53:54.416 [info] > git cat-file -s 6b557f6d7385406a32e5359427f27166ffabdfcb [3ms]
2024-05-13 11:53:55.145 [info] > git config --get commit.template [34ms]
2024-05-13 11:53:55.147 [info] > git for-each-ref --format=%(refname)%00%(upstream:short)%00%(objectname)%00%(upstream:track)%00%(upstream:remotename)%00%(upstream:remoteref) refs/heads/main refs/remotes/main [2ms]
2024-05-13 11:53:55.636 [info] > git status -z -uall [455ms]
2024-05-13 11:54:00.717 [info] > git config --get commit.template [37ms]
2024-05-13 11:54:00.719 [info] > git for-each-ref --format=%(refname)%00%(upstream:short)%00%(objectname)%00%(upstream:track)%00%(upstream:remotename)%00%(upstream:remoteref) refs/heads/main refs/remotes/main [3ms]
2024-05-13 11:54:01.165 [info] > git status -z -uall [411ms]
2024-05-13 11:54:06.238 [info] > git config --get commit.template [31ms]
2024-05-13 11:54:06.241 [info] > git for-each-ref --format=%(refname)%00%(upstream:short)%00%(objectname)%00%(upstream:track)%00%(upstream:remotename)%00%(upstream:remoteref) refs/heads/main refs/remotes/main [3ms]
2024-05-13 11:54:06.689 [info] > git status -z -uall [415ms]
2024-05-13 11:54:11.733 [info] > git config --get commit.template [1ms]
2024-05-13 11:54:11.767 [info] > git for-each-ref --format=%(refname)%00%(upstream:short)%00%(objectname)%00%(upstream:track)%00%(upstream:remotename)%00%(upstream:remoteref) refs/heads/main refs/remotes/main [3ms]
2024-05-13 11:54:12.180 [info] > git status -z -uall [377ms]
2024-05-13 11:54:17.251 [info] > git config --get commit.template [31ms]
2024-05-13 11:54:17.252 [info] > git for-each-ref --format=%(refname)%00%(upstream:short)%00%(objectname)%00%(upstream:track)%00%(upstream:remotename)%00%(upstream:remoteref) refs/heads/main refs/remotes/main [3ms]
2024-05-13 11:54:17.726 [info] > git status -z -uall [443ms]
2024-05-13 11:54:22.802 [info] > git config --get commit.template [34ms]
2024-05-13 11:54:22.804 [info] > git for-each-ref --format=%(refname)%00%(upstream:short)%00%(objectname)%00%(upstream:track)%00%(upstream:remotename)%00%(upstream:remoteref) refs/heads/main refs/remotes/main [4ms]
2024-05-13 11:54:23.261 [info] > git status -z -uall [424ms]
2024-05-13 11:54:28.327 [info] > git config --get commit.template [30ms]
2024-05-13 11:54:28.328 [info] > git for-each-ref --format=%(refname)%00%(upstream:short)%00%(objectname)%00%(upstream:track)%00%(upstream:remotename)%00%(upstream:remoteref) refs/heads/main refs/remotes/main [4ms]
2024-05-13 11:54:28.817 [info] > git status -z -uall [459ms]
2024-05-13 11:54:33.887 [info] > git config --get commit.template [33ms]
2024-05-13 11:54:33.888 [info] > git for-each-ref --format=%(refname)%00%(upstream:short)%00%(objectname)%00%(upstream:track)%00%(upstream:remotename)%00%(upstream:remoteref) refs/heads/main refs/remotes/main [4ms]
2024-05-13 11:54:34.284 [info] > git status -z -uall [364ms]
2024-05-13 11:54:39.357 [info] > git config --get commit.template [37ms]
2024-05-13 11:54:39.358 [info] > git for-each-ref --format=%(refname)%00%(upstream:short)%00%(objectname)%00%(upstream:track)%00%(upstream:remotename)%00%(upstream:remoteref) refs/heads/main refs/remotes/main [3ms]
2024-05-13 11:54:39.815 [info] > git status -z -uall [426ms]
2024-05-13 11:54:44.875 [info] > git config --get commit.template [26ms]
2024-05-13 11:54:44.878 [info] > git for-each-ref --format=%(refname)%00%(upstream:short)%00%(objectname)%00%(upstream:track)%00%(upstream:remotename)%00%(upstream:remoteref) refs/heads/main refs/remotes/main [2ms]
2024-05-13 11:54:45.318 [info] > git status -z -uall [412ms]
2024-05-13 11:54:50.384 [info] > git config --get commit.template [30ms]
2024-05-13 11:54:50.385 [info] > git for-each-ref --format=%(refname)%00%(upstream:short)%00%(objectname)%00%(upstream:track)%00%(upstream:remotename)%00%(upstream:remoteref) refs/heads/main refs/remotes/main [2ms]
2024-05-13 11:54:50.762 [info] > git status -z -uall [349ms]
2024-05-13 11:54:55.831 [info] > git config --get commit.template [33ms]
2024-05-13 11:54:55.833 [info] > git for-each-ref --format=%(refname)%00%(upstream:short)%00%(objectname)%00%(upstream:track)%00%(upstream:remotename)%00%(upstream:remoteref) refs/heads/main refs/remotes/main [4ms]
2024-05-13 11:54:56.254 [info] > git status -z -uall [393ms]
2024-05-13 11:55:01.331 [info] > git config --get commit.template [32ms]
2024-05-13 11:55:01.332 [info] > git for-each-ref --format=%(refname)%00%(upstream:short)%00%(objectname)%00%(upstream:track)%00%(upstream:remotename)%00%(upstream:remoteref) refs/heads/main refs/remotes/main [3ms]
2024-05-13 11:55:01.889 [info] > git status -z -uall [524ms]
2024-05-13 11:55:06.965 [info] > git config --get commit.template [34ms]
2024-05-13 11:55:06.966 [info] > git for-each-ref --format=%(refname)%00%(upstream:short)%00%(objectname)%00%(upstream:track)%00%(upstream:remotename)%00%(upstream:remoteref) refs/heads/main refs/remotes/main [4ms]
2024-05-13 11:55:07.419 [info] > git status -z -uall [423ms]
2024-05-13 11:55:12.492 [info] > git config --get commit.template [34ms]
2024-05-13 11:55:12.493 [info] > git for-each-ref --format=%(refname)%00%(upstream:short)%00%(objectname)%00%(upstream:track)%00%(upstream:remotename)%00%(upstream:remoteref) refs/heads/main refs/remotes/main [3ms]
2024-05-13 11:55:12.979 [info] > git status -z -uall [451ms]
2024-05-13 11:55:18.041 [info] > git config --get commit.template [27ms]
2024-05-13 11:55:18.042 [info] > git for-each-ref --format=%(refname)%00%(upstream:short)%00%(objectname)%00%(upstream:track)%00%(upstream:remotename)%00%(upstream:remoteref) refs/heads/main refs/remotes/main [3ms]
2024-05-13 11:55:18.415 [info] > git status -z -uall [343ms]
2024-05-13 11:55:23.480 [info] > git config --get commit.template [32ms]
2024-05-13 11:55:23.481 [info] > git for-each-ref --format=%(refname)%00%(upstream:short)%00%(objectname)%00%(upstream:track)%00%(upstream:remotename)%00%(upstream:remoteref) refs/heads/main refs/remotes/main [3ms]
2024-05-13 11:55:23.896 [info] > git status -z -uall [386ms]
2024-05-13 11:55:28.992 [info] > git config --get commit.template [36ms]
2024-05-13 11:55:28.993 [info] > git for-each-ref --format=%(refname)%00%(upstream:short)%00%(objectname)%00%(upstream:track)%00%(upstream:remotename)%00%(upstream:remoteref) refs/heads/main refs/remotes/main [4ms]
2024-05-13 11:55:29.381 [info] > git status -z -uall [359ms]
2024-05-13 11:55:34.444 [info] > git config --get commit.template [27ms]
2024-05-13 11:55:34.445 [info] > git for-each-ref --format=%(refname)%00%(upstream:short)%00%(objectname)%00%(upstream:track)%00%(upstream:remotename)%00%(upstream:remoteref) refs/heads/main refs/remotes/main [3ms]
2024-05-13 11:55:34.804 [info] > git status -z -uall [332ms]
2024-05-13 11:55:39.866 [info] > git config --get commit.template [31ms]
2024-05-13 11:55:39.870 [info] > git for-each-ref --format=%(refname)%00%(upstream:short)%00%(objectname)%00%(upstream:track)%00%(upstream:remotename)%00%(upstream:remoteref) refs/heads/main refs/remotes/main [5ms]
2024-05-13 11:55:40.281 [info] > git status -z -uall [384ms]
2024-05-13 11:55:45.348 [info] > git config --get commit.template [31ms]
2024-05-13 11:55:45.350 [info] > git for-each-ref --format=%(refname)%00%(upstream:short)%00%(objectname)%00%(upstream:track)%00%(upstream:remotename)%00%(upstream:remoteref) refs/heads/main refs/remotes/main [2ms]
2024-05-13 11:55:45.788 [info] > git status -z -uall [409ms]
2024-05-13 11:55:50.857 [info] > git config --get commit.template [30ms]
2024-05-13 11:55:50.859 [info] > git for-each-ref --format=%(refname)%00%(upstream:short)%00%(objectname)%00%(upstream:track)%00%(upstream:remotename)%00%(upstream:remoteref) refs/heads/main refs/remotes/main [2ms]
2024-05-13 11:55:51.262 [info] > git status -z -uall [376ms]
2024-05-13 12:15:56.082 [info] > git config --get commit.template [4ms]
2024-05-13 12:15:56.112 [info] > git for-each-ref --format=%(refname)%00%(upstream:short)%00%(objectname)%00%(upstream:track)%00%(upstream:remotename)%00%(upstream:remoteref) refs/heads/main refs/remotes/main [3ms]
2024-05-13 12:15:56.521 [info] > git status -z -uall [377ms]
2024-05-13 12:16:01.621 [info] > git config --get commit.template [52ms]
2024-05-13 12:16:01.622 [info] > git for-each-ref --format=%(refname)%00%(upstream:short)%00%(objectname)%00%(upstream:track)%00%(upstream:remotename)%00%(upstream:remoteref) refs/heads/main refs/remotes/main [5ms]
2024-05-13 12:16:02.260 [info] > git status -z -uall [581ms]
2024-05-13 12:16:02.968 [info] > git check-ignore -v -z --stdin [33ms]
2024-05-13 12:16:07.337 [info] > git config --get commit.template [35ms]
2024-05-13 12:16:07.338 [info] > git for-each-ref --format=%(refname)%00%(upstream:short)%00%(objectname)%00%(upstream:track)%00%(upstream:remotename)%00%(upstream:remoteref) refs/heads/main refs/remotes/main [3ms]
2024-05-13 12:16:07.776 [info] > git status -z -uall [407ms]
2024-05-13 12:16:47.566 [info] > git config --get commit.template [31ms]
2024-05-13 12:16:47.567 [info] > git for-each-ref --format=%(refname)%00%(upstream:short)%00%(objectname)%00%(upstream:track)%00%(upstream:remotename)%00%(upstream:remoteref) refs/heads/main refs/remotes/main [3ms]
2024-05-13 12:16:48.019 [info] > git status -z -uall [419ms]
2024-05-13 12:16:52.446 [info] > git show --textconv :ligue1-frontend/src/pages/HomePage/HomePage.js [33ms]
2024-05-13 12:16:52.470 [info] > git ls-files --stage -- /home/louis/ligue1-frontend/src/pages/HomePage/HomePage.js [29ms]
2024-05-13 12:16:52.500 [info] > git cat-file -s bd49ddd6dba42c942ac2ae53fa4453ccd240960a [3ms]
2024-05-13 12:16:53.053 [info] > git config --get commit.template [2ms]
2024-05-13 12:16:53.085 [info] > git for-each-ref --format=%(refname)%00%(upstream:short)%00%(objectname)%00%(upstream:track)%00%(upstream:remotename)%00%(upstream:remoteref) refs/heads/main refs/remotes/main [3ms]
2024-05-13 12:16:53.458 [info] > git status -z -uall [349ms]
2024-05-13 12:16:58.502 [info] > git config --get commit.template [6ms]
2024-05-13 12:16:58.530 [info] > git for-each-ref --format=%(refname)%00%(upstream:short)%00%(objectname)%00%(upstream:track)%00%(upstream:remotename)%00%(upstream:remoteref) refs/heads/main refs/remotes/main [2ms]
2024-05-13 12:16:58.934 [info] > git status -z -uall [376ms]
2024-05-13 12:17:04.000 [info] > git config --get commit.template [27ms]
2024-05-13 12:17:04.001 [info] > git for-each-ref --format=%(refname)%00%(upstream:short)%00%(objectname)%00%(upstream:track)%00%(upstream:remotename)%00%(upstream:remoteref) refs/heads/main refs/remotes/main [3ms]
2024-05-13 12:17:04.386 [info] > git status -z -uall [347ms]
2024-05-13 12:17:09.451 [info] > git config --get commit.template [30ms]
2024-05-13 12:17:09.452 [info] > git for-each-ref --format=%(refname)%00%(upstream:short)%00%(objectname)%00%(upstream:track)%00%(upstream:remotename)%00%(upstream:remoteref) refs/heads/main refs/remotes/main [2ms]
2024-05-13 12:17:09.842 [info] > git status -z -uall [360ms]
2024-05-13 12:17:14.942 [info] > git config --get commit.template [26ms]
2024-05-13 12:17:14.946 [info] > git for-each-ref --format=%(refname)%00%(upstream:short)%00%(objectname)%00%(upstream:track)%00%(upstream:remotename)%00%(upstream:remoteref) refs/heads/main refs/remotes/main [5ms]
2024-05-13 12:17:17.386 [info] > git status -z -uall [8ms]
2024-05-13 12:17:19.396 [info] > git show --textconv :ligue1-frontend/src/pages/HomePage/HomePage.css [47ms]
2024-05-13 12:17:19.412 [info] > git ls-files --stage -- /home/louis/ligue1-frontend/src/pages/HomePage/HomePage.css [18ms]
2024-05-13 12:17:19.442 [info] > git cat-file -s 92c4fcdb448a6b3b8060c5bf18b4fdcb63b50308 [2ms]
2024-05-13 12:17:23.878 [info] > git config --get commit.template [28ms]
2024-05-13 12:17:23.880 [info] > git for-each-ref --format=%(refname)%00%(upstream:short)%00%(objectname)%00%(upstream:track)%00%(upstream:remotename)%00%(upstream:remoteref) refs/heads/main refs/remotes/main [4ms]
2024-05-13 12:17:24.277 [info] > git status -z -uall [369ms]
2024-05-13 12:17:29.364 [info] > git config --get commit.template [49ms]
2024-05-13 12:17:29.376 [info] > git for-each-ref --format=%(refname)%00%(upstream:short)%00%(objectname)%00%(upstream:track)%00%(upstream:remotename)%00%(upstream:remoteref) refs/heads/main refs/remotes/main [13ms]
2024-05-13 12:17:29.818 [info] > git status -z -uall [397ms]
2024-05-13 12:17:35.349 [info] > git config --get commit.template [49ms]
2024-05-13 12:17:35.352 [info] > git for-each-ref --format=%(refname)%00%(upstream:short)%00%(objectname)%00%(upstream:track)%00%(upstream:remotename)%00%(upstream:remoteref) refs/heads/main refs/remotes/main [13ms]
2024-05-13 12:17:35.783 [info] > git status -z -uall [397ms]
2024-05-13 12:17:40.845 [info] > git config --get commit.template [27ms]
2024-05-13 12:17:40.847 [info] > git for-each-ref --format=%(refname)%00%(upstream:short)%00%(objectname)%00%(upstream:track)%00%(upstream:remotename)%00%(upstream:remoteref) refs/heads/main refs/remotes/main [2ms]
2024-05-13 12:17:41.221 [info] > git status -z -uall [347ms]
2024-05-13 12:17:43.887 [info] > git show --textconv :ligue1-frontend/src/pages/HomePage/HomePage.js [31ms]
2024-05-13 12:17:43.908 [info] > git ls-files --stage -- /home/louis/ligue1-frontend/src/pages/HomePage/HomePage.js [26ms]
2024-05-13 12:17:43.940 [info] > git cat-file -s bd49ddd6dba42c942ac2ae53fa4453ccd240960a [5ms]
2024-05-13 12:17:46.287 [info] > git config --get commit.template [29ms]
2024-05-13 12:17:46.288 [info] > git for-each-ref --format=%(refname)%00%(upstream:short)%00%(objectname)%00%(upstream:track)%00%(upstream:remotename)%00%(upstream:remoteref) refs/heads/main refs/remotes/main [3ms]
2024-05-13 12:17:46.737 [info] > git status -z -uall [423ms]
2024-05-13 12:17:51.806 [info] > git config --get commit.template [34ms]
2024-05-13 12:17:51.809 [info] > git for-each-ref --format=%(refname)%00%(upstream:short)%00%(objectname)%00%(upstream:track)%00%(upstream:remotename)%00%(upstream:remoteref) refs/heads/main refs/remotes/main [6ms]
2024-05-13 12:17:52.264 [info] > git status -z -uall [427ms]
2024-05-13 12:17:57.325 [info] > git config --get commit.template [8ms]
2024-05-13 12:17:57.377 [info] > git for-each-ref --format=%(refname)%00%(upstream:short)%00%(objectname)%00%(upstream:track)%00%(upstream:remotename)%00%(upstream:remoteref) refs/heads/main refs/remotes/main [7ms]
2024-05-13 12:17:57.933 [info] > git status -z -uall [514ms]
2024-05-13 12:18:07.240 [info] > git config --get commit.template [39ms]
2024-05-13 12:18:07.243 [info] > git for-each-ref --format=%(refname)%00%(upstream:short)%00%(objectname)%00%(upstream:track)%00%(upstream:remotename)%00%(upstream:remoteref) refs/heads/main refs/remotes/main [5ms]
2024-05-13 12:18:07.659 [info] > git status -z -uall [387ms]
2024-05-13 12:18:12.732 [info] > git config --get commit.template [37ms]
2024-05-13 12:18:12.733 [info] > git for-each-ref --format=%(refname)%00%(upstream:short)%00%(objectname)%00%(upstream:track)%00%(upstream:remotename)%00%(upstream:remoteref) refs/heads/main refs/remotes/main [3ms]
2024-05-13 12:18:13.096 [info] > git status -z -uall [328ms]
2024-05-13 12:18:17.316 [info] > git check-ignore -v -z --stdin [13ms]
2024-05-13 12:18:18.160 [info] > git config --get commit.template [30ms]
2024-05-13 12:18:18.162 [info] > git for-each-ref --format=%(refname)%00%(upstream:short)%00%(objectname)%00%(upstream:track)%00%(upstream:remotename)%00%(upstream:remoteref) refs/heads/main refs/remotes/main [4ms]
2024-05-13 12:18:18.571 [info] > git status -z -uall [381ms]
2024-05-13 12:18:23.077 [info] > git check-ignore -v -z --stdin [15ms]
2024-05-13 12:18:23.610 [info] > git config --get commit.template [1ms]
2024-05-13 12:18:23.644 [info] > git for-each-ref --format=%(refname)%00%(upstream:short)%00%(objectname)%00%(upstream:track)%00%(upstream:remotename)%00%(upstream:remoteref) refs/heads/main refs/remotes/main [3ms]
2024-05-13 12:18:24.064 [info] > git status -z -uall [386ms]
2024-05-13 12:18:27.033 [info] > git show --textconv :ligue1-frontend/src/pages/TopPlayer/TopPlayer.js [41ms]
2024-05-13 12:18:27.046 [info] > git ls-files --stage -- /home/louis/ligue1-frontend/src/pages/TopPlayer/TopPlayer.js [16ms]
2024-05-13 12:18:27.071 [info] > git cat-file -s e5f53fc060a2b1468208ecb2e6bff3944c6f28e8 [3ms]
2024-05-13 12:18:29.123 [info] > git config --get commit.template [26ms]
2024-05-13 12:18:29.124 [info] > git for-each-ref --format=%(refname)%00%(upstream:short)%00%(objectname)%00%(upstream:track)%00%(upstream:remotename)%00%(upstream:remoteref) refs/heads/main refs/remotes/main [3ms]
2024-05-13 12:18:29.456 [info] > git status -z -uall [304ms]
2024-05-13 12:18:34.522 [info] > git config --get commit.template [32ms]
2024-05-13 12:18:34.523 [info] > git for-each-ref --format=%(refname)%00%(upstream:short)%00%(objectname)%00%(upstream:track)%00%(upstream:remotename)%00%(upstream:remoteref) refs/heads/main refs/remotes/main [2ms]
2024-05-13 12:18:34.992 [info] > git status -z -uall [433ms]
2024-05-13 12:18:40.067 [info] > git config --get commit.template [31ms]
2024-05-13 12:18:40.068 [info] > git for-each-ref --format=%(refname)%00%(upstream:short)%00%(objectname)%00%(upstream:track)%00%(upstream:remotename)%00%(upstream:remoteref) refs/heads/main refs/remotes/main [5ms]
2024-05-13 12:18:40.479 [info] > git status -z -uall [380ms]
2024-05-13 12:18:50.356 [info] > git config --get commit.template [32ms]
2024-05-13 12:18:50.357 [info] > git for-each-ref --format=%(refname)%00%(upstream:short)%00%(objectname)%00%(upstream:track)%00%(upstream:remotename)%00%(upstream:remoteref) refs/heads/main refs/remotes/main [5ms]
2024-05-13 12:18:50.841 [info] > git status -z -uall [449ms]
2024-05-13 12:18:52.205 [info] > git show --textconv :ligue1-frontend/src/pages/HomePage/HomePage.js [68ms]
2024-05-13 12:18:52.215 [info] > git ls-files --stage -- /home/louis/ligue1-frontend/src/pages/HomePage/HomePage.js [43ms]
2024-05-13 12:18:52.266 [info] > git cat-file -s bd49ddd6dba42c942ac2ae53fa4453ccd240960a [8ms]
2024-05-13 12:18:55.943 [info] > git config --get commit.template [60ms]
2024-05-13 12:18:55.958 [info] > git for-each-ref --format=%(refname)%00%(upstream:short)%00%(objectname)%00%(upstream:track)%00%(upstream:remotename)%00%(upstream:remoteref) refs/heads/main refs/remotes/main [17ms]
2024-05-13 12:18:56.624 [info] > git status -z -uall [606ms]
2024-05-13 12:18:57.154 [info] > git show --textconv :ligue1-frontend/src/pages/HomePage/HomePage.css [35ms]
2024-05-13 12:18:57.166 [info] > git ls-files --stage -- /home/louis/ligue1-frontend/src/pages/HomePage/HomePage.css [14ms]
2024-05-13 12:18:57.199 [info] > git cat-file -s 92c4fcdb448a6b3b8060c5bf18b4fdcb63b50308 [3ms]
2024-05-13 12:19:01.718 [info] > git config --get commit.template [45ms]
2024-05-13 12:19:01.719 [info] > git for-each-ref --format=%(refname)%00%(upstream:short)%00%(objectname)%00%(upstream:track)%00%(upstream:remotename)%00%(upstream:remoteref) refs/heads/main refs/remotes/main [3ms]
2024-05-13 12:19:02.224 [info] > git status -z -uall [456ms]
2024-05-13 12:19:07.279 [info] > git config --get commit.template [4ms]
2024-05-13 12:19:07.312 [info] > git for-each-ref --format=%(refname)%00%(upstream:short)%00%(objectname)%00%(upstream:track)%00%(upstream:remotename)%00%(upstream:remoteref) refs/heads/main refs/remotes/main [4ms]
2024-05-13 12:19:07.754 [info] > git status -z -uall [402ms]
2024-05-13 12:19:12.811 [info] > git config --get commit.template [13ms]
2024-05-13 12:19:12.847 [info] > git for-each-ref --format=%(refname)%00%(upstream:short)%00%(objectname)%00%(upstream:track)%00%(upstream:remotename)%00%(upstream:remoteref) refs/heads/main refs/remotes/main [3ms]
2024-05-13 12:19:13.294 [info] > git status -z -uall [421ms]
2024-05-13 12:19:53.472 [info] > git config --get commit.template [13ms]
2024-05-13 12:19:53.511 [info] > git for-each-ref --format=%(refname)%00%(upstream:short)%00%(objectname)%00%(upstream:track)%00%(upstream:remotename)%00%(upstream:remoteref) refs/heads/main refs/remotes/main [3ms]
2024-05-13 12:19:54.023 [info] > git status -z -uall [485ms]
2024-05-13 12:19:59.104 [info] > git config --get commit.template [42ms]
2024-05-13 12:19:59.107 [info] > git for-each-ref --format=%(refname)%00%(upstream:short)%00%(objectname)%00%(upstream:track)%00%(upstream:remotename)%00%(upstream:remoteref) refs/heads/main refs/remotes/main [3ms]
2024-05-13 12:19:59.570 [info] > git status -z -uall [430ms]
2024-05-13 12:20:04.899 [info] > git config --get commit.template [65ms]
2024-05-13 12:20:04.901 [info] > git for-each-ref --format=%(refname)%00%(upstream:short)%00%(objectname)%00%(upstream:track)%00%(upstream:remotename)%00%(upstream:remoteref) refs/heads/main refs/remotes/main [6ms]
2024-05-13 12:20:05.505 [info] > git status -z -uall [547ms]
2024-05-13 12:20:27.061 [info] > git config --get commit.template [35ms]
2024-05-13 12:20:27.063 [info] > git for-each-ref --format=%(refname)%00%(upstream:short)%00%(objectname)%00%(upstream:track)%00%(upstream:remotename)%00%(upstream:remoteref) refs/heads/main refs/remotes/main [3ms]
2024-05-13 12:20:27.496 [info] > git status -z -uall [396ms]
2024-05-13 12:20:32.581 [info] > git config --get commit.template [34ms]
2024-05-13 12:20:32.583 [info] > git for-each-ref --format=%(refname)%00%(upstream:short)%00%(objectname)%00%(upstream:track)%00%(upstream:remotename)%00%(upstream:remoteref) refs/heads/main refs/remotes/main [3ms]
2024-05-13 12:20:32.985 [info] > git status -z -uall [365ms]
2024-05-13 12:20:38.070 [info] > git config --get commit.template [40ms]
2024-05-13 12:20:38.071 [info] > git for-each-ref --format=%(refname)%00%(upstream:short)%00%(objectname)%00%(upstream:track)%00%(upstream:remotename)%00%(upstream:remoteref) refs/heads/main refs/remotes/main [3ms]
2024-05-13 12:20:38.527 [info] > git status -z -uall [422ms]
2024-05-13 12:43:10.699 [info] > git config --get commit.template [38ms]
2024-05-13 12:43:10.700 [info] > git for-each-ref --format=%(refname)%00%(upstream:short)%00%(objectname)%00%(upstream:track)%00%(upstream:remotename)%00%(upstream:remoteref) refs/heads/main refs/remotes/main [3ms]
2024-05-13 12:43:11.159 [info] > git status -z -uall [424ms]
2024-05-13 12:43:16.241 [info] > git config --get commit.template [41ms]
2024-05-13 12:43:16.242 [info] > git for-each-ref --format=%(refname)%00%(upstream:short)%00%(objectname)%00%(upstream:track)%00%(upstream:remotename)%00%(upstream:remoteref) refs/heads/main refs/remotes/main [3ms]
2024-05-13 12:43:16.780 [info] > git status -z -uall [497ms]
2024-05-13 13:27:00.921 [info] > git config --get commit.template [36ms]
2024-05-13 13:27:00.923 [info] > git for-each-ref --format=%(refname)%00%(upstream:short)%00%(objectname)%00%(upstream:track)%00%(upstream:remotename)%00%(upstream:remoteref) refs/heads/main refs/remotes/main [4ms]
2024-05-13 13:27:01.424 [info] > git status -z -uall [453ms]
