2024-04-02 12:27:34.606 [info] Log level: Info
2024-04-02 12:27:34.606 [info] Validating found git in: "git"
2024-04-02 12:27:34.606 [info] Using git "2.39.2" from "git"
2024-04-02 12:27:34.606 [info] > git rev-parse --show-toplevel [18ms]
2024-04-02 12:27:34.645 [info] > git rev-parse --git-dir --git-common-dir [18ms]
2024-04-02 12:27:34.700 [info] Open repository: /home/louis
2024-04-02 12:27:34.767 [info] > git config --get commit.template [29ms]
2024-04-02 12:27:34.777 [info] > git rev-parse --show-toplevel [16ms]
2024-04-02 12:27:34.849 [info] > git rev-parse --show-toplevel [24ms]
2024-04-02 12:27:34.881 [info] > git for-each-ref --format=%(refname)%00%(upstream:short)%00%(objectname)%00%(upstream:track)%00%(upstream:remotename)%00%(upstream:remoteref) refs/heads/main refs/remotes/main [83ms]
2024-04-02 12:27:34.885 [info] > git rev-parse --show-toplevel [5ms]
2024-04-02 12:27:34.998 [info] > git rev-parse --show-toplevel [72ms]
2024-04-02 12:27:35.059 [info] > git rev-parse --show-toplevel [16ms]
2024-04-02 12:27:35.114 [info] > git rev-parse --show-toplevel [28ms]
2024-04-02 12:27:35.164 [info] > git rev-parse --show-toplevel [26ms]
2024-04-02 12:27:35.213 [info] > git rev-parse --show-toplevel [14ms]
2024-04-02 12:27:35.331 [info] > git rev-parse --show-toplevel [81ms]
2024-04-02 12:27:35.475 [info] > git check-ignore -v -z --stdin [54ms]
2024-04-02 12:27:35.493 [info] > git rev-parse --git-dir --git-common-dir [19ms]
2024-04-02 12:27:35.543 [info] Open repository: /home/louis/api_louis
2024-04-02 12:27:35.638 [info] > git config --get commit.template [39ms]
2024-04-02 12:27:35.665 [info] > git rev-parse --show-toplevel [37ms]
2024-04-02 12:27:35.701 [info] > git for-each-ref --format=%(refname)%00%(upstream:short)%00%(objectname)%00%(upstream:track)%00%(upstream:remotename)%00%(upstream:remoteref) refs/heads/main refs/remotes/main [45ms]
2024-04-02 12:27:35.730 [info] > git rev-parse --show-toplevel [31ms]
2024-04-02 12:27:35.828 [info] > git show --textconv :.env [43ms]
2024-04-02 12:27:35.838 [info] > git status -z -uall [110ms]
2024-04-02 12:27:35.904 [info] > git ls-files --stage -- /home/louis/.env [78ms]
2024-04-02 12:27:36.946 [info] > git config --get commit.template [1043ms]
2024-04-02 12:27:37.447 [info] > git for-each-ref --format=%(refname)%00%(upstream:short)%00%(objectname)%00%(upstream:track)%00%(upstream:remotename)%00%(upstream:remoteref) refs/heads/main refs/remotes/main [1517ms]
2024-04-02 12:27:37.469 [info] > git check-ignore -v -z --stdin [436ms]
2024-04-02 12:27:37.479 [info] > git check-ignore -v -z --stdin [402ms]
2024-04-02 12:27:37.625 [info] > git status -z -uall [87ms]
2024-04-02 12:27:41.322 [info] > git status -z -uall [6370ms] (cancelled)
2024-04-02 12:27:41.413 [info] > git config --get commit.template [251ms]
2024-04-02 12:27:41.808 [info] > git for-each-ref --format=%(refname)%00%(upstream:short)%00%(objectname)%00%(upstream:track)%00%(upstream:remotename)%00%(upstream:remoteref) refs/heads/main refs/remotes/main [319ms]
2024-04-02 12:27:46.437 [info] > git status -z -uall [4598ms] (cancelled)
2024-04-02 12:27:50.790 [info] > git show --textconv :docker-compose.yml [96ms]
2024-04-02 12:27:50.790 [info] > git ls-files --stage -- /home/louis/docker-compose.yml [37ms]
