2024-05-07 13:25:36.112 [info] Log level: Info
2024-05-07 13:25:36.112 [info] Validating found git in: "git"
2024-05-07 13:25:36.112 [info] Using git "2.39.2" from "git"
2024-05-07 13:25:36.112 [info] > git rev-parse --show-toplevel [226ms]
2024-05-07 13:25:38.147 [info] > git rev-parse --git-dir --git-common-dir [2037ms]
2024-05-07 13:25:38.174 [info] Open repository: /home/louis
2024-05-07 13:25:38.554 [info] > git rev-parse --show-toplevel [17ms]
2024-05-07 13:25:38.556 [info] > git config --get commit.template [36ms]
2024-05-07 13:25:38.612 [info] > git rev-parse --show-toplevel [29ms]
2024-05-07 13:25:38.657 [info] > git for-each-ref --format=%(refname)%00%(upstream:short)%00%(objectname)%00%(upstream:track)%00%(upstream:remotename)%00%(upstream:remoteref) refs/heads/main refs/remotes/main [54ms]
2024-05-07 13:25:38.662 [info] > git rev-parse --show-toplevel [21ms]
2024-05-07 13:25:38.784 [info] > git rev-parse --show-toplevel [18ms]
2024-05-07 13:25:38.862 [info] > git rev-parse --show-toplevel [18ms]
2024-05-07 13:25:38.903 [info] > git rev-parse --show-toplevel [20ms]
2024-05-07 13:25:38.944 [info] > git rev-parse --show-toplevel [19ms]
2024-05-07 13:25:39.001 [info] > git rev-parse --show-toplevel [35ms]
2024-05-07 13:25:39.310 [info] > git rev-parse --show-toplevel [242ms]
2024-05-07 13:25:39.425 [info] > git check-ignore -v -z --stdin [251ms]
2024-05-07 13:25:39.449 [info] > git rev-parse --show-toplevel [64ms]
2024-05-07 13:25:39.523 [info] > git rev-parse --show-toplevel [10ms]
2024-05-07 13:25:39.587 [info] > git rev-parse --show-toplevel [10ms]
2024-05-07 13:25:39.650 [info] > git rev-parse --show-toplevel [4ms]
2024-05-07 13:25:39.845 [info] > git show --textconv :ligue1-frontend/src/app/App.js [95ms]
2024-05-07 13:25:39.898 [info] > git ls-files --stage -- /home/louis/ligue1-frontend/src/app/App.js [55ms]
2024-05-07 13:25:40.010 [info] > git cat-file -s f3d2ceb3360644efd84caa6b4dab49f45bc6f80b [58ms]
2024-05-07 13:25:45.562 [info] > git status -z -uall [6848ms]
2024-05-07 13:25:47.104 [info] > git merge-base refs/heads/main refs/remotes/origin/main [1398ms]
2024-05-07 13:25:47.278 [info] > git rev-list --count --left-right refs/heads/main...refs/remotes/origin/main [142ms]
2024-05-07 13:25:47.320 [info] > git config --get commit.template [288ms]
2024-05-07 13:25:49.105 [info] > git diff --name-status -z --diff-filter=ADMR 016921bdb49c091c7a583b20acbbadb709a9c4fb...refs/remotes/origin/main [1786ms]
2024-05-07 13:25:49.138 [info] > git for-each-ref --format=%(refname)%00%(upstream:short)%00%(objectname)%00%(upstream:track)%00%(upstream:remotename)%00%(upstream:remoteref) refs/heads/main refs/remotes/main [209ms]
2024-05-07 13:25:52.623 [info] > git status -z -uall [3391ms]
