2024-04-04 07:13:47.762 [info] Log level: Info
2024-04-04 07:13:47.762 [info] Validating found git in: "git"
2024-04-04 07:13:47.762 [info] Using git "2.39.2" from "git"
2024-04-04 07:13:47.762 [info] > git rev-parse --show-toplevel [46ms]
2024-04-04 07:13:47.762 [info] > git rev-parse --git-dir --git-common-dir [41ms]
2024-04-04 07:13:47.762 [info] Open repository: /home/louis
2024-04-04 07:13:47.762 [info] > git rev-parse --show-toplevel [99ms]
2024-04-04 07:13:47.762 [info] > git config --get commit.template [123ms]
2024-04-04 07:13:47.762 [info] > git rev-parse --git-dir --git-common-dir [37ms]
2024-04-04 07:13:47.762 [info] Open repository: /home/louis/api_louis
2024-04-04 07:13:47.762 [info] > git for-each-ref --format=%(refname)%00%(upstream:short)%00%(objectname)%00%(upstream:track)%00%(upstream:remotename)%00%(upstream:remoteref) refs/heads/main refs/remotes/main [44ms]
2024-04-04 07:13:47.762 [info] > git config --get commit.template [19ms]
2024-04-04 07:13:47.762 [info] > git rev-parse --show-toplevel [23ms]
2024-04-04 07:13:47.762 [info] > git for-each-ref --format=%(refname)%00%(upstream:short)%00%(objectname)%00%(upstream:track)%00%(upstream:remotename)%00%(upstream:remoteref) refs/heads/main refs/remotes/main [44ms]
2024-04-04 07:13:47.762 [info] > git rev-parse --show-toplevel [25ms]
2024-04-04 07:13:47.762 [info] > git status -z -uall [35ms]
2024-04-04 07:13:47.762 [info] > git rev-parse --show-toplevel [70ms]
2024-04-04 07:13:47.762 [info] > git for-each-ref --format=%(refname)%00%(upstream:short)%00%(objectname)%00%(upstream:track)%00%(upstream:remotename)%00%(upstream:remoteref) refs/heads/main refs/remotes/main [53ms]
2024-04-04 07:13:47.762 [info] > git rev-parse --show-toplevel [82ms]
2024-04-04 07:13:47.762 [info] > git config --get commit.template [119ms]
2024-04-04 07:13:47.762 [info] > git rev-parse --show-toplevel [22ms]
2024-04-04 07:13:47.762 [info] > git status -z -uall [40ms]
2024-04-04 07:13:47.762 [info] > git rev-parse --show-toplevel [10ms]
2024-04-04 07:13:47.762 [info] > git rev-parse --show-toplevel [2ms]
2024-04-04 07:13:47.762 [info] > git rev-parse --show-toplevel [11ms]
2024-04-04 07:13:47.762 [info] > git status -z -uall [3397ms] (cancelled)
2024-04-04 07:13:47.762 [info] > git config --get commit.template [2514ms]
2024-04-04 07:13:47.762 [info] > git rev-parse --show-toplevel [2530ms]
2024-04-04 07:13:47.762 [info] > git rev-parse --show-toplevel [19ms]
2024-04-04 07:13:47.762 [info] > git for-each-ref --format=%(refname)%00%(upstream:short)%00%(objectname)%00%(upstream:track)%00%(upstream:remotename)%00%(upstream:remoteref) refs/heads/main refs/remotes/main [9ms]
2024-04-04 07:13:50.625 [info] > git status -z -uall [2848ms] (cancelled)
2024-04-04 07:13:50.626 [info] > git check-ignore -v -z --stdin [2278ms]
2024-04-04 07:13:50.629 [info] > git check-ignore -v -z --stdin [2265ms]
2024-04-04 07:13:50.630 [info] > git show --textconv :app/Http/Controllers/Api/UserController.php [94ms]
2024-04-04 07:13:50.725 [info] > git ls-files --stage -- /home/louis/api_louis/app/Http/Controllers/Api/UserController.php [169ms]
2024-04-04 07:13:50.765 [info] > git cat-file -s 0fe9ad7c9ee42ae645e2cabe118ff602ed237b44 [20ms]
