2024-04-22 16:14:36.489 [info] Log level: Info
2024-04-22 16:14:36.489 [info] Validating found git in: "git"
2024-04-22 16:14:36.489 [info] Using git "2.39.2" from "git"
2024-04-22 16:14:36.489 [info] > git rev-parse --show-toplevel [52ms]
2024-04-22 16:14:36.562 [info] > git rev-parse --git-dir --git-common-dir [73ms]
2024-04-22 16:14:36.607 [info] Open repository: /home/louis
2024-04-22 16:14:36.700 [info] > git config --get commit.template [40ms]
2024-04-22 16:14:36.738 [info] > git rev-parse --show-toplevel [42ms]
2024-04-22 16:14:36.764 [info] > git for-each-ref --format=%(refname)%00%(upstream:short)%00%(objectname)%00%(upstream:track)%00%(upstream:remotename)%00%(upstream:remoteref) refs/heads/main refs/remotes/main [27ms]
2024-04-22 16:14:36.807 [info] > git rev-parse --show-toplevel [44ms]
2024-04-22 16:14:36.866 [info] > git rev-parse --show-toplevel [24ms]
2024-04-22 16:14:36.928 [info] > git rev-parse --show-toplevel [19ms]
2024-04-22 16:14:36.979 [info] > git rev-parse --show-toplevel [11ms]
2024-04-22 16:14:37.013 [info] > git rev-parse --show-toplevel [2ms]
2024-04-22 16:14:37.158 [info] > git rev-parse --show-toplevel [82ms]
2024-04-22 16:14:37.227 [info] > git rev-parse --show-toplevel [28ms]
2024-04-22 16:14:37.323 [info] > git rev-parse --show-toplevel [20ms]
2024-04-22 16:14:37.344 [info] > git rev-parse --show-toplevel [4ms]
2024-04-22 16:14:37.364 [info] > git rev-parse --show-toplevel [3ms]
2024-04-22 16:14:37.385 [info] > git rev-parse --show-toplevel [7ms]
2024-04-22 16:14:37.565 [info] > git show --textconv :.env [83ms]
2024-04-22 16:14:37.588 [info] > git ls-files --stage -- /home/louis/.env [71ms]
2024-04-22 16:14:37.655 [info] > git cat-file -s 541f6004bcd1d8f5fa2eb44d9c1f74c7674d018d [12ms]
2024-04-22 16:14:37.709 [info] > git status -z -uall [904ms]
2024-04-22 16:14:38.271 [info] > git check-ignore -v -z --stdin [333ms]
2024-04-22 16:14:38.278 [info] > git merge-base refs/heads/main refs/remotes/origin/main [495ms]
2024-04-22 16:14:38.305 [info] > git config --get commit.template [50ms]
2024-04-22 16:14:38.342 [info] > git rev-list --count --left-right refs/heads/main...refs/remotes/origin/main [40ms]
2024-04-22 16:14:38.456 [info] > git for-each-ref --format=%(refname)%00%(upstream:short)%00%(objectname)%00%(upstream:track)%00%(upstream:remotename)%00%(upstream:remoteref) refs/heads/main refs/remotes/main [115ms]
2024-04-22 16:14:38.464 [info] > git diff --name-status -z --diff-filter=ADMR 56880393d828e267994594127668037f852d02be...refs/remotes/origin/main [81ms]
2024-04-22 16:14:41.532 [info] > git status -z -uall [3027ms]
2024-04-22 16:14:57.803 [info] > git config --get commit.template [22ms]
2024-04-22 16:14:57.830 [info] > git for-each-ref --format=%(refname)%00%(upstream:short)%00%(objectname)%00%(upstream:track)%00%(upstream:remotename)%00%(upstream:remoteref) refs/heads/main refs/remotes/main [3ms]
2024-04-22 16:14:58.172 [info] > git status -z -uall [318ms]
2024-04-22 16:15:03.257 [info] > git config --get commit.template [29ms]
2024-04-22 16:15:03.258 [info] > git for-each-ref --format=%(refname)%00%(upstream:short)%00%(objectname)%00%(upstream:track)%00%(upstream:remotename)%00%(upstream:remoteref) refs/heads/main refs/remotes/main [3ms]
2024-04-22 16:15:03.691 [info] > git status -z -uall [403ms]
2024-04-22 16:15:08.766 [info] > git config --get commit.template [24ms]
2024-04-22 16:15:08.768 [info] > git for-each-ref --format=%(refname)%00%(upstream:short)%00%(objectname)%00%(upstream:track)%00%(upstream:remotename)%00%(upstream:remoteref) refs/heads/main refs/remotes/main [4ms]
2024-04-22 16:15:09.194 [info] > git status -z -uall [402ms]
2024-04-22 16:15:14.277 [info] > git for-each-ref --format=%(refname)%00%(upstream:short)%00%(objectname)%00%(upstream:track)%00%(upstream:remotename)%00%(upstream:remoteref) refs/heads/main refs/remotes/main [1ms]
2024-04-22 16:15:14.277 [info] > git config --get commit.template [33ms]
2024-04-22 16:15:14.639 [info] > git status -z -uall [339ms]
2024-04-22 16:15:19.708 [info] > git config --get commit.template [25ms]
2024-04-22 16:15:19.711 [info] > git for-each-ref --format=%(refname)%00%(upstream:short)%00%(objectname)%00%(upstream:track)%00%(upstream:remotename)%00%(upstream:remoteref) refs/heads/main refs/remotes/main [5ms]
2024-04-22 16:15:20.136 [info] > git status -z -uall [402ms]
2024-04-22 16:15:25.206 [info] > git config --get commit.template [24ms]
2024-04-22 16:15:25.209 [info] > git for-each-ref --format=%(refname)%00%(upstream:short)%00%(objectname)%00%(upstream:track)%00%(upstream:remotename)%00%(upstream:remoteref) refs/heads/main refs/remotes/main [4ms]
2024-04-22 16:15:25.620 [info] > git status -z -uall [389ms]
2024-04-22 16:15:30.700 [info] > git config --get commit.template [28ms]
2024-04-22 16:15:30.702 [info] > git for-each-ref --format=%(refname)%00%(upstream:short)%00%(objectname)%00%(upstream:track)%00%(upstream:remotename)%00%(upstream:remoteref) refs/heads/main refs/remotes/main [2ms]
2024-04-22 16:15:31.129 [info] > git status -z -uall [398ms]
2024-04-22 16:15:36.229 [info] > git config --get commit.template [51ms]
2024-04-22 16:15:36.231 [info] > git for-each-ref --format=%(refname)%00%(upstream:short)%00%(objectname)%00%(upstream:track)%00%(upstream:remotename)%00%(upstream:remoteref) refs/heads/main refs/remotes/main [4ms]
2024-04-22 16:15:36.613 [info] > git status -z -uall [356ms]
2024-04-22 16:15:41.688 [info] > git config --get commit.template [30ms]
2024-04-22 16:15:41.689 [info] > git for-each-ref --format=%(refname)%00%(upstream:short)%00%(objectname)%00%(upstream:track)%00%(upstream:remotename)%00%(upstream:remoteref) refs/heads/main refs/remotes/main [5ms]
2024-04-22 16:15:42.045 [info] > git status -z -uall [328ms]
2024-04-22 16:15:47.112 [info] > git config --get commit.template [25ms]
2024-04-22 16:15:47.114 [info] > git for-each-ref --format=%(refname)%00%(upstream:short)%00%(objectname)%00%(upstream:track)%00%(upstream:remotename)%00%(upstream:remoteref) refs/heads/main refs/remotes/main [4ms]
2024-04-22 16:15:47.478 [info] > git status -z -uall [338ms]
2024-04-22 16:15:52.527 [info] > git config --get commit.template [1ms]
2024-04-22 16:15:52.556 [info] > git for-each-ref --format=%(refname)%00%(upstream:short)%00%(objectname)%00%(upstream:track)%00%(upstream:remotename)%00%(upstream:remoteref) refs/heads/main refs/remotes/main [3ms]
2024-04-22 16:15:52.940 [info] > git status -z -uall [358ms]
2024-04-22 16:15:58.013 [info] > git config --get commit.template [26ms]
2024-04-22 16:15:58.015 [info] > git for-each-ref --format=%(refname)%00%(upstream:short)%00%(objectname)%00%(upstream:track)%00%(upstream:remotename)%00%(upstream:remoteref) refs/heads/main refs/remotes/main [4ms]
2024-04-22 16:15:58.417 [info] > git status -z -uall [376ms]
2024-04-22 16:16:03.493 [info] > git config --get commit.template [26ms]
2024-04-22 16:16:03.494 [info] > git for-each-ref --format=%(refname)%00%(upstream:short)%00%(objectname)%00%(upstream:track)%00%(upstream:remotename)%00%(upstream:remoteref) refs/heads/main refs/remotes/main [4ms]
2024-04-22 16:16:03.967 [info] > git status -z -uall [447ms]
2024-04-22 16:16:09.025 [info] > git config --get commit.template [3ms]
2024-04-22 16:16:09.055 [info] > git for-each-ref --format=%(refname)%00%(upstream:short)%00%(objectname)%00%(upstream:track)%00%(upstream:remotename)%00%(upstream:remoteref) refs/heads/main refs/remotes/main [3ms]
2024-04-22 16:16:09.474 [info] > git status -z -uall [389ms]
2024-04-22 16:16:13.150 [info] > git show --textconv :ligue1-frontend/src/pages/Classement/Classement.js [412ms]
2024-04-22 16:16:13.150 [info] > git ls-files --stage -- /home/louis/ligue1-frontend/src/pages/Classement/Classement.js [280ms]
2024-04-22 16:16:13.316 [info] > git check-ignore -v -z --stdin [207ms]
2024-04-22 16:16:13.317 [info] > git cat-file -s 15d0b6188ca8d2f232d34d349f16ce5c3b09948d [33ms]
2024-04-22 16:16:13.841 [info] > git check-ignore -v -z --stdin [120ms]
2024-04-22 16:16:14.717 [info] > git config --get commit.template [2ms]
2024-04-22 16:16:14.832 [info] > git for-each-ref --format=%(refname)%00%(upstream:short)%00%(objectname)%00%(upstream:track)%00%(upstream:remotename)%00%(upstream:remoteref) refs/heads/main refs/remotes/main [33ms]
2024-04-22 16:16:15.636 [info] > git status -z -uall [731ms]
2024-04-22 16:16:20.738 [info] > git config --get commit.template [30ms]
2024-04-22 16:16:20.743 [info] > git for-each-ref --format=%(refname)%00%(upstream:short)%00%(objectname)%00%(upstream:track)%00%(upstream:remotename)%00%(upstream:remoteref) refs/heads/main refs/remotes/main [6ms]
2024-04-22 16:16:21.179 [info] > git status -z -uall [408ms]
2024-04-22 16:16:22.231 [info] > git show --textconv :ligue1-frontend/src/pages/ShowEquipe/ShowEquipe.css [33ms]
2024-04-22 16:16:22.241 [info] > git ls-files --stage -- /home/louis/ligue1-frontend/src/pages/ShowEquipe/ShowEquipe.css [12ms]
2024-04-22 16:16:22.271 [info] > git cat-file -s 8b899d9be694cb5ce042dee78d29330f61aa25c7 [5ms]
2024-04-22 16:16:26.414 [info] > git config --get commit.template [111ms]
2024-04-22 16:16:26.418 [info] > git for-each-ref --format=%(refname)%00%(upstream:short)%00%(objectname)%00%(upstream:track)%00%(upstream:remotename)%00%(upstream:remoteref) refs/heads/main refs/remotes/main [6ms]
2024-04-22 16:16:27.112 [info] > git status -z -uall [640ms]
2024-04-22 16:16:27.113 [info] > git show --textconv :ligue1-frontend/src/pages/ShowEquipe/ShowEquipe.js [60ms]
2024-04-22 16:16:27.138 [info] > git ls-files --stage -- /home/louis/ligue1-frontend/src/pages/ShowEquipe/ShowEquipe.js [28ms]
2024-04-22 16:16:27.176 [info] > git cat-file -s 330464852b048eeebdb5322668510292f66d1dd4 [14ms]
2024-04-22 16:16:32.207 [info] > git config --get commit.template [37ms]
2024-04-22 16:16:32.208 [info] > git for-each-ref --format=%(refname)%00%(upstream:short)%00%(objectname)%00%(upstream:track)%00%(upstream:remotename)%00%(upstream:remoteref) refs/heads/main refs/remotes/main [4ms]
2024-04-22 16:16:32.635 [info] > git status -z -uall [396ms]
2024-04-22 16:16:37.731 [info] > git config --get commit.template [36ms]
2024-04-22 16:16:37.733 [info] > git for-each-ref --format=%(refname)%00%(upstream:short)%00%(objectname)%00%(upstream:track)%00%(upstream:remotename)%00%(upstream:remoteref) refs/heads/main refs/remotes/main [4ms]
2024-04-22 16:16:38.140 [info] > git status -z -uall [374ms]
2024-04-22 16:16:43.194 [info] > git config --get commit.template [2ms]
2024-04-22 16:16:43.223 [info] > git for-each-ref --format=%(refname)%00%(upstream:short)%00%(objectname)%00%(upstream:track)%00%(upstream:remotename)%00%(upstream:remoteref) refs/heads/main refs/remotes/main [3ms]
2024-04-22 16:16:43.599 [info] > git status -z -uall [346ms]
2024-04-22 16:16:48.701 [info] > git config --get commit.template [41ms]
2024-04-22 16:16:48.703 [info] > git for-each-ref --format=%(refname)%00%(upstream:short)%00%(objectname)%00%(upstream:track)%00%(upstream:remotename)%00%(upstream:remoteref) refs/heads/main refs/remotes/main [3ms]
2024-04-22 16:16:49.176 [info] > git status -z -uall [432ms]
2024-04-22 16:16:55.545 [info] > git config --get commit.template [3ms]
2024-04-22 16:16:55.606 [info] > git for-each-ref --format=%(refname)%00%(upstream:short)%00%(objectname)%00%(upstream:track)%00%(upstream:remotename)%00%(upstream:remoteref) refs/heads/main refs/remotes/main [3ms]
2024-04-22 16:16:56.123 [info] > git status -z -uall [476ms]
2024-04-22 16:17:07.541 [info] > git config --get commit.template [50ms]
2024-04-22 16:17:07.544 [info] > git for-each-ref --format=%(refname)%00%(upstream:short)%00%(objectname)%00%(upstream:track)%00%(upstream:remotename)%00%(upstream:remoteref) refs/heads/main refs/remotes/main [4ms]
2024-04-22 16:17:07.956 [info] > git status -z -uall [371ms]
2024-04-22 16:17:13.034 [info] > git config --get commit.template [20ms]
2024-04-22 16:17:13.084 [info] > git for-each-ref --format=%(refname)%00%(upstream:short)%00%(objectname)%00%(upstream:track)%00%(upstream:remotename)%00%(upstream:remoteref) refs/heads/main refs/remotes/main [4ms]
2024-04-22 16:17:13.566 [info] > git status -z -uall [444ms]
2024-04-22 16:17:18.630 [info] > git config --get commit.template [4ms]
2024-04-22 16:17:18.693 [info] > git for-each-ref --format=%(refname)%00%(upstream:short)%00%(objectname)%00%(upstream:track)%00%(upstream:remotename)%00%(upstream:remoteref) refs/heads/main refs/remotes/main [5ms]
2024-04-22 16:17:19.178 [info] > git status -z -uall [435ms]
2024-04-22 16:17:24.274 [info] > git config --get commit.template [40ms]
2024-04-22 16:17:24.276 [info] > git for-each-ref --format=%(refname)%00%(upstream:short)%00%(objectname)%00%(upstream:track)%00%(upstream:remotename)%00%(upstream:remoteref) refs/heads/main refs/remotes/main [3ms]
2024-04-22 16:17:24.678 [info] > git status -z -uall [359ms]
2024-04-22 16:17:29.792 [info] > git config --get commit.template [51ms]
2024-04-22 16:17:29.794 [info] > git for-each-ref --format=%(refname)%00%(upstream:short)%00%(objectname)%00%(upstream:track)%00%(upstream:remotename)%00%(upstream:remoteref) refs/heads/main refs/remotes/main [7ms]
2024-04-22 16:17:30.407 [info] > git show --textconv :ligue1-frontend/src/pages/Equipe/Equipe.js [147ms]
2024-04-22 16:17:30.422 [info] > git ls-files --stage -- /home/louis/ligue1-frontend/src/pages/Equipe/Equipe.js [28ms]
2024-04-22 16:17:30.547 [info] > git cat-file -s 7434a417bfa61ab0d7d5dfda17ad1dc0ee3abdb4 [3ms]
2024-04-22 16:17:30.574 [info] > git status -z -uall [737ms]
2024-04-22 16:17:35.688 [info] > git config --get commit.template [40ms]
2024-04-22 16:17:35.690 [info] > git for-each-ref --format=%(refname)%00%(upstream:short)%00%(objectname)%00%(upstream:track)%00%(upstream:remotename)%00%(upstream:remoteref) refs/heads/main refs/remotes/main [4ms]
2024-04-22 16:17:36.056 [info] > git status -z -uall [322ms]
2024-04-22 16:17:37.536 [info] > git check-ignore -v -z --stdin [13ms]
2024-04-22 16:17:37.936 [info] > git show --textconv :ligue1-frontend/src/pages/HomePage/HomePage.css [39ms]
2024-04-22 16:17:37.945 [info] > git ls-files --stage -- /home/louis/ligue1-frontend/src/pages/HomePage/HomePage.css [12ms]
2024-04-22 16:17:37.979 [info] > git cat-file -s 78fd70144335a31440075a69e73c14b5c270cd2a [1ms]
2024-04-22 16:17:38.389 [info] > git show --textconv :ligue1-frontend/src/pages/HomePage/HomePage.js [48ms]
2024-04-22 16:17:38.393 [info] > git ls-files --stage -- /home/louis/ligue1-frontend/src/pages/HomePage/HomePage.js [16ms]
2024-04-22 16:17:38.432 [info] > git cat-file -s 5ad876a6b403e3ef5931464ed43ba49c5baaad25 [4ms]
2024-04-22 16:17:41.121 [info] > git config --get commit.template [3ms]
2024-04-22 16:17:41.171 [info] > git for-each-ref --format=%(refname)%00%(upstream:short)%00%(objectname)%00%(upstream:track)%00%(upstream:remotename)%00%(upstream:remoteref) refs/heads/main refs/remotes/main [3ms]
2024-04-22 16:17:41.587 [info] > git status -z -uall [372ms]
2024-04-22 16:17:46.693 [info] > git config --get commit.template [44ms]
2024-04-22 16:17:46.695 [info] > git for-each-ref --format=%(refname)%00%(upstream:short)%00%(objectname)%00%(upstream:track)%00%(upstream:remotename)%00%(upstream:remoteref) refs/heads/main refs/remotes/main [2ms]
2024-04-22 16:17:47.122 [info] > git status -z -uall [386ms]
2024-04-22 16:17:52.218 [info] > git check-ignore -v -z --stdin [45ms]
2024-04-22 16:17:52.220 [info] > git config --get commit.template [10ms]
2024-04-22 16:17:52.276 [info] > git for-each-ref --format=%(refname)%00%(upstream:short)%00%(objectname)%00%(upstream:track)%00%(upstream:remotename)%00%(upstream:remoteref) refs/heads/main refs/remotes/main [15ms]
2024-04-22 16:17:52.589 [info] > git show --textconv :ligue1-frontend/src/app/_App.js [62ms]
2024-04-22 16:17:52.631 [info] > git ls-files --stage -- /home/louis/ligue1-frontend/src/app/_App.js [47ms]
2024-04-22 16:17:52.731 [info] > git cat-file -s 60191b6eeb0c3b235c7df138a8330920699640b9 [30ms]
2024-04-22 16:17:53.022 [info] > git status -z -uall [693ms]
2024-04-22 16:17:53.023 [info] > git show --textconv :ligue1-frontend/src/app/App.js [46ms]
2024-04-22 16:17:53.043 [info] > git ls-files --stage -- /home/louis/ligue1-frontend/src/app/App.js [28ms]
2024-04-22 16:17:53.091 [info] > git cat-file -s ccd7311104569b8125462637331cfdd360738d5a [8ms]
2024-04-22 16:17:58.079 [info] > git config --get commit.template [1ms]
2024-04-22 16:17:58.117 [info] > git for-each-ref --format=%(refname)%00%(upstream:short)%00%(objectname)%00%(upstream:track)%00%(upstream:remotename)%00%(upstream:remoteref) refs/heads/main refs/remotes/main [3ms]
2024-04-22 16:17:58.541 [info] > git status -z -uall [386ms]
2024-04-22 16:18:03.631 [info] > git config --get commit.template [35ms]
2024-04-22 16:18:03.632 [info] > git for-each-ref --format=%(refname)%00%(upstream:short)%00%(objectname)%00%(upstream:track)%00%(upstream:remotename)%00%(upstream:remoteref) refs/heads/main refs/remotes/main [3ms]
2024-04-22 16:18:04.042 [info] > git status -z -uall [371ms]
2024-04-22 16:18:09.590 [info] > git config --get commit.template [3ms]
2024-04-22 16:18:09.630 [info] > git for-each-ref --format=%(refname)%00%(upstream:short)%00%(objectname)%00%(upstream:track)%00%(upstream:remotename)%00%(upstream:remoteref) refs/heads/main refs/remotes/main [3ms]
2024-04-22 16:18:09.995 [info] > git status -z -uall [328ms]
2024-04-22 16:18:22.475 [info] > git config --get commit.template [42ms]
2024-04-22 16:18:22.477 [info] > git for-each-ref --format=%(refname)%00%(upstream:short)%00%(objectname)%00%(upstream:track)%00%(upstream:remotename)%00%(upstream:remoteref) refs/heads/main refs/remotes/main [3ms]
2024-04-22 16:18:22.870 [info] > git status -z -uall [355ms]
2024-04-22 16:18:57.725 [info] > git config --get commit.template [2ms]
2024-04-22 16:18:57.762 [info] > git for-each-ref --format=%(refname)%00%(upstream:short)%00%(objectname)%00%(upstream:track)%00%(upstream:remotename)%00%(upstream:remoteref) refs/heads/main refs/remotes/main [3ms]
2024-04-22 16:18:58.122 [info] > git status -z -uall [321ms]
2024-04-22 16:19:03.223 [info] > git config --get commit.template [37ms]
2024-04-22 16:19:03.224 [info] > git for-each-ref --format=%(refname)%00%(upstream:short)%00%(objectname)%00%(upstream:track)%00%(upstream:remotename)%00%(upstream:remoteref) refs/heads/main refs/remotes/main [3ms]
2024-04-22 16:19:03.613 [info] > git status -z -uall [352ms]
2024-04-22 16:24:07.081 [info] > git config --get commit.template [2ms]
2024-04-22 16:24:07.127 [info] > git for-each-ref --format=%(refname)%00%(upstream:short)%00%(objectname)%00%(upstream:track)%00%(upstream:remotename)%00%(upstream:remoteref) refs/heads/main refs/remotes/main [5ms]
2024-04-22 16:24:07.586 [info] > git status -z -uall [414ms]
2024-04-22 16:24:12.661 [info] > git config --get commit.template [4ms]
2024-04-22 16:24:12.703 [info] > git for-each-ref --format=%(refname)%00%(upstream:short)%00%(objectname)%00%(upstream:track)%00%(upstream:remotename)%00%(upstream:remoteref) refs/heads/main refs/remotes/main [5ms]
2024-04-22 16:24:13.091 [info] > git status -z -uall [354ms]
2024-04-22 16:24:18.186 [info] > git config --get commit.template [34ms]
2024-04-22 16:24:18.188 [info] > git for-each-ref --format=%(refname)%00%(upstream:short)%00%(objectname)%00%(upstream:track)%00%(upstream:remotename)%00%(upstream:remoteref) refs/heads/main refs/remotes/main [3ms]
2024-04-22 16:24:18.558 [info] > git status -z -uall [337ms]
2024-04-22 16:24:23.658 [info] > git config --get commit.template [37ms]
2024-04-22 16:24:23.659 [info] > git for-each-ref --format=%(refname)%00%(upstream:short)%00%(objectname)%00%(upstream:track)%00%(upstream:remotename)%00%(upstream:remoteref) refs/heads/main refs/remotes/main [3ms]
2024-04-22 16:24:24.082 [info] > git status -z -uall [383ms]
2024-04-22 16:24:29.475 [info] > git config --get commit.template [5ms]
2024-04-22 16:24:29.514 [info] > git for-each-ref --format=%(refname)%00%(upstream:short)%00%(objectname)%00%(upstream:track)%00%(upstream:remotename)%00%(upstream:remoteref) refs/heads/main refs/remotes/main [5ms]
2024-04-22 16:24:29.916 [info] > git status -z -uall [363ms]
2024-04-22 16:24:43.941 [info] > git config --get commit.template [37ms]
2024-04-22 16:24:43.942 [info] > git for-each-ref --format=%(refname)%00%(upstream:short)%00%(objectname)%00%(upstream:track)%00%(upstream:remotename)%00%(upstream:remoteref) refs/heads/main refs/remotes/main [3ms]
2024-04-22 16:24:44.380 [info] > git status -z -uall [402ms]
2024-04-22 16:24:49.451 [info] > git config --get commit.template [4ms]
2024-04-22 16:24:49.488 [info] > git for-each-ref --format=%(refname)%00%(upstream:short)%00%(objectname)%00%(upstream:track)%00%(upstream:remotename)%00%(upstream:remoteref) refs/heads/main refs/remotes/main [2ms]
2024-04-22 16:24:49.870 [info] > git status -z -uall [347ms]
2024-04-22 16:24:53.111 [info] > git show --textconv :ligue1-frontend/src/pages/Classement/Classement.js [45ms]
2024-04-22 16:24:53.117 [info] > git ls-files --stage -- /home/louis/ligue1-frontend/src/pages/Classement/Classement.js [12ms]
2024-04-22 16:24:53.155 [info] > git cat-file -s 15d0b6188ca8d2f232d34d349f16ce5c3b09948d [2ms]
2024-04-22 16:24:54.971 [info] > git config --get commit.template [37ms]
2024-04-22 16:24:54.973 [info] > git for-each-ref --format=%(refname)%00%(upstream:short)%00%(objectname)%00%(upstream:track)%00%(upstream:remotename)%00%(upstream:remoteref) refs/heads/main refs/remotes/main [4ms]
2024-04-22 16:24:55.357 [info] > git status -z -uall [345ms]
2024-04-22 16:25:00.468 [info] > git config --get commit.template [44ms]
2024-04-22 16:25:00.471 [info] > git for-each-ref --format=%(refname)%00%(upstream:short)%00%(objectname)%00%(upstream:track)%00%(upstream:remotename)%00%(upstream:remoteref) refs/heads/main refs/remotes/main [4ms]
2024-04-22 16:25:00.934 [info] > git status -z -uall [423ms]
2024-04-22 16:25:22.417 [info] > git config --get commit.template [34ms]
2024-04-22 16:25:22.418 [info] > git for-each-ref --format=%(refname)%00%(upstream:short)%00%(objectname)%00%(upstream:track)%00%(upstream:remotename)%00%(upstream:remoteref) refs/heads/main refs/remotes/main [3ms]
2024-04-22 16:25:22.799 [info] > git status -z -uall [344ms]
2024-04-22 16:25:27.904 [info] > git config --get commit.template [39ms]
2024-04-22 16:25:27.905 [info] > git for-each-ref --format=%(refname)%00%(upstream:short)%00%(objectname)%00%(upstream:track)%00%(upstream:remotename)%00%(upstream:remoteref) refs/heads/main refs/remotes/main [8ms]
2024-04-22 16:25:28.324 [info] > git status -z -uall [377ms]
2024-04-22 16:25:33.397 [info] > git config --get commit.template [2ms]
2024-04-22 16:25:33.440 [info] > git for-each-ref --format=%(refname)%00%(upstream:short)%00%(objectname)%00%(upstream:track)%00%(upstream:remotename)%00%(upstream:remoteref) refs/heads/main refs/remotes/main [3ms]
2024-04-22 16:25:33.858 [info] > git status -z -uall [379ms]
2024-04-22 16:25:38.967 [info] > git config --get commit.template [41ms]
2024-04-22 16:25:38.967 [info] > git for-each-ref --format=%(refname)%00%(upstream:short)%00%(objectname)%00%(upstream:track)%00%(upstream:remotename)%00%(upstream:remoteref) refs/heads/main refs/remotes/main [3ms]
2024-04-22 16:25:39.421 [info] > git status -z -uall [407ms]
2024-04-22 16:26:41.470 [info] > git config --get commit.template [41ms]
2024-04-22 16:26:41.472 [info] > git for-each-ref --format=%(refname)%00%(upstream:short)%00%(objectname)%00%(upstream:track)%00%(upstream:remotename)%00%(upstream:remoteref) refs/heads/main refs/remotes/main [3ms]
2024-04-22 16:26:41.876 [info] > git status -z -uall [362ms]
2024-04-22 16:26:46.977 [info] > git config --get commit.template [40ms]
2024-04-22 16:26:46.978 [info] > git for-each-ref --format=%(refname)%00%(upstream:short)%00%(objectname)%00%(upstream:track)%00%(upstream:remotename)%00%(upstream:remoteref) refs/heads/main refs/remotes/main [3ms]
2024-04-22 16:26:47.414 [info] > git status -z -uall [397ms]
2024-04-22 16:26:52.513 [info] > git config --get commit.template [2ms]
2024-04-22 16:26:52.559 [info] > git for-each-ref --format=%(refname)%00%(upstream:short)%00%(objectname)%00%(upstream:track)%00%(upstream:remotename)%00%(upstream:remoteref) refs/heads/main refs/remotes/main [6ms]
2024-04-22 16:26:53.013 [info] > git status -z -uall [413ms]
2024-04-22 16:26:58.122 [info] > git config --get commit.template [39ms]
2024-04-22 16:26:58.125 [info] > git for-each-ref --format=%(refname)%00%(upstream:short)%00%(objectname)%00%(upstream:track)%00%(upstream:remotename)%00%(upstream:remoteref) refs/heads/main refs/remotes/main [4ms]
2024-04-22 16:26:58.563 [info] > git status -z -uall [398ms]
2024-04-22 16:27:03.686 [info] > git for-each-ref --format=%(refname)%00%(upstream:short)%00%(objectname)%00%(upstream:track)%00%(upstream:remotename)%00%(upstream:remoteref) refs/heads/main refs/remotes/main [9ms]
2024-04-22 16:27:03.687 [info] > git config --get commit.template [54ms]
2024-04-22 16:27:04.333 [info] > git status -z -uall [590ms]
2024-04-22 16:27:09.397 [info] > git config --get commit.template [2ms]
2024-04-22 16:27:09.442 [info] > git for-each-ref --format=%(refname)%00%(upstream:short)%00%(objectname)%00%(upstream:track)%00%(upstream:remotename)%00%(upstream:remoteref) refs/heads/main refs/remotes/main [1ms]
2024-04-22 16:27:09.871 [info] > git status -z -uall [390ms]
2024-04-22 16:27:14.971 [info] > git config --get commit.template [40ms]
2024-04-22 16:27:14.974 [info] > git for-each-ref --format=%(refname)%00%(upstream:short)%00%(objectname)%00%(upstream:track)%00%(upstream:remotename)%00%(upstream:remoteref) refs/heads/main refs/remotes/main [4ms]
2024-04-22 16:27:15.405 [info] > git status -z -uall [387ms]
2024-04-22 16:27:20.543 [info] > git config --get commit.template [61ms]
2024-04-22 16:27:20.549 [info] > git for-each-ref --format=%(refname)%00%(upstream:short)%00%(objectname)%00%(upstream:track)%00%(upstream:remotename)%00%(upstream:remoteref) refs/heads/main refs/remotes/main [7ms]
2024-04-22 16:27:21.069 [info] > git status -z -uall [469ms]
2024-04-22 16:27:26.128 [info] > git config --get commit.template [2ms]
2024-04-22 16:27:26.170 [info] > git for-each-ref --format=%(refname)%00%(upstream:short)%00%(objectname)%00%(upstream:track)%00%(upstream:remotename)%00%(upstream:remoteref) refs/heads/main refs/remotes/main [3ms]
2024-04-22 16:27:26.548 [info] > git status -z -uall [346ms]
2024-04-22 16:27:31.613 [info] > git config --get commit.template [5ms]
2024-04-22 16:27:31.648 [info] > git for-each-ref --format=%(refname)%00%(upstream:short)%00%(objectname)%00%(upstream:track)%00%(upstream:remotename)%00%(upstream:remoteref) refs/heads/main refs/remotes/main [3ms]
2024-04-22 16:27:32.008 [info] > git status -z -uall [327ms]
2024-04-22 16:27:37.127 [info] > git config --get commit.template [47ms]
2024-04-22 16:27:37.131 [info] > git for-each-ref --format=%(refname)%00%(upstream:short)%00%(objectname)%00%(upstream:track)%00%(upstream:remotename)%00%(upstream:remoteref) refs/heads/main refs/remotes/main [5ms]
2024-04-22 16:27:37.579 [info] > git status -z -uall [420ms]
2024-04-22 16:27:50.311 [info] > git config --get commit.template [42ms]
2024-04-22 16:27:50.321 [info] > git for-each-ref --format=%(refname)%00%(upstream:short)%00%(objectname)%00%(upstream:track)%00%(upstream:remotename)%00%(upstream:remoteref) refs/heads/main refs/remotes/main [12ms]
2024-04-22 16:27:50.752 [info] > git status -z -uall [396ms]
2024-04-22 16:29:20.853 [info] > git config --get commit.template [55ms]
2024-04-22 16:29:20.854 [info] > git for-each-ref --format=%(refname)%00%(upstream:short)%00%(objectname)%00%(upstream:track)%00%(upstream:remotename)%00%(upstream:remoteref) refs/heads/main refs/remotes/main [5ms]
2024-04-22 16:29:21.292 [info] > git status -z -uall [395ms]
2024-04-22 16:29:26.412 [info] > git config --get commit.template [49ms]
2024-04-22 16:29:26.414 [info] > git for-each-ref --format=%(refname)%00%(upstream:short)%00%(objectname)%00%(upstream:track)%00%(upstream:remotename)%00%(upstream:remoteref) refs/heads/main refs/remotes/main [3ms]
2024-04-22 16:29:26.825 [info] > git status -z -uall [369ms]
2024-04-22 16:29:31.932 [info] > git config --get commit.template [42ms]
2024-04-22 16:29:31.933 [info] > git for-each-ref --format=%(refname)%00%(upstream:short)%00%(objectname)%00%(upstream:track)%00%(upstream:remotename)%00%(upstream:remoteref) refs/heads/main refs/remotes/main [3ms]
2024-04-22 16:29:32.356 [info] > git status -z -uall [386ms]
2024-04-22 16:29:37.459 [info] > git config --get commit.template [42ms]
2024-04-22 16:29:37.461 [info] > git for-each-ref --format=%(refname)%00%(upstream:short)%00%(objectname)%00%(upstream:track)%00%(upstream:remotename)%00%(upstream:remoteref) refs/heads/main refs/remotes/main [4ms]
2024-04-22 16:29:37.912 [info] > git status -z -uall [409ms]
2024-04-22 16:29:43.017 [info] > git config --get commit.template [39ms]
2024-04-22 16:29:43.019 [info] > git for-each-ref --format=%(refname)%00%(upstream:short)%00%(objectname)%00%(upstream:track)%00%(upstream:remotename)%00%(upstream:remoteref) refs/heads/main refs/remotes/main [3ms]
2024-04-22 16:29:43.446 [info] > git status -z -uall [390ms]
2024-04-22 16:29:45.576 [info] > git check-ignore -v -z --stdin [91ms]
2024-04-22 16:29:48.006 [info] > git check-ignore -v -z --stdin [31ms]
2024-04-22 16:29:48.546 [info] > git config --get commit.template [7ms]
2024-04-22 16:29:48.653 [info] > git for-each-ref --format=%(refname)%00%(upstream:short)%00%(objectname)%00%(upstream:track)%00%(upstream:remotename)%00%(upstream:remoteref) refs/heads/main refs/remotes/main [58ms]
2024-04-22 16:29:50.026 [info] > git status -z -uall [1269ms]
2024-04-22 16:29:50.529 [info] > git check-ignore -v -z --stdin [44ms]
2024-04-22 16:29:52.408 [info] > git check-ignore -v -z --stdin [48ms]
2024-04-22 16:29:55.219 [info] > git config --get commit.template [48ms]
2024-04-22 16:29:55.412 [info] > git for-each-ref --format=%(refname)%00%(upstream:short)%00%(objectname)%00%(upstream:track)%00%(upstream:remotename)%00%(upstream:remoteref) refs/heads/main refs/remotes/main [105ms]
2024-04-22 16:29:55.507 [info] > git check-ignore -v -z --stdin [120ms]
2024-04-22 16:29:56.834 [info] > git status -z -uall [1332ms]
2024-04-22 16:30:00.353 [info] > git check-ignore -v -z --stdin [73ms]
2024-04-22 16:30:01.998 [info] > git config --get commit.template [66ms]
2024-04-22 16:30:02.014 [info] > git for-each-ref --format=%(refname)%00%(upstream:short)%00%(objectname)%00%(upstream:track)%00%(upstream:remotename)%00%(upstream:remoteref) refs/heads/main refs/remotes/main [18ms]
2024-04-22 16:30:02.513 [info] > git status -z -uall [409ms]
2024-04-22 16:30:06.165 [info] > git check-ignore -v -z --stdin [104ms]
2024-04-22 16:30:06.836 [info] > git check-ignore -v -z --stdin [16ms]
2024-04-22 16:30:07.670 [info] > git config --get commit.template [54ms]
2024-04-22 16:30:07.671 [info] > git for-each-ref --format=%(refname)%00%(upstream:short)%00%(objectname)%00%(upstream:track)%00%(upstream:remotename)%00%(upstream:remoteref) refs/heads/main refs/remotes/main [3ms]
2024-04-22 16:30:08.148 [info] > git status -z -uall [428ms]
2024-04-22 16:30:10.974 [info] > git check-ignore -v -z --stdin [61ms]
2024-04-22 16:30:11.789 [info] > git check-ignore -v -z --stdin [22ms]
2024-04-22 16:30:13.258 [info] > git config --get commit.template [41ms]
2024-04-22 16:30:13.259 [info] > git for-each-ref --format=%(refname)%00%(upstream:short)%00%(objectname)%00%(upstream:track)%00%(upstream:remotename)%00%(upstream:remoteref) refs/heads/main refs/remotes/main [3ms]
2024-04-22 16:30:13.723 [info] > git status -z -uall [424ms]
2024-04-22 16:30:16.849 [info] > git check-ignore -v -z --stdin [26ms]
2024-04-22 16:30:18.833 [info] > git config --get commit.template [46ms]
2024-04-22 16:30:18.834 [info] > git for-each-ref --format=%(refname)%00%(upstream:short)%00%(objectname)%00%(upstream:track)%00%(upstream:remotename)%00%(upstream:remoteref) refs/heads/main refs/remotes/main [3ms]
2024-04-22 16:30:19.294 [info] > git status -z -uall [411ms]
2024-04-22 16:30:24.358 [info] > git config --get commit.template [1ms]
2024-04-22 16:30:24.401 [info] > git for-each-ref --format=%(refname)%00%(upstream:short)%00%(objectname)%00%(upstream:track)%00%(upstream:remotename)%00%(upstream:remoteref) refs/heads/main refs/remotes/main [3ms]
2024-04-22 16:30:24.824 [info] > git status -z -uall [378ms]
2024-04-22 16:30:29.938 [info] > git config --get commit.template [49ms]
2024-04-22 16:30:29.942 [info] > git for-each-ref --format=%(refname)%00%(upstream:short)%00%(objectname)%00%(upstream:track)%00%(upstream:remotename)%00%(upstream:remoteref) refs/heads/main refs/remotes/main [6ms]
2024-04-22 16:30:30.432 [info] > git status -z -uall [447ms]
2024-04-22 16:30:35.554 [info] > git config --get commit.template [49ms]
2024-04-22 16:30:35.557 [info] > git for-each-ref --format=%(refname)%00%(upstream:short)%00%(objectname)%00%(upstream:track)%00%(upstream:remotename)%00%(upstream:remoteref) refs/heads/main refs/remotes/main [4ms]
2024-04-22 16:30:35.991 [info] > git status -z -uall [387ms]
2024-04-22 16:30:41.061 [info] > git config --get commit.template [2ms]
2024-04-22 16:30:41.107 [info] > git for-each-ref --format=%(refname)%00%(upstream:short)%00%(objectname)%00%(upstream:track)%00%(upstream:remotename)%00%(upstream:remoteref) refs/heads/main refs/remotes/main [3ms]
2024-04-22 16:30:41.559 [info] > git status -z -uall [407ms]
2024-04-22 16:35:30.095 [info] > git config --get commit.template [2ms]
2024-04-22 16:35:30.152 [info] > git for-each-ref --format=%(refname)%00%(upstream:short)%00%(objectname)%00%(upstream:track)%00%(upstream:remotename)%00%(upstream:remoteref) refs/heads/main refs/remotes/main [10ms]
2024-04-22 16:35:30.670 [info] > git status -z -uall [461ms]
2024-04-22 16:35:34.657 [info] > git show --textconv :docker-compose.yml [169ms]
2024-04-22 16:35:34.657 [info] > git ls-files --stage -- /home/louis/docker-compose.yml [128ms]
2024-04-22 16:35:34.798 [info] > git cat-file -s e0bf042fdf3a9ff48071fe1b9e91776969c2aabd [52ms]
2024-04-22 16:35:35.802 [info] > git config --get commit.template [46ms]
2024-04-22 16:35:35.804 [info] > git for-each-ref --format=%(refname)%00%(upstream:short)%00%(objectname)%00%(upstream:track)%00%(upstream:remotename)%00%(upstream:remoteref) refs/heads/main refs/remotes/main [3ms]
2024-04-22 16:35:36.331 [info] > git status -z -uall [479ms]
2024-04-22 16:35:41.405 [info] > git config --get commit.template [2ms]
2024-04-22 16:35:41.454 [info] > git for-each-ref --format=%(refname)%00%(upstream:short)%00%(objectname)%00%(upstream:track)%00%(upstream:remotename)%00%(upstream:remoteref) refs/heads/main refs/remotes/main [4ms]
2024-04-22 16:35:41.947 [info] > git status -z -uall [452ms]
2024-04-22 16:35:47.078 [info] > git config --get commit.template [49ms]
2024-04-22 16:35:47.079 [info] > git for-each-ref --format=%(refname)%00%(upstream:short)%00%(objectname)%00%(upstream:track)%00%(upstream:remotename)%00%(upstream:remoteref) refs/heads/main refs/remotes/main [4ms]
2024-04-22 16:35:47.537 [info] > git status -z -uall [415ms]
2024-04-22 16:35:52.650 [info] > git config --get commit.template [43ms]
2024-04-22 16:35:52.652 [info] > git for-each-ref --format=%(refname)%00%(upstream:short)%00%(objectname)%00%(upstream:track)%00%(upstream:remotename)%00%(upstream:remoteref) refs/heads/main refs/remotes/main [3ms]
2024-04-22 16:35:53.083 [info] > git status -z -uall [385ms]
2024-04-22 16:35:58.179 [info] > git config --get commit.template [37ms]
2024-04-22 16:35:58.182 [info] > git for-each-ref --format=%(refname)%00%(upstream:short)%00%(objectname)%00%(upstream:track)%00%(upstream:remotename)%00%(upstream:remoteref) refs/heads/main refs/remotes/main [3ms]
2024-04-22 16:35:58.612 [info] > git status -z -uall [389ms]
2024-04-22 16:36:03.737 [info] > git config --get commit.template [50ms]
2024-04-22 16:36:03.738 [info] > git for-each-ref --format=%(refname)%00%(upstream:short)%00%(objectname)%00%(upstream:track)%00%(upstream:remotename)%00%(upstream:remoteref) refs/heads/main refs/remotes/main [4ms]
2024-04-22 16:36:04.234 [info] > git status -z -uall [430ms]
2024-04-22 16:36:09.343 [info] > git config --get commit.template [45ms]
2024-04-22 16:36:09.345 [info] > git for-each-ref --format=%(refname)%00%(upstream:short)%00%(objectname)%00%(upstream:track)%00%(upstream:remotename)%00%(upstream:remoteref) refs/heads/main refs/remotes/main [3ms]
2024-04-22 16:36:09.760 [info] > git status -z -uall [362ms]
2024-04-22 16:36:14.860 [info] > git config --get commit.template [43ms]
2024-04-22 16:36:14.861 [info] > git for-each-ref --format=%(refname)%00%(upstream:short)%00%(objectname)%00%(upstream:track)%00%(upstream:remotename)%00%(upstream:remoteref) refs/heads/main refs/remotes/main [3ms]
2024-04-22 16:36:15.260 [info] > git status -z -uall [362ms]
2024-04-22 16:36:20.321 [info] > git config --get commit.template [3ms]
2024-04-22 16:36:20.363 [info] > git for-each-ref --format=%(refname)%00%(upstream:short)%00%(objectname)%00%(upstream:track)%00%(upstream:remotename)%00%(upstream:remoteref) refs/heads/main refs/remotes/main [3ms]
2024-04-22 16:36:20.890 [info] > git status -z -uall [474ms]
2024-04-22 16:36:25.998 [info] > git config --get commit.template [44ms]
2024-04-22 16:36:26.000 [info] > git for-each-ref --format=%(refname)%00%(upstream:short)%00%(objectname)%00%(upstream:track)%00%(upstream:remotename)%00%(upstream:remoteref) refs/heads/main refs/remotes/main [4ms]
2024-04-22 16:36:26.425 [info] > git status -z -uall [380ms]
2024-04-22 16:36:31.545 [info] > git config --get commit.template [51ms]
2024-04-22 16:36:31.546 [info] > git for-each-ref --format=%(refname)%00%(upstream:short)%00%(objectname)%00%(upstream:track)%00%(upstream:remotename)%00%(upstream:remoteref) refs/heads/main refs/remotes/main [3ms]
2024-04-22 16:36:31.988 [info] > git status -z -uall [400ms]
2024-04-22 16:36:37.099 [info] > git config --get commit.template [46ms]
2024-04-22 16:36:37.105 [info] > git for-each-ref --format=%(refname)%00%(upstream:short)%00%(objectname)%00%(upstream:track)%00%(upstream:remotename)%00%(upstream:remoteref) refs/heads/main refs/remotes/main [7ms]
2024-04-22 16:36:37.494 [info] > git show --textconv :ligue1-frontend/dockerfile [68ms]
2024-04-22 16:36:37.514 [info] > git ls-files --stage -- /home/louis/ligue1-frontend/dockerfile [31ms]
2024-04-22 16:36:37.558 [info] > git status -z -uall [411ms]
2024-04-22 16:36:37.584 [info] > git cat-file -s 8caab9e4fbe620d523ca3e5b487d7987fc63c66e [28ms]
2024-04-22 16:36:42.656 [info] > git config --get commit.template [40ms]
2024-04-22 16:36:42.659 [info] > git for-each-ref --format=%(refname)%00%(upstream:short)%00%(objectname)%00%(upstream:track)%00%(upstream:remotename)%00%(upstream:remoteref) refs/heads/main refs/remotes/main [5ms]
2024-04-22 16:36:43.122 [info] > git status -z -uall [404ms]
2024-04-22 16:36:46.398 [info] > git show --textconv :docker-compose.yml [50ms]
2024-04-22 16:36:46.417 [info] > git ls-files --stage -- /home/louis/docker-compose.yml [23ms]
2024-04-22 16:36:46.465 [info] > git cat-file -s e0bf042fdf3a9ff48071fe1b9e91776969c2aabd [3ms]
2024-04-22 16:36:48.181 [info] > git config --get commit.template [2ms]
2024-04-22 16:36:48.225 [info] > git for-each-ref --format=%(refname)%00%(upstream:short)%00%(objectname)%00%(upstream:track)%00%(upstream:remotename)%00%(upstream:remoteref) refs/heads/main refs/remotes/main [3ms]
2024-04-22 16:36:48.647 [info] > git status -z -uall [379ms]
2024-04-22 16:36:53.753 [info] > git config --get commit.template [45ms]
2024-04-22 16:36:53.755 [info] > git for-each-ref --format=%(refname)%00%(upstream:short)%00%(objectname)%00%(upstream:track)%00%(upstream:remotename)%00%(upstream:remoteref) refs/heads/main refs/remotes/main [3ms]
2024-04-22 16:36:54.167 [info] > git status -z -uall [369ms]
2024-04-22 16:36:59.270 [info] > git config --get commit.template [43ms]
2024-04-22 16:36:59.271 [info] > git for-each-ref --format=%(refname)%00%(upstream:short)%00%(objectname)%00%(upstream:track)%00%(upstream:remotename)%00%(upstream:remoteref) refs/heads/main refs/remotes/main [2ms]
2024-04-22 16:36:59.661 [info] > git status -z -uall [353ms]
2024-04-22 16:37:04.764 [info] > git config --get commit.template [44ms]
2024-04-22 16:37:04.769 [info] > git for-each-ref --format=%(refname)%00%(upstream:short)%00%(objectname)%00%(upstream:track)%00%(upstream:remotename)%00%(upstream:remoteref) refs/heads/main refs/remotes/main [6ms]
2024-04-22 16:37:05.192 [info] > git status -z -uall [377ms]
2024-04-22 16:37:10.306 [info] > git config --get commit.template [45ms]
2024-04-22 16:37:10.307 [info] > git for-each-ref --format=%(refname)%00%(upstream:short)%00%(objectname)%00%(upstream:track)%00%(upstream:remotename)%00%(upstream:remoteref) refs/heads/main refs/remotes/main [3ms]
2024-04-22 16:37:10.698 [info] > git status -z -uall [348ms]
2024-04-22 16:37:15.809 [info] > git config --get commit.template [45ms]
2024-04-22 16:37:15.810 [info] > git for-each-ref --format=%(refname)%00%(upstream:short)%00%(objectname)%00%(upstream:track)%00%(upstream:remotename)%00%(upstream:remoteref) refs/heads/main refs/remotes/main [3ms]
2024-04-22 16:37:16.227 [info] > git status -z -uall [377ms]
2024-04-22 16:37:21.339 [info] > git config --get commit.template [45ms]
2024-04-22 16:37:21.341 [info] > git for-each-ref --format=%(refname)%00%(upstream:short)%00%(objectname)%00%(upstream:track)%00%(upstream:remotename)%00%(upstream:remoteref) refs/heads/main refs/remotes/main [3ms]
2024-04-22 16:37:21.752 [info] > git status -z -uall [365ms]
2024-04-22 16:37:26.854 [info] > git config --get commit.template [41ms]
2024-04-22 16:37:26.856 [info] > git for-each-ref --format=%(refname)%00%(upstream:short)%00%(objectname)%00%(upstream:track)%00%(upstream:remotename)%00%(upstream:remoteref) refs/heads/main refs/remotes/main [3ms]
2024-04-22 16:37:27.244 [info] > git status -z -uall [352ms]
2024-04-22 16:37:32.337 [info] > git config --get commit.template [34ms]
2024-04-22 16:37:32.338 [info] > git for-each-ref --format=%(refname)%00%(upstream:short)%00%(objectname)%00%(upstream:track)%00%(upstream:remotename)%00%(upstream:remoteref) refs/heads/main refs/remotes/main [2ms]
2024-04-22 16:37:32.708 [info] > git status -z -uall [329ms]
2024-04-22 16:37:37.815 [info] > git config --get commit.template [42ms]
2024-04-22 16:37:37.817 [info] > git for-each-ref --format=%(refname)%00%(upstream:short)%00%(objectname)%00%(upstream:track)%00%(upstream:remotename)%00%(upstream:remoteref) refs/heads/main refs/remotes/main [3ms]
2024-04-22 16:37:38.212 [info] > git status -z -uall [353ms]
2024-04-22 16:37:43.278 [info] > git config --get commit.template [2ms]
2024-04-22 16:37:43.320 [info] > git for-each-ref --format=%(refname)%00%(upstream:short)%00%(objectname)%00%(upstream:track)%00%(upstream:remotename)%00%(upstream:remoteref) refs/heads/main refs/remotes/main [3ms]
2024-04-22 16:37:43.745 [info] > git status -z -uall [379ms]
2024-04-22 16:37:44.324 [info] > git show --textconv :ligue1-frontend/dockerfile [40ms]
2024-04-22 16:37:44.335 [info] > git ls-files --stage -- /home/louis/ligue1-frontend/dockerfile [13ms]
2024-04-22 16:37:44.384 [info] > git cat-file -s 8caab9e4fbe620d523ca3e5b487d7987fc63c66e [7ms]
2024-04-22 16:37:48.863 [info] > git config --get commit.template [43ms]
2024-04-22 16:37:48.865 [info] > git for-each-ref --format=%(refname)%00%(upstream:short)%00%(objectname)%00%(upstream:track)%00%(upstream:remotename)%00%(upstream:remoteref) refs/heads/main refs/remotes/main [3ms]
2024-04-22 16:37:49.295 [info] > git status -z -uall [389ms]
2024-04-22 16:37:54.408 [info] > git config --get commit.template [32ms]
2024-04-22 16:37:54.464 [info] > git for-each-ref --format=%(refname)%00%(upstream:short)%00%(objectname)%00%(upstream:track)%00%(upstream:remotename)%00%(upstream:remoteref) refs/heads/main refs/remotes/main [14ms]
2024-04-22 16:37:55.061 [info] > git status -z -uall [523ms]
2024-04-22 16:38:01.216 [info] > git config --get commit.template [4ms]
2024-04-22 16:38:01.267 [info] > git for-each-ref --format=%(refname)%00%(upstream:short)%00%(objectname)%00%(upstream:track)%00%(upstream:remotename)%00%(upstream:remoteref) refs/heads/main refs/remotes/main [4ms]
2024-04-22 16:38:01.752 [info] > git status -z -uall [436ms]
2024-04-22 16:38:12.976 [info] > git config --get commit.template [43ms]
2024-04-22 16:38:12.978 [info] > git for-each-ref --format=%(refname)%00%(upstream:short)%00%(objectname)%00%(upstream:track)%00%(upstream:remotename)%00%(upstream:remoteref) refs/heads/main refs/remotes/main [3ms]
2024-04-22 16:38:13.436 [info] > git status -z -uall [415ms]
2024-04-22 16:38:18.552 [info] > git config --get commit.template [43ms]
2024-04-22 16:38:18.554 [info] > git for-each-ref --format=%(refname)%00%(upstream:short)%00%(objectname)%00%(upstream:track)%00%(upstream:remotename)%00%(upstream:remoteref) refs/heads/main refs/remotes/main [4ms]
2024-04-22 16:38:18.997 [info] > git status -z -uall [401ms]
2024-04-22 16:38:24.130 [info] > git config --get commit.template [54ms]
2024-04-22 16:38:24.138 [info] > git for-each-ref --format=%(refname)%00%(upstream:short)%00%(objectname)%00%(upstream:track)%00%(upstream:remotename)%00%(upstream:remoteref) refs/heads/main refs/remotes/main [11ms]
2024-04-22 16:38:24.697 [info] > git status -z -uall [504ms]
2024-04-22 16:38:29.849 [info] > git config --get commit.template [4ms]
2024-04-22 16:38:29.954 [info] > git for-each-ref --format=%(refname)%00%(upstream:short)%00%(objectname)%00%(upstream:track)%00%(upstream:remotename)%00%(upstream:remoteref) refs/heads/main refs/remotes/main [2ms]
2024-04-22 16:38:31.097 [info] > git status -z -uall [1010ms]
2024-04-22 16:38:36.094 [info] > git show --textconv :docker-compose.yml [66ms]
2024-04-22 16:38:36.124 [info] > git ls-files --stage -- /home/louis/docker-compose.yml [34ms]
2024-04-22 16:38:36.219 [info] > git cat-file -s e0bf042fdf3a9ff48071fe1b9e91776969c2aabd [50ms]
2024-04-22 16:38:36.275 [info] > git config --get commit.template [58ms]
2024-04-22 16:38:36.277 [info] > git for-each-ref --format=%(refname)%00%(upstream:short)%00%(objectname)%00%(upstream:track)%00%(upstream:remotename)%00%(upstream:remoteref) refs/heads/main refs/remotes/main [8ms]
2024-04-22 16:38:36.996 [info] > git status -z -uall [638ms]
2024-04-22 16:38:42.161 [info] > git config --get commit.template [64ms]
2024-04-22 16:38:42.169 [info] > git for-each-ref --format=%(refname)%00%(upstream:short)%00%(objectname)%00%(upstream:track)%00%(upstream:remotename)%00%(upstream:remoteref) refs/heads/main refs/remotes/main [10ms]
2024-04-22 16:38:42.678 [info] > git status -z -uall [450ms]
2024-04-22 16:38:43.680 [info] > git show --textconv :ligue1-frontend/dockerfile [92ms]
2024-04-22 16:38:43.703 [info] > git ls-files --stage -- /home/louis/ligue1-frontend/dockerfile [53ms]
2024-04-22 16:38:43.803 [info] > git cat-file -s 8caab9e4fbe620d523ca3e5b487d7987fc63c66e [20ms]
2024-04-22 16:38:47.804 [info] > git config --get commit.template [44ms]
2024-04-22 16:38:47.807 [info] > git for-each-ref --format=%(refname)%00%(upstream:short)%00%(objectname)%00%(upstream:track)%00%(upstream:remotename)%00%(upstream:remoteref) refs/heads/main refs/remotes/main [4ms]
2024-04-22 16:38:48.293 [info] > git status -z -uall [445ms]
2024-04-22 16:38:53.442 [info] > git for-each-ref --format=%(refname)%00%(upstream:short)%00%(objectname)%00%(upstream:track)%00%(upstream:remotename)%00%(upstream:remoteref) refs/heads/main refs/remotes/main [8ms]
2024-04-22 16:38:53.443 [info] > git config --get commit.template [60ms]
2024-04-22 16:38:53.967 [info] > git status -z -uall [472ms]
2024-04-22 16:38:59.110 [info] > git config --get commit.template [53ms]
2024-04-22 16:38:59.115 [info] > git for-each-ref --format=%(refname)%00%(upstream:short)%00%(objectname)%00%(upstream:track)%00%(upstream:remotename)%00%(upstream:remoteref) refs/heads/main refs/remotes/main [6ms]
2024-04-22 16:38:59.645 [info] > git status -z -uall [446ms]
2024-04-22 16:39:04.801 [info] > git config --get commit.template [66ms]
2024-04-22 16:39:04.807 [info] > git for-each-ref --format=%(refname)%00%(upstream:short)%00%(objectname)%00%(upstream:track)%00%(upstream:remotename)%00%(upstream:remoteref) refs/heads/main refs/remotes/main [8ms]
2024-04-22 16:39:05.465 [info] > git status -z -uall [609ms]
2024-04-22 16:39:10.622 [info] > git config --get commit.template [55ms]
2024-04-22 16:39:10.629 [info] > git for-each-ref --format=%(refname)%00%(upstream:short)%00%(objectname)%00%(upstream:track)%00%(upstream:remotename)%00%(upstream:remoteref) refs/heads/main refs/remotes/main [8ms]
2024-04-22 16:39:11.235 [info] > git status -z -uall [540ms]
2024-04-22 16:39:16.382 [info] > git config --get commit.template [60ms]
2024-04-22 16:39:16.394 [info] > git for-each-ref --format=%(refname)%00%(upstream:short)%00%(objectname)%00%(upstream:track)%00%(upstream:remotename)%00%(upstream:remoteref) refs/heads/main refs/remotes/main [13ms]
2024-04-22 16:39:16.914 [info] > git status -z -uall [461ms]
2024-04-22 16:39:22.048 [info] > git config --get commit.template [47ms]
2024-04-22 16:39:22.052 [info] > git for-each-ref --format=%(refname)%00%(upstream:short)%00%(objectname)%00%(upstream:track)%00%(upstream:remotename)%00%(upstream:remoteref) refs/heads/main refs/remotes/main [6ms]
2024-04-22 16:39:22.537 [info] > git status -z -uall [436ms]
2024-04-22 16:39:27.674 [info] > git config --get commit.template [52ms]
2024-04-22 16:39:27.677 [info] > git for-each-ref --format=%(refname)%00%(upstream:short)%00%(objectname)%00%(upstream:track)%00%(upstream:remotename)%00%(upstream:remoteref) refs/heads/main refs/remotes/main [6ms]
2024-04-22 16:39:28.162 [info] > git status -z -uall [426ms]
2024-04-22 16:39:33.232 [info] > git config --get commit.template [2ms]
2024-04-22 16:39:33.270 [info] > git for-each-ref --format=%(refname)%00%(upstream:short)%00%(objectname)%00%(upstream:track)%00%(upstream:remotename)%00%(upstream:remoteref) refs/heads/main refs/remotes/main [2ms]
2024-04-22 16:39:34.698 [info] > git status -z -uall [1386ms]
2024-04-22 16:39:40.270 [info] > git config --get commit.template [49ms]
2024-04-22 16:39:40.275 [info] > git for-each-ref --format=%(refname)%00%(upstream:short)%00%(objectname)%00%(upstream:track)%00%(upstream:remotename)%00%(upstream:remoteref) refs/heads/main refs/remotes/main [6ms]
2024-04-22 16:39:40.799 [info] > git status -z -uall [477ms]
2024-04-22 16:39:45.877 [info] > git config --get commit.template [8ms]
2024-04-22 16:39:45.919 [info] > git for-each-ref --format=%(refname)%00%(upstream:short)%00%(objectname)%00%(upstream:track)%00%(upstream:remotename)%00%(upstream:remoteref) refs/heads/main refs/remotes/main [2ms]
2024-04-22 16:39:46.298 [info] > git status -z -uall [337ms]
2024-04-22 16:39:51.378 [info] > git config --get commit.template [3ms]
2024-04-22 16:39:51.430 [info] > git for-each-ref --format=%(refname)%00%(upstream:short)%00%(objectname)%00%(upstream:track)%00%(upstream:remotename)%00%(upstream:remoteref) refs/heads/main refs/remotes/main [3ms]
2024-04-22 16:39:51.831 [info] > git status -z -uall [353ms]
2024-04-22 16:39:58.681 [info] > git config --get commit.template [41ms]
2024-04-22 16:39:58.683 [info] > git for-each-ref --format=%(refname)%00%(upstream:short)%00%(objectname)%00%(upstream:track)%00%(upstream:remotename)%00%(upstream:remoteref) refs/heads/main refs/remotes/main [3ms]
2024-04-22 16:39:59.099 [info] > git status -z -uall [371ms]
2024-04-22 16:40:04.179 [info] > git config --get commit.template [9ms]
2024-04-22 16:40:04.239 [info] > git for-each-ref --format=%(refname)%00%(upstream:short)%00%(objectname)%00%(upstream:track)%00%(upstream:remotename)%00%(upstream:remoteref) refs/heads/main refs/remotes/main [3ms]
2024-04-22 16:40:04.697 [info] > git status -z -uall [409ms]
2024-04-22 16:40:09.829 [info] > git config --get commit.template [56ms]
2024-04-22 16:40:09.831 [info] > git for-each-ref --format=%(refname)%00%(upstream:short)%00%(objectname)%00%(upstream:track)%00%(upstream:remotename)%00%(upstream:remoteref) refs/heads/main refs/remotes/main [3ms]
2024-04-22 16:40:10.319 [info] > git status -z -uall [419ms]
2024-04-22 16:40:15.405 [info] > git config --get commit.template [3ms]
2024-04-22 16:40:15.457 [info] > git for-each-ref --format=%(refname)%00%(upstream:short)%00%(objectname)%00%(upstream:track)%00%(upstream:remotename)%00%(upstream:remoteref) refs/heads/main refs/remotes/main [4ms]
2024-04-22 16:40:16.003 [info] > git status -z -uall [488ms]
2024-04-22 16:40:21.153 [info] > git config --get commit.template [52ms]
2024-04-22 16:40:21.155 [info] > git for-each-ref --format=%(refname)%00%(upstream:short)%00%(objectname)%00%(upstream:track)%00%(upstream:remotename)%00%(upstream:remoteref) refs/heads/main refs/remotes/main [3ms]
2024-04-22 16:40:21.756 [info] > git status -z -uall [553ms]
2024-04-22 16:40:26.890 [info] > git config --get commit.template [49ms]
2024-04-22 16:40:26.891 [info] > git for-each-ref --format=%(refname)%00%(upstream:short)%00%(objectname)%00%(upstream:track)%00%(upstream:remotename)%00%(upstream:remoteref) refs/heads/main refs/remotes/main [3ms]
2024-04-22 16:40:27.329 [info] > git status -z -uall [395ms]
2024-04-22 16:40:32.403 [info] > git config --get commit.template [3ms]
2024-04-22 16:40:32.459 [info] > git for-each-ref --format=%(refname)%00%(upstream:short)%00%(objectname)%00%(upstream:track)%00%(upstream:remotename)%00%(upstream:remoteref) refs/heads/main refs/remotes/main [6ms]
2024-04-22 16:40:33.007 [info] > git status -z -uall [469ms]
2024-04-22 16:41:37.203 [info] > git config --get commit.template [51ms]
2024-04-22 16:41:37.208 [info] > git for-each-ref --format=%(refname)%00%(upstream:short)%00%(objectname)%00%(upstream:track)%00%(upstream:remotename)%00%(upstream:remoteref) refs/heads/main refs/remotes/main [6ms]
2024-04-22 16:41:37.724 [info] > git status -z -uall [466ms]
2024-04-22 16:41:42.835 [info] > git config --get commit.template [40ms]
2024-04-22 16:41:42.838 [info] > git for-each-ref --format=%(refname)%00%(upstream:short)%00%(objectname)%00%(upstream:track)%00%(upstream:remotename)%00%(upstream:remoteref) refs/heads/main refs/remotes/main [4ms]
2024-04-22 16:41:43.290 [info] > git status -z -uall [411ms]
