2024-05-13 07:13:05.771 [info] Log level: Info
2024-05-13 07:13:05.771 [info] Validating found git in: "git"
2024-05-13 07:13:05.771 [info] Using git "2.39.2" from "git"
2024-05-13 07:13:05.771 [info] > git rev-parse --show-toplevel [164ms]
2024-05-13 07:13:05.771 [info] > git rev-parse --git-dir --git-common-dir [10ms]
2024-05-13 07:13:05.771 [info] Open repository: /home/louis
2024-05-13 07:13:05.775 [info] > git config --get commit.template [36ms]
2024-05-13 07:13:05.821 [info] > git rev-parse --show-toplevel [50ms]
2024-05-13 07:13:05.873 [info] > git for-each-ref --format=%(refname)%00%(upstream:short)%00%(objectname)%00%(upstream:track)%00%(upstream:remotename)%00%(upstream:remoteref) refs/heads/main refs/remotes/main [59ms]
2024-05-13 07:13:05.905 [info] > git rev-parse --show-toplevel [32ms]
2024-05-13 07:13:05.993 [info] > git rev-parse --show-toplevel [14ms]
2024-05-13 07:13:06.026 [info] > git rev-parse --show-toplevel [4ms]
2024-05-13 07:13:06.243 [info] > git rev-parse --show-toplevel [185ms]
2024-05-13 07:13:08.691 [info] > git rev-parse --show-toplevel [2435ms]
2024-05-13 07:13:08.812 [info] > git rev-parse --show-toplevel [45ms]
2024-05-13 07:13:09.140 [info] > git rev-parse --show-toplevel [126ms]
2024-05-13 07:13:09.213 [info] > git rev-parse --show-toplevel [6ms]
2024-05-13 07:13:09.253 [info] > git check-ignore -v -z --stdin [540ms]
2024-05-13 07:13:09.258 [info] > git rev-parse --show-toplevel [7ms]
2024-05-13 07:13:09.319 [info] > git rev-parse --show-toplevel [25ms]
2024-05-13 07:13:09.345 [info] > git rev-parse --show-toplevel [3ms]
2024-05-13 07:13:09.365 [info] > git rev-parse --show-toplevel [3ms]
2024-05-13 07:13:10.375 [info] > git show --textconv :ligue1-frontend/src/components/Header/Header.js [62ms]
2024-05-13 07:13:10.376 [info] > git ls-files --stage -- /home/louis/ligue1-frontend/src/components/Header/Header.js [42ms]
2024-05-13 07:13:10.399 [info] > git cat-file -s 6db0361423a58588fa396224dab348b9be607485 [4ms]
2024-05-13 07:13:14.028 [info] > git status -z -uall [8125ms]
2024-05-13 07:13:15.642 [info] > git merge-base refs/heads/main refs/remotes/origin/main [1354ms]
2024-05-13 07:13:16.074 [info] > git config --get commit.template [497ms]
2024-05-13 07:13:16.086 [info] > git rev-list --count --left-right refs/heads/main...refs/remotes/origin/main [408ms]
2024-05-13 07:13:16.161 [info] > git diff --name-status -z --diff-filter=ADMR 016921bdb49c091c7a583b20acbbadb709a9c4fb...refs/remotes/origin/main [43ms]
2024-05-13 07:13:16.191 [info] > git for-each-ref --format=%(refname)%00%(upstream:short)%00%(objectname)%00%(upstream:track)%00%(upstream:remotename)%00%(upstream:remoteref) refs/heads/main refs/remotes/main [41ms]
2024-05-13 07:13:19.449 [info] > git status -z -uall [3215ms]
2024-05-13 07:13:27.346 [info] > git config --get commit.template [2ms]
2024-05-13 07:13:27.408 [info] > git for-each-ref --format=%(refname)%00%(upstream:short)%00%(objectname)%00%(upstream:track)%00%(upstream:remotename)%00%(upstream:remoteref) refs/heads/main refs/remotes/main [2ms]
2024-05-13 07:13:31.956 [info] > git status -z -uall [4496ms]
2024-05-13 07:13:37.260 [info] > git config --get commit.template [63ms]
2024-05-13 07:13:37.272 [info] > git for-each-ref --format=%(refname)%00%(upstream:short)%00%(objectname)%00%(upstream:track)%00%(upstream:remotename)%00%(upstream:remoteref) refs/heads/main refs/remotes/main [13ms]
2024-05-13 07:13:39.428 [info] > git status -z -uall [2073ms]
2024-05-13 07:13:40.129 [info] > git check-ignore -v -z --stdin [28ms]
2024-05-13 07:13:41.062 [info] > git check-ignore -v -z --stdin [15ms]
2024-05-13 07:13:41.664 [info] > git check-ignore -v -z --stdin [20ms]
2024-05-13 07:13:44.562 [info] > git config --get commit.template [33ms]
2024-05-13 07:13:44.563 [info] > git for-each-ref --format=%(refname)%00%(upstream:short)%00%(objectname)%00%(upstream:track)%00%(upstream:remotename)%00%(upstream:remoteref) refs/heads/main refs/remotes/main [3ms]
2024-05-13 07:13:46.412 [info] > git status -z -uall [1817ms]
2024-05-13 07:13:47.425 [info] > git show --textconv :ligue1-frontend/src/pages/Equipe/Equipe.js [58ms]
2024-05-13 07:13:47.443 [info] > git ls-files --stage -- /home/louis/ligue1-frontend/src/pages/Equipe/Equipe.js [24ms]
2024-05-13 07:13:47.483 [info] > git cat-file -s 2bd732841bb59c8353279b38e22a90bd614ab652 [4ms]
2024-05-13 07:13:48.225 [info] > git check-ignore -v -z --stdin [37ms]
2024-05-13 07:13:49.394 [info] > git check-ignore -v -z --stdin [17ms]
2024-05-13 07:13:51.548 [info] > git config --get commit.template [38ms]
2024-05-13 07:13:51.551 [info] > git for-each-ref --format=%(refname)%00%(upstream:short)%00%(objectname)%00%(upstream:track)%00%(upstream:remotename)%00%(upstream:remoteref) refs/heads/main refs/remotes/main [4ms]
2024-05-13 07:13:53.636 [info] > git status -z -uall [2051ms]
2024-05-13 07:13:53.736 [info] > git show --textconv :ligue1-frontend/src/pages/ShowEquipe/ShowEquipe.js [181ms]
2024-05-13 07:13:53.749 [info] > git ls-files --stage -- /home/louis/ligue1-frontend/src/pages/ShowEquipe/ShowEquipe.js [118ms]
2024-05-13 07:13:54.562 [info] > git cat-file -s 207ecdbcd3a71e8f77224a4cf321864c152c48ce [762ms]
2024-05-13 07:13:58.825 [info] > git config --get commit.template [47ms]
2024-05-13 07:13:58.825 [info] > git for-each-ref --format=%(refname)%00%(upstream:short)%00%(objectname)%00%(upstream:track)%00%(upstream:remotename)%00%(upstream:remoteref) refs/heads/main refs/remotes/main [2ms]
2024-05-13 07:14:00.600 [info] > git status -z -uall [1740ms]
2024-05-13 07:14:05.721 [info] > git config --get commit.template [33ms]
2024-05-13 07:14:05.725 [info] > git for-each-ref --format=%(refname)%00%(upstream:short)%00%(objectname)%00%(upstream:track)%00%(upstream:remotename)%00%(upstream:remoteref) refs/heads/main refs/remotes/main [6ms]
2024-05-13 07:14:07.453 [info] > git status -z -uall [1699ms]
2024-05-13 07:14:12.587 [info] > git config --get commit.template [41ms]
2024-05-13 07:14:12.588 [info] > git for-each-ref --format=%(refname)%00%(upstream:short)%00%(objectname)%00%(upstream:track)%00%(upstream:remotename)%00%(upstream:remoteref) refs/heads/main refs/remotes/main [3ms]
2024-05-13 07:14:14.402 [info] > git status -z -uall [1779ms]
2024-05-13 07:14:19.510 [info] > git config --get commit.template [2ms]
2024-05-13 07:14:19.548 [info] > git for-each-ref --format=%(refname)%00%(upstream:short)%00%(objectname)%00%(upstream:track)%00%(upstream:remotename)%00%(upstream:remoteref) refs/heads/main refs/remotes/main [4ms]
2024-05-13 07:14:21.214 [info] > git status -z -uall [1627ms]
2024-05-13 07:14:26.362 [info] > git config --get commit.template [37ms]
2024-05-13 07:14:26.363 [info] > git for-each-ref --format=%(refname)%00%(upstream:short)%00%(objectname)%00%(upstream:track)%00%(upstream:remotename)%00%(upstream:remoteref) refs/heads/main refs/remotes/main [3ms]
2024-05-13 07:14:28.167 [info] > git status -z -uall [1768ms]
2024-05-13 07:14:33.270 [info] > git config --get commit.template [2ms]
2024-05-13 07:14:33.335 [info] > git for-each-ref --format=%(refname)%00%(upstream:short)%00%(objectname)%00%(upstream:track)%00%(upstream:remotename)%00%(upstream:remoteref) refs/heads/main refs/remotes/main [1ms]
2024-05-13 07:14:35.147 [info] > git status -z -uall [1764ms]
2024-05-13 07:14:40.311 [info] > git config --get commit.template [33ms]
2024-05-13 07:14:40.313 [info] > git for-each-ref --format=%(refname)%00%(upstream:short)%00%(objectname)%00%(upstream:track)%00%(upstream:remotename)%00%(upstream:remoteref) refs/heads/main refs/remotes/main [3ms]
2024-05-13 07:14:42.110 [info] > git status -z -uall [1761ms]
2024-05-13 07:14:47.233 [info] > git config --get commit.template [34ms]
2024-05-13 07:14:47.233 [info] > git for-each-ref --format=%(refname)%00%(upstream:short)%00%(objectname)%00%(upstream:track)%00%(upstream:remotename)%00%(upstream:remoteref) refs/heads/main refs/remotes/main [2ms]
2024-05-13 07:14:49.268 [info] > git status -z -uall [2003ms]
2024-05-13 07:14:54.353 [info] > git config --get commit.template [2ms]
2024-05-13 07:14:54.387 [info] > git for-each-ref --format=%(refname)%00%(upstream:short)%00%(objectname)%00%(upstream:track)%00%(upstream:remotename)%00%(upstream:remoteref) refs/heads/main refs/remotes/main [3ms]
2024-05-13 07:14:56.085 [info] > git status -z -uall [1664ms]
2024-05-13 07:15:01.202 [info] > git config --get commit.template [33ms]
2024-05-13 07:15:01.203 [info] > git for-each-ref --format=%(refname)%00%(upstream:short)%00%(objectname)%00%(upstream:track)%00%(upstream:remotename)%00%(upstream:remoteref) refs/heads/main refs/remotes/main [3ms]
2024-05-13 07:15:03.251 [info] > git status -z -uall [2014ms]
2024-05-13 07:15:08.466 [info] > git config --get commit.template [42ms]
2024-05-13 07:15:08.467 [info] > git for-each-ref --format=%(refname)%00%(upstream:short)%00%(objectname)%00%(upstream:track)%00%(upstream:remotename)%00%(upstream:remoteref) refs/heads/main refs/remotes/main [3ms]
2024-05-13 07:15:10.255 [info] > git status -z -uall [1748ms]
2024-05-13 07:15:15.380 [info] > git config --get commit.template [40ms]
2024-05-13 07:15:15.381 [info] > git for-each-ref --format=%(refname)%00%(upstream:short)%00%(objectname)%00%(upstream:track)%00%(upstream:remotename)%00%(upstream:remoteref) refs/heads/main refs/remotes/main [3ms]
2024-05-13 07:15:17.144 [info] > git status -z -uall [1722ms]
2024-05-13 07:15:22.261 [info] > git config --get commit.template [34ms]
2024-05-13 07:15:22.263 [info] > git for-each-ref --format=%(refname)%00%(upstream:short)%00%(objectname)%00%(upstream:track)%00%(upstream:remotename)%00%(upstream:remoteref) refs/heads/main refs/remotes/main [3ms]
2024-05-13 07:15:23.937 [info] > git status -z -uall [1645ms]
2024-05-13 07:15:29.064 [info] > git config --get commit.template [37ms]
2024-05-13 07:15:29.065 [info] > git for-each-ref --format=%(refname)%00%(upstream:short)%00%(objectname)%00%(upstream:track)%00%(upstream:remotename)%00%(upstream:remoteref) refs/heads/main refs/remotes/main [3ms]
2024-05-13 07:15:30.830 [info] > git status -z -uall [1727ms]
2024-05-13 07:17:02.896 [info] > git for-each-ref --format=%(refname)%00%(upstream:short)%00%(objectname)%00%(upstream:track)%00%(upstream:remotename)%00%(upstream:remoteref) refs/heads/main refs/remotes/main [5ms]
2024-05-13 07:17:02.897 [info] > git config --get commit.template [40ms]
2024-05-13 07:17:04.994 [info] > git status -z -uall [2063ms]
2024-05-13 07:17:10.147 [info] > git config --get commit.template [2ms]
2024-05-13 07:17:10.181 [info] > git for-each-ref --format=%(refname)%00%(upstream:short)%00%(objectname)%00%(upstream:track)%00%(upstream:remotename)%00%(upstream:remoteref) refs/heads/main refs/remotes/main [2ms]
2024-05-13 07:17:11.918 [info] > git status -z -uall [1701ms]
2024-05-13 07:17:17.031 [info] > git config --get commit.template [1ms]
2024-05-13 07:17:17.064 [info] > git for-each-ref --format=%(refname)%00%(upstream:short)%00%(objectname)%00%(upstream:track)%00%(upstream:remotename)%00%(upstream:remoteref) refs/heads/main refs/remotes/main [3ms]
2024-05-13 07:17:18.794 [info] > git status -z -uall [1697ms]
2024-05-13 07:17:23.913 [info] > git config --get commit.template [34ms]
2024-05-13 07:17:23.922 [info] > git for-each-ref --format=%(refname)%00%(upstream:short)%00%(objectname)%00%(upstream:track)%00%(upstream:remotename)%00%(upstream:remoteref) refs/heads/main refs/remotes/main [11ms]
2024-05-13 07:17:25.667 [info] > git status -z -uall [1712ms]
2024-05-13 07:17:30.750 [info] > git config --get commit.template [3ms]
2024-05-13 07:17:30.782 [info] > git for-each-ref --format=%(refname)%00%(upstream:short)%00%(objectname)%00%(upstream:track)%00%(upstream:remotename)%00%(upstream:remoteref) refs/heads/main refs/remotes/main [3ms]
2024-05-13 07:17:32.457 [info] > git status -z -uall [1640ms]
2024-05-13 07:23:49.391 [info] > git config --get commit.template [35ms]
2024-05-13 07:23:49.392 [info] > git for-each-ref --format=%(refname)%00%(upstream:short)%00%(objectname)%00%(upstream:track)%00%(upstream:remotename)%00%(upstream:remoteref) refs/heads/main refs/remotes/main [4ms]
2024-05-13 07:23:51.200 [info] > git status -z -uall [1768ms]
2024-05-13 07:23:56.326 [info] > git config --get commit.template [2ms]
2024-05-13 07:23:56.362 [info] > git for-each-ref --format=%(refname)%00%(upstream:short)%00%(objectname)%00%(upstream:track)%00%(upstream:remotename)%00%(upstream:remoteref) refs/heads/main refs/remotes/main [3ms]
2024-05-13 07:23:58.168 [info] > git status -z -uall [1765ms]
2024-05-13 07:24:03.478 [info] > git config --get commit.template [50ms]
2024-05-13 07:24:03.482 [info] > git for-each-ref --format=%(refname)%00%(upstream:short)%00%(objectname)%00%(upstream:track)%00%(upstream:remotename)%00%(upstream:remoteref) refs/heads/main refs/remotes/main [6ms]
2024-05-13 07:24:04.189 [info] > git ls-files --stage -- /home/louis/ligue1-frontend/src/pages/ShowEquipe/ShowEquipe.js [3ms]
2024-05-13 07:24:04.257 [info] > git cat-file -s 207ecdbcd3a71e8f77224a4cf321864c152c48ce [4ms]
2024-05-13 07:24:04.404 [info] > git show --textconv :ligue1-frontend/src/pages/ShowEquipe/ShowEquipe.js [30ms]
2024-05-13 07:24:06.238 [info] > git status -z -uall [2713ms]
2024-05-13 07:24:11.384 [info] > git config --get commit.template [43ms]
2024-05-13 07:24:11.385 [info] > git for-each-ref --format=%(refname)%00%(upstream:short)%00%(objectname)%00%(upstream:track)%00%(upstream:remotename)%00%(upstream:remoteref) refs/heads/main refs/remotes/main [3ms]
2024-05-13 07:24:13.524 [info] > git status -z -uall [2072ms]
2024-05-13 07:24:18.636 [info] > git config --get commit.template [25ms]
2024-05-13 07:24:18.637 [info] > git for-each-ref --format=%(refname)%00%(upstream:short)%00%(objectname)%00%(upstream:track)%00%(upstream:remotename)%00%(upstream:remoteref) refs/heads/main refs/remotes/main [2ms]
2024-05-13 07:24:20.712 [info] > git status -z -uall [2047ms]
2024-05-13 07:24:25.852 [info] > git config --get commit.template [28ms]
2024-05-13 07:24:25.853 [info] > git for-each-ref --format=%(refname)%00%(upstream:short)%00%(objectname)%00%(upstream:track)%00%(upstream:remotename)%00%(upstream:remoteref) refs/heads/main refs/remotes/main [2ms]
2024-05-13 07:24:27.943 [info] > git status -z -uall [2062ms]
2024-05-13 07:24:33.080 [info] > git config --get commit.template [35ms]
2024-05-13 07:24:33.082 [info] > git for-each-ref --format=%(refname)%00%(upstream:short)%00%(objectname)%00%(upstream:track)%00%(upstream:remotename)%00%(upstream:remoteref) refs/heads/main refs/remotes/main [3ms]
2024-05-13 07:24:35.288 [info] > git status -z -uall [2178ms]
2024-05-13 07:24:40.411 [info] > git config --get commit.template [33ms]
2024-05-13 07:24:40.412 [info] > git for-each-ref --format=%(refname)%00%(upstream:short)%00%(objectname)%00%(upstream:track)%00%(upstream:remotename)%00%(upstream:remoteref) refs/heads/main refs/remotes/main [3ms]
2024-05-13 07:24:42.425 [info] > git status -z -uall [1985ms]
2024-05-13 07:24:47.548 [info] > git config --get commit.template [33ms]
2024-05-13 07:24:47.549 [info] > git for-each-ref --format=%(refname)%00%(upstream:short)%00%(objectname)%00%(upstream:track)%00%(upstream:remotename)%00%(upstream:remoteref) refs/heads/main refs/remotes/main [2ms]
2024-05-13 07:24:49.770 [info] > git status -z -uall [2189ms]
2024-05-13 07:24:51.794 [info] > git ls-files --stage -- /home/louis/ligue1-frontend/src/pages/ShowEquipe/ShowEquipe.js [14ms]
2024-05-13 07:24:51.828 [info] > git cat-file -s 207ecdbcd3a71e8f77224a4cf321864c152c48ce [5ms]
2024-05-13 07:24:51.957 [info] > git show --textconv :ligue1-frontend/src/pages/ShowEquipe/ShowEquipe.js [19ms]
2024-05-13 07:25:01.943 [info] > git config --get commit.template [57ms]
2024-05-13 07:25:01.943 [info] > git for-each-ref --format=%(refname)%00%(upstream:short)%00%(objectname)%00%(upstream:track)%00%(upstream:remotename)%00%(upstream:remoteref) refs/heads/main refs/remotes/main [11ms]
2024-05-13 07:25:02.394 [info] > git status -z -uall [406ms]
2024-05-13 07:25:02.479 [info] > git merge-base refs/heads/main refs/remotes/origin/main [23ms]
2024-05-13 07:25:02.525 [info] > git rev-list --count --left-right refs/heads/main...refs/remotes/origin/main [9ms]
2024-05-13 07:25:02.568 [info] > git diff --name-status -z --diff-filter=ADMR 016921bdb49c091c7a583b20acbbadb709a9c4fb...refs/remotes/origin/main [5ms]
2024-05-13 07:25:07.553 [info] > git config --get commit.template [37ms]
2024-05-13 07:25:07.559 [info] > git for-each-ref --format=%(refname)%00%(upstream:short)%00%(objectname)%00%(upstream:track)%00%(upstream:remotename)%00%(upstream:remoteref) refs/heads/main refs/remotes/main [7ms]
2024-05-13 07:25:07.937 [info] > git status -z -uall [344ms]
2024-05-13 07:25:13.016 [info] > git config --get commit.template [38ms]
2024-05-13 07:25:13.021 [info] > git for-each-ref --format=%(refname)%00%(upstream:short)%00%(objectname)%00%(upstream:track)%00%(upstream:remotename)%00%(upstream:remoteref) refs/heads/main refs/remotes/main [7ms]
2024-05-13 07:25:13.397 [info] > git status -z -uall [339ms]
2024-05-13 07:25:18.483 [info] > git config --get commit.template [37ms]
2024-05-13 07:25:18.489 [info] > git for-each-ref --format=%(refname)%00%(upstream:short)%00%(objectname)%00%(upstream:track)%00%(upstream:remotename)%00%(upstream:remoteref) refs/heads/main refs/remotes/main [11ms]
2024-05-13 07:25:18.853 [info] > git status -z -uall [330ms]
2024-05-13 07:25:21.687 [info] > git ls-files --stage -- /home/louis/ligue1-frontend/src/pages/ShowEquipe/ShowEquipe.js [13ms]
2024-05-13 07:25:21.729 [info] > git cat-file -s 207ecdbcd3a71e8f77224a4cf321864c152c48ce [2ms]
2024-05-13 07:25:22.472 [info] > git show --textconv :ligue1-frontend/src/pages/ShowEquipe/ShowEquipe.js [22ms]
2024-05-13 07:25:23.937 [info] > git config --get commit.template [36ms]
2024-05-13 07:25:23.939 [info] > git for-each-ref --format=%(refname)%00%(upstream:short)%00%(objectname)%00%(upstream:track)%00%(upstream:remotename)%00%(upstream:remoteref) refs/heads/main refs/remotes/main [4ms]
2024-05-13 07:25:24.291 [info] > git status -z -uall [311ms]
2024-05-13 07:25:24.341 [info] > git merge-base refs/heads/main refs/remotes/origin/main [7ms]
2024-05-13 07:25:24.379 [info] > git rev-list --count --left-right refs/heads/main...refs/remotes/origin/main [5ms]
2024-05-13 07:25:24.416 [info] > git diff --name-status -z --diff-filter=ADMR c39fbc83ba21de7cd455ff8891e187b85d4fc759...refs/remotes/origin/main [3ms]
2024-05-13 07:25:52.559 [info] > git config --get commit.template [2ms]
2024-05-13 07:25:52.599 [info] > git for-each-ref --format=%(refname)%00%(upstream:short)%00%(objectname)%00%(upstream:track)%00%(upstream:remotename)%00%(upstream:remoteref) refs/heads/main refs/remotes/main [6ms]
2024-05-13 07:25:52.957 [info] > git status -z -uall [321ms]
2024-05-13 07:26:04.662 [info] > git check-ignore -v -z --stdin [18ms]
2024-05-13 07:26:07.548 [info] > git check-ignore -v -z --stdin [17ms]
2024-05-13 07:26:14.381 [info] > git config --get commit.template [2ms]
2024-05-13 07:26:14.415 [info] > git for-each-ref --format=%(refname)%00%(upstream:short)%00%(objectname)%00%(upstream:track)%00%(upstream:remotename)%00%(upstream:remoteref) refs/heads/main refs/remotes/main [3ms]
2024-05-13 07:26:14.816 [info] > git status -z -uall [364ms]
2024-05-13 07:26:17.083 [info] > git check-ignore -v -z --stdin [25ms]
2024-05-13 07:26:19.863 [info] > git config --get commit.template [4ms]
2024-05-13 07:26:19.898 [info] > git for-each-ref --format=%(refname)%00%(upstream:short)%00%(objectname)%00%(upstream:track)%00%(upstream:remotename)%00%(upstream:remoteref) refs/heads/main refs/remotes/main [5ms]
2024-05-13 07:26:20.196 [info] > git check-ignore -v -z --stdin [48ms]
2024-05-13 07:26:20.260 [info] > git status -z -uall [329ms]
2024-05-13 07:26:21.839 [info] > git check-ignore -v -z --stdin [25ms]
2024-05-13 07:26:25.328 [info] > git config --get commit.template [30ms]
2024-05-13 07:26:25.329 [info] > git for-each-ref --format=%(refname)%00%(upstream:short)%00%(objectname)%00%(upstream:track)%00%(upstream:remotename)%00%(upstream:remoteref) refs/heads/main refs/remotes/main [2ms]
2024-05-13 07:26:25.703 [info] > git status -z -uall [345ms]
2024-05-13 07:26:30.765 [info] > git config --get commit.template [29ms]
2024-05-13 07:26:30.767 [info] > git for-each-ref --format=%(refname)%00%(upstream:short)%00%(objectname)%00%(upstream:track)%00%(upstream:remotename)%00%(upstream:remoteref) refs/heads/main refs/remotes/main [3ms]
2024-05-13 07:26:31.123 [info] > git status -z -uall [312ms]
2024-05-13 07:26:36.188 [info] > git config --get commit.template [30ms]
2024-05-13 07:26:36.189 [info] > git for-each-ref --format=%(refname)%00%(upstream:short)%00%(objectname)%00%(upstream:track)%00%(upstream:remotename)%00%(upstream:remoteref) refs/heads/main refs/remotes/main [3ms]
2024-05-13 07:26:36.528 [info] > git status -z -uall [310ms]
2024-05-13 07:26:41.561 [info] > git config --get commit.template [3ms]
2024-05-13 07:26:41.584 [info] > git for-each-ref --format=%(refname)%00%(upstream:short)%00%(objectname)%00%(upstream:track)%00%(upstream:remotename)%00%(upstream:remoteref) refs/heads/main refs/remotes/main [2ms]
2024-05-13 07:26:41.899 [info] > git status -z -uall [289ms]
2024-05-13 07:26:46.937 [info] > git config --get commit.template [2ms]
2024-05-13 07:26:46.970 [info] > git for-each-ref --format=%(refname)%00%(upstream:short)%00%(objectname)%00%(upstream:track)%00%(upstream:remotename)%00%(upstream:remoteref) refs/heads/main refs/remotes/main [3ms]
2024-05-13 07:26:47.349 [info] > git status -z -uall [347ms]
2024-05-13 07:26:52.426 [info] > git config --get commit.template [38ms]
2024-05-13 07:26:52.427 [info] > git for-each-ref --format=%(refname)%00%(upstream:short)%00%(objectname)%00%(upstream:track)%00%(upstream:remotename)%00%(upstream:remoteref) refs/heads/main refs/remotes/main [6ms]
2024-05-13 07:26:52.776 [info] > git status -z -uall [322ms]
2024-05-13 07:27:01.612 [info] > git config --get commit.template [2ms]
2024-05-13 07:27:01.645 [info] > git for-each-ref --format=%(refname)%00%(upstream:short)%00%(objectname)%00%(upstream:track)%00%(upstream:remotename)%00%(upstream:remoteref) refs/heads/main refs/remotes/main [3ms]
2024-05-13 07:27:02.105 [info] > git status -z -uall [417ms]
2024-05-13 07:27:11.999 [info] > git config --get commit.template [28ms]
2024-05-13 07:27:12.003 [info] > git for-each-ref --format=%(refname)%00%(upstream:short)%00%(objectname)%00%(upstream:track)%00%(upstream:remotename)%00%(upstream:remoteref) refs/heads/main refs/remotes/main [6ms]
2024-05-13 07:27:12.328 [info] > git status -z -uall [295ms]
2024-05-13 07:27:18.965 [info] > git config --get commit.template [2ms]
2024-05-13 07:27:18.998 [info] > git for-each-ref --format=%(refname)%00%(upstream:short)%00%(objectname)%00%(upstream:track)%00%(upstream:remotename)%00%(upstream:remoteref) refs/heads/main refs/remotes/main [3ms]
2024-05-13 07:27:19.341 [info] > git status -z -uall [313ms]
2024-05-13 07:27:26.561 [info] > git config --get commit.template [30ms]
2024-05-13 07:27:26.562 [info] > git for-each-ref --format=%(refname)%00%(upstream:short)%00%(objectname)%00%(upstream:track)%00%(upstream:remotename)%00%(upstream:remoteref) refs/heads/main refs/remotes/main [3ms]
2024-05-13 07:27:26.945 [info] > git status -z -uall [325ms]
2024-05-13 07:27:31.979 [info] > git config --get commit.template [4ms]
2024-05-13 07:27:32.015 [info] > git for-each-ref --format=%(refname)%00%(upstream:short)%00%(objectname)%00%(upstream:track)%00%(upstream:remotename)%00%(upstream:remoteref) refs/heads/main refs/remotes/main [3ms]
2024-05-13 07:27:32.341 [info] > git status -z -uall [290ms]
2024-05-13 07:27:37.424 [info] > git config --get commit.template [38ms]
2024-05-13 07:27:37.426 [info] > git for-each-ref --format=%(refname)%00%(upstream:short)%00%(objectname)%00%(upstream:track)%00%(upstream:remotename)%00%(upstream:remoteref) refs/heads/main refs/remotes/main [3ms]
2024-05-13 07:27:37.784 [info] > git status -z -uall [319ms]
2024-05-13 07:28:19.378 [info] > git config --get commit.template [25ms]
2024-05-13 07:28:19.379 [info] > git for-each-ref --format=%(refname)%00%(upstream:short)%00%(objectname)%00%(upstream:track)%00%(upstream:remotename)%00%(upstream:remoteref) refs/heads/main refs/remotes/main [3ms]
2024-05-13 07:28:19.711 [info] > git status -z -uall [304ms]
2024-05-13 07:29:04.738 [info] > git config --get commit.template [4ms]
2024-05-13 07:29:04.790 [info] > git for-each-ref --format=%(refname)%00%(upstream:short)%00%(objectname)%00%(upstream:track)%00%(upstream:remotename)%00%(upstream:remoteref) refs/heads/main refs/remotes/main [10ms]
2024-05-13 07:29:05.137 [info] > git status -z -uall [321ms]
2024-05-13 07:29:11.280 [info] > git config --get commit.template [33ms]
2024-05-13 07:29:11.282 [info] > git for-each-ref --format=%(refname)%00%(upstream:short)%00%(objectname)%00%(upstream:track)%00%(upstream:remotename)%00%(upstream:remoteref) refs/heads/main refs/remotes/main [4ms]
2024-05-13 07:29:11.598 [info] > git status -z -uall [288ms]
2024-05-13 07:30:15.412 [info] > git config --get commit.template [35ms]
2024-05-13 07:30:15.414 [info] > git for-each-ref --format=%(refname)%00%(upstream:short)%00%(objectname)%00%(upstream:track)%00%(upstream:remotename)%00%(upstream:remoteref) refs/heads/main refs/remotes/main [3ms]
2024-05-13 07:30:15.767 [info] > git status -z -uall [324ms]
2024-05-13 07:32:07.128 [info] > git config --get commit.template [41ms]
2024-05-13 07:32:07.130 [info] > git for-each-ref --format=%(refname)%00%(upstream:short)%00%(objectname)%00%(upstream:track)%00%(upstream:remotename)%00%(upstream:remoteref) refs/heads/main refs/remotes/main [3ms]
2024-05-13 07:32:07.465 [info] > git status -z -uall [306ms]
2024-05-13 07:32:11.911 [info] > git show --textconv :ligue1-frontend/src/pages/HomePage/HomePage.js [51ms]
2024-05-13 07:32:11.938 [info] > git ls-files --stage -- /home/louis/ligue1-frontend/src/pages/HomePage/HomePage.js [27ms]
2024-05-13 07:32:11.975 [info] > git cat-file -s bd49ddd6dba42c942ac2ae53fa4453ccd240960a [11ms]
2024-05-13 07:32:12.550 [info] > git config --get commit.template [49ms]
2024-05-13 07:32:12.555 [info] > git for-each-ref --format=%(refname)%00%(upstream:short)%00%(objectname)%00%(upstream:track)%00%(upstream:remotename)%00%(upstream:remoteref) refs/heads/main refs/remotes/main [6ms]
2024-05-13 07:32:13.355 [info] > git status -z -uall [716ms]
