2024-04-23 07:54:49.736 [info] Log level: Info
2024-04-23 07:54:49.736 [info] Validating found git in: "git"
2024-04-23 07:54:49.736 [info] Using git "2.39.2" from "git"
2024-04-23 07:54:49.736 [info] > git rev-parse --show-toplevel [18ms]
2024-04-23 07:54:49.754 [info] > git rev-parse --git-dir --git-common-dir [95ms]
2024-04-23 07:54:49.809 [info] Open repository: /home/louis
2024-04-23 07:54:49.905 [info] > git config --get commit.template [32ms]
2024-04-23 07:54:49.949 [info] > git rev-parse --show-toplevel [52ms]
2024-04-23 07:54:50.021 [info] > git for-each-ref --format=%(refname)%00%(upstream:short)%00%(objectname)%00%(upstream:track)%00%(upstream:remotename)%00%(upstream:remoteref) refs/heads/main refs/remotes/main [75ms]
2024-04-23 07:54:50.044 [info] > git rev-parse --show-toplevel [24ms]
2024-04-23 07:54:50.221 [info] > git rev-parse --show-toplevel [78ms]
2024-04-23 07:54:50.573 [info] > git rev-parse --show-toplevel [268ms]
2024-04-23 07:54:51.534 [info] > git status -z -uall [1458ms]
2024-04-23 07:54:51.609 [info] > git rev-parse --show-toplevel [986ms]
2024-04-23 07:54:51.651 [info] > git merge-base refs/heads/main refs/remotes/origin/main [92ms]
2024-04-23 07:54:51.929 [info] > git rev-list --count --left-right refs/heads/main...refs/remotes/origin/main [260ms]
2024-04-23 07:54:51.948 [info] > git rev-parse --show-toplevel [303ms]
2024-04-23 07:54:51.949 [info] > git config --get commit.template [322ms]
2024-04-23 07:54:51.976 [info] > git diff --name-status -z --diff-filter=ADMR 56880393d828e267994594127668037f852d02be...refs/remotes/origin/main [29ms]
2024-04-23 07:54:51.996 [info] > git rev-parse --show-toplevel [27ms]
2024-04-23 07:54:52.038 [info] > git for-each-ref --format=%(refname)%00%(upstream:short)%00%(objectname)%00%(upstream:track)%00%(upstream:remotename)%00%(upstream:remoteref) refs/heads/main refs/remotes/main [44ms]
2024-04-23 07:54:52.039 [info] > git rev-parse --show-toplevel [25ms]
2024-04-23 07:54:52.084 [info] > git rev-parse --show-toplevel [27ms]
2024-04-23 07:54:52.119 [info] > git rev-parse --show-toplevel [6ms]
2024-04-23 07:54:52.389 [info] > git rev-parse --show-toplevel [48ms]
2024-04-23 07:54:52.434 [info] > git rev-parse --show-toplevel [13ms]
2024-04-23 07:54:52.663 [info] > git status -z -uall [581ms]
2024-04-23 07:54:58.659 [info] > git config --get commit.template [4ms]
2024-04-23 07:54:58.682 [info] > git for-each-ref --format=%(refname)%00%(upstream:short)%00%(objectname)%00%(upstream:track)%00%(upstream:remotename)%00%(upstream:remoteref) refs/heads/main refs/remotes/main [3ms]
2024-04-23 07:54:59.107 [info] > git status -z -uall [405ms]
2024-04-23 07:55:00.112 [info] > git check-ignore -v -z --stdin [37ms]
2024-04-23 07:55:03.326 [info] > git show --textconv :docker-compose.yml [45ms]
2024-04-23 07:55:03.368 [info] > git ls-files --stage -- /home/louis/docker-compose.yml [49ms]
2024-04-23 07:55:03.424 [info] > git cat-file -s e0bf042fdf3a9ff48071fe1b9e91776969c2aabd [17ms]
2024-04-23 07:55:04.161 [info] > git config --get commit.template [3ms]
2024-04-23 07:55:04.184 [info] > git for-each-ref --format=%(refname)%00%(upstream:short)%00%(objectname)%00%(upstream:track)%00%(upstream:remotename)%00%(upstream:remoteref) refs/heads/main refs/remotes/main [4ms]
2024-04-23 07:55:04.544 [info] > git status -z -uall [341ms]
2024-04-23 07:55:09.617 [info] > git config --get commit.template [24ms]
2024-04-23 07:55:09.618 [info] > git for-each-ref --format=%(refname)%00%(upstream:short)%00%(objectname)%00%(upstream:track)%00%(upstream:remotename)%00%(upstream:remoteref) refs/heads/main refs/remotes/main [4ms]
2024-04-23 07:55:10.083 [info] > git status -z -uall [430ms]
2024-04-23 07:55:10.434 [info] > git check-ignore -v -z --stdin [39ms]
2024-04-23 07:55:14.718 [info] > git check-ignore -v -z --stdin [25ms]
2024-04-23 07:55:15.165 [info] > git config --get commit.template [23ms]
2024-04-23 07:55:15.167 [info] > git for-each-ref --format=%(refname)%00%(upstream:short)%00%(objectname)%00%(upstream:track)%00%(upstream:remotename)%00%(upstream:remoteref) refs/heads/main refs/remotes/main [2ms]
2024-04-23 07:55:15.573 [info] > git status -z -uall [386ms]
2024-04-23 07:55:17.633 [info] > git check-ignore -v -z --stdin [21ms]
2024-04-23 07:55:19.748 [info] > git check-ignore -v -z --stdin [19ms]
2024-04-23 07:55:20.678 [info] > git config --get commit.template [50ms]
2024-04-23 07:55:20.680 [info] > git for-each-ref --format=%(refname)%00%(upstream:short)%00%(objectname)%00%(upstream:track)%00%(upstream:remotename)%00%(upstream:remoteref) refs/heads/main refs/remotes/main [4ms]
2024-04-23 07:55:21.121 [info] > git status -z -uall [417ms]
2024-04-23 07:55:26.211 [info] > git config --get commit.template [26ms]
2024-04-23 07:55:26.212 [info] > git for-each-ref --format=%(refname)%00%(upstream:short)%00%(objectname)%00%(upstream:track)%00%(upstream:remotename)%00%(upstream:remoteref) refs/heads/main refs/remotes/main [3ms]
2024-04-23 07:55:26.630 [info] > git status -z -uall [395ms]
2024-04-23 07:55:30.021 [info] > git check-ignore -v -z --stdin [23ms]
2024-04-23 07:55:32.042 [info] > git show --textconv :ligue1-frontend/src/pages/Classement/Classement.js [325ms]
2024-04-23 07:55:32.082 [info] > git config --get commit.template [87ms]
2024-04-23 07:55:32.091 [info] > git ls-files --stage -- /home/louis/ligue1-frontend/src/pages/Classement/Classement.js [303ms]
2024-04-23 07:55:32.345 [info] > git cat-file -s 15d0b6188ca8d2f232d34d349f16ce5c3b09948d [159ms]
2024-04-23 07:55:32.449 [info] > git for-each-ref --format=%(refname)%00%(upstream:short)%00%(objectname)%00%(upstream:track)%00%(upstream:remotename)%00%(upstream:remoteref) refs/heads/main refs/remotes/main [109ms]
2024-04-23 07:55:33.577 [info] > git status -z -uall [1014ms]
2024-04-23 07:55:38.842 [info] > git config --get commit.template [97ms]
2024-04-23 07:55:38.852 [info] > git for-each-ref --format=%(refname)%00%(upstream:short)%00%(objectname)%00%(upstream:track)%00%(upstream:remotename)%00%(upstream:remoteref) refs/heads/main refs/remotes/main [24ms]
2024-04-23 07:55:40.299 [info] > git status -z -uall [1342ms]
2024-04-23 07:56:19.482 [info] > git config --get commit.template [37ms]
2024-04-23 07:56:19.487 [info] > git for-each-ref --format=%(refname)%00%(upstream:short)%00%(objectname)%00%(upstream:track)%00%(upstream:remotename)%00%(upstream:remoteref) refs/heads/main refs/remotes/main [6ms]
2024-04-23 07:56:20.296 [info] > git status -z -uall [777ms]
2024-04-23 07:56:25.360 [info] > git config --get commit.template [2ms]
2024-04-23 07:56:25.392 [info] > git for-each-ref --format=%(refname)%00%(upstream:short)%00%(objectname)%00%(upstream:track)%00%(upstream:remotename)%00%(upstream:remoteref) refs/heads/main refs/remotes/main [3ms]
2024-04-23 07:56:25.838 [info] > git status -z -uall [408ms]
2024-04-23 07:56:30.944 [info] > git config --get commit.template [30ms]
2024-04-23 07:56:30.946 [info] > git for-each-ref --format=%(refname)%00%(upstream:short)%00%(objectname)%00%(upstream:track)%00%(upstream:remotename)%00%(upstream:remoteref) refs/heads/main refs/remotes/main [4ms]
2024-04-23 07:56:31.429 [info] > git status -z -uall [452ms]
2024-04-23 07:56:36.533 [info] > git config --get commit.template [32ms]
2024-04-23 07:56:36.534 [info] > git for-each-ref --format=%(refname)%00%(upstream:short)%00%(objectname)%00%(upstream:track)%00%(upstream:remotename)%00%(upstream:remoteref) refs/heads/main refs/remotes/main [4ms]
2024-04-23 07:56:37.014 [info] > git status -z -uall [434ms]
2024-04-23 07:56:46.001 [info] > git config --get commit.template [3ms]
2024-04-23 07:56:46.037 [info] > git for-each-ref --format=%(refname)%00%(upstream:short)%00%(objectname)%00%(upstream:track)%00%(upstream:remotename)%00%(upstream:remoteref) refs/heads/main refs/remotes/main [7ms]
2024-04-23 07:56:46.729 [info] > git status -z -uall [661ms]
2024-04-23 07:57:11.369 [info] > git config --get commit.template [42ms]
2024-04-23 07:57:11.379 [info] > git for-each-ref --format=%(refname)%00%(upstream:short)%00%(objectname)%00%(upstream:track)%00%(upstream:remotename)%00%(upstream:remoteref) refs/heads/main refs/remotes/main [13ms]
2024-04-23 07:57:11.852 [info] > git status -z -uall [431ms]
2024-04-23 07:57:16.956 [info] > git config --get commit.template [27ms]
2024-04-23 07:57:16.957 [info] > git for-each-ref --format=%(refname)%00%(upstream:short)%00%(objectname)%00%(upstream:track)%00%(upstream:remotename)%00%(upstream:remoteref) refs/heads/main refs/remotes/main [3ms]
2024-04-23 07:57:17.362 [info] > git status -z -uall [373ms]
2024-04-23 07:57:22.442 [info] > git config --get commit.template [3ms]
2024-04-23 07:57:22.477 [info] > git for-each-ref --format=%(refname)%00%(upstream:short)%00%(objectname)%00%(upstream:track)%00%(upstream:remotename)%00%(upstream:remoteref) refs/heads/main refs/remotes/main [3ms]
2024-04-23 07:57:22.915 [info] > git status -z -uall [403ms]
2024-04-23 07:57:31.297 [info] > git config --get commit.template [121ms]
2024-04-23 07:57:31.374 [info] > git for-each-ref --format=%(refname)%00%(upstream:short)%00%(objectname)%00%(upstream:track)%00%(upstream:remotename)%00%(upstream:remoteref) refs/heads/main refs/remotes/main [9ms]
2024-04-23 07:57:32.955 [info] > git status -z -uall [1445ms]
2024-04-23 07:57:38.081 [info] > git config --get commit.template [44ms]
2024-04-23 07:57:38.082 [info] > git for-each-ref --format=%(refname)%00%(upstream:short)%00%(objectname)%00%(upstream:track)%00%(upstream:remotename)%00%(upstream:remoteref) refs/heads/main refs/remotes/main [4ms]
2024-04-23 07:57:38.481 [info] > git status -z -uall [357ms]
2024-04-23 07:57:43.595 [info] > git config --get commit.template [45ms]
2024-04-23 07:57:43.596 [info] > git for-each-ref --format=%(refname)%00%(upstream:short)%00%(objectname)%00%(upstream:track)%00%(upstream:remotename)%00%(upstream:remoteref) refs/heads/main refs/remotes/main [3ms]
2024-04-23 07:57:44.005 [info] > git status -z -uall [370ms]
2024-04-23 07:58:08.178 [info] > git config --get commit.template [2ms]
2024-04-23 07:58:08.225 [info] > git for-each-ref --format=%(refname)%00%(upstream:short)%00%(objectname)%00%(upstream:track)%00%(upstream:remotename)%00%(upstream:remoteref) refs/heads/main refs/remotes/main [6ms]
2024-04-23 07:58:08.749 [info] > git status -z -uall [470ms]
2024-04-23 07:58:13.865 [info] > git config --get commit.template [6ms]
2024-04-23 07:58:13.910 [info] > git for-each-ref --format=%(refname)%00%(upstream:short)%00%(objectname)%00%(upstream:track)%00%(upstream:remotename)%00%(upstream:remoteref) refs/heads/main refs/remotes/main [4ms]
2024-04-23 07:58:14.358 [info] > git status -z -uall [410ms]
2024-04-23 07:58:19.474 [info] > git config --get commit.template [42ms]
2024-04-23 07:58:19.476 [info] > git for-each-ref --format=%(refname)%00%(upstream:short)%00%(objectname)%00%(upstream:track)%00%(upstream:remotename)%00%(upstream:remoteref) refs/heads/main refs/remotes/main [3ms]
2024-04-23 07:58:19.885 [info] > git status -z -uall [353ms]
2024-04-23 07:58:24.991 [info] > git config --get commit.template [3ms]
2024-04-23 07:58:25.046 [info] > git for-each-ref --format=%(refname)%00%(upstream:short)%00%(objectname)%00%(upstream:track)%00%(upstream:remotename)%00%(upstream:remoteref) refs/heads/main refs/remotes/main [6ms]
2024-04-23 07:58:25.889 [info] > git status -z -uall [793ms]
2024-04-23 07:58:31.054 [info] > git config --get commit.template [76ms]
2024-04-23 07:58:31.072 [info] > git for-each-ref --format=%(refname)%00%(upstream:short)%00%(objectname)%00%(upstream:track)%00%(upstream:remotename)%00%(upstream:remoteref) refs/heads/main refs/remotes/main [25ms]
2024-04-23 07:58:31.815 [info] > git status -z -uall [705ms]
2024-04-23 07:58:37.205 [info] > git config --get commit.template [49ms]
2024-04-23 07:58:37.261 [info] > git for-each-ref --format=%(refname)%00%(upstream:short)%00%(objectname)%00%(upstream:track)%00%(upstream:remotename)%00%(upstream:remoteref) refs/heads/main refs/remotes/main [9ms]
2024-04-23 07:58:38.230 [info] > git status -z -uall [921ms]
2024-04-23 07:58:43.307 [info] > git config --get commit.template [2ms]
2024-04-23 07:58:43.353 [info] > git for-each-ref --format=%(refname)%00%(upstream:short)%00%(objectname)%00%(upstream:track)%00%(upstream:remotename)%00%(upstream:remoteref) refs/heads/main refs/remotes/main [4ms]
2024-04-23 07:58:43.754 [info] > git status -z -uall [355ms]
2024-04-23 07:58:48.862 [info] > git config --get commit.template [42ms]
2024-04-23 07:58:48.864 [info] > git for-each-ref --format=%(refname)%00%(upstream:short)%00%(objectname)%00%(upstream:track)%00%(upstream:remotename)%00%(upstream:remoteref) refs/heads/main refs/remotes/main [3ms]
2024-04-23 07:58:49.258 [info] > git status -z -uall [350ms]
2024-04-23 07:58:56.983 [info] > git config --get commit.template [56ms]
2024-04-23 07:58:56.987 [info] > git for-each-ref --format=%(refname)%00%(upstream:short)%00%(objectname)%00%(upstream:track)%00%(upstream:remotename)%00%(upstream:remoteref) refs/heads/main refs/remotes/main [8ms]
2024-04-23 07:58:58.222 [info] > git status -z -uall [1189ms]
2024-04-23 07:59:03.614 [info] > git config --get commit.template [18ms]
2024-04-23 07:59:03.737 [info] > git for-each-ref --format=%(refname)%00%(upstream:short)%00%(objectname)%00%(upstream:track)%00%(upstream:remotename)%00%(upstream:remoteref) refs/heads/main refs/remotes/main [30ms]
2024-04-23 07:59:04.489 [info] > git status -z -uall [620ms]
2024-04-23 07:59:09.627 [info] > git config --get commit.template [48ms]
2024-04-23 07:59:09.628 [info] > git for-each-ref --format=%(refname)%00%(upstream:short)%00%(objectname)%00%(upstream:track)%00%(upstream:remotename)%00%(upstream:remoteref) refs/heads/main refs/remotes/main [3ms]
2024-04-23 07:59:10.078 [info] > git status -z -uall [404ms]
2024-04-23 07:59:15.233 [info] > git for-each-ref --format=%(refname)%00%(upstream:short)%00%(objectname)%00%(upstream:track)%00%(upstream:remotename)%00%(upstream:remoteref) refs/heads/main refs/remotes/main [1ms]
2024-04-23 07:59:15.233 [info] > git config --get commit.template [69ms]
2024-04-23 07:59:15.732 [info] > git status -z -uall [448ms]
2024-04-23 07:59:20.857 [info] > git config --get commit.template [57ms]
2024-04-23 07:59:20.858 [info] > git for-each-ref --format=%(refname)%00%(upstream:short)%00%(objectname)%00%(upstream:track)%00%(upstream:remotename)%00%(upstream:remoteref) refs/heads/main refs/remotes/main [5ms]
2024-04-23 07:59:21.288 [info] > git status -z -uall [387ms]
2024-04-23 07:59:26.401 [info] > git config --get commit.template [41ms]
2024-04-23 07:59:26.402 [info] > git for-each-ref --format=%(refname)%00%(upstream:short)%00%(objectname)%00%(upstream:track)%00%(upstream:remotename)%00%(upstream:remoteref) refs/heads/main refs/remotes/main [3ms]
2024-04-23 07:59:26.825 [info] > git status -z -uall [385ms]
2024-04-23 07:59:51.491 [info] > git config --get commit.template [3ms]
2024-04-23 07:59:51.546 [info] > git for-each-ref --format=%(refname)%00%(upstream:short)%00%(objectname)%00%(upstream:track)%00%(upstream:remotename)%00%(upstream:remoteref) refs/heads/main refs/remotes/main [4ms]
2024-04-23 07:59:52.076 [info] > git status -z -uall [486ms]
2024-04-23 08:03:32.215 [info] > git config --get commit.template [45ms]
2024-04-23 08:03:32.217 [info] > git for-each-ref --format=%(refname)%00%(upstream:short)%00%(objectname)%00%(upstream:track)%00%(upstream:remotename)%00%(upstream:remoteref) refs/heads/main refs/remotes/main [3ms]
2024-04-23 08:03:32.654 [info] > git status -z -uall [397ms]
2024-04-23 08:03:37.810 [info] > git config --get commit.template [15ms]
2024-04-23 08:03:37.864 [info] > git for-each-ref --format=%(refname)%00%(upstream:short)%00%(objectname)%00%(upstream:track)%00%(upstream:remotename)%00%(upstream:remoteref) refs/heads/main refs/remotes/main [5ms]
2024-04-23 08:03:38.314 [info] > git status -z -uall [405ms]
2024-04-23 08:03:43.458 [info] > git config --get commit.template [58ms]
2024-04-23 08:03:43.459 [info] > git for-each-ref --format=%(refname)%00%(upstream:short)%00%(objectname)%00%(upstream:track)%00%(upstream:remotename)%00%(upstream:remoteref) refs/heads/main refs/remotes/main [3ms]
2024-04-23 08:03:43.927 [info] > git status -z -uall [423ms]
2024-04-23 08:05:34.941 [info] > git config --get commit.template [47ms]
2024-04-23 08:05:34.942 [info] > git for-each-ref --format=%(refname)%00%(upstream:short)%00%(objectname)%00%(upstream:track)%00%(upstream:remotename)%00%(upstream:remoteref) refs/heads/main refs/remotes/main [3ms]
2024-04-23 08:05:35.406 [info] > git status -z -uall [406ms]
2024-04-23 08:05:40.574 [info] > git config --get commit.template [50ms]
2024-04-23 08:05:40.575 [info] > git for-each-ref --format=%(refname)%00%(upstream:short)%00%(objectname)%00%(upstream:track)%00%(upstream:remotename)%00%(upstream:remoteref) refs/heads/main refs/remotes/main [3ms]
2024-04-23 08:05:41.029 [info] > git status -z -uall [408ms]
2024-04-23 08:05:42.233 [info] > git check-ignore -v -z --stdin [25ms]
2024-04-23 08:05:43.526 [info] > git check-ignore -v -z --stdin [16ms]
2024-04-23 08:05:44.121 [info] > git show --textconv :ligue1-frontend/src/components/EquipeTop/Equipetop.js [73ms]
2024-04-23 08:05:44.144 [info] > git ls-files --stage -- /home/louis/ligue1-frontend/src/components/EquipeTop/Equipetop.js [29ms]
2024-04-23 08:05:44.211 [info] > git cat-file -s 2fd3246a02635c0dee7007dea35aca22f008930f [7ms]
2024-04-23 08:05:46.152 [info] > git config --get commit.template [41ms]
2024-04-23 08:05:46.153 [info] > git for-each-ref --format=%(refname)%00%(upstream:short)%00%(objectname)%00%(upstream:track)%00%(upstream:remotename)%00%(upstream:remoteref) refs/heads/main refs/remotes/main [4ms]
2024-04-23 08:05:46.613 [info] > git status -z -uall [416ms]
2024-04-23 08:05:51.746 [info] > git config --get commit.template [57ms]
2024-04-23 08:05:51.748 [info] > git for-each-ref --format=%(refname)%00%(upstream:short)%00%(objectname)%00%(upstream:track)%00%(upstream:remotename)%00%(upstream:remoteref) refs/heads/main refs/remotes/main [3ms]
2024-04-23 08:05:52.192 [info] > git status -z -uall [400ms]
2024-04-23 08:05:57.278 [info] > git config --get commit.template [2ms]
2024-04-23 08:05:57.322 [info] > git for-each-ref --format=%(refname)%00%(upstream:short)%00%(objectname)%00%(upstream:track)%00%(upstream:remotename)%00%(upstream:remoteref) refs/heads/main refs/remotes/main [3ms]
2024-04-23 08:05:57.789 [info] > git status -z -uall [421ms]
2024-04-23 08:06:02.916 [info] > git config --get commit.template [48ms]
2024-04-23 08:06:02.917 [info] > git for-each-ref --format=%(refname)%00%(upstream:short)%00%(objectname)%00%(upstream:track)%00%(upstream:remotename)%00%(upstream:remoteref) refs/heads/main refs/remotes/main [4ms]
2024-04-23 08:06:03.366 [info] > git status -z -uall [405ms]
2024-04-23 08:06:08.489 [info] > git config --get commit.template [47ms]
2024-04-23 08:06:08.491 [info] > git for-each-ref --format=%(refname)%00%(upstream:short)%00%(objectname)%00%(upstream:track)%00%(upstream:remotename)%00%(upstream:remoteref) refs/heads/main refs/remotes/main [2ms]
2024-04-23 08:06:08.932 [info] > git status -z -uall [398ms]
2024-04-23 08:06:14.061 [info] > git config --get commit.template [45ms]
2024-04-23 08:06:14.062 [info] > git for-each-ref --format=%(refname)%00%(upstream:short)%00%(objectname)%00%(upstream:track)%00%(upstream:remotename)%00%(upstream:remoteref) refs/heads/main refs/remotes/main [3ms]
2024-04-23 08:06:14.460 [info] > git status -z -uall [353ms]
2024-04-23 08:06:44.176 [info] > git config --get commit.template [3ms]
2024-04-23 08:06:44.219 [info] > git for-each-ref --format=%(refname)%00%(upstream:short)%00%(objectname)%00%(upstream:track)%00%(upstream:remotename)%00%(upstream:remoteref) refs/heads/main refs/remotes/main [3ms]
2024-04-23 08:06:44.630 [info] > git status -z -uall [370ms]
2024-04-23 08:06:49.755 [info] > git config --get commit.template [46ms]
2024-04-23 08:06:49.756 [info] > git for-each-ref --format=%(refname)%00%(upstream:short)%00%(objectname)%00%(upstream:track)%00%(upstream:remotename)%00%(upstream:remoteref) refs/heads/main refs/remotes/main [3ms]
2024-04-23 08:06:50.193 [info] > git status -z -uall [391ms]
2024-04-23 08:06:55.406 [info] > git config --get commit.template [26ms]
2024-04-23 08:06:55.659 [info] > git for-each-ref --format=%(refname)%00%(upstream:short)%00%(objectname)%00%(upstream:track)%00%(upstream:remotename)%00%(upstream:remoteref) refs/heads/main refs/remotes/main [77ms]
2024-04-23 08:06:56.805 [info] > git status -z -uall [1099ms]
2024-04-23 08:08:01.429 [info] > git config --get commit.template [53ms]
2024-04-23 08:08:01.432 [info] > git for-each-ref --format=%(refname)%00%(upstream:short)%00%(objectname)%00%(upstream:track)%00%(upstream:remotename)%00%(upstream:remoteref) refs/heads/main refs/remotes/main [5ms]
2024-04-23 08:08:01.934 [info] > git status -z -uall [450ms]
2024-04-23 08:08:46.983 [info] > git config --get commit.template [42ms]
2024-04-23 08:08:46.984 [info] > git for-each-ref --format=%(refname)%00%(upstream:short)%00%(objectname)%00%(upstream:track)%00%(upstream:remotename)%00%(upstream:remoteref) refs/heads/main refs/remotes/main [3ms]
2024-04-23 08:08:47.414 [info] > git status -z -uall [381ms]
2024-04-23 08:08:48.762 [info] > git show --textconv :ligue1-frontend/src/pages/Classement/Classement.js [78ms]
2024-04-23 08:08:48.769 [info] > git ls-files --stage -- /home/louis/ligue1-frontend/src/pages/Classement/Classement.js [21ms]
2024-04-23 08:08:48.837 [info] > git cat-file -s 15d0b6188ca8d2f232d34d349f16ce5c3b09948d [11ms]
2024-04-23 08:08:52.594 [info] > git config --get commit.template [67ms]
2024-04-23 08:08:52.599 [info] > git for-each-ref --format=%(refname)%00%(upstream:short)%00%(objectname)%00%(upstream:track)%00%(upstream:remotename)%00%(upstream:remoteref) refs/heads/main refs/remotes/main [16ms]
2024-04-23 08:08:53.113 [info] > git status -z -uall [460ms]
2024-04-23 08:09:03.807 [info] > git config --get commit.template [58ms]
2024-04-23 08:09:03.808 [info] > git for-each-ref --format=%(refname)%00%(upstream:short)%00%(objectname)%00%(upstream:track)%00%(upstream:remotename)%00%(upstream:remoteref) refs/heads/main refs/remotes/main [5ms]
2024-04-23 08:09:04.262 [info] > git status -z -uall [397ms]
2024-04-23 08:09:48.998 [info] > git config --get commit.template [58ms]
2024-04-23 08:09:49.003 [info] > git for-each-ref --format=%(refname)%00%(upstream:short)%00%(objectname)%00%(upstream:track)%00%(upstream:remotename)%00%(upstream:remoteref) refs/heads/main refs/remotes/main [7ms]
2024-04-23 08:09:49.470 [info] > git status -z -uall [396ms]
2024-04-23 08:10:43.728 [info] > git config --get commit.template [2ms]
2024-04-23 08:10:43.796 [info] > git for-each-ref --format=%(refname)%00%(upstream:short)%00%(objectname)%00%(upstream:track)%00%(upstream:remotename)%00%(upstream:remoteref) refs/heads/main refs/remotes/main [6ms]
2024-04-23 08:10:44.358 [info] > git status -z -uall [504ms]
2024-04-23 08:10:49.502 [info] > git config --get commit.template [57ms]
2024-04-23 08:10:49.504 [info] > git for-each-ref --format=%(refname)%00%(upstream:short)%00%(objectname)%00%(upstream:track)%00%(upstream:remotename)%00%(upstream:remoteref) refs/heads/main refs/remotes/main [3ms]
2024-04-23 08:10:49.938 [info] > git status -z -uall [388ms]
2024-04-23 08:10:55.037 [info] > git config --get commit.template [3ms]
2024-04-23 08:10:55.089 [info] > git for-each-ref --format=%(refname)%00%(upstream:short)%00%(objectname)%00%(upstream:track)%00%(upstream:remotename)%00%(upstream:remoteref) refs/heads/main refs/remotes/main [3ms]
2024-04-23 08:10:55.559 [info] > git status -z -uall [398ms]
2024-04-23 08:10:56.832 [info] > git check-ignore -v -z --stdin [16ms]
2024-04-23 08:10:57.658 [info] > git show --textconv :ligue1-frontend/src/pages/Equipe/Equipe.js [131ms]
2024-04-23 08:10:57.681 [info] > git ls-files --stage -- /home/louis/ligue1-frontend/src/pages/Equipe/Equipe.js [39ms]
2024-04-23 08:10:57.805 [info] > git cat-file -s 7434a417bfa61ab0d7d5dfda17ad1dc0ee3abdb4 [20ms]
2024-04-23 08:11:00.708 [info] > git config --get commit.template [51ms]
2024-04-23 08:11:00.710 [info] > git for-each-ref --format=%(refname)%00%(upstream:short)%00%(objectname)%00%(upstream:track)%00%(upstream:remotename)%00%(upstream:remoteref) refs/heads/main refs/remotes/main [3ms]
2024-04-23 08:11:01.290 [info] > git status -z -uall [528ms]
2024-04-23 08:11:04.072 [info] > git check-ignore -v -z --stdin [18ms]
2024-04-23 08:11:05.175 [info] > git show --textconv :ligue1-frontend/src/pages/Match/Match.js [70ms]
2024-04-23 08:11:05.177 [info] > git ls-files --stage -- /home/louis/ligue1-frontend/src/pages/Match/Match.js [19ms]
2024-04-23 08:11:05.246 [info] > git cat-file -s 8aeaaddcc154ea1428cffc9976e3e21534324651 [6ms]
2024-04-23 08:11:06.420 [info] > git config --get commit.template [51ms]
2024-04-23 08:11:06.421 [info] > git for-each-ref --format=%(refname)%00%(upstream:short)%00%(objectname)%00%(upstream:track)%00%(upstream:remotename)%00%(upstream:remoteref) refs/heads/main refs/remotes/main [3ms]
2024-04-23 08:11:06.865 [info] > git status -z -uall [394ms]
2024-04-23 08:11:08.629 [info] > git show --textconv :ligue1-frontend/src/pages/Classement/Classement.js [88ms]
2024-04-23 08:11:08.636 [info] > git ls-files --stage -- /home/louis/ligue1-frontend/src/pages/Classement/Classement.js [36ms]
2024-04-23 08:11:08.698 [info] > git cat-file -s 15d0b6188ca8d2f232d34d349f16ce5c3b09948d [6ms]
2024-04-23 08:11:12.089 [info] > git config --get commit.template [66ms]
2024-04-23 08:11:12.334 [info] > git for-each-ref --format=%(refname)%00%(upstream:short)%00%(objectname)%00%(upstream:track)%00%(upstream:remotename)%00%(upstream:remoteref) refs/heads/main refs/remotes/main [104ms]
2024-04-23 08:11:13.932 [info] > git status -z -uall [1240ms]
2024-04-23 08:11:44.693 [info] > git config --get commit.template [2ms]
2024-04-23 08:11:44.735 [info] > git for-each-ref --format=%(refname)%00%(upstream:short)%00%(objectname)%00%(upstream:track)%00%(upstream:remotename)%00%(upstream:remoteref) refs/heads/main refs/remotes/main [2ms]
2024-04-23 08:11:45.200 [info] > git status -z -uall [409ms]
2024-04-23 08:13:53.087 [info] > git config --get commit.template [59ms]
2024-04-23 08:13:53.088 [info] > git for-each-ref --format=%(refname)%00%(upstream:short)%00%(objectname)%00%(upstream:track)%00%(upstream:remotename)%00%(upstream:remoteref) refs/heads/main refs/remotes/main [3ms]
2024-04-23 08:13:53.541 [info] > git status -z -uall [403ms]
2024-04-23 08:13:58.694 [info] > git for-each-ref --format=%(refname)%00%(upstream:short)%00%(objectname)%00%(upstream:track)%00%(upstream:remotename)%00%(upstream:remoteref) refs/heads/main refs/remotes/main [5ms]
2024-04-23 08:13:58.695 [info] > git config --get commit.template [52ms]
2024-04-23 08:13:59.162 [info] > git status -z -uall [410ms]
2024-04-23 08:14:04.291 [info] > git config --get commit.template [48ms]
2024-04-23 08:14:04.292 [info] > git for-each-ref --format=%(refname)%00%(upstream:short)%00%(objectname)%00%(upstream:track)%00%(upstream:remotename)%00%(upstream:remoteref) refs/heads/main refs/remotes/main [4ms]
2024-04-23 08:14:04.715 [info] > git status -z -uall [371ms]
2024-04-23 08:14:09.842 [info] > git config --get commit.template [40ms]
2024-04-23 08:14:09.844 [info] > git for-each-ref --format=%(refname)%00%(upstream:short)%00%(objectname)%00%(upstream:track)%00%(upstream:remotename)%00%(upstream:remoteref) refs/heads/main refs/remotes/main [3ms]
2024-04-23 08:14:10.244 [info] > git status -z -uall [357ms]
2024-04-23 08:14:15.324 [info] > git config --get commit.template [4ms]
2024-04-23 08:14:15.367 [info] > git for-each-ref --format=%(refname)%00%(upstream:short)%00%(objectname)%00%(upstream:track)%00%(upstream:remotename)%00%(upstream:remoteref) refs/heads/main refs/remotes/main [4ms]
2024-04-23 08:14:15.751 [info] > git status -z -uall [341ms]
2024-04-23 08:14:18.198 [info] > git show --textconv :ligue1-frontend/src/pages/Classement/ClassementSummary.js [53ms]
2024-04-23 08:14:18.213 [info] > git ls-files --stage -- /home/louis/ligue1-frontend/src/pages/Classement/ClassementSummary.js [22ms]
2024-04-23 08:14:18.366 [info] > git check-ignore -v -z --stdin [19ms]
2024-04-23 08:14:20.823 [info] > git config --get commit.template [4ms]
2024-04-23 08:14:20.868 [info] > git for-each-ref --format=%(refname)%00%(upstream:short)%00%(objectname)%00%(upstream:track)%00%(upstream:remotename)%00%(upstream:remoteref) refs/heads/main refs/remotes/main [4ms]
2024-04-23 08:14:21.270 [info] > git status -z -uall [352ms]
2024-04-23 08:14:33.080 [info] > git config --get commit.template [42ms]
2024-04-23 08:14:33.082 [info] > git for-each-ref --format=%(refname)%00%(upstream:short)%00%(objectname)%00%(upstream:track)%00%(upstream:remotename)%00%(upstream:remoteref) refs/heads/main refs/remotes/main [4ms]
2024-04-23 08:14:33.501 [info] > git status -z -uall [366ms]
2024-04-23 08:14:38.572 [info] > git config --get commit.template [4ms]
2024-04-23 08:14:38.616 [info] > git for-each-ref --format=%(refname)%00%(upstream:short)%00%(objectname)%00%(upstream:track)%00%(upstream:remotename)%00%(upstream:remoteref) refs/heads/main refs/remotes/main [3ms]
2024-04-23 08:14:39.012 [info] > git status -z -uall [352ms]
2024-04-23 08:14:44.172 [info] > git config --get commit.template [55ms]
2024-04-23 08:14:44.176 [info] > git for-each-ref --format=%(refname)%00%(upstream:short)%00%(objectname)%00%(upstream:track)%00%(upstream:remotename)%00%(upstream:remoteref) refs/heads/main refs/remotes/main [6ms]
2024-04-23 08:14:44.629 [info] > git status -z -uall [400ms]
2024-04-23 08:14:47.132 [info] > git check-ignore -v -z --stdin [6ms]
2024-04-23 08:14:47.960 [info] > git show --textconv :ligue1-frontend/src/pages/HomePage/HomePage.js [55ms]
2024-04-23 08:14:47.982 [info] > git ls-files --stage -- /home/louis/ligue1-frontend/src/pages/HomePage/HomePage.js [33ms]
2024-04-23 08:14:48.046 [info] > git cat-file -s 5ad876a6b403e3ef5931464ed43ba49c5baaad25 [7ms]
2024-04-23 08:14:49.756 [info] > git config --get commit.template [47ms]
2024-04-23 08:14:49.757 [info] > git for-each-ref --format=%(refname)%00%(upstream:short)%00%(objectname)%00%(upstream:track)%00%(upstream:remotename)%00%(upstream:remoteref) refs/heads/main refs/remotes/main [3ms]
2024-04-23 08:14:50.191 [info] > git status -z -uall [384ms]
2024-04-23 08:14:55.313 [info] > git config --get commit.template [43ms]
2024-04-23 08:14:55.314 [info] > git for-each-ref --format=%(refname)%00%(upstream:short)%00%(objectname)%00%(upstream:track)%00%(upstream:remotename)%00%(upstream:remoteref) refs/heads/main refs/remotes/main [2ms]
2024-04-23 08:14:55.725 [info] > git status -z -uall [363ms]
2024-04-23 08:15:01.033 [info] > git config --get commit.template [128ms]
2024-04-23 08:15:01.100 [info] > git for-each-ref --format=%(refname)%00%(upstream:short)%00%(objectname)%00%(upstream:track)%00%(upstream:remotename)%00%(upstream:remoteref) refs/heads/main refs/remotes/main [6ms]
2024-04-23 08:15:01.720 [info] > git status -z -uall [570ms]
2024-04-23 08:15:06.815 [info] > git config --get commit.template [11ms]
2024-04-23 08:15:06.872 [info] > git for-each-ref --format=%(refname)%00%(upstream:short)%00%(objectname)%00%(upstream:track)%00%(upstream:remotename)%00%(upstream:remoteref) refs/heads/main refs/remotes/main [3ms]
2024-04-23 08:15:07.396 [info] > git status -z -uall [472ms]
2024-04-23 08:15:12.535 [info] > git config --get commit.template [53ms]
2024-04-23 08:15:12.536 [info] > git for-each-ref --format=%(refname)%00%(upstream:short)%00%(objectname)%00%(upstream:track)%00%(upstream:remotename)%00%(upstream:remoteref) refs/heads/main refs/remotes/main [3ms]
2024-04-23 08:15:13.014 [info] > git status -z -uall [401ms]
2024-04-23 08:15:18.263 [info] > git config --get commit.template [3ms]
2024-04-23 08:15:18.329 [info] > git for-each-ref --format=%(refname)%00%(upstream:short)%00%(objectname)%00%(upstream:track)%00%(upstream:remotename)%00%(upstream:remoteref) refs/heads/main refs/remotes/main [11ms]
2024-04-23 08:15:18.865 [info] > git status -z -uall [465ms]
2024-04-23 08:15:57.986 [info] > git config --get commit.template [71ms]
2024-04-23 08:15:57.987 [info] > git for-each-ref --format=%(refname)%00%(upstream:short)%00%(objectname)%00%(upstream:track)%00%(upstream:remotename)%00%(upstream:remoteref) refs/heads/main refs/remotes/main [8ms]
2024-04-23 08:15:58.472 [info] > git status -z -uall [433ms]
2024-04-23 08:16:03.609 [info] > git config --get commit.template [40ms]
2024-04-23 08:16:03.610 [info] > git for-each-ref --format=%(refname)%00%(upstream:short)%00%(objectname)%00%(upstream:track)%00%(upstream:remotename)%00%(upstream:remoteref) refs/heads/main refs/remotes/main [3ms]
2024-04-23 08:16:04.019 [info] > git status -z -uall [363ms]
2024-04-23 08:16:09.172 [info] > git config --get commit.template [60ms]
2024-04-23 08:16:09.173 [info] > git for-each-ref --format=%(refname)%00%(upstream:short)%00%(objectname)%00%(upstream:track)%00%(upstream:remotename)%00%(upstream:remoteref) refs/heads/main refs/remotes/main [4ms]
2024-04-23 08:16:09.662 [info] > git status -z -uall [431ms]
2024-04-23 08:16:14.762 [info] > git config --get commit.template [2ms]
2024-04-23 08:16:14.825 [info] > git for-each-ref --format=%(refname)%00%(upstream:short)%00%(objectname)%00%(upstream:track)%00%(upstream:remotename)%00%(upstream:remoteref) refs/heads/main refs/remotes/main [5ms]
2024-04-23 08:16:15.320 [info] > git status -z -uall [441ms]
2024-04-23 08:16:20.400 [info] > git config --get commit.template [4ms]
2024-04-23 08:16:20.457 [info] > git for-each-ref --format=%(refname)%00%(upstream:short)%00%(objectname)%00%(upstream:track)%00%(upstream:remotename)%00%(upstream:remoteref) refs/heads/main refs/remotes/main [6ms]
2024-04-23 08:16:20.875 [info] > git status -z -uall [375ms]
2024-04-23 08:16:26.018 [info] > git config --get commit.template [54ms]
2024-04-23 08:16:26.032 [info] > git for-each-ref --format=%(refname)%00%(upstream:short)%00%(objectname)%00%(upstream:track)%00%(upstream:remotename)%00%(upstream:remoteref) refs/heads/main refs/remotes/main [16ms]
2024-04-23 08:16:26.505 [info] > git status -z -uall [417ms]
2024-04-23 08:16:31.582 [info] > git config --get commit.template [2ms]
2024-04-23 08:16:31.634 [info] > git for-each-ref --format=%(refname)%00%(upstream:short)%00%(objectname)%00%(upstream:track)%00%(upstream:remotename)%00%(upstream:remoteref) refs/heads/main refs/remotes/main [4ms]
2024-04-23 08:16:32.066 [info] > git status -z -uall [389ms]
2024-04-23 08:16:37.199 [info] > git config --get commit.template [53ms]
2024-04-23 08:16:37.201 [info] > git for-each-ref --format=%(refname)%00%(upstream:short)%00%(objectname)%00%(upstream:track)%00%(upstream:remotename)%00%(upstream:remoteref) refs/heads/main refs/remotes/main [4ms]
2024-04-23 08:16:37.663 [info] > git status -z -uall [409ms]
2024-04-23 08:16:42.791 [info] > git config --get commit.template [55ms]
2024-04-23 08:16:42.794 [info] > git for-each-ref --format=%(refname)%00%(upstream:short)%00%(objectname)%00%(upstream:track)%00%(upstream:remotename)%00%(upstream:remoteref) refs/heads/main refs/remotes/main [4ms]
2024-04-23 08:16:43.224 [info] > git status -z -uall [378ms]
2024-04-23 08:17:47.521 [info] > git config --get commit.template [38ms]
2024-04-23 08:17:47.522 [info] > git for-each-ref --format=%(refname)%00%(upstream:short)%00%(objectname)%00%(upstream:track)%00%(upstream:remotename)%00%(upstream:remoteref) refs/heads/main refs/remotes/main [3ms]
2024-04-23 08:17:47.916 [info] > git status -z -uall [355ms]
2024-04-23 08:17:50.751 [info] > git show --textconv :ligue1-frontend/src/pages/Classement/Classement.js [74ms]
2024-04-23 08:17:50.757 [info] > git ls-files --stage -- /home/louis/ligue1-frontend/src/pages/Classement/Classement.js [24ms]
2024-04-23 08:17:50.804 [info] > git cat-file -s 15d0b6188ca8d2f232d34d349f16ce5c3b09948d [6ms]
2024-04-23 08:17:53.072 [info] > git config --get commit.template [26ms]
2024-04-23 08:17:53.204 [info] > git for-each-ref --format=%(refname)%00%(upstream:short)%00%(objectname)%00%(upstream:track)%00%(upstream:remotename)%00%(upstream:remoteref) refs/heads/main refs/remotes/main [41ms]
2024-04-23 08:17:54.299 [info] > git status -z -uall [912ms]
2024-04-23 08:18:20.679 [info] > git config --get commit.template [46ms]
2024-04-23 08:18:20.680 [info] > git for-each-ref --format=%(refname)%00%(upstream:short)%00%(objectname)%00%(upstream:track)%00%(upstream:remotename)%00%(upstream:remoteref) refs/heads/main refs/remotes/main [2ms]
2024-04-23 08:18:21.150 [info] > git status -z -uall [429ms]
2024-04-23 08:18:26.289 [info] > git config --get commit.template [44ms]
2024-04-23 08:18:26.295 [info] > git for-each-ref --format=%(refname)%00%(upstream:short)%00%(objectname)%00%(upstream:track)%00%(upstream:remotename)%00%(upstream:remoteref) refs/heads/main refs/remotes/main [6ms]
2024-04-23 08:18:26.728 [info] > git status -z -uall [384ms]
2024-04-23 08:18:31.811 [info] > git config --get commit.template [2ms]
2024-04-23 08:18:31.858 [info] > git for-each-ref --format=%(refname)%00%(upstream:short)%00%(objectname)%00%(upstream:track)%00%(upstream:remotename)%00%(upstream:remoteref) refs/heads/main refs/remotes/main [3ms]
2024-04-23 08:18:32.259 [info] > git status -z -uall [351ms]
2024-04-23 08:21:11.564 [info] > git config --get commit.template [58ms]
2024-04-23 08:21:11.569 [info] > git for-each-ref --format=%(refname)%00%(upstream:short)%00%(objectname)%00%(upstream:track)%00%(upstream:remotename)%00%(upstream:remoteref) refs/heads/main refs/remotes/main [7ms]
2024-04-23 08:21:12.042 [info] > git status -z -uall [425ms]
2024-04-23 08:26:00.184 [info] > git config --get commit.template [5ms]
2024-04-23 08:26:00.249 [info] > git for-each-ref --format=%(refname)%00%(upstream:short)%00%(objectname)%00%(upstream:track)%00%(upstream:remotename)%00%(upstream:remoteref) refs/heads/main refs/remotes/main [4ms]
2024-04-23 08:26:00.689 [info] > git status -z -uall [389ms]
2024-04-23 08:26:02.507 [info] > git show --textconv :ligue1-frontend/src/pages/HomePage/HomePage.js [62ms]
2024-04-23 08:26:02.518 [info] > git ls-files --stage -- /home/louis/ligue1-frontend/src/pages/HomePage/HomePage.js [21ms]
2024-04-23 08:26:02.571 [info] > git cat-file -s 5ad876a6b403e3ef5931464ed43ba49c5baaad25 [3ms]
2024-04-23 08:26:05.829 [info] > git config --get commit.template [46ms]
2024-04-23 08:26:05.831 [info] > git for-each-ref --format=%(refname)%00%(upstream:short)%00%(objectname)%00%(upstream:track)%00%(upstream:remotename)%00%(upstream:remoteref) refs/heads/main refs/remotes/main [3ms]
2024-04-23 08:26:06.261 [info] > git status -z -uall [386ms]
2024-04-23 08:26:11.527 [info] > git config --get commit.template [167ms]
2024-04-23 08:26:11.563 [info] > git for-each-ref --format=%(refname)%00%(upstream:short)%00%(objectname)%00%(upstream:track)%00%(upstream:remotename)%00%(upstream:remoteref) refs/heads/main refs/remotes/main [52ms]
2024-04-23 08:26:12.911 [info] > git status -z -uall [1277ms]
2024-04-23 08:26:18.249 [info] > git config --get commit.template [149ms]
2024-04-23 08:26:18.256 [info] > git for-each-ref --format=%(refname)%00%(upstream:short)%00%(objectname)%00%(upstream:track)%00%(upstream:remotename)%00%(upstream:remoteref) refs/heads/main refs/remotes/main [8ms]
2024-04-23 08:26:19.076 [info] > git status -z -uall [685ms]
2024-04-23 08:26:24.195 [info] > git config --get commit.template [45ms]
2024-04-23 08:26:24.197 [info] > git for-each-ref --format=%(refname)%00%(upstream:short)%00%(objectname)%00%(upstream:track)%00%(upstream:remotename)%00%(upstream:remoteref) refs/heads/main refs/remotes/main [3ms]
2024-04-23 08:26:24.650 [info] > git status -z -uall [407ms]
2024-04-23 08:27:37.806 [info] > git config --get commit.template [53ms]
2024-04-23 08:27:37.808 [info] > git for-each-ref --format=%(refname)%00%(upstream:short)%00%(objectname)%00%(upstream:track)%00%(upstream:remotename)%00%(upstream:remoteref) refs/heads/main refs/remotes/main [4ms]
2024-04-23 08:27:38.230 [info] > git status -z -uall [377ms]
2024-04-23 08:27:43.356 [info] > git config --get commit.template [45ms]
2024-04-23 08:27:43.357 [info] > git for-each-ref --format=%(refname)%00%(upstream:short)%00%(objectname)%00%(upstream:track)%00%(upstream:remotename)%00%(upstream:remoteref) refs/heads/main refs/remotes/main [3ms]
2024-04-23 08:27:43.792 [info] > git status -z -uall [391ms]
2024-04-23 08:27:54.618 [info] > git config --get commit.template [44ms]
2024-04-23 08:27:54.619 [info] > git for-each-ref --format=%(refname)%00%(upstream:short)%00%(objectname)%00%(upstream:track)%00%(upstream:remotename)%00%(upstream:remoteref) refs/heads/main refs/remotes/main [2ms]
2024-04-23 08:27:55.009 [info] > git status -z -uall [352ms]
2024-04-23 08:28:00.107 [info] > git config --get commit.template [4ms]
2024-04-23 08:28:00.153 [info] > git for-each-ref --format=%(refname)%00%(upstream:short)%00%(objectname)%00%(upstream:track)%00%(upstream:remotename)%00%(upstream:remoteref) refs/heads/main refs/remotes/main [3ms]
2024-04-23 08:28:00.577 [info] > git status -z -uall [378ms]
2024-04-23 08:28:00.827 [info] > git check-ignore -v -z --stdin [116ms]
2024-04-23 08:28:02.485 [info] > git check-ignore -v -z --stdin [38ms]
2024-04-23 08:28:05.721 [info] > git config --get commit.template [48ms]
2024-04-23 08:28:05.722 [info] > git for-each-ref --format=%(refname)%00%(upstream:short)%00%(objectname)%00%(upstream:track)%00%(upstream:remotename)%00%(upstream:remoteref) refs/heads/main refs/remotes/main [3ms]
2024-04-23 08:28:06.145 [info] > git status -z -uall [377ms]
2024-04-23 08:28:09.433 [info] > git show --textconv :ligue1-frontend/src/components/EquipeTop/Equipetop.js [61ms]
2024-04-23 08:28:09.456 [info] > git ls-files --stage -- /home/louis/ligue1-frontend/src/components/EquipeTop/Equipetop.js [31ms]
2024-04-23 08:28:09.507 [info] > git cat-file -s 2fd3246a02635c0dee7007dea35aca22f008930f [2ms]
2024-04-23 08:28:11.276 [info] > git config --get commit.template [46ms]
2024-04-23 08:28:11.278 [info] > git for-each-ref --format=%(refname)%00%(upstream:short)%00%(objectname)%00%(upstream:track)%00%(upstream:remotename)%00%(upstream:remoteref) refs/heads/main refs/remotes/main [4ms]
2024-04-23 08:28:11.723 [info] > git status -z -uall [401ms]
2024-04-23 08:28:52.234 [info] > git config --get commit.template [50ms]
2024-04-23 08:28:52.237 [info] > git for-each-ref --format=%(refname)%00%(upstream:short)%00%(objectname)%00%(upstream:track)%00%(upstream:remotename)%00%(upstream:remoteref) refs/heads/main refs/remotes/main [4ms]
2024-04-23 08:28:52.688 [info] > git status -z -uall [405ms]
2024-04-23 08:28:54.985 [info] > git show --textconv :ligue1-frontend/src/pages/HomePage/HomePage.js [84ms]
2024-04-23 08:28:54.992 [info] > git ls-files --stage -- /home/louis/ligue1-frontend/src/pages/HomePage/HomePage.js [32ms]
2024-04-23 08:28:55.046 [info] > git cat-file -s 5ad876a6b403e3ef5931464ed43ba49c5baaad25 [5ms]
2024-04-23 08:28:58.037 [info] > git config --get commit.template [187ms]
2024-04-23 08:28:58.064 [info] > git for-each-ref --format=%(refname)%00%(upstream:short)%00%(objectname)%00%(upstream:track)%00%(upstream:remotename)%00%(upstream:remoteref) refs/heads/main refs/remotes/main [29ms]
2024-04-23 08:28:58.884 [info] > git status -z -uall [654ms]
2024-04-23 08:29:04.045 [info] > git config --get commit.template [58ms]
2024-04-23 08:29:04.048 [info] > git for-each-ref --format=%(refname)%00%(upstream:short)%00%(objectname)%00%(upstream:track)%00%(upstream:remotename)%00%(upstream:remoteref) refs/heads/main refs/remotes/main [4ms]
2024-04-23 08:29:04.511 [info] > git status -z -uall [410ms]
2024-04-23 08:29:09.648 [info] > git config --get commit.template [52ms]
2024-04-23 08:29:09.649 [info] > git for-each-ref --format=%(refname)%00%(upstream:short)%00%(objectname)%00%(upstream:track)%00%(upstream:remotename)%00%(upstream:remoteref) refs/heads/main refs/remotes/main [3ms]
2024-04-23 08:29:10.083 [info] > git status -z -uall [383ms]
2024-04-23 08:29:10.620 [info] > git check-ignore -v -z --stdin [18ms]
2024-04-23 08:29:14.077 [info] > git check-ignore -v -z --stdin [9ms]
2024-04-23 08:29:14.612 [info] > git show --textconv :ligue1-frontend/src/app/App.js [55ms]
2024-04-23 08:29:14.624 [info] > git ls-files --stage -- /home/louis/ligue1-frontend/src/app/App.js [18ms]
2024-04-23 08:29:14.677 [info] > git cat-file -s ccd7311104569b8125462637331cfdd360738d5a [3ms]
2024-04-23 08:29:15.226 [info] > git config --get commit.template [3ms]
2024-04-23 08:29:15.277 [info] > git for-each-ref --format=%(refname)%00%(upstream:short)%00%(objectname)%00%(upstream:track)%00%(upstream:remotename)%00%(upstream:remoteref) refs/heads/main refs/remotes/main [7ms]
2024-04-23 08:29:15.775 [info] > git status -z -uall [403ms]
2024-04-23 08:29:20.925 [info] > git config --get commit.template [55ms]
2024-04-23 08:29:20.926 [info] > git for-each-ref --format=%(refname)%00%(upstream:short)%00%(objectname)%00%(upstream:track)%00%(upstream:remotename)%00%(upstream:remoteref) refs/heads/main refs/remotes/main [3ms]
2024-04-23 08:29:21.379 [info] > git status -z -uall [402ms]
2024-04-23 08:29:26.517 [info] > git config --get commit.template [45ms]
2024-04-23 08:29:26.518 [info] > git for-each-ref --format=%(refname)%00%(upstream:short)%00%(objectname)%00%(upstream:track)%00%(upstream:remotename)%00%(upstream:remoteref) refs/heads/main refs/remotes/main [4ms]
2024-04-23 08:29:26.965 [info] > git status -z -uall [397ms]
2024-04-23 08:29:30.822 [info] > git show --textconv :ligue1-frontend/src/pages/HomePage/HomePage.js [56ms]
2024-04-23 08:29:30.838 [info] > git ls-files --stage -- /home/louis/ligue1-frontend/src/pages/HomePage/HomePage.js [25ms]
2024-04-23 08:29:30.881 [info] > git cat-file -s 5ad876a6b403e3ef5931464ed43ba49c5baaad25 [3ms]
2024-04-23 08:29:32.103 [info] > git config --get commit.template [47ms]
2024-04-23 08:29:32.109 [info] > git for-each-ref --format=%(refname)%00%(upstream:short)%00%(objectname)%00%(upstream:track)%00%(upstream:remotename)%00%(upstream:remoteref) refs/heads/main refs/remotes/main [7ms]
2024-04-23 08:29:32.577 [info] > git status -z -uall [418ms]
2024-04-23 08:29:37.886 [info] > git config --get commit.template [122ms]
2024-04-23 08:29:37.892 [info] > git for-each-ref --format=%(refname)%00%(upstream:short)%00%(objectname)%00%(upstream:track)%00%(upstream:remotename)%00%(upstream:remoteref) refs/heads/main refs/remotes/main [9ms]
2024-04-23 08:29:38.525 [info] > git status -z -uall [523ms]
2024-04-23 08:29:43.860 [info] > git config --get commit.template [118ms]
2024-04-23 08:29:43.893 [info] > git for-each-ref --format=%(refname)%00%(upstream:short)%00%(objectname)%00%(upstream:track)%00%(upstream:remotename)%00%(upstream:remoteref) refs/heads/main refs/remotes/main [36ms]
2024-04-23 08:29:45.281 [info] > git status -z -uall [1282ms]
2024-04-23 08:29:58.573 [info] > git config --get commit.template [52ms]
2024-04-23 08:29:58.574 [info] > git for-each-ref --format=%(refname)%00%(upstream:short)%00%(objectname)%00%(upstream:track)%00%(upstream:remotename)%00%(upstream:remoteref) refs/heads/main refs/remotes/main [3ms]
2024-04-23 08:29:59.008 [info] > git status -z -uall [384ms]
2024-04-23 08:30:04.171 [info] > git config --get commit.template [61ms]
2024-04-23 08:30:04.173 [info] > git for-each-ref --format=%(refname)%00%(upstream:short)%00%(objectname)%00%(upstream:track)%00%(upstream:remotename)%00%(upstream:remoteref) refs/heads/main refs/remotes/main [4ms]
2024-04-23 08:30:04.672 [info] > git status -z -uall [441ms]
2024-04-23 08:30:09.795 [info] > git config --get commit.template [3ms]
2024-04-23 08:30:09.866 [info] > git for-each-ref --format=%(refname)%00%(upstream:short)%00%(objectname)%00%(upstream:track)%00%(upstream:remotename)%00%(upstream:remoteref) refs/heads/main refs/remotes/main [9ms]
2024-04-23 08:30:10.369 [info] > git status -z -uall [452ms]
2024-04-23 08:30:15.509 [info] > git config --get commit.template [54ms]
2024-04-23 08:30:15.510 [info] > git for-each-ref --format=%(refname)%00%(upstream:short)%00%(objectname)%00%(upstream:track)%00%(upstream:remotename)%00%(upstream:remoteref) refs/heads/main refs/remotes/main [3ms]
2024-04-23 08:30:15.935 [info] > git status -z -uall [378ms]
2024-04-23 08:30:21.031 [info] > git config --get commit.template [2ms]
2024-04-23 08:30:21.077 [info] > git for-each-ref --format=%(refname)%00%(upstream:short)%00%(objectname)%00%(upstream:track)%00%(upstream:remotename)%00%(upstream:remoteref) refs/heads/main refs/remotes/main [4ms]
2024-04-23 08:30:21.518 [info] > git status -z -uall [393ms]
2024-04-23 08:30:26.654 [info] > git config --get commit.template [43ms]
2024-04-23 08:30:26.656 [info] > git for-each-ref --format=%(refname)%00%(upstream:short)%00%(objectname)%00%(upstream:track)%00%(upstream:remotename)%00%(upstream:remoteref) refs/heads/main refs/remotes/main [3ms]
2024-04-23 08:30:27.069 [info] > git status -z -uall [371ms]
2024-04-23 08:30:32.143 [info] > git config --get commit.template [3ms]
2024-04-23 08:30:32.234 [info] > git for-each-ref --format=%(refname)%00%(upstream:short)%00%(objectname)%00%(upstream:track)%00%(upstream:remotename)%00%(upstream:remoteref) refs/heads/main refs/remotes/main [33ms]
2024-04-23 08:30:32.721 [info] > git status -z -uall [436ms]
2024-04-23 08:30:37.869 [info] > git config --get commit.template [47ms]
2024-04-23 08:30:37.870 [info] > git for-each-ref --format=%(refname)%00%(upstream:short)%00%(objectname)%00%(upstream:track)%00%(upstream:remotename)%00%(upstream:remoteref) refs/heads/main refs/remotes/main [3ms]
2024-04-23 08:30:38.348 [info] > git status -z -uall [426ms]
2024-04-23 08:30:43.701 [info] > git config --get commit.template [17ms]
2024-04-23 08:30:43.765 [info] > git for-each-ref --format=%(refname)%00%(upstream:short)%00%(objectname)%00%(upstream:track)%00%(upstream:remotename)%00%(upstream:remoteref) refs/heads/main refs/remotes/main [13ms]
2024-04-23 08:30:44.497 [info] > git status -z -uall [682ms]
2024-04-23 08:30:49.067 [info] > git show --textconv :ligue1-frontend/src/pages/Classement/ClassementSummary.js [56ms]
2024-04-23 08:30:49.071 [info] > git ls-files --stage -- /home/louis/ligue1-frontend/src/pages/Classement/ClassementSummary.js [16ms]
2024-04-23 08:30:49.628 [info] > git config --get commit.template [46ms]
2024-04-23 08:30:49.631 [info] > git for-each-ref --format=%(refname)%00%(upstream:short)%00%(objectname)%00%(upstream:track)%00%(upstream:remotename)%00%(upstream:remoteref) refs/heads/main refs/remotes/main [4ms]
2024-04-23 08:30:50.042 [info] > git status -z -uall [369ms]
2024-04-23 08:30:51.058 [info] > git show --textconv :ligue1-frontend/src/components/EquipeTop/Equipetop.js [71ms]
2024-04-23 08:30:51.079 [info] > git ls-files --stage -- /home/louis/ligue1-frontend/src/components/EquipeTop/Equipetop.js [33ms]
2024-04-23 08:30:51.130 [info] > git cat-file -s 2fd3246a02635c0dee7007dea35aca22f008930f [3ms]
2024-04-23 08:30:54.576 [info] > git show --textconv :ligue1-frontend/src/app/App.js [49ms]
2024-04-23 08:30:54.583 [info] > git ls-files --stage -- /home/louis/ligue1-frontend/src/app/App.js [18ms]
2024-04-23 08:30:54.626 [info] > git cat-file -s ccd7311104569b8125462637331cfdd360738d5a [2ms]
2024-04-23 08:30:55.163 [info] > git config --get commit.template [46ms]
2024-04-23 08:30:55.174 [info] > git for-each-ref --format=%(refname)%00%(upstream:short)%00%(objectname)%00%(upstream:track)%00%(upstream:remotename)%00%(upstream:remoteref) refs/heads/main refs/remotes/main [12ms]
2024-04-23 08:30:55.513 [info] > git show --textconv :ligue1-frontend/src/pages/Classement/ClassementSummary.js [72ms]
2024-04-23 08:30:55.533 [info] > git ls-files --stage -- /home/louis/ligue1-frontend/src/pages/Classement/ClassementSummary.js [39ms]
2024-04-23 08:30:55.623 [info] > git status -z -uall [394ms]
2024-04-23 08:30:56.682 [info] > git show --textconv :ligue1-frontend/src/pages/HomePage/HomePage.js [60ms]
2024-04-23 08:30:56.690 [info] > git ls-files --stage -- /home/louis/ligue1-frontend/src/pages/HomePage/HomePage.js [17ms]
2024-04-23 08:30:56.743 [info] > git cat-file -s 5ad876a6b403e3ef5931464ed43ba49c5baaad25 [3ms]
2024-04-23 08:31:00.744 [info] > git for-each-ref --format=%(refname)%00%(upstream:short)%00%(objectname)%00%(upstream:track)%00%(upstream:remotename)%00%(upstream:remoteref) refs/heads/main refs/remotes/main [7ms]
2024-04-23 08:31:00.745 [info] > git config --get commit.template [48ms]
2024-04-23 08:31:01.139 [info] > git status -z -uall [354ms]
2024-04-23 08:31:06.253 [info] > git config --get commit.template [42ms]
2024-04-23 08:31:06.255 [info] > git for-each-ref --format=%(refname)%00%(upstream:short)%00%(objectname)%00%(upstream:track)%00%(upstream:remotename)%00%(upstream:remoteref) refs/heads/main refs/remotes/main [3ms]
2024-04-23 08:31:06.654 [info] > git status -z -uall [352ms]
2024-04-23 08:31:11.730 [info] > git config --get commit.template [2ms]
2024-04-23 08:31:11.782 [info] > git for-each-ref --format=%(refname)%00%(upstream:short)%00%(objectname)%00%(upstream:track)%00%(upstream:remotename)%00%(upstream:remoteref) refs/heads/main refs/remotes/main [3ms]
2024-04-23 08:31:12.261 [info] > git status -z -uall [438ms]
2024-04-23 08:31:21.729 [info] > git config --get commit.template [8ms]
2024-04-23 08:31:22.059 [info] > git for-each-ref --format=%(refname)%00%(upstream:short)%00%(objectname)%00%(upstream:track)%00%(upstream:remotename)%00%(upstream:remoteref) refs/heads/main refs/remotes/main [288ms]
2024-04-23 08:31:22.669 [info] > git status -z -uall [535ms]
2024-04-23 08:31:27.756 [info] > git config --get commit.template [15ms]
2024-04-23 08:31:27.814 [info] > git for-each-ref --format=%(refname)%00%(upstream:short)%00%(objectname)%00%(upstream:track)%00%(upstream:remotename)%00%(upstream:remoteref) refs/heads/main refs/remotes/main [5ms]
2024-04-23 08:31:28.253 [info] > git status -z -uall [385ms]
2024-04-23 08:31:33.347 [info] > git config --get commit.template [6ms]
2024-04-23 08:31:33.400 [info] > git for-each-ref --format=%(refname)%00%(upstream:short)%00%(objectname)%00%(upstream:track)%00%(upstream:remotename)%00%(upstream:remoteref) refs/heads/main refs/remotes/main [3ms]
2024-04-23 08:31:33.947 [info] > git status -z -uall [497ms]
2024-04-23 08:31:39.527 [info] > git config --get commit.template [284ms]
2024-04-23 08:31:39.572 [info] > git for-each-ref --format=%(refname)%00%(upstream:short)%00%(objectname)%00%(upstream:track)%00%(upstream:remotename)%00%(upstream:remoteref) refs/heads/main refs/remotes/main [3ms]
2024-04-23 08:31:39.971 [info] > git status -z -uall [363ms]
2024-04-23 08:31:45.181 [info] > git config --get commit.template [6ms]
2024-04-23 08:31:45.229 [info] > git for-each-ref --format=%(refname)%00%(upstream:short)%00%(objectname)%00%(upstream:track)%00%(upstream:remotename)%00%(upstream:remoteref) refs/heads/main refs/remotes/main [3ms]
2024-04-23 08:31:45.916 [info] > git status -z -uall [638ms]
2024-04-23 08:31:50.993 [info] > git config --get commit.template [2ms]
2024-04-23 08:31:51.047 [info] > git for-each-ref --format=%(refname)%00%(upstream:short)%00%(objectname)%00%(upstream:track)%00%(upstream:remotename)%00%(upstream:remoteref) refs/heads/main refs/remotes/main [3ms]
2024-04-23 08:31:51.464 [info] > git status -z -uall [370ms]
2024-04-23 08:33:04.674 [info] > git config --get commit.template [45ms]
2024-04-23 08:33:04.676 [info] > git for-each-ref --format=%(refname)%00%(upstream:short)%00%(objectname)%00%(upstream:track)%00%(upstream:remotename)%00%(upstream:remoteref) refs/heads/main refs/remotes/main [3ms]
2024-04-23 08:33:05.114 [info] > git status -z -uall [391ms]
2024-04-23 08:33:10.259 [info] > git config --get commit.template [47ms]
2024-04-23 08:33:10.261 [info] > git for-each-ref --format=%(refname)%00%(upstream:short)%00%(objectname)%00%(upstream:track)%00%(upstream:remotename)%00%(upstream:remoteref) refs/heads/main refs/remotes/main [3ms]
2024-04-23 08:33:10.706 [info] > git status -z -uall [396ms]
2024-04-23 08:33:15.785 [info] > git config --get commit.template [5ms]
2024-04-23 08:33:15.825 [info] > git for-each-ref --format=%(refname)%00%(upstream:short)%00%(objectname)%00%(upstream:track)%00%(upstream:remotename)%00%(upstream:remoteref) refs/heads/main refs/remotes/main [4ms]
2024-04-23 08:33:16.431 [info] > git status -z -uall [567ms]
2024-04-23 08:33:21.579 [info] > git config --get commit.template [78ms]
2024-04-23 08:33:21.625 [info] > git for-each-ref --format=%(refname)%00%(upstream:short)%00%(objectname)%00%(upstream:track)%00%(upstream:remotename)%00%(upstream:remoteref) refs/heads/main refs/remotes/main [50ms]
2024-04-23 08:33:22.606 [info] > git status -z -uall [896ms]
2024-04-23 08:33:27.829 [info] > git config --get commit.template [68ms]
2024-04-23 08:33:28.138 [info] > git for-each-ref --format=%(refname)%00%(upstream:short)%00%(objectname)%00%(upstream:track)%00%(upstream:remotename)%00%(upstream:remoteref) refs/heads/main refs/remotes/main [320ms]
2024-04-23 08:33:29.314 [info] > git status -z -uall [454ms]
2024-04-23 08:33:34.518 [info] > git config --get commit.template [46ms]
2024-04-23 08:33:34.523 [info] > git for-each-ref --format=%(refname)%00%(upstream:short)%00%(objectname)%00%(upstream:track)%00%(upstream:remotename)%00%(upstream:remoteref) refs/heads/main refs/remotes/main [6ms]
2024-04-23 08:33:35.226 [info] > git status -z -uall [656ms]
2024-04-23 08:33:40.336 [info] > git config --get commit.template [44ms]
2024-04-23 08:33:40.337 [info] > git for-each-ref --format=%(refname)%00%(upstream:short)%00%(objectname)%00%(upstream:track)%00%(upstream:remotename)%00%(upstream:remoteref) refs/heads/main refs/remotes/main [3ms]
2024-04-23 08:33:41.011 [info] > git status -z -uall [634ms]
2024-04-23 08:33:46.143 [info] > git config --get commit.template [56ms]
2024-04-23 08:33:46.148 [info] > git for-each-ref --format=%(refname)%00%(upstream:short)%00%(objectname)%00%(upstream:track)%00%(upstream:remotename)%00%(upstream:remoteref) refs/heads/main refs/remotes/main [8ms]
2024-04-23 08:33:46.607 [info] > git status -z -uall [420ms]
2024-04-23 08:33:51.761 [info] > git config --get commit.template [77ms]
2024-04-23 08:33:51.794 [info] > git for-each-ref --format=%(refname)%00%(upstream:short)%00%(objectname)%00%(upstream:track)%00%(upstream:remotename)%00%(upstream:remoteref) refs/heads/main refs/remotes/main [43ms]
2024-04-23 08:33:52.281 [info] > git status -z -uall [427ms]
2024-04-23 08:36:53.993 [info] > git config --get commit.template [1211ms]
2024-04-23 08:36:54.436 [info] > git for-each-ref --format=%(refname)%00%(upstream:short)%00%(objectname)%00%(upstream:track)%00%(upstream:remotename)%00%(upstream:remoteref) refs/heads/main refs/remotes/main [311ms]
2024-04-23 08:36:56.452 [info] > git status -z -uall [1920ms]
