2024-05-07 12:43:18.108 [info] Log level: Info
2024-05-07 12:43:18.108 [info] Validating found git in: "git"
2024-05-07 12:43:18.108 [info] Using git "2.39.2" from "git"
2024-05-07 12:43:18.108 [info] > git rev-parse --show-toplevel [2135ms]
2024-05-07 12:43:18.113 [info] > git rev-parse --git-dir --git-common-dir [472ms]
2024-05-07 12:43:18.201 [info] Open repository: /home/louis
2024-05-07 12:43:18.403 [info] > git rev-parse --show-toplevel [93ms]
2024-05-07 12:43:18.405 [info] > git config --get commit.template [153ms]
2024-05-07 12:43:18.568 [info] > git rev-parse --show-toplevel [89ms]
2024-05-07 12:43:18.570 [info] > git for-each-ref --format=%(refname)%00%(upstream:short)%00%(objectname)%00%(upstream:track)%00%(upstream:remotename)%00%(upstream:remoteref) refs/heads/main refs/remotes/main [20ms]
2024-05-07 12:43:18.757 [info] > git rev-parse --show-toplevel [108ms]
2024-05-07 12:43:19.071 [info] > git rev-parse --show-toplevel [176ms]
2024-05-07 12:43:19.176 [info] > git rev-parse --show-toplevel [30ms]
2024-05-07 12:43:19.269 [info] > git rev-parse --show-toplevel [24ms]
2024-05-07 12:43:19.357 [info] > git rev-parse --show-toplevel [22ms]
2024-05-07 12:43:19.408 [info] > git rev-parse --show-toplevel [21ms]
2024-05-07 12:43:22.410 [info] > git check-ignore -v -z --stdin [3391ms]
2024-05-07 12:43:22.423 [info] > git rev-parse --show-toplevel [2945ms]
2024-05-07 12:43:23.224 [info] > git rev-parse --show-toplevel [22ms]
2024-05-07 12:43:23.347 [info] > git rev-parse --show-toplevel [67ms]
2024-05-07 12:43:23.945 [info] > git status -z -uall [5192ms]
2024-05-07 12:43:23.946 [info] > git rev-parse --show-toplevel [59ms]
2024-05-07 12:43:25.301 [info] > git merge-base refs/heads/main refs/remotes/origin/main [1226ms]
2024-05-07 12:43:25.349 [info] > git config --get commit.template [90ms]
2024-05-07 12:43:25.349 [info] > git rev-parse --show-toplevel [114ms]
2024-05-07 12:43:25.607 [info] > git show --textconv :ligue1-frontend/src/pages/Menu/Menu.js [208ms]
2024-05-07 12:43:25.609 [info] > git rev-list --count --left-right refs/heads/main...refs/remotes/origin/main [280ms]
2024-05-07 12:43:27.258 [info] > git ls-files --stage -- /home/louis/ligue1-frontend/src/pages/Menu/Menu.js [1788ms]
2024-05-07 12:43:27.555 [info] > git cat-file -s 935daa6bd69870fd6cc511cb8d27f1a76a43dcff [276ms]
2024-05-07 12:43:27.557 [info] > git for-each-ref --format=%(refname)%00%(upstream:short)%00%(objectname)%00%(upstream:track)%00%(upstream:remotename)%00%(upstream:remoteref) refs/heads/main refs/remotes/main [343ms]
2024-05-07 12:43:27.564 [info] > git diff --name-status -z --diff-filter=ADMR 016921bdb49c091c7a583b20acbbadb709a9c4fb...refs/remotes/origin/main [1882ms]
2024-05-07 12:43:31.256 [info] > git status -z -uall [3540ms]
2024-05-07 12:45:34.169 [info] > git config --get commit.template [3ms]
2024-05-07 12:45:34.230 [info] > git for-each-ref --format=%(refname)%00%(upstream:short)%00%(objectname)%00%(upstream:track)%00%(upstream:remotename)%00%(upstream:remoteref) refs/heads/main refs/remotes/main [9ms]
2024-05-07 12:45:36.084 [info] > git check-ignore -v -z --stdin [61ms]
2024-05-07 12:45:36.695 [info] > git status -z -uall [2409ms]
2024-05-07 12:45:41.973 [info] > git config --get commit.template [43ms]
2024-05-07 12:45:41.974 [info] > git for-each-ref --format=%(refname)%00%(upstream:short)%00%(objectname)%00%(upstream:track)%00%(upstream:remotename)%00%(upstream:remoteref) refs/heads/main refs/remotes/main [4ms]
2024-05-07 12:45:43.914 [info] > git status -z -uall [1898ms]
2024-05-07 12:45:44.614 [info] > git check-ignore -v -z --stdin [18ms]
2024-05-07 12:45:46.856 [info] > git show --textconv :ligue1-frontend/src/pages/ShowPlayer/ShowPlayer.js [44ms]
2024-05-07 12:45:46.876 [info] > git ls-files --stage -- /home/louis/ligue1-frontend/src/pages/ShowPlayer/ShowPlayer.js [23ms]
2024-05-07 12:45:46.909 [info] > git cat-file -s 4cb532645e61bdee3cb919b10905c59f24454a59 [8ms]
2024-05-07 12:45:49.045 [info] > git config --get commit.template [3ms]
2024-05-07 12:45:49.074 [info] > git for-each-ref --format=%(refname)%00%(upstream:short)%00%(objectname)%00%(upstream:track)%00%(upstream:remotename)%00%(upstream:remoteref) refs/heads/main refs/remotes/main [2ms]
2024-05-07 12:45:50.963 [info] > git status -z -uall [1860ms]
2024-05-07 12:45:56.105 [info] > git config --get commit.template [33ms]
2024-05-07 12:45:56.107 [info] > git for-each-ref --format=%(refname)%00%(upstream:short)%00%(objectname)%00%(upstream:track)%00%(upstream:remotename)%00%(upstream:remoteref) refs/heads/main refs/remotes/main [3ms]
2024-05-07 12:45:58.363 [info] > git check-ignore -v -z --stdin [805ms]
2024-05-07 12:45:59.502 [info] > git status -z -uall [3353ms]
2024-05-07 12:49:58.117 [info] > git config --get commit.template [27ms]
2024-05-07 12:49:58.118 [info] > git for-each-ref --format=%(refname)%00%(upstream:short)%00%(objectname)%00%(upstream:track)%00%(upstream:remotename)%00%(upstream:remoteref) refs/heads/main refs/remotes/main [5ms]
2024-05-07 12:50:00.005 [info] > git status -z -uall [1861ms]
2024-05-07 12:50:05.156 [info] > git config --get commit.template [18ms]
2024-05-07 12:50:05.206 [info] > git for-each-ref --format=%(refname)%00%(upstream:short)%00%(objectname)%00%(upstream:track)%00%(upstream:remotename)%00%(upstream:remoteref) refs/heads/main refs/remotes/main [4ms]
2024-05-07 12:50:06.863 [info] > git status -z -uall [1614ms]
2024-05-07 12:52:31.374 [info] > git config --get commit.template [33ms]
2024-05-07 12:52:31.376 [info] > git for-each-ref --format=%(refname)%00%(upstream:short)%00%(objectname)%00%(upstream:track)%00%(upstream:remotename)%00%(upstream:remoteref) refs/heads/main refs/remotes/main [5ms]
2024-05-07 12:52:33.195 [info] > git status -z -uall [1790ms]
2024-05-07 12:52:38.362 [info] > git config --get commit.template [32ms]
2024-05-07 12:52:38.363 [info] > git for-each-ref --format=%(refname)%00%(upstream:short)%00%(objectname)%00%(upstream:track)%00%(upstream:remotename)%00%(upstream:remoteref) refs/heads/main refs/remotes/main [3ms]
2024-05-07 12:52:40.168 [info] > git status -z -uall [1777ms]
2024-05-07 12:52:45.270 [info] > git config --get commit.template [2ms]
2024-05-07 12:52:45.305 [info] > git for-each-ref --format=%(refname)%00%(upstream:short)%00%(objectname)%00%(upstream:track)%00%(upstream:remotename)%00%(upstream:remoteref) refs/heads/main refs/remotes/main [3ms]
2024-05-07 12:52:47.271 [info] > git status -z -uall [1933ms]
2024-05-07 12:52:52.411 [info] > git config --get commit.template [30ms]
2024-05-07 12:52:52.412 [info] > git for-each-ref --format=%(refname)%00%(upstream:short)%00%(objectname)%00%(upstream:track)%00%(upstream:remotename)%00%(upstream:remoteref) refs/heads/main refs/remotes/main [3ms]
2024-05-07 12:52:54.307 [info] > git status -z -uall [1863ms]
2024-05-07 12:52:59.429 [info] > git config --get commit.template [2ms]
2024-05-07 12:52:59.466 [info] > git for-each-ref --format=%(refname)%00%(upstream:short)%00%(objectname)%00%(upstream:track)%00%(upstream:remotename)%00%(upstream:remoteref) refs/heads/main refs/remotes/main [3ms]
2024-05-07 12:53:01.369 [info] > git status -z -uall [1869ms]
2024-05-07 12:53:06.489 [info] > git config --get commit.template [33ms]
2024-05-07 12:53:06.490 [info] > git for-each-ref --format=%(refname)%00%(upstream:short)%00%(objectname)%00%(upstream:track)%00%(upstream:remotename)%00%(upstream:remoteref) refs/heads/main refs/remotes/main [4ms]
2024-05-07 12:53:08.273 [info] > git status -z -uall [1751ms]
2024-05-07 12:53:13.394 [info] > git config --get commit.template [42ms]
2024-05-07 12:53:13.396 [info] > git for-each-ref --format=%(refname)%00%(upstream:short)%00%(objectname)%00%(upstream:track)%00%(upstream:remotename)%00%(upstream:remoteref) refs/heads/main refs/remotes/main [3ms]
2024-05-07 12:53:15.264 [info] > git status -z -uall [1833ms]
2024-05-07 12:53:20.363 [info] > git config --get commit.template [2ms]
2024-05-07 12:53:20.399 [info] > git for-each-ref --format=%(refname)%00%(upstream:short)%00%(objectname)%00%(upstream:track)%00%(upstream:remotename)%00%(upstream:remoteref) refs/heads/main refs/remotes/main [3ms]
2024-05-07 12:53:22.225 [info] > git status -z -uall [1789ms]
2024-05-07 12:53:27.661 [info] > git config --get commit.template [25ms]
2024-05-07 12:53:28.027 [info] > git for-each-ref --format=%(refname)%00%(upstream:short)%00%(objectname)%00%(upstream:track)%00%(upstream:remotename)%00%(upstream:remoteref) refs/heads/main refs/remotes/main [23ms]
2024-05-07 12:53:31.942 [info] > git status -z -uall [3619ms]
2024-05-07 12:53:37.206 [info] > git config --get commit.template [4ms]
2024-05-07 12:53:37.252 [info] > git for-each-ref --format=%(refname)%00%(upstream:short)%00%(objectname)%00%(upstream:track)%00%(upstream:remotename)%00%(upstream:remoteref) refs/heads/main refs/remotes/main [6ms]
2024-05-07 12:53:40.285 [info] > git status -z -uall [2989ms]
2024-05-07 12:53:45.398 [info] > git config --get commit.template [19ms]
2024-05-07 12:53:45.446 [info] > git for-each-ref --format=%(refname)%00%(upstream:short)%00%(objectname)%00%(upstream:track)%00%(upstream:remotename)%00%(upstream:remoteref) refs/heads/main refs/remotes/main [4ms]
2024-05-07 12:53:47.381 [info] > git status -z -uall [1873ms]
2024-05-07 12:53:52.519 [info] > git config --get commit.template [42ms]
2024-05-07 12:53:52.520 [info] > git for-each-ref --format=%(refname)%00%(upstream:short)%00%(objectname)%00%(upstream:track)%00%(upstream:remotename)%00%(upstream:remoteref) refs/heads/main refs/remotes/main [4ms]
2024-05-07 12:53:54.341 [info] > git status -z -uall [1774ms]
2024-05-07 12:53:59.472 [info] > git config --get commit.template [42ms]
2024-05-07 12:53:59.474 [info] > git for-each-ref --format=%(refname)%00%(upstream:short)%00%(objectname)%00%(upstream:track)%00%(upstream:remotename)%00%(upstream:remoteref) refs/heads/main refs/remotes/main [4ms]
2024-05-07 12:54:01.253 [info] > git status -z -uall [1735ms]
2024-05-07 12:54:06.717 [info] > git config --get commit.template [165ms]
2024-05-07 12:54:07.469 [info] > git for-each-ref --format=%(refname)%00%(upstream:short)%00%(objectname)%00%(upstream:track)%00%(upstream:remotename)%00%(upstream:remoteref) refs/heads/main refs/remotes/main [541ms]
2024-05-07 12:54:09.610 [info] > git status -z -uall [2058ms]
2024-05-07 12:54:14.760 [info] > git config --get commit.template [43ms]
2024-05-07 12:54:14.765 [info] > git for-each-ref --format=%(refname)%00%(upstream:short)%00%(objectname)%00%(upstream:track)%00%(upstream:remotename)%00%(upstream:remoteref) refs/heads/main refs/remotes/main [6ms]
2024-05-07 12:54:16.638 [info] > git status -z -uall [1829ms]
2024-05-07 12:54:21.737 [info] > git config --get commit.template [3ms]
2024-05-07 12:54:21.785 [info] > git for-each-ref --format=%(refname)%00%(upstream:short)%00%(objectname)%00%(upstream:track)%00%(upstream:remotename)%00%(upstream:remoteref) refs/heads/main refs/remotes/main [3ms]
2024-05-07 12:54:23.830 [info] > git status -z -uall [1998ms]
2024-05-07 12:54:28.962 [info] > git config --get commit.template [45ms]
2024-05-07 12:54:28.963 [info] > git for-each-ref --format=%(refname)%00%(upstream:short)%00%(objectname)%00%(upstream:track)%00%(upstream:remotename)%00%(upstream:remoteref) refs/heads/main refs/remotes/main [3ms]
2024-05-07 12:54:30.765 [info] > git status -z -uall [1757ms]
2024-05-07 12:54:35.894 [info] > git config --get commit.template [42ms]
2024-05-07 12:54:35.895 [info] > git for-each-ref --format=%(refname)%00%(upstream:short)%00%(objectname)%00%(upstream:track)%00%(upstream:remotename)%00%(upstream:remoteref) refs/heads/main refs/remotes/main [3ms]
2024-05-07 12:54:37.718 [info] > git status -z -uall [1780ms]
2024-05-07 12:54:42.858 [info] > git config --get commit.template [43ms]
2024-05-07 12:54:42.859 [info] > git for-each-ref --format=%(refname)%00%(upstream:short)%00%(objectname)%00%(upstream:track)%00%(upstream:remotename)%00%(upstream:remoteref) refs/heads/main refs/remotes/main [3ms]
2024-05-07 12:54:44.722 [info] > git status -z -uall [1815ms]
2024-05-07 12:54:49.813 [info] > git config --get commit.template [2ms]
2024-05-07 12:54:49.857 [info] > git for-each-ref --format=%(refname)%00%(upstream:short)%00%(objectname)%00%(upstream:track)%00%(upstream:remotename)%00%(upstream:remoteref) refs/heads/main refs/remotes/main [3ms]
2024-05-07 12:54:51.718 [info] > git status -z -uall [1823ms]
2024-05-07 12:54:56.899 [info] > git config --get commit.template [92ms]
2024-05-07 12:54:56.940 [info] > git for-each-ref --format=%(refname)%00%(upstream:short)%00%(objectname)%00%(upstream:track)%00%(upstream:remotename)%00%(upstream:remoteref) refs/heads/main refs/remotes/main [3ms]
2024-05-07 12:54:58.777 [info] > git status -z -uall [1800ms]
2024-05-07 12:55:03.949 [info] > git config --get commit.template [56ms]
2024-05-07 12:55:03.950 [info] > git for-each-ref --format=%(refname)%00%(upstream:short)%00%(objectname)%00%(upstream:track)%00%(upstream:remotename)%00%(upstream:remoteref) refs/heads/main refs/remotes/main [3ms]
2024-05-07 12:55:06.290 [info] > git status -z -uall [2243ms]
2024-05-07 12:55:11.441 [info] > git config --get commit.template [45ms]
2024-05-07 12:55:11.442 [info] > git for-each-ref --format=%(refname)%00%(upstream:short)%00%(objectname)%00%(upstream:track)%00%(upstream:remotename)%00%(upstream:remoteref) refs/heads/main refs/remotes/main [4ms]
2024-05-07 12:55:14.318 [info] > git status -z -uall [2832ms]
2024-05-07 12:55:19.426 [info] > git config --get commit.template [2ms]
2024-05-07 12:55:19.481 [info] > git for-each-ref --format=%(refname)%00%(upstream:short)%00%(objectname)%00%(upstream:track)%00%(upstream:remotename)%00%(upstream:remoteref) refs/heads/main refs/remotes/main [11ms]
2024-05-07 12:55:20.599 [info] > git check-ignore -v -z --stdin [24ms]
2024-05-07 12:55:21.390 [info] > git status -z -uall [1870ms]
2024-05-07 12:55:26.790 [info] > git config --get commit.template [151ms]
2024-05-07 12:55:26.932 [info] > git for-each-ref --format=%(refname)%00%(upstream:short)%00%(objectname)%00%(upstream:track)%00%(upstream:remotename)%00%(upstream:remoteref) refs/heads/main refs/remotes/main [31ms]
2024-05-07 12:55:29.743 [info] > git status -z -uall [2728ms]
2024-05-07 12:55:34.940 [info] > git config --get commit.template [87ms]
2024-05-07 12:55:34.995 [info] > git for-each-ref --format=%(refname)%00%(upstream:short)%00%(objectname)%00%(upstream:track)%00%(upstream:remotename)%00%(upstream:remoteref) refs/heads/main refs/remotes/main [4ms]
2024-05-07 12:55:37.765 [info] > git status -z -uall [2722ms]
2024-05-07 12:55:42.871 [info] > git config --get commit.template [2ms]
2024-05-07 12:55:42.917 [info] > git for-each-ref --format=%(refname)%00%(upstream:short)%00%(objectname)%00%(upstream:track)%00%(upstream:remotename)%00%(upstream:remoteref) refs/heads/main refs/remotes/main [3ms]
2024-05-07 12:55:44.720 [info] > git status -z -uall [1763ms]
2024-05-07 12:56:05.597 [info] > git config --get commit.template [67ms]
2024-05-07 12:56:05.601 [info] > git for-each-ref --format=%(refname)%00%(upstream:short)%00%(objectname)%00%(upstream:track)%00%(upstream:remotename)%00%(upstream:remoteref) refs/heads/main refs/remotes/main [7ms]
2024-05-07 12:56:07.459 [info] > git status -z -uall [1794ms]
2024-05-07 12:56:12.595 [info] > git config --get commit.template [42ms]
2024-05-07 12:56:12.596 [info] > git for-each-ref --format=%(refname)%00%(upstream:short)%00%(objectname)%00%(upstream:track)%00%(upstream:remotename)%00%(upstream:remoteref) refs/heads/main refs/remotes/main [3ms]
2024-05-07 12:56:14.436 [info] > git status -z -uall [1800ms]
2024-05-07 12:56:19.543 [info] > git config --get commit.template [8ms]
2024-05-07 12:56:19.588 [info] > git for-each-ref --format=%(refname)%00%(upstream:short)%00%(objectname)%00%(upstream:track)%00%(upstream:remotename)%00%(upstream:remoteref) refs/heads/main refs/remotes/main [3ms]
2024-05-07 12:56:21.447 [info] > git status -z -uall [1821ms]
2024-05-07 12:56:26.675 [info] > git config --get commit.template [46ms]
2024-05-07 12:56:26.841 [info] > git for-each-ref --format=%(refname)%00%(upstream:short)%00%(objectname)%00%(upstream:track)%00%(upstream:remotename)%00%(upstream:remoteref) refs/heads/main refs/remotes/main [35ms]
2024-05-07 12:56:29.244 [info] > git status -z -uall [2290ms]
2024-05-07 12:56:41.150 [info] > git config --get commit.template [40ms]
2024-05-07 12:56:41.151 [info] > git for-each-ref --format=%(refname)%00%(upstream:short)%00%(objectname)%00%(upstream:track)%00%(upstream:remotename)%00%(upstream:remoteref) refs/heads/main refs/remotes/main [4ms]
2024-05-07 12:56:42.960 [info] > git status -z -uall [1767ms]
2024-05-07 12:56:48.063 [info] > git config --get commit.template [2ms]
2024-05-07 12:56:48.107 [info] > git for-each-ref --format=%(refname)%00%(upstream:short)%00%(objectname)%00%(upstream:track)%00%(upstream:remotename)%00%(upstream:remoteref) refs/heads/main refs/remotes/main [3ms]
2024-05-07 12:56:49.962 [info] > git status -z -uall [1806ms]
2024-05-07 12:56:55.100 [info] > git config --get commit.template [42ms]
2024-05-07 12:56:55.101 [info] > git for-each-ref --format=%(refname)%00%(upstream:short)%00%(objectname)%00%(upstream:track)%00%(upstream:remotename)%00%(upstream:remoteref) refs/heads/main refs/remotes/main [2ms]
2024-05-07 12:56:56.999 [info] > git status -z -uall [1859ms]
2024-05-07 12:57:02.202 [info] > git config --get commit.template [9ms]
2024-05-07 12:57:02.274 [info] > git for-each-ref --format=%(refname)%00%(upstream:short)%00%(objectname)%00%(upstream:track)%00%(upstream:remotename)%00%(upstream:remoteref) refs/heads/main refs/remotes/main [2ms]
2024-05-07 12:57:05.717 [info] > git status -z -uall [3363ms]
2024-05-07 12:57:16.708 [info] > git config --get commit.template [48ms]
2024-05-07 12:57:16.713 [info] > git for-each-ref --format=%(refname)%00%(upstream:short)%00%(objectname)%00%(upstream:track)%00%(upstream:remotename)%00%(upstream:remoteref) refs/heads/main refs/remotes/main [5ms]
2024-05-07 12:57:18.511 [info] > git status -z -uall [1757ms]
2024-05-07 12:57:23.647 [info] > git config --get commit.template [45ms]
2024-05-07 12:57:23.649 [info] > git for-each-ref --format=%(refname)%00%(upstream:short)%00%(objectname)%00%(upstream:track)%00%(upstream:remotename)%00%(upstream:remoteref) refs/heads/main refs/remotes/main [5ms]
2024-05-07 12:57:25.541 [info] > git status -z -uall [1845ms]
2024-05-07 12:57:30.660 [info] > git config --get commit.template [6ms]
2024-05-07 12:57:30.714 [info] > git for-each-ref --format=%(refname)%00%(upstream:short)%00%(objectname)%00%(upstream:track)%00%(upstream:remotename)%00%(upstream:remoteref) refs/heads/main refs/remotes/main [11ms]
2024-05-07 12:57:33.031 [info] > git status -z -uall [2277ms]
2024-05-07 12:57:38.161 [info] > git config --get commit.template [42ms]
2024-05-07 12:57:38.162 [info] > git for-each-ref --format=%(refname)%00%(upstream:short)%00%(objectname)%00%(upstream:track)%00%(upstream:remotename)%00%(upstream:remoteref) refs/heads/main refs/remotes/main [4ms]
2024-05-07 12:57:40.011 [info] > git status -z -uall [1807ms]
2024-05-07 12:57:45.147 [info] > git config --get commit.template [41ms]
2024-05-07 12:57:45.148 [info] > git for-each-ref --format=%(refname)%00%(upstream:short)%00%(objectname)%00%(upstream:track)%00%(upstream:remotename)%00%(upstream:remoteref) refs/heads/main refs/remotes/main [2ms]
2024-05-07 12:57:47.036 [info] > git status -z -uall [1851ms]
2024-05-07 12:57:52.125 [info] > git config --get commit.template [3ms]
2024-05-07 12:57:52.165 [info] > git for-each-ref --format=%(refname)%00%(upstream:short)%00%(objectname)%00%(upstream:track)%00%(upstream:remotename)%00%(upstream:remoteref) refs/heads/main refs/remotes/main [2ms]
2024-05-07 12:57:54.076 [info] > git status -z -uall [1870ms]
2024-05-07 12:57:59.209 [info] > git config --get commit.template [41ms]
2024-05-07 12:57:59.210 [info] > git for-each-ref --format=%(refname)%00%(upstream:short)%00%(objectname)%00%(upstream:track)%00%(upstream:remotename)%00%(upstream:remoteref) refs/heads/main refs/remotes/main [3ms]
2024-05-07 12:58:01.054 [info] > git status -z -uall [1804ms]
2024-05-07 12:58:06.168 [info] > git config --get commit.template [3ms]
2024-05-07 12:58:06.216 [info] > git for-each-ref --format=%(refname)%00%(upstream:short)%00%(objectname)%00%(upstream:track)%00%(upstream:remotename)%00%(upstream:remoteref) refs/heads/main refs/remotes/main [6ms]
2024-05-07 12:58:08.140 [info] > git status -z -uall [1884ms]
2024-05-07 12:58:13.293 [info] > git config --get commit.template [42ms]
2024-05-07 12:58:13.294 [info] > git for-each-ref --format=%(refname)%00%(upstream:short)%00%(objectname)%00%(upstream:track)%00%(upstream:remotename)%00%(upstream:remoteref) refs/heads/main refs/remotes/main [4ms]
2024-05-07 12:58:15.231 [info] > git status -z -uall [1890ms]
2024-05-07 12:58:20.357 [info] > git config --get commit.template [42ms]
2024-05-07 12:58:20.358 [info] > git for-each-ref --format=%(refname)%00%(upstream:short)%00%(objectname)%00%(upstream:track)%00%(upstream:remotename)%00%(upstream:remoteref) refs/heads/main refs/remotes/main [2ms]
2024-05-07 12:58:22.079 [info] > git status -z -uall [1680ms]
2024-05-07 12:58:27.207 [info] > git config --get commit.template [45ms]
2024-05-07 12:58:27.208 [info] > git for-each-ref --format=%(refname)%00%(upstream:short)%00%(objectname)%00%(upstream:track)%00%(upstream:remotename)%00%(upstream:remoteref) refs/heads/main refs/remotes/main [4ms]
2024-05-07 12:58:29.075 [info] > git status -z -uall [1825ms]
2024-05-07 12:58:34.173 [info] > git config --get commit.template [3ms]
2024-05-07 12:58:34.219 [info] > git for-each-ref --format=%(refname)%00%(upstream:short)%00%(objectname)%00%(upstream:track)%00%(upstream:remotename)%00%(upstream:remoteref) refs/heads/main refs/remotes/main [3ms]
2024-05-07 12:58:36.083 [info] > git status -z -uall [1810ms]
2024-05-07 12:58:41.183 [info] > git config --get commit.template [2ms]
2024-05-07 12:58:41.229 [info] > git for-each-ref --format=%(refname)%00%(upstream:short)%00%(objectname)%00%(upstream:track)%00%(upstream:remotename)%00%(upstream:remoteref) refs/heads/main refs/remotes/main [3ms]
2024-05-07 12:58:43.180 [info] > git status -z -uall [1905ms]
2024-05-07 12:58:48.292 [info] > git config --get commit.template [2ms]
2024-05-07 12:58:48.335 [info] > git for-each-ref --format=%(refname)%00%(upstream:short)%00%(objectname)%00%(upstream:track)%00%(upstream:remotename)%00%(upstream:remoteref) refs/heads/main refs/remotes/main [2ms]
2024-05-07 12:58:50.178 [info] > git status -z -uall [1792ms]
2024-05-07 12:58:55.280 [info] > git config --get commit.template [2ms]
2024-05-07 12:58:55.353 [info] > git for-each-ref --format=%(refname)%00%(upstream:short)%00%(objectname)%00%(upstream:track)%00%(upstream:remotename)%00%(upstream:remoteref) refs/heads/main refs/remotes/main [2ms]
2024-05-07 12:58:57.279 [info] > git status -z -uall [1838ms]
2024-05-07 12:59:02.414 [info] > git config --get commit.template [1ms]
2024-05-07 12:59:02.492 [info] > git for-each-ref --format=%(refname)%00%(upstream:short)%00%(objectname)%00%(upstream:track)%00%(upstream:remotename)%00%(upstream:remoteref) refs/heads/main refs/remotes/main [5ms]
2024-05-07 12:59:04.731 [info] > git status -z -uall [2173ms]
2024-05-07 12:59:09.878 [info] > git config --get commit.template [48ms]
2024-05-07 12:59:09.879 [info] > git for-each-ref --format=%(refname)%00%(upstream:short)%00%(objectname)%00%(upstream:track)%00%(upstream:remotename)%00%(upstream:remoteref) refs/heads/main refs/remotes/main [2ms]
2024-05-07 12:59:11.813 [info] > git status -z -uall [1884ms]
2024-05-07 12:59:16.923 [info] > git config --get commit.template [4ms]
2024-05-07 12:59:16.975 [info] > git for-each-ref --format=%(refname)%00%(upstream:short)%00%(objectname)%00%(upstream:track)%00%(upstream:remotename)%00%(upstream:remoteref) refs/heads/main refs/remotes/main [2ms]
2024-05-07 12:59:18.817 [info] > git status -z -uall [1795ms]
2024-05-07 12:59:23.977 [info] > git for-each-ref --format=%(refname)%00%(upstream:short)%00%(objectname)%00%(upstream:track)%00%(upstream:remotename)%00%(upstream:remoteref) refs/heads/main refs/remotes/main [8ms]
2024-05-07 12:59:23.978 [info] > git config --get commit.template [63ms]
2024-05-07 12:59:25.054 [info] > git show --textconv :ligue1-frontend/src/app/App.js [98ms]
2024-05-07 12:59:25.104 [info] > git ls-files --stage -- /home/louis/ligue1-frontend/src/app/App.js [58ms]
2024-05-07 12:59:25.196 [info] > git cat-file -s f3d2ceb3360644efd84caa6b4dab49f45bc6f80b [41ms]
2024-05-07 12:59:26.724 [info] > git status -z -uall [2700ms]
2024-05-07 12:59:31.866 [info] > git config --get commit.template [13ms]
2024-05-07 12:59:31.926 [info] > git for-each-ref --format=%(refname)%00%(upstream:short)%00%(objectname)%00%(upstream:track)%00%(upstream:remotename)%00%(upstream:remoteref) refs/heads/main refs/remotes/main [3ms]
2024-05-07 12:59:33.645 [info] > git status -z -uall [1677ms]
2024-05-07 12:59:38.730 [info] > git config --get commit.template [3ms]
2024-05-07 12:59:38.769 [info] > git for-each-ref --format=%(refname)%00%(upstream:short)%00%(objectname)%00%(upstream:track)%00%(upstream:remotename)%00%(upstream:remoteref) refs/heads/main refs/remotes/main [3ms]
2024-05-07 12:59:40.577 [info] > git status -z -uall [1764ms]
2024-05-07 12:59:45.717 [info] > git config --get commit.template [45ms]
2024-05-07 12:59:45.738 [info] > git for-each-ref --format=%(refname)%00%(upstream:short)%00%(objectname)%00%(upstream:track)%00%(upstream:remotename)%00%(upstream:remoteref) refs/heads/main refs/remotes/main [22ms]
2024-05-07 12:59:47.529 [info] > git status -z -uall [1733ms]
2024-05-07 12:59:52.681 [info] > git config --get commit.template [45ms]
2024-05-07 12:59:52.682 [info] > git for-each-ref --format=%(refname)%00%(upstream:short)%00%(objectname)%00%(upstream:track)%00%(upstream:remotename)%00%(upstream:remoteref) refs/heads/main refs/remotes/main [7ms]
2024-05-07 12:59:54.570 [info] > git status -z -uall [1845ms]
2024-05-07 12:59:59.662 [info] > git config --get commit.template [2ms]
2024-05-07 12:59:59.700 [info] > git for-each-ref --format=%(refname)%00%(upstream:short)%00%(objectname)%00%(upstream:track)%00%(upstream:remotename)%00%(upstream:remoteref) refs/heads/main refs/remotes/main [4ms]
2024-05-07 13:00:02.324 [info] > git status -z -uall [2582ms]
2024-05-07 13:00:07.543 [info] > git config --get commit.template [9ms]
2024-05-07 13:00:07.605 [info] > git for-each-ref --format=%(refname)%00%(upstream:short)%00%(objectname)%00%(upstream:track)%00%(upstream:remotename)%00%(upstream:remoteref) refs/heads/main refs/remotes/main [4ms]
2024-05-07 13:00:10.391 [info] > git status -z -uall [2737ms]
2024-05-07 13:00:15.508 [info] > git config --get commit.template [2ms]
2024-05-07 13:00:15.592 [info] > git for-each-ref --format=%(refname)%00%(upstream:short)%00%(objectname)%00%(upstream:track)%00%(upstream:remotename)%00%(upstream:remoteref) refs/heads/main refs/remotes/main [3ms]
2024-05-07 13:00:18.490 [info] > git status -z -uall [2840ms]
2024-05-07 13:00:30.510 [info] > git config --get commit.template [2ms]
2024-05-07 13:00:30.558 [info] > git for-each-ref --format=%(refname)%00%(upstream:short)%00%(objectname)%00%(upstream:track)%00%(upstream:remotename)%00%(upstream:remoteref) refs/heads/main refs/remotes/main [4ms]
2024-05-07 13:00:32.473 [info] > git status -z -uall [1867ms]
2024-05-07 13:00:36.859 [info] > git show --textconv :ligue1-frontend/src/pages/ShowPlayer/ShowPlayer.js [100ms]
2024-05-07 13:00:36.866 [info] > git ls-files --stage -- /home/louis/ligue1-frontend/src/pages/ShowPlayer/ShowPlayer.js [42ms]
2024-05-07 13:00:36.914 [info] > git cat-file -s 4cb532645e61bdee3cb919b10905c59f24454a59 [3ms]
2024-05-07 13:00:37.608 [info] > git config --get commit.template [43ms]
2024-05-07 13:00:37.609 [info] > git for-each-ref --format=%(refname)%00%(upstream:short)%00%(objectname)%00%(upstream:track)%00%(upstream:remotename)%00%(upstream:remoteref) refs/heads/main refs/remotes/main [3ms]
2024-05-07 13:00:39.307 [info] > git status -z -uall [1652ms]
2024-05-07 13:00:44.470 [info] > git config --get commit.template [67ms]
2024-05-07 13:00:44.523 [info] > git for-each-ref --format=%(refname)%00%(upstream:short)%00%(objectname)%00%(upstream:track)%00%(upstream:remotename)%00%(upstream:remoteref) refs/heads/main refs/remotes/main [4ms]
2024-05-07 13:00:46.481 [info] > git status -z -uall [1907ms]
2024-05-07 13:00:51.621 [info] > git config --get commit.template [42ms]
2024-05-07 13:00:51.622 [info] > git for-each-ref --format=%(refname)%00%(upstream:short)%00%(objectname)%00%(upstream:track)%00%(upstream:remotename)%00%(upstream:remoteref) refs/heads/main refs/remotes/main [3ms]
2024-05-07 13:00:53.560 [info] > git status -z -uall [1894ms]
2024-05-07 13:00:58.660 [info] > git config --get commit.template [2ms]
2024-05-07 13:00:58.721 [info] > git for-each-ref --format=%(refname)%00%(upstream:short)%00%(objectname)%00%(upstream:track)%00%(upstream:remotename)%00%(upstream:remoteref) refs/heads/main refs/remotes/main [2ms]
2024-05-07 13:01:00.719 [info] > git status -z -uall [1947ms]
2024-05-07 13:01:10.036 [info] > git config --get commit.template [49ms]
2024-05-07 13:01:10.040 [info] > git for-each-ref --format=%(refname)%00%(upstream:short)%00%(objectname)%00%(upstream:track)%00%(upstream:remotename)%00%(upstream:remoteref) refs/heads/main refs/remotes/main [5ms]
2024-05-07 13:01:11.646 [info] > git status -z -uall [1562ms]
2024-05-07 13:01:16.740 [info] > git config --get commit.template [2ms]
2024-05-07 13:01:16.784 [info] > git for-each-ref --format=%(refname)%00%(upstream:short)%00%(objectname)%00%(upstream:track)%00%(upstream:remotename)%00%(upstream:remoteref) refs/heads/main refs/remotes/main [3ms]
2024-05-07 13:01:18.371 [info] > git status -z -uall [1548ms]
2024-05-07 13:01:23.487 [info] > git config --get commit.template [7ms]
2024-05-07 13:01:23.542 [info] > git for-each-ref --format=%(refname)%00%(upstream:short)%00%(objectname)%00%(upstream:track)%00%(upstream:remotename)%00%(upstream:remoteref) refs/heads/main refs/remotes/main [3ms]
2024-05-07 13:01:25.458 [info] > git status -z -uall [1868ms]
2024-05-07 13:01:30.600 [info] > git config --get commit.template [44ms]
2024-05-07 13:01:30.601 [info] > git for-each-ref --format=%(refname)%00%(upstream:short)%00%(objectname)%00%(upstream:track)%00%(upstream:remotename)%00%(upstream:remoteref) refs/heads/main refs/remotes/main [3ms]
2024-05-07 13:01:32.394 [info] > git status -z -uall [1753ms]
2024-05-07 13:01:37.483 [info] > git config --get commit.template [4ms]
2024-05-07 13:01:37.529 [info] > git for-each-ref --format=%(refname)%00%(upstream:short)%00%(objectname)%00%(upstream:track)%00%(upstream:remotename)%00%(upstream:remoteref) refs/heads/main refs/remotes/main [2ms]
2024-05-07 13:01:39.325 [info] > git status -z -uall [1757ms]
2024-05-07 13:01:42.582 [info] > git show --textconv :ligue1-frontend/src/app/App.js [51ms]
2024-05-07 13:01:42.600 [info] > git ls-files --stage -- /home/louis/ligue1-frontend/src/app/App.js [23ms]
2024-05-07 13:01:42.646 [info] > git cat-file -s f3d2ceb3360644efd84caa6b4dab49f45bc6f80b [4ms]
2024-05-07 13:01:44.435 [info] > git config --get commit.template [4ms]
2024-05-07 13:01:44.478 [info] > git for-each-ref --format=%(refname)%00%(upstream:short)%00%(objectname)%00%(upstream:track)%00%(upstream:remotename)%00%(upstream:remoteref) refs/heads/main refs/remotes/main [4ms]
2024-05-07 13:01:46.498 [info] > git status -z -uall [1981ms]
2024-05-07 13:01:51.585 [info] > git config --get commit.template [2ms]
2024-05-07 13:01:51.635 [info] > git for-each-ref --format=%(refname)%00%(upstream:short)%00%(objectname)%00%(upstream:track)%00%(upstream:remotename)%00%(upstream:remoteref) refs/heads/main refs/remotes/main [2ms]
2024-05-07 13:01:53.439 [info] > git status -z -uall [1751ms]
2024-05-07 13:01:58.578 [info] > git config --get commit.template [43ms]
2024-05-07 13:01:58.579 [info] > git for-each-ref --format=%(refname)%00%(upstream:short)%00%(objectname)%00%(upstream:track)%00%(upstream:remotename)%00%(upstream:remoteref) refs/heads/main refs/remotes/main [3ms]
2024-05-07 13:02:00.439 [info] > git status -z -uall [1814ms]
2024-05-07 13:02:05.610 [info] > git for-each-ref --format=%(refname)%00%(upstream:short)%00%(objectname)%00%(upstream:track)%00%(upstream:remotename)%00%(upstream:remoteref) refs/heads/main refs/remotes/main [2ms]
2024-05-07 13:02:05.612 [info] > git config --get commit.template [70ms]
2024-05-07 13:02:07.529 [info] > git status -z -uall [1861ms]
2024-05-07 13:02:12.668 [info] > git config --get commit.template [47ms]
2024-05-07 13:02:12.669 [info] > git for-each-ref --format=%(refname)%00%(upstream:short)%00%(objectname)%00%(upstream:track)%00%(upstream:remotename)%00%(upstream:remoteref) refs/heads/main refs/remotes/main [3ms]
2024-05-07 13:02:14.459 [info] > git status -z -uall [1747ms]
2024-05-07 13:02:19.572 [info] > git config --get commit.template [1ms]
2024-05-07 13:02:19.629 [info] > git for-each-ref --format=%(refname)%00%(upstream:short)%00%(objectname)%00%(upstream:track)%00%(upstream:remotename)%00%(upstream:remoteref) refs/heads/main refs/remotes/main [5ms]
2024-05-07 13:02:21.616 [info] > git status -z -uall [1924ms]
2024-05-07 13:02:26.760 [info] > git config --get commit.template [46ms]
2024-05-07 13:02:26.762 [info] > git for-each-ref --format=%(refname)%00%(upstream:short)%00%(objectname)%00%(upstream:track)%00%(upstream:remotename)%00%(upstream:remoteref) refs/heads/main refs/remotes/main [3ms]
2024-05-07 13:02:28.619 [info] > git status -z -uall [1811ms]
2024-05-07 13:02:33.757 [info] > git config --get commit.template [2ms]
2024-05-07 13:02:33.813 [info] > git for-each-ref --format=%(refname)%00%(upstream:short)%00%(objectname)%00%(upstream:track)%00%(upstream:remotename)%00%(upstream:remoteref) refs/heads/main refs/remotes/main [4ms]
2024-05-07 13:02:35.743 [info] > git status -z -uall [1872ms]
2024-05-07 13:02:40.881 [info] > git config --get commit.template [46ms]
2024-05-07 13:02:40.881 [info] > git for-each-ref --format=%(refname)%00%(upstream:short)%00%(objectname)%00%(upstream:track)%00%(upstream:remotename)%00%(upstream:remoteref) refs/heads/main refs/remotes/main [2ms]
2024-05-07 13:02:42.697 [info] > git status -z -uall [1779ms]
2024-05-07 13:02:47.794 [info] > git config --get commit.template [1ms]
2024-05-07 13:02:47.840 [info] > git for-each-ref --format=%(refname)%00%(upstream:short)%00%(objectname)%00%(upstream:track)%00%(upstream:remotename)%00%(upstream:remoteref) refs/heads/main refs/remotes/main [4ms]
2024-05-07 13:02:49.747 [info] > git status -z -uall [1860ms]
2024-05-07 13:02:53.680 [info] > git show --textconv :ligue1-frontend/src/pages/ShowPlayer/ShowPlayer.js [94ms]
2024-05-07 13:02:53.681 [info] > git ls-files --stage -- /home/louis/ligue1-frontend/src/pages/ShowPlayer/ShowPlayer.js [40ms]
2024-05-07 13:02:53.747 [info] > git cat-file -s 4cb532645e61bdee3cb919b10905c59f24454a59 [11ms]
2024-05-07 13:02:54.880 [info] > git config --get commit.template [45ms]
2024-05-07 13:02:54.882 [info] > git for-each-ref --format=%(refname)%00%(upstream:short)%00%(objectname)%00%(upstream:track)%00%(upstream:remotename)%00%(upstream:remoteref) refs/heads/main refs/remotes/main [4ms]
2024-05-07 13:02:56.569 [info] > git status -z -uall [1636ms]
2024-05-07 13:03:01.727 [info] > git config --get commit.template [56ms]
2024-05-07 13:03:01.737 [info] > git for-each-ref --format=%(refname)%00%(upstream:short)%00%(objectname)%00%(upstream:track)%00%(upstream:remotename)%00%(upstream:remoteref) refs/heads/main refs/remotes/main [11ms]
2024-05-07 13:03:04.094 [info] > git status -z -uall [2275ms]
2024-05-07 13:03:09.221 [info] > git config --get commit.template [15ms]
2024-05-07 13:03:09.274 [info] > git for-each-ref --format=%(refname)%00%(upstream:short)%00%(objectname)%00%(upstream:track)%00%(upstream:remotename)%00%(upstream:remoteref) refs/heads/main refs/remotes/main [4ms]
2024-05-07 13:03:10.964 [info] > git status -z -uall [1647ms]
2024-05-07 13:03:16.112 [info] > git config --get commit.template [44ms]
2024-05-07 13:03:16.113 [info] > git for-each-ref --format=%(refname)%00%(upstream:short)%00%(objectname)%00%(upstream:track)%00%(upstream:remotename)%00%(upstream:remoteref) refs/heads/main refs/remotes/main [3ms]
2024-05-07 13:03:18.074 [info] > git status -z -uall [1921ms]
2024-05-07 13:03:23.207 [info] > git config --get commit.template [41ms]
2024-05-07 13:03:23.208 [info] > git for-each-ref --format=%(refname)%00%(upstream:short)%00%(objectname)%00%(upstream:track)%00%(upstream:remotename)%00%(upstream:remoteref) refs/heads/main refs/remotes/main [4ms]
2024-05-07 13:03:24.963 [info] > git status -z -uall [1720ms]
2024-05-07 13:03:30.065 [info] > git config --get commit.template [2ms]
2024-05-07 13:03:30.114 [info] > git for-each-ref --format=%(refname)%00%(upstream:short)%00%(objectname)%00%(upstream:track)%00%(upstream:remotename)%00%(upstream:remoteref) refs/heads/main refs/remotes/main [5ms]
2024-05-07 13:03:32.079 [info] > git status -z -uall [1919ms]
2024-05-07 13:03:37.163 [info] > git config --get commit.template [1ms]
2024-05-07 13:03:37.203 [info] > git for-each-ref --format=%(refname)%00%(upstream:short)%00%(objectname)%00%(upstream:track)%00%(upstream:remotename)%00%(upstream:remoteref) refs/heads/main refs/remotes/main [2ms]
2024-05-07 13:03:38.954 [info] > git status -z -uall [1709ms]
2024-05-07 13:03:44.049 [info] > git config --get commit.template [2ms]
2024-05-07 13:03:44.094 [info] > git for-each-ref --format=%(refname)%00%(upstream:short)%00%(objectname)%00%(upstream:track)%00%(upstream:remotename)%00%(upstream:remoteref) refs/heads/main refs/remotes/main [3ms]
2024-05-07 13:03:45.903 [info] > git status -z -uall [1765ms]
2024-05-07 13:03:51.049 [info] > git config --get commit.template [46ms]
2024-05-07 13:03:51.051 [info] > git for-each-ref --format=%(refname)%00%(upstream:short)%00%(objectname)%00%(upstream:track)%00%(upstream:remotename)%00%(upstream:remoteref) refs/heads/main refs/remotes/main [2ms]
2024-05-07 13:03:52.822 [info] > git status -z -uall [1733ms]
2024-05-07 13:03:57.938 [info] > git config --get commit.template [39ms]
2024-05-07 13:03:57.943 [info] > git for-each-ref --format=%(refname)%00%(upstream:short)%00%(objectname)%00%(upstream:track)%00%(upstream:remotename)%00%(upstream:remoteref) refs/heads/main refs/remotes/main [7ms]
2024-05-07 13:03:59.797 [info] > git status -z -uall [1816ms]
2024-05-07 13:04:04.895 [info] > git config --get commit.template [3ms]
2024-05-07 13:04:04.936 [info] > git for-each-ref --format=%(refname)%00%(upstream:short)%00%(objectname)%00%(upstream:track)%00%(upstream:remotename)%00%(upstream:remoteref) refs/heads/main refs/remotes/main [3ms]
2024-05-07 13:04:06.721 [info] > git status -z -uall [1743ms]
2024-05-07 13:04:11.807 [info] > git config --get commit.template [2ms]
2024-05-07 13:04:11.850 [info] > git for-each-ref --format=%(refname)%00%(upstream:short)%00%(objectname)%00%(upstream:track)%00%(upstream:remotename)%00%(upstream:remoteref) refs/heads/main refs/remotes/main [3ms]
2024-05-07 13:04:13.645 [info] > git status -z -uall [1752ms]
2024-05-07 13:04:18.740 [info] > git config --get commit.template [1ms]
2024-05-07 13:04:18.788 [info] > git for-each-ref --format=%(refname)%00%(upstream:short)%00%(objectname)%00%(upstream:track)%00%(upstream:remotename)%00%(upstream:remoteref) refs/heads/main refs/remotes/main [2ms]
2024-05-07 13:04:20.605 [info] > git status -z -uall [1771ms]
2024-05-07 13:04:25.741 [info] > git config --get commit.template [45ms]
2024-05-07 13:04:25.743 [info] > git for-each-ref --format=%(refname)%00%(upstream:short)%00%(objectname)%00%(upstream:track)%00%(upstream:remotename)%00%(upstream:remoteref) refs/heads/main refs/remotes/main [4ms]
2024-05-07 13:04:27.748 [info] > git status -z -uall [1959ms]
2024-05-07 13:04:32.876 [info] > git config --get commit.template [40ms]
2024-05-07 13:04:32.878 [info] > git for-each-ref --format=%(refname)%00%(upstream:short)%00%(objectname)%00%(upstream:track)%00%(upstream:remotename)%00%(upstream:remoteref) refs/heads/main refs/remotes/main [3ms]
2024-05-07 13:04:34.674 [info] > git status -z -uall [1758ms]
2024-05-07 13:04:39.801 [info] > git config --get commit.template [38ms]
2024-05-07 13:04:39.803 [info] > git for-each-ref --format=%(refname)%00%(upstream:short)%00%(objectname)%00%(upstream:track)%00%(upstream:remotename)%00%(upstream:remoteref) refs/heads/main refs/remotes/main [3ms]
2024-05-07 13:04:41.464 [info] > git status -z -uall [1614ms]
2024-05-07 13:04:50.739 [info] > git config --get commit.template [41ms]
2024-05-07 13:04:50.741 [info] > git for-each-ref --format=%(refname)%00%(upstream:short)%00%(objectname)%00%(upstream:track)%00%(upstream:remotename)%00%(upstream:remoteref) refs/heads/main refs/remotes/main [3ms]
2024-05-07 13:04:52.591 [info] > git status -z -uall [1803ms]
2024-05-07 13:04:57.719 [info] > git config --get commit.template [42ms]
2024-05-07 13:04:57.720 [info] > git for-each-ref --format=%(refname)%00%(upstream:short)%00%(objectname)%00%(upstream:track)%00%(upstream:remotename)%00%(upstream:remoteref) refs/heads/main refs/remotes/main [3ms]
2024-05-07 13:04:59.435 [info] > git status -z -uall [1676ms]
2024-05-07 13:05:04.552 [info] > git config --get commit.template [3ms]
2024-05-07 13:05:04.613 [info] > git for-each-ref --format=%(refname)%00%(upstream:short)%00%(objectname)%00%(upstream:track)%00%(upstream:remotename)%00%(upstream:remoteref) refs/heads/main refs/remotes/main [13ms]
2024-05-07 13:05:06.685 [info] > git status -z -uall [2024ms]
2024-05-07 13:05:11.873 [info] > git config --get commit.template [76ms]
2024-05-07 13:05:11.896 [info] > git for-each-ref --format=%(refname)%00%(upstream:short)%00%(objectname)%00%(upstream:track)%00%(upstream:remotename)%00%(upstream:remoteref) refs/heads/main refs/remotes/main [25ms]
2024-05-07 13:09:46.950 [info] > git status -z -uall [274996ms]
2024-05-07 13:09:52.184 [info] > git config --get commit.template [44ms]
2024-05-07 13:09:52.209 [info] > git for-each-ref --format=%(refname)%00%(upstream:short)%00%(objectname)%00%(upstream:track)%00%(upstream:remotename)%00%(upstream:remoteref) refs/heads/main refs/remotes/main [25ms]
2024-05-07 13:09:56.388 [info] > git status -z -uall [4131ms]
