2024-04-24 13:42:00.243 [info] Log level: Info
2024-04-24 13:42:00.245 [info] Validating found git in: "git"
2024-04-24 13:42:00.246 [info] Using git "2.39.2" from "git"
2024-04-24 13:42:00.247 [info] > git rev-parse --show-toplevel [730ms]
2024-04-24 13:42:00.267 [info] > git rev-parse --git-dir --git-common-dir [30ms]
2024-04-24 13:42:00.433 [info] Open repository: /home/louis
2024-04-24 13:42:00.629 [info] > git config --get commit.template [87ms]
2024-04-24 13:42:00.643 [info] > git rev-parse --show-toplevel [88ms]
2024-04-24 13:42:00.852 [info] > git for-each-ref --format=%(refname)%00%(upstream:short)%00%(objectname)%00%(upstream:track)%00%(upstream:remotename)%00%(upstream:remoteref) refs/heads/main refs/remotes/main [123ms]
2024-04-24 13:42:00.865 [info] > git rev-parse --show-toplevel [66ms]
2024-04-24 13:42:01.010 [info] > git rev-parse --show-toplevel [73ms]
2024-04-24 13:42:01.422 [info] > git rev-parse --show-toplevel [163ms]
2024-04-24 13:42:01.545 [info] > git rev-parse --show-toplevel [41ms]
2024-04-24 13:42:01.657 [info] > git rev-parse --show-toplevel [15ms]
2024-04-24 13:42:01.768 [info] > git rev-parse --show-toplevel [29ms]
2024-04-24 13:42:01.870 [info] > git check-ignore -v -z --stdin [521ms]
2024-04-24 13:42:01.887 [info] > git rev-parse --show-toplevel [19ms]
2024-04-24 13:42:01.929 [info] > git rev-parse --show-toplevel [13ms]
2024-04-24 13:42:02.037 [info] > git rev-parse --show-toplevel [45ms]
2024-04-24 13:42:02.128 [info] > git rev-parse --show-toplevel [18ms]
2024-04-24 13:42:05.348 [info] > git status -z -uall [4355ms]
2024-04-24 13:42:05.348 [info] > git rev-parse --show-toplevel [3168ms]
2024-04-24 13:42:05.636 [info] > git merge-base refs/heads/main refs/remotes/origin/main [214ms]
2024-04-24 13:42:05.702 [info] > git config --get commit.template [118ms]
2024-04-24 13:42:05.702 [info] > git rev-parse --show-toplevel [157ms]
2024-04-24 13:42:05.991 [info] > git show --textconv :ligue1-frontend/src/pages/Menu/Menu.js [217ms]
2024-04-24 13:42:05.993 [info] > git rev-list --count --left-right refs/heads/main...refs/remotes/origin/main [325ms]
2024-04-24 13:42:06.756 [info] > git ls-files --stage -- /home/louis/ligue1-frontend/src/pages/Menu/Menu.js [933ms]
2024-04-24 13:42:06.866 [info] > git for-each-ref --format=%(refname)%00%(upstream:short)%00%(objectname)%00%(upstream:track)%00%(upstream:remotename)%00%(upstream:remoteref) refs/heads/main refs/remotes/main [653ms]
2024-04-24 13:42:06.868 [info] > git diff --name-status -z --diff-filter=ADMR 125c0afe464bbfcc546b7204d3eedaf600e8dddb...refs/remotes/origin/main [835ms]
2024-04-24 13:42:06.889 [info] > git cat-file -s 2eea905ad047d4b4d1ca030cda00d81bfba1c3bf [66ms]
2024-04-24 13:42:12.625 [info] > git ls-files --stage -- /home/louis/ligue1-frontend/src/pages/Menu/Menu.js [2032ms]
2024-04-24 13:42:12.992 [info] > git cat-file -s 2eea905ad047d4b4d1ca030cda00d81bfba1c3bf [328ms]
2024-04-24 13:42:15.666 [info] > git status -z -uall [6927ms]
2024-04-24 13:42:15.672 [info] > git show --textconv :ligue1-frontend/src/pages/Menu/Menu.js [853ms]
