2024-04-18 07:30:15.399 [info] Log level: Info
2024-04-18 07:30:15.399 [info] Validating found git in: "git"
2024-04-18 07:30:15.399 [info] Using git "2.39.2" from "git"
2024-04-18 07:30:15.399 [info] > git rev-parse --show-toplevel [211ms]
2024-04-18 07:30:15.399 [info] > git rev-parse --git-dir --git-common-dir [258ms]
2024-04-18 07:30:15.403 [info] Open repository: /home/louis
2024-04-18 07:30:15.403 [info] > git rev-parse --show-toplevel [165ms]
2024-04-18 07:30:15.403 [info] > git config --get commit.template [247ms]
2024-04-18 07:30:15.515 [info] > git rev-parse --git-dir --git-common-dir [42ms]
2024-04-18 07:30:15.564 [info] Open repository: /home/louis/api_louis
2024-04-18 07:30:15.577 [info] > git for-each-ref --format=%(refname)%00%(upstream:short)%00%(objectname)%00%(upstream:track)%00%(upstream:remotename)%00%(upstream:remoteref) refs/heads/main refs/remotes/main [66ms]
2024-04-18 07:30:15.664 [info] > git config --get commit.template [40ms]
2024-04-18 07:30:15.666 [info] > git rev-parse --show-toplevel [7ms]
2024-04-18 07:30:15.957 [info] > git for-each-ref --format=%(refname)%00%(upstream:short)%00%(objectname)%00%(upstream:track)%00%(upstream:remotename)%00%(upstream:remoteref) refs/heads/main refs/remotes/main [237ms]
2024-04-18 07:30:15.961 [info] > git rev-parse --show-toplevel [202ms]
2024-04-18 07:30:16.104 [info] > git rev-parse --show-toplevel [55ms]
2024-04-18 07:30:16.154 [info] > git status -z -uall [57ms]
2024-04-18 07:30:16.276 [info] > git merge-base refs/heads/main refs/remotes/origin/main [67ms]
2024-04-18 07:30:16.316 [info] > git rev-parse --show-toplevel [163ms]
2024-04-18 07:30:16.382 [info] > git config --get commit.template [107ms]
2024-04-18 07:30:16.411 [info] > git rev-list --count --left-right refs/heads/main...refs/remotes/origin/main [95ms]
2024-04-18 07:30:16.528 [info] > git rev-parse --show-toplevel [147ms]
2024-04-18 07:30:16.594 [info] > git for-each-ref --format=%(refname)%00%(upstream:short)%00%(objectname)%00%(upstream:track)%00%(upstream:remotename)%00%(upstream:remoteref) refs/heads/main refs/remotes/main [90ms]
2024-04-18 07:30:16.595 [info] > git diff --name-status -z --diff-filter=ADMR ce1995771aeb44a02f8f70e9ca28ef4b6f6c27c8...refs/remotes/origin/main [126ms]
2024-04-18 07:30:16.675 [info] > git rev-parse --show-toplevel [82ms]
2024-04-18 07:30:16.750 [info] > git rev-parse --show-toplevel [24ms]
2024-04-18 07:30:16.824 [info] > git status -z -uall [150ms]
2024-04-18 07:30:16.869 [info] > git rev-parse --show-toplevel [42ms]
2024-04-18 07:30:21.900 [info] > git status -z -uall [6094ms] (cancelled)
2024-04-18 07:30:21.901 [info] > git check-ignore -v -z --stdin [3618ms]
2024-04-18 07:30:21.909 [info] > git check-ignore -v -z --stdin [3595ms]
2024-04-18 07:30:21.910 [info] > git check-ignore -v -z --stdin [240ms]
2024-04-18 07:30:21.919 [info] > git check-ignore -v -z --stdin [198ms]
2024-04-18 07:30:21.921 [info] > git merge-base refs/heads/main refs/remotes/origin/main [3133ms]
2024-04-18 07:30:21.974 [info] > git rev-parse --show-toplevel [3529ms]
2024-04-18 07:30:23.232 [info] > git rev-list --count --left-right refs/heads/main...refs/remotes/origin/main [1258ms]
2024-04-18 07:30:23.260 [info] > git config --get commit.template [1361ms]
2024-04-18 07:30:23.389 [info] > git diff --name-status -z --diff-filter=ADMR 99eb99a9ac54dbf25ce0755c3900821980070c2e...refs/remotes/origin/main [131ms]
2024-04-18 07:30:23.390 [info] > git rev-parse --show-toplevel [190ms]
2024-04-18 07:30:23.476 [info] > git show --textconv :tests/Unit/ExampleTest.php [59ms]
2024-04-18 07:30:23.484 [info] > git ls-files --stage -- /home/louis/api_louis/tests/Unit/ExampleTest.php [39ms]
2024-04-18 07:30:23.518 [info] > git for-each-ref --format=%(refname)%00%(upstream:short)%00%(objectname)%00%(upstream:track)%00%(upstream:remotename)%00%(upstream:remoteref) refs/heads/main refs/remotes/main [44ms]
2024-04-18 07:30:23.553 [info] > git cat-file -s 5773b0ceb771e176520d5a9c1efe5e918878318d [39ms]
2024-04-18 07:30:26.995 [info] > git status -z -uall [3444ms] (cancelled)
2024-04-18 07:34:41.270 [info] > git check-ignore -v -z --stdin [2ms]
2024-04-18 07:34:44.091 [info] > git check-ignore -v -z --stdin [2ms]
2024-04-18 07:47:04.946 [info] > git show --textconv :dockerfile [129ms]
2024-04-18 07:47:04.947 [info] > git ls-files --stage -- /home/louis/api_louis/dockerfile [101ms]
2024-04-18 07:47:05.019 [info] > git cat-file -s 70bc54894a59ed2ba5ec6cf94735406316c3aa65 [8ms]
2024-04-18 07:47:24.146 [info] > git check-ignore -v -z --stdin [2ms]
2024-04-18 07:48:28.783 [info] > git config --get commit.template [3ms]
2024-04-18 07:48:28.809 [info] > git for-each-ref --format=%(refname)%00%(upstream:short)%00%(objectname)%00%(upstream:track)%00%(upstream:remotename)%00%(upstream:remoteref) refs/heads/main refs/remotes/main [3ms]
2024-04-18 07:48:28.841 [info] > git status -z -uall [8ms]
2024-04-18 07:49:05.803 [info] > git config --get commit.template [27ms]
2024-04-18 07:49:05.804 [info] > git for-each-ref --format=%(refname)%00%(upstream:short)%00%(objectname)%00%(upstream:track)%00%(upstream:remotename)%00%(upstream:remoteref) refs/heads/main refs/remotes/main [3ms]
2024-04-18 07:49:05.847 [info] > git status -z -uall [10ms]
2024-04-18 07:55:41.165 [info] > git config --get commit.template [4ms]
2024-04-18 07:55:41.204 [info] > git for-each-ref --format=%(refname)%00%(upstream:short)%00%(objectname)%00%(upstream:track)%00%(upstream:remotename)%00%(upstream:remoteref) refs/heads/main refs/remotes/main [4ms]
2024-04-18 07:55:41.253 [info] > git status -z -uall [11ms]
2024-04-18 07:55:46.306 [info] > git config --get commit.template [4ms]
2024-04-18 07:55:46.347 [info] > git for-each-ref --format=%(refname)%00%(upstream:short)%00%(objectname)%00%(upstream:track)%00%(upstream:remotename)%00%(upstream:remoteref) refs/heads/main refs/remotes/main [1ms]
2024-04-18 07:55:46.398 [info] > git status -z -uall [10ms]
2024-04-18 07:55:51.439 [info] > git config --get commit.template [3ms]
2024-04-18 07:55:51.474 [info] > git for-each-ref --format=%(refname)%00%(upstream:short)%00%(objectname)%00%(upstream:track)%00%(upstream:remotename)%00%(upstream:remoteref) refs/heads/main refs/remotes/main [3ms]
2024-04-18 07:55:51.510 [info] > git status -z -uall [8ms]
2024-04-18 07:56:07.426 [info] > git config --get commit.template [10ms]
2024-04-18 07:56:07.462 [info] > git for-each-ref --format=%(refname)%00%(upstream:short)%00%(objectname)%00%(upstream:track)%00%(upstream:remotename)%00%(upstream:remoteref) refs/heads/main refs/remotes/main [6ms]
2024-04-18 07:56:07.513 [info] > git status -z -uall [18ms]
2024-04-18 07:56:12.586 [info] > git config --get commit.template [31ms]
2024-04-18 07:56:12.589 [info] > git for-each-ref --format=%(refname)%00%(upstream:short)%00%(objectname)%00%(upstream:track)%00%(upstream:remotename)%00%(upstream:remoteref) refs/heads/main refs/remotes/main [4ms]
2024-04-18 07:56:12.626 [info] > git status -z -uall [9ms]
2024-04-18 07:56:24.126 [info] > git config --get commit.template [35ms]
2024-04-18 07:56:24.128 [info] > git for-each-ref --format=%(refname)%00%(upstream:short)%00%(objectname)%00%(upstream:track)%00%(upstream:remotename)%00%(upstream:remoteref) refs/heads/main refs/remotes/main [8ms]
2024-04-18 07:56:24.168 [info] > git status -z -uall [13ms]
2024-04-18 07:56:29.237 [info] > git config --get commit.template [32ms]
2024-04-18 07:56:29.239 [info] > git for-each-ref --format=%(refname)%00%(upstream:short)%00%(objectname)%00%(upstream:track)%00%(upstream:remotename)%00%(upstream:remoteref) refs/heads/main refs/remotes/main [3ms]
2024-04-18 07:56:29.302 [info] > git status -z -uall [16ms]
2024-04-18 08:01:46.951 [info] > git config --get commit.template [33ms]
2024-04-18 08:01:46.953 [info] > git for-each-ref --format=%(refname)%00%(upstream:short)%00%(objectname)%00%(upstream:track)%00%(upstream:remotename)%00%(upstream:remoteref) refs/heads/main refs/remotes/main [7ms]
2024-04-18 08:01:46.992 [info] > git status -z -uall [9ms]
2024-04-18 08:01:52.118 [info] > git config --get commit.template [3ms]
2024-04-18 08:01:52.155 [info] > git for-each-ref --format=%(refname)%00%(upstream:short)%00%(objectname)%00%(upstream:track)%00%(upstream:remotename)%00%(upstream:remoteref) refs/heads/main refs/remotes/main [3ms]
2024-04-18 08:01:52.197 [info] > git status -z -uall [10ms]
2024-04-18 08:01:59.700 [info] > git config --get commit.template [37ms]
2024-04-18 08:01:59.702 [info] > git for-each-ref --format=%(refname)%00%(upstream:short)%00%(objectname)%00%(upstream:track)%00%(upstream:remotename)%00%(upstream:remoteref) refs/heads/main refs/remotes/main [4ms]
2024-04-18 08:01:59.744 [info] > git status -z -uall [12ms]
2024-04-18 08:02:04.787 [info] > git config --get commit.template [1ms]
2024-04-18 08:02:04.823 [info] > git for-each-ref --format=%(refname)%00%(upstream:short)%00%(objectname)%00%(upstream:track)%00%(upstream:remotename)%00%(upstream:remoteref) refs/heads/main refs/remotes/main [3ms]
2024-04-18 08:02:04.870 [info] > git status -z -uall [13ms]
2024-04-18 08:02:09.920 [info] > git config --get commit.template [1ms]
2024-04-18 08:02:09.958 [info] > git for-each-ref --format=%(refname)%00%(upstream:short)%00%(objectname)%00%(upstream:track)%00%(upstream:remotename)%00%(upstream:remoteref) refs/heads/main refs/remotes/main [4ms]
2024-04-18 08:02:10.001 [info] > git status -z -uall [12ms]
2024-04-18 08:02:15.067 [info] > git config --get commit.template [2ms]
2024-04-18 08:02:15.100 [info] > git for-each-ref --format=%(refname)%00%(upstream:short)%00%(objectname)%00%(upstream:track)%00%(upstream:remotename)%00%(upstream:remoteref) refs/heads/main refs/remotes/main [3ms]
2024-04-18 08:02:15.149 [info] > git status -z -uall [18ms]
2024-04-18 08:04:41.307 [info] > git config --get commit.template [2ms]
2024-04-18 08:04:41.345 [info] > git for-each-ref --format=%(refname)%00%(upstream:short)%00%(objectname)%00%(upstream:track)%00%(upstream:remotename)%00%(upstream:remoteref) refs/heads/main refs/remotes/main [3ms]
2024-04-18 08:04:41.489 [info] > git status -z -uall [84ms]
2024-04-18 08:04:50.404 [info] > git config --get commit.template [40ms]
2024-04-18 08:04:50.405 [info] > git for-each-ref --format=%(refname)%00%(upstream:short)%00%(objectname)%00%(upstream:track)%00%(upstream:remotename)%00%(upstream:remoteref) refs/heads/main refs/remotes/main [5ms]
2024-04-18 08:04:50.458 [info] > git status -z -uall [10ms]
2024-04-18 08:04:55.537 [info] > git config --get commit.template [36ms]
2024-04-18 08:04:55.538 [info] > git for-each-ref --format=%(refname)%00%(upstream:short)%00%(objectname)%00%(upstream:track)%00%(upstream:remotename)%00%(upstream:remoteref) refs/heads/main refs/remotes/main [3ms]
2024-04-18 08:04:55.593 [info] > git status -z -uall [10ms]
2024-04-18 08:05:00.803 [info] > git config --get commit.template [49ms]
2024-04-18 08:05:00.805 [info] > git for-each-ref --format=%(refname)%00%(upstream:short)%00%(objectname)%00%(upstream:track)%00%(upstream:remotename)%00%(upstream:remoteref) refs/heads/main refs/remotes/main [4ms]
2024-04-18 08:05:00.871 [info] > git status -z -uall [24ms]
2024-04-18 08:07:24.253 [info] > git config --get commit.template [32ms]
2024-04-18 08:07:24.254 [info] > git for-each-ref --format=%(refname)%00%(upstream:short)%00%(objectname)%00%(upstream:track)%00%(upstream:remotename)%00%(upstream:remoteref) refs/heads/main refs/remotes/main [3ms]
2024-04-18 08:07:24.291 [info] > git status -z -uall [8ms]
2024-04-18 08:07:38.644 [info] > git config --get commit.template [37ms]
2024-04-18 08:07:38.645 [info] > git for-each-ref --format=%(refname)%00%(upstream:short)%00%(objectname)%00%(upstream:track)%00%(upstream:remotename)%00%(upstream:remoteref) refs/heads/main refs/remotes/main [5ms]
2024-04-18 08:07:38.691 [info] > git status -z -uall [11ms]
2024-04-18 08:07:46.161 [info] > git config --get commit.template [36ms]
2024-04-18 08:07:46.163 [info] > git for-each-ref --format=%(refname)%00%(upstream:short)%00%(objectname)%00%(upstream:track)%00%(upstream:remotename)%00%(upstream:remoteref) refs/heads/main refs/remotes/main [2ms]
2024-04-18 08:07:46.199 [info] > git status -z -uall [7ms]
2024-04-18 08:07:51.239 [info] > git config --get commit.template [3ms]
2024-04-18 08:07:51.272 [info] > git for-each-ref --format=%(refname)%00%(upstream:short)%00%(objectname)%00%(upstream:track)%00%(upstream:remotename)%00%(upstream:remoteref) refs/heads/main refs/remotes/main [2ms]
2024-04-18 08:07:51.311 [info] > git status -z -uall [9ms]
2024-04-18 08:08:06.261 [info] > git config --get commit.template [33ms]
2024-04-18 08:08:06.262 [info] > git for-each-ref --format=%(refname)%00%(upstream:short)%00%(objectname)%00%(upstream:track)%00%(upstream:remotename)%00%(upstream:remoteref) refs/heads/main refs/remotes/main [2ms]
2024-04-18 08:08:06.306 [info] > git status -z -uall [9ms]
2024-04-18 08:08:11.379 [info] > git config --get commit.template [35ms]
2024-04-18 08:08:11.381 [info] > git for-each-ref --format=%(refname)%00%(upstream:short)%00%(objectname)%00%(upstream:track)%00%(upstream:remotename)%00%(upstream:remoteref) refs/heads/main refs/remotes/main [2ms]
2024-04-18 08:08:11.422 [info] > git status -z -uall [9ms]
2024-04-18 08:08:16.506 [info] > git config --get commit.template [42ms]
2024-04-18 08:08:16.507 [info] > git for-each-ref --format=%(refname)%00%(upstream:short)%00%(objectname)%00%(upstream:track)%00%(upstream:remotename)%00%(upstream:remoteref) refs/heads/main refs/remotes/main [4ms]
2024-04-18 08:08:16.566 [info] > git status -z -uall [1ms]
2024-04-18 08:08:40.849 [info] > git config --get commit.template [39ms]
2024-04-18 08:08:40.850 [info] > git for-each-ref --format=%(refname)%00%(upstream:short)%00%(objectname)%00%(upstream:track)%00%(upstream:remotename)%00%(upstream:remoteref) refs/heads/main refs/remotes/main [3ms]
2024-04-18 08:08:40.905 [info] > git status -z -uall [9ms]
2024-04-18 08:08:45.995 [info] > git config --get commit.template [48ms]
2024-04-18 08:08:45.996 [info] > git for-each-ref --format=%(refname)%00%(upstream:short)%00%(objectname)%00%(upstream:track)%00%(upstream:remotename)%00%(upstream:remoteref) refs/heads/main refs/remotes/main [14ms]
2024-04-18 08:08:46.053 [info] > git status -z -uall [9ms]
2024-04-18 08:08:51.148 [info] > git config --get commit.template [52ms]
2024-04-18 08:08:51.149 [info] > git for-each-ref --format=%(refname)%00%(upstream:short)%00%(objectname)%00%(upstream:track)%00%(upstream:remotename)%00%(upstream:remoteref) refs/heads/main refs/remotes/main [4ms]
2024-04-18 08:08:51.195 [info] > git status -z -uall [9ms]
2024-04-18 08:08:58.008 [info] > git config --get commit.template [10ms]
2024-04-18 08:08:58.047 [info] > git for-each-ref --format=%(refname)%00%(upstream:short)%00%(objectname)%00%(upstream:track)%00%(upstream:remotename)%00%(upstream:remoteref) refs/heads/main refs/remotes/main [3ms]
2024-04-18 08:08:58.087 [info] > git status -z -uall [9ms]
2024-04-18 08:09:03.416 [info] > git config --get commit.template [67ms]
2024-04-18 08:09:03.467 [info] > git for-each-ref --format=%(refname)%00%(upstream:short)%00%(objectname)%00%(upstream:track)%00%(upstream:remotename)%00%(upstream:remoteref) refs/heads/main refs/remotes/main [10ms]
2024-04-18 08:09:03.604 [info] > git status -z -uall [53ms]
2024-04-18 08:09:08.900 [info] > git config --get commit.template [4ms]
2024-04-18 08:09:08.943 [info] > git for-each-ref --format=%(refname)%00%(upstream:short)%00%(objectname)%00%(upstream:track)%00%(upstream:remotename)%00%(upstream:remoteref) refs/heads/main refs/remotes/main [5ms]
2024-04-18 08:09:09.008 [info] > git status -z -uall [19ms]
2024-04-18 08:09:14.086 [info] > git config --get commit.template [36ms]
2024-04-18 08:09:14.087 [info] > git for-each-ref --format=%(refname)%00%(upstream:short)%00%(objectname)%00%(upstream:track)%00%(upstream:remotename)%00%(upstream:remoteref) refs/heads/main refs/remotes/main [3ms]
2024-04-18 08:09:14.133 [info] > git status -z -uall [10ms]
2024-04-18 08:11:54.538 [info] > git config --get commit.template [33ms]
2024-04-18 08:11:54.539 [info] > git for-each-ref --format=%(refname)%00%(upstream:short)%00%(objectname)%00%(upstream:track)%00%(upstream:remotename)%00%(upstream:remoteref) refs/heads/main refs/remotes/main [8ms]
2024-04-18 08:11:54.590 [info] > git status -z -uall [21ms]
2024-04-18 08:11:59.650 [info] > git config --get commit.template [22ms]
2024-04-18 08:11:59.688 [info] > git for-each-ref --format=%(refname)%00%(upstream:short)%00%(objectname)%00%(upstream:track)%00%(upstream:remotename)%00%(upstream:remoteref) refs/heads/main refs/remotes/main [3ms]
2024-04-18 08:11:59.738 [info] > git status -z -uall [10ms]
2024-04-18 08:12:04.816 [info] > git config --get commit.template [37ms]
2024-04-18 08:12:04.817 [info] > git for-each-ref --format=%(refname)%00%(upstream:short)%00%(objectname)%00%(upstream:track)%00%(upstream:remotename)%00%(upstream:remoteref) refs/heads/main refs/remotes/main [3ms]
2024-04-18 08:12:04.864 [info] > git status -z -uall [11ms]
2024-04-18 08:12:09.930 [info] > git config --get commit.template [2ms]
2024-04-18 08:12:09.987 [info] > git for-each-ref --format=%(refname)%00%(upstream:short)%00%(objectname)%00%(upstream:track)%00%(upstream:remotename)%00%(upstream:remoteref) refs/heads/main refs/remotes/main [4ms]
2024-04-18 08:12:10.041 [info] > git status -z -uall [13ms]
2024-04-18 08:12:15.107 [info] > git config --get commit.template [2ms]
2024-04-18 08:12:15.152 [info] > git for-each-ref --format=%(refname)%00%(upstream:short)%00%(objectname)%00%(upstream:track)%00%(upstream:remotename)%00%(upstream:remoteref) refs/heads/main refs/remotes/main [3ms]
2024-04-18 08:12:15.202 [info] > git status -z -uall [9ms]
2024-04-18 08:12:20.299 [info] > git for-each-ref --format=%(refname)%00%(upstream:short)%00%(objectname)%00%(upstream:track)%00%(upstream:remotename)%00%(upstream:remoteref) refs/heads/main refs/remotes/main [1ms]
2024-04-18 08:12:20.300 [info] > git config --get commit.template [50ms]
2024-04-18 08:12:20.341 [info] > git status -z -uall [9ms]
2024-04-18 08:12:33.369 [info] > git config --get commit.template [1ms]
2024-04-18 08:12:33.407 [info] > git for-each-ref --format=%(refname)%00%(upstream:short)%00%(objectname)%00%(upstream:track)%00%(upstream:remotename)%00%(upstream:remoteref) refs/heads/main refs/remotes/main [3ms]
2024-04-18 08:12:33.453 [info] > git status -z -uall [11ms]
2024-04-18 08:12:38.574 [info] > git config --get commit.template [83ms]
2024-04-18 08:12:38.609 [info] > git for-each-ref --format=%(refname)%00%(upstream:short)%00%(objectname)%00%(upstream:track)%00%(upstream:remotename)%00%(upstream:remoteref) refs/heads/main refs/remotes/main [3ms]
2024-04-18 08:12:38.648 [info] > git status -z -uall [9ms]
2024-04-18 08:12:43.733 [info] > git config --get commit.template [45ms]
2024-04-18 08:12:43.734 [info] > git for-each-ref --format=%(refname)%00%(upstream:short)%00%(objectname)%00%(upstream:track)%00%(upstream:remotename)%00%(upstream:remoteref) refs/heads/main refs/remotes/main [5ms]
2024-04-18 08:12:43.780 [info] > git status -z -uall [9ms]
2024-04-18 08:12:48.850 [info] > git config --get commit.template [32ms]
2024-04-18 08:12:48.852 [info] > git for-each-ref --format=%(refname)%00%(upstream:short)%00%(objectname)%00%(upstream:track)%00%(upstream:remotename)%00%(upstream:remoteref) refs/heads/main refs/remotes/main [2ms]
2024-04-18 08:12:48.895 [info] > git status -z -uall [8ms]
2024-04-18 08:13:32.139 [info] > git config --get commit.template [4ms]
2024-04-18 08:13:32.191 [info] > git for-each-ref --format=%(refname)%00%(upstream:short)%00%(objectname)%00%(upstream:track)%00%(upstream:remotename)%00%(upstream:remoteref) refs/heads/main refs/remotes/main [6ms]
2024-04-18 08:13:32.237 [info] > git status -z -uall [6ms]
2024-04-18 08:13:37.287 [info] > git config --get commit.template [14ms]
2024-04-18 08:13:37.323 [info] > git for-each-ref --format=%(refname)%00%(upstream:short)%00%(objectname)%00%(upstream:track)%00%(upstream:remotename)%00%(upstream:remoteref) refs/heads/main refs/remotes/main [5ms]
2024-04-18 08:13:37.361 [info] > git status -z -uall [9ms]
2024-04-18 08:13:42.433 [info] > git config --get commit.template [34ms]
2024-04-18 08:13:42.434 [info] > git for-each-ref --format=%(refname)%00%(upstream:short)%00%(objectname)%00%(upstream:track)%00%(upstream:remotename)%00%(upstream:remoteref) refs/heads/main refs/remotes/main [2ms]
2024-04-18 08:13:42.483 [info] > git status -z -uall [14ms]
2024-04-18 08:14:08.975 [info] > git config --get commit.template [39ms]
2024-04-18 08:14:08.976 [info] > git for-each-ref --format=%(refname)%00%(upstream:short)%00%(objectname)%00%(upstream:track)%00%(upstream:remotename)%00%(upstream:remoteref) refs/heads/main refs/remotes/main [4ms]
2024-04-18 08:14:09.073 [info] > git status -z -uall [13ms]
2024-04-18 08:14:14.147 [info] > git config --get commit.template [34ms]
2024-04-18 08:14:14.148 [info] > git for-each-ref --format=%(refname)%00%(upstream:short)%00%(objectname)%00%(upstream:track)%00%(upstream:remotename)%00%(upstream:remoteref) refs/heads/main refs/remotes/main [3ms]
2024-04-18 08:14:14.189 [info] > git status -z -uall [9ms]
2024-04-18 08:14:19.227 [info] > git config --get commit.template [3ms]
2024-04-18 08:14:19.269 [info] > git for-each-ref --format=%(refname)%00%(upstream:short)%00%(objectname)%00%(upstream:track)%00%(upstream:remotename)%00%(upstream:remoteref) refs/heads/main refs/remotes/main [10ms]
2024-04-18 08:14:19.314 [info] > git status -z -uall [9ms]
2024-04-18 08:14:24.384 [info] > git config --get commit.template [34ms]
2024-04-18 08:14:24.386 [info] > git for-each-ref --format=%(refname)%00%(upstream:short)%00%(objectname)%00%(upstream:track)%00%(upstream:remotename)%00%(upstream:remoteref) refs/heads/main refs/remotes/main [2ms]
2024-04-18 08:14:24.426 [info] > git status -z -uall [9ms]
2024-04-18 08:14:29.881 [info] > git config --get commit.template [33ms]
2024-04-18 08:14:29.883 [info] > git for-each-ref --format=%(refname)%00%(upstream:short)%00%(objectname)%00%(upstream:track)%00%(upstream:remotename)%00%(upstream:remoteref) refs/heads/main refs/remotes/main [3ms]
2024-04-18 08:14:29.920 [info] > git status -z -uall [8ms]
2024-04-18 08:14:37.303 [info] > git config --get commit.template [35ms]
2024-04-18 08:14:37.307 [info] > git for-each-ref --format=%(refname)%00%(upstream:short)%00%(objectname)%00%(upstream:track)%00%(upstream:remotename)%00%(upstream:remoteref) refs/heads/main refs/remotes/main [3ms]
2024-04-18 08:14:37.352 [info] > git status -z -uall [11ms]
2024-04-18 08:14:43.315 [info] > git config --get commit.template [37ms]
2024-04-18 08:14:43.317 [info] > git for-each-ref --format=%(refname)%00%(upstream:short)%00%(objectname)%00%(upstream:track)%00%(upstream:remotename)%00%(upstream:remoteref) refs/heads/main refs/remotes/main [6ms]
2024-04-18 08:14:43.364 [info] > git status -z -uall [10ms]
2024-04-18 08:16:03.737 [info] > git show --textconv :docker-compose.yml [38ms]
2024-04-18 08:16:03.740 [info] > git ls-files --stage -- /home/louis/docker-compose.yml [8ms]
2024-04-18 08:17:21.609 [info] > git check-ignore -v -z --stdin [3ms]
2024-04-18 08:17:23.109 [info] > git show --textconv :ligue1-frontend/dockerfile [41ms]
2024-04-18 08:17:23.112 [info] > git ls-files --stage -- /home/louis/ligue1-frontend/dockerfile [9ms]
2024-04-18 08:17:23.149 [info] > git cat-file -s e28efe15c32c5a9cda60f300883c4d22a7cb5b07 [3ms]
2024-04-18 08:17:57.844 [info] > git show --textconv :dockerfile [38ms]
2024-04-18 08:17:57.846 [info] > git ls-files --stage -- /home/louis/api_louis/dockerfile [4ms]
2024-04-18 08:17:57.888 [info] > git cat-file -s 70bc54894a59ed2ba5ec6cf94735406316c3aa65 [5ms]
2024-04-18 08:18:12.901 [info] > git show --textconv :ligue1-frontend/dockerfile [37ms]
2024-04-18 08:18:12.904 [info] > git ls-files --stage -- /home/louis/ligue1-frontend/dockerfile [4ms]
2024-04-18 08:18:12.941 [info] > git cat-file -s e28efe15c32c5a9cda60f300883c4d22a7cb5b07 [5ms]
2024-04-18 08:50:51.529 [info] > git show --textconv :docker-compose.yml [54ms]
2024-04-18 08:50:51.538 [info] > git ls-files --stage -- /home/louis/docker-compose.yml [13ms]
2024-04-18 08:52:14.440 [info] > git show --textconv :ligue1-frontend/dockerfile [43ms]
2024-04-18 08:52:14.445 [info] > git ls-files --stage -- /home/louis/ligue1-frontend/dockerfile [8ms]
2024-04-18 08:52:14.487 [info] > git cat-file -s e28efe15c32c5a9cda60f300883c4d22a7cb5b07 [3ms]
2024-04-18 09:20:20.046 [info] > git config --get commit.template [77ms]
2024-04-18 09:20:20.057 [info] > git for-each-ref --format=%(refname)%00%(upstream:short)%00%(objectname)%00%(upstream:track)%00%(upstream:remotename)%00%(upstream:remoteref) refs/heads/main refs/remotes/main [13ms]
2024-04-18 09:20:20.169 [info] > git status -z -uall [22ms]
2024-04-18 09:24:04.379 [info] > git for-each-ref --format=%(refname)%00%(upstream:short)%00%(objectname)%00%(upstream:track)%00%(upstream:remotename)%00%(upstream:remoteref) refs/heads/main refs/remotes/main [11ms]
2024-04-18 09:24:04.380 [info] > git config --get commit.template [98ms]
2024-04-18 09:24:04.433 [info] > git status -z -uall [9ms]
2024-04-18 09:28:49.857 [info] > git config --get commit.template [64ms]
2024-04-18 09:28:49.871 [info] > git for-each-ref --format=%(refname)%00%(upstream:short)%00%(objectname)%00%(upstream:track)%00%(upstream:remotename)%00%(upstream:remoteref) refs/heads/main refs/remotes/main [16ms]
2024-04-18 09:28:49.990 [info] > git status -z -uall [69ms]
2024-04-18 09:28:59.200 [info] > git config --get commit.template [38ms]
2024-04-18 09:28:59.205 [info] > git for-each-ref --format=%(refname)%00%(upstream:short)%00%(objectname)%00%(upstream:track)%00%(upstream:remotename)%00%(upstream:remoteref) refs/heads/main refs/remotes/main [5ms]
2024-04-18 09:28:59.254 [info] > git status -z -uall [16ms]
2024-04-18 09:39:55.006 [info] > git config --get commit.template [42ms]
2024-04-18 09:39:55.011 [info] > git for-each-ref --format=%(refname)%00%(upstream:short)%00%(objectname)%00%(upstream:track)%00%(upstream:remotename)%00%(upstream:remoteref) refs/heads/main refs/remotes/main [5ms]
2024-04-18 09:39:55.059 [info] > git status -z -uall [11ms]
2024-04-18 09:40:19.248 [info] > git show --textconv :.gitattributes [36ms]
2024-04-18 09:40:19.252 [info] > git ls-files --stage -- /home/louis/api_louis/.gitattributes [5ms]
2024-04-18 09:40:19.294 [info] > git cat-file -s fcb21d396d657f597ef8b6729f73d89b0a871c9b [3ms]
2024-04-18 09:40:35.406 [info] > git config --get commit.template [42ms]
2024-04-18 09:40:35.407 [info] > git for-each-ref --format=%(refname)%00%(upstream:short)%00%(objectname)%00%(upstream:track)%00%(upstream:remotename)%00%(upstream:remoteref) refs/heads/main refs/remotes/main [4ms]
2024-04-18 09:40:35.451 [info] > git status -z -uall [9ms]
2024-04-18 09:40:40.552 [info] > git config --get commit.template [40ms]
2024-04-18 09:40:40.553 [info] > git for-each-ref --format=%(refname)%00%(upstream:short)%00%(objectname)%00%(upstream:track)%00%(upstream:remotename)%00%(upstream:remoteref) refs/heads/main refs/remotes/main [3ms]
2024-04-18 09:40:40.603 [info] > git status -z -uall [9ms]
2024-04-18 09:41:21.897 [info] > git check-ignore -v -z --stdin [3ms]
2024-04-18 09:52:27.865 [info] > git config --get commit.template [36ms]
2024-04-18 09:52:27.866 [info] > git for-each-ref --format=%(refname)%00%(upstream:short)%00%(objectname)%00%(upstream:track)%00%(upstream:remotename)%00%(upstream:remoteref) refs/heads/main refs/remotes/main [2ms]
2024-04-18 09:52:27.907 [info] > git status -z -uall [8ms]
2024-04-18 09:52:27.986 [info] > git ls-files --stage -- /home/louis/api_louis/.gitattributes [2ms]
2024-04-18 09:52:28.021 [info] > git cat-file -s fcb21d396d657f597ef8b6729f73d89b0a871c9b [2ms]
2024-04-18 09:52:28.117 [info] > git show --textconv :.gitattributes [3ms]
2024-04-18 09:53:00.541 [warning] ENOENT: no such file or directory, open '/home/louis/api_louis/.git/HEAD'
2024-04-18 09:53:00.578 [warning] getRemotes() - ENOENT: no such file or directory, open '/home/louis/api_louis/.git/config'
2024-04-18 09:53:00.616 [info] > git remote --verbose [38ms]
2024-04-18 09:53:00.617 [info] > git symbolic-ref --short HEAD [76ms]
2024-04-18 09:53:00.654 [info] > git config --get commit.template [41ms]
2024-04-18 09:53:00.659 [info] > git for-each-ref --format=%(refname)%00%(upstream:short)%00%(objectname)%00%(upstream:track)%00%(upstream:remotename)%00%(upstream:remoteref) refs/heads/main refs/remotes/main [7ms]
2024-04-18 09:53:00.692 [warning] ENOENT: no such file or directory, open '/home/louis/api_louis/.git/refs/remotes/origin/main'
2024-04-18 09:53:00.731 [info] > git rev-parse refs/remotes/origin/main [39ms]
2024-04-18 09:53:00.764 [info] > git ls-files --stage -- /home/louis/api_louis/.gitattributes [35ms]
2024-04-18 09:53:00.842 [info] > git show --textconv :.gitattributes [4ms]
2024-04-18 09:53:09.454 [info] > git status -z -uall [8691ms] (cancelled)
2024-04-18 09:53:09.455 [info] > git merge-base refs/heads/main refs/remotes/origin/main [2570ms]
2024-04-18 09:53:09.663 [info] > git rev-list --count --left-right refs/heads/main...refs/remotes/origin/main [92ms]
2024-04-18 09:53:09.804 [info] > git diff --name-status -z --diff-filter=ADMR 99eb99a9ac54dbf25ce0755c3900821980070c2e...refs/remotes/origin/main [55ms]
2024-04-18 09:55:19.050 [info] > git check-ignore -v -z --stdin [2ms]
2024-04-18 09:55:52.356 [info] > git check-ignore -v -z --stdin [2ms]
2024-04-18 09:55:57.366 [info] > git check-ignore -v -z --stdin [1ms]
2024-04-18 09:56:04.162 [info] > git check-ignore -v -z --stdin [3ms]
2024-04-18 09:56:25.451 [info] > git show --textconv :.sudo_as_admin_successful [38ms]
2024-04-18 09:56:25.453 [info] > git ls-files --stage -- /home/louis/.sudo_as_admin_successful [7ms]
2024-04-18 09:57:46.577 [info] > git ls-files --stage -- /home/louis/.sudo_as_admin_successful [3ms]
2024-04-18 09:57:46.681 [info] > git show --textconv :.sudo_as_admin_successful [2ms]
2024-04-18 09:59:36.580 [info] > git ls-files --stage -- /home/louis/.sudo_as_admin_successful [2ms]
2024-04-18 09:59:36.580 [info] fatal: not a git repository (or any of the parent directories): .git
2024-04-18 09:59:37.370 [info] > git check-ignore -v -z --stdin [1ms]
2024-04-18 10:03:53.949 [info] > git rev-parse --show-toplevel [2ms]
2024-04-18 10:03:53.999 [info] > git rev-parse --git-dir --git-common-dir [2ms]
2024-04-18 10:03:54.016 [info] Open repository: /home/louis
2024-04-18 10:03:54.100 [info] No remotes found in the git config file.
2024-04-18 10:03:54.102 [info] > git config --get commit.template [40ms]
2024-04-18 10:03:54.103 [info] > git for-each-ref --format=%(refname)%00%(upstream:short)%00%(objectname)%00%(upstream:track)%00%(upstream:remotename)%00%(upstream:remoteref) refs/heads/master refs/remotes/master [3ms]
2024-04-18 10:03:54.104 [warning] No such branch: master.
2024-04-18 10:03:56.948 [info] > git status -z -uall [2805ms] (cancelled)
2024-04-18 10:03:56.950 [info] > git check-ignore -v -z --stdin [2143ms]
2024-04-18 10:03:56.952 [info] > git check-ignore -v -z --stdin [2109ms]
2024-04-18 10:03:57.005 [info] > git config --get commit.template [63ms]
2024-04-18 10:03:57.060 [info] No remotes found in the git config file.
2024-04-18 10:03:57.074 [info] > git for-each-ref --format=%(refname)%00%(upstream:short)%00%(objectname)%00%(upstream:track)%00%(upstream:remotename)%00%(upstream:remoteref) refs/heads/master refs/remotes/master [15ms]
2024-04-18 10:03:57.075 [warning] No such branch: master.
2024-04-18 10:03:59.963 [info] > git status -z -uall [2836ms] (cancelled)
2024-04-18 10:06:42.547 [info] > git check-ignore -v -z --stdin [6ms]
2024-04-18 10:06:57.935 [info] > git show --textconv :ligue1-frontend/dockerfile [42ms]
2024-04-18 10:06:57.939 [info] > git ls-files --stage -- /home/louis/ligue1-frontend/dockerfile [6ms]
2024-04-18 10:08:24.228 [info] > git show --textconv :.gitconfig [48ms]
2024-04-18 10:08:24.231 [info] > git ls-files --stage -- /home/louis/.gitconfig [4ms]
2024-04-18 10:08:35.152 [info] > git show --textconv :.env [37ms]
2024-04-18 10:08:35.154 [info] > git ls-files --stage -- /home/louis/.env [4ms]
2024-04-18 10:08:38.078 [info] > git check-ignore -v -z --stdin [2ms]
2024-04-18 10:08:54.281 [info] > git show --textconv :ligue1-frontend/.gitignore [46ms]
2024-04-18 10:08:54.284 [info] > git ls-files --stage -- /home/louis/ligue1-frontend/.gitignore [7ms]
2024-04-18 10:09:30.167 [info] > git check-ignore -v -z --stdin [54ms]
2024-04-18 10:09:30.169 [info] > git check-ignore -v -z --stdin [13ms]
2024-04-18 10:09:30.826 [info] > git check-ignore -v -z --stdin [57ms]
2024-04-18 10:09:30.828 [info] > git check-ignore -v -z --stdin [10ms]
2024-04-18 10:09:31.417 [info] > git check-ignore -v -z --stdin [51ms]
2024-04-18 10:09:31.419 [info] > git check-ignore -v -z --stdin [3ms]
2024-04-18 10:09:44.322 [info] > git show --textconv :package.json [58ms]
2024-04-18 10:09:44.327 [info] > git ls-files --stage -- /home/louis/package.json [12ms]
2024-04-18 10:10:03.920 [info] > git show --textconv :.gitignore [291ms]
2024-04-18 10:10:03.922 [info] > git check-ignore -v -z --stdin [6ms]
2024-04-18 10:10:03.924 [info] > git ls-files --stage -- /home/louis/.gitignore [130ms]
2024-04-18 10:10:06.082 [info] > git check-ignore -v -z --stdin [63ms]
2024-04-18 10:10:06.093 [info] > git check-ignore -v -z --stdin [17ms]
2024-04-18 10:10:06.691 [info] > git check-ignore -v -z --stdin [56ms]
2024-04-18 10:10:06.697 [info] > git check-ignore -v -z --stdin [8ms]
2024-04-18 10:10:07.480 [info] > git check-ignore -v -z --stdin [62ms]
2024-04-18 10:10:07.489 [info] > git check-ignore -v -z --stdin [18ms]
2024-04-18 10:11:35.631 [info] > git ls-files --stage -- /home/louis/.gitignore [14ms]
2024-04-18 10:11:35.683 [info] > git cat-file -s 5baa59d646390c610dcdae8eeda30eb4cd927bf5 [6ms]
2024-04-18 10:11:38.541 [info] > git show --textconv :.gitignore [12ms]
2024-04-18 10:12:54.852 [info] > git check-ignore -v -z --stdin [39ms]
2024-04-18 10:14:05.198 [info] > git ls-files --stage -- /home/louis/.gitignore [24ms]
2024-04-18 10:14:05.254 [info] > git cat-file -s 5baa59d646390c610dcdae8eeda30eb4cd927bf5 [4ms]
2024-04-18 10:14:05.358 [info] > git show --textconv :.gitignore [10ms]
2024-04-18 10:15:37.878 [info] > git show --textconv :.env [44ms]
2024-04-18 10:15:37.886 [info] > git ls-files --stage -- /home/louis/api_louis/.env [9ms]
2024-04-18 10:15:41.191 [info] > git check-ignore -v -z --stdin [12ms]
2024-04-18 10:15:43.596 [info] > git show --textconv :.env [47ms]
2024-04-18 10:15:43.607 [info] > git ls-files --stage -- /home/louis/.env [14ms]
2024-04-18 10:15:43.659 [info] > git cat-file -s 541f6004bcd1d8f5fa2eb44d9c1f74c7674d018d [3ms]
2024-04-18 10:19:37.420 [info] > git show --textconv :docker-compose.yml [48ms]
2024-04-18 10:19:37.427 [info] > git ls-files --stage -- /home/louis/docker-compose.yml [11ms]
2024-04-18 10:19:37.474 [info] > git cat-file -s e0bf042fdf3a9ff48071fe1b9e91776969c2aabd [2ms]
2024-04-18 11:57:06.438 [info] > git ls-files --stage -- /home/louis/docker-compose.yml [30ms]
2024-04-18 11:57:06.488 [info] > git cat-file -s e0bf042fdf3a9ff48071fe1b9e91776969c2aabd [4ms]
2024-04-18 11:57:06.693 [info] > git show --textconv :docker-compose.yml [39ms]
2024-04-18 11:59:12.735 [info] > git ls-files --stage -- /home/louis/docker-compose.yml [23ms]
2024-04-18 11:59:12.802 [info] > git cat-file -s e0bf042fdf3a9ff48071fe1b9e91776969c2aabd [4ms]
2024-04-18 11:59:12.929 [info] > git show --textconv :docker-compose.yml [27ms]
2024-04-18 11:59:16.365 [info] > git ls-files --stage -- /home/louis/docker-compose.yml [17ms]
2024-04-18 11:59:16.411 [info] > git cat-file -s e0bf042fdf3a9ff48071fe1b9e91776969c2aabd [2ms]
2024-04-18 11:59:16.510 [info] > git show --textconv :docker-compose.yml [16ms]
2024-04-18 11:59:50.881 [info] > git ls-files --stage -- /home/louis/docker-compose.yml [14ms]
2024-04-18 11:59:50.934 [info] > git cat-file -s e0bf042fdf3a9ff48071fe1b9e91776969c2aabd [2ms]
2024-04-18 11:59:51.065 [info] > git show --textconv :docker-compose.yml [17ms]
2024-04-18 14:06:57.705 [info] > git check-ignore -v -z --stdin [17ms]
2024-04-18 14:07:18.045 [info] > git show --textconv :traefik_data/traefik.toml [53ms]
2024-04-18 14:07:18.056 [info] > git ls-files --stage -- /home/louis/traefik_data/traefik.toml [13ms]
2024-04-18 14:07:18.138 [info] > git check-ignore -v -z --stdin [16ms]
2024-04-18 14:08:03.032 [info] > git check-ignore -v -z --stdin [24ms]
2024-04-18 14:08:12.947 [info] > git show --textconv :traefik_data/configurations/middlewares.toml [45ms]
2024-04-18 14:08:12.958 [info] > git ls-files --stage -- /home/louis/traefik_data/configurations/middlewares.toml [11ms]
2024-04-18 14:08:13.121 [info] > git check-ignore -v -z --stdin [15ms]
2024-04-18 14:08:33.965 [info] > git show --textconv :traefik_data/configurations/tls.toml  [51ms]
2024-04-18 14:08:33.976 [info] > git ls-files --stage -- /home/louis/traefik_data/configurations/tls.toml  [14ms]
2024-04-18 14:08:34.091 [info] > git check-ignore -v -z --stdin [17ms]
2024-04-18 14:09:03.362 [info] > git show --textconv :traefik_data/configurations/tls.toml [154ms]
2024-04-18 14:09:03.363 [info] > git ls-files --stage -- /home/louis/traefik_data/configurations/tls.toml [97ms]
2024-04-18 14:09:03.396 [info] > git check-ignore -v -z --stdin [36ms]
2024-04-18 14:09:20.195 [info] > git check-ignore -v -z --stdin [16ms]
2024-04-18 14:09:28.388 [info] > git show --textconv :traefik_data/amce.json [51ms]
2024-04-18 14:09:28.397 [info] > git ls-files --stage -- /home/louis/traefik_data/amce.json [13ms]
2024-04-18 14:10:01.186 [info] > git show --textconv :traefik_data/traefik.toml [76ms]
2024-04-18 14:10:01.189 [info] > git ls-files --stage -- /home/louis/traefik_data/traefik.toml [16ms]
2024-04-18 14:10:17.948 [info] > git show --textconv :.bash_history [47ms]
2024-04-18 14:10:17.965 [info] > git ls-files --stage -- /home/louis/.bash_history [17ms]
2024-04-18 14:10:18.018 [info] > git cat-file -s 82dc6d29771dc78b05293ba6129332ed534ab975 [3ms]
2024-04-18 14:10:47.106 [info] > git show --textconv :traefik_data/traefik.toml [51ms]
2024-04-18 14:10:47.119 [info] > git ls-files --stage -- /home/louis/traefik_data/traefik.toml [13ms]
2024-04-18 14:10:48.334 [info] > git show --textconv :traefik_data/configurations/middlewares.toml [49ms]
2024-04-18 14:10:48.345 [info] > git ls-files --stage -- /home/louis/traefik_data/configurations/middlewares.toml [13ms]
2024-04-18 14:11:27.860 [info] > git show --textconv :docker-compose.yml [66ms]
2024-04-18 14:11:27.873 [info] > git ls-files --stage -- /home/louis/docker-compose.yml [18ms]
2024-04-18 14:11:27.930 [info] > git cat-file -s e0bf042fdf3a9ff48071fe1b9e91776969c2aabd [2ms]
2024-04-18 14:30:24.369 [info] > git show --textconv :.env [56ms]
2024-04-18 14:30:24.390 [info] > git ls-files --stage -- /home/louis/.env [22ms]
2024-04-18 14:30:24.450 [info] > git cat-file -s 541f6004bcd1d8f5fa2eb44d9c1f74c7674d018d [3ms]
2024-04-18 14:34:12.572 [info] > git show --textconv :docker-compose.yml [65ms]
2024-04-18 14:34:12.600 [info] > git ls-files --stage -- /home/louis/docker-compose.yml [31ms]
2024-04-18 14:34:12.659 [info] > git cat-file -s e0bf042fdf3a9ff48071fe1b9e91776969c2aabd [3ms]
2024-04-18 14:34:18.553 [info] > git show --textconv :.env [67ms]
2024-04-18 14:34:18.568 [info] > git ls-files --stage -- /home/louis/.env [18ms]
2024-04-18 14:34:18.617 [info] > git cat-file -s 541f6004bcd1d8f5fa2eb44d9c1f74c7674d018d [2ms]
2024-04-18 14:36:51.352 [info] > git show --textconv :docker-compose.yml [51ms]
2024-04-18 14:36:51.365 [info] > git ls-files --stage -- /home/louis/docker-compose.yml [16ms]
2024-04-18 14:36:51.422 [info] > git cat-file -s e0bf042fdf3a9ff48071fe1b9e91776969c2aabd [2ms]
