2024-04-05 07:35:03.506 [info] Log level: Info
2024-04-05 07:35:03.507 [info] Validating found git in: "git"
2024-04-05 07:35:03.507 [info] Using git "2.39.2" from "git"
2024-04-05 07:35:03.507 [info] > git rev-parse --show-toplevel [7ms]
2024-04-05 07:35:04.206 [info] > git rev-parse --git-dir --git-common-dir [700ms]
2024-04-05 07:35:04.230 [info] Open repository: /home/louis
2024-04-05 07:35:04.274 [info] > git config --get commit.template [22ms]
2024-04-05 07:35:04.277 [info] > git rev-parse --show-toplevel [12ms]
2024-04-05 07:35:04.333 [info] > git for-each-ref --format=%(refname)%00%(upstream:short)%00%(objectname)%00%(upstream:track)%00%(upstream:remotename)%00%(upstream:remoteref) refs/heads/main refs/remotes/main [35ms]
2024-04-05 07:35:04.338 [info] > git rev-parse --git-dir --git-common-dir [19ms]
2024-04-05 07:35:04.345 [info] Open repository: /home/louis/api_louis
2024-04-05 07:35:04.398 [info] > git rev-parse --show-toplevel [20ms]
2024-04-05 07:35:04.399 [info] > git config --get commit.template [38ms]
2024-04-05 07:35:04.550 [info] > git for-each-ref --format=%(refname)%00%(upstream:short)%00%(objectname)%00%(upstream:track)%00%(upstream:remotename)%00%(upstream:remoteref) refs/heads/main refs/remotes/main [59ms]
2024-04-05 07:35:04.551 [info] > git rev-parse --show-toplevel [78ms]
2024-04-05 07:35:04.604 [info] > git rev-parse --show-toplevel [26ms]
2024-04-05 07:35:04.648 [info] > git status -z -uall [46ms]
2024-04-05 07:35:04.725 [info] > git rev-parse --show-toplevel [78ms]
2024-04-05 07:35:04.833 [info] > git rev-parse --show-toplevel [80ms]
2024-04-05 07:35:04.833 [info] > git config --get commit.template [111ms]
2024-04-05 07:35:05.158 [info] > git for-each-ref --format=%(refname)%00%(upstream:short)%00%(objectname)%00%(upstream:track)%00%(upstream:remotename)%00%(upstream:remoteref) refs/heads/main refs/remotes/main [267ms]
2024-04-05 07:35:05.213 [info] > git rev-parse --show-toplevel [295ms]
2024-04-05 07:35:05.241 [info] > git check-ignore -v -z --stdin [66ms]
2024-04-05 07:35:05.245 [info] > git check-ignore -v -z --stdin [52ms]
2024-04-05 07:35:05.278 [info] > git rev-parse --show-toplevel [45ms]
2024-04-05 07:35:06.604 [info] > git status -z -uall [1312ms]
2024-04-05 07:35:06.608 [info] > git rev-parse --show-toplevel [1296ms]
2024-04-05 07:35:07.236 [info] > git check-ignore -v -z --stdin [29ms]
2024-04-05 07:35:07.238 [info] > git rev-parse --show-toplevel [576ms]
2024-04-05 07:35:10.666 [info] > git status -z -uall [6227ms] (cancelled)
2024-04-05 07:35:10.666 [info] > git rev-parse --show-toplevel [3401ms]
2024-04-05 07:35:10.748 [info] > git show --textconv :storage/logs/laravel.log [54ms]
2024-04-05 07:35:10.749 [info] > git ls-files --stage -- /home/louis/api_louis/storage/logs/laravel.log [29ms]
2024-04-05 07:35:10.753 [info] > git config --get commit.template [483ms]
2024-04-05 07:35:10.822 [info] > git for-each-ref --format=%(refname)%00%(upstream:short)%00%(objectname)%00%(upstream:track)%00%(upstream:remotename)%00%(upstream:remoteref) refs/heads/main refs/remotes/main [27ms]
2024-04-05 07:35:13.684 [info] > git status -z -uall [1485ms] (cancelled)
2024-04-05 07:35:13.684 [info] > git show --textconv :app/Http/Controllers/Api/JoueurController.php [945ms]
2024-04-05 07:35:13.688 [info] > git ls-files --stage -- /home/louis/api_louis/app/Http/Controllers/Api/JoueurController.php [905ms]
2024-04-05 07:36:05.295 [info] > git config --get commit.template [26ms]
2024-04-05 07:36:05.296 [info] > git for-each-ref --format=%(refname)%00%(upstream:short)%00%(objectname)%00%(upstream:track)%00%(upstream:remotename)%00%(upstream:remoteref) refs/heads/main refs/remotes/main [4ms]
2024-04-05 07:36:05.338 [info] > git status -z -uall [9ms]
2024-04-05 07:36:10.409 [info] > git config --get commit.template [34ms]
2024-04-05 07:36:10.410 [info] > git for-each-ref --format=%(refname)%00%(upstream:short)%00%(objectname)%00%(upstream:track)%00%(upstream:remotename)%00%(upstream:remoteref) refs/heads/main refs/remotes/main [4ms]
2024-04-05 07:36:10.454 [info] > git status -z -uall [11ms]
2024-04-05 07:36:17.709 [info] > git config --get commit.template [44ms]
2024-04-05 07:36:17.710 [info] > git for-each-ref --format=%(refname)%00%(upstream:short)%00%(objectname)%00%(upstream:track)%00%(upstream:remotename)%00%(upstream:remoteref) refs/heads/main refs/remotes/main [3ms]
2024-04-05 07:36:17.751 [info] > git status -z -uall [11ms]
2024-04-05 07:36:35.986 [info] > git config --get commit.template [29ms]
2024-04-05 07:36:35.987 [info] > git for-each-ref --format=%(refname)%00%(upstream:short)%00%(objectname)%00%(upstream:track)%00%(upstream:remotename)%00%(upstream:remoteref) refs/heads/main refs/remotes/main [4ms]
2024-04-05 07:36:36.023 [info] > git status -z -uall [11ms]
2024-04-05 07:36:44.387 [info] > git config --get commit.template [26ms]
2024-04-05 07:36:44.388 [info] > git for-each-ref --format=%(refname)%00%(upstream:short)%00%(objectname)%00%(upstream:track)%00%(upstream:remotename)%00%(upstream:remoteref) refs/heads/main refs/remotes/main [4ms]
2024-04-05 07:36:44.426 [info] > git status -z -uall [9ms]
2024-04-05 07:37:50.766 [info] > git config --get commit.template [22ms]
2024-04-05 07:37:50.767 [info] > git for-each-ref --format=%(refname)%00%(upstream:short)%00%(objectname)%00%(upstream:track)%00%(upstream:remotename)%00%(upstream:remoteref) refs/heads/main refs/remotes/main [2ms]
2024-04-05 07:37:50.800 [info] > git status -z -uall [9ms]
2024-04-05 07:42:54.085 [info] > git config --get commit.template [28ms]
2024-04-05 07:42:54.087 [info] > git for-each-ref --format=%(refname)%00%(upstream:short)%00%(objectname)%00%(upstream:track)%00%(upstream:remotename)%00%(upstream:remoteref) refs/heads/main refs/remotes/main [4ms]
2024-04-05 07:42:54.127 [info] > git status -z -uall [14ms]
2024-04-05 08:09:02.188 [info] > git config --get commit.template [2ms]
2024-04-05 08:09:02.230 [info] > git for-each-ref --format=%(refname)%00%(upstream:short)%00%(objectname)%00%(upstream:track)%00%(upstream:remotename)%00%(upstream:remoteref) refs/heads/main refs/remotes/main [4ms]
2024-04-05 08:09:02.309 [info] > git status -z -uall [12ms]
2024-04-05 08:09:07.364 [info] > git config --get commit.template [26ms]
2024-04-05 08:09:07.367 [info] > git for-each-ref --format=%(refname)%00%(upstream:short)%00%(objectname)%00%(upstream:track)%00%(upstream:remotename)%00%(upstream:remoteref) refs/heads/main refs/remotes/main [3ms]
2024-04-05 08:09:07.407 [info] > git status -z -uall [12ms]
2024-04-05 08:10:10.960 [info] > git config --get commit.template [1ms]
2024-04-05 08:10:10.989 [info] > git for-each-ref --format=%(refname)%00%(upstream:short)%00%(objectname)%00%(upstream:track)%00%(upstream:remotename)%00%(upstream:remoteref) refs/heads/main refs/remotes/main [3ms]
2024-04-05 08:10:11.035 [info] > git status -z -uall [19ms]
2024-04-05 08:10:11.336 [info] > git check-ignore -v -z --stdin [2ms]
2024-04-05 08:10:12.785 [info] > git show --textconv :app/Http/Controllers/Api/StatJoueurController.php [29ms]
2024-04-05 08:10:12.787 [info] > git ls-files --stage -- /home/louis/api_louis/app/Http/Controllers/Api/StatJoueurController.php [5ms]
2024-04-05 08:10:18.409 [info] > git show --textconv :app/Http/Controllers/Api/JoueurController.php [26ms]
2024-04-05 08:10:18.412 [info] > git ls-files --stage -- /home/louis/api_louis/app/Http/Controllers/Api/JoueurController.php [4ms]
2024-04-05 08:13:42.807 [info] > git show --textconv :routes/api.php [26ms]
2024-04-05 08:13:42.810 [info] > git ls-files --stage -- /home/louis/api_louis/routes/api.php [4ms]
2024-04-05 08:13:42.837 [info] > git cat-file -s 9171dd7f57a796943faecc067acbf867ee146375 [3ms]
2024-04-05 08:13:49.282 [info] > git config --get commit.template [32ms]
2024-04-05 08:13:49.283 [info] > git for-each-ref --format=%(refname)%00%(upstream:short)%00%(objectname)%00%(upstream:track)%00%(upstream:remotename)%00%(upstream:remoteref) refs/heads/main refs/remotes/main [3ms]
2024-04-05 08:13:49.323 [info] > git status -z -uall [9ms]
2024-04-05 08:13:54.362 [info] > git config --get commit.template [2ms]
2024-04-05 08:13:54.395 [info] > git for-each-ref --format=%(refname)%00%(upstream:short)%00%(objectname)%00%(upstream:track)%00%(upstream:remotename)%00%(upstream:remoteref) refs/heads/main refs/remotes/main [3ms]
2024-04-05 08:13:54.432 [info] > git status -z -uall [9ms]
2024-04-05 08:13:59.500 [info] > git for-each-ref --format=%(refname)%00%(upstream:short)%00%(objectname)%00%(upstream:track)%00%(upstream:remotename)%00%(upstream:remoteref) refs/heads/main refs/remotes/main [4ms]
2024-04-05 08:13:59.501 [info] > git config --get commit.template [34ms]
2024-04-05 08:13:59.541 [info] > git status -z -uall [10ms]
2024-04-05 08:14:04.620 [info] > git config --get commit.template [38ms]
2024-04-05 08:14:04.621 [info] > git for-each-ref --format=%(refname)%00%(upstream:short)%00%(objectname)%00%(upstream:track)%00%(upstream:remotename)%00%(upstream:remoteref) refs/heads/main refs/remotes/main [7ms]
2024-04-05 08:14:04.665 [info] > git status -z -uall [10ms]
2024-04-05 08:14:09.710 [info] > git config --get commit.template [3ms]
2024-04-05 08:14:09.743 [info] > git for-each-ref --format=%(refname)%00%(upstream:short)%00%(objectname)%00%(upstream:track)%00%(upstream:remotename)%00%(upstream:remoteref) refs/heads/main refs/remotes/main [4ms]
2024-04-05 08:14:09.785 [info] > git status -z -uall [10ms]
2024-04-05 08:14:19.134 [info] > git config --get commit.template [36ms]
2024-04-05 08:14:19.136 [info] > git for-each-ref --format=%(refname)%00%(upstream:short)%00%(objectname)%00%(upstream:track)%00%(upstream:remotename)%00%(upstream:remoteref) refs/heads/main refs/remotes/main [3ms]
2024-04-05 08:14:19.179 [info] > git status -z -uall [10ms]
2024-04-05 08:14:39.936 [info] > git show --textconv :app/Http/Controllers/Api/StatJoueurController.php [36ms]
2024-04-05 08:14:39.938 [info] > git ls-files --stage -- /home/louis/api_louis/app/Http/Controllers/Api/StatJoueurController.php [4ms]
2024-04-05 08:14:43.312 [info] > git config --get commit.template [25ms]
2024-04-05 08:14:43.313 [info] > git for-each-ref --format=%(refname)%00%(upstream:short)%00%(objectname)%00%(upstream:track)%00%(upstream:remotename)%00%(upstream:remoteref) refs/heads/main refs/remotes/main [3ms]
2024-04-05 08:14:43.347 [info] > git status -z -uall [9ms]
2024-04-05 08:14:49.982 [info] > git show --textconv :app/Http/Controllers/Api/PostController.php [30ms]
2024-04-05 08:14:49.983 [info] > git ls-files --stage -- /home/louis/api_louis/app/Http/Controllers/Api/PostController.php [4ms]
2024-04-05 08:14:50.018 [info] > git cat-file -s 0a896785421db36bab0b82cfe6056cb1a47178ad [3ms]
2024-04-05 08:14:51.597 [info] > git show --textconv :app/Http/Controllers/Api/JoueurController.php [34ms]
2024-04-05 08:14:51.607 [info] > git ls-files --stage -- /home/louis/api_louis/app/Http/Controllers/Api/JoueurController.php [12ms]
2024-04-05 08:14:54.809 [info] > git show --textconv :app/Http/Controllers/Api/StatJoueurController.php [32ms]
2024-04-05 08:14:54.811 [info] > git ls-files --stage -- /home/louis/api_louis/app/Http/Controllers/Api/StatJoueurController.php [4ms]
2024-04-05 08:15:03.430 [info] > git show --textconv :routes/api.php [60ms]
2024-04-05 08:15:03.431 [info] > git ls-files --stage -- /home/louis/api_louis/routes/api.php [13ms]
2024-04-05 08:15:03.473 [info] > git cat-file -s 9171dd7f57a796943faecc067acbf867ee146375 [3ms]
2024-04-05 08:15:06.320 [info] > git config --get commit.template [2ms]
2024-04-05 08:15:06.380 [info] > git for-each-ref --format=%(refname)%00%(upstream:short)%00%(objectname)%00%(upstream:track)%00%(upstream:remotename)%00%(upstream:remoteref) refs/heads/main refs/remotes/main [1ms]
2024-04-05 08:15:06.437 [info] > git status -z -uall [13ms]
2024-04-05 08:15:07.575 [info] > git show --textconv :app/Http/Controllers/Api/StatJoueurController.php [33ms]
2024-04-05 08:15:07.578 [info] > git ls-files --stage -- /home/louis/api_louis/app/Http/Controllers/Api/StatJoueurController.php [4ms]
2024-04-05 08:15:47.880 [info] > git config --get commit.template [36ms]
2024-04-05 08:15:47.883 [info] > git for-each-ref --format=%(refname)%00%(upstream:short)%00%(objectname)%00%(upstream:track)%00%(upstream:remotename)%00%(upstream:remoteref) refs/heads/main refs/remotes/main [3ms]
2024-04-05 08:15:47.940 [info] > git status -z -uall [17ms]
2024-04-05 08:15:52.986 [info] > git config --get commit.template [5ms]
2024-04-05 08:15:53.030 [info] > git for-each-ref --format=%(refname)%00%(upstream:short)%00%(objectname)%00%(upstream:track)%00%(upstream:remotename)%00%(upstream:remoteref) refs/heads/main refs/remotes/main [1ms]
2024-04-05 08:15:53.079 [info] > git status -z -uall [9ms]
2024-04-05 08:15:58.168 [info] > git config --get commit.template [35ms]
2024-04-05 08:15:58.170 [info] > git for-each-ref --format=%(refname)%00%(upstream:short)%00%(objectname)%00%(upstream:track)%00%(upstream:remotename)%00%(upstream:remoteref) refs/heads/main refs/remotes/main [3ms]
2024-04-05 08:15:58.216 [info] > git status -z -uall [12ms]
2024-04-05 08:16:03.325 [info] > git for-each-ref --format=%(refname)%00%(upstream:short)%00%(objectname)%00%(upstream:track)%00%(upstream:remotename)%00%(upstream:remoteref) refs/heads/main refs/remotes/main [1ms]
2024-04-05 08:16:03.325 [info] > git config --get commit.template [56ms]
2024-04-05 08:16:03.430 [info] > git status -z -uall [32ms]
2024-04-05 08:16:08.507 [info] > git config --get commit.template [36ms]
2024-04-05 08:16:08.510 [info] > git for-each-ref --format=%(refname)%00%(upstream:short)%00%(objectname)%00%(upstream:track)%00%(upstream:remotename)%00%(upstream:remoteref) refs/heads/main refs/remotes/main [5ms]
2024-04-05 08:16:08.556 [info] > git status -z -uall [10ms]
2024-04-05 08:16:13.606 [info] > git config --get commit.template [3ms]
2024-04-05 08:16:13.654 [info] > git for-each-ref --format=%(refname)%00%(upstream:short)%00%(objectname)%00%(upstream:track)%00%(upstream:remotename)%00%(upstream:remoteref) refs/heads/main refs/remotes/main [2ms]
2024-04-05 08:16:13.708 [info] > git status -z -uall [12ms]
2024-04-05 08:16:18.790 [info] > git config --get commit.template [39ms]
2024-04-05 08:16:18.791 [info] > git for-each-ref --format=%(refname)%00%(upstream:short)%00%(objectname)%00%(upstream:track)%00%(upstream:remotename)%00%(upstream:remoteref) refs/heads/main refs/remotes/main [3ms]
2024-04-05 08:16:18.840 [info] > git status -z -uall [12ms]
2024-04-05 08:17:42.333 [info] > git config --get commit.template [30ms]
2024-04-05 08:17:42.335 [info] > git for-each-ref --format=%(refname)%00%(upstream:short)%00%(objectname)%00%(upstream:track)%00%(upstream:remotename)%00%(upstream:remoteref) refs/heads/main refs/remotes/main [4ms]
2024-04-05 08:17:42.377 [info] > git status -z -uall [9ms]
2024-04-05 08:17:47.457 [info] > git config --get commit.template [41ms]
2024-04-05 08:17:47.463 [info] > git for-each-ref --format=%(refname)%00%(upstream:short)%00%(objectname)%00%(upstream:track)%00%(upstream:remotename)%00%(upstream:remoteref) refs/heads/main refs/remotes/main [8ms]
2024-04-05 08:17:47.511 [info] > git status -z -uall [11ms]
2024-04-05 08:54:09.070 [info] > git config --get commit.template [29ms]
2024-04-05 08:54:09.071 [info] > git for-each-ref --format=%(refname)%00%(upstream:short)%00%(objectname)%00%(upstream:track)%00%(upstream:remotename)%00%(upstream:remoteref) refs/heads/main refs/remotes/main [2ms]
2024-04-05 08:54:09.108 [info] > git status -z -uall [9ms]
2024-04-05 08:54:14.170 [info] > git config --get commit.template [29ms]
2024-04-05 08:54:14.171 [info] > git for-each-ref --format=%(refname)%00%(upstream:short)%00%(objectname)%00%(upstream:track)%00%(upstream:remotename)%00%(upstream:remoteref) refs/heads/main refs/remotes/main [3ms]
2024-04-05 08:54:14.207 [info] > git status -z -uall [9ms]
2024-04-05 08:54:19.122 [info] > git check-ignore -v -z --stdin [2ms]
2024-04-05 08:56:24.481 [info] > git config --get commit.template [37ms]
2024-04-05 08:56:24.486 [info] > git for-each-ref --format=%(refname)%00%(upstream:short)%00%(objectname)%00%(upstream:track)%00%(upstream:remotename)%00%(upstream:remoteref) refs/heads/main refs/remotes/main [6ms]
2024-04-05 08:56:24.539 [info] > git status -z -uall [13ms]
2024-04-05 08:57:08.524 [info] > git config --get commit.template [31ms]
2024-04-05 08:57:08.531 [info] > git for-each-ref --format=%(refname)%00%(upstream:short)%00%(objectname)%00%(upstream:track)%00%(upstream:remotename)%00%(upstream:remoteref) refs/heads/main refs/remotes/main [9ms]
2024-04-05 08:57:08.596 [info] > git status -z -uall [2ms]
2024-04-05 08:57:13.700 [info] > git for-each-ref --format=%(refname)%00%(upstream:short)%00%(objectname)%00%(upstream:track)%00%(upstream:remotename)%00%(upstream:remoteref) refs/heads/main refs/remotes/main [2ms]
2024-04-05 08:57:13.701 [info] > git config --get commit.template [62ms]
2024-04-05 08:57:13.757 [info] > git status -z -uall [11ms]
2024-04-05 08:57:13.813 [info] > git check-ignore -v -z --stdin [4ms]
2024-04-05 08:57:16.841 [info] > git show --textconv :ligue1-frontend/dockerfile [132ms]
2024-04-05 08:57:16.842 [info] > git ls-files --stage -- /home/louis/ligue1-frontend/dockerfile [97ms]
2024-04-05 08:59:08.870 [info] > git show --textconv :dockerfile [38ms]
2024-04-05 08:59:08.873 [info] > git ls-files --stage -- /home/louis/api_louis/dockerfile [6ms]
2024-04-05 08:59:08.926 [info] > git cat-file -s 3994dd79f1912c9e0de31f09dd226b4ad4c2a2d0 [4ms]
2024-04-05 08:59:28.313 [info] > git show --textconv :docker-compose.yml [35ms]
2024-04-05 08:59:28.316 [info] > git ls-files --stage -- /home/louis/docker-compose.yml [5ms]
2024-04-05 09:14:02.377 [info] > git config --get commit.template [3ms]
2024-04-05 09:14:02.445 [info] > git for-each-ref --format=%(refname)%00%(upstream:short)%00%(objectname)%00%(upstream:track)%00%(upstream:remotename)%00%(upstream:remoteref) refs/heads/main refs/remotes/main [2ms]
2024-04-05 09:14:02.528 [info] > git status -z -uall [15ms]
2024-04-05 09:14:15.924 [info] > git config --get commit.template [34ms]
2024-04-05 09:14:15.925 [info] > git for-each-ref --format=%(refname)%00%(upstream:short)%00%(objectname)%00%(upstream:track)%00%(upstream:remotename)%00%(upstream:remoteref) refs/heads/main refs/remotes/main [3ms]
2024-04-05 09:14:15.968 [info] > git status -z -uall [11ms]
2024-04-05 09:25:33.822 [info] > git for-each-ref --format=%(refname)%00%(upstream:short)%00%(objectname)%00%(upstream:track)%00%(upstream:remotename)%00%(upstream:remoteref) refs/heads/main refs/remotes/main [2ms]
2024-04-05 09:25:33.823 [info] > git config --get commit.template [49ms]
2024-04-05 09:25:33.885 [info] > git status -z -uall [12ms]
2024-04-05 09:25:38.969 [info] > git for-each-ref --format=%(refname)%00%(upstream:short)%00%(objectname)%00%(upstream:track)%00%(upstream:remotename)%00%(upstream:remoteref) refs/heads/main refs/remotes/main [6ms]
2024-04-05 09:25:38.969 [info] > git config --get commit.template [42ms]
2024-04-05 09:25:39.023 [info] > git status -z -uall [2ms]
