2024-04-17 07:28:53.030 [info] Log level: Info
2024-04-17 07:28:53.030 [info] Validating found git in: "git"
2024-04-17 07:28:53.030 [info] Using git "2.39.2" from "git"
2024-04-17 07:28:53.030 [info] > git rev-parse --show-toplevel [178ms]
2024-04-17 07:28:53.030 [info] > git rev-parse --git-dir --git-common-dir [13ms]
2024-04-17 07:28:53.030 [info] Open repository: /home/louis
2024-04-17 07:28:54.525 [info] > git rev-parse --show-toplevel [1435ms]
2024-04-17 07:28:54.526 [info] > git config --get commit.template [1470ms]
2024-04-17 07:28:54.585 [info] > git check-ignore -v -z --stdin [88ms]
2024-04-17 07:28:54.606 [info] > git rev-parse --show-toplevel [57ms]
2024-04-17 07:28:54.629 [info] > git for-each-ref --format=%(refname)%00%(upstream:short)%00%(objectname)%00%(upstream:track)%00%(upstream:remotename)%00%(upstream:remoteref) refs/heads/main refs/remotes/main [47ms]
2024-04-17 07:28:54.641 [info] > git rev-parse --show-toplevel [18ms]
2024-04-17 07:28:54.680 [info] > git rev-parse --show-toplevel [24ms]
2024-04-17 07:28:54.750 [info] > git rev-parse --show-toplevel [6ms]
2024-04-17 07:28:54.801 [info] > git rev-parse --show-toplevel [8ms]
2024-04-17 07:28:54.838 [info] > git rev-parse --show-toplevel [2ms]
2024-04-17 07:28:54.897 [info] > git rev-parse --show-toplevel [2ms]
2024-04-17 07:28:54.914 [info] > git rev-parse --show-toplevel [2ms]
2024-04-17 07:28:54.936 [info] > git rev-parse --show-toplevel [2ms]
2024-04-17 07:28:54.968 [info] > git rev-parse --git-dir --git-common-dir [9ms]
2024-04-17 07:28:54.978 [info] Open repository: /home/louis/api_louis
2024-04-17 07:28:55.033 [info] > git config --get commit.template [35ms]
2024-04-17 07:28:55.034 [info] > git rev-parse --show-toplevel [19ms]
2024-04-17 07:28:55.080 [info] > git for-each-ref --format=%(refname)%00%(upstream:short)%00%(objectname)%00%(upstream:track)%00%(upstream:remotename)%00%(upstream:remoteref) refs/heads/main refs/remotes/main [29ms]
2024-04-17 07:28:55.104 [info] > git rev-parse --show-toplevel [27ms]
2024-04-17 07:28:55.169 [info] > git status -z -uall [67ms]
2024-04-17 07:28:55.169 [info] > git show --textconv :ligue1-frontend/src/app/App.js [24ms]
2024-04-17 07:28:55.301 [info] > git merge-base refs/heads/main refs/remotes/origin/main [106ms]
2024-04-17 07:28:55.352 [info] > git ls-files --stage -- /home/louis/ligue1-frontend/src/app/App.js [185ms]
2024-04-17 07:28:55.443 [info] > git rev-list --count --left-right refs/heads/main...refs/remotes/origin/main [90ms]
2024-04-17 07:28:55.481 [info] > git config --get commit.template [183ms]
2024-04-17 07:28:55.521 [info] > git diff --name-status -z --diff-filter=ADMR 0dcaf4832d0ef5956626818c6faf388aa3445dee...refs/remotes/origin/main [41ms]
2024-04-17 07:28:55.537 [info] > git for-each-ref --format=%(refname)%00%(upstream:short)%00%(objectname)%00%(upstream:track)%00%(upstream:remotename)%00%(upstream:remoteref) refs/heads/main refs/remotes/main [17ms]
2024-04-17 07:28:55.642 [info] > git status -z -uall [38ms]
2024-04-17 07:29:03.748 [info] > git status -z -uall [9073ms] (cancelled)
2024-04-17 07:29:03.748 [info] > git merge-base refs/heads/main refs/remotes/origin/main [7335ms]
2024-04-17 07:29:03.874 [info] > git check-ignore -v -z --stdin [54ms]
2024-04-17 07:29:03.889 [info] > git rev-list --count --left-right refs/heads/main...refs/remotes/origin/main [117ms]
2024-04-17 07:29:03.999 [info] > git config --get commit.template [2124ms]
2024-04-17 07:29:04.139 [info] > git diff --name-status -z --diff-filter=ADMR 73978d91c7f16ccb3cd5807fd7b6f1aed709517e...refs/remotes/origin/main [142ms]
2024-04-17 07:29:04.201 [info] > git for-each-ref --format=%(refname)%00%(upstream:short)%00%(objectname)%00%(upstream:track)%00%(upstream:remotename)%00%(upstream:remoteref) refs/heads/main refs/remotes/main [143ms]
2024-04-17 07:29:08.534 [info] > git status -z -uall [4272ms] (cancelled)
2024-04-17 07:29:20.458 [info] > git ls-files --stage -- /home/louis/ligue1-frontend/src/app/App.js [2ms]
2024-04-17 07:29:20.488 [info] > git cat-file -s ccd7311104569b8125462637331cfdd360738d5a [3ms]
2024-04-17 07:29:20.560 [info] > git show --textconv :ligue1-frontend/src/app/App.js [5ms]
2024-04-17 07:30:02.676 [info] > git ls-files --stage -- /home/louis/ligue1-frontend/src/app/App.js [16ms]
2024-04-17 07:30:02.754 [info] > git cat-file -s ccd7311104569b8125462637331cfdd360738d5a [3ms]
2024-04-17 07:30:02.856 [info] > git show --textconv :ligue1-frontend/src/app/App.js [20ms]
2024-04-17 07:30:08.966 [info] > git ls-files --stage -- /home/louis/ligue1-frontend/src/app/App.js [3ms]
2024-04-17 07:30:09.001 [info] > git cat-file -s ccd7311104569b8125462637331cfdd360738d5a [2ms]
2024-04-17 07:30:09.090 [info] > git show --textconv :ligue1-frontend/src/app/App.js [2ms]
2024-04-17 07:30:44.874 [info] > git check-ignore -v -z --stdin [30ms]
2024-04-17 07:30:44.876 [info] > git check-ignore -v -z --stdin [6ms]
2024-04-17 07:30:47.608 [info] > git check-ignore -v -z --stdin [2ms]
2024-04-17 07:31:11.131 [info] > git config --get commit.template [28ms]
2024-04-17 07:31:11.134 [info] > git for-each-ref --format=%(refname)%00%(upstream:short)%00%(objectname)%00%(upstream:track)%00%(upstream:remotename)%00%(upstream:remoteref) refs/heads/main refs/remotes/main [4ms]
2024-04-17 07:31:11.187 [info] > git status -z -uall [26ms]
2024-04-17 07:31:37.432 [info] > git check-ignore -v -z --stdin [5ms]
2024-04-17 07:31:40.747 [info] > git check-ignore -v -z --stdin [3ms]
2024-04-17 07:31:42.100 [info] > git check-ignore -v -z --stdin [2ms]
2024-04-17 07:31:43.776 [info] > git check-ignore -v -z --stdin [4ms]
2024-04-17 07:31:45.489 [info] > git check-ignore -v -z --stdin [3ms]
2024-04-17 07:32:13.310 [info] > git config --get commit.template [2ms]
2024-04-17 07:32:13.342 [info] > git for-each-ref --format=%(refname)%00%(upstream:short)%00%(objectname)%00%(upstream:track)%00%(upstream:remotename)%00%(upstream:remoteref) refs/heads/main refs/remotes/main [3ms]
2024-04-17 07:32:13.387 [info] > git status -z -uall [16ms]
2024-04-17 07:32:13.427 [info] > git merge-base refs/heads/main refs/remotes/origin/main [11ms]
2024-04-17 07:32:13.460 [info] > git rev-list --count --left-right refs/heads/main...refs/remotes/origin/main [3ms]
2024-04-17 07:32:13.490 [info] > git diff --name-status -z --diff-filter=ADMR 0dcaf4832d0ef5956626818c6faf388aa3445dee...refs/remotes/origin/main [4ms]
2024-04-17 07:32:20.218 [info] > git config --get commit.template [27ms]
2024-04-17 07:32:20.220 [info] > git for-each-ref --format=%(refname)%00%(upstream:short)%00%(objectname)%00%(upstream:track)%00%(upstream:remotename)%00%(upstream:remoteref) refs/heads/main refs/remotes/main [3ms]
2024-04-17 07:32:20.260 [info] > git status -z -uall [9ms]
2024-04-17 07:32:20.294 [info] > git merge-base refs/heads/main refs/remotes/origin/main [8ms]
2024-04-17 07:32:20.321 [info] > git rev-list --count --left-right refs/heads/main...refs/remotes/origin/main [3ms]
2024-04-17 07:32:20.350 [info] > git diff --name-status -z --diff-filter=ADMR ce1995771aeb44a02f8f70e9ca28ef4b6f6c27c8...refs/remotes/origin/main [4ms]
2024-04-17 07:33:29.598 [info] > git check-ignore -v -z --stdin [3ms]
2024-04-17 07:33:35.258 [info] > git check-ignore -v -z --stdin [3ms]
2024-04-17 07:33:36.911 [info] > git show --textconv :tests/Feature/ExampleTest.php [110ms]
2024-04-17 07:33:36.912 [info] > git ls-files --stage -- /home/louis/api_louis/tests/Feature/ExampleTest.php [82ms]
2024-04-17 07:33:37.020 [info] > git cat-file -s 1f1d63b39ce74fc1ba8c89a82ef6d9286ee52f96 [65ms]
2024-04-17 07:34:43.462 [info] > git show --textconv :tests/CreatesApplication.php [30ms]
2024-04-17 07:34:43.465 [info] > git ls-files --stage -- /home/louis/api_louis/tests/CreatesApplication.php [4ms]
2024-04-17 07:34:43.493 [info] > git cat-file -s cc68301129ceb87d18e18e7b84de3bbb31d06034 [3ms]
2024-04-17 07:34:46.235 [info] > git show --textconv :tests/TestCase.php [28ms]
2024-04-17 07:34:46.238 [info] > git ls-files --stage -- /home/louis/api_louis/tests/TestCase.php [4ms]
2024-04-17 07:34:46.268 [info] > git cat-file -s 2932d4a69d6554cec4dea94e3194351710bd659e [3ms]
2024-04-17 07:34:49.525 [info] > git show --textconv :tests/Feature/ExampleTest.php [25ms]
2024-04-17 07:34:49.528 [info] > git ls-files --stage -- /home/louis/api_louis/tests/Feature/ExampleTest.php [3ms]
2024-04-17 07:34:49.556 [info] > git cat-file -s 1f1d63b39ce74fc1ba8c89a82ef6d9286ee52f96 [2ms]
2024-04-17 07:45:48.481 [info] > git check-ignore -v -z --stdin [2ms]
2024-04-17 07:45:52.686 [info] > git show --textconv :tests/Unit/UsersTest.php [35ms]
2024-04-17 07:45:52.689 [info] > git ls-files --stage -- /home/louis/api_louis/tests/Unit/UsersTest.php [5ms]
2024-04-17 07:45:52.717 [info] > git cat-file -s beb3c1f0f91695df539b1e66728ac4f651e98f4f [3ms]
2024-04-17 07:46:43.011 [info] > git config --get commit.template [26ms]
2024-04-17 07:46:43.013 [info] > git for-each-ref --format=%(refname)%00%(upstream:short)%00%(objectname)%00%(upstream:track)%00%(upstream:remotename)%00%(upstream:remoteref) refs/heads/main refs/remotes/main [3ms]
2024-04-17 07:46:43.054 [info] > git status -z -uall [13ms]
2024-04-17 07:47:32.545 [info] > git show --textconv :vendor/laravel/framework/src/Illuminate/Database/Connectors/Connector.php [28ms]
2024-04-17 07:47:32.547 [info] > git ls-files --stage -- /home/louis/api_louis/vendor/laravel/framework/src/Illuminate/Database/Connectors/Connector.php [5ms]
2024-04-17 07:47:32.705 [info] > git check-ignore -v -z --stdin [3ms]
2024-04-17 07:47:33.478 [info] > git check-ignore -v -z --stdin [2ms]
2024-04-17 07:47:45.821 [info] > git show --textconv :tests/Unit/UsersTest.php [39ms]
2024-04-17 07:47:45.824 [info] > git ls-files --stage -- /home/louis/api_louis/tests/Unit/UsersTest.php [5ms]
2024-04-17 07:47:45.858 [info] > git cat-file -s beb3c1f0f91695df539b1e66728ac4f651e98f4f [2ms]
2024-04-17 07:47:46.114 [info] > git check-ignore -v -z --stdin [3ms]
2024-04-17 07:50:32.858 [info] > git check-ignore -v -z --stdin [2ms]
2024-04-17 07:50:34.497 [info] > git check-ignore -v -z --stdin [2ms]
2024-04-17 07:50:37.270 [info] > git check-ignore -v -z --stdin [2ms]
2024-04-17 07:50:39.288 [info] > git show --textconv :database/factories/UserFactory.php [31ms]
2024-04-17 07:50:39.294 [info] > git ls-files --stage -- /home/louis/api_louis/database/factories/UserFactory.php [5ms]
2024-04-17 07:50:39.325 [info] > git cat-file -s 584104c9cf7521e255fad7a01e2cec3658a4d2c4 [1ms]
2024-04-17 07:50:55.560 [info] > git check-ignore -v -z --stdin [10ms]
2024-04-17 07:51:04.110 [info] > git check-ignore -v -z --stdin [4ms]
2024-04-17 07:51:06.859 [info] > git show --textconv :database/migrations/2023_12_20_133208_add_user_id_to_posts_table.php [41ms]
2024-04-17 07:51:06.861 [info] > git ls-files --stage -- /home/louis/api_louis/database/migrations/2023_12_20_133208_add_user_id_to_posts_table.php [5ms]
2024-04-17 07:51:06.897 [info] > git cat-file -s 90c73acf89283fc1790b922c6facda70f4f56aa1 [3ms]
2024-04-17 07:51:22.560 [info] > git show --textconv :ligue1-frontend/src/pages/ShowPlayer/ShowPlayer.js [35ms]
2024-04-17 07:51:22.565 [info] > git ls-files --stage -- /home/louis/ligue1-frontend/src/pages/ShowPlayer/ShowPlayer.js [7ms]
2024-04-17 07:51:22.637 [info] > git cat-file -s 53826464a3933d0469891681dfd82a07aeb7d498 [38ms]
2024-04-17 07:51:22.639 [info] > git check-ignore -v -z --stdin [9ms]
2024-04-17 07:51:23.165 [info] > git check-ignore -v -z --stdin [2ms]
2024-04-17 07:51:31.503 [info] > git show --textconv :database/migrations/2023_12_20_133208_add_user_id_to_posts_table.php [35ms]
2024-04-17 07:51:31.507 [info] > git ls-files --stage -- /home/louis/api_louis/database/migrations/2023_12_20_133208_add_user_id_to_posts_table.php [7ms]
2024-04-17 07:51:31.542 [info] > git cat-file -s 90c73acf89283fc1790b922c6facda70f4f56aa1 [6ms]
2024-04-17 07:51:39.702 [info] > git show --textconv :database/migrations/2014_10_12_000000_create_users_table.php [45ms]
2024-04-17 07:51:39.704 [info] > git ls-files --stage -- /home/louis/api_louis/database/migrations/2014_10_12_000000_create_users_table.php [4ms]
2024-04-17 07:51:39.733 [info] > git cat-file -s 444fafb7f5328e7adee2e409be0ee197ccaf1940 [2ms]
2024-04-17 07:51:40.920 [info] > git show --textconv :database/migrations/2014_10_12_100000_create_password_reset_tokens_table.php [30ms]
2024-04-17 07:51:40.922 [info] > git ls-files --stage -- /home/louis/api_louis/database/migrations/2014_10_12_100000_create_password_reset_tokens_table.php [4ms]
2024-04-17 07:51:40.959 [info] > git cat-file -s 81a7229b085acceacba99220d098fd156abc4eb4 [3ms]
2024-04-17 07:51:42.900 [info] > git show --textconv :database/migrations/2019_08_19_000000_create_failed_jobs_table.php [30ms]
2024-04-17 07:51:42.903 [info] > git ls-files --stage -- /home/louis/api_louis/database/migrations/2019_08_19_000000_create_failed_jobs_table.php [4ms]
2024-04-17 07:51:42.934 [info] > git cat-file -s 249da8171acd0816601ccb095c3320393e66dea6 [2ms]
2024-04-17 13:03:34.634 [info] > git config --get commit.template [29ms]
2024-04-17 13:03:34.636 [info] > git for-each-ref --format=%(refname)%00%(upstream:short)%00%(objectname)%00%(upstream:track)%00%(upstream:remotename)%00%(upstream:remoteref) refs/heads/main refs/remotes/main [5ms]
2024-04-17 13:03:34.677 [info] > git status -z -uall [10ms]
2024-04-17 13:03:39.738 [info] > git config --get commit.template [26ms]
2024-04-17 13:03:39.739 [info] > git for-each-ref --format=%(refname)%00%(upstream:short)%00%(objectname)%00%(upstream:track)%00%(upstream:remotename)%00%(upstream:remoteref) refs/heads/main refs/remotes/main [3ms]
2024-04-17 13:03:39.774 [info] > git status -z -uall [9ms]
2024-04-17 13:04:00.464 [info] > git show --textconv :tests/TestCase.php [29ms]
2024-04-17 13:04:00.466 [info] > git ls-files --stage -- /home/louis/api_louis/tests/TestCase.php [3ms]
2024-04-17 13:04:00.502 [info] > git cat-file -s 2932d4a69d6554cec4dea94e3194351710bd659e [3ms]
2024-04-17 13:04:03.537 [info] > git show --textconv :tests/CreatesApplication.php [32ms]
2024-04-17 13:04:03.539 [info] > git ls-files --stage -- /home/louis/api_louis/tests/CreatesApplication.php [4ms]
2024-04-17 13:04:03.579 [info] > git cat-file -s cc68301129ceb87d18e18e7b84de3bbb31d06034 [3ms]
2024-04-17 13:04:07.873 [info] > git show --textconv :tests/Unit/UsersTest.php [30ms]
2024-04-17 13:04:07.876 [info] > git ls-files --stage -- /home/louis/api_louis/tests/Unit/UsersTest.php [5ms]
2024-04-17 13:04:07.908 [info] > git cat-file -s beb3c1f0f91695df539b1e66728ac4f651e98f4f [2ms]
2024-04-17 13:04:14.908 [info] > git config --get commit.template [1ms]
2024-04-17 13:04:14.947 [info] > git for-each-ref --format=%(refname)%00%(upstream:short)%00%(objectname)%00%(upstream:track)%00%(upstream:remotename)%00%(upstream:remoteref) refs/heads/main refs/remotes/main [8ms]
2024-04-17 13:04:14.991 [info] > git status -z -uall [11ms]
2024-04-17 13:05:50.996 [info] > git show --textconv :tests/TestCase.php [51ms]
2024-04-17 13:05:50.998 [info] > git ls-files --stage -- /home/louis/api_louis/tests/TestCase.php [4ms]
2024-04-17 13:05:51.034 [info] > git cat-file -s 2932d4a69d6554cec4dea94e3194351710bd659e [3ms]
2024-04-17 13:05:54.283 [info] > git show --textconv :tests/CreatesApplication.php [28ms]
2024-04-17 13:05:54.286 [info] > git ls-files --stage -- /home/louis/api_louis/tests/CreatesApplication.php [4ms]
2024-04-17 13:05:54.314 [info] > git cat-file -s cc68301129ceb87d18e18e7b84de3bbb31d06034 [2ms]
2024-04-17 13:05:58.441 [info] > git show --textconv :tests/Unit/ExampleTest.php [29ms]
2024-04-17 13:05:58.445 [info] > git ls-files --stage -- /home/louis/api_louis/tests/Unit/ExampleTest.php [4ms]
2024-04-17 13:05:58.477 [info] > git cat-file -s 5773b0ceb771e176520d5a9c1efe5e918878318d [3ms]
2024-04-17 13:06:01.972 [info] > git show --textconv :tests/Unit/UsersTest.php [38ms]
2024-04-17 13:06:01.975 [info] > git ls-files --stage -- /home/louis/api_louis/tests/Unit/UsersTest.php [4ms]
2024-04-17 13:06:02.011 [info] > git cat-file -s beb3c1f0f91695df539b1e66728ac4f651e98f4f [5ms]
2024-04-17 13:10:12.293 [info] > git show --textconv :database/migrations/2014_10_12_000000_create_users_table.php [42ms]
2024-04-17 13:10:12.294 [info] > git ls-files --stage -- /home/louis/api_louis/database/migrations/2014_10_12_000000_create_users_table.php [3ms]
2024-04-17 13:10:12.336 [info] > git cat-file -s 444fafb7f5328e7adee2e409be0ee197ccaf1940 [3ms]
2024-04-17 13:10:25.597 [info] > git show --textconv :tests/Unit/ExampleTest.php [26ms]
2024-04-17 13:10:25.600 [info] > git ls-files --stage -- /home/louis/api_louis/tests/Unit/ExampleTest.php [3ms]
2024-04-17 13:10:25.627 [info] > git cat-file -s 5773b0ceb771e176520d5a9c1efe5e918878318d [2ms]
2024-04-17 13:10:28.048 [info] > git show --textconv :tests/Unit/UsersTest.php [29ms]
2024-04-17 13:10:28.050 [info] > git ls-files --stage -- /home/louis/api_louis/tests/Unit/UsersTest.php [3ms]
2024-04-17 13:10:28.080 [info] > git cat-file -s beb3c1f0f91695df539b1e66728ac4f651e98f4f [4ms]
2024-04-17 13:12:41.071 [info] > git config --get commit.template [36ms]
2024-04-17 13:12:41.072 [info] > git for-each-ref --format=%(refname)%00%(upstream:short)%00%(objectname)%00%(upstream:track)%00%(upstream:remotename)%00%(upstream:remoteref) refs/heads/main refs/remotes/main [3ms]
2024-04-17 13:12:41.126 [info] > git status -z -uall [10ms]
2024-04-17 13:13:24.010 [info] > git config --get commit.template [4ms]
2024-04-17 13:13:24.047 [info] > git for-each-ref --format=%(refname)%00%(upstream:short)%00%(objectname)%00%(upstream:track)%00%(upstream:remotename)%00%(upstream:remoteref) refs/heads/main refs/remotes/main [3ms]
2024-04-17 13:13:24.090 [info] > git status -z -uall [9ms]
2024-04-17 13:14:11.510 [info] > git config --get commit.template [32ms]
2024-04-17 13:14:11.513 [info] > git for-each-ref --format=%(refname)%00%(upstream:short)%00%(objectname)%00%(upstream:track)%00%(upstream:remotename)%00%(upstream:remoteref) refs/heads/main refs/remotes/main [5ms]
2024-04-17 13:14:11.551 [info] > git status -z -uall [9ms]
2024-04-17 13:14:24.743 [info] > git config --get commit.template [29ms]
2024-04-17 13:14:24.744 [info] > git for-each-ref --format=%(refname)%00%(upstream:short)%00%(objectname)%00%(upstream:track)%00%(upstream:remotename)%00%(upstream:remoteref) refs/heads/main refs/remotes/main [3ms]
2024-04-17 13:14:24.798 [info] > git status -z -uall [10ms]
2024-04-17 13:14:46.919 [info] > git config --get commit.template [44ms]
2024-04-17 13:14:46.925 [info] > git for-each-ref --format=%(refname)%00%(upstream:short)%00%(objectname)%00%(upstream:track)%00%(upstream:remotename)%00%(upstream:remoteref) refs/heads/main refs/remotes/main [9ms]
2024-04-17 13:14:46.976 [info] > git status -z -uall [22ms]
2024-04-17 13:14:52.017 [info] > git config --get commit.template [1ms]
2024-04-17 13:14:52.054 [info] > git for-each-ref --format=%(refname)%00%(upstream:short)%00%(objectname)%00%(upstream:track)%00%(upstream:remotename)%00%(upstream:remoteref) refs/heads/main refs/remotes/main [4ms]
2024-04-17 13:14:52.099 [info] > git status -z -uall [11ms]
2024-04-17 13:14:57.137 [info] > git config --get commit.template [1ms]
2024-04-17 13:14:57.169 [info] > git for-each-ref --format=%(refname)%00%(upstream:short)%00%(objectname)%00%(upstream:track)%00%(upstream:remotename)%00%(upstream:remoteref) refs/heads/main refs/remotes/main [2ms]
2024-04-17 13:14:57.209 [info] > git status -z -uall [10ms]
2024-04-17 13:19:24.849 [info] > git check-ignore -v -z --stdin [3ms]
2024-04-17 13:19:25.951 [info] > git check-ignore -v -z --stdin [2ms]
2024-04-17 13:19:40.236 [info] > git show --textconv :.env [34ms]
2024-04-17 13:19:40.238 [info] > git ls-files --stage -- /home/louis/api_louis/.env [6ms]
2024-04-17 13:19:45.203 [info] > git check-ignore -v -z --stdin [3ms]
2024-04-17 13:19:48.286 [info] > git show --textconv :ligue1-frontend/.env [27ms]
2024-04-17 13:19:48.290 [info] > git ls-files --stage -- /home/louis/ligue1-frontend/.env [4ms]
2024-04-17 13:19:48.322 [info] > git cat-file -s 8e70d2fe9e697512ddabc80640342c600fc1a560 [2ms]
2024-04-17 13:19:51.884 [info] > git show --textconv :.env [26ms]
2024-04-17 13:19:51.887 [info] > git ls-files --stage -- /home/louis/.env [4ms]
2024-04-17 13:20:07.988 [info] > git show --textconv :.env [42ms]
2024-04-17 13:20:07.991 [info] > git ls-files --stage -- /home/louis/api_louis/.env [3ms]
2024-04-17 13:20:49.206 [info] > git config --get commit.template [3ms]
2024-04-17 13:20:49.240 [info] > git for-each-ref --format=%(refname)%00%(upstream:short)%00%(objectname)%00%(upstream:track)%00%(upstream:remotename)%00%(upstream:remoteref) refs/heads/main refs/remotes/main [3ms]
2024-04-17 13:20:49.277 [info] > git status -z -uall [8ms]
2024-04-17 13:44:53.538 [info] > git show --textconv :tests/Unit/UsersTest.php [29ms]
2024-04-17 13:44:53.545 [info] > git ls-files --stage -- /home/louis/api_louis/tests/Unit/UsersTest.php [7ms]
2024-04-17 13:44:53.578 [info] > git cat-file -s beb3c1f0f91695df539b1e66728ac4f651e98f4f [2ms]
2024-04-17 13:45:39.619 [info] > git config --get commit.template [3ms]
2024-04-17 13:45:39.708 [info] > git for-each-ref --format=%(refname)%00%(upstream:short)%00%(objectname)%00%(upstream:track)%00%(upstream:remotename)%00%(upstream:remoteref) refs/heads/main refs/remotes/main [4ms]
2024-04-17 13:45:39.764 [info] > git status -z -uall [11ms]
2024-04-17 14:00:04.254 [info] > git config --get commit.template [101ms]
2024-04-17 14:00:04.257 [info] > git for-each-ref --format=%(refname)%00%(upstream:short)%00%(objectname)%00%(upstream:track)%00%(upstream:remotename)%00%(upstream:remoteref) refs/heads/main refs/remotes/main [8ms]
2024-04-17 14:00:04.380 [info] > git status -z -uall [32ms]
2024-04-17 14:00:09.494 [info] > git config --get commit.template [40ms]
2024-04-17 14:00:09.500 [info] > git for-each-ref --format=%(refname)%00%(upstream:short)%00%(objectname)%00%(upstream:track)%00%(upstream:remotename)%00%(upstream:remoteref) refs/heads/main refs/remotes/main [6ms]
2024-04-17 14:00:09.566 [info] > git status -z -uall [1ms]
2024-04-17 14:11:05.949 [info] > git config --get commit.template [4ms]
2024-04-17 14:11:05.989 [info] > git for-each-ref --format=%(refname)%00%(upstream:short)%00%(objectname)%00%(upstream:track)%00%(upstream:remotename)%00%(upstream:remoteref) refs/heads/main refs/remotes/main [3ms]
2024-04-17 14:11:06.036 [info] > git status -z -uall [10ms]
2024-04-17 14:11:16.380 [info] > git show --textconv :ligue1-frontend/dockerfile [126ms]
2024-04-17 14:11:16.381 [info] > git ls-files --stage -- /home/louis/ligue1-frontend/dockerfile [89ms]
2024-04-17 14:11:16.454 [info] > git cat-file -s e28efe15c32c5a9cda60f300883c4d22a7cb5b07 [6ms]
2024-04-17 14:12:21.922 [info] > git show --textconv :ligue1-frontend/package.json [65ms]
2024-04-17 14:12:21.922 [info] > git ls-files --stage -- /home/louis/ligue1-frontend/package.json [7ms]
2024-04-17 14:12:21.968 [info] > git cat-file -s fc8925eeef1d50ce642fb86e760ea44cc3dc8586 [8ms]
2024-04-17 14:12:37.124 [info] > git show --textconv :ligue1-frontend/dockerfile [50ms]
2024-04-17 14:12:37.129 [info] > git ls-files --stage -- /home/louis/ligue1-frontend/dockerfile [10ms]
2024-04-17 14:12:37.188 [info] > git cat-file -s e28efe15c32c5a9cda60f300883c4d22a7cb5b07 [4ms]
2024-04-17 14:13:03.683 [info] > git show --textconv :ligue1-frontend/package.json [51ms]
2024-04-17 14:13:03.685 [info] > git ls-files --stage -- /home/louis/ligue1-frontend/package.json [6ms]
2024-04-17 14:13:03.743 [info] > git cat-file -s fc8925eeef1d50ce642fb86e760ea44cc3dc8586 [15ms]
2024-04-17 14:13:18.597 [info] > git show --textconv :ligue1-frontend/dockerfile [54ms]
2024-04-17 14:13:18.602 [info] > git ls-files --stage -- /home/louis/ligue1-frontend/dockerfile [14ms]
2024-04-17 14:13:18.654 [info] > git cat-file -s e28efe15c32c5a9cda60f300883c4d22a7cb5b07 [4ms]
2024-04-17 14:15:59.592 [info] > git ls-files --stage -- /home/louis/docker-compose.yml [13ms]
2024-04-17 14:15:59.595 [info] > git show --textconv :docker-compose.yml [63ms]
2024-04-17 14:19:50.910 [info] > git show --textconv :ligue1-frontend/dockerfile [48ms]
2024-04-17 14:19:50.914 [info] > git ls-files --stage -- /home/louis/ligue1-frontend/dockerfile [7ms]
2024-04-17 14:19:50.964 [info] > git cat-file -s e28efe15c32c5a9cda60f300883c4d22a7cb5b07 [5ms]
2024-04-17 14:21:38.015 [info] > git show --textconv :ligue1-frontend/package.json [55ms]
2024-04-17 14:21:38.020 [info] > git ls-files --stage -- /home/louis/ligue1-frontend/package.json [7ms]
2024-04-17 14:21:38.061 [info] > git cat-file -s fc8925eeef1d50ce642fb86e760ea44cc3dc8586 [3ms]
2024-04-17 14:21:43.953 [info] > git show --textconv :ligue1-frontend/dockerfile [46ms]
2024-04-17 14:21:43.956 [info] > git ls-files --stage -- /home/louis/ligue1-frontend/dockerfile [5ms]
2024-04-17 14:21:43.996 [info] > git cat-file -s e28efe15c32c5a9cda60f300883c4d22a7cb5b07 [3ms]
2024-04-17 14:22:24.287 [info] > git show --textconv :docker-compose.yml [38ms]
2024-04-17 14:22:24.289 [info] > git ls-files --stage -- /home/louis/docker-compose.yml [4ms]
2024-04-17 14:26:38.910 [info] > git show --textconv :.env [53ms]
2024-04-17 14:26:38.915 [info] > git ls-files --stage -- /home/louis/api_louis/.env [14ms]
2024-04-17 14:26:44.812 [info] > git config --get commit.template [48ms]
2024-04-17 14:26:44.824 [info] > git for-each-ref --format=%(refname)%00%(upstream:short)%00%(objectname)%00%(upstream:track)%00%(upstream:remotename)%00%(upstream:remoteref) refs/heads/main refs/remotes/main [14ms]
2024-04-17 14:26:44.952 [info] > git status -z -uall [83ms]
2024-04-17 14:27:08.090 [info] > git show --textconv :ligue1-frontend/.env [47ms]
2024-04-17 14:27:08.094 [info] > git ls-files --stage -- /home/louis/ligue1-frontend/.env [6ms]
2024-04-17 14:27:08.137 [info] > git cat-file -s 8e70d2fe9e697512ddabc80640342c600fc1a560 [4ms]
2024-04-17 14:27:11.757 [info] > git show --textconv :.env [50ms]
2024-04-17 14:27:11.759 [info] > git ls-files --stage -- /home/louis/.env [7ms]
2024-04-17 14:27:27.312 [info] > git show --textconv :ligue1-frontend/.env [47ms]
2024-04-17 14:27:27.318 [info] > git ls-files --stage -- /home/louis/ligue1-frontend/.env [11ms]
2024-04-17 14:27:27.367 [info] > git cat-file -s 8e70d2fe9e697512ddabc80640342c600fc1a560 [3ms]
2024-04-17 14:28:00.211 [info] > git config --get commit.template [44ms]
2024-04-17 14:28:00.212 [info] > git for-each-ref --format=%(refname)%00%(upstream:short)%00%(objectname)%00%(upstream:track)%00%(upstream:remotename)%00%(upstream:remoteref) refs/heads/main refs/remotes/main [2ms]
2024-04-17 14:28:00.272 [info] > git status -z -uall [13ms]
2024-04-17 14:35:00.646 [info] > git config --get commit.template [45ms]
2024-04-17 14:35:00.647 [info] > git for-each-ref --format=%(refname)%00%(upstream:short)%00%(objectname)%00%(upstream:track)%00%(upstream:remotename)%00%(upstream:remoteref) refs/heads/main refs/remotes/main [2ms]
2024-04-17 14:35:00.697 [info] > git status -z -uall [10ms]
2024-04-17 14:35:05.769 [info] > git config --get commit.template [2ms]
2024-04-17 14:35:05.817 [info] > git for-each-ref --format=%(refname)%00%(upstream:short)%00%(objectname)%00%(upstream:track)%00%(upstream:remotename)%00%(upstream:remoteref) refs/heads/main refs/remotes/main [6ms]
2024-04-17 14:35:05.871 [info] > git status -z -uall [9ms]
2024-04-17 14:35:21.000 [info] > git show --textconv :tests/Unit/ExampleTest.php [50ms]
2024-04-17 14:35:21.005 [info] > git ls-files --stage -- /home/louis/api_louis/tests/Unit/ExampleTest.php [11ms]
2024-04-17 14:35:21.054 [info] > git cat-file -s 5773b0ceb771e176520d5a9c1efe5e918878318d [3ms]
2024-04-17 14:59:03.448 [info] > git config --get commit.template [44ms]
2024-04-17 14:59:03.449 [info] > git for-each-ref --format=%(refname)%00%(upstream:short)%00%(objectname)%00%(upstream:track)%00%(upstream:remotename)%00%(upstream:remoteref) refs/heads/main refs/remotes/main [2ms]
2024-04-17 14:59:03.504 [info] > git status -z -uall [9ms]
