2024-04-05 07:13:55.482 [info] Log level: Info
2024-04-05 07:13:55.482 [info] Validating found git in: "git"
2024-04-05 07:13:55.482 [info] Using git "2.39.2" from "git"
2024-04-05 07:13:55.482 [info] > git rev-parse --show-toplevel [42ms]
2024-04-05 07:13:55.548 [info] > git rev-parse --git-dir --git-common-dir [28ms]
2024-04-05 07:13:55.808 [info] Open repository: /home/louis
2024-04-05 07:13:57.601 [info] > git rev-parse --show-toplevel [25ms]
2024-04-05 07:13:57.604 [info] > git config --get commit.template [50ms]
2024-04-05 07:13:58.043 [info] > git rev-parse --git-dir --git-common-dir [412ms]
2024-04-05 07:13:58.050 [info] Open repository: /home/louis/api_louis
2024-04-05 07:13:58.090 [info] > git for-each-ref --format=%(refname)%00%(upstream:short)%00%(objectname)%00%(upstream:track)%00%(upstream:remotename)%00%(upstream:remoteref) refs/heads/main refs/remotes/main [431ms]
2024-04-05 07:13:58.183 [info] > git check-ignore -v -z --stdin [45ms]
2024-04-05 07:13:58.186 [info] > git rev-parse --show-toplevel [99ms]
2024-04-05 07:13:58.196 [info] > git config --get commit.template [125ms]
2024-04-05 07:13:59.037 [info] > git check-ignore -v -z --stdin [133ms]
2024-04-05 07:13:59.038 [info] > git check-ignore -v -z --stdin [107ms]
2024-04-05 07:13:59.044 [info] > git for-each-ref --format=%(refname)%00%(upstream:short)%00%(objectname)%00%(upstream:track)%00%(upstream:remotename)%00%(upstream:remoteref) refs/heads/main refs/remotes/main [776ms]
2024-04-05 07:13:59.052 [info] > git rev-parse --show-toplevel [818ms]
2024-04-05 07:13:59.309 [info] > git rev-parse --show-toplevel [187ms]
2024-04-05 07:14:01.136 [info] > git status -z -uall [191ms]
2024-04-05 07:14:01.151 [info] > git rev-parse --show-toplevel [1756ms]
2024-04-05 07:14:01.316 [info] > git config --get commit.template [146ms]
2024-04-05 07:14:01.455 [info] > git rev-parse --show-toplevel [266ms]
2024-04-05 07:14:01.548 [info] > git rev-parse --show-toplevel [50ms]
2024-04-05 07:14:01.548 [info] > git for-each-ref --format=%(refname)%00%(upstream:short)%00%(objectname)%00%(upstream:track)%00%(upstream:remotename)%00%(upstream:remoteref) refs/heads/main refs/remotes/main [74ms]
2024-04-05 07:14:04.911 [info] > git status -z -uall [5934ms] (cancelled)
2024-04-05 07:14:04.914 [info] > git rev-parse --show-toplevel [3346ms]
2024-04-05 07:14:05.013 [info] > git config --get commit.template [178ms]
2024-04-05 07:14:05.032 [info] > git rev-parse --show-toplevel [50ms]
2024-04-05 07:14:05.311 [info] > git status -z -uall [225ms]
2024-04-05 07:14:05.315 [info] > git rev-parse --show-toplevel [98ms]
2024-04-05 07:14:05.316 [info] > git for-each-ref --format=%(refname)%00%(upstream:short)%00%(objectname)%00%(upstream:track)%00%(upstream:remotename)%00%(upstream:remoteref) refs/heads/main refs/remotes/main [190ms]
2024-04-05 07:14:05.462 [info] > git rev-parse --show-toplevel [65ms]
2024-04-05 07:14:05.575 [info] > git show --textconv :app/Http/Controllers/Api/JoueurController.php [49ms]
2024-04-05 07:14:05.607 [info] > git ls-files --stage -- /home/louis/api_louis/app/Http/Controllers/Api/JoueurController.php [37ms]
2024-04-05 07:14:08.730 [info] > git status -z -uall [3276ms] (cancelled)
2024-04-05 07:16:49.620 [info] > git check-ignore -v -z --stdin [2ms]
2024-04-05 07:16:55.380 [info] > git config --get commit.template [21ms]
2024-04-05 07:16:55.381 [info] > git for-each-ref --format=%(refname)%00%(upstream:short)%00%(objectname)%00%(upstream:track)%00%(upstream:remotename)%00%(upstream:remoteref) refs/heads/main refs/remotes/main [4ms]
2024-04-05 07:16:55.410 [info] > git status -z -uall [11ms]
2024-04-05 07:17:02.819 [info] > git config --get commit.template [30ms]
2024-04-05 07:17:02.824 [info] > git for-each-ref --format=%(refname)%00%(upstream:short)%00%(objectname)%00%(upstream:track)%00%(upstream:remotename)%00%(upstream:remoteref) refs/heads/main refs/remotes/main [7ms]
2024-04-05 07:17:02.871 [info] > git status -z -uall [12ms]
2024-04-05 07:17:08.582 [info] > git config --get commit.template [3ms]
2024-04-05 07:17:08.603 [info] > git for-each-ref --format=%(refname)%00%(upstream:short)%00%(objectname)%00%(upstream:track)%00%(upstream:remotename)%00%(upstream:remoteref) refs/heads/main refs/remotes/main [2ms]
2024-04-05 07:17:08.633 [info] > git status -z -uall [9ms]
2024-04-05 07:17:19.711 [info] > git config --get commit.template [24ms]
2024-04-05 07:17:19.714 [info] > git for-each-ref --format=%(refname)%00%(upstream:short)%00%(objectname)%00%(upstream:track)%00%(upstream:remotename)%00%(upstream:remoteref) refs/heads/main refs/remotes/main [4ms]
2024-04-05 07:17:19.747 [info] > git status -z -uall [11ms]
2024-04-05 07:18:38.652 [info] > git config --get commit.template [20ms]
2024-04-05 07:18:38.653 [info] > git for-each-ref --format=%(refname)%00%(upstream:short)%00%(objectname)%00%(upstream:track)%00%(upstream:remotename)%00%(upstream:remoteref) refs/heads/main refs/remotes/main [3ms]
2024-04-05 07:18:38.684 [info] > git status -z -uall [9ms]
2024-04-05 07:20:54.479 [info] > git check-ignore -v -z --stdin [3ms]
2024-04-05 07:20:55.825 [info] > git check-ignore -v -z --stdin [3ms]
2024-04-05 07:20:57.314 [info] > git check-ignore -v -z --stdin [2ms]
2024-04-05 07:21:00.580 [info] > git show --textconv :storage/logs/laravel.log [32ms]
2024-04-05 07:21:00.585 [info] > git ls-files --stage -- /home/louis/api_louis/storage/logs/laravel.log [8ms]
2024-04-05 07:21:10.885 [info] > git show --textconv :storage/logs/laravel-2024-03-18.log [28ms]
2024-04-05 07:21:10.887 [info] > git ls-files --stage -- /home/louis/api_louis/storage/logs/laravel-2024-03-18.log [5ms]
2024-04-05 07:21:13.185 [info] > git show --textconv :storage/logs/laravel-2024-03-18.log [78ms]
2024-04-05 07:21:13.185 [info] > git show --textconv :app/Http/Controllers/Controller.php [53ms]
2024-04-05 07:21:13.185 [info] > git ls-files --stage -- /home/louis/api_louis/storage/logs/laravel-2024-03-18.log [26ms]
2024-04-05 07:21:13.192 [info] > git ls-files --stage -- /home/louis/api_louis/app/Http/Controllers/Controller.php [9ms]
2024-04-05 07:21:13.219 [info] > git cat-file -s 77ec359ab4de60f6dd2205cbc5b2aab373d8a185 [3ms]
2024-04-05 07:21:18.067 [info] > git show --textconv :app/Http/Controllers/Api/UserController.php [27ms]
2024-04-05 07:21:18.069 [info] > git ls-files --stage -- /home/louis/api_louis/app/Http/Controllers/Api/UserController.php [4ms]
2024-04-05 07:21:18.119 [info] > git cat-file -s 0fe9ad7c9ee42ae645e2cabe118ff602ed237b44 [2ms]
2024-04-05 07:21:18.555 [info] > git show --textconv :app/Http/Controllers/Api/PostController.php [30ms]
2024-04-05 07:21:18.559 [info] > git ls-files --stage -- /home/louis/api_louis/app/Http/Controllers/Api/PostController.php [5ms]
2024-04-05 07:21:18.585 [info] > git cat-file -s 0a896785421db36bab0b82cfe6056cb1a47178ad [3ms]
2024-04-05 07:21:19.156 [info] > git show --textconv :app/Http/Controllers/Controller.php [27ms]
2024-04-05 07:21:19.157 [info] > git ls-files --stage -- /home/louis/api_louis/app/Http/Controllers/Controller.php [4ms]
2024-04-05 07:21:19.183 [info] > git cat-file -s 77ec359ab4de60f6dd2205cbc5b2aab373d8a185 [3ms]
2024-04-05 07:21:22.620 [info] > git show --textconv :app/Http/Controllers/Controller.php [67ms]
2024-04-05 07:21:22.620 [info] > git show --textconv :app/Http/Controllers/Api/PostController.php [47ms]
2024-04-05 07:21:22.620 [info] > git ls-files --stage -- /home/louis/api_louis/app/Http/Controllers/Controller.php [28ms]
2024-04-05 07:21:22.648 [info] > git cat-file -s 77ec359ab4de60f6dd2205cbc5b2aab373d8a185 [4ms]
2024-04-05 07:21:22.649 [info] > git ls-files --stage -- /home/louis/api_louis/app/Http/Controllers/Api/PostController.php [33ms]
2024-04-05 07:21:22.675 [info] > git cat-file -s 0a896785421db36bab0b82cfe6056cb1a47178ad [3ms]
2024-04-05 07:21:28.692 [info] > git show --textconv :storage/logs/laravel-2024-03-18.log [23ms]
2024-04-05 07:21:28.694 [info] > git ls-files --stage -- /home/louis/api_louis/storage/logs/laravel-2024-03-18.log [3ms]
2024-04-05 07:21:30.564 [info] > git show --textconv :storage/logs/laravel.log [33ms]
2024-04-05 07:21:30.566 [info] > git ls-files --stage -- /home/louis/api_louis/storage/logs/laravel.log [9ms]
2024-04-05 07:21:30.894 [info] > git show --textconv :storage/logs/laravel-2024-03-18.log [25ms]
2024-04-05 07:21:30.897 [info] > git ls-files --stage -- /home/louis/api_louis/storage/logs/laravel-2024-03-18.log [4ms]
2024-04-05 07:21:32.880 [info] > git show --textconv :storage/logs/laravel.log [26ms]
2024-04-05 07:21:32.882 [info] > git ls-files --stage -- /home/louis/api_louis/storage/logs/laravel.log [4ms]
