2024-04-23 08:41:39.552 [info] Log level: Info
2024-04-23 08:41:39.553 [info] Validating found git in: "git"
2024-04-23 08:41:39.553 [info] Using git "2.39.2" from "git"
2024-04-23 08:41:39.554 [info] > git rev-parse --show-toplevel [332ms]
2024-04-23 08:41:39.554 [info] > git rev-parse --git-dir --git-common-dir [1563ms]
2024-04-23 08:41:39.554 [info] Open repository: /home/louis
2024-04-23 08:41:39.560 [info] > git rev-parse --show-toplevel [45ms]
2024-04-23 08:41:39.570 [info] > git config --get commit.template [86ms]
2024-04-23 08:41:41.108 [info] > git rev-parse --show-toplevel [385ms]
2024-04-23 08:41:41.375 [info] > git for-each-ref --format=%(refname)%00%(upstream:short)%00%(objectname)%00%(upstream:track)%00%(upstream:remotename)%00%(upstream:remoteref) refs/heads/main refs/remotes/main [400ms]
2024-04-23 08:41:41.401 [info] > git rev-parse --show-toplevel [53ms]
2024-04-23 08:41:41.693 [info] > git rev-parse --show-toplevel [10ms]
2024-04-23 08:41:41.797 [info] > git check-ignore -v -z --stdin [940ms]
2024-04-23 08:41:41.815 [info] > git rev-parse --show-toplevel [19ms]
2024-04-23 08:41:41.949 [info] > git rev-parse --show-toplevel [54ms]
2024-04-23 08:41:42.040 [info] > git rev-parse --show-toplevel [7ms]
2024-04-23 08:41:42.126 [info] > git rev-parse --show-toplevel [16ms]
2024-04-23 08:41:42.196 [info] > git rev-parse --show-toplevel [17ms]
2024-04-23 08:41:42.253 [info] > git rev-parse --show-toplevel [3ms]
2024-04-23 08:41:42.429 [info] > git rev-parse --show-toplevel [68ms]
2024-04-23 08:41:42.476 [info] > git rev-parse --show-toplevel [16ms]
2024-04-23 08:41:44.709 [info] > git status -z -uall [3162ms]
2024-04-23 08:41:44.853 [info] > git rev-parse --show-toplevel [2323ms]
2024-04-23 08:41:45.766 [info] > git show --textconv :ligue1-frontend/src/pages/HomePage/HomePage.js [870ms]
2024-04-23 08:41:45.770 [info] > git ls-files --stage -- /home/louis/ligue1-frontend/src/pages/HomePage/HomePage.js [832ms]
2024-04-23 08:41:45.844 [info] > git merge-base refs/heads/main refs/remotes/origin/main [1094ms]
2024-04-23 08:41:45.973 [info] > git cat-file -s 5ad876a6b403e3ef5931464ed43ba49c5baaad25 [132ms]
2024-04-23 08:41:45.980 [info] > git config --get commit.template [620ms]
2024-04-23 08:41:45.986 [info] > git rev-list --count --left-right refs/heads/main...refs/remotes/origin/main [53ms]
2024-04-23 08:41:46.223 [info] > git for-each-ref --format=%(refname)%00%(upstream:short)%00%(objectname)%00%(upstream:track)%00%(upstream:remotename)%00%(upstream:remoteref) refs/heads/main refs/remotes/main [82ms]
2024-04-23 08:41:46.226 [info] > git diff --name-status -z --diff-filter=ADMR 56880393d828e267994594127668037f852d02be...refs/remotes/origin/main [182ms]
2024-04-23 08:41:48.726 [info] > git status -z -uall [1986ms]
2024-04-23 08:45:26.740 [info] > git config --get commit.template [203ms]
2024-04-23 08:45:26.978 [info] > git for-each-ref --format=%(refname)%00%(upstream:short)%00%(objectname)%00%(upstream:track)%00%(upstream:remotename)%00%(upstream:remoteref) refs/heads/main refs/remotes/main [240ms]
2024-04-23 08:45:29.022 [info] > git status -z -uall [1534ms]
2024-04-23 08:45:37.097 [info] > git config --get commit.template [11ms]
2024-04-23 08:45:37.142 [info] > git for-each-ref --format=%(refname)%00%(upstream:short)%00%(objectname)%00%(upstream:track)%00%(upstream:remotename)%00%(upstream:remoteref) refs/heads/main refs/remotes/main [11ms]
2024-04-23 08:45:38.395 [info] > git status -z -uall [1221ms]
2024-04-23 08:45:59.030 [info] > git config --get commit.template [8ms]
2024-04-23 08:45:59.059 [info] > git for-each-ref --format=%(refname)%00%(upstream:short)%00%(objectname)%00%(upstream:track)%00%(upstream:remotename)%00%(upstream:remoteref) refs/heads/main refs/remotes/main [4ms]
2024-04-23 08:45:59.712 [info] > git status -z -uall [625ms]
2024-04-23 08:46:04.808 [info] > git config --get commit.template [36ms]
2024-04-23 08:46:04.815 [info] > git for-each-ref --format=%(refname)%00%(upstream:short)%00%(objectname)%00%(upstream:track)%00%(upstream:remotename)%00%(upstream:remoteref) refs/heads/main refs/remotes/main [13ms]
2024-04-23 08:46:05.285 [info] > git status -z -uall [443ms]
2024-04-23 08:46:10.368 [info] > git config --get commit.template [30ms]
2024-04-23 08:46:10.370 [info] > git for-each-ref --format=%(refname)%00%(upstream:short)%00%(objectname)%00%(upstream:track)%00%(upstream:remotename)%00%(upstream:remoteref) refs/heads/main refs/remotes/main [3ms]
2024-04-23 08:46:10.781 [info] > git status -z -uall [381ms]
2024-04-23 08:59:29.070 [info] > git config --get commit.template [29ms]
2024-04-23 08:59:29.073 [info] > git for-each-ref --format=%(refname)%00%(upstream:short)%00%(objectname)%00%(upstream:track)%00%(upstream:remotename)%00%(upstream:remoteref) refs/heads/main refs/remotes/main [4ms]
2024-04-23 08:59:29.508 [info] > git status -z -uall [405ms]
2024-04-23 08:59:34.632 [info] > git config --get commit.template [26ms]
2024-04-23 08:59:34.633 [info] > git for-each-ref --format=%(refname)%00%(upstream:short)%00%(objectname)%00%(upstream:track)%00%(upstream:remotename)%00%(upstream:remoteref) refs/heads/main refs/remotes/main [3ms]
2024-04-23 08:59:35.002 [info] > git status -z -uall [339ms]
2024-04-23 08:59:40.099 [info] > git config --get commit.template [24ms]
2024-04-23 08:59:40.100 [info] > git for-each-ref --format=%(refname)%00%(upstream:short)%00%(objectname)%00%(upstream:track)%00%(upstream:remotename)%00%(upstream:remoteref) refs/heads/main refs/remotes/main [4ms]
2024-04-23 08:59:40.469 [info] > git status -z -uall [345ms]
2024-04-23 08:59:45.559 [info] > git config --get commit.template [26ms]
2024-04-23 08:59:45.561 [info] > git for-each-ref --format=%(refname)%00%(upstream:short)%00%(objectname)%00%(upstream:track)%00%(upstream:remotename)%00%(upstream:remoteref) refs/heads/main refs/remotes/main [4ms]
2024-04-23 08:59:45.909 [info] > git status -z -uall [324ms]
2024-04-23 08:59:48.751 [info] > git check-ignore -v -z --stdin [29ms]
2024-04-23 08:59:50.989 [info] > git config --get commit.template [24ms]
2024-04-23 08:59:50.991 [info] > git for-each-ref --format=%(refname)%00%(upstream:short)%00%(objectname)%00%(upstream:track)%00%(upstream:remotename)%00%(upstream:remoteref) refs/heads/main refs/remotes/main [3ms]
2024-04-23 08:59:51.380 [info] > git status -z -uall [361ms]
2024-04-23 08:59:56.451 [info] > git config --get commit.template [3ms]
2024-04-23 08:59:56.481 [info] > git for-each-ref --format=%(refname)%00%(upstream:short)%00%(objectname)%00%(upstream:track)%00%(upstream:remotename)%00%(upstream:remoteref) refs/heads/main refs/remotes/main [3ms]
2024-04-23 08:59:56.844 [info] > git status -z -uall [333ms]
2024-04-23 09:00:01.986 [info] > git for-each-ref --format=%(refname)%00%(upstream:short)%00%(objectname)%00%(upstream:track)%00%(upstream:remotename)%00%(upstream:remoteref) refs/heads/main refs/remotes/main [2ms]
2024-04-23 09:00:01.987 [info] > git config --get commit.template [57ms]
2024-04-23 09:00:02.564 [info] > git status -z -uall [504ms]
2024-04-23 09:00:29.824 [info] > git config --get commit.template [30ms]
2024-04-23 09:00:29.825 [info] > git for-each-ref --format=%(refname)%00%(upstream:short)%00%(objectname)%00%(upstream:track)%00%(upstream:remotename)%00%(upstream:remoteref) refs/heads/main refs/remotes/main [3ms]
2024-04-23 09:00:30.290 [info] > git status -z -uall [436ms]
2024-04-23 09:05:41.477 [info] > git config --get commit.template [40ms]
2024-04-23 09:05:41.478 [info] > git for-each-ref --format=%(refname)%00%(upstream:short)%00%(objectname)%00%(upstream:track)%00%(upstream:remotename)%00%(upstream:remoteref) refs/heads/main refs/remotes/main [3ms]
2024-04-23 09:05:41.899 [info] > git status -z -uall [390ms]
2024-04-23 09:05:47.045 [info] > git config --get commit.template [5ms]
2024-04-23 09:05:47.133 [info] > git for-each-ref --format=%(refname)%00%(upstream:short)%00%(objectname)%00%(upstream:track)%00%(upstream:remotename)%00%(upstream:remoteref) refs/heads/main refs/remotes/main [15ms]
2024-04-23 09:05:47.639 [info] > git status -z -uall [431ms]
2024-04-23 09:06:13.189 [info] > git config --get commit.template [28ms]
2024-04-23 09:06:13.190 [info] > git for-each-ref --format=%(refname)%00%(upstream:short)%00%(objectname)%00%(upstream:track)%00%(upstream:remotename)%00%(upstream:remoteref) refs/heads/main refs/remotes/main [3ms]
2024-04-23 09:06:13.611 [info] > git status -z -uall [393ms]
2024-04-23 09:06:29.605 [info] > git config --get commit.template [34ms]
2024-04-23 09:06:29.607 [info] > git for-each-ref --format=%(refname)%00%(upstream:short)%00%(objectname)%00%(upstream:track)%00%(upstream:remotename)%00%(upstream:remoteref) refs/heads/main refs/remotes/main [4ms]
2024-04-23 09:06:30.058 [info] > git status -z -uall [421ms]
2024-04-23 09:06:42.071 [info] > git config --get commit.template [5ms]
2024-04-23 09:06:42.103 [info] > git for-each-ref --format=%(refname)%00%(upstream:short)%00%(objectname)%00%(upstream:track)%00%(upstream:remotename)%00%(upstream:remoteref) refs/heads/main refs/remotes/main [4ms]
2024-04-23 09:06:42.498 [info] > git status -z -uall [364ms]
2024-04-23 09:06:57.217 [info] > git config --get commit.template [35ms]
2024-04-23 09:06:57.218 [info] > git for-each-ref --format=%(refname)%00%(upstream:short)%00%(objectname)%00%(upstream:track)%00%(upstream:remotename)%00%(upstream:remoteref) refs/heads/main refs/remotes/main [4ms]
2024-04-23 09:06:57.633 [info] > git status -z -uall [386ms]
2024-04-23 09:07:02.730 [info] > git config --get commit.template [37ms]
2024-04-23 09:07:02.735 [info] > git for-each-ref --format=%(refname)%00%(upstream:short)%00%(objectname)%00%(upstream:track)%00%(upstream:remotename)%00%(upstream:remoteref) refs/heads/main refs/remotes/main [7ms]
2024-04-23 09:07:03.148 [info] > git status -z -uall [386ms]
2024-04-23 09:07:17.705 [info] > git config --get commit.template [3ms]
2024-04-23 09:07:17.740 [info] > git for-each-ref --format=%(refname)%00%(upstream:short)%00%(objectname)%00%(upstream:track)%00%(upstream:remotename)%00%(upstream:remoteref) refs/heads/main refs/remotes/main [3ms]
2024-04-23 09:07:18.142 [info] > git status -z -uall [375ms]
2024-04-23 09:07:29.263 [info] > git config --get commit.template [2ms]
2024-04-23 09:07:29.296 [info] > git for-each-ref --format=%(refname)%00%(upstream:short)%00%(objectname)%00%(upstream:track)%00%(upstream:remotename)%00%(upstream:remoteref) refs/heads/main refs/remotes/main [4ms]
2024-04-23 09:07:29.688 [info] > git status -z -uall [368ms]
2024-04-23 09:07:42.513 [info] > git config --get commit.template [26ms]
2024-04-23 09:07:42.515 [info] > git for-each-ref --format=%(refname)%00%(upstream:short)%00%(objectname)%00%(upstream:track)%00%(upstream:remotename)%00%(upstream:remoteref) refs/heads/main refs/remotes/main [3ms]
2024-04-23 09:07:42.954 [info] > git status -z -uall [411ms]
2024-04-23 09:07:56.697 [info] > git config --get commit.template [27ms]
2024-04-23 09:07:56.701 [info] > git for-each-ref --format=%(refname)%00%(upstream:short)%00%(objectname)%00%(upstream:track)%00%(upstream:remotename)%00%(upstream:remoteref) refs/heads/main refs/remotes/main [5ms]
2024-04-23 09:07:57.105 [info] > git status -z -uall [375ms]
2024-04-23 09:08:07.097 [info] > git config --get commit.template [30ms]
2024-04-23 09:08:07.099 [info] > git for-each-ref --format=%(refname)%00%(upstream:short)%00%(objectname)%00%(upstream:track)%00%(upstream:remotename)%00%(upstream:remoteref) refs/heads/main refs/remotes/main [3ms]
2024-04-23 09:08:07.484 [info] > git status -z -uall [359ms]
2024-04-23 09:08:20.187 [info] > git config --get commit.template [2ms]
2024-04-23 09:08:20.226 [info] > git for-each-ref --format=%(refname)%00%(upstream:short)%00%(objectname)%00%(upstream:track)%00%(upstream:remotename)%00%(upstream:remoteref) refs/heads/main refs/remotes/main [3ms]
2024-04-23 09:08:20.643 [info] > git status -z -uall [383ms]
2024-04-23 09:08:37.206 [info] > git config --get commit.template [33ms]
2024-04-23 09:08:37.208 [info] > git for-each-ref --format=%(refname)%00%(upstream:short)%00%(objectname)%00%(upstream:track)%00%(upstream:remotename)%00%(upstream:remoteref) refs/heads/main refs/remotes/main [3ms]
2024-04-23 09:08:37.588 [info] > git status -z -uall [353ms]
2024-04-23 09:08:48.245 [info] > git config --get commit.template [4ms]
2024-04-23 09:08:48.283 [info] > git for-each-ref --format=%(refname)%00%(upstream:short)%00%(objectname)%00%(upstream:track)%00%(upstream:remotename)%00%(upstream:remoteref) refs/heads/main refs/remotes/main [8ms]
2024-04-23 09:08:48.681 [info] > git status -z -uall [369ms]
2024-04-23 09:09:00.607 [info] > git config --get commit.template [5ms]
2024-04-23 09:09:00.640 [info] > git for-each-ref --format=%(refname)%00%(upstream:short)%00%(objectname)%00%(upstream:track)%00%(upstream:remotename)%00%(upstream:remoteref) refs/heads/main refs/remotes/main [3ms]
2024-04-23 09:09:01.036 [info] > git status -z -uall [363ms]
2024-04-23 09:09:14.412 [info] > git config --get commit.template [2ms]
2024-04-23 09:09:14.440 [info] > git for-each-ref --format=%(refname)%00%(upstream:short)%00%(objectname)%00%(upstream:track)%00%(upstream:remotename)%00%(upstream:remoteref) refs/heads/main refs/remotes/main [3ms]
2024-04-23 09:09:14.796 [info] > git status -z -uall [332ms]
2024-04-23 09:09:31.038 [info] > git config --get commit.template [38ms]
2024-04-23 09:09:31.041 [info] > git for-each-ref --format=%(refname)%00%(upstream:short)%00%(objectname)%00%(upstream:track)%00%(upstream:remotename)%00%(upstream:remoteref) refs/heads/main refs/remotes/main [4ms]
2024-04-23 09:09:31.444 [info] > git status -z -uall [372ms]
2024-04-23 09:09:46.512 [info] > git config --get commit.template [32ms]
2024-04-23 09:09:46.514 [info] > git for-each-ref --format=%(refname)%00%(upstream:short)%00%(objectname)%00%(upstream:track)%00%(upstream:remotename)%00%(upstream:remoteref) refs/heads/main refs/remotes/main [3ms]
2024-04-23 09:09:46.910 [info] > git status -z -uall [365ms]
2024-04-23 09:10:06.752 [info] > git config --get commit.template [35ms]
2024-04-23 09:10:06.753 [info] > git for-each-ref --format=%(refname)%00%(upstream:short)%00%(objectname)%00%(upstream:track)%00%(upstream:remotename)%00%(upstream:remoteref) refs/heads/main refs/remotes/main [3ms]
2024-04-23 09:10:07.230 [info] > git status -z -uall [446ms]
2024-04-23 09:10:22.729 [info] > git config --get commit.template [29ms]
2024-04-23 09:10:22.730 [info] > git for-each-ref --format=%(refname)%00%(upstream:short)%00%(objectname)%00%(upstream:track)%00%(upstream:remotename)%00%(upstream:remoteref) refs/heads/main refs/remotes/main [3ms]
2024-04-23 09:10:23.145 [info] > git status -z -uall [385ms]
2024-04-23 09:30:54.416 [info] > git config --get commit.template [23ms]
2024-04-23 09:30:54.417 [info] > git for-each-ref --format=%(refname)%00%(upstream:short)%00%(objectname)%00%(upstream:track)%00%(upstream:remotename)%00%(upstream:remoteref) refs/heads/main refs/remotes/main [3ms]
2024-04-23 09:30:54.798 [info] > git status -z -uall [359ms]
2024-04-23 09:45:04.449 [info] > git config --get commit.template [2ms]
2024-04-23 09:45:04.480 [info] > git for-each-ref --format=%(refname)%00%(upstream:short)%00%(objectname)%00%(upstream:track)%00%(upstream:remotename)%00%(upstream:remoteref) refs/heads/main refs/remotes/main [4ms]
2024-04-23 09:45:04.915 [info] > git status -z -uall [405ms]
2024-04-23 09:45:10.013 [info] > git config --get commit.template [27ms]
2024-04-23 09:45:10.015 [info] > git for-each-ref --format=%(refname)%00%(upstream:short)%00%(objectname)%00%(upstream:track)%00%(upstream:remotename)%00%(upstream:remoteref) refs/heads/main refs/remotes/main [4ms]
2024-04-23 09:45:10.423 [info] > git status -z -uall [383ms]
2024-04-23 09:45:15.509 [info] > git config --get commit.template [25ms]
2024-04-23 09:45:15.511 [info] > git for-each-ref --format=%(refname)%00%(upstream:short)%00%(objectname)%00%(upstream:track)%00%(upstream:remotename)%00%(upstream:remoteref) refs/heads/main refs/remotes/main [3ms]
2024-04-23 09:45:15.912 [info] > git status -z -uall [367ms]
2024-04-23 09:45:21.041 [info] > git config --get commit.template [55ms]
2024-04-23 09:45:21.046 [info] > git for-each-ref --format=%(refname)%00%(upstream:short)%00%(objectname)%00%(upstream:track)%00%(upstream:remotename)%00%(upstream:remoteref) refs/heads/main refs/remotes/main [4ms]
2024-04-23 09:45:21.698 [info] > git status -z -uall [612ms]
2024-04-23 09:52:00.801 [info] > git config --get commit.template [25ms]
2024-04-23 09:52:00.802 [info] > git for-each-ref --format=%(refname)%00%(upstream:short)%00%(objectname)%00%(upstream:track)%00%(upstream:remotename)%00%(upstream:remoteref) refs/heads/main refs/remotes/main [3ms]
2024-04-23 09:52:01.193 [info] > git status -z -uall [363ms]
2024-04-23 09:52:06.278 [info] > git config --get commit.template [4ms]
2024-04-23 09:52:06.308 [info] > git for-each-ref --format=%(refname)%00%(upstream:short)%00%(objectname)%00%(upstream:track)%00%(upstream:remotename)%00%(upstream:remoteref) refs/heads/main refs/remotes/main [3ms]
2024-04-23 09:52:06.687 [info] > git status -z -uall [350ms]
2024-04-23 09:52:37.921 [info] > git config --get commit.template [29ms]
2024-04-23 09:52:37.923 [info] > git for-each-ref --format=%(refname)%00%(upstream:short)%00%(objectname)%00%(upstream:track)%00%(upstream:remotename)%00%(upstream:remoteref) refs/heads/main refs/remotes/main [4ms]
2024-04-23 09:52:38.373 [info] > git status -z -uall [419ms]
2024-04-23 09:52:47.217 [info] > git config --get commit.template [3254ms]
2024-04-23 09:52:47.266 [info] > git for-each-ref --format=%(refname)%00%(upstream:short)%00%(objectname)%00%(upstream:track)%00%(upstream:remotename)%00%(upstream:remoteref) refs/heads/main refs/remotes/main [10ms]
2024-04-23 09:52:47.654 [info] > git status -z -uall [349ms]
2024-04-23 09:52:58.097 [info] > git config --get commit.template [33ms]
2024-04-23 09:52:58.100 [info] > git for-each-ref --format=%(refname)%00%(upstream:short)%00%(objectname)%00%(upstream:track)%00%(upstream:remotename)%00%(upstream:remoteref) refs/heads/main refs/remotes/main [4ms]
2024-04-23 09:52:58.528 [info] > git status -z -uall [391ms]
2024-04-23 09:53:03.697 [info] > git config --get commit.template [79ms]
2024-04-23 09:53:03.761 [info] > git for-each-ref --format=%(refname)%00%(upstream:short)%00%(objectname)%00%(upstream:track)%00%(upstream:remotename)%00%(upstream:remoteref) refs/heads/main refs/remotes/main [66ms]
2024-04-23 09:53:04.404 [info] > git status -z -uall [565ms]
2024-04-23 09:53:09.513 [info] > git config --get commit.template [42ms]
2024-04-23 09:53:09.516 [info] > git for-each-ref --format=%(refname)%00%(upstream:short)%00%(objectname)%00%(upstream:track)%00%(upstream:remotename)%00%(upstream:remoteref) refs/heads/main refs/remotes/main [3ms]
2024-04-23 09:53:09.914 [info] > git status -z -uall [360ms]
2024-04-23 09:53:19.775 [info] > git config --get commit.template [39ms]
2024-04-23 09:53:19.777 [info] > git for-each-ref --format=%(refname)%00%(upstream:short)%00%(objectname)%00%(upstream:track)%00%(upstream:remotename)%00%(upstream:remoteref) refs/heads/main refs/remotes/main [3ms]
2024-04-23 09:53:20.236 [info] > git status -z -uall [418ms]
2024-04-23 09:53:25.346 [info] > git config --get commit.template [42ms]
2024-04-23 09:53:25.348 [info] > git for-each-ref --format=%(refname)%00%(upstream:short)%00%(objectname)%00%(upstream:track)%00%(upstream:remotename)%00%(upstream:remoteref) refs/heads/main refs/remotes/main [4ms]
2024-04-23 09:53:25.635 [info] > git check-ignore -v -z --stdin [16ms]
2024-04-23 09:53:25.767 [info] > git status -z -uall [383ms]
2024-04-23 09:53:30.864 [info] > git config --get commit.template [38ms]
2024-04-23 09:53:30.865 [info] > git for-each-ref --format=%(refname)%00%(upstream:short)%00%(objectname)%00%(upstream:track)%00%(upstream:remotename)%00%(upstream:remoteref) refs/heads/main refs/remotes/main [3ms]
2024-04-23 09:53:31.275 [info] > git status -z -uall [373ms]
2024-04-23 09:53:36.368 [info] > git config --get commit.template [33ms]
2024-04-23 09:53:36.369 [info] > git for-each-ref --format=%(refname)%00%(upstream:short)%00%(objectname)%00%(upstream:track)%00%(upstream:remotename)%00%(upstream:remoteref) refs/heads/main refs/remotes/main [3ms]
2024-04-23 09:53:36.783 [info] > git status -z -uall [377ms]
2024-04-23 09:53:54.271 [info] > git config --get commit.template [2ms]
2024-04-23 09:53:54.313 [info] > git for-each-ref --format=%(refname)%00%(upstream:short)%00%(objectname)%00%(upstream:track)%00%(upstream:remotename)%00%(upstream:remoteref) refs/heads/main refs/remotes/main [4ms]
2024-04-23 09:53:54.742 [info] > git status -z -uall [391ms]
2024-04-23 09:54:00.020 [info] > git config --get commit.template [2ms]
2024-04-23 09:54:00.070 [info] > git for-each-ref --format=%(refname)%00%(upstream:short)%00%(objectname)%00%(upstream:track)%00%(upstream:remotename)%00%(upstream:remoteref) refs/heads/main refs/remotes/main [5ms]
2024-04-23 09:54:00.545 [info] > git status -z -uall [436ms]
2024-04-23 09:54:39.838 [info] > git config --get commit.template [33ms]
2024-04-23 09:54:39.840 [info] > git for-each-ref --format=%(refname)%00%(upstream:short)%00%(objectname)%00%(upstream:track)%00%(upstream:remotename)%00%(upstream:remoteref) refs/heads/main refs/remotes/main [3ms]
2024-04-23 09:54:40.243 [info] > git status -z -uall [371ms]
2024-04-23 09:54:42.133 [info] > git show --textconv :ligue1-frontend/src/pages/HomePage/HomePage.js [30ms]
2024-04-23 09:54:42.142 [info] > git ls-files --stage -- /home/louis/ligue1-frontend/src/pages/HomePage/HomePage.js [12ms]
2024-04-23 09:54:42.173 [info] > git cat-file -s 5ad876a6b403e3ef5931464ed43ba49c5baaad25 [2ms]
2024-04-23 09:54:42.489 [info] > git check-ignore -v -z --stdin [20ms]
2024-04-23 09:54:45.349 [info] > git config --get commit.template [31ms]
2024-04-23 09:54:45.353 [info] > git for-each-ref --format=%(refname)%00%(upstream:short)%00%(objectname)%00%(upstream:track)%00%(upstream:remotename)%00%(upstream:remoteref) refs/heads/main refs/remotes/main [4ms]
2024-04-23 09:54:45.713 [info] > git status -z -uall [330ms]
2024-04-23 09:54:50.820 [info] > git config --get commit.template [35ms]
2024-04-23 09:54:50.822 [info] > git for-each-ref --format=%(refname)%00%(upstream:short)%00%(objectname)%00%(upstream:track)%00%(upstream:remotename)%00%(upstream:remoteref) refs/heads/main refs/remotes/main [4ms]
2024-04-23 09:54:51.245 [info] > git status -z -uall [385ms]
2024-04-23 09:54:56.313 [info] > git config --get commit.template [2ms]
2024-04-23 09:54:56.350 [info] > git for-each-ref --format=%(refname)%00%(upstream:short)%00%(objectname)%00%(upstream:track)%00%(upstream:remotename)%00%(upstream:remoteref) refs/heads/main refs/remotes/main [4ms]
2024-04-23 09:54:56.826 [info] > git status -z -uall [442ms]
2024-04-23 09:55:04.028 [info] > git config --get commit.template [35ms]
2024-04-23 09:55:04.029 [info] > git for-each-ref --format=%(refname)%00%(upstream:short)%00%(objectname)%00%(upstream:track)%00%(upstream:remotename)%00%(upstream:remoteref) refs/heads/main refs/remotes/main [3ms]
2024-04-23 09:55:04.458 [info] > git status -z -uall [393ms]
2024-04-23 09:55:06.084 [info] > git check-ignore -v -z --stdin [12ms]
2024-04-23 09:55:09.680 [info] > git config --get commit.template [74ms]
2024-04-23 09:55:09.685 [info] > git for-each-ref --format=%(refname)%00%(upstream:short)%00%(objectname)%00%(upstream:track)%00%(upstream:remotename)%00%(upstream:remoteref) refs/heads/main refs/remotes/main [7ms]
2024-04-23 09:55:10.167 [info] > git status -z -uall [430ms]
2024-04-23 09:55:15.293 [info] > git config --get commit.template [35ms]
2024-04-23 09:55:15.296 [info] > git for-each-ref --format=%(refname)%00%(upstream:short)%00%(objectname)%00%(upstream:track)%00%(upstream:remotename)%00%(upstream:remoteref) refs/heads/main refs/remotes/main [4ms]
2024-04-23 09:55:15.701 [info] > git status -z -uall [372ms]
2024-04-23 09:55:20.930 [info] > git config --get commit.template [113ms]
2024-04-23 09:55:20.937 [info] > git for-each-ref --format=%(refname)%00%(upstream:short)%00%(objectname)%00%(upstream:track)%00%(upstream:remotename)%00%(upstream:remoteref) refs/heads/main refs/remotes/main [10ms]
2024-04-23 09:55:21.809 [info] > git status -z -uall [768ms]
2024-04-23 09:55:26.920 [info] > git config --get commit.template [33ms]
2024-04-23 09:55:26.921 [info] > git for-each-ref --format=%(refname)%00%(upstream:short)%00%(objectname)%00%(upstream:track)%00%(upstream:remotename)%00%(upstream:remoteref) refs/heads/main refs/remotes/main [3ms]
2024-04-23 09:55:27.460 [info] > git status -z -uall [503ms]
2024-04-23 09:55:32.564 [info] > git config --get commit.template [44ms]
2024-04-23 09:55:32.566 [info] > git for-each-ref --format=%(refname)%00%(upstream:short)%00%(objectname)%00%(upstream:track)%00%(upstream:remotename)%00%(upstream:remoteref) refs/heads/main refs/remotes/main [4ms]
2024-04-23 09:55:32.980 [info] > git status -z -uall [377ms]
2024-04-23 09:55:40.605 [info] > git config --get commit.template [34ms]
2024-04-23 09:55:40.607 [info] > git for-each-ref --format=%(refname)%00%(upstream:short)%00%(objectname)%00%(upstream:track)%00%(upstream:remotename)%00%(upstream:remoteref) refs/heads/main refs/remotes/main [2ms]
2024-04-23 09:55:41.011 [info] > git status -z -uall [367ms]
2024-04-23 09:55:45.754 [info] > git check-ignore -v -z --stdin [39ms]
2024-04-23 09:55:46.078 [info] > git config --get commit.template [6ms]
2024-04-23 09:55:46.112 [info] > git for-each-ref --format=%(refname)%00%(upstream:short)%00%(objectname)%00%(upstream:track)%00%(upstream:remotename)%00%(upstream:remoteref) refs/heads/main refs/remotes/main [3ms]
2024-04-23 09:55:46.512 [info] > git status -z -uall [357ms]
2024-04-23 09:55:51.572 [info] > git config --get commit.template [2ms]
2024-04-23 09:55:51.609 [info] > git for-each-ref --format=%(refname)%00%(upstream:short)%00%(objectname)%00%(upstream:track)%00%(upstream:remotename)%00%(upstream:remoteref) refs/heads/main refs/remotes/main [3ms]
2024-04-23 09:55:52.054 [info] > git status -z -uall [409ms]
2024-04-23 09:55:53.101 [info] > git show --textconv :ligue1-frontend/src/pages/HomePage/HomePage.js [36ms]
2024-04-23 09:55:53.115 [info] > git ls-files --stage -- /home/louis/ligue1-frontend/src/pages/HomePage/HomePage.js [15ms]
2024-04-23 09:55:53.155 [info] > git cat-file -s 5ad876a6b403e3ef5931464ed43ba49c5baaad25 [6ms]
2024-04-23 09:55:57.325 [info] > git config --get commit.template [131ms]
2024-04-23 09:55:57.348 [info] > git for-each-ref --format=%(refname)%00%(upstream:short)%00%(objectname)%00%(upstream:track)%00%(upstream:remotename)%00%(upstream:remoteref) refs/heads/main refs/remotes/main [33ms]
2024-04-23 09:55:58.434 [info] > git status -z -uall [954ms]
2024-04-23 09:56:03.560 [info] > git config --get commit.template [39ms]
2024-04-23 09:56:03.561 [info] > git for-each-ref --format=%(refname)%00%(upstream:short)%00%(objectname)%00%(upstream:track)%00%(upstream:remotename)%00%(upstream:remoteref) refs/heads/main refs/remotes/main [3ms]
2024-04-23 09:56:03.998 [info] > git status -z -uall [397ms]
2024-04-23 09:56:09.106 [info] > git config --get commit.template [45ms]
2024-04-23 09:56:09.108 [info] > git for-each-ref --format=%(refname)%00%(upstream:short)%00%(objectname)%00%(upstream:track)%00%(upstream:remotename)%00%(upstream:remoteref) refs/heads/main refs/remotes/main [7ms]
2024-04-23 09:56:09.704 [info] > git status -z -uall [556ms]
2024-04-23 09:56:22.168 [info] > git config --get commit.template [2ms]
2024-04-23 09:56:22.204 [info] > git for-each-ref --format=%(refname)%00%(upstream:short)%00%(objectname)%00%(upstream:track)%00%(upstream:remotename)%00%(upstream:remoteref) refs/heads/main refs/remotes/main [2ms]
2024-04-23 09:56:22.606 [info] > git status -z -uall [368ms]
2024-04-23 09:56:27.691 [info] > git config --get commit.template [29ms]
2024-04-23 09:56:27.693 [info] > git for-each-ref --format=%(refname)%00%(upstream:short)%00%(objectname)%00%(upstream:track)%00%(upstream:remotename)%00%(upstream:remoteref) refs/heads/main refs/remotes/main [4ms]
2024-04-23 09:56:28.102 [info] > git status -z -uall [376ms]
2024-04-23 09:56:33.263 [info] > git config --get commit.template [29ms]
2024-04-23 09:56:33.362 [info] > git for-each-ref --format=%(refname)%00%(upstream:short)%00%(objectname)%00%(upstream:track)%00%(upstream:remotename)%00%(upstream:remoteref) refs/heads/main refs/remotes/main [99ms]
2024-04-23 09:56:33.760 [info] > git status -z -uall [366ms]
2024-04-23 09:57:05.464 [info] > git config --get commit.template [38ms]
2024-04-23 09:57:05.466 [info] > git for-each-ref --format=%(refname)%00%(upstream:short)%00%(objectname)%00%(upstream:track)%00%(upstream:remotename)%00%(upstream:remoteref) refs/heads/main refs/remotes/main [5ms]
2024-04-23 09:57:05.865 [info] > git status -z -uall [366ms]
2024-04-23 09:57:11.525 [info] > git config --get commit.template [182ms]
2024-04-23 09:57:11.532 [info] > git for-each-ref --format=%(refname)%00%(upstream:short)%00%(objectname)%00%(upstream:track)%00%(upstream:remotename)%00%(upstream:remoteref) refs/heads/main refs/remotes/main [55ms]
2024-04-23 09:57:12.241 [info] > git status -z -uall [651ms]
2024-04-23 09:57:17.309 [info] > git config --get commit.template [2ms]
2024-04-23 09:57:17.347 [info] > git for-each-ref --format=%(refname)%00%(upstream:short)%00%(objectname)%00%(upstream:track)%00%(upstream:remotename)%00%(upstream:remoteref) refs/heads/main refs/remotes/main [3ms]
2024-04-23 09:57:17.785 [info] > git status -z -uall [404ms]
2024-04-23 09:57:23.111 [info] > git config --get commit.template [13ms]
2024-04-23 09:57:23.216 [info] > git for-each-ref --format=%(refname)%00%(upstream:short)%00%(objectname)%00%(upstream:track)%00%(upstream:remotename)%00%(upstream:remoteref) refs/heads/main refs/remotes/main [22ms]
2024-04-23 09:57:24.043 [info] > git status -z -uall [794ms]
2024-04-23 09:57:29.120 [info] > git config --get commit.template [9ms]
2024-04-23 09:57:29.151 [info] > git for-each-ref --format=%(refname)%00%(upstream:short)%00%(objectname)%00%(upstream:track)%00%(upstream:remotename)%00%(upstream:remoteref) refs/heads/main refs/remotes/main [3ms]
2024-04-23 09:57:29.520 [info] > git status -z -uall [338ms]
2024-04-23 09:57:34.614 [info] > git config --get commit.template [32ms]
2024-04-23 09:57:34.616 [info] > git for-each-ref --format=%(refname)%00%(upstream:short)%00%(objectname)%00%(upstream:track)%00%(upstream:remotename)%00%(upstream:remoteref) refs/heads/main refs/remotes/main [3ms]
2024-04-23 09:57:35.054 [info] > git status -z -uall [409ms]
2024-04-23 09:58:05.837 [info] > git config --get commit.template [32ms]
2024-04-23 09:58:05.839 [info] > git for-each-ref --format=%(refname)%00%(upstream:short)%00%(objectname)%00%(upstream:track)%00%(upstream:remotename)%00%(upstream:remoteref) refs/heads/main refs/remotes/main [4ms]
2024-04-23 09:58:06.222 [info] > git status -z -uall [347ms]
2024-04-23 09:58:14.890 [info] > git config --get commit.template [35ms]
2024-04-23 09:58:14.895 [info] > git for-each-ref --format=%(refname)%00%(upstream:short)%00%(objectname)%00%(upstream:track)%00%(upstream:remotename)%00%(upstream:remoteref) refs/heads/main refs/remotes/main [6ms]
2024-04-23 09:58:15.328 [info] > git status -z -uall [397ms]
2024-04-23 09:58:20.731 [info] > git config --get commit.template [196ms]
2024-04-23 09:58:20.732 [info] > git for-each-ref --format=%(refname)%00%(upstream:short)%00%(objectname)%00%(upstream:track)%00%(upstream:remotename)%00%(upstream:remoteref) refs/heads/main refs/remotes/main [8ms]
2024-04-23 09:58:21.139 [info] > git status -z -uall [372ms]
2024-04-23 09:58:26.578 [info] > git config --get commit.template [98ms]
2024-04-23 09:58:26.593 [info] > git for-each-ref --format=%(refname)%00%(upstream:short)%00%(objectname)%00%(upstream:track)%00%(upstream:remotename)%00%(upstream:remoteref) refs/heads/main refs/remotes/main [18ms]
2024-04-23 09:58:27.940 [info] > git status -z -uall [1270ms]
2024-04-23 09:58:33.057 [info] > git config --get commit.template [43ms]
2024-04-23 09:58:33.059 [info] > git for-each-ref --format=%(refname)%00%(upstream:short)%00%(objectname)%00%(upstream:track)%00%(upstream:remotename)%00%(upstream:remoteref) refs/heads/main refs/remotes/main [4ms]
2024-04-23 09:58:33.463 [info] > git status -z -uall [362ms]
2024-04-23 09:58:33.860 [info] > git check-ignore -v -z --stdin [19ms]
2024-04-23 09:58:37.784 [info] > git show --textconv :ligue1-frontend/src/app/App.js [44ms]
2024-04-23 09:58:37.787 [info] > git ls-files --stage -- /home/louis/ligue1-frontend/src/app/App.js [13ms]
2024-04-23 09:58:37.862 [info] > git cat-file -s ccd7311104569b8125462637331cfdd360738d5a [16ms]
2024-04-23 09:58:38.558 [info] > git config --get commit.template [35ms]
2024-04-23 09:58:38.561 [info] > git for-each-ref --format=%(refname)%00%(upstream:short)%00%(objectname)%00%(upstream:track)%00%(upstream:remotename)%00%(upstream:remoteref) refs/heads/main refs/remotes/main [4ms]
2024-04-23 09:58:38.985 [info] > git status -z -uall [387ms]
2024-04-23 09:58:44.048 [info] > git config --get commit.template [2ms]
2024-04-23 09:58:44.086 [info] > git for-each-ref --format=%(refname)%00%(upstream:short)%00%(objectname)%00%(upstream:track)%00%(upstream:remotename)%00%(upstream:remoteref) refs/heads/main refs/remotes/main [2ms]
2024-04-23 09:58:44.470 [info] > git status -z -uall [350ms]
2024-04-23 09:58:49.585 [info] > git config --get commit.template [47ms]
2024-04-23 09:58:49.591 [info] > git for-each-ref --format=%(refname)%00%(upstream:short)%00%(objectname)%00%(upstream:track)%00%(upstream:remotename)%00%(upstream:remoteref) refs/heads/main refs/remotes/main [7ms]
2024-04-23 09:58:50.244 [info] > git check-ignore -v -z --stdin [214ms]
2024-04-23 09:58:50.630 [info] > git status -z -uall [1000ms]
2024-04-23 09:58:55.800 [info] > git config --get commit.template [69ms]
2024-04-23 09:58:55.805 [info] > git for-each-ref --format=%(refname)%00%(upstream:short)%00%(objectname)%00%(upstream:track)%00%(upstream:remotename)%00%(upstream:remoteref) refs/heads/main refs/remotes/main [7ms]
2024-04-23 09:58:55.988 [info] > git check-ignore -v -z --stdin [26ms]
2024-04-23 09:58:56.336 [info] > git status -z -uall [479ms]
2024-04-23 09:59:04.386 [info] > git config --get commit.template [40ms]
2024-04-23 09:59:04.388 [info] > git for-each-ref --format=%(refname)%00%(upstream:short)%00%(objectname)%00%(upstream:track)%00%(upstream:remotename)%00%(upstream:remoteref) refs/heads/main refs/remotes/main [3ms]
2024-04-23 09:59:04.809 [info] > git status -z -uall [383ms]
2024-04-23 09:59:09.917 [info] > git config --get commit.template [40ms]
2024-04-23 09:59:09.919 [info] > git for-each-ref --format=%(refname)%00%(upstream:short)%00%(objectname)%00%(upstream:track)%00%(upstream:remotename)%00%(upstream:remoteref) refs/heads/main refs/remotes/main [3ms]
2024-04-23 09:59:10.320 [info] > git status -z -uall [360ms]
2024-04-23 09:59:15.383 [info] > git config --get commit.template [2ms]
2024-04-23 09:59:15.423 [info] > git for-each-ref --format=%(refname)%00%(upstream:short)%00%(objectname)%00%(upstream:track)%00%(upstream:remotename)%00%(upstream:remoteref) refs/heads/main refs/remotes/main [3ms]
2024-04-23 09:59:15.824 [info] > git status -z -uall [363ms]
2024-04-23 09:59:20.937 [info] > git config --get commit.template [44ms]
2024-04-23 09:59:20.938 [info] > git for-each-ref --format=%(refname)%00%(upstream:short)%00%(objectname)%00%(upstream:track)%00%(upstream:remotename)%00%(upstream:remoteref) refs/heads/main refs/remotes/main [3ms]
2024-04-23 09:59:21.409 [info] > git status -z -uall [425ms]
2024-04-23 09:59:26.524 [info] > git config --get commit.template [44ms]
2024-04-23 09:59:26.527 [info] > git for-each-ref --format=%(refname)%00%(upstream:short)%00%(objectname)%00%(upstream:track)%00%(upstream:remotename)%00%(upstream:remoteref) refs/heads/main refs/remotes/main [4ms]
2024-04-23 09:59:26.920 [info] > git status -z -uall [348ms]
2024-04-23 09:59:32.037 [info] > git config --get commit.template [50ms]
2024-04-23 09:59:32.039 [info] > git for-each-ref --format=%(refname)%00%(upstream:short)%00%(objectname)%00%(upstream:track)%00%(upstream:remotename)%00%(upstream:remoteref) refs/heads/main refs/remotes/main [4ms]
2024-04-23 09:59:32.524 [info] > git status -z -uall [436ms]
2024-04-23 09:59:37.700 [info] > git config --get commit.template [42ms]
2024-04-23 09:59:37.702 [info] > git for-each-ref --format=%(refname)%00%(upstream:short)%00%(objectname)%00%(upstream:track)%00%(upstream:remotename)%00%(upstream:remoteref) refs/heads/main refs/remotes/main [3ms]
2024-04-23 09:59:38.107 [info] > git status -z -uall [365ms]
2024-04-23 09:59:43.175 [info] > git config --get commit.template [4ms]
2024-04-23 09:59:43.216 [info] > git for-each-ref --format=%(refname)%00%(upstream:short)%00%(objectname)%00%(upstream:track)%00%(upstream:remotename)%00%(upstream:remoteref) refs/heads/main refs/remotes/main [3ms]
2024-04-23 09:59:43.615 [info] > git status -z -uall [350ms]
2024-04-23 09:59:48.704 [info] > git config --get commit.template [1ms]
2024-04-23 09:59:48.756 [info] > git for-each-ref --format=%(refname)%00%(upstream:short)%00%(objectname)%00%(upstream:track)%00%(upstream:remotename)%00%(upstream:remoteref) refs/heads/main refs/remotes/main [3ms]
2024-04-23 09:59:49.210 [info] > git status -z -uall [406ms]
2024-04-23 09:59:54.327 [info] > git config --get commit.template [50ms]
2024-04-23 09:59:54.329 [info] > git for-each-ref --format=%(refname)%00%(upstream:short)%00%(objectname)%00%(upstream:track)%00%(upstream:remotename)%00%(upstream:remoteref) refs/heads/main refs/remotes/main [6ms]
2024-04-23 09:59:54.695 [info] > git status -z -uall [329ms]
2024-04-23 09:59:55.122 [info] > git check-ignore -v -z --stdin [21ms]
2024-04-23 09:59:56.901 [info] > git check-ignore -v -z --stdin [19ms]
2024-04-23 09:59:59.631 [info] > git show --textconv :ligue1-frontend/public/index.html [67ms]
2024-04-23 09:59:59.670 [info] > git ls-files --stage -- /home/louis/ligue1-frontend/public/index.html [45ms]
2024-04-23 09:59:59.712 [info] > git cat-file -s aa069f27cbd9d53394428171c3989fd03db73c76 [4ms]
2024-04-23 09:59:59.893 [info] > git config --get commit.template [53ms]
2024-04-23 09:59:59.900 [info] > git for-each-ref --format=%(refname)%00%(upstream:short)%00%(objectname)%00%(upstream:track)%00%(upstream:remotename)%00%(upstream:remoteref) refs/heads/main refs/remotes/main [7ms]
2024-04-23 10:00:00.698 [info] > git status -z -uall [719ms]
2024-04-23 10:00:05.863 [info] > git for-each-ref --format=%(refname)%00%(upstream:short)%00%(objectname)%00%(upstream:track)%00%(upstream:remotename)%00%(upstream:remoteref) refs/heads/main refs/remotes/main [1ms]
2024-04-23 10:00:05.863 [info] > git config --get commit.template [75ms]
2024-04-23 10:00:06.404 [info] > git status -z -uall [481ms]
2024-04-23 10:00:10.435 [info] > git show --textconv :ligue1-frontend/src/pages/HomePage/HomePage.js [62ms]
2024-04-23 10:00:10.454 [info] > git ls-files --stage -- /home/louis/ligue1-frontend/src/pages/HomePage/HomePage.js [28ms]
2024-04-23 10:00:10.510 [info] > git cat-file -s 5ad876a6b403e3ef5931464ed43ba49c5baaad25 [3ms]
2024-04-23 10:00:11.511 [info] > git config --get commit.template [2ms]
2024-04-23 10:00:11.580 [info] > git for-each-ref --format=%(refname)%00%(upstream:short)%00%(objectname)%00%(upstream:track)%00%(upstream:remotename)%00%(upstream:remoteref) refs/heads/main refs/remotes/main [9ms]
2024-04-23 10:00:12.129 [info] > git status -z -uall [477ms]
2024-04-23 10:00:17.274 [info] > git config --get commit.template [59ms]
2024-04-23 10:00:17.276 [info] > git for-each-ref --format=%(refname)%00%(upstream:short)%00%(objectname)%00%(upstream:track)%00%(upstream:remotename)%00%(upstream:remoteref) refs/heads/main refs/remotes/main [3ms]
2024-04-23 10:00:17.761 [info] > git status -z -uall [438ms]
2024-04-23 10:00:22.840 [info] > git config --get commit.template [2ms]
2024-04-23 10:00:22.893 [info] > git for-each-ref --format=%(refname)%00%(upstream:short)%00%(objectname)%00%(upstream:track)%00%(upstream:remotename)%00%(upstream:remoteref) refs/heads/main refs/remotes/main [3ms]
2024-04-23 10:00:23.339 [info] > git status -z -uall [400ms]
2024-04-23 10:00:28.478 [info] > git config --get commit.template [58ms]
2024-04-23 10:00:28.479 [info] > git for-each-ref --format=%(refname)%00%(upstream:short)%00%(objectname)%00%(upstream:track)%00%(upstream:remotename)%00%(upstream:remoteref) refs/heads/main refs/remotes/main [3ms]
2024-04-23 10:00:29.024 [info] > git status -z -uall [454ms]
2024-04-23 10:00:42.006 [info] > git config --get commit.template [40ms]
2024-04-23 10:00:42.008 [info] > git for-each-ref --format=%(refname)%00%(upstream:short)%00%(objectname)%00%(upstream:track)%00%(upstream:remotename)%00%(upstream:remoteref) refs/heads/main refs/remotes/main [3ms]
2024-04-23 10:00:42.485 [info] > git status -z -uall [433ms]
2024-04-23 10:00:47.626 [info] > git for-each-ref --format=%(refname)%00%(upstream:short)%00%(objectname)%00%(upstream:track)%00%(upstream:remotename)%00%(upstream:remoteref) refs/heads/main refs/remotes/main [6ms]
2024-04-23 10:00:47.627 [info] > git config --get commit.template [46ms]
2024-04-23 10:00:48.071 [info] > git status -z -uall [404ms]
2024-04-23 10:00:53.199 [info] > git config --get commit.template [3ms]
2024-04-23 10:00:53.247 [info] > git for-each-ref --format=%(refname)%00%(upstream:short)%00%(objectname)%00%(upstream:track)%00%(upstream:remotename)%00%(upstream:remoteref) refs/heads/main refs/remotes/main [4ms]
2024-04-23 10:00:53.741 [info] > git status -z -uall [437ms]
2024-04-23 10:00:54.555 [info] > git show --textconv :ligue1-frontend/public/index.html [44ms]
2024-04-23 10:00:54.567 [info] > git ls-files --stage -- /home/louis/ligue1-frontend/public/index.html [15ms]
2024-04-23 10:00:54.614 [info] > git cat-file -s aa069f27cbd9d53394428171c3989fd03db73c76 [4ms]
2024-04-23 10:00:58.905 [info] > git config --get commit.template [46ms]
2024-04-23 10:00:58.907 [info] > git for-each-ref --format=%(refname)%00%(upstream:short)%00%(objectname)%00%(upstream:track)%00%(upstream:remotename)%00%(upstream:remoteref) refs/heads/main refs/remotes/main [3ms]
2024-04-23 10:00:59.418 [info] > git status -z -uall [467ms]
2024-04-23 10:01:04.567 [info] > git config --get commit.template [47ms]
2024-04-23 10:01:04.570 [info] > git for-each-ref --format=%(refname)%00%(upstream:short)%00%(objectname)%00%(upstream:track)%00%(upstream:remotename)%00%(upstream:remoteref) refs/heads/main refs/remotes/main [9ms]
2024-04-23 10:01:05.066 [info] > git status -z -uall [452ms]
