2024-04-23 12:32:29.920 [info] Starting TS Server
2024-04-23 12:32:29.922 [info] Using tsserver from: /home/louis/.vscode-server/cli/servers/Stable-e170252f762678dec6ca2cc69aba1570769a5d39/server/extensions/node_modules/typescript/lib/tsserver.js
2024-04-23 12:32:29.922 [info] <syntax> Forking...
2024-04-23 12:32:29.923 [info] <syntax> Starting...
2024-04-23 12:32:29.924 [info] <semantic> Forking...
2024-04-23 12:32:29.925 [info] <semantic> Starting...
2024-04-23 13:06:42.437 [error] TSServer exited. Code: null. Signal: SIGKILL
2024-04-23 13:06:42.439 [info] Starting TS Server
2024-04-23 13:06:42.440 [info] Using tsserver from: /home/louis/.vscode-server/cli/servers/Stable-e170252f762678dec6ca2cc69aba1570769a5d39/server/extensions/node_modules/typescript/lib/tsserver.js
2024-04-23 13:06:42.441 [info] <syntax> Forking...
2024-04-23 13:06:42.442 [info] <syntax> Starting...
2024-04-23 13:06:42.444 [info] <semantic> Forking...
2024-04-23 13:06:42.445 [info] <semantic> Starting...
2024-04-23 15:14:24.931 [error] TSServer errored with error. A system error occurred (write EPIPE)
2024-04-23 15:14:25.482 [error] TSServer exited. Code: null. Signal: SIGKILL
2024-04-23 15:14:25.482 [info] Starting TS Server
2024-04-23 15:14:25.482 [info] Using tsserver from: /home/louis/.vscode-server/cli/servers/Stable-e170252f762678dec6ca2cc69aba1570769a5d39/server/extensions/node_modules/typescript/lib/tsserver.js
2024-04-23 15:14:25.482 [info] <syntax> Forking...
2024-04-23 15:14:25.482 [info] <syntax> Starting...
2024-04-23 15:14:25.494 [info] <semantic> Forking...
2024-04-23 15:14:25.494 [info] <semantic> Starting...
2024-04-23 15:19:52.438 [error] TSServer exited. Code: null. Signal: SIGTERM
2024-04-23 15:19:52.439 [info] Starting TS Server
2024-04-23 15:19:52.439 [info] Not starting server: disposed
