2024-03-20 08:24:31.389 [info] Log level: Info
2024-03-20 08:24:31.389 [info] Validating found git in: "git"
2024-03-20 08:24:31.389 [info] Using git "2.39.2" from "git"
2024-03-20 08:24:31.389 [info] > git rev-parse --show-toplevel [14ms]
2024-03-20 08:24:31.389 [info] > git rev-parse --git-dir --git-common-dir [10ms]
2024-03-20 08:24:31.389 [info] Open repository: /home/louis
2024-03-20 08:24:31.389 [info] > git config --get commit.template [22ms]
2024-03-20 08:24:31.389 [info] > git rev-parse --show-toplevel [24ms]
2024-03-20 08:24:31.389 [info] > git for-each-ref --format=%(refname)%00%(upstream:short)%00%(objectname)%00%(upstream:track)%00%(upstream:remotename)%00%(upstream:remoteref) refs/heads/main refs/remotes/main [26ms]
2024-03-20 08:24:31.389 [info] > git rev-parse --show-toplevel [14ms]
2024-03-20 08:24:31.389 [info] > git rev-parse --show-toplevel [28ms]
2024-03-20 08:24:31.389 [info] > git rev-parse --show-toplevel [9ms]
2024-03-20 08:24:31.389 [info] > git rev-parse --show-toplevel [4ms]
2024-03-20 08:24:31.389 [info] > git rev-parse --show-toplevel [2ms]
2024-03-20 08:24:31.389 [info] > git rev-parse --show-toplevel [6ms]
2024-03-20 08:24:31.389 [info] > git rev-parse --show-toplevel [2ms]
2024-03-20 08:24:31.389 [info] > git rev-parse --show-toplevel [464ms]
2024-03-20 08:24:31.389 [info] > git rev-parse --show-toplevel [22ms]
2024-03-20 08:24:31.840 [info] > git status -z -uall [1190ms] (cancelled)
2024-03-20 08:24:31.841 [info] > git rev-parse --git-dir --git-common-dir [436ms]
2024-03-20 08:24:31.846 [info] Open repository: /home/louis/api_louis
2024-03-20 08:24:34.205 [info] > git rev-parse --show-toplevel [29ms]
2024-03-20 08:24:34.210 [info] > git config --get commit.template [56ms]
2024-03-20 08:24:34.228 [info] > git config --get commit.template [78ms]
2024-03-20 08:24:34.393 [info] > git for-each-ref --format=%(refname)%00%(upstream:short)%00%(objectname)%00%(upstream:track)%00%(upstream:remotename)%00%(upstream:remoteref) refs/heads/main refs/remotes/main [57ms]
2024-03-20 08:24:34.396 [info] > git rev-parse --show-toplevel [133ms]
2024-03-20 08:24:34.447 [info] > git for-each-ref --format=%(refname)%00%(upstream:short)%00%(objectname)%00%(upstream:track)%00%(upstream:remotename)%00%(upstream:remoteref) refs/heads/main refs/remotes/main [43ms]
2024-03-20 08:24:34.560 [info] > git status -z -uall [53ms]
2024-03-20 08:24:34.626 [info] > git config --get commit.template [28ms]
2024-03-20 08:24:34.648 [info] > git for-each-ref --format=%(refname)%00%(upstream:short)%00%(objectname)%00%(upstream:track)%00%(upstream:remotename)%00%(upstream:remoteref) refs/heads/main refs/remotes/main [24ms]
2024-03-20 08:24:34.724 [info] > git status -z -uall [40ms]
2024-03-20 08:24:37.369 [info] > git status -z -uall [2886ms] (cancelled)
2024-03-20 08:24:37.509 [info] > git check-ignore -v -z --stdin [23ms]
2024-03-20 08:24:37.510 [info] > git check-ignore -v -z --stdin [5ms]
2024-03-20 08:24:38.612 [info] > git check-ignore -v -z --stdin [25ms]
2024-03-20 08:24:38.613 [info] > git check-ignore -v -z --stdin [4ms]
2024-03-20 08:24:39.392 [info] > git show --textconv :ligue1-frontend/dockerfile [30ms]
2024-03-20 08:24:39.392 [info] > git ls-files --stage -- /home/louis/ligue1-frontend/dockerfile [3ms]
2024-03-20 08:24:41.450 [info] > git check-ignore -v -z --stdin [13ms]
2024-03-20 08:24:51.181 [info] > git check-ignore -v -z --stdin [3ms]
2024-03-20 08:24:52.518 [info] > git check-ignore -v -z --stdin [3ms]
2024-03-20 08:24:55.877 [info] > git show --textconv :docker-compose.yml [32ms]
2024-03-20 08:24:55.879 [info] > git ls-files --stage -- /home/louis/api_louis/docker-compose.yml [4ms]
2024-03-20 08:24:55.908 [info] > git cat-file -s ab8d37ea29135aa5d966c48afd871c74a31542f5 [2ms]
2024-03-20 08:25:05.854 [info] > git check-ignore -v -z --stdin [2ms]
2024-03-20 08:25:05.930 [info] > git show --textconv :docker-compose.yml [36ms]
2024-03-20 08:25:05.933 [info] > git ls-files --stage -- /home/louis/docker-compose.yml [6ms]
2024-03-20 08:25:06.417 [info] > git config --get commit.template [48ms]
2024-03-20 08:25:06.421 [info] > git for-each-ref --format=%(refname)%00%(upstream:short)%00%(objectname)%00%(upstream:track)%00%(upstream:remotename)%00%(upstream:remoteref) refs/heads/main refs/remotes/main [7ms]
2024-03-20 08:25:06.471 [info] > git status -z -uall [17ms]
2024-03-20 08:37:06.062 [info] > git show --textconv :.sudo_as_admin_successful [34ms]
2024-03-20 08:37:06.062 [info] > git ls-files --stage -- /home/louis/.sudo_as_admin_successful [4ms]
2024-03-20 08:37:07.555 [info] > git show --textconv :.lesshst [47ms]
2024-03-20 08:37:07.558 [info] > git ls-files --stage -- /home/louis/.lesshst [5ms]
2024-03-20 08:37:23.559 [info] > git check-ignore -v -z --stdin [2ms]
2024-03-20 08:37:44.121 [info] > git show --textconv :docker-compose.yml [36ms]
2024-03-20 08:37:44.130 [info] > git ls-files --stage -- /home/louis/docker-compose.yml [11ms]
2024-03-20 08:41:05.389 [info] > git show --textconv :.sudo_as_admin_successful [40ms]
2024-03-20 08:41:05.392 [info] > git ls-files --stage -- /home/louis/.sudo_as_admin_successful [7ms]
2024-03-20 08:41:08.751 [info] > git show --textconv :.lesshst [40ms]
2024-03-20 08:41:08.757 [info] > git ls-files --stage -- /home/louis/.lesshst [8ms]
2024-03-20 08:41:16.137 [info] > git show --textconv :package.json [69ms]
2024-03-20 08:41:16.137 [info] > git ls-files --stage -- /home/louis/package.json [14ms]
2024-03-20 08:41:18.388 [info] > git show --textconv :package-lock.json [57ms]
2024-03-20 08:41:18.390 [info] > git ls-files --stage -- /home/louis/package-lock.json [17ms]
2024-03-20 08:41:20.538 [info] > git show --textconv :package.json [37ms]
2024-03-20 08:41:20.538 [info] > git ls-files --stage -- /home/louis/package.json [4ms]
2024-03-20 08:41:28.442 [info] > git check-ignore -v -z --stdin [2ms]
2024-03-20 08:41:35.791 [info] > git show --textconv :docker-compose.yml [50ms]
2024-03-20 08:41:35.792 [info] > git ls-files --stage -- /home/louis/docker-compose.yml [4ms]
2024-03-20 08:41:45.812 [info] > git check-ignore -v -z --stdin [7ms]
2024-03-20 08:45:12.132 [info] > git check-ignore -v -z --stdin [10ms]
2024-03-20 10:11:29.569 [info] > git show --textconv :.env [30ms]
2024-03-20 10:11:29.571 [info] > git ls-files --stage -- /home/louis/api_louis/.env [4ms]
2024-03-20 10:11:36.388 [info] > git show --textconv :.env [37ms]
2024-03-20 10:11:36.393 [info] > git ls-files --stage -- /home/louis/.env [6ms]
2024-03-20 10:11:36.560 [info] > git check-ignore -v -z --stdin [4ms]
2024-03-20 10:11:37.520 [info] > git config --get commit.template [40ms]
2024-03-20 10:11:37.521 [info] > git for-each-ref --format=%(refname)%00%(upstream:short)%00%(objectname)%00%(upstream:track)%00%(upstream:remotename)%00%(upstream:remoteref) refs/heads/main refs/remotes/main [4ms]
2024-03-20 10:11:37.569 [info] > git status -z -uall [14ms]
2024-03-20 10:12:21.651 [info] > git show --textconv :docker-compose.yml [49ms]
2024-03-20 10:12:21.656 [info] > git ls-files --stage -- /home/louis/docker-compose.yml [6ms]
2024-03-20 10:21:38.946 [info] > git show --textconv :dockerfile [34ms]
2024-03-20 10:21:38.951 [info] > git ls-files --stage -- /home/louis/api_louis/dockerfile [6ms]
2024-03-20 10:21:38.981 [info] > git cat-file -s 3994dd79f1912c9e0de31f09dd226b4ad4c2a2d0 [6ms]
2024-03-20 10:21:55.439 [info] > git config --get commit.template [34ms]
2024-03-20 10:21:55.443 [info] > git for-each-ref --format=%(refname)%00%(upstream:short)%00%(objectname)%00%(upstream:track)%00%(upstream:remotename)%00%(upstream:remoteref) refs/heads/main refs/remotes/main [7ms]
2024-03-20 10:21:55.543 [info] > git status -z -uall [69ms]
2024-03-20 10:22:44.987 [info] > git config --get commit.template [34ms]
2024-03-20 10:22:44.988 [info] > git for-each-ref --format=%(refname)%00%(upstream:short)%00%(objectname)%00%(upstream:track)%00%(upstream:remotename)%00%(upstream:remoteref) refs/heads/main refs/remotes/main [3ms]
2024-03-20 10:22:45.031 [info] > git status -z -uall [9ms]
2024-03-20 10:22:50.078 [info] > git config --get commit.template [2ms]
2024-03-20 10:22:50.116 [info] > git for-each-ref --format=%(refname)%00%(upstream:short)%00%(objectname)%00%(upstream:track)%00%(upstream:remotename)%00%(upstream:remoteref) refs/heads/main refs/remotes/main [5ms]
2024-03-20 10:22:50.164 [info] > git status -z -uall [9ms]
2024-03-20 10:24:39.017 [info] > git config --get commit.template [34ms]
2024-03-20 10:24:39.031 [info] > git for-each-ref --format=%(refname)%00%(upstream:short)%00%(objectname)%00%(upstream:track)%00%(upstream:remotename)%00%(upstream:remoteref) refs/heads/main refs/remotes/main [15ms]
2024-03-20 10:24:39.172 [info] > git status -z -uall [109ms]
2024-03-20 10:30:19.390 [info] > git show --textconv :docker-compose.yml [43ms]
2024-03-20 10:30:19.398 [info] > git ls-files --stage -- /home/louis/docker-compose.yml [9ms]
2024-03-20 10:33:05.539 [info] > git show --textconv :README.md [36ms]
2024-03-20 10:33:05.543 [info] > git ls-files --stage -- /home/louis/api_louis/README.md [6ms]
2024-03-20 10:33:05.583 [info] > git cat-file -s 03ecd9a73726811abb61ad48a55962fa3567806f [5ms]
2024-03-20 10:33:07.844 [info] > git show --textconv :.env [42ms]
2024-03-20 10:33:07.846 [info] > git ls-files --stage -- /home/louis/.env [5ms]
2024-03-20 10:33:39.839 [info] > git config --get commit.template [50ms]
2024-03-20 10:33:39.843 [info] > git for-each-ref --format=%(refname)%00%(upstream:short)%00%(objectname)%00%(upstream:track)%00%(upstream:remotename)%00%(upstream:remoteref) refs/heads/main refs/remotes/main [6ms]
2024-03-20 10:33:39.949 [info] > git status -z -uall [70ms]
2024-03-20 10:33:46.687 [info] > git config --get commit.template [54ms]
2024-03-20 10:33:46.696 [info] > git for-each-ref --format=%(refname)%00%(upstream:short)%00%(objectname)%00%(upstream:track)%00%(upstream:remotename)%00%(upstream:remoteref) refs/heads/main refs/remotes/main [18ms]
2024-03-20 10:33:46.774 [info] > git status -z -uall [19ms]
2024-03-20 11:00:40.264 [info] > git config --get commit.template [42ms]
2024-03-20 11:00:40.267 [info] > git for-each-ref --format=%(refname)%00%(upstream:short)%00%(objectname)%00%(upstream:track)%00%(upstream:remotename)%00%(upstream:remoteref) refs/heads/main refs/remotes/main [5ms]
2024-03-20 11:00:40.316 [info] > git status -z -uall [10ms]
