2024-04-21 15:27:23.817 [info] Log level: Info
2024-04-21 15:27:23.817 [info] Validating found git in: "git"
2024-04-21 15:27:23.817 [info] Using git "2.39.2" from "git"
2024-04-21 15:27:23.817 [info] > git rev-parse --show-toplevel [79ms]
2024-04-21 15:27:23.817 [info] > git rev-parse --git-dir --git-common-dir [26ms]
2024-04-21 15:27:23.817 [info] Open repository: /home/louis
2024-04-21 15:27:23.940 [info] > git config --get commit.template [53ms]
2024-04-21 15:27:24.089 [info] > git rev-parse --show-toplevel [174ms]
2024-04-21 15:27:24.228 [info] > git rev-parse --show-toplevel [9ms]
2024-04-21 15:27:24.232 [info] > git for-each-ref --format=%(refname)%00%(upstream:short)%00%(objectname)%00%(upstream:track)%00%(upstream:remotename)%00%(upstream:remoteref) refs/heads/main refs/remotes/main [75ms]
2024-04-21 15:27:24.323 [info] > git rev-parse --show-toplevel [39ms]
2024-04-21 15:27:25.642 [info] > git status -z -uall [1324ms]
2024-04-21 15:27:25.643 [info] > git check-ignore -v -z --stdin [1172ms]
2024-04-21 15:27:25.645 [info] > git rev-parse --show-toplevel [1213ms]
2024-04-21 15:27:27.000 [info] > git check-ignore -v -z --stdin [294ms]
2024-04-21 15:27:27.002 [info] > git merge-base refs/heads/main refs/remotes/origin/main [411ms]
2024-04-21 15:27:27.061 [info] > git rev-parse --show-toplevel [1399ms]
2024-04-21 15:27:27.272 [info] > git config --get commit.template [335ms]
2024-04-21 15:27:27.319 [info] > git rev-parse --show-toplevel [163ms]
2024-04-21 15:27:27.320 [info] > git rev-list --count --left-right refs/heads/main...refs/remotes/origin/main [260ms]
2024-04-21 15:27:27.531 [info] > git rev-parse --show-toplevel [42ms]
2024-04-21 15:27:27.532 [info] > git for-each-ref --format=%(refname)%00%(upstream:short)%00%(objectname)%00%(upstream:track)%00%(upstream:remotename)%00%(upstream:remoteref) refs/heads/main refs/remotes/main [115ms]
2024-04-21 15:27:27.533 [info] > git diff --name-status -z --diff-filter=ADMR 56880393d828e267994594127668037f852d02be...refs/remotes/origin/main [164ms]
2024-04-21 15:27:29.756 [info] > git rev-parse --show-toplevel [2149ms]
2024-04-21 15:27:30.777 [info] > git rev-parse --show-toplevel [97ms]
2024-04-21 15:27:31.273 [info] > git rev-parse --show-toplevel [312ms]
2024-04-21 15:27:31.501 [info] > git rev-parse --show-toplevel [153ms]
2024-04-21 15:27:32.240 [info] > git status -z -uall [1472ms]
2024-04-21 15:27:32.282 [info] > git rev-parse --show-toplevel [699ms]
2024-04-21 15:27:32.614 [info] > git rev-parse --show-toplevel [186ms]
2024-04-21 15:27:32.829 [info] > git show --textconv :traefik_data/configurations/middlewares.toml [150ms]
2024-04-21 15:27:32.829 [info] > git show --textconv :ligue1-frontend/src/pages/Classement/Classement.js [62ms]
2024-04-21 15:27:32.830 [info] > git ls-files --stage -- /home/louis/traefik_data/configurations/middlewares.toml [110ms]
2024-04-21 15:27:32.837 [info] > git ls-files --stage -- /home/louis/ligue1-frontend/src/pages/Classement/Classement.js [42ms]
2024-04-21 15:27:32.866 [info] > git cat-file -s 15d0b6188ca8d2f232d34d349f16ce5c3b09948d [6ms]
2024-04-21 15:28:23.208 [info] > git config --get commit.template [28ms]
2024-04-21 15:28:23.210 [info] > git for-each-ref --format=%(refname)%00%(upstream:short)%00%(objectname)%00%(upstream:track)%00%(upstream:remotename)%00%(upstream:remoteref) refs/heads/main refs/remotes/main [4ms]
2024-04-21 15:28:23.633 [info] > git status -z -uall [395ms]
2024-04-21 15:28:34.391 [info] > git config --get commit.template [25ms]
2024-04-21 15:28:34.394 [info] > git for-each-ref --format=%(refname)%00%(upstream:short)%00%(objectname)%00%(upstream:track)%00%(upstream:remotename)%00%(upstream:remoteref) refs/heads/main refs/remotes/main [6ms]
2024-04-21 15:28:34.839 [info] > git status -z -uall [409ms]
2024-04-21 15:28:39.931 [info] > git config --get commit.template [3ms]
2024-04-21 15:28:39.987 [info] > git for-each-ref --format=%(refname)%00%(upstream:short)%00%(objectname)%00%(upstream:track)%00%(upstream:remotename)%00%(upstream:remoteref) refs/heads/main refs/remotes/main [4ms]
2024-04-21 15:28:40.371 [info] > git status -z -uall [353ms]
2024-04-21 15:29:16.637 [info] > git config --get commit.template [26ms]
2024-04-21 15:29:16.638 [info] > git for-each-ref --format=%(refname)%00%(upstream:short)%00%(objectname)%00%(upstream:track)%00%(upstream:remotename)%00%(upstream:remoteref) refs/heads/main refs/remotes/main [3ms]
2024-04-21 15:29:17.027 [info] > git status -z -uall [362ms]
2024-04-21 15:29:56.074 [info] > git config --get commit.template [32ms]
2024-04-21 15:29:56.075 [info] > git for-each-ref --format=%(refname)%00%(upstream:short)%00%(objectname)%00%(upstream:track)%00%(upstream:remotename)%00%(upstream:remoteref) refs/heads/main refs/remotes/main [4ms]
2024-04-21 15:29:56.444 [info] > git status -z -uall [345ms]
2024-04-21 15:30:18.470 [info] > git config --get commit.template [24ms]
2024-04-21 15:30:18.471 [info] > git for-each-ref --format=%(refname)%00%(upstream:short)%00%(objectname)%00%(upstream:track)%00%(upstream:remotename)%00%(upstream:remoteref) refs/heads/main refs/remotes/main [3ms]
2024-04-21 15:30:18.906 [info] > git status -z -uall [399ms]
2024-04-21 15:30:24.030 [info] > git for-each-ref --format=%(refname)%00%(upstream:short)%00%(objectname)%00%(upstream:track)%00%(upstream:remotename)%00%(upstream:remoteref) refs/heads/main refs/remotes/main [11ms]
2024-04-21 15:30:24.031 [info] > git config --get commit.template [53ms]
2024-04-21 15:30:24.482 [info] > git status -z -uall [411ms]
2024-04-21 15:32:21.918 [info] > git config --get commit.template [25ms]
2024-04-21 15:32:21.920 [info] > git for-each-ref --format=%(refname)%00%(upstream:short)%00%(objectname)%00%(upstream:track)%00%(upstream:remotename)%00%(upstream:remoteref) refs/heads/main refs/remotes/main [3ms]
2024-04-21 15:32:22.331 [info] > git status -z -uall [381ms]
2024-04-21 15:32:27.398 [info] > git config --get commit.template [26ms]
2024-04-21 15:32:27.400 [info] > git for-each-ref --format=%(refname)%00%(upstream:short)%00%(objectname)%00%(upstream:track)%00%(upstream:remotename)%00%(upstream:remoteref) refs/heads/main refs/remotes/main [4ms]
2024-04-21 15:32:27.775 [info] > git status -z -uall [350ms]
2024-04-21 15:32:42.309 [info] > git config --get commit.template [41ms]
2024-04-21 15:32:42.310 [info] > git for-each-ref --format=%(refname)%00%(upstream:short)%00%(objectname)%00%(upstream:track)%00%(upstream:remotename)%00%(upstream:remoteref) refs/heads/main refs/remotes/main [8ms]
2024-04-21 15:32:42.681 [info] > git status -z -uall [332ms]
2024-04-21 15:32:48.167 [info] > git config --get commit.template [35ms]
2024-04-21 15:32:48.169 [info] > git for-each-ref --format=%(refname)%00%(upstream:short)%00%(objectname)%00%(upstream:track)%00%(upstream:remotename)%00%(upstream:remoteref) refs/heads/main refs/remotes/main [4ms]
2024-04-21 15:32:48.582 [info] > git status -z -uall [383ms]
2024-04-21 15:32:53.668 [info] > git config --get commit.template [38ms]
2024-04-21 15:32:53.676 [info] > git for-each-ref --format=%(refname)%00%(upstream:short)%00%(objectname)%00%(upstream:track)%00%(upstream:remotename)%00%(upstream:remoteref) refs/heads/main refs/remotes/main [9ms]
2024-04-21 15:32:54.103 [info] > git status -z -uall [392ms]
2024-04-21 15:33:00.261 [info] > git config --get commit.template [8ms]
2024-04-21 15:33:00.363 [info] > git for-each-ref --format=%(refname)%00%(upstream:short)%00%(objectname)%00%(upstream:track)%00%(upstream:remotename)%00%(upstream:remoteref) refs/heads/main refs/remotes/main [24ms]
2024-04-21 15:33:00.858 [info] > git status -z -uall [428ms]
2024-04-21 15:33:19.790 [info] > git config --get commit.template [34ms]
2024-04-21 15:33:19.794 [info] > git for-each-ref --format=%(refname)%00%(upstream:short)%00%(objectname)%00%(upstream:track)%00%(upstream:remotename)%00%(upstream:remoteref) refs/heads/main refs/remotes/main [4ms]
2024-04-21 15:33:20.242 [info] > git status -z -uall [419ms]
2024-04-21 15:34:10.637 [info] > git config --get commit.template [27ms]
2024-04-21 15:34:10.637 [info] > git for-each-ref --format=%(refname)%00%(upstream:short)%00%(objectname)%00%(upstream:track)%00%(upstream:remotename)%00%(upstream:remoteref) refs/heads/main refs/remotes/main [2ms]
2024-04-21 15:34:11.043 [info] > git status -z -uall [378ms]
2024-04-21 15:34:16.112 [info] > git config --get commit.template [26ms]
2024-04-21 15:34:16.114 [info] > git for-each-ref --format=%(refname)%00%(upstream:short)%00%(objectname)%00%(upstream:track)%00%(upstream:remotename)%00%(upstream:remoteref) refs/heads/main refs/remotes/main [2ms]
2024-04-21 15:34:16.472 [info] > git status -z -uall [333ms]
2024-04-21 15:34:21.545 [info] > git config --get commit.template [33ms]
2024-04-21 15:34:21.548 [info] > git for-each-ref --format=%(refname)%00%(upstream:short)%00%(objectname)%00%(upstream:track)%00%(upstream:remotename)%00%(upstream:remoteref) refs/heads/main refs/remotes/main [3ms]
2024-04-21 15:34:21.947 [info] > git status -z -uall [369ms]
2024-04-21 15:34:27.013 [info] > git config --get commit.template [27ms]
2024-04-21 15:34:27.015 [info] > git for-each-ref --format=%(refname)%00%(upstream:short)%00%(objectname)%00%(upstream:track)%00%(upstream:remotename)%00%(upstream:remoteref) refs/heads/main refs/remotes/main [3ms]
2024-04-21 15:34:27.422 [info] > git status -z -uall [377ms]
2024-04-21 15:34:32.506 [info] > git config --get commit.template [39ms]
2024-04-21 15:34:32.507 [info] > git for-each-ref --format=%(refname)%00%(upstream:short)%00%(objectname)%00%(upstream:track)%00%(upstream:remotename)%00%(upstream:remoteref) refs/heads/main refs/remotes/main [4ms]
2024-04-21 15:34:32.897 [info] > git status -z -uall [359ms]
2024-04-21 15:34:37.969 [info] > git config --get commit.template [29ms]
2024-04-21 15:34:37.971 [info] > git for-each-ref --format=%(refname)%00%(upstream:short)%00%(objectname)%00%(upstream:track)%00%(upstream:remotename)%00%(upstream:remoteref) refs/heads/main refs/remotes/main [4ms]
2024-04-21 15:34:38.385 [info] > git status -z -uall [369ms]
2024-04-21 15:34:43.460 [info] > git config --get commit.template [34ms]
2024-04-21 15:34:43.462 [info] > git for-each-ref --format=%(refname)%00%(upstream:short)%00%(objectname)%00%(upstream:track)%00%(upstream:remotename)%00%(upstream:remoteref) refs/heads/main refs/remotes/main [4ms]
2024-04-21 15:34:43.875 [info] > git status -z -uall [381ms]
2024-04-21 15:34:48.962 [info] > git for-each-ref --format=%(refname)%00%(upstream:short)%00%(objectname)%00%(upstream:track)%00%(upstream:remotename)%00%(upstream:remoteref) refs/heads/main refs/remotes/main [29ms]
2024-04-21 15:34:48.963 [info] > git config --get commit.template [3ms]
2024-04-21 15:34:49.398 [info] > git status -z -uall [405ms]
2024-04-21 15:34:54.469 [info] > git config --get commit.template [32ms]
2024-04-21 15:34:54.471 [info] > git for-each-ref --format=%(refname)%00%(upstream:short)%00%(objectname)%00%(upstream:track)%00%(upstream:remotename)%00%(upstream:remoteref) refs/heads/main refs/remotes/main [4ms]
2024-04-21 15:34:54.845 [info] > git status -z -uall [344ms]
2024-04-21 15:34:59.921 [info] > git config --get commit.template [31ms]
2024-04-21 15:34:59.923 [info] > git for-each-ref --format=%(refname)%00%(upstream:short)%00%(objectname)%00%(upstream:track)%00%(upstream:remotename)%00%(upstream:remoteref) refs/heads/main refs/remotes/main [4ms]
2024-04-21 15:35:00.334 [info] > git status -z -uall [383ms]
2024-04-21 15:35:05.686 [info] > git config --get commit.template [35ms]
2024-04-21 15:35:05.688 [info] > git for-each-ref --format=%(refname)%00%(upstream:short)%00%(objectname)%00%(upstream:track)%00%(upstream:remotename)%00%(upstream:remoteref) refs/heads/main refs/remotes/main [4ms]
2024-04-21 15:35:06.159 [info] > git status -z -uall [424ms]
2024-04-21 15:35:11.227 [info] > git config --get commit.template [29ms]
2024-04-21 15:35:11.229 [info] > git for-each-ref --format=%(refname)%00%(upstream:short)%00%(objectname)%00%(upstream:track)%00%(upstream:remotename)%00%(upstream:remoteref) refs/heads/main refs/remotes/main [3ms]
2024-04-21 15:35:11.643 [info] > git status -z -uall [388ms]
2024-04-21 15:35:16.709 [info] > git config --get commit.template [26ms]
2024-04-21 15:35:16.710 [info] > git for-each-ref --format=%(refname)%00%(upstream:short)%00%(objectname)%00%(upstream:track)%00%(upstream:remotename)%00%(upstream:remoteref) refs/heads/main refs/remotes/main [3ms]
2024-04-21 15:35:17.170 [info] > git status -z -uall [429ms]
2024-04-21 15:35:22.246 [info] > git config --get commit.template [33ms]
2024-04-21 15:35:22.248 [info] > git for-each-ref --format=%(refname)%00%(upstream:short)%00%(objectname)%00%(upstream:track)%00%(upstream:remotename)%00%(upstream:remoteref) refs/heads/main refs/remotes/main [4ms]
2024-04-21 15:35:22.664 [info] > git status -z -uall [382ms]
2024-04-21 15:35:27.708 [info] > git config --get commit.template [1ms]
2024-04-21 15:35:27.757 [info] > git for-each-ref --format=%(refname)%00%(upstream:short)%00%(objectname)%00%(upstream:track)%00%(upstream:remotename)%00%(upstream:remoteref) refs/heads/main refs/remotes/main [10ms]
2024-04-21 15:35:28.217 [info] > git status -z -uall [374ms]
2024-04-21 15:35:33.293 [info] > git config --get commit.template [30ms]
2024-04-21 15:35:33.295 [info] > git for-each-ref --format=%(refname)%00%(upstream:short)%00%(objectname)%00%(upstream:track)%00%(upstream:remotename)%00%(upstream:remoteref) refs/heads/main refs/remotes/main [3ms]
2024-04-21 15:35:33.705 [info] > git status -z -uall [381ms]
2024-04-21 15:35:38.786 [info] > git config --get commit.template [41ms]
2024-04-21 15:35:38.788 [info] > git for-each-ref --format=%(refname)%00%(upstream:short)%00%(objectname)%00%(upstream:track)%00%(upstream:remotename)%00%(upstream:remoteref) refs/heads/main refs/remotes/main [3ms]
2024-04-21 15:35:39.199 [info] > git status -z -uall [378ms]
2024-04-21 15:35:44.275 [info] > git config --get commit.template [31ms]
2024-04-21 15:35:44.277 [info] > git for-each-ref --format=%(refname)%00%(upstream:short)%00%(objectname)%00%(upstream:track)%00%(upstream:remotename)%00%(upstream:remoteref) refs/heads/main refs/remotes/main [4ms]
2024-04-21 15:35:44.687 [info] > git status -z -uall [380ms]
2024-04-21 15:35:49.759 [info] > git config --get commit.template [29ms]
2024-04-21 15:35:49.761 [info] > git for-each-ref --format=%(refname)%00%(upstream:short)%00%(objectname)%00%(upstream:track)%00%(upstream:remotename)%00%(upstream:remoteref) refs/heads/main refs/remotes/main [3ms]
2024-04-21 15:35:50.202 [info] > git status -z -uall [411ms]
2024-04-21 15:35:55.271 [info] > git config --get commit.template [32ms]
2024-04-21 15:35:55.272 [info] > git for-each-ref --format=%(refname)%00%(upstream:short)%00%(objectname)%00%(upstream:track)%00%(upstream:remotename)%00%(upstream:remoteref) refs/heads/main refs/remotes/main [3ms]
2024-04-21 15:35:55.691 [info] > git status -z -uall [388ms]
2024-04-21 15:36:00.763 [info] > git config --get commit.template [31ms]
2024-04-21 15:36:00.764 [info] > git for-each-ref --format=%(refname)%00%(upstream:short)%00%(objectname)%00%(upstream:track)%00%(upstream:remotename)%00%(upstream:remoteref) refs/heads/main refs/remotes/main [3ms]
2024-04-21 15:36:01.163 [info] > git status -z -uall [368ms]
2024-04-21 15:36:06.214 [info] > git config --get commit.template [2ms]
2024-04-21 15:36:06.246 [info] > git for-each-ref --format=%(refname)%00%(upstream:short)%00%(objectname)%00%(upstream:track)%00%(upstream:remotename)%00%(upstream:remoteref) refs/heads/main refs/remotes/main [3ms]
2024-04-21 15:36:06.702 [info] > git status -z -uall [426ms]
2024-04-21 15:36:11.754 [info] > git config --get commit.template [3ms]
2024-04-21 15:36:11.793 [info] > git for-each-ref --format=%(refname)%00%(upstream:short)%00%(objectname)%00%(upstream:track)%00%(upstream:remotename)%00%(upstream:remoteref) refs/heads/main refs/remotes/main [6ms]
2024-04-21 15:36:12.250 [info] > git status -z -uall [424ms]
2024-04-21 15:36:17.343 [info] > git config --get commit.template [38ms]
2024-04-21 15:36:17.346 [info] > git for-each-ref --format=%(refname)%00%(upstream:short)%00%(objectname)%00%(upstream:track)%00%(upstream:remotename)%00%(upstream:remoteref) refs/heads/main refs/remotes/main [4ms]
2024-04-21 15:36:17.824 [info] > git status -z -uall [398ms]
2024-04-21 15:36:22.903 [info] > git config --get commit.template [35ms]
2024-04-21 15:36:22.904 [info] > git for-each-ref --format=%(refname)%00%(upstream:short)%00%(objectname)%00%(upstream:track)%00%(upstream:remotename)%00%(upstream:remoteref) refs/heads/main refs/remotes/main [4ms]
2024-04-21 15:36:23.360 [info] > git status -z -uall [425ms]
2024-04-21 15:36:28.412 [info] > git config --get commit.template [4ms]
2024-04-21 15:36:28.443 [info] > git for-each-ref --format=%(refname)%00%(upstream:short)%00%(objectname)%00%(upstream:track)%00%(upstream:remotename)%00%(upstream:remoteref) refs/heads/main refs/remotes/main [3ms]
2024-04-21 15:36:28.889 [info] > git status -z -uall [412ms]
2024-04-21 15:36:33.931 [info] > git config --get commit.template [2ms]
2024-04-21 15:36:33.966 [info] > git for-each-ref --format=%(refname)%00%(upstream:short)%00%(objectname)%00%(upstream:track)%00%(upstream:remotename)%00%(upstream:remoteref) refs/heads/main refs/remotes/main [4ms]
2024-04-21 15:36:34.416 [info] > git status -z -uall [400ms]
2024-04-21 15:36:39.484 [info] > git config --get commit.template [26ms]
2024-04-21 15:36:39.485 [info] > git for-each-ref --format=%(refname)%00%(upstream:short)%00%(objectname)%00%(upstream:track)%00%(upstream:remotename)%00%(upstream:remoteref) refs/heads/main refs/remotes/main [3ms]
2024-04-21 15:36:39.880 [info] > git status -z -uall [364ms]
2024-04-21 15:36:44.974 [info] > git config --get commit.template [48ms]
2024-04-21 15:36:44.975 [info] > git for-each-ref --format=%(refname)%00%(upstream:short)%00%(objectname)%00%(upstream:track)%00%(upstream:remotename)%00%(upstream:remoteref) refs/heads/main refs/remotes/main [3ms]
2024-04-21 15:36:45.430 [info] > git status -z -uall [405ms]
2024-04-21 15:36:50.504 [info] > git config --get commit.template [29ms]
2024-04-21 15:36:50.506 [info] > git for-each-ref --format=%(refname)%00%(upstream:short)%00%(objectname)%00%(upstream:track)%00%(upstream:remotename)%00%(upstream:remoteref) refs/heads/main refs/remotes/main [4ms]
2024-04-21 15:36:51.033 [info] > git status -z -uall [492ms]
2024-04-21 15:36:56.108 [info] > git config --get commit.template [29ms]
2024-04-21 15:36:56.110 [info] > git for-each-ref --format=%(refname)%00%(upstream:short)%00%(objectname)%00%(upstream:track)%00%(upstream:remotename)%00%(upstream:remoteref) refs/heads/main refs/remotes/main [3ms]
2024-04-21 15:36:56.543 [info] > git status -z -uall [406ms]
2024-04-21 15:37:01.624 [info] > git config --get commit.template [36ms]
2024-04-21 15:37:01.626 [info] > git for-each-ref --format=%(refname)%00%(upstream:short)%00%(objectname)%00%(upstream:track)%00%(upstream:remotename)%00%(upstream:remoteref) refs/heads/main refs/remotes/main [5ms]
2024-04-21 15:37:02.103 [info] > git status -z -uall [439ms]
2024-04-21 15:37:07.187 [info] > git config --get commit.template [36ms]
2024-04-21 15:37:07.189 [info] > git for-each-ref --format=%(refname)%00%(upstream:short)%00%(objectname)%00%(upstream:track)%00%(upstream:remotename)%00%(upstream:remoteref) refs/heads/main refs/remotes/main [3ms]
2024-04-21 15:37:07.619 [info] > git status -z -uall [403ms]
2024-04-21 15:37:12.660 [info] > git config --get commit.template [2ms]
2024-04-21 15:37:12.689 [info] > git for-each-ref --format=%(refname)%00%(upstream:short)%00%(objectname)%00%(upstream:track)%00%(upstream:remotename)%00%(upstream:remoteref) refs/heads/main refs/remotes/main [3ms]
2024-04-21 15:37:13.128 [info] > git status -z -uall [408ms]
2024-04-21 15:37:18.196 [info] > git config --get commit.template [27ms]
2024-04-21 15:37:18.197 [info] > git for-each-ref --format=%(refname)%00%(upstream:short)%00%(objectname)%00%(upstream:track)%00%(upstream:remotename)%00%(upstream:remoteref) refs/heads/main refs/remotes/main [3ms]
2024-04-21 15:37:18.604 [info] > git status -z -uall [379ms]
2024-04-21 15:37:23.649 [info] > git config --get commit.template [2ms]
2024-04-21 15:37:23.692 [info] > git for-each-ref --format=%(refname)%00%(upstream:short)%00%(objectname)%00%(upstream:track)%00%(upstream:remotename)%00%(upstream:remoteref) refs/heads/main refs/remotes/main [13ms]
2024-04-21 15:37:24.124 [info] > git status -z -uall [402ms]
2024-04-21 15:37:29.206 [info] > git config --get commit.template [33ms]
2024-04-21 15:37:29.208 [info] > git for-each-ref --format=%(refname)%00%(upstream:short)%00%(objectname)%00%(upstream:track)%00%(upstream:remotename)%00%(upstream:remoteref) refs/heads/main refs/remotes/main [3ms]
2024-04-21 15:37:29.621 [info] > git status -z -uall [384ms]
2024-04-21 15:37:34.698 [info] > git config --get commit.template [35ms]
2024-04-21 15:37:34.699 [info] > git for-each-ref --format=%(refname)%00%(upstream:short)%00%(objectname)%00%(upstream:track)%00%(upstream:remotename)%00%(upstream:remoteref) refs/heads/main refs/remotes/main [4ms]
2024-04-21 15:37:35.152 [info] > git status -z -uall [421ms]
2024-04-21 15:37:40.222 [info] > git config --get commit.template [32ms]
2024-04-21 15:37:40.224 [info] > git for-each-ref --format=%(refname)%00%(upstream:short)%00%(objectname)%00%(upstream:track)%00%(upstream:remotename)%00%(upstream:remoteref) refs/heads/main refs/remotes/main [4ms]
2024-04-21 15:37:40.658 [info] > git status -z -uall [405ms]
2024-04-21 15:37:45.703 [info] > git config --get commit.template [3ms]
2024-04-21 15:37:45.735 [info] > git for-each-ref --format=%(refname)%00%(upstream:short)%00%(objectname)%00%(upstream:track)%00%(upstream:remotename)%00%(upstream:remoteref) refs/heads/main refs/remotes/main [3ms]
2024-04-21 15:37:46.122 [info] > git status -z -uall [360ms]
2024-04-21 15:37:51.163 [info] > git config --get commit.template [2ms]
2024-04-21 15:37:51.195 [info] > git for-each-ref --format=%(refname)%00%(upstream:short)%00%(objectname)%00%(upstream:track)%00%(upstream:remotename)%00%(upstream:remoteref) refs/heads/main refs/remotes/main [3ms]
2024-04-21 15:37:51.615 [info] > git status -z -uall [392ms]
2024-04-21 15:37:56.682 [info] > git config --get commit.template [28ms]
2024-04-21 15:37:56.683 [info] > git for-each-ref --format=%(refname)%00%(upstream:short)%00%(objectname)%00%(upstream:track)%00%(upstream:remotename)%00%(upstream:remoteref) refs/heads/main refs/remotes/main [5ms]
2024-04-21 15:37:57.104 [info] > git status -z -uall [395ms]
2024-04-21 15:38:02.173 [info] > git config --get commit.template [29ms]
2024-04-21 15:38:02.174 [info] > git for-each-ref --format=%(refname)%00%(upstream:short)%00%(objectname)%00%(upstream:track)%00%(upstream:remotename)%00%(upstream:remoteref) refs/heads/main refs/remotes/main [3ms]
2024-04-21 15:38:02.598 [info] > git status -z -uall [392ms]
2024-04-21 15:38:07.677 [info] > git config --get commit.template [35ms]
2024-04-21 15:38:07.680 [info] > git for-each-ref --format=%(refname)%00%(upstream:short)%00%(objectname)%00%(upstream:track)%00%(upstream:remotename)%00%(upstream:remoteref) refs/heads/main refs/remotes/main [5ms]
2024-04-21 15:38:08.055 [info] > git status -z -uall [346ms]
2024-04-21 15:38:13.118 [info] > git config --get commit.template [26ms]
2024-04-21 15:38:13.120 [info] > git for-each-ref --format=%(refname)%00%(upstream:short)%00%(objectname)%00%(upstream:track)%00%(upstream:remotename)%00%(upstream:remoteref) refs/heads/main refs/remotes/main [2ms]
2024-04-21 15:38:13.499 [info] > git status -z -uall [352ms]
2024-04-21 15:38:18.563 [info] > git config --get commit.template [28ms]
2024-04-21 15:38:18.565 [info] > git for-each-ref --format=%(refname)%00%(upstream:short)%00%(objectname)%00%(upstream:track)%00%(upstream:remotename)%00%(upstream:remoteref) refs/heads/main refs/remotes/main [4ms]
2024-04-21 15:38:18.955 [info] > git status -z -uall [362ms]
2024-04-21 15:38:24.024 [info] > git config --get commit.template [29ms]
2024-04-21 15:38:24.026 [info] > git for-each-ref --format=%(refname)%00%(upstream:short)%00%(objectname)%00%(upstream:track)%00%(upstream:remotename)%00%(upstream:remoteref) refs/heads/main refs/remotes/main [3ms]
2024-04-21 15:38:24.397 [info] > git status -z -uall [347ms]
2024-04-21 15:38:29.467 [info] > git config --get commit.template [30ms]
2024-04-21 15:38:29.469 [info] > git for-each-ref --format=%(refname)%00%(upstream:short)%00%(objectname)%00%(upstream:track)%00%(upstream:remotename)%00%(upstream:remoteref) refs/heads/main refs/remotes/main [3ms]
2024-04-21 15:38:29.825 [info] > git status -z -uall [334ms]
2024-04-21 15:38:34.883 [info] > git config --get commit.template [25ms]
2024-04-21 15:38:34.884 [info] > git for-each-ref --format=%(refname)%00%(upstream:short)%00%(objectname)%00%(upstream:track)%00%(upstream:remotename)%00%(upstream:remoteref) refs/heads/main refs/remotes/main [2ms]
2024-04-21 15:38:35.239 [info] > git status -z -uall [329ms]
2024-04-21 15:38:40.297 [info] > git config --get commit.template [23ms]
2024-04-21 15:38:40.298 [info] > git for-each-ref --format=%(refname)%00%(upstream:short)%00%(objectname)%00%(upstream:track)%00%(upstream:remotename)%00%(upstream:remoteref) refs/heads/main refs/remotes/main [2ms]
2024-04-21 15:38:40.662 [info] > git status -z -uall [342ms]
2024-04-21 15:38:45.699 [info] > git config --get commit.template [1ms]
2024-04-21 15:38:45.727 [info] > git for-each-ref --format=%(refname)%00%(upstream:short)%00%(objectname)%00%(upstream:track)%00%(upstream:remotename)%00%(upstream:remoteref) refs/heads/main refs/remotes/main [2ms]
2024-04-21 15:38:46.082 [info] > git status -z -uall [325ms]
2024-04-21 15:38:51.153 [info] > git config --get commit.template [32ms]
2024-04-21 15:38:51.155 [info] > git for-each-ref --format=%(refname)%00%(upstream:short)%00%(objectname)%00%(upstream:track)%00%(upstream:remotename)%00%(upstream:remoteref) refs/heads/main refs/remotes/main [3ms]
2024-04-21 15:38:51.549 [info] > git status -z -uall [368ms]
2024-04-21 15:38:56.598 [info] > git config --get commit.template [2ms]
2024-04-21 15:38:56.632 [info] > git for-each-ref --format=%(refname)%00%(upstream:short)%00%(objectname)%00%(upstream:track)%00%(upstream:remotename)%00%(upstream:remoteref) refs/heads/main refs/remotes/main [3ms]
2024-04-21 15:38:57.032 [info] > git status -z -uall [370ms]
2024-04-21 15:39:02.106 [info] > git config --get commit.template [27ms]
2024-04-21 15:39:02.108 [info] > git for-each-ref --format=%(refname)%00%(upstream:short)%00%(objectname)%00%(upstream:track)%00%(upstream:remotename)%00%(upstream:remoteref) refs/heads/main refs/remotes/main [4ms]
2024-04-21 15:39:02.529 [info] > git status -z -uall [392ms]
2024-04-21 15:39:07.600 [info] > git config --get commit.template [26ms]
2024-04-21 15:39:07.601 [info] > git for-each-ref --format=%(refname)%00%(upstream:short)%00%(objectname)%00%(upstream:track)%00%(upstream:remotename)%00%(upstream:remoteref) refs/heads/main refs/remotes/main [3ms]
2024-04-21 15:39:07.980 [info] > git status -z -uall [350ms]
2024-04-21 15:39:13.042 [info] > git config --get commit.template [25ms]
2024-04-21 15:39:13.044 [info] > git for-each-ref --format=%(refname)%00%(upstream:short)%00%(objectname)%00%(upstream:track)%00%(upstream:remotename)%00%(upstream:remoteref) refs/heads/main refs/remotes/main [3ms]
2024-04-21 15:39:13.439 [info] > git status -z -uall [367ms]
2024-04-21 15:39:18.501 [info] > git config --get commit.template [27ms]
2024-04-21 15:39:18.505 [info] > git for-each-ref --format=%(refname)%00%(upstream:short)%00%(objectname)%00%(upstream:track)%00%(upstream:remotename)%00%(upstream:remoteref) refs/heads/main refs/remotes/main [5ms]
2024-04-21 15:39:18.913 [info] > git status -z -uall [380ms]
2024-04-21 15:39:23.951 [info] > git config --get commit.template [2ms]
2024-04-21 15:39:23.980 [info] > git for-each-ref --format=%(refname)%00%(upstream:short)%00%(objectname)%00%(upstream:track)%00%(upstream:remotename)%00%(upstream:remoteref) refs/heads/main refs/remotes/main [3ms]
2024-04-21 15:39:24.410 [info] > git status -z -uall [405ms]
2024-04-21 15:39:29.465 [info] > git config --get commit.template [24ms]
2024-04-21 15:39:29.466 [info] > git for-each-ref --format=%(refname)%00%(upstream:short)%00%(objectname)%00%(upstream:track)%00%(upstream:remotename)%00%(upstream:remoteref) refs/heads/main refs/remotes/main [2ms]
2024-04-21 15:39:29.796 [info] > git status -z -uall [306ms]
2024-04-21 15:39:34.862 [info] > git config --get commit.template [28ms]
2024-04-21 15:39:34.864 [info] > git for-each-ref --format=%(refname)%00%(upstream:short)%00%(objectname)%00%(upstream:track)%00%(upstream:remotename)%00%(upstream:remoteref) refs/heads/main refs/remotes/main [3ms]
2024-04-21 15:39:35.218 [info] > git status -z -uall [330ms]
2024-04-21 15:39:40.259 [info] > git config --get commit.template [2ms]
2024-04-21 15:39:40.287 [info] > git for-each-ref --format=%(refname)%00%(upstream:short)%00%(objectname)%00%(upstream:track)%00%(upstream:remotename)%00%(upstream:remoteref) refs/heads/main refs/remotes/main [3ms]
2024-04-21 15:39:40.670 [info] > git status -z -uall [348ms]
2024-04-21 15:39:45.737 [info] > git config --get commit.template [33ms]
2024-04-21 15:39:45.739 [info] > git for-each-ref --format=%(refname)%00%(upstream:short)%00%(objectname)%00%(upstream:track)%00%(upstream:remotename)%00%(upstream:remoteref) refs/heads/main refs/remotes/main [4ms]
2024-04-21 15:39:46.077 [info] > git status -z -uall [308ms]
2024-04-21 15:39:51.142 [info] > git config --get commit.template [27ms]
2024-04-21 15:39:51.144 [info] > git for-each-ref --format=%(refname)%00%(upstream:short)%00%(objectname)%00%(upstream:track)%00%(upstream:remotename)%00%(upstream:remoteref) refs/heads/main refs/remotes/main [3ms]
2024-04-21 15:39:51.525 [info] > git status -z -uall [356ms]
2024-04-21 15:39:56.608 [info] > git config --get commit.template [36ms]
2024-04-21 15:39:56.610 [info] > git for-each-ref --format=%(refname)%00%(upstream:short)%00%(objectname)%00%(upstream:track)%00%(upstream:remotename)%00%(upstream:remoteref) refs/heads/main refs/remotes/main [4ms]
2024-04-21 15:39:57.036 [info] > git status -z -uall [393ms]
2024-04-21 15:40:02.130 [info] > git config --get commit.template [48ms]
2024-04-21 15:40:02.132 [info] > git for-each-ref --format=%(refname)%00%(upstream:short)%00%(objectname)%00%(upstream:track)%00%(upstream:remotename)%00%(upstream:remoteref) refs/heads/main refs/remotes/main [4ms]
2024-04-21 15:40:02.597 [info] > git status -z -uall [427ms]
2024-04-21 15:40:07.671 [info] > git config --get commit.template [32ms]
2024-04-21 15:40:07.672 [info] > git for-each-ref --format=%(refname)%00%(upstream:short)%00%(objectname)%00%(upstream:track)%00%(upstream:remotename)%00%(upstream:remoteref) refs/heads/main refs/remotes/main [3ms]
2024-04-21 15:40:08.084 [info] > git status -z -uall [383ms]
2024-04-21 15:40:13.163 [info] > git config --get commit.template [34ms]
2024-04-21 15:40:13.165 [info] > git for-each-ref --format=%(refname)%00%(upstream:short)%00%(objectname)%00%(upstream:track)%00%(upstream:remotename)%00%(upstream:remoteref) refs/heads/main refs/remotes/main [3ms]
2024-04-21 15:40:13.606 [info] > git status -z -uall [409ms]
2024-04-21 15:40:18.690 [info] > git config --get commit.template [37ms]
2024-04-21 15:40:18.692 [info] > git for-each-ref --format=%(refname)%00%(upstream:short)%00%(objectname)%00%(upstream:track)%00%(upstream:remotename)%00%(upstream:remoteref) refs/heads/main refs/remotes/main [3ms]
2024-04-21 15:40:19.143 [info] > git status -z -uall [418ms]
2024-04-21 15:40:24.211 [info] > git config --get commit.template [29ms]
2024-04-21 15:40:24.213 [info] > git for-each-ref --format=%(refname)%00%(upstream:short)%00%(objectname)%00%(upstream:track)%00%(upstream:remotename)%00%(upstream:remoteref) refs/heads/main refs/remotes/main [4ms]
2024-04-21 15:40:24.604 [info] > git status -z -uall [359ms]
2024-04-21 15:40:29.665 [info] > git config --get commit.template [23ms]
2024-04-21 15:40:29.666 [info] > git for-each-ref --format=%(refname)%00%(upstream:short)%00%(objectname)%00%(upstream:track)%00%(upstream:remotename)%00%(upstream:remoteref) refs/heads/main refs/remotes/main [3ms]
2024-04-21 15:40:30.072 [info] > git status -z -uall [380ms]
2024-04-21 15:40:35.113 [info] > git config --get commit.template [2ms]
2024-04-21 15:40:35.147 [info] > git for-each-ref --format=%(refname)%00%(upstream:short)%00%(objectname)%00%(upstream:track)%00%(upstream:remotename)%00%(upstream:remoteref) refs/heads/main refs/remotes/main [3ms]
2024-04-21 15:40:35.575 [info] > git status -z -uall [397ms]
2024-04-21 15:40:40.614 [info] > git config --get commit.template [2ms]
2024-04-21 15:40:40.642 [info] > git for-each-ref --format=%(refname)%00%(upstream:short)%00%(objectname)%00%(upstream:track)%00%(upstream:remotename)%00%(upstream:remoteref) refs/heads/main refs/remotes/main [2ms]
2024-04-21 15:40:41.018 [info] > git status -z -uall [350ms]
2024-04-21 15:40:46.085 [info] > git config --get commit.template [29ms]
2024-04-21 15:40:46.086 [info] > git for-each-ref --format=%(refname)%00%(upstream:short)%00%(objectname)%00%(upstream:track)%00%(upstream:remotename)%00%(upstream:remoteref) refs/heads/main refs/remotes/main [3ms]
2024-04-21 15:40:46.525 [info] > git status -z -uall [412ms]
2024-04-21 15:40:51.600 [info] > git config --get commit.template [34ms]
2024-04-21 15:40:51.602 [info] > git for-each-ref --format=%(refname)%00%(upstream:short)%00%(objectname)%00%(upstream:track)%00%(upstream:remotename)%00%(upstream:remoteref) refs/heads/main refs/remotes/main [4ms]
2024-04-21 15:40:52.150 [info] > git status -z -uall [514ms]
2024-04-21 15:40:57.227 [info] > git config --get commit.template [30ms]
2024-04-21 15:40:57.229 [info] > git for-each-ref --format=%(refname)%00%(upstream:short)%00%(objectname)%00%(upstream:track)%00%(upstream:remotename)%00%(upstream:remoteref) refs/heads/main refs/remotes/main [4ms]
2024-04-21 15:40:57.706 [info] > git status -z -uall [448ms]
2024-04-21 15:41:02.782 [info] > git config --get commit.template [32ms]
2024-04-21 15:41:02.783 [info] > git for-each-ref --format=%(refname)%00%(upstream:short)%00%(objectname)%00%(upstream:track)%00%(upstream:remotename)%00%(upstream:remoteref) refs/heads/main refs/remotes/main [3ms]
2024-04-21 15:41:03.191 [info] > git status -z -uall [376ms]
2024-04-21 15:41:08.258 [info] > git config --get commit.template [29ms]
2024-04-21 15:41:08.260 [info] > git for-each-ref --format=%(refname)%00%(upstream:short)%00%(objectname)%00%(upstream:track)%00%(upstream:remotename)%00%(upstream:remoteref) refs/heads/main refs/remotes/main [3ms]
2024-04-21 15:41:08.635 [info] > git status -z -uall [347ms]
2024-04-21 15:41:13.704 [info] > git config --get commit.template [27ms]
2024-04-21 15:41:13.706 [info] > git for-each-ref --format=%(refname)%00%(upstream:short)%00%(objectname)%00%(upstream:track)%00%(upstream:remotename)%00%(upstream:remoteref) refs/heads/main refs/remotes/main [4ms]
2024-04-21 15:41:14.079 [info] > git status -z -uall [348ms]
2024-04-21 15:41:19.146 [info] > git config --get commit.template [29ms]
2024-04-21 15:41:19.149 [info] > git for-each-ref --format=%(refname)%00%(upstream:short)%00%(objectname)%00%(upstream:track)%00%(upstream:remotename)%00%(upstream:remoteref) refs/heads/main refs/remotes/main [3ms]
2024-04-21 15:41:19.560 [info] > git status -z -uall [382ms]
2024-04-21 15:41:24.627 [info] > git config --get commit.template [27ms]
2024-04-21 15:41:24.629 [info] > git for-each-ref --format=%(refname)%00%(upstream:short)%00%(objectname)%00%(upstream:track)%00%(upstream:remotename)%00%(upstream:remoteref) refs/heads/main refs/remotes/main [2ms]
2024-04-21 15:41:25.039 [info] > git status -z -uall [385ms]
2024-04-21 15:41:30.121 [info] > git config --get commit.template [33ms]
2024-04-21 15:41:30.122 [info] > git for-each-ref --format=%(refname)%00%(upstream:short)%00%(objectname)%00%(upstream:track)%00%(upstream:remotename)%00%(upstream:remoteref) refs/heads/main refs/remotes/main [3ms]
2024-04-21 15:41:30.504 [info] > git status -z -uall [349ms]
2024-04-21 15:41:35.568 [info] > git config --get commit.template [27ms]
2024-04-21 15:41:35.570 [info] > git for-each-ref --format=%(refname)%00%(upstream:short)%00%(objectname)%00%(upstream:track)%00%(upstream:remotename)%00%(upstream:remoteref) refs/heads/main refs/remotes/main [2ms]
2024-04-21 15:41:35.943 [info] > git status -z -uall [345ms]
2024-04-21 15:41:41.012 [info] > git config --get commit.template [25ms]
2024-04-21 15:41:41.014 [info] > git for-each-ref --format=%(refname)%00%(upstream:short)%00%(objectname)%00%(upstream:track)%00%(upstream:remotename)%00%(upstream:remoteref) refs/heads/main refs/remotes/main [4ms]
2024-04-21 15:41:41.407 [info] > git status -z -uall [368ms]
2024-04-21 15:41:46.482 [info] > git config --get commit.template [33ms]
2024-04-21 15:41:46.484 [info] > git for-each-ref --format=%(refname)%00%(upstream:short)%00%(objectname)%00%(upstream:track)%00%(upstream:remotename)%00%(upstream:remoteref) refs/heads/main refs/remotes/main [4ms]
2024-04-21 15:41:46.882 [info] > git status -z -uall [372ms]
2024-04-21 15:41:51.950 [info] > git config --get commit.template [30ms]
2024-04-21 15:41:51.952 [info] > git for-each-ref --format=%(refname)%00%(upstream:short)%00%(objectname)%00%(upstream:track)%00%(upstream:remotename)%00%(upstream:remoteref) refs/heads/main refs/remotes/main [3ms]
2024-04-21 15:41:52.321 [info] > git status -z -uall [344ms]
2024-04-21 15:41:57.378 [info] > git config --get commit.template [23ms]
2024-04-21 15:41:57.379 [info] > git for-each-ref --format=%(refname)%00%(upstream:short)%00%(objectname)%00%(upstream:track)%00%(upstream:remotename)%00%(upstream:remoteref) refs/heads/main refs/remotes/main [2ms]
2024-04-21 15:41:57.744 [info] > git status -z -uall [338ms]
2024-04-21 15:42:02.816 [info] > git config --get commit.template [31ms]
2024-04-21 15:42:02.818 [info] > git for-each-ref --format=%(refname)%00%(upstream:short)%00%(objectname)%00%(upstream:track)%00%(upstream:remotename)%00%(upstream:remoteref) refs/heads/main refs/remotes/main [4ms]
2024-04-21 15:42:03.254 [info] > git status -z -uall [410ms]
2024-04-21 15:42:08.316 [info] > git config --get commit.template [26ms]
2024-04-21 15:42:08.318 [info] > git for-each-ref --format=%(refname)%00%(upstream:short)%00%(objectname)%00%(upstream:track)%00%(upstream:remotename)%00%(upstream:remoteref) refs/heads/main refs/remotes/main [2ms]
2024-04-21 15:42:08.670 [info] > git status -z -uall [324ms]
2024-04-21 15:42:13.742 [info] > git config --get commit.template [32ms]
2024-04-21 15:42:13.743 [info] > git for-each-ref --format=%(refname)%00%(upstream:short)%00%(objectname)%00%(upstream:track)%00%(upstream:remotename)%00%(upstream:remoteref) refs/heads/main refs/remotes/main [2ms]
2024-04-21 15:42:14.130 [info] > git status -z -uall [362ms]
2024-04-21 15:42:19.207 [info] > git config --get commit.template [34ms]
2024-04-21 15:42:19.209 [info] > git for-each-ref --format=%(refname)%00%(upstream:short)%00%(objectname)%00%(upstream:track)%00%(upstream:remotename)%00%(upstream:remoteref) refs/heads/main refs/remotes/main [3ms]
2024-04-21 15:42:19.586 [info] > git status -z -uall [349ms]
2024-04-21 15:42:24.657 [info] > git config --get commit.template [31ms]
2024-04-21 15:42:24.659 [info] > git for-each-ref --format=%(refname)%00%(upstream:short)%00%(objectname)%00%(upstream:track)%00%(upstream:remotename)%00%(upstream:remoteref) refs/heads/main refs/remotes/main [4ms]
2024-04-21 15:42:25.036 [info] > git status -z -uall [351ms]
2024-04-21 15:42:30.108 [info] > git config --get commit.template [29ms]
2024-04-21 15:42:30.110 [info] > git for-each-ref --format=%(refname)%00%(upstream:short)%00%(objectname)%00%(upstream:track)%00%(upstream:remotename)%00%(upstream:remoteref) refs/heads/main refs/remotes/main [4ms]
2024-04-21 15:42:30.542 [info] > git status -z -uall [400ms]
2024-04-21 15:42:35.580 [info] > git config --get commit.template [2ms]
2024-04-21 15:42:35.608 [info] > git for-each-ref --format=%(refname)%00%(upstream:short)%00%(objectname)%00%(upstream:track)%00%(upstream:remotename)%00%(upstream:remoteref) refs/heads/main refs/remotes/main [3ms]
2024-04-21 15:42:35.971 [info] > git status -z -uall [341ms]
2024-04-21 15:42:41.037 [info] > git config --get commit.template [30ms]
2024-04-21 15:42:41.038 [info] > git for-each-ref --format=%(refname)%00%(upstream:short)%00%(objectname)%00%(upstream:track)%00%(upstream:remotename)%00%(upstream:remoteref) refs/heads/main refs/remotes/main [3ms]
2024-04-21 15:42:41.423 [info] > git status -z -uall [361ms]
2024-04-21 15:42:46.494 [info] > git config --get commit.template [30ms]
2024-04-21 15:42:46.496 [info] > git for-each-ref --format=%(refname)%00%(upstream:short)%00%(objectname)%00%(upstream:track)%00%(upstream:remotename)%00%(upstream:remoteref) refs/heads/main refs/remotes/main [3ms]
2024-04-21 15:42:46.927 [info] > git status -z -uall [395ms]
2024-04-21 15:42:51.994 [info] > git config --get commit.template [28ms]
2024-04-21 15:42:51.996 [info] > git for-each-ref --format=%(refname)%00%(upstream:short)%00%(objectname)%00%(upstream:track)%00%(upstream:remotename)%00%(upstream:remoteref) refs/heads/main refs/remotes/main [3ms]
2024-04-21 15:42:52.428 [info] > git status -z -uall [401ms]
2024-04-21 15:42:57.468 [info] > git config --get commit.template [1ms]
2024-04-21 15:42:57.492 [info] > git for-each-ref --format=%(refname)%00%(upstream:short)%00%(objectname)%00%(upstream:track)%00%(upstream:remotename)%00%(upstream:remoteref) refs/heads/main refs/remotes/main [3ms]
2024-04-21 15:42:57.886 [info] > git status -z -uall [369ms]
2024-04-21 15:43:02.927 [info] > git config --get commit.template [2ms]
2024-04-21 15:43:02.977 [info] > git for-each-ref --format=%(refname)%00%(upstream:short)%00%(objectname)%00%(upstream:track)%00%(upstream:remotename)%00%(upstream:remoteref) refs/heads/main refs/remotes/main [4ms]
2024-04-21 15:43:03.409 [info] > git status -z -uall [399ms]
2024-04-21 15:43:08.472 [info] > git config --get commit.template [27ms]
2024-04-21 15:43:08.473 [info] > git for-each-ref --format=%(refname)%00%(upstream:short)%00%(objectname)%00%(upstream:track)%00%(upstream:remotename)%00%(upstream:remoteref) refs/heads/main refs/remotes/main [2ms]
2024-04-21 15:43:08.882 [info] > git status -z -uall [380ms]
2024-04-21 15:43:13.939 [info] > git config --get commit.template [25ms]
2024-04-21 15:43:13.941 [info] > git for-each-ref --format=%(refname)%00%(upstream:short)%00%(objectname)%00%(upstream:track)%00%(upstream:remotename)%00%(upstream:remoteref) refs/heads/main refs/remotes/main [3ms]
2024-04-21 15:43:14.305 [info] > git status -z -uall [339ms]
2024-04-21 15:43:19.370 [info] > git config --get commit.template [26ms]
2024-04-21 15:43:19.372 [info] > git for-each-ref --format=%(refname)%00%(upstream:short)%00%(objectname)%00%(upstream:track)%00%(upstream:remotename)%00%(upstream:remoteref) refs/heads/main refs/remotes/main [4ms]
2024-04-21 15:43:19.793 [info] > git status -z -uall [392ms]
2024-04-21 15:43:24.865 [info] > git config --get commit.template [30ms]
2024-04-21 15:43:24.867 [info] > git for-each-ref --format=%(refname)%00%(upstream:short)%00%(objectname)%00%(upstream:track)%00%(upstream:remotename)%00%(upstream:remoteref) refs/heads/main refs/remotes/main [3ms]
2024-04-21 15:43:25.385 [info] > git status -z -uall [489ms]
2024-04-21 15:43:30.458 [info] > git config --get commit.template [29ms]
2024-04-21 15:43:30.459 [info] > git for-each-ref --format=%(refname)%00%(upstream:short)%00%(objectname)%00%(upstream:track)%00%(upstream:remotename)%00%(upstream:remoteref) refs/heads/main refs/remotes/main [3ms]
2024-04-21 15:43:30.852 [info] > git status -z -uall [365ms]
2024-04-21 15:43:35.913 [info] > git config --get commit.template [25ms]
2024-04-21 15:43:35.915 [info] > git for-each-ref --format=%(refname)%00%(upstream:short)%00%(objectname)%00%(upstream:track)%00%(upstream:remotename)%00%(upstream:remoteref) refs/heads/main refs/remotes/main [3ms]
2024-04-21 15:43:36.296 [info] > git status -z -uall [353ms]
2024-04-21 15:43:41.377 [info] > git config --get commit.template [37ms]
2024-04-21 15:43:41.379 [info] > git for-each-ref --format=%(refname)%00%(upstream:short)%00%(objectname)%00%(upstream:track)%00%(upstream:remotename)%00%(upstream:remoteref) refs/heads/main refs/remotes/main [3ms]
2024-04-21 15:43:41.762 [info] > git status -z -uall [355ms]
2024-04-21 15:43:46.830 [info] > git config --get commit.template [29ms]
2024-04-21 15:43:46.832 [info] > git for-each-ref --format=%(refname)%00%(upstream:short)%00%(objectname)%00%(upstream:track)%00%(upstream:remotename)%00%(upstream:remoteref) refs/heads/main refs/remotes/main [3ms]
2024-04-21 15:43:47.229 [info] > git status -z -uall [372ms]
2024-04-21 15:43:52.295 [info] > git config --get commit.template [26ms]
2024-04-21 15:43:52.297 [info] > git for-each-ref --format=%(refname)%00%(upstream:short)%00%(objectname)%00%(upstream:track)%00%(upstream:remotename)%00%(upstream:remoteref) refs/heads/main refs/remotes/main [3ms]
2024-04-21 15:43:52.690 [info] > git status -z -uall [367ms]
2024-04-21 15:43:57.751 [info] > git config --get commit.template [23ms]
2024-04-21 15:43:57.752 [info] > git for-each-ref --format=%(refname)%00%(upstream:short)%00%(objectname)%00%(upstream:track)%00%(upstream:remotename)%00%(upstream:remoteref) refs/heads/main refs/remotes/main [2ms]
2024-04-21 15:43:58.117 [info] > git status -z -uall [343ms]
2024-04-21 15:44:03.193 [info] > git config --get commit.template [32ms]
2024-04-21 15:44:03.195 [info] > git for-each-ref --format=%(refname)%00%(upstream:short)%00%(objectname)%00%(upstream:track)%00%(upstream:remotename)%00%(upstream:remoteref) refs/heads/main refs/remotes/main [5ms]
2024-04-21 15:44:03.597 [info] > git status -z -uall [372ms]
2024-04-21 15:44:08.660 [info] > git config --get commit.template [24ms]
2024-04-21 15:44:08.662 [info] > git for-each-ref --format=%(refname)%00%(upstream:short)%00%(objectname)%00%(upstream:track)%00%(upstream:remotename)%00%(upstream:remoteref) refs/heads/main refs/remotes/main [3ms]
2024-04-21 15:44:09.010 [info] > git status -z -uall [325ms]
2024-04-21 15:44:14.074 [info] > git config --get commit.template [26ms]
2024-04-21 15:44:14.075 [info] > git for-each-ref --format=%(refname)%00%(upstream:short)%00%(objectname)%00%(upstream:track)%00%(upstream:remotename)%00%(upstream:remoteref) refs/heads/main refs/remotes/main [3ms]
2024-04-21 15:44:14.468 [info] > git status -z -uall [367ms]
2024-04-21 15:44:19.531 [info] > git config --get commit.template [25ms]
2024-04-21 15:44:19.532 [info] > git for-each-ref --format=%(refname)%00%(upstream:short)%00%(objectname)%00%(upstream:track)%00%(upstream:remotename)%00%(upstream:remoteref) refs/heads/main refs/remotes/main [3ms]
2024-04-21 15:44:19.945 [info] > git status -z -uall [386ms]
2024-04-21 15:44:25.017 [info] > git config --get commit.template [33ms]
2024-04-21 15:44:25.018 [info] > git for-each-ref --format=%(refname)%00%(upstream:short)%00%(objectname)%00%(upstream:track)%00%(upstream:remotename)%00%(upstream:remoteref) refs/heads/main refs/remotes/main [3ms]
2024-04-21 15:44:25.409 [info] > git status -z -uall [362ms]
2024-04-21 15:44:30.474 [info] > git config --get commit.template [27ms]
2024-04-21 15:44:30.477 [info] > git for-each-ref --format=%(refname)%00%(upstream:short)%00%(objectname)%00%(upstream:track)%00%(upstream:remotename)%00%(upstream:remoteref) refs/heads/main refs/remotes/main [4ms]
2024-04-21 15:44:30.861 [info] > git status -z -uall [356ms]
2024-04-21 15:44:35.921 [info] > git config --get commit.template [25ms]
2024-04-21 15:44:35.922 [info] > git for-each-ref --format=%(refname)%00%(upstream:short)%00%(objectname)%00%(upstream:track)%00%(upstream:remotename)%00%(upstream:remoteref) refs/heads/main refs/remotes/main [3ms]
2024-04-21 15:44:36.304 [info] > git status -z -uall [359ms]
2024-04-21 15:44:41.381 [info] > git config --get commit.template [34ms]
2024-04-21 15:44:41.384 [info] > git for-each-ref --format=%(refname)%00%(upstream:short)%00%(objectname)%00%(upstream:track)%00%(upstream:remotename)%00%(upstream:remoteref) refs/heads/main refs/remotes/main [3ms]
2024-04-21 15:44:41.763 [info] > git status -z -uall [352ms]
2024-04-21 15:44:46.836 [info] > git config --get commit.template [31ms]
2024-04-21 15:44:46.837 [info] > git for-each-ref --format=%(refname)%00%(upstream:short)%00%(objectname)%00%(upstream:track)%00%(upstream:remotename)%00%(upstream:remoteref) refs/heads/main refs/remotes/main [3ms]
2024-04-21 15:44:47.274 [info] > git status -z -uall [407ms]
2024-04-21 15:44:52.353 [info] > git config --get commit.template [33ms]
2024-04-21 15:44:52.356 [info] > git for-each-ref --format=%(refname)%00%(upstream:short)%00%(objectname)%00%(upstream:track)%00%(upstream:remotename)%00%(upstream:remoteref) refs/heads/main refs/remotes/main [3ms]
2024-04-21 15:44:52.767 [info] > git status -z -uall [379ms]
2024-04-21 15:44:54.687 [info] > git show --textconv :.env [35ms]
2024-04-21 15:44:54.699 [info] > git ls-files --stage -- /home/louis/.env [18ms]
2024-04-21 15:44:54.732 [info] > git cat-file -s 541f6004bcd1d8f5fa2eb44d9c1f74c7674d018d [3ms]
2024-04-21 15:44:57.839 [info] > git config --get commit.template [31ms]
2024-04-21 15:44:57.841 [info] > git for-each-ref --format=%(refname)%00%(upstream:short)%00%(objectname)%00%(upstream:track)%00%(upstream:remotename)%00%(upstream:remoteref) refs/heads/main refs/remotes/main [3ms]
2024-04-21 15:44:58.229 [info] > git status -z -uall [361ms]
2024-04-21 15:45:03.291 [info] > git config --get commit.template [3ms]
2024-04-21 15:45:03.335 [info] > git for-each-ref --format=%(refname)%00%(upstream:short)%00%(objectname)%00%(upstream:track)%00%(upstream:remotename)%00%(upstream:remoteref) refs/heads/main refs/remotes/main [2ms]
2024-04-21 15:45:03.908 [info] > git status -z -uall [527ms]
2024-04-21 15:45:14.136 [info] > git config --get commit.template [7ms]
2024-04-21 15:45:14.218 [info] > git for-each-ref --format=%(refname)%00%(upstream:short)%00%(objectname)%00%(upstream:track)%00%(upstream:remotename)%00%(upstream:remoteref) refs/heads/main refs/remotes/main [8ms]
2024-04-21 15:45:14.887 [info] > git status -z -uall [614ms]
2024-04-21 15:45:16.670 [info] > git show --textconv :ligue1-frontend/.env [59ms]
2024-04-21 15:45:16.681 [info] > git ls-files --stage -- /home/louis/ligue1-frontend/.env [16ms]
2024-04-21 15:45:16.753 [info] > git cat-file -s 8e70d2fe9e697512ddabc80640342c600fc1a560 [3ms]
2024-04-21 15:45:20.055 [info] > git config --get commit.template [58ms]
2024-04-21 15:45:20.057 [info] > git for-each-ref --format=%(refname)%00%(upstream:short)%00%(objectname)%00%(upstream:track)%00%(upstream:remotename)%00%(upstream:remoteref) refs/heads/main refs/remotes/main [5ms]
2024-04-21 15:45:20.972 [info] > git status -z -uall [871ms]
2024-04-21 15:45:26.096 [info] > git config --get commit.template [48ms]
2024-04-21 15:45:26.097 [info] > git for-each-ref --format=%(refname)%00%(upstream:short)%00%(objectname)%00%(upstream:track)%00%(upstream:remotename)%00%(upstream:remoteref) refs/heads/main refs/remotes/main [4ms]
2024-04-21 15:45:26.600 [info] > git status -z -uall [468ms]
2024-04-21 15:47:23.979 [info] > git config --get commit.template [37ms]
2024-04-21 15:47:23.983 [info] > git for-each-ref --format=%(refname)%00%(upstream:short)%00%(objectname)%00%(upstream:track)%00%(upstream:remotename)%00%(upstream:remoteref) refs/heads/main refs/remotes/main [8ms]
2024-04-21 15:47:24.380 [info] > git status -z -uall [362ms]
2024-04-21 15:47:29.439 [info] > git config --get commit.template [25ms]
2024-04-21 15:47:29.440 [info] > git for-each-ref --format=%(refname)%00%(upstream:short)%00%(objectname)%00%(upstream:track)%00%(upstream:remotename)%00%(upstream:remoteref) refs/heads/main refs/remotes/main [3ms]
2024-04-21 15:47:29.824 [info] > git status -z -uall [360ms]
2024-04-21 15:47:32.152 [info] > git show --textconv :docker-compose.yml [124ms]
2024-04-21 15:47:32.153 [info] > git ls-files --stage -- /home/louis/docker-compose.yml [96ms]
2024-04-21 15:47:32.205 [info] > git cat-file -s e0bf042fdf3a9ff48071fe1b9e91776969c2aabd [17ms]
2024-04-21 15:47:34.407 [info] > git show --textconv :.env [30ms]
2024-04-21 15:47:34.419 [info] > git ls-files --stage -- /home/louis/.env [15ms]
2024-04-21 15:47:34.447 [info] > git cat-file -s 541f6004bcd1d8f5fa2eb44d9c1f74c7674d018d [2ms]
2024-04-21 15:47:34.894 [info] > git config --get commit.template [29ms]
2024-04-21 15:47:34.895 [info] > git for-each-ref --format=%(refname)%00%(upstream:short)%00%(objectname)%00%(upstream:track)%00%(upstream:remotename)%00%(upstream:remoteref) refs/heads/main refs/remotes/main [3ms]
2024-04-21 15:47:35.325 [info] > git status -z -uall [399ms]
2024-04-21 15:47:49.697 [info] > git config --get commit.template [3ms]
2024-04-21 15:47:49.746 [info] > git for-each-ref --format=%(refname)%00%(upstream:short)%00%(objectname)%00%(upstream:track)%00%(upstream:remotename)%00%(upstream:remoteref) refs/heads/main refs/remotes/main [3ms]
2024-04-21 15:47:50.205 [info] > git status -z -uall [423ms]
2024-04-21 15:48:07.136 [info] > git config --get commit.template [24ms]
2024-04-21 15:48:07.137 [info] > git for-each-ref --format=%(refname)%00%(upstream:short)%00%(objectname)%00%(upstream:track)%00%(upstream:remotename)%00%(upstream:remoteref) refs/heads/main refs/remotes/main [2ms]
2024-04-21 15:48:07.476 [info] > git status -z -uall [315ms]
2024-04-21 15:48:11.096 [info] > git show --textconv :ligue1-frontend/.env [48ms]
2024-04-21 15:48:11.103 [info] > git ls-files --stage -- /home/louis/ligue1-frontend/.env [11ms]
2024-04-21 15:48:11.139 [info] > git cat-file -s 8e70d2fe9e697512ddabc80640342c600fc1a560 [3ms]
2024-04-21 15:48:12.521 [info] > git config --get commit.template [5ms]
2024-04-21 15:48:12.551 [info] > git for-each-ref --format=%(refname)%00%(upstream:short)%00%(objectname)%00%(upstream:track)%00%(upstream:remotename)%00%(upstream:remoteref) refs/heads/main refs/remotes/main [3ms]
2024-04-21 15:48:12.926 [info] > git status -z -uall [351ms]
2024-04-21 15:48:18.006 [info] > git config --get commit.template [32ms]
2024-04-21 15:48:18.008 [info] > git for-each-ref --format=%(refname)%00%(upstream:short)%00%(objectname)%00%(upstream:track)%00%(upstream:remotename)%00%(upstream:remoteref) refs/heads/main refs/remotes/main [3ms]
2024-04-21 15:48:18.388 [info] > git status -z -uall [348ms]
2024-04-21 15:48:23.437 [info] > git config --get commit.template [2ms]
2024-04-21 15:48:23.480 [info] > git for-each-ref --format=%(refname)%00%(upstream:short)%00%(objectname)%00%(upstream:track)%00%(upstream:remotename)%00%(upstream:remoteref) refs/heads/main refs/remotes/main [4ms]
2024-04-21 15:48:23.878 [info] > git status -z -uall [367ms]
2024-04-21 15:48:28.997 [info] > git config --get commit.template [54ms]
2024-04-21 15:48:29.003 [info] > git for-each-ref --format=%(refname)%00%(upstream:short)%00%(objectname)%00%(upstream:track)%00%(upstream:remotename)%00%(upstream:remoteref) refs/heads/main refs/remotes/main [10ms]
2024-04-21 15:48:29.598 [info] > git status -z -uall [503ms]
2024-04-21 15:48:30.721 [info] > git check-ignore -v -z --stdin [66ms]
2024-04-21 15:48:33.943 [info] > git check-ignore -v -z --stdin [30ms]
2024-04-21 15:48:34.678 [info] > git config --get commit.template [36ms]
2024-04-21 15:48:34.684 [info] > git for-each-ref --format=%(refname)%00%(upstream:short)%00%(objectname)%00%(upstream:track)%00%(upstream:remotename)%00%(upstream:remoteref) refs/heads/main refs/remotes/main [5ms]
2024-04-21 15:48:35.160 [info] > git status -z -uall [434ms]
2024-04-21 15:48:40.446 [info] > git config --get commit.template [30ms]
2024-04-21 15:48:40.448 [info] > git for-each-ref --format=%(refname)%00%(upstream:short)%00%(objectname)%00%(upstream:track)%00%(upstream:remotename)%00%(upstream:remoteref) refs/heads/main refs/remotes/main [3ms]
2024-04-21 15:48:40.858 [info] > git status -z -uall [379ms]
2024-04-21 15:48:43.265 [info] > git check-ignore -v -z --stdin [30ms]
2024-04-21 15:48:43.943 [info] > git check-ignore -v -z --stdin [38ms]
2024-04-21 15:48:45.937 [info] > git config --get commit.template [33ms]
2024-04-21 15:48:45.939 [info] > git for-each-ref --format=%(refname)%00%(upstream:short)%00%(objectname)%00%(upstream:track)%00%(upstream:remotename)%00%(upstream:remoteref) refs/heads/main refs/remotes/main [2ms]
2024-04-21 15:48:46.341 [info] > git status -z -uall [368ms]
2024-04-21 15:48:54.407 [info] > git config --get commit.template [38ms]
2024-04-21 15:48:54.409 [info] > git for-each-ref --format=%(refname)%00%(upstream:short)%00%(objectname)%00%(upstream:track)%00%(upstream:remotename)%00%(upstream:remoteref) refs/heads/main refs/remotes/main [3ms]
2024-04-21 15:48:54.822 [info] > git status -z -uall [371ms]
2024-04-21 15:48:57.171 [info] > git check-ignore -v -z --stdin [22ms]
2024-04-21 15:48:59.540 [info] > git check-ignore -v -z --stdin [32ms]
2024-04-21 15:48:59.901 [info] > git config --get commit.template [35ms]
2024-04-21 15:48:59.904 [info] > git for-each-ref --format=%(refname)%00%(upstream:short)%00%(objectname)%00%(upstream:track)%00%(upstream:remotename)%00%(upstream:remoteref) refs/heads/main refs/remotes/main [3ms]
2024-04-21 15:49:00.313 [info] > git status -z -uall [374ms]
2024-04-21 15:49:05.630 [info] > git show --textconv :.vscode-server/data/User/History/-36bd5420/0VNI.js [164ms]
2024-04-21 15:49:05.631 [info] > git config --get commit.template [74ms]
2024-04-21 15:49:05.631 [info] > git ls-files --stage -- /home/louis/.vscode-server/data/User/History/-36bd5420/0VNI.js [112ms]
2024-04-21 15:49:05.668 [info] > git check-ignore -v -z --stdin [75ms]
2024-04-21 15:49:05.711 [info] > git cat-file -s 7526d36fa0e6f9657883733eb9722be2e8f3b763 [47ms]
2024-04-21 15:49:05.721 [info] > git for-each-ref --format=%(refname)%00%(upstream:short)%00%(objectname)%00%(upstream:track)%00%(upstream:remotename)%00%(upstream:remoteref) refs/heads/main refs/remotes/main [13ms]
2024-04-21 15:49:06.307 [info] > git status -z -uall [543ms]
2024-04-21 15:49:11.405 [info] > git config --get commit.template [35ms]
2024-04-21 15:49:11.406 [info] > git for-each-ref --format=%(refname)%00%(upstream:short)%00%(objectname)%00%(upstream:track)%00%(upstream:remotename)%00%(upstream:remoteref) refs/heads/main refs/remotes/main [3ms]
2024-04-21 15:49:11.797 [info] > git status -z -uall [361ms]
2024-04-21 15:49:16.875 [info] > git config --get commit.template [33ms]
2024-04-21 15:49:16.876 [info] > git for-each-ref --format=%(refname)%00%(upstream:short)%00%(objectname)%00%(upstream:track)%00%(upstream:remotename)%00%(upstream:remoteref) refs/heads/main refs/remotes/main [5ms]
2024-04-21 15:49:17.302 [info] > git status -z -uall [390ms]
2024-04-21 15:49:18.309 [info] > git show --textconv :.vscode-server/data/User/History/-36bd5420/0L4m.js [37ms]
2024-04-21 15:49:18.328 [info] > git ls-files --stage -- /home/louis/.vscode-server/data/User/History/-36bd5420/0L4m.js [26ms]
2024-04-21 15:49:18.412 [info] > git cat-file -s c9a0c4e7f4c6577e66a0964b4f9124b6dfba2fa4 [19ms]
2024-04-21 15:49:22.347 [info] > git config --get commit.template [3ms]
2024-04-21 15:49:22.387 [info] > git for-each-ref --format=%(refname)%00%(upstream:short)%00%(objectname)%00%(upstream:track)%00%(upstream:remotename)%00%(upstream:remoteref) refs/heads/main refs/remotes/main [4ms]
2024-04-21 15:49:22.862 [info] > git status -z -uall [443ms]
2024-04-21 15:49:23.023 [info] > git show --textconv :.vscode-server/data/User/History/-36bd5420/0XWK.js [82ms]
2024-04-21 15:49:23.023 [info] > git ls-files --stage -- /home/louis/.vscode-server/data/User/History/-36bd5420/0XWK.js [49ms]
2024-04-21 15:49:23.061 [info] > git cat-file -s d92c9d59886de0cf50f7fcadbc9f1f66d6d253f6 [7ms]
2024-04-21 15:49:26.426 [info] > git show --textconv :.vscode-server/data/User/History/-36bd5420/5Bi0.js [42ms]
2024-04-21 15:49:26.435 [info] > git ls-files --stage -- /home/louis/.vscode-server/data/User/History/-36bd5420/5Bi0.js [18ms]
2024-04-21 15:49:26.492 [info] > git cat-file -s 006f58a3e530332587581912d7a2bd5bfe714daf [7ms]
2024-04-21 15:49:27.952 [info] > git config --get commit.template [35ms]
2024-04-21 15:49:27.953 [info] > git for-each-ref --format=%(refname)%00%(upstream:short)%00%(objectname)%00%(upstream:track)%00%(upstream:remotename)%00%(upstream:remoteref) refs/heads/main refs/remotes/main [3ms]
2024-04-21 15:49:28.344 [info] > git status -z -uall [349ms]
2024-04-21 15:49:29.132 [info] > git show --textconv :.vscode-server/data/User/History/-36bd5420/6Iu5.js [67ms]
2024-04-21 15:49:29.153 [info] > git ls-files --stage -- /home/louis/.vscode-server/data/User/History/-36bd5420/6Iu5.js [39ms]
2024-04-21 15:49:29.239 [info] > git cat-file -s 5c90558605525fc3c877385a3b177b65e4bb44e3 [5ms]
2024-04-21 15:49:32.810 [info] > git show --textconv :.vscode-server/data/User/History/-36bd5420/8aqD.js [61ms]
2024-04-21 15:49:32.811 [info] > git ls-files --stage -- /home/louis/.vscode-server/data/User/History/-36bd5420/8aqD.js [25ms]
2024-04-21 15:49:32.864 [info] > git cat-file -s e28ffa12743bb96f727fcc6fbaf4acd14aa86b60 [19ms]
2024-04-21 15:49:33.458 [info] > git config --get commit.template [3ms]
2024-04-21 15:49:33.496 [info] > git for-each-ref --format=%(refname)%00%(upstream:short)%00%(objectname)%00%(upstream:track)%00%(upstream:remotename)%00%(upstream:remoteref) refs/heads/main refs/remotes/main [6ms]
2024-04-21 15:49:33.913 [info] > git status -z -uall [347ms]
2024-04-21 15:49:37.457 [info] > git show --textconv :.vscode-server/data/User/History/-36bd5420/Hguv.js [39ms]
2024-04-21 15:49:37.501 [info] > git ls-files --stage -- /home/louis/.vscode-server/data/User/History/-36bd5420/Hguv.js [47ms]
2024-04-21 15:49:37.554 [info] > git cat-file -s d184eb861aea6ecc75886106a786d71c7c9f13bc [4ms]
2024-04-21 15:49:39.002 [info] > git config --get commit.template [37ms]
2024-04-21 15:49:39.003 [info] > git for-each-ref --format=%(refname)%00%(upstream:short)%00%(objectname)%00%(upstream:track)%00%(upstream:remotename)%00%(upstream:remoteref) refs/heads/main refs/remotes/main [3ms]
2024-04-21 15:49:39.426 [info] > git status -z -uall [387ms]
2024-04-21 15:49:40.034 [info] > git check-ignore -v -z --stdin [22ms]
2024-04-21 15:49:41.529 [info] > git check-ignore -v -z --stdin [17ms]
2024-04-21 15:49:43.677 [info] > git show --textconv :api_louis/README.md [75ms]
2024-04-21 15:49:43.695 [info] > git ls-files --stage -- /home/louis/api_louis/README.md [22ms]
2024-04-21 15:49:43.749 [info] > git cat-file -s 03ecd9a73726811abb61ad48a55962fa3567806f [8ms]
2024-04-21 15:49:44.505 [info] > git config --get commit.template [36ms]
2024-04-21 15:49:44.506 [info] > git for-each-ref --format=%(refname)%00%(upstream:short)%00%(objectname)%00%(upstream:track)%00%(upstream:remotename)%00%(upstream:remoteref) refs/heads/main refs/remotes/main [3ms]
2024-04-21 15:49:44.895 [info] > git status -z -uall [354ms]
2024-04-21 15:49:49.970 [info] > git config --get commit.template [33ms]
2024-04-21 15:49:49.972 [info] > git for-each-ref --format=%(refname)%00%(upstream:short)%00%(objectname)%00%(upstream:track)%00%(upstream:remotename)%00%(upstream:remoteref) refs/heads/main refs/remotes/main [3ms]
2024-04-21 15:49:50.342 [info] > git status -z -uall [338ms]
2024-04-21 15:49:53.781 [info] > git show --textconv :api_louis/Api_Route_Insomina [45ms]
2024-04-21 15:49:53.790 [info] > git ls-files --stage -- /home/louis/api_louis/Api_Route_Insomina [12ms]
2024-04-21 15:49:53.825 [info] > git cat-file -s 558002d19903e66756e9969c399c6f99e9251685 [3ms]
2024-04-21 15:49:55.461 [info] > git show --textconv :.vscode-server/data/User/History/73bc3854/vusl.js [94ms]
2024-04-21 15:49:55.469 [info] > git ls-files --stage -- /home/louis/.vscode-server/data/User/History/73bc3854/vusl.js [57ms]
2024-04-21 15:49:55.504 [info] > git config --get commit.template [44ms]
2024-04-21 15:49:55.570 [info] > git for-each-ref --format=%(refname)%00%(upstream:short)%00%(objectname)%00%(upstream:track)%00%(upstream:remotename)%00%(upstream:remoteref) refs/heads/main refs/remotes/main [33ms]
2024-04-21 15:49:55.571 [info] > git cat-file -s e405ca6243b728fed07fd11c563d0b12114dd937 [70ms]
2024-04-21 15:49:55.634 [info] > git check-ignore -v -z --stdin [66ms]
2024-04-21 15:49:56.101 [info] > git status -z -uall [472ms]
2024-04-21 15:49:59.636 [info] > git show --textconv :.vscode-server/data/User/History/73bc3854/ZjtZ.js [44ms]
2024-04-21 15:49:59.646 [info] > git ls-files --stage -- /home/louis/.vscode-server/data/User/History/73bc3854/ZjtZ.js [22ms]
2024-04-21 15:49:59.688 [info] > git cat-file -s 17bba479f6c42bed10b9b56d31a7ace7989bee33 [12ms]
2024-04-21 15:50:01.200 [info] > git config --get commit.template [49ms]
2024-04-21 15:50:01.201 [info] > git for-each-ref --format=%(refname)%00%(upstream:short)%00%(objectname)%00%(upstream:track)%00%(upstream:remotename)%00%(upstream:remoteref) refs/heads/main refs/remotes/main [3ms]
2024-04-21 15:50:01.795 [info] > git status -z -uall [516ms]
2024-04-21 15:50:05.681 [info] > git show --textconv :.vscode-server/data/User/History/73bc3854/Drgw.js [54ms]
2024-04-21 15:50:05.693 [info] > git ls-files --stage -- /home/louis/.vscode-server/data/User/History/73bc3854/Drgw.js [25ms]
2024-04-21 15:50:05.746 [info] > git cat-file -s c7e1207a7d146da1c2bb9ee0e25b0ec18bfcdae3 [16ms]
2024-04-21 15:50:06.891 [info] > git config --get commit.template [46ms]
2024-04-21 15:50:06.893 [info] > git for-each-ref --format=%(refname)%00%(upstream:short)%00%(objectname)%00%(upstream:track)%00%(upstream:remotename)%00%(upstream:remoteref) refs/heads/main refs/remotes/main [4ms]
2024-04-21 15:50:07.322 [info] > git status -z -uall [369ms]
2024-04-21 15:50:09.058 [info] > git show --textconv :.vscode-server/data/User/History/4367ca00/Sv2H.js [56ms]
2024-04-21 15:50:09.061 [info] > git ls-files --stage -- /home/louis/.vscode-server/data/User/History/4367ca00/Sv2H.js [9ms]
2024-04-21 15:50:09.107 [info] > git cat-file -s 9618a33852a2a2abf5c1205441a601d70f94476a [5ms]
2024-04-21 15:50:09.248 [info] > git check-ignore -v -z --stdin [18ms]
2024-04-21 15:50:12.366 [info] > git config --get commit.template [2ms]
2024-04-21 15:50:12.404 [info] > git for-each-ref --format=%(refname)%00%(upstream:short)%00%(objectname)%00%(upstream:track)%00%(upstream:remotename)%00%(upstream:remoteref) refs/heads/main refs/remotes/main [4ms]
2024-04-21 15:50:12.841 [info] > git status -z -uall [400ms]
2024-04-21 15:50:17.887 [info] > git config --get commit.template [2ms]
2024-04-21 15:50:17.934 [info] > git for-each-ref --format=%(refname)%00%(upstream:short)%00%(objectname)%00%(upstream:track)%00%(upstream:remotename)%00%(upstream:remoteref) refs/heads/main refs/remotes/main [5ms]
2024-04-21 15:50:18.359 [info] > git status -z -uall [389ms]
2024-04-21 15:50:32.129 [info] > git config --get commit.template [39ms]
2024-04-21 15:50:32.131 [info] > git for-each-ref --format=%(refname)%00%(upstream:short)%00%(objectname)%00%(upstream:track)%00%(upstream:remotename)%00%(upstream:remoteref) refs/heads/main refs/remotes/main [2ms]
2024-04-21 15:50:32.565 [info] > git status -z -uall [398ms]
2024-04-21 15:50:37.026 [info] > git show --textconv :.env [40ms]
2024-04-21 15:50:37.036 [info] > git ls-files --stage -- /home/louis/.env [14ms]
2024-04-21 15:50:37.073 [info] > git cat-file -s 541f6004bcd1d8f5fa2eb44d9c1f74c7674d018d [2ms]
2024-04-21 15:50:37.616 [info] > git config --get commit.template [3ms]
2024-04-21 15:50:37.658 [info] > git for-each-ref --format=%(refname)%00%(upstream:short)%00%(objectname)%00%(upstream:track)%00%(upstream:remotename)%00%(upstream:remoteref) refs/heads/main refs/remotes/main [3ms]
2024-04-21 15:50:38.085 [info] > git status -z -uall [381ms]
2024-04-21 15:50:39.339 [info] > git show --textconv :traefik_data/configurations/tls.toml [68ms]
2024-04-21 15:50:39.349 [info] > git ls-files --stage -- /home/louis/traefik_data/configurations/tls.toml [13ms]
2024-04-21 15:50:43.182 [info] > git config --get commit.template [42ms]
2024-04-21 15:50:43.184 [info] > git for-each-ref --format=%(refname)%00%(upstream:short)%00%(objectname)%00%(upstream:track)%00%(upstream:remotename)%00%(upstream:remoteref) refs/heads/main refs/remotes/main [3ms]
2024-04-21 15:50:43.651 [info] > git status -z -uall [427ms]
2024-04-21 15:50:47.689 [info] > git show --textconv :ligue1-frontend/.gitignore [38ms]
2024-04-21 15:50:47.699 [info] > git ls-files --stage -- /home/louis/ligue1-frontend/.gitignore [12ms]
2024-04-21 15:50:47.733 [info] > git cat-file -s 495f75fc4a7cd3c23f550983481330e405ecebe1 [2ms]
2024-04-21 15:50:48.024 [info] > git show --textconv :ligue1-frontend/.env [36ms]
2024-04-21 15:50:48.034 [info] > git ls-files --stage -- /home/louis/ligue1-frontend/.env [11ms]
2024-04-21 15:50:48.068 [info] > git cat-file -s 8e70d2fe9e697512ddabc80640342c600fc1a560 [3ms]
2024-04-21 15:50:48.705 [info] > git config --get commit.template [3ms]
2024-04-21 15:50:48.753 [info] > git for-each-ref --format=%(refname)%00%(upstream:short)%00%(objectname)%00%(upstream:track)%00%(upstream:remotename)%00%(upstream:remoteref) refs/heads/main refs/remotes/main [7ms]
2024-04-21 15:50:49.198 [info] > git status -z -uall [400ms]
2024-04-21 15:50:51.708 [info] > git show --textconv :.env [56ms]
2024-04-21 15:50:51.726 [info] > git ls-files --stage -- /home/louis/.env [20ms]
2024-04-21 15:50:51.775 [info] > git cat-file -s 541f6004bcd1d8f5fa2eb44d9c1f74c7674d018d [4ms]
2024-04-21 15:50:57.003 [info] > git config --get commit.template [13ms]
2024-04-21 15:50:57.060 [info] > git for-each-ref --format=%(refname)%00%(upstream:short)%00%(objectname)%00%(upstream:track)%00%(upstream:remotename)%00%(upstream:remoteref) refs/heads/main refs/remotes/main [8ms]
2024-04-21 15:50:58.340 [info] > git status -z -uall [1227ms]
2024-04-21 15:51:06.307 [info] > git config --get commit.template [55ms]
2024-04-21 15:51:06.309 [info] > git for-each-ref --format=%(refname)%00%(upstream:short)%00%(objectname)%00%(upstream:track)%00%(upstream:remotename)%00%(upstream:remoteref) refs/heads/main refs/remotes/main [3ms]
2024-04-21 15:51:06.756 [info] > git status -z -uall [393ms]
2024-04-21 15:51:11.857 [info] > git config --get commit.template [41ms]
2024-04-21 15:51:11.858 [info] > git for-each-ref --format=%(refname)%00%(upstream:short)%00%(objectname)%00%(upstream:track)%00%(upstream:remotename)%00%(upstream:remoteref) refs/heads/main refs/remotes/main [3ms]
2024-04-21 15:51:12.307 [info] > git status -z -uall [405ms]
2024-04-21 15:51:17.427 [info] > git config --get commit.template [51ms]
2024-04-21 15:51:17.429 [info] > git for-each-ref --format=%(refname)%00%(upstream:short)%00%(objectname)%00%(upstream:track)%00%(upstream:remotename)%00%(upstream:remoteref) refs/heads/main refs/remotes/main [4ms]
2024-04-21 15:51:17.817 [info] > git status -z -uall [339ms]
2024-04-21 15:51:22.917 [info] > git config --get commit.template [45ms]
2024-04-21 15:51:22.920 [info] > git for-each-ref --format=%(refname)%00%(upstream:short)%00%(objectname)%00%(upstream:track)%00%(upstream:remotename)%00%(upstream:remoteref) refs/heads/main refs/remotes/main [3ms]
2024-04-21 15:51:23.414 [info] > git status -z -uall [449ms]
2024-04-21 15:51:23.415 [info] > git show --textconv :.env [54ms]
2024-04-21 15:51:23.427 [info] > git ls-files --stage -- /home/louis/.env [16ms]
2024-04-21 15:51:23.473 [info] > git cat-file -s 541f6004bcd1d8f5fa2eb44d9c1f74c7674d018d [5ms]
2024-04-21 15:51:28.528 [info] > git config --get commit.template [56ms]
2024-04-21 15:51:28.543 [info] > git for-each-ref --format=%(refname)%00%(upstream:short)%00%(objectname)%00%(upstream:track)%00%(upstream:remotename)%00%(upstream:remoteref) refs/heads/main refs/remotes/main [16ms]
2024-04-21 15:51:28.971 [info] > git status -z -uall [381ms]
2024-04-21 15:51:34.083 [info] > git config --get commit.template [50ms]
2024-04-21 15:51:34.085 [info] > git for-each-ref --format=%(refname)%00%(upstream:short)%00%(objectname)%00%(upstream:track)%00%(upstream:remotename)%00%(upstream:remoteref) refs/heads/main refs/remotes/main [3ms]
2024-04-21 15:51:34.550 [info] > git status -z -uall [413ms]
2024-04-21 15:51:41.322 [info] > git config --get commit.template [55ms]
2024-04-21 15:51:41.324 [info] > git for-each-ref --format=%(refname)%00%(upstream:short)%00%(objectname)%00%(upstream:track)%00%(upstream:remotename)%00%(upstream:remoteref) refs/heads/main refs/remotes/main [4ms]
2024-04-21 15:51:41.774 [info] > git status -z -uall [393ms]
2024-04-21 15:52:22.531 [info] > git config --get commit.template [2ms]
2024-04-21 15:52:22.581 [info] > git for-each-ref --format=%(refname)%00%(upstream:short)%00%(objectname)%00%(upstream:track)%00%(upstream:remotename)%00%(upstream:remoteref) refs/heads/main refs/remotes/main [4ms]
2024-04-21 15:52:22.985 [info] > git status -z -uall [366ms]
2024-04-21 15:52:28.081 [info] > git config --get commit.template [43ms]
2024-04-21 15:52:28.082 [info] > git for-each-ref --format=%(refname)%00%(upstream:short)%00%(objectname)%00%(upstream:track)%00%(upstream:remotename)%00%(upstream:remoteref) refs/heads/main refs/remotes/main [3ms]
2024-04-21 15:52:28.450 [info] > git status -z -uall [327ms]
2024-04-21 15:52:33.513 [info] > git config --get commit.template [3ms]
2024-04-21 15:52:33.559 [info] > git for-each-ref --format=%(refname)%00%(upstream:short)%00%(objectname)%00%(upstream:track)%00%(upstream:remotename)%00%(upstream:remoteref) refs/heads/main refs/remotes/main [5ms]
2024-04-21 15:52:34.013 [info] > git status -z -uall [411ms]
2024-04-21 15:52:34.661 [info] > git check-ignore -v -z --stdin [32ms]
2024-04-21 15:52:39.116 [info] > git config --get commit.template [47ms]
2024-04-21 15:52:39.117 [info] > git for-each-ref --format=%(refname)%00%(upstream:short)%00%(objectname)%00%(upstream:track)%00%(upstream:remotename)%00%(upstream:remoteref) refs/heads/main refs/remotes/main [3ms]
2024-04-21 15:52:39.533 [info] > git status -z -uall [372ms]
2024-04-21 15:52:44.616 [info] > git config --get commit.template [37ms]
2024-04-21 15:52:44.617 [info] > git for-each-ref --format=%(refname)%00%(upstream:short)%00%(objectname)%00%(upstream:track)%00%(upstream:remotename)%00%(upstream:remoteref) refs/heads/main refs/remotes/main [3ms]
2024-04-21 15:52:45.023 [info] > git status -z -uall [369ms]
2024-04-21 15:52:49.400 [info] > git check-ignore -v -z --stdin [16ms]
2024-04-21 15:52:50.118 [info] > git config --get commit.template [46ms]
2024-04-21 15:52:50.120 [info] > git for-each-ref --format=%(refname)%00%(upstream:short)%00%(objectname)%00%(upstream:track)%00%(upstream:remotename)%00%(upstream:remoteref) refs/heads/main refs/remotes/main [3ms]
2024-04-21 15:52:50.501 [info] > git status -z -uall [339ms]
2024-04-21 15:52:54.221 [info] > git show --textconv :ligue1-frontend/src/api/RegisterPageApi.js [63ms]
2024-04-21 15:52:54.232 [info] > git ls-files --stage -- /home/louis/ligue1-frontend/src/api/RegisterPageApi.js [20ms]
2024-04-21 15:52:54.342 [info] > git cat-file -s df7327c53268e2d87c38c26c389351dd7dbfc130 [12ms]
2024-04-21 15:52:55.611 [info] > git config --get commit.template [47ms]
2024-04-21 15:52:55.612 [info] > git for-each-ref --format=%(refname)%00%(upstream:short)%00%(objectname)%00%(upstream:track)%00%(upstream:remotename)%00%(upstream:remoteref) refs/heads/main refs/remotes/main [3ms]
2024-04-21 15:52:56.002 [info] > git status -z -uall [346ms]
2024-04-21 15:53:01.128 [info] > git config --get commit.template [55ms]
2024-04-21 15:53:01.134 [info] > git for-each-ref --format=%(refname)%00%(upstream:short)%00%(objectname)%00%(upstream:track)%00%(upstream:remotename)%00%(upstream:remoteref) refs/heads/main refs/remotes/main [8ms]
2024-04-21 15:53:01.588 [info] > git status -z -uall [406ms]
2024-04-21 15:53:03.904 [info] > git show --textconv :api_louis/Api_Route_Insomina [63ms]
2024-04-21 15:53:03.939 [info] > git ls-files --stage -- /home/louis/api_louis/Api_Route_Insomina [41ms]
2024-04-21 15:53:03.999 [info] > git cat-file -s 558002d19903e66756e9969c399c6f99e9251685 [3ms]
2024-04-21 15:53:06.684 [info] > git config --get commit.template [45ms]
2024-04-21 15:53:06.686 [info] > git for-each-ref --format=%(refname)%00%(upstream:short)%00%(objectname)%00%(upstream:track)%00%(upstream:remotename)%00%(upstream:remoteref) refs/heads/main refs/remotes/main [4ms]
2024-04-21 15:53:07.133 [info] > git status -z -uall [397ms]
2024-04-21 15:53:07.619 [info] > git show --textconv :ligue1-frontend/src/api/RegisterPageApi.js [51ms]
2024-04-21 15:53:07.632 [info] > git ls-files --stage -- /home/louis/ligue1-frontend/src/api/RegisterPageApi.js [16ms]
2024-04-21 15:53:07.704 [info] > git cat-file -s df7327c53268e2d87c38c26c389351dd7dbfc130 [5ms]
2024-04-21 15:53:12.203 [info] > git config --get commit.template [7ms]
2024-04-21 15:53:12.255 [info] > git for-each-ref --format=%(refname)%00%(upstream:short)%00%(objectname)%00%(upstream:track)%00%(upstream:remotename)%00%(upstream:remoteref) refs/heads/main refs/remotes/main [5ms]
2024-04-21 15:53:12.704 [info] > git status -z -uall [403ms]
2024-04-21 15:53:22.918 [info] > git show --textconv :ligue1-frontend/src/api/LoginPageApi.js [49ms]
2024-04-21 15:53:22.935 [info] > git ls-files --stage -- /home/louis/ligue1-frontend/src/api/LoginPageApi.js [20ms]
2024-04-21 15:53:23.011 [info] > git cat-file -s d1d5e900b9e274d9c6d2523de2a7b4bfe2c0eb86 [4ms]
2024-04-21 15:53:23.138 [info] > git config --get commit.template [70ms]
2024-04-21 15:53:23.155 [info] > git for-each-ref --format=%(refname)%00%(upstream:short)%00%(objectname)%00%(upstream:track)%00%(upstream:remotename)%00%(upstream:remoteref) refs/heads/main refs/remotes/main [17ms]
2024-04-21 15:53:23.608 [info] > git status -z -uall [399ms]
2024-04-21 15:53:28.698 [info] > git config --get commit.template [39ms]
2024-04-21 15:53:28.699 [info] > git for-each-ref --format=%(refname)%00%(upstream:short)%00%(objectname)%00%(upstream:track)%00%(upstream:remotename)%00%(upstream:remoteref) refs/heads/main refs/remotes/main [3ms]
2024-04-21 15:53:29.091 [info] > git status -z -uall [351ms]
2024-04-21 15:53:34.208 [info] > git config --get commit.template [56ms]
2024-04-21 15:53:34.215 [info] > git for-each-ref --format=%(refname)%00%(upstream:short)%00%(objectname)%00%(upstream:track)%00%(upstream:remotename)%00%(upstream:remoteref) refs/heads/main refs/remotes/main [8ms]
2024-04-21 15:53:34.665 [info] > git status -z -uall [405ms]
2024-04-21 15:53:43.083 [info] > git config --get commit.template [3ms]
2024-04-21 15:53:43.132 [info] > git for-each-ref --format=%(refname)%00%(upstream:short)%00%(objectname)%00%(upstream:track)%00%(upstream:remotename)%00%(upstream:remoteref) refs/heads/main refs/remotes/main [3ms]
2024-04-21 15:53:43.524 [info] > git status -z -uall [351ms]
2024-04-21 15:53:48.612 [info] > git config --get commit.template [40ms]
2024-04-21 15:53:48.613 [info] > git for-each-ref --format=%(refname)%00%(upstream:short)%00%(objectname)%00%(upstream:track)%00%(upstream:remotename)%00%(upstream:remoteref) refs/heads/main refs/remotes/main [3ms]
2024-04-21 15:53:49.035 [info] > git status -z -uall [377ms]
2024-04-21 15:53:54.130 [info] > git config --get commit.template [41ms]
2024-04-21 15:53:54.132 [info] > git for-each-ref --format=%(refname)%00%(upstream:short)%00%(objectname)%00%(upstream:track)%00%(upstream:remotename)%00%(upstream:remoteref) refs/heads/main refs/remotes/main [3ms]
2024-04-21 15:53:54.554 [info] > git status -z -uall [378ms]
2024-04-21 15:53:59.664 [info] > git config --get commit.template [52ms]
2024-04-21 15:53:59.666 [info] > git for-each-ref --format=%(refname)%00%(upstream:short)%00%(objectname)%00%(upstream:track)%00%(upstream:remotename)%00%(upstream:remoteref) refs/heads/main refs/remotes/main [4ms]
2024-04-21 15:54:00.083 [info] > git status -z -uall [375ms]
2024-04-21 15:54:01.863 [info] > git check-ignore -v -z --stdin [15ms]
2024-04-21 15:54:03.056 [info] > git check-ignore -v -z --stdin [41ms]
2024-04-21 15:54:05.194 [info] > git config --get commit.template [51ms]
2024-04-21 15:54:05.194 [info] > git for-each-ref --format=%(refname)%00%(upstream:short)%00%(objectname)%00%(upstream:track)%00%(upstream:remotename)%00%(upstream:remoteref) refs/heads/main refs/remotes/main [2ms]
2024-04-21 15:54:05.589 [info] > git status -z -uall [354ms]
2024-04-21 15:54:10.664 [info] > git config --get commit.template [1ms]
2024-04-21 15:54:10.719 [info] > git for-each-ref --format=%(refname)%00%(upstream:short)%00%(objectname)%00%(upstream:track)%00%(upstream:remotename)%00%(upstream:remoteref) refs/heads/main refs/remotes/main [4ms]
2024-04-21 15:54:11.191 [info] > git status -z -uall [423ms]
2024-04-21 15:54:16.282 [info] > git config --get commit.template [37ms]
2024-04-21 15:54:16.283 [info] > git for-each-ref --format=%(refname)%00%(upstream:short)%00%(objectname)%00%(upstream:track)%00%(upstream:remotename)%00%(upstream:remoteref) refs/heads/main refs/remotes/main [3ms]
2024-04-21 15:54:16.684 [info] > git status -z -uall [365ms]
2024-04-21 15:54:21.741 [info] > git config --get commit.template [1ms]
2024-04-21 15:54:21.792 [info] > git for-each-ref --format=%(refname)%00%(upstream:short)%00%(objectname)%00%(upstream:track)%00%(upstream:remotename)%00%(upstream:remoteref) refs/heads/main refs/remotes/main [4ms]
2024-04-21 15:54:22.228 [info] > git status -z -uall [394ms]
2024-04-21 15:54:27.339 [info] > git config --get commit.template [51ms]
2024-04-21 15:54:27.340 [info] > git for-each-ref --format=%(refname)%00%(upstream:short)%00%(objectname)%00%(upstream:track)%00%(upstream:remotename)%00%(upstream:remoteref) refs/heads/main refs/remotes/main [3ms]
2024-04-21 15:54:27.746 [info] > git status -z -uall [356ms]
2024-04-21 15:54:32.848 [info] > git config --get commit.template [48ms]
2024-04-21 15:54:32.850 [info] > git for-each-ref --format=%(refname)%00%(upstream:short)%00%(objectname)%00%(upstream:track)%00%(upstream:remotename)%00%(upstream:remoteref) refs/heads/main refs/remotes/main [4ms]
2024-04-21 15:54:33.248 [info] > git status -z -uall [356ms]
2024-04-21 15:54:38.332 [info] > git config --get commit.template [38ms]
2024-04-21 15:54:38.333 [info] > git for-each-ref --format=%(refname)%00%(upstream:short)%00%(objectname)%00%(upstream:track)%00%(upstream:remotename)%00%(upstream:remoteref) refs/heads/main refs/remotes/main [3ms]
2024-04-21 15:54:38.713 [info] > git status -z -uall [340ms]
2024-04-21 15:54:43.847 [info] > git for-each-ref --format=%(refname)%00%(upstream:short)%00%(objectname)%00%(upstream:track)%00%(upstream:remotename)%00%(upstream:remoteref) refs/heads/main refs/remotes/main [1ms]
2024-04-21 15:54:43.848 [info] > git config --get commit.template [72ms]
2024-04-21 15:54:44.296 [info] > git status -z -uall [379ms]
2024-04-21 15:54:49.394 [info] > git config --get commit.template [43ms]
2024-04-21 15:54:49.396 [info] > git for-each-ref --format=%(refname)%00%(upstream:short)%00%(objectname)%00%(upstream:track)%00%(upstream:remotename)%00%(upstream:remoteref) refs/heads/main refs/remotes/main [3ms]
2024-04-21 15:54:49.774 [info] > git status -z -uall [336ms]
2024-04-21 15:54:54.871 [info] > git config --get commit.template [1ms]
2024-04-21 15:54:54.930 [info] > git for-each-ref --format=%(refname)%00%(upstream:short)%00%(objectname)%00%(upstream:track)%00%(upstream:remotename)%00%(upstream:remoteref) refs/heads/main refs/remotes/main [4ms]
2024-04-21 15:54:55.432 [info] > git status -z -uall [364ms]
2024-04-21 15:55:29.161 [info] > git config --get commit.template [46ms]
2024-04-21 15:55:29.163 [info] > git for-each-ref --format=%(refname)%00%(upstream:short)%00%(objectname)%00%(upstream:track)%00%(upstream:remotename)%00%(upstream:remoteref) refs/heads/main refs/remotes/main [4ms]
2024-04-21 15:55:29.541 [info] > git status -z -uall [339ms]
2024-04-21 15:56:49.800 [info] > git config --get commit.template [43ms]
2024-04-21 15:56:49.801 [info] > git for-each-ref --format=%(refname)%00%(upstream:short)%00%(objectname)%00%(upstream:track)%00%(upstream:remotename)%00%(upstream:remoteref) refs/heads/main refs/remotes/main [3ms]
2024-04-21 15:56:50.176 [info] > git status -z -uall [334ms]
2024-04-21 15:56:55.267 [info] > git config --get commit.template [40ms]
2024-04-21 15:56:55.268 [info] > git for-each-ref --format=%(refname)%00%(upstream:short)%00%(objectname)%00%(upstream:track)%00%(upstream:remotename)%00%(upstream:remoteref) refs/heads/main refs/remotes/main [3ms]
2024-04-21 15:56:55.612 [info] > git status -z -uall [308ms]
2024-04-21 15:57:00.700 [info] > git config --get commit.template [38ms]
2024-04-21 15:57:00.702 [info] > git for-each-ref --format=%(refname)%00%(upstream:short)%00%(objectname)%00%(upstream:track)%00%(upstream:remotename)%00%(upstream:remoteref) refs/heads/main refs/remotes/main [4ms]
2024-04-21 15:57:01.085 [info] > git status -z -uall [345ms]
2024-04-21 15:57:03.639 [info] > git show --textconv :.vscode-server/data/User/History/-36bd5420/0L4m.js [94ms]
2024-04-21 15:57:03.673 [info] > git ls-files --stage -- /home/louis/.vscode-server/data/User/History/-36bd5420/0L4m.js [64ms]
2024-04-21 15:57:03.724 [info] > git cat-file -s c9a0c4e7f4c6577e66a0964b4f9124b6dfba2fa4 [4ms]
2024-04-21 15:57:55.372 [info] > git config --get commit.template [3ms]
2024-04-21 15:57:55.416 [info] > git for-each-ref --format=%(refname)%00%(upstream:short)%00%(objectname)%00%(upstream:track)%00%(upstream:remotename)%00%(upstream:remoteref) refs/heads/main refs/remotes/main [4ms]
2024-04-21 15:57:55.829 [info] > git status -z -uall [364ms]
2024-04-21 15:58:00.950 [info] > git config --get commit.template [58ms]
2024-04-21 15:58:00.952 [info] > git for-each-ref --format=%(refname)%00%(upstream:short)%00%(objectname)%00%(upstream:track)%00%(upstream:remotename)%00%(upstream:remoteref) refs/heads/main refs/remotes/main [5ms]
2024-04-21 15:58:01.438 [info] > git status -z -uall [434ms]
2024-04-21 15:58:07.257 [info] > git config --get commit.template [51ms]
2024-04-21 15:58:07.259 [info] > git for-each-ref --format=%(refname)%00%(upstream:short)%00%(objectname)%00%(upstream:track)%00%(upstream:remotename)%00%(upstream:remoteref) refs/heads/main refs/remotes/main [4ms]
2024-04-21 15:58:07.685 [info] > git status -z -uall [377ms]
2024-04-21 15:58:19.290 [info] > git config --get commit.template [52ms]
2024-04-21 15:58:19.291 [info] > git for-each-ref --format=%(refname)%00%(upstream:short)%00%(objectname)%00%(upstream:track)%00%(upstream:remotename)%00%(upstream:remoteref) refs/heads/main refs/remotes/main [4ms]
2024-04-21 15:58:19.767 [info] > git status -z -uall [422ms]
2024-04-21 16:00:10.794 [info] > git config --get commit.template [66ms]
2024-04-21 16:00:10.810 [info] > git for-each-ref --format=%(refname)%00%(upstream:short)%00%(objectname)%00%(upstream:track)%00%(upstream:remotename)%00%(upstream:remoteref) refs/heads/main refs/remotes/main [18ms]
2024-04-21 16:00:11.447 [info] > git status -z -uall [552ms]
2024-04-21 16:00:15.154 [info] > git check-ignore -v -z --stdin [78ms]
2024-04-21 16:00:16.535 [info] > git config --get commit.template [15ms]
2024-04-21 16:00:16.600 [info] > git for-each-ref --format=%(refname)%00%(upstream:short)%00%(objectname)%00%(upstream:track)%00%(upstream:remotename)%00%(upstream:remoteref) refs/heads/main refs/remotes/main [3ms]
2024-04-21 16:00:17.106 [info] > git status -z -uall [447ms]
2024-04-21 16:00:22.242 [info] > git config --get commit.template [57ms]
2024-04-21 16:00:22.298 [info] > git check-ignore -v -z --stdin [58ms]
2024-04-21 16:00:22.303 [info] > git for-each-ref --format=%(refname)%00%(upstream:short)%00%(objectname)%00%(upstream:track)%00%(upstream:remotename)%00%(upstream:remoteref) refs/heads/main refs/remotes/main [7ms]
2024-04-21 16:00:22.791 [info] > git status -z -uall [425ms]
2024-04-21 16:00:27.914 [info] > git config --get commit.template [57ms]
2024-04-21 16:00:27.916 [info] > git for-each-ref --format=%(refname)%00%(upstream:short)%00%(objectname)%00%(upstream:track)%00%(upstream:remotename)%00%(upstream:remoteref) refs/heads/main refs/remotes/main [4ms]
2024-04-21 16:00:28.376 [info] > git status -z -uall [404ms]
2024-04-21 16:00:33.496 [info] > git config --get commit.template [54ms]
2024-04-21 16:00:33.498 [info] > git for-each-ref --format=%(refname)%00%(upstream:short)%00%(objectname)%00%(upstream:track)%00%(upstream:remotename)%00%(upstream:remoteref) refs/heads/main refs/remotes/main [4ms]
2024-04-21 16:00:34.014 [info] > git status -z -uall [462ms]
2024-04-21 16:00:39.162 [info] > git for-each-ref --format=%(refname)%00%(upstream:short)%00%(objectname)%00%(upstream:track)%00%(upstream:remotename)%00%(upstream:remoteref) refs/heads/main refs/remotes/main [2ms]
2024-04-21 16:00:39.163 [info] > git config --get commit.template [84ms]
2024-04-21 16:00:39.646 [info] > git status -z -uall [428ms]
2024-04-21 16:00:44.753 [info] > git config --get commit.template [51ms]
2024-04-21 16:00:44.754 [info] > git for-each-ref --format=%(refname)%00%(upstream:short)%00%(objectname)%00%(upstream:track)%00%(upstream:remotename)%00%(upstream:remoteref) refs/heads/main refs/remotes/main [4ms]
2024-04-21 16:00:45.210 [info] > git status -z -uall [407ms]
2024-04-21 16:00:50.349 [info] > git config --get commit.template [55ms]
2024-04-21 16:00:50.350 [info] > git for-each-ref --format=%(refname)%00%(upstream:short)%00%(objectname)%00%(upstream:track)%00%(upstream:remotename)%00%(upstream:remoteref) refs/heads/main refs/remotes/main [4ms]
2024-04-21 16:00:50.824 [info] > git status -z -uall [422ms]
2024-04-21 16:00:55.946 [info] > git config --get commit.template [53ms]
2024-04-21 16:00:55.953 [info] > git for-each-ref --format=%(refname)%00%(upstream:short)%00%(objectname)%00%(upstream:track)%00%(upstream:remotename)%00%(upstream:remoteref) refs/heads/main refs/remotes/main [7ms]
2024-04-21 16:00:56.369 [info] > git status -z -uall [367ms]
2024-04-21 16:01:01.519 [info] > git config --get commit.template [65ms]
2024-04-21 16:01:01.520 [info] > git for-each-ref --format=%(refname)%00%(upstream:short)%00%(objectname)%00%(upstream:track)%00%(upstream:remotename)%00%(upstream:remoteref) refs/heads/main refs/remotes/main [4ms]
2024-04-21 16:01:02.045 [info] > git status -z -uall [440ms]
2024-04-21 16:01:05.362 [info] > git show --textconv :.vscode-server/data/User/History/73bc3854/8mda.js [73ms]
2024-04-21 16:01:05.370 [info] > git ls-files --stage -- /home/louis/.vscode-server/data/User/History/73bc3854/8mda.js [27ms]
2024-04-21 16:01:05.449 [info] > git cat-file -s 4c0b53ebf68f34ee41a19d48000495ff962c1964 [10ms]
2024-04-21 16:01:07.115 [info] > git check-ignore -v -z --stdin [83ms]
2024-04-21 16:01:07.117 [info] > git config --get commit.template [4ms]
2024-04-21 16:01:07.169 [info] > git for-each-ref --format=%(refname)%00%(upstream:short)%00%(objectname)%00%(upstream:track)%00%(upstream:remotename)%00%(upstream:remoteref) refs/heads/main refs/remotes/main [4ms]
2024-04-21 16:01:07.628 [info] > git status -z -uall [412ms]
2024-04-21 16:01:08.531 [info] > git check-ignore -v -z --stdin [28ms]
2024-04-21 16:01:12.788 [info] > git config --get commit.template [84ms]
2024-04-21 16:01:12.790 [info] > git for-each-ref --format=%(refname)%00%(upstream:short)%00%(objectname)%00%(upstream:track)%00%(upstream:remotename)%00%(upstream:remoteref) refs/heads/main refs/remotes/main [5ms]
2024-04-21 16:01:13.300 [info] > git status -z -uall [456ms]
2024-04-21 16:01:18.415 [info] > git config --get commit.template [51ms]
2024-04-21 16:01:18.417 [info] > git for-each-ref --format=%(refname)%00%(upstream:short)%00%(objectname)%00%(upstream:track)%00%(upstream:remotename)%00%(upstream:remoteref) refs/heads/main refs/remotes/main [3ms]
2024-04-21 16:01:18.868 [info] > git status -z -uall [406ms]
2024-04-21 16:01:23.931 [info] > git config --get commit.template [2ms]
2024-04-21 16:01:23.976 [info] > git for-each-ref --format=%(refname)%00%(upstream:short)%00%(objectname)%00%(upstream:track)%00%(upstream:remotename)%00%(upstream:remoteref) refs/heads/main refs/remotes/main [4ms]
2024-04-21 16:01:24.392 [info] > git status -z -uall [375ms]
2024-04-21 16:01:29.505 [info] > git config --get commit.template [50ms]
2024-04-21 16:01:29.506 [info] > git for-each-ref --format=%(refname)%00%(upstream:short)%00%(objectname)%00%(upstream:track)%00%(upstream:remotename)%00%(upstream:remoteref) refs/heads/main refs/remotes/main [3ms]
2024-04-21 16:01:29.893 [info] > git status -z -uall [344ms]
2024-04-21 16:01:50.575 [info] > git config --get commit.template [191ms]
2024-04-21 16:01:50.592 [info] > git for-each-ref --format=%(refname)%00%(upstream:short)%00%(objectname)%00%(upstream:track)%00%(upstream:remotename)%00%(upstream:remoteref) refs/heads/main refs/remotes/main [18ms]
2024-04-21 16:01:52.946 [info] > git status -z -uall [2243ms]
2024-04-21 16:02:56.636 [info] > git config --get commit.template [50ms]
2024-04-21 16:02:56.638 [info] > git for-each-ref --format=%(refname)%00%(upstream:short)%00%(objectname)%00%(upstream:track)%00%(upstream:remotename)%00%(upstream:remoteref) refs/heads/main refs/remotes/main [4ms]
2024-04-21 16:02:57.097 [info] > git status -z -uall [405ms]
2024-04-21 16:03:02.244 [info] > git config --get commit.template [71ms]
2024-04-21 16:03:02.246 [info] > git for-each-ref --format=%(refname)%00%(upstream:short)%00%(objectname)%00%(upstream:track)%00%(upstream:remotename)%00%(upstream:remoteref) refs/heads/main refs/remotes/main [4ms]
2024-04-21 16:03:02.708 [info] > git status -z -uall [404ms]
2024-04-21 16:03:07.831 [info] > git config --get commit.template [57ms]
2024-04-21 16:03:07.833 [info] > git for-each-ref --format=%(refname)%00%(upstream:short)%00%(objectname)%00%(upstream:track)%00%(upstream:remotename)%00%(upstream:remoteref) refs/heads/main refs/remotes/main [4ms]
2024-04-21 16:03:08.253 [info] > git status -z -uall [375ms]
2024-04-21 16:03:13.357 [info] > git config --get commit.template [50ms]
2024-04-21 16:03:13.358 [info] > git for-each-ref --format=%(refname)%00%(upstream:short)%00%(objectname)%00%(upstream:track)%00%(upstream:remotename)%00%(upstream:remoteref) refs/heads/main refs/remotes/main [4ms]
2024-04-21 16:03:13.799 [info] > git status -z -uall [390ms]
2024-04-21 16:03:18.909 [info] > git config --get commit.template [53ms]
2024-04-21 16:03:18.914 [info] > git for-each-ref --format=%(refname)%00%(upstream:short)%00%(objectname)%00%(upstream:track)%00%(upstream:remotename)%00%(upstream:remoteref) refs/heads/main refs/remotes/main [6ms]
2024-04-21 16:03:19.354 [info] > git status -z -uall [379ms]
2024-04-21 16:03:40.989 [info] > git show --textconv :.env [53ms]
2024-04-21 16:03:41.002 [info] > git ls-files --stage -- /home/louis/.env [15ms]
2024-04-21 16:03:41.056 [info] > git cat-file -s 541f6004bcd1d8f5fa2eb44d9c1f74c7674d018d [7ms]
