2024-04-23 15:14:59.902 [info] Log level: Info
2024-04-23 15:14:59.902 [info] Validating found git in: "git"
2024-04-23 15:14:59.902 [info] Using git "2.39.2" from "git"
2024-04-23 15:14:59.903 [info] > git rev-parse --show-toplevel [1523ms]
2024-04-23 15:14:59.904 [info] > git rev-parse --git-dir --git-common-dir [7ms]
2024-04-23 15:14:59.904 [info] Open repository: /home/louis
2024-04-23 15:15:00.038 [info] > git rev-parse --show-toplevel [45ms]
2024-04-23 15:15:00.055 [info] > git config --get commit.template [75ms]
2024-04-23 15:15:00.140 [info] > git rev-parse --show-toplevel [61ms]
2024-04-23 15:15:00.212 [info] > git for-each-ref --format=%(refname)%00%(upstream:short)%00%(objectname)%00%(upstream:track)%00%(upstream:remotename)%00%(upstream:remoteref) refs/heads/main refs/remotes/main [78ms]
2024-04-23 15:15:00.226 [info] > git rev-parse --show-toplevel [14ms]
2024-04-23 15:15:00.462 [info] > git rev-parse --show-toplevel [110ms]
2024-04-23 15:15:00.613 [info] > git rev-parse --show-toplevel [77ms]
2024-04-23 15:15:03.974 [info] > git status -z -uall [3652ms]
2024-04-23 15:15:03.984 [info] > git check-ignore -v -z --stdin [3379ms]
2024-04-23 15:15:04.231 [info] > git rev-parse --show-toplevel [3498ms]
2024-04-23 15:15:05.621 [info] > git merge-base refs/heads/main refs/remotes/origin/main [1589ms]
2024-04-23 15:15:05.714 [info] > git rev-parse --show-toplevel [829ms]
2024-04-23 15:15:05.736 [info] > git config --get commit.template [887ms]
2024-04-23 15:15:05.883 [info] > git rev-list --count --left-right refs/heads/main...refs/remotes/origin/main [220ms]
2024-04-23 15:15:06.148 [info] > git diff --name-status -z --diff-filter=ADMR 56880393d828e267994594127668037f852d02be...refs/remotes/origin/main [169ms]
2024-04-23 15:15:06.150 [info] > git rev-parse --show-toplevel [285ms]
2024-04-23 15:15:06.633 [info] > git for-each-ref --format=%(refname)%00%(upstream:short)%00%(objectname)%00%(upstream:track)%00%(upstream:remotename)%00%(upstream:remoteref) refs/heads/main refs/remotes/main [594ms]
2024-04-23 15:15:06.657 [info] > git rev-parse --show-toplevel [31ms]
2024-04-23 15:15:06.751 [info] > git rev-parse --show-toplevel [43ms]
2024-04-23 15:15:06.919 [info] > git rev-parse --show-toplevel [18ms]
2024-04-23 15:15:07.111 [info] > git rev-parse --show-toplevel [76ms]
2024-04-23 15:15:08.884 [info] > git status -z -uall [2067ms]
2024-04-23 15:15:08.886 [info] > git rev-parse --show-toplevel [1739ms]
2024-04-23 15:15:09.324 [info] > git show --textconv :ligue1-frontend/src/pages/HomePage/HomePage.js [357ms]
2024-04-23 15:15:09.330 [info] > git ls-files --stage -- /home/louis/ligue1-frontend/src/pages/HomePage/HomePage.js [312ms]
2024-04-23 15:15:10.303 [info] > git cat-file -s 5ad876a6b403e3ef5931464ed43ba49c5baaad25 [898ms]
2024-04-23 15:16:58.252 [info] > git config --get commit.template [42ms]
2024-04-23 15:16:58.276 [info] > git for-each-ref --format=%(refname)%00%(upstream:short)%00%(objectname)%00%(upstream:track)%00%(upstream:remotename)%00%(upstream:remoteref) refs/heads/main refs/remotes/main [38ms]
2024-04-23 15:16:59.461 [info] > git status -z -uall [1159ms]
2024-04-23 15:17:04.592 [info] > git config --get commit.template [29ms]
2024-04-23 15:17:04.594 [info] > git for-each-ref --format=%(refname)%00%(upstream:short)%00%(objectname)%00%(upstream:track)%00%(upstream:remotename)%00%(upstream:remoteref) refs/heads/main refs/remotes/main [5ms]
2024-04-23 15:17:05.013 [info] > git status -z -uall [394ms]
2024-04-23 15:17:10.127 [info] > git config --get commit.template [28ms]
2024-04-23 15:17:10.129 [info] > git for-each-ref --format=%(refname)%00%(upstream:short)%00%(objectname)%00%(upstream:track)%00%(upstream:remotename)%00%(upstream:remoteref) refs/heads/main refs/remotes/main [4ms]
2024-04-23 15:17:10.553 [info] > git status -z -uall [396ms]
2024-04-23 15:17:15.653 [info] > git config --get commit.template [25ms]
2024-04-23 15:17:15.655 [info] > git for-each-ref --format=%(refname)%00%(upstream:short)%00%(objectname)%00%(upstream:track)%00%(upstream:remotename)%00%(upstream:remoteref) refs/heads/main refs/remotes/main [4ms]
2024-04-23 15:17:16.043 [info] > git status -z -uall [362ms]
2024-04-23 15:17:21.145 [info] > git config --get commit.template [28ms]
2024-04-23 15:17:21.146 [info] > git for-each-ref --format=%(refname)%00%(upstream:short)%00%(objectname)%00%(upstream:track)%00%(upstream:remotename)%00%(upstream:remoteref) refs/heads/main refs/remotes/main [4ms]
2024-04-23 15:17:21.626 [info] > git status -z -uall [457ms]
2024-04-23 15:17:26.956 [info] > git config --get commit.template [169ms]
2024-04-23 15:17:26.969 [info] > git for-each-ref --format=%(refname)%00%(upstream:short)%00%(objectname)%00%(upstream:track)%00%(upstream:remotename)%00%(upstream:remoteref) refs/heads/main refs/remotes/main [27ms]
2024-04-23 15:17:27.990 [info] > git status -z -uall [931ms]
2024-04-23 15:17:33.088 [info] > git config --get commit.template [3ms]
2024-04-23 15:17:33.128 [info] > git for-each-ref --format=%(refname)%00%(upstream:short)%00%(objectname)%00%(upstream:track)%00%(upstream:remotename)%00%(upstream:remoteref) refs/heads/main refs/remotes/main [4ms]
2024-04-23 15:17:33.631 [info] > git status -z -uall [465ms]
2024-04-23 15:17:38.735 [info] > git config --get commit.template [34ms]
2024-04-23 15:17:38.738 [info] > git for-each-ref --format=%(refname)%00%(upstream:short)%00%(objectname)%00%(upstream:track)%00%(upstream:remotename)%00%(upstream:remoteref) refs/heads/main refs/remotes/main [6ms]
2024-04-23 15:17:39.206 [info] > git status -z -uall [437ms]
2024-04-23 15:17:44.277 [info] > git config --get commit.template [6ms]
2024-04-23 15:17:44.309 [info] > git for-each-ref --format=%(refname)%00%(upstream:short)%00%(objectname)%00%(upstream:track)%00%(upstream:remotename)%00%(upstream:remoteref) refs/heads/main refs/remotes/main [3ms]
2024-04-23 15:17:44.737 [info] > git status -z -uall [399ms]
2024-04-23 15:17:53.469 [info] > git config --get commit.template [86ms]
2024-04-23 15:17:53.473 [info] > git for-each-ref --format=%(refname)%00%(upstream:short)%00%(objectname)%00%(upstream:track)%00%(upstream:remotename)%00%(upstream:remoteref) refs/heads/main refs/remotes/main [27ms]
2024-04-23 15:17:54.708 [info] > git status -z -uall [1202ms]
2024-04-23 15:18:58.841 [info] > git show --textconv :ligue1-frontend/src/pages/HomePage/HomePage.css [38ms]
2024-04-23 15:18:58.850 [info] > git ls-files --stage -- /home/louis/ligue1-frontend/src/pages/HomePage/HomePage.css [19ms]
2024-04-23 15:18:58.878 [info] > git cat-file -s 78fd70144335a31440075a69e73c14b5c270cd2a [4ms]
2024-04-23 15:19:29.481 [info] > git config --get commit.template [33ms]
2024-04-23 15:19:29.486 [info] > git for-each-ref --format=%(refname)%00%(upstream:short)%00%(objectname)%00%(upstream:track)%00%(upstream:remotename)%00%(upstream:remoteref) refs/heads/main refs/remotes/main [7ms]
2024-04-23 15:19:30.904 [info] > git status -z -uall [1389ms]
2024-04-23 15:19:36.141 [info] > git config --get commit.template [72ms]
2024-04-23 15:19:36.142 [info] > git for-each-ref --format=%(refname)%00%(upstream:short)%00%(objectname)%00%(upstream:track)%00%(upstream:remotename)%00%(upstream:remoteref) refs/heads/main refs/remotes/main [4ms]
2024-04-23 15:19:36.649 [info] > git status -z -uall [435ms]
2024-04-23 15:19:56.488 [info] > git config --get commit.template [26ms]
2024-04-23 15:19:56.490 [info] > git for-each-ref --format=%(refname)%00%(upstream:short)%00%(objectname)%00%(upstream:track)%00%(upstream:remotename)%00%(upstream:remoteref) refs/heads/main refs/remotes/main [4ms]
2024-04-23 15:19:56.880 [info] > git status -z -uall [364ms]
2024-04-23 15:20:00.830 [info] > git show --textconv :ligue1-frontend/src/pages/HomePage/HomePage.js [34ms]
2024-04-23 15:20:00.842 [info] > git ls-files --stage -- /home/louis/ligue1-frontend/src/pages/HomePage/HomePage.js [17ms]
2024-04-23 15:20:00.880 [info] > git cat-file -s 5ad876a6b403e3ef5931464ed43ba49c5baaad25 [7ms]
2024-04-23 15:20:02.009 [info] > git config --get commit.template [39ms]
2024-04-23 15:20:02.011 [info] > git for-each-ref --format=%(refname)%00%(upstream:short)%00%(objectname)%00%(upstream:track)%00%(upstream:remotename)%00%(upstream:remoteref) refs/heads/main refs/remotes/main [4ms]
2024-04-23 15:20:02.513 [info] > git status -z -uall [452ms]
2024-04-23 15:20:07.587 [info] > git config --get commit.template [2ms]
2024-04-23 15:20:07.619 [info] > git for-each-ref --format=%(refname)%00%(upstream:short)%00%(objectname)%00%(upstream:track)%00%(upstream:remotename)%00%(upstream:remoteref) refs/heads/main refs/remotes/main [1ms]
2024-04-23 15:20:08.042 [info] > git status -z -uall [394ms]
2024-04-23 15:20:14.578 [info] > git config --get commit.template [43ms]
2024-04-23 15:20:14.585 [info] > git for-each-ref --format=%(refname)%00%(upstream:short)%00%(objectname)%00%(upstream:track)%00%(upstream:remotename)%00%(upstream:remoteref) refs/heads/main refs/remotes/main [9ms]
2024-04-23 15:20:16.157 [info] > git status -z -uall [1540ms]
2024-04-23 15:20:24.579 [info] > git config --get commit.template [6ms]
2024-04-23 15:20:24.624 [info] > git for-each-ref --format=%(refname)%00%(upstream:short)%00%(objectname)%00%(upstream:track)%00%(upstream:remotename)%00%(upstream:remoteref) refs/heads/main refs/remotes/main [3ms]
2024-04-23 15:20:25.057 [info] > git status -z -uall [396ms]
2024-04-23 15:20:30.137 [info] > git config --get commit.template [2ms]
2024-04-23 15:20:30.178 [info] > git for-each-ref --format=%(refname)%00%(upstream:short)%00%(objectname)%00%(upstream:track)%00%(upstream:remotename)%00%(upstream:remoteref) refs/heads/main refs/remotes/main [5ms]
2024-04-23 15:20:30.633 [info] > git status -z -uall [420ms]
2024-04-23 15:20:35.730 [info] > git config --get commit.template [37ms]
2024-04-23 15:20:35.732 [info] > git for-each-ref --format=%(refname)%00%(upstream:short)%00%(objectname)%00%(upstream:track)%00%(upstream:remotename)%00%(upstream:remoteref) refs/heads/main refs/remotes/main [4ms]
2024-04-23 15:20:36.215 [info] > git status -z -uall [449ms]
2024-04-23 15:20:41.793 [info] > git config --get commit.template [2ms]
2024-04-23 15:20:41.829 [info] > git for-each-ref --format=%(refname)%00%(upstream:short)%00%(objectname)%00%(upstream:track)%00%(upstream:remotename)%00%(upstream:remoteref) refs/heads/main refs/remotes/main [4ms]
2024-04-23 15:20:42.275 [info] > git status -z -uall [410ms]
2024-04-23 15:20:47.383 [info] > git config --get commit.template [38ms]
2024-04-23 15:20:47.386 [info] > git for-each-ref --format=%(refname)%00%(upstream:short)%00%(objectname)%00%(upstream:track)%00%(upstream:remotename)%00%(upstream:remoteref) refs/heads/main refs/remotes/main [3ms]
2024-04-23 15:20:47.808 [info] > git status -z -uall [390ms]
2024-04-23 15:20:52.884 [info] > git config --get commit.template [3ms]
2024-04-23 15:20:52.916 [info] > git for-each-ref --format=%(refname)%00%(upstream:short)%00%(objectname)%00%(upstream:track)%00%(upstream:remotename)%00%(upstream:remoteref) refs/heads/main refs/remotes/main [3ms]
2024-04-23 15:20:53.377 [info] > git status -z -uall [420ms]
2024-04-23 15:20:58.451 [info] > git config --get commit.template [2ms]
2024-04-23 15:20:58.486 [info] > git for-each-ref --format=%(refname)%00%(upstream:short)%00%(objectname)%00%(upstream:track)%00%(upstream:remotename)%00%(upstream:remoteref) refs/heads/main refs/remotes/main [3ms]
2024-04-23 15:20:58.953 [info] > git status -z -uall [433ms]
2024-04-23 15:21:04.021 [info] > git config --get commit.template [2ms]
2024-04-23 15:21:04.056 [info] > git for-each-ref --format=%(refname)%00%(upstream:short)%00%(objectname)%00%(upstream:track)%00%(upstream:remotename)%00%(upstream:remoteref) refs/heads/main refs/remotes/main [3ms]
2024-04-23 15:21:04.526 [info] > git status -z -uall [434ms]
2024-04-23 15:21:11.302 [info] > git config --get commit.template [34ms]
2024-04-23 15:21:11.304 [info] > git for-each-ref --format=%(refname)%00%(upstream:short)%00%(objectname)%00%(upstream:track)%00%(upstream:remotename)%00%(upstream:remoteref) refs/heads/main refs/remotes/main [3ms]
2024-04-23 15:21:11.744 [info] > git status -z -uall [407ms]
2024-04-23 15:21:16.879 [info] > git config --get commit.template [31ms]
2024-04-23 15:21:16.959 [info] > git for-each-ref --format=%(refname)%00%(upstream:short)%00%(objectname)%00%(upstream:track)%00%(upstream:remotename)%00%(upstream:remoteref) refs/heads/main refs/remotes/main [44ms]
2024-04-23 15:21:18.248 [info] > git status -z -uall [1202ms]
2024-04-23 15:21:23.372 [info] > git config --get commit.template [37ms]
2024-04-23 15:21:23.374 [info] > git for-each-ref --format=%(refname)%00%(upstream:short)%00%(objectname)%00%(upstream:track)%00%(upstream:remotename)%00%(upstream:remoteref) refs/heads/main refs/remotes/main [5ms]
2024-04-23 15:21:23.803 [info] > git status -z -uall [397ms]
2024-04-23 15:21:40.462 [info] > git config --get commit.template [40ms]
2024-04-23 15:21:40.463 [info] > git for-each-ref --format=%(refname)%00%(upstream:short)%00%(objectname)%00%(upstream:track)%00%(upstream:remotename)%00%(upstream:remoteref) refs/heads/main refs/remotes/main [4ms]
2024-04-23 15:21:40.918 [info] > git status -z -uall [420ms]
2024-04-23 15:21:46.017 [info] > git config --get commit.template [34ms]
2024-04-23 15:21:46.021 [info] > git for-each-ref --format=%(refname)%00%(upstream:short)%00%(objectname)%00%(upstream:track)%00%(upstream:remotename)%00%(upstream:remoteref) refs/heads/main refs/remotes/main [6ms]
2024-04-23 15:21:46.671 [info] > git status -z -uall [607ms]
2024-04-23 15:21:51.773 [info] > git config --get commit.template [42ms]
2024-04-23 15:21:51.776 [info] > git for-each-ref --format=%(refname)%00%(upstream:short)%00%(objectname)%00%(upstream:track)%00%(upstream:remotename)%00%(upstream:remoteref) refs/heads/main refs/remotes/main [4ms]
2024-04-23 15:21:52.188 [info] > git status -z -uall [373ms]
2024-04-23 15:21:57.251 [info] > git config --get commit.template [2ms]
2024-04-23 15:21:57.288 [info] > git for-each-ref --format=%(refname)%00%(upstream:short)%00%(objectname)%00%(upstream:track)%00%(upstream:remotename)%00%(upstream:remoteref) refs/heads/main refs/remotes/main [3ms]
2024-04-23 15:21:57.699 [info] > git status -z -uall [376ms]
2024-04-23 15:22:33.121 [info] > git config --get commit.template [30ms]
2024-04-23 15:22:33.122 [info] > git for-each-ref --format=%(refname)%00%(upstream:short)%00%(objectname)%00%(upstream:track)%00%(upstream:remotename)%00%(upstream:remoteref) refs/heads/main refs/remotes/main [5ms]
2024-04-23 15:22:33.576 [info] > git status -z -uall [422ms]
2024-04-23 15:22:37.002 [info] > git show --textconv :ligue1-frontend/src/pages/HomePage/HomePage.css [31ms]
2024-04-23 15:22:37.015 [info] > git ls-files --stage -- /home/louis/ligue1-frontend/src/pages/HomePage/HomePage.css [18ms]
2024-04-23 15:22:37.044 [info] > git cat-file -s 78fd70144335a31440075a69e73c14b5c270cd2a [2ms]
2024-04-23 15:22:38.684 [info] > git config --get commit.template [26ms]
2024-04-23 15:22:38.686 [info] > git for-each-ref --format=%(refname)%00%(upstream:short)%00%(objectname)%00%(upstream:track)%00%(upstream:remotename)%00%(upstream:remoteref) refs/heads/main refs/remotes/main [4ms]
2024-04-23 15:22:39.080 [info] > git status -z -uall [366ms]
2024-04-23 15:22:44.157 [info] > git config --get commit.template [2ms]
2024-04-23 15:22:44.189 [info] > git for-each-ref --format=%(refname)%00%(upstream:short)%00%(objectname)%00%(upstream:track)%00%(upstream:remotename)%00%(upstream:remoteref) refs/heads/main refs/remotes/main [3ms]
2024-04-23 15:22:44.562 [info] > git status -z -uall [347ms]
2024-04-23 15:22:49.651 [info] > git config --get commit.template [2ms]
2024-04-23 15:22:49.687 [info] > git for-each-ref --format=%(refname)%00%(upstream:short)%00%(objectname)%00%(upstream:track)%00%(upstream:remotename)%00%(upstream:remoteref) refs/heads/main refs/remotes/main [5ms]
2024-04-23 15:22:50.083 [info] > git status -z -uall [365ms]
2024-04-23 15:23:01.493 [info] > git config --get commit.template [18ms]
2024-04-23 15:23:01.536 [info] > git for-each-ref --format=%(refname)%00%(upstream:short)%00%(objectname)%00%(upstream:track)%00%(upstream:remotename)%00%(upstream:remoteref) refs/heads/main refs/remotes/main [4ms]
2024-04-23 15:23:01.985 [info] > git status -z -uall [410ms]
2024-04-23 15:23:07.077 [info] > git config --get commit.template [5ms]
2024-04-23 15:23:07.112 [info] > git for-each-ref --format=%(refname)%00%(upstream:short)%00%(objectname)%00%(upstream:track)%00%(upstream:remotename)%00%(upstream:remoteref) refs/heads/main refs/remotes/main [6ms]
2024-04-23 15:23:07.671 [info] > git status -z -uall [528ms]
2024-04-23 15:23:12.790 [info] > git config --get commit.template [28ms]
2024-04-23 15:23:12.792 [info] > git for-each-ref --format=%(refname)%00%(upstream:short)%00%(objectname)%00%(upstream:track)%00%(upstream:remotename)%00%(upstream:remoteref) refs/heads/main refs/remotes/main [5ms]
2024-04-23 15:23:13.150 [info] > git status -z -uall [332ms]
2024-04-23 15:26:07.602 [info] > git config --get commit.template [5ms]
2024-04-23 15:26:07.634 [info] > git for-each-ref --format=%(refname)%00%(upstream:short)%00%(objectname)%00%(upstream:track)%00%(upstream:remotename)%00%(upstream:remoteref) refs/heads/main refs/remotes/main [4ms]
2024-04-23 15:26:08.103 [info] > git status -z -uall [441ms]
2024-04-23 15:26:13.229 [info] > git config --get commit.template [36ms]
2024-04-23 15:26:13.236 [info] > git for-each-ref --format=%(refname)%00%(upstream:short)%00%(objectname)%00%(upstream:track)%00%(upstream:remotename)%00%(upstream:remoteref) refs/heads/main refs/remotes/main [13ms]
2024-04-23 15:26:13.700 [info] > git status -z -uall [429ms]
2024-04-23 15:26:20.312 [info] > git config --get commit.template [3ms]
2024-04-23 15:26:20.341 [info] > git for-each-ref --format=%(refname)%00%(upstream:short)%00%(objectname)%00%(upstream:track)%00%(upstream:remotename)%00%(upstream:remoteref) refs/heads/main refs/remotes/main [3ms]
2024-04-23 15:26:20.749 [info] > git status -z -uall [384ms]
2024-04-23 15:27:50.848 [info] > git config --get commit.template [29ms]
2024-04-23 15:27:50.851 [info] > git for-each-ref --format=%(refname)%00%(upstream:short)%00%(objectname)%00%(upstream:track)%00%(upstream:remotename)%00%(upstream:remoteref) refs/heads/main refs/remotes/main [5ms]
2024-04-23 15:27:51.265 [info] > git status -z -uall [389ms]
2024-04-23 15:30:25.322 [info] > git config --get commit.template [3ms]
2024-04-23 15:30:25.361 [info] > git for-each-ref --format=%(refname)%00%(upstream:short)%00%(objectname)%00%(upstream:track)%00%(upstream:remotename)%00%(upstream:remoteref) refs/heads/main refs/remotes/main [4ms]
2024-04-23 15:30:25.812 [info] > git status -z -uall [424ms]
2024-04-23 15:49:32.963 [info] > git config --get commit.template [24ms]
2024-04-23 15:49:32.966 [info] > git for-each-ref --format=%(refname)%00%(upstream:short)%00%(objectname)%00%(upstream:track)%00%(upstream:remotename)%00%(upstream:remoteref) refs/heads/main refs/remotes/main [6ms]
2024-04-23 15:49:33.370 [info] > git status -z -uall [379ms]
2024-04-23 16:02:03.697 [info] > git config --get commit.template [29ms]
2024-04-23 16:02:03.698 [info] > git for-each-ref --format=%(refname)%00%(upstream:short)%00%(objectname)%00%(upstream:track)%00%(upstream:remotename)%00%(upstream:remoteref) refs/heads/main refs/remotes/main [3ms]
2024-04-23 16:02:04.114 [info] > git status -z -uall [391ms]
2024-04-23 16:02:09.231 [info] > git config --get commit.template [28ms]
2024-04-23 16:02:09.233 [info] > git for-each-ref --format=%(refname)%00%(upstream:short)%00%(objectname)%00%(upstream:track)%00%(upstream:remotename)%00%(upstream:remoteref) refs/heads/main refs/remotes/main [4ms]
2024-04-23 16:02:09.696 [info] > git status -z -uall [435ms]
