2024-04-15 09:07:47.593 [info] Log level: Info
2024-04-15 09:07:47.593 [info] Validating found git in: "git"
2024-04-15 09:07:47.593 [info] Using git "2.39.2" from "git"
2024-04-15 09:07:47.593 [info] > git rev-parse --show-toplevel [23ms]
2024-04-15 09:07:47.621 [info] > git rev-parse --git-dir --git-common-dir [9ms]
2024-04-15 09:07:47.658 [info] Open repository: /home/louis
2024-04-15 09:07:47.705 [info] > git config --get commit.template [20ms]
2024-04-15 09:07:47.740 [info] > git rev-parse --show-toplevel [41ms]
2024-04-15 09:07:47.764 [info] > git for-each-ref --format=%(refname)%00%(upstream:short)%00%(objectname)%00%(upstream:track)%00%(upstream:remotename)%00%(upstream:remoteref) refs/heads/main refs/remotes/main [28ms]
2024-04-15 09:07:47.766 [info] > git rev-parse --show-toplevel [4ms]
2024-04-15 09:07:47.851 [info] > git rev-parse --show-toplevel [22ms]
2024-04-15 09:07:47.873 [info] > git rev-parse --show-toplevel [4ms]
2024-04-15 09:07:47.906 [info] > git rev-parse --show-toplevel [3ms]
2024-04-15 09:07:47.964 [info] > git rev-parse --show-toplevel [15ms]
2024-04-15 09:07:47.991 [info] > git rev-parse --show-toplevel [0ms]
2024-04-15 09:07:48.038 [info] > git rev-parse --show-toplevel [6ms]
2024-04-15 09:07:48.072 [info] > git rev-parse --show-toplevel [4ms]
2024-04-15 09:07:48.088 [info] > git rev-parse --show-toplevel [3ms]
2024-04-15 09:07:48.117 [info] > git rev-parse --git-dir --git-common-dir [3ms]
2024-04-15 09:07:48.133 [info] Open repository: /home/louis/api_louis
2024-04-15 09:07:48.181 [info] > git config --get commit.template [26ms]
2024-04-15 09:07:48.210 [info] > git rev-parse --show-toplevel [36ms]
2024-04-15 09:07:48.228 [info] > git for-each-ref --format=%(refname)%00%(upstream:short)%00%(objectname)%00%(upstream:track)%00%(upstream:remotename)%00%(upstream:remoteref) refs/heads/main refs/remotes/main [19ms]
2024-04-15 09:07:48.242 [info] > git rev-parse --show-toplevel [16ms]
2024-04-15 09:07:48.393 [info] > git status -z -uall [153ms]
2024-04-15 09:07:48.469 [info] > git merge-base refs/heads/main refs/remotes/origin/main [38ms]
2024-04-15 09:07:48.484 [info] > git config --get commit.template [16ms]
2024-04-15 09:07:48.619 [info] > git for-each-ref --format=%(refname)%00%(upstream:short)%00%(objectname)%00%(upstream:track)%00%(upstream:remotename)%00%(upstream:remoteref) refs/heads/main refs/remotes/main [102ms]
2024-04-15 09:07:48.621 [info] > git rev-list --count --left-right refs/heads/main...refs/remotes/origin/main [138ms]
2024-04-15 09:07:48.671 [info] > git diff --name-status -z --diff-filter=ADMR 0dcaf4832d0ef5956626818c6faf388aa3445dee...refs/remotes/origin/main [20ms]
2024-04-15 09:07:48.701 [info] > git status -z -uall [33ms]
2024-04-15 09:07:52.909 [info] > git status -z -uall [5059ms] (cancelled)
2024-04-15 09:07:52.911 [info] > git check-ignore -v -z --stdin [317ms]
2024-04-15 09:07:52.915 [info] > git check-ignore -v -z --stdin [280ms]
2024-04-15 09:07:52.916 [info] > git show --textconv :ligue1-frontend/src/pages/ShowEquipe/ShowEquipe.js [169ms]
2024-04-15 09:07:52.916 [info] > git merge-base refs/heads/main refs/remotes/origin/main [3564ms]
2024-04-15 09:07:54.963 [info] > git rev-list --count --left-right refs/heads/main...refs/remotes/origin/main [2000ms]
2024-04-15 09:07:55.050 [info] > git ls-files --stage -- /home/louis/ligue1-frontend/src/pages/ShowEquipe/ShowEquipe.js [2229ms]
2024-04-15 09:07:55.062 [info] > git config --get commit.template [2393ms]
2024-04-15 09:07:55.280 [info] > git for-each-ref --format=%(refname)%00%(upstream:short)%00%(objectname)%00%(upstream:track)%00%(upstream:remotename)%00%(upstream:remoteref) refs/heads/main refs/remotes/main [80ms]
2024-04-15 09:07:55.281 [info] > git diff --name-status -z --diff-filter=ADMR 73978d91c7f16ccb3cd5807fd7b6f1aed709517e...refs/remotes/origin/main [232ms]
2024-04-15 09:08:07.102 [info] > git status -z -uall [11768ms] (cancelled)
2024-04-15 09:11:12.861 [info] > git show --textconv :ligue1-frontend/src/pages/Menu/Menu.js [69ms]
2024-04-15 09:11:12.867 [info] > git ls-files --stage -- /home/louis/ligue1-frontend/src/pages/Menu/Menu.js [14ms]
2024-04-15 09:11:17.809 [info] > git show --textconv :ligue1-frontend/src/pages/Equipe/Equipe.js [43ms]
2024-04-15 09:11:17.818 [info] > git ls-files --stage -- /home/louis/ligue1-frontend/src/pages/Equipe/Equipe.js [14ms]
2024-04-15 09:14:47.303 [info] > git show --textconv :ligue1-frontend/src/pages/ShowEquipe/ShowEquipe.js [36ms]
2024-04-15 09:14:47.305 [info] > git ls-files --stage -- /home/louis/ligue1-frontend/src/pages/ShowEquipe/ShowEquipe.js [5ms]
2024-04-15 09:20:17.501 [info] > git check-ignore -v -z --stdin [6ms]
2024-04-15 09:20:22.277 [info] > git show --textconv :ligue1-frontend/src/pages/Menu/Menu.js [63ms]
2024-04-15 09:20:22.282 [info] > git ls-files --stage -- /home/louis/ligue1-frontend/src/pages/Menu/Menu.js [9ms]
2024-04-15 09:20:57.732 [info] > git show --textconv :ligue1-frontend/src/index.js [46ms]
2024-04-15 09:20:57.742 [info] > git ls-files --stage -- /home/louis/ligue1-frontend/src/index.js [11ms]
2024-04-15 09:20:57.786 [info] > git cat-file -s d91c0a56a86400a841faf2a1e9eddfbfd6a04093 [4ms]
2024-04-15 09:21:01.913 [info] > git check-ignore -v -z --stdin [3ms]
2024-04-15 09:21:14.222 [info] > git check-ignore -v -z --stdin [38ms]
2024-04-15 09:21:14.231 [info] > git check-ignore -v -z --stdin [11ms]
2024-04-15 09:21:16.115 [info] > git check-ignore -v -z --stdin [2ms]
2024-04-15 09:21:17.748 [info] > git check-ignore -v -z --stdin [2ms]
2024-04-15 09:21:20.677 [info] > git show --textconv :ligue1-frontend/src/app/App.js [39ms]
2024-04-15 09:21:20.690 [info] > git ls-files --stage -- /home/louis/ligue1-frontend/src/app/App.js [17ms]
2024-04-15 09:25:48.022 [info] > git show --textconv :ligue1-frontend/src/pages/ShowEquipe/ShowEquipe.js [165ms]
2024-04-15 09:25:48.041 [info] > git ls-files --stage -- /home/louis/ligue1-frontend/src/pages/ShowEquipe/ShowEquipe.js [82ms]
2024-04-15 09:26:19.154 [info] > git check-ignore -v -z --stdin [45ms]
2024-04-15 09:26:23.744 [info] > git check-ignore -v -z --stdin [2ms]
2024-04-15 09:26:24.644 [info] > git check-ignore -v -z --stdin [2ms]
2024-04-15 09:28:35.701 [info] > git show --textconv :ligue1-frontend/src/app/App.js [64ms]
2024-04-15 09:28:35.701 [info] > git ls-files --stage -- /home/louis/ligue1-frontend/src/app/App.js [5ms]
2024-04-15 09:44:39.951 [info] > git show --textconv :ligue1-frontend/src/pages/ShowEquipe/ShowEquipe.js [53ms]
2024-04-15 09:44:39.952 [info] > git ls-files --stage -- /home/louis/ligue1-frontend/src/pages/ShowEquipe/ShowEquipe.js [6ms]
2024-04-15 09:44:48.856 [info] > git show --textconv :ligue1-frontend/src/pages/Equipe/Equipe.js [75ms]
2024-04-15 09:44:48.869 [info] > git ls-files --stage -- /home/louis/ligue1-frontend/src/pages/Equipe/Equipe.js [22ms]
2024-04-15 09:44:59.486 [info] > git show --textconv :ligue1-frontend/src/app/App.js [67ms]
2024-04-15 09:44:59.487 [info] > git ls-files --stage -- /home/louis/ligue1-frontend/src/app/App.js [6ms]
2024-04-15 09:45:11.486 [info] > git show --textconv :ligue1-frontend/src/pages/ShowEquipe/ShowEquipe.js [99ms]
2024-04-15 09:45:11.489 [info] > git ls-files --stage -- /home/louis/ligue1-frontend/src/pages/ShowEquipe/ShowEquipe.js [15ms]
2024-04-15 09:49:29.557 [info] > git show --textconv :ligue1-frontend/src/pages/Equipe/Equipe.js [62ms]
2024-04-15 09:49:29.558 [info] > git ls-files --stage -- /home/louis/ligue1-frontend/src/pages/Equipe/Equipe.js [8ms]
2024-04-15 09:49:42.638 [info] > git show --textconv :ligue1-frontend/src/app/App.js [60ms]
2024-04-15 09:49:42.643 [info] > git ls-files --stage -- /home/louis/ligue1-frontend/src/app/App.js [11ms]
2024-04-15 09:51:28.792 [info] > git show --textconv :ligue1-frontend/src/pages/ShowEquipe/ShowEquipe.js [69ms]
2024-04-15 09:51:28.792 [info] > git ls-files --stage -- /home/louis/ligue1-frontend/src/pages/ShowEquipe/ShowEquipe.js [8ms]
2024-04-15 09:51:32.061 [info] > git show --textconv :ligue1-frontend/src/pages/Equipe/Equipe.js [166ms]
2024-04-15 09:51:32.064 [info] > git ls-files --stage -- /home/louis/ligue1-frontend/src/pages/Equipe/Equipe.js [6ms]
2024-04-15 09:51:32.657 [info] > git show --textconv :ligue1-frontend/src/app/App.js [85ms]
2024-04-15 09:51:32.662 [info] > git ls-files --stage -- /home/louis/ligue1-frontend/src/app/App.js [23ms]
