2024-04-05 11:39:21.905 [info] Log level: Info
2024-04-05 11:39:21.906 [info] Validating found git in: "git"
2024-04-05 11:39:21.906 [info] Using git "2.39.2" from "git"
2024-04-05 11:39:21.906 [info] > git rev-parse --show-toplevel [23ms]
2024-04-05 11:39:21.906 [info] > git rev-parse --git-dir --git-common-dir [30ms]
2024-04-05 11:39:21.906 [info] Open repository: /home/louis
2024-04-05 11:39:21.906 [info] > git rev-parse --show-toplevel [75ms]
2024-04-05 11:39:21.906 [info] > git config --get commit.template [111ms]
2024-04-05 11:39:21.989 [info] > git rev-parse --show-toplevel [39ms]
2024-04-05 11:39:22.028 [info] > git for-each-ref --format=%(refname)%00%(upstream:short)%00%(objectname)%00%(upstream:track)%00%(upstream:remotename)%00%(upstream:remoteref) refs/heads/main refs/remotes/main [45ms]
2024-04-05 11:39:22.299 [info] > git rev-parse --show-toplevel [272ms]
2024-04-05 11:39:22.332 [info] > git rev-parse --show-toplevel [6ms]
2024-04-05 11:39:22.366 [info] > git rev-parse --show-toplevel [3ms]
2024-04-05 11:39:23.699 [info] > git check-ignore -v -z --stdin [1253ms]
2024-04-05 11:39:23.703 [info] > git rev-parse --show-toplevel [1312ms]
2024-04-05 11:39:23.736 [info] > git rev-parse --show-toplevel [10ms]
2024-04-05 11:39:24.172 [info] > git status -z -uall [2099ms] (cancelled)
2024-04-05 11:39:24.173 [info] > git rev-parse --show-toplevel [419ms]
2024-04-05 11:39:26.891 [info] > git rev-parse --show-toplevel [370ms]
2024-04-05 11:39:26.893 [info] > git config --get commit.template [399ms]
2024-04-05 11:39:26.969 [info] > git for-each-ref --format=%(refname)%00%(upstream:short)%00%(objectname)%00%(upstream:track)%00%(upstream:remotename)%00%(upstream:remoteref) refs/heads/main refs/remotes/main [20ms]
2024-04-05 11:39:26.969 [info] > git rev-parse --git-dir --git-common-dir [47ms]
2024-04-05 11:39:26.977 [info] Open repository: /home/louis/api_louis
2024-04-05 11:39:27.277 [info] > git rev-parse --show-toplevel [22ms]
2024-04-05 11:39:27.278 [info] > git config --get commit.template [43ms]
2024-04-05 11:39:27.359 [info] > git for-each-ref --format=%(refname)%00%(upstream:short)%00%(objectname)%00%(upstream:track)%00%(upstream:remotename)%00%(upstream:remoteref) refs/heads/main refs/remotes/main [10ms]
2024-04-05 11:39:27.361 [info] > git rev-parse --show-toplevel [61ms]
2024-04-05 11:39:27.429 [info] > git show --textconv :docker-compose.yml [38ms]
2024-04-05 11:39:27.433 [info] > git ls-files --stage -- /home/louis/docker-compose.yml [9ms]
2024-04-05 11:39:27.512 [info] > git status -z -uall [51ms]
2024-04-05 11:39:27.658 [info] > git config --get commit.template [62ms]
2024-04-05 11:39:27.730 [info] > git for-each-ref --format=%(refname)%00%(upstream:short)%00%(objectname)%00%(upstream:track)%00%(upstream:remotename)%00%(upstream:remoteref) refs/heads/main refs/remotes/main [20ms]
2024-04-05 11:39:28.022 [info] > git status -z -uall [122ms]
2024-04-05 11:39:31.076 [info] > git status -z -uall [3751ms] (cancelled)
2024-04-05 11:39:32.554 [info] > git check-ignore -v -z --stdin [126ms]
2024-04-05 11:39:32.555 [info] > git check-ignore -v -z --stdin [100ms]
2024-04-05 11:42:53.878 [info] > git check-ignore -v -z --stdin [2ms]
2024-04-05 11:42:55.171 [info] > git check-ignore -v -z --stdin [3ms]
2024-04-05 11:42:58.109 [info] > git check-ignore -v -z --stdin [28ms]
2024-04-05 11:42:58.111 [info] > git check-ignore -v -z --stdin [6ms]
2024-04-05 11:43:00.078 [info] > git show --textconv :app/Http/Controllers/Api/StatJoueurController.php [66ms]
2024-04-05 11:43:00.149 [info] > git ls-files --stage -- /home/louis/api_louis/app/Http/Controllers/Api/StatJoueurController.php [108ms]
2024-04-05 11:43:06.422 [info] > git show --textconv :app/Http/Controllers/Api/ClassementController.php [37ms]
2024-04-05 11:43:06.424 [info] > git ls-files --stage -- /home/louis/api_louis/app/Http/Controllers/Api/ClassementController.php [8ms]
2024-04-05 11:43:06.458 [info] > git cat-file -s ca66ceb5b6310f739c7288080416a6bee5b8004b [5ms]
2024-04-05 11:43:09.240 [info] > git show --textconv :app/Http/Controllers/Api/MatchController.php [30ms]
2024-04-05 11:43:09.243 [info] > git ls-files --stage -- /home/louis/api_louis/app/Http/Controllers/Api/MatchController.php [6ms]
2024-04-05 11:43:10.614 [info] > git show --textconv :app/Http/Controllers/Api/JoueurController.php [26ms]
2024-04-05 11:43:10.617 [info] > git ls-files --stage -- /home/louis/api_louis/app/Http/Controllers/Api/JoueurController.php [4ms]
2024-04-05 11:44:27.923 [info] > git show --textconv :app/Http/Controllers/Api/MatchController.php [27ms]
2024-04-05 11:44:27.929 [info] > git ls-files --stage -- /home/louis/api_louis/app/Http/Controllers/Api/MatchController.php [8ms]
2024-04-05 11:44:32.666 [info] > git show --textconv :routes/api.php [39ms]
2024-04-05 11:44:32.667 [info] > git ls-files --stage -- /home/louis/api_louis/routes/api.php [3ms]
2024-04-05 11:44:32.703 [info] > git cat-file -s 9171dd7f57a796943faecc067acbf867ee146375 [3ms]
2024-04-05 11:45:24.846 [info] > git show --textconv :app/Http/Controllers/Api/MatchController.php [90ms]
2024-04-05 11:45:24.849 [info] > git ls-files --stage -- /home/louis/api_louis/app/Http/Controllers/Api/MatchController.php [8ms]
2024-04-05 11:45:56.332 [info] > git show --textconv :app/Http/Controllers/Api/JoueurController.php [51ms]
2024-04-05 11:45:56.336 [info] > git ls-files --stage -- /home/louis/api_louis/app/Http/Controllers/Api/JoueurController.php [10ms]
2024-04-05 11:46:07.432 [info] > git show --textconv :app/Http/Controllers/Api/MatchController.php [38ms]
2024-04-05 11:46:07.434 [info] > git ls-files --stage -- /home/louis/api_louis/app/Http/Controllers/Api/MatchController.php [5ms]
2024-04-05 13:01:49.230 [info] > git check-ignore -v -z --stdin [4ms]
2024-04-05 13:01:52.329 [info] > git check-ignore -v -z --stdin [4ms]
2024-04-05 13:02:02.246 [info] > git check-ignore -v -z --stdin [17ms]
2024-04-05 13:02:05.630 [info] > git check-ignore -v -z --stdin [16ms]
2024-04-05 13:02:09.100 [info] > git show --textconv :ligue1-frontend/src/pages/Match/Match.js [298ms]
2024-04-05 13:02:09.118 [info] > git ls-files --stage -- /home/louis/ligue1-frontend/src/pages/Match/Match.js [261ms]
